<?xml version="1.0" encoding="UTF-8"?>
<!-- Generated by org.testng.reporters.JUnitXMLReporter -->
<testsuite ignored="0" hostname="DESKTOP-Kei" failures="0" tests="9" name="Test_Project" time="238.757" errors="0" timestamp="2021-07-30T09:32:38 KST">
  <testcase classname="Chips_001_기본기능.기본기능_01_기본기능" name="TC_0000_앱실행과AccessToken얻기" time="60.155"/>
  <testcase classname="Chips_001_기본기능.기본기능_01_기본기능" name="TC_0009_MIC버튼호출" time="3.403"/>
  <testcase classname="Chips_001_기본기능.기본기능_01_기본기능" name="TC_0068_베터리잔량_발화체크" time="18.224"/>
  <testcase classname="Chips_001_기본기능.기본기능_01_기본기능" name="TC_0069_베터리잔량_발화체크" time="18.204"/>
  <testcase classname="Chips_001_기본기능.기본기능_01_기본기능" name="TC_0079_전원제어_발화체크" time="18.182"/>
  <testcase classname="Chips_001_기본기능.기본기능_01_기본기능" name="TC_0091_환경설정_발화체크" time="18.235"/>
  <testcase classname="Chips_001_기본기능.기본기능_01_기본기능" name="TC_0094_미디어재생중_환경설정_발화체크" time="38.89"/>
  <testcase classname="Chips_001_기본기능.기본기능_01_기본기능" name="TC_0098_홈화면변경_발화체크" time="18.197"/>
  <testcase classname="Chips_001_기본기능.기본기능_01_기본기능" name="TC_0115_나이트모드_발화체크" time="18.242"/>
</testsuite> <!-- Test_Project -->
