<?xml version="1.0" encoding="UTF-8"?>
<!-- Generated by org.testng.reporters.JUnitXMLReporter -->
<testsuite ignored="0" hostname="DESKTOP-Kei" failures="4" tests="460" name="Test_Project" time="5716.548" errors="0" timestamp="2021-07-29T11:49:36 KST">
  <testcase classname="TestNG_Set.Chips_TestCase" name="@AfterMethod AfterMethod" time="480.052">
    <failure type="org.openqa.selenium.WebDriverException" message="An unknown server-side error occurred while processing the command. Original error: Could not proxy command to the remote server. Original error: timeout of 240000ms exceeded
Build info: version: &amp;apos;3.14.0&amp;apos;, revision: &amp;apos;aacccce0&amp;apos;, time: &amp;apos;2018-08-02T20:19:58.91Z&amp;apos;
System info: host: &amp;apos;DESKTOP-KEI&amp;apos;, ip: &amp;apos;172.27.24.217&amp;apos;, os.name: &amp;apos;Windows 10&amp;apos;, os.arch: &amp;apos;amd64&amp;apos;, os.version: &amp;apos;10.0&amp;apos;, java.version: &amp;apos;15.0.2&amp;apos;
Driver info: unit.Utilities
Capabilities {appActivity: com.skt.aidev.nugufriends.u..., appPackage: com.skt.aidev.nugufriends, automationName: UIAutomator2, chromedriverArgs: {browserName: chrome, goog:chromeOptions: {args: [], extensions: [], w3c: true}}, chromedriverExecutable: C:\chromedriver_win32\chrom..., databaseEnabled: false, desired: {appActivity: com.skt.aidev.nugufriends.u..., appPackage: com.skt.aidev.nugufriends, automationName: UIAutomator2, chromedriverArgs: {browserName: chrome, goog:chromeOptions: {args: [], extensions: [], w3c: true}}, chromedriverExecutable: C:\chromedriver_win32\chrom..., deviceName: Android, extractChromeAndroidPackageFromContextName: true, focused: true, platformName: android, recreateChromeDriverSessions: false, showChromedriverLog: true, udid: ce06171633774e37027e}, deviceApiLevel: 28, deviceManufacturer: samsung, deviceModel: SM-N950N, deviceName: ce06171633774e37027e, deviceScreenDensity: 420, deviceScreenSize: 1080x2220, deviceUDID: ce06171633774e37027e, extractChromeAndroidPackageFromContextName: true, focused: true, javascriptEnabled: true, locationContextEnabled: false, networkConnectionEnabled: true, pixelRatio: 2.625, platform: LINUX, platformName: Android, platformVersion: 9, recreateChromeDriverSessions: false, showChromedriverLog: true, statBarHeight: 63, takesScreenshot: true, udid: ce06171633774e37027e, viewportRect: {height: 2031, left: 0, top: 63, width: 1080}, warnings: {}, webStorageEnabled: false}
Session ID: fc840392-0c4f-4f76-bbbe-bf00dfc537e8">
      <![CDATA[org.openqa.selenium.WebDriverException: An unknown server-side error occurred while processing the command. Original error: Could not proxy command to the remote server. Original error: timeout of 240000ms exceeded
Build info: version: '3.14.0', revision: 'aacccce0', time: '2018-08-02T20:19:58.91Z'
System info: host: 'DESKTOP-KEI', ip: '172.27.24.217', os.name: 'Windows 10', os.arch: 'amd64', os.version: '10.0', java.version: '15.0.2'
Driver info: unit.Utilities
Capabilities {appActivity: com.skt.aidev.nugufriends.u..., appPackage: com.skt.aidev.nugufriends, automationName: UIAutomator2, chromedriverArgs: {browserName: chrome, goog:chromeOptions: {args: [], extensions: [], w3c: true}}, chromedriverExecutable: C:\chromedriver_win32\chrom..., databaseEnabled: false, desired: {appActivity: com.skt.aidev.nugufriends.u..., appPackage: com.skt.aidev.nugufriends, automationName: UIAutomator2, chromedriverArgs: {browserName: chrome, goog:chromeOptions: {args: [], extensions: [], w3c: true}}, chromedriverExecutable: C:\chromedriver_win32\chrom..., deviceName: Android, extractChromeAndroidPackageFromContextName: true, focused: true, platformName: android, recreateChromeDriverSessions: false, showChromedriverLog: true, udid: ce06171633774e37027e}, deviceApiLevel: 28, deviceManufacturer: samsung, deviceModel: SM-N950N, deviceName: ce06171633774e37027e, deviceScreenDensity: 420, deviceScreenSize: 1080x2220, deviceUDID: ce06171633774e37027e, extractChromeAndroidPackageFromContextName: true, focused: true, javascriptEnabled: true, locationContextEnabled: false, networkConnectionEnabled: true, pixelRatio: 2.625, platform: LINUX, platformName: Android, platformVersion: 9, recreateChromeDriverSessions: false, showChromedriverLog: true, statBarHeight: 63, takesScreenshot: true, udid: ce06171633774e37027e, viewportRect: {height: 2031, left: 0, top: 63, width: 1080}, warnings: {}, webStorageEnabled: false}
Session ID: fc840392-0c4f-4f76-bbbe-bf00dfc537e8
at org.openqa.selenium.remote.http.W3CHttpResponseCodec.createException(W3CHttpResponseCodec.java:187)
at org.openqa.selenium.remote.http.W3CHttpResponseCodec.decode(W3CHttpResponseCodec.java:122)
at org.openqa.selenium.remote.http.W3CHttpResponseCodec.decode(W3CHttpResponseCodec.java:49)
at org.openqa.selenium.remote.HttpCommandExecutor.execute(HttpCommandExecutor.java:158)
at io.appium.java_client.remote.AppiumCommandExecutor.execute(AppiumCommandExecutor.java:247)
at org.openqa.selenium.remote.RemoteWebDriver.execute(RemoteWebDriver.java:548)
at io.appium.java_client.DefaultGenericMobileDriver.execute(DefaultGenericMobileDriver.java:45)
at io.appium.java_client.AppiumDriver.execute(AppiumDriver.java:1)
at io.appium.java_client.android.AndroidDriver.execute(AndroidDriver.java:1)
at unit.Utilities.execute(Utilities.java:1)
at org.openqa.selenium.remote.RemoteWebDriver.getScreenshotAs(RemoteWebDriver.java:294)
at unit.Utilities.ErrorScreenshots(Utilities.java:1514)
at TestNG_Set.Chips_TestCase.AfterMethod(Chips_TestCase.java:113)
at java.base/java.util.ArrayList.forEach(ArrayList.java:1511)
at java.base/java.util.concurrent.FutureTask.run(FutureTask.java:264)
at java.base/java.util.concurrent.ThreadPoolExecutor.runWorker(ThreadPoolExecutor.java:1130)
at java.base/java.util.concurrent.ThreadPoolExecutor$Worker.run(ThreadPoolExecutor.java:630)
at java.base/java.lang.Thread.run(Thread.java:832)
... Removed 27 stack frames]]>
    </failure>
  </testcase> <!-- @AfterMethod AfterMethod -->
  <testcase classname="TestNG_Set.Chips_TestCase" name="@BeforeMethod BeforeMethod" time="-1.627526273718E9">
    <skipped/>
  </testcase> <!-- @BeforeMethod BeforeMethod -->
  <testcase classname="TestNG_Set.Chips_TestCase" name="@AfterMethod AfterMethod" time="-1.627526273721E9">
    <skipped/>
  </testcase> <!-- @AfterMethod AfterMethod -->
  <testcase classname="TestNG_Set.Chips_TestCase" name="@BeforeMethod BeforeMethod" time="-1.627526273721E9">
    <skipped/>
  </testcase> <!-- @BeforeMethod BeforeMethod -->
  <testcase classname="TestNG_Set.Chips_TestCase" name="@AfterMethod AfterMethod" time="-1.627526273723E9">
    <skipped/>
  </testcase> <!-- @AfterMethod AfterMethod -->
  <testcase classname="TestNG_Set.Chips_TestCase" name="@BeforeMethod BeforeMethod" time="-1.627526273723E9">
    <skipped/>
  </testcase> <!-- @BeforeMethod BeforeMethod -->
  <testcase classname="TestNG_Set.Chips_TestCase" name="@AfterMethod AfterMethod" time="-1.627526273724E9">
    <skipped/>
  </testcase> <!-- @AfterMethod AfterMethod -->
  <testcase classname="TestNG_Set.Chips_TestCase" name="@BeforeMethod BeforeMethod" time="-1.627526273725E9">
    <skipped/>
  </testcase> <!-- @BeforeMethod BeforeMethod -->
  <testcase classname="TestNG_Set.Chips_TestCase" name="@AfterMethod AfterMethod" time="-1.627526273726E9">
    <skipped/>
  </testcase> <!-- @AfterMethod AfterMethod -->
  <testcase classname="TestNG_Set.Chips_TestCase" name="@BeforeMethod BeforeMethod" time="-1.627526273727E9">
    <skipped/>
  </testcase> <!-- @BeforeMethod BeforeMethod -->
  <testcase classname="TestNG_Set.Chips_TestCase" name="@AfterMethod AfterMethod" time="-1.627526273728E9">
    <skipped/>
  </testcase> <!-- @AfterMethod AfterMethod -->
  <testcase classname="TestNG_Set.Chips_TestCase" name="@BeforeMethod BeforeMethod" time="-1.627526273729E9">
    <skipped/>
  </testcase> <!-- @BeforeMethod BeforeMethod -->
  <testcase classname="TestNG_Set.Chips_TestCase" name="@AfterMethod AfterMethod" time="-1.62752627373E9">
    <skipped/>
  </testcase> <!-- @AfterMethod AfterMethod -->
  <testcase classname="TestNG_Set.Chips_TestCase" name="@BeforeMethod BeforeMethod" time="-1.627526273731E9">
    <skipped/>
  </testcase> <!-- @BeforeMethod BeforeMethod -->
  <testcase classname="TestNG_Set.Chips_TestCase" name="@AfterMethod AfterMethod" time="-1.627526273732E9">
    <skipped/>
  </testcase> <!-- @AfterMethod AfterMethod -->
  <testcase classname="TestNG_Set.Chips_TestCase" name="@BeforeMethod BeforeMethod" time="-1.627526273732E9">
    <skipped/>
  </testcase> <!-- @BeforeMethod BeforeMethod -->
  <testcase classname="TestNG_Set.Chips_TestCase" name="@AfterMethod AfterMethod" time="-1.627526273733E9">
    <skipped/>
  </testcase> <!-- @AfterMethod AfterMethod -->
  <testcase classname="TestNG_Set.Chips_TestCase" name="@BeforeMethod BeforeMethod" time="-1.627526273733E9">
    <skipped/>
  </testcase> <!-- @BeforeMethod BeforeMethod -->
  <testcase classname="TestNG_Set.Chips_TestCase" name="@AfterMethod AfterMethod" time="-1.627526273735E9">
    <skipped/>
  </testcase> <!-- @AfterMethod AfterMethod -->
  <testcase classname="TestNG_Set.Chips_TestCase" name="@BeforeMethod BeforeMethod" time="-1.627526273735E9">
    <skipped/>
  </testcase> <!-- @BeforeMethod BeforeMethod -->
  <testcase classname="TestNG_Set.Chips_TestCase" name="@AfterMethod AfterMethod" time="-1.627526273736E9">
    <skipped/>
  </testcase> <!-- @AfterMethod AfterMethod -->
  <testcase classname="TestNG_Set.Chips_TestCase" name="@BeforeMethod BeforeMethod" time="-1.627526273736E9">
    <skipped/>
  </testcase> <!-- @BeforeMethod BeforeMethod -->
  <testcase classname="TestNG_Set.Chips_TestCase" name="@AfterMethod AfterMethod" time="-1.627526273738E9">
    <skipped/>
  </testcase> <!-- @AfterMethod AfterMethod -->
  <testcase classname="TestNG_Set.Chips_TestCase" name="@BeforeMethod BeforeMethod" time="-1.627526273738E9">
    <skipped/>
  </testcase> <!-- @BeforeMethod BeforeMethod -->
  <testcase classname="TestNG_Set.Chips_TestCase" name="@AfterMethod AfterMethod" time="-1.627526273739E9">
    <skipped/>
  </testcase> <!-- @AfterMethod AfterMethod -->
  <testcase classname="TestNG_Set.Chips_TestCase" name="@BeforeMethod BeforeMethod" time="-1.62752627374E9">
    <skipped/>
  </testcase> <!-- @BeforeMethod BeforeMethod -->
  <testcase classname="TestNG_Set.Chips_TestCase" name="@AfterMethod AfterMethod" time="-1.627526273741E9">
    <skipped/>
  </testcase> <!-- @AfterMethod AfterMethod -->
  <testcase classname="TestNG_Set.Chips_TestCase" name="@BeforeMethod BeforeMethod" time="-1.627526273741E9">
    <skipped/>
  </testcase> <!-- @BeforeMethod BeforeMethod -->
  <testcase classname="TestNG_Set.Chips_TestCase" name="@AfterMethod AfterMethod" time="-1.627526273743E9">
    <skipped/>
  </testcase> <!-- @AfterMethod AfterMethod -->
  <testcase classname="TestNG_Set.Chips_TestCase" name="@BeforeMethod BeforeMethod" time="-1.627526273744E9">
    <skipped/>
  </testcase> <!-- @BeforeMethod BeforeMethod -->
  <testcase classname="TestNG_Set.Chips_TestCase" name="@AfterMethod AfterMethod" time="-1.627526273745E9">
    <skipped/>
  </testcase> <!-- @AfterMethod AfterMethod -->
  <testcase classname="TestNG_Set.Chips_TestCase" name="@BeforeMethod BeforeMethod" time="-1.627526273746E9">
    <skipped/>
  </testcase> <!-- @BeforeMethod BeforeMethod -->
  <testcase classname="TestNG_Set.Chips_TestCase" name="@AfterMethod AfterMethod" time="-1.627526273747E9">
    <skipped/>
  </testcase> <!-- @AfterMethod AfterMethod -->
  <testcase classname="TestNG_Set.Chips_TestCase" name="@BeforeMethod BeforeMethod" time="-1.627526273747E9">
    <skipped/>
  </testcase> <!-- @BeforeMethod BeforeMethod -->
  <testcase classname="TestNG_Set.Chips_TestCase" name="@AfterMethod AfterMethod" time="-1.627526273748E9">
    <skipped/>
  </testcase> <!-- @AfterMethod AfterMethod -->
  <testcase classname="TestNG_Set.Chips_TestCase" name="@BeforeMethod BeforeMethod" time="-1.62752627375E9">
    <skipped/>
  </testcase> <!-- @BeforeMethod BeforeMethod -->
  <testcase classname="TestNG_Set.Chips_TestCase" name="@AfterMethod AfterMethod" time="-1.627526273752E9">
    <skipped/>
  </testcase> <!-- @AfterMethod AfterMethod -->
  <testcase classname="TestNG_Set.Chips_TestCase" name="@BeforeMethod BeforeMethod" time="-1.627526273753E9">
    <skipped/>
  </testcase> <!-- @BeforeMethod BeforeMethod -->
  <testcase classname="TestNG_Set.Chips_TestCase" name="@AfterMethod AfterMethod" time="-1.627526273755E9">
    <skipped/>
  </testcase> <!-- @AfterMethod AfterMethod -->
  <testcase classname="TestNG_Set.Chips_TestCase" name="@BeforeMethod BeforeMethod" time="-1.627526273755E9">
    <skipped/>
  </testcase> <!-- @BeforeMethod BeforeMethod -->
  <testcase classname="TestNG_Set.Chips_TestCase" name="@AfterMethod AfterMethod" time="-1.627526273758E9">
    <skipped/>
  </testcase> <!-- @AfterMethod AfterMethod -->
  <testcase classname="TestNG_Set.Chips_TestCase" name="@BeforeMethod BeforeMethod" time="-1.627526273758E9">
    <skipped/>
  </testcase> <!-- @BeforeMethod BeforeMethod -->
  <testcase classname="TestNG_Set.Chips_TestCase" name="@AfterMethod AfterMethod" time="-1.62752627376E9">
    <skipped/>
  </testcase> <!-- @AfterMethod AfterMethod -->
  <testcase classname="TestNG_Set.Chips_TestCase" name="@BeforeMethod BeforeMethod" time="-1.627526273761E9">
    <skipped/>
  </testcase> <!-- @BeforeMethod BeforeMethod -->
  <testcase classname="TestNG_Set.Chips_TestCase" name="@AfterMethod AfterMethod" time="-1.627526273762E9">
    <skipped/>
  </testcase> <!-- @AfterMethod AfterMethod -->
  <testcase classname="TestNG_Set.Chips_TestCase" name="@BeforeMethod BeforeMethod" time="-1.627526273763E9">
    <skipped/>
  </testcase> <!-- @BeforeMethod BeforeMethod -->
  <testcase classname="TestNG_Set.Chips_TestCase" name="@AfterMethod AfterMethod" time="-1.627526273764E9">
    <skipped/>
  </testcase> <!-- @AfterMethod AfterMethod -->
  <testcase classname="TestNG_Set.Chips_TestCase" name="@BeforeMethod BeforeMethod" time="-1.627526273765E9">
    <skipped/>
  </testcase> <!-- @BeforeMethod BeforeMethod -->
  <testcase classname="TestNG_Set.Chips_TestCase" name="@AfterMethod AfterMethod" time="-1.627526273767E9">
    <skipped/>
  </testcase> <!-- @AfterMethod AfterMethod -->
  <testcase classname="TestNG_Set.Chips_TestCase" name="@BeforeMethod BeforeMethod" time="-1.627526273767E9">
    <skipped/>
  </testcase> <!-- @BeforeMethod BeforeMethod -->
  <testcase classname="TestNG_Set.Chips_TestCase" name="@AfterMethod AfterMethod" time="-1.627526273769E9">
    <skipped/>
  </testcase> <!-- @AfterMethod AfterMethod -->
  <testcase classname="TestNG_Set.Chips_TestCase" name="@BeforeMethod BeforeMethod" time="-1.62752627377E9">
    <skipped/>
  </testcase> <!-- @BeforeMethod BeforeMethod -->
  <testcase classname="TestNG_Set.Chips_TestCase" name="@AfterMethod AfterMethod" time="-1.627526273772E9">
    <skipped/>
  </testcase> <!-- @AfterMethod AfterMethod -->
  <testcase classname="TestNG_Set.Chips_TestCase" name="@BeforeMethod BeforeMethod" time="-1.627526273774E9">
    <skipped/>
  </testcase> <!-- @BeforeMethod BeforeMethod -->
  <testcase classname="TestNG_Set.Chips_TestCase" name="@AfterMethod AfterMethod" time="-1.627526273775E9">
    <skipped/>
  </testcase> <!-- @AfterMethod AfterMethod -->
  <testcase classname="TestNG_Set.Chips_TestCase" name="@AfterClass tearDownClass" time="-1.627526273776E9">
    <skipped/>
  </testcase> <!-- @AfterClass tearDownClass -->
  <testcase classname="TestNG_Set.Chips_TestCase" name="@BeforeClass setupClass" time="27.295">
    <failure type="org.openqa.selenium.SessionNotCreatedException" message="Unable to create a new remote session. Please check the server log for more details. Original error: An unknown server-side error occurred while processing the command. Original error: Could not find a connected Android device in 20127ms.
Build info: version: &amp;apos;3.14.0&amp;apos;, revision: &amp;apos;aacccce0&amp;apos;, time: &amp;apos;2018-08-02T20:19:58.91Z&amp;apos;
System info: host: &amp;apos;DESKTOP-KEI&amp;apos;, ip: &amp;apos;172.27.24.217&amp;apos;, os.name: &amp;apos;Windows 10&amp;apos;, os.arch: &amp;apos;amd64&amp;apos;, os.version: &amp;apos;10.0&amp;apos;, java.version: &amp;apos;15.0.2&amp;apos;
Driver info: driver.version: AndroidDriver
remote stacktrace: UnknownError: An unknown server-side error occurred while processing the command. Original error: Could not find a connected Android device in 20127ms.
    at getResponseForW3CError (C:\Users\kei\AppData\Local\Programs\Appium\resources\app\node_modules\appium\node_modules\appium-base-driver\lib\protocol\errors.js:804:9)
    at asyncHandler (C:\Users\kei\AppData\Local\Programs\Appium\resources\app\node_modules\appium\node_modules\appium-base-driver\lib\protocol\protocol.js:380:37)
Build info: version: &amp;apos;3.14.0&amp;apos;, revision: &amp;apos;aacccce0&amp;apos;, time: &amp;apos;2018-08-02T20:19:58.91Z&amp;apos;
System info: host: &amp;apos;DESKTOP-KEI&amp;apos;, ip: &amp;apos;172.27.24.217&amp;apos;, os.name: &amp;apos;Windows 10&amp;apos;, os.arch: &amp;apos;amd64&amp;apos;, os.version: &amp;apos;10.0&amp;apos;, java.version: &amp;apos;15.0.2&amp;apos;
Driver info: driver.version: AndroidDriver">
      <![CDATA[org.openqa.selenium.SessionNotCreatedException: Unable to create a new remote session. Please check the server log for more details. Original error: An unknown server-side error occurred while processing the command. Original error: Could not find a connected Android device in 20127ms.
Build info: version: '3.14.0', revision: 'aacccce0', time: '2018-08-02T20:19:58.91Z'
System info: host: 'DESKTOP-KEI', ip: '172.27.24.217', os.name: 'Windows 10', os.arch: 'amd64', os.version: '10.0', java.version: '15.0.2'
Driver info: driver.version: AndroidDriver
remote stacktrace: UnknownError: An unknown server-side error occurred while processing the command. Original error: Could not find a connected Android device in 20127ms.
    at getResponseForW3CError (C:\Users\kei\AppData\Local\Programs\Appium\resources\app\node_modules\appium\node_modules\appium-base-driver\lib\protocol\errors.js:804:9)
    at asyncHandler (C:\Users\kei\AppData\Local\Programs\Appium\resources\app\node_modules\appium\node_modules\appium-base-driver\lib\protocol\protocol.js:380:37)
Build info: version: '3.14.0', revision: 'aacccce0', time: '2018-08-02T20:19:58.91Z'
System info: host: 'DESKTOP-KEI', ip: '172.27.24.217', os.name: 'Windows 10', os.arch: 'amd64', os.version: '10.0', java.version: '15.0.2'
Driver info: driver.version: AndroidDriver
at io.appium.java_client.remote.AppiumCommandExecutor$1.createSession(AppiumCommandExecutor.java:216)
at io.appium.java_client.remote.AppiumCommandExecutor.createSession(AppiumCommandExecutor.java:225)
at io.appium.java_client.remote.AppiumCommandExecutor.execute(AppiumCommandExecutor.java:247)
at org.openqa.selenium.remote.RemoteWebDriver.execute(RemoteWebDriver.java:548)
at io.appium.java_client.DefaultGenericMobileDriver.execute(DefaultGenericMobileDriver.java:41)
at io.appium.java_client.AppiumDriver.execute(AppiumDriver.java:1)
at io.appium.java_client.android.AndroidDriver.execute(AndroidDriver.java:1)
at unit.Utilities.execute(Utilities.java:1)
at org.openqa.selenium.remote.RemoteWebDriver.startSession(RemoteWebDriver.java:212)
at io.appium.java_client.AppiumDriver.startSession(AppiumDriver.java:338)
at org.openqa.selenium.remote.RemoteWebDriver.<init>(RemoteWebDriver.java:130)
at io.appium.java_client.DefaultGenericMobileDriver.<init>(DefaultGenericMobileDriver.java:37)
at io.appium.java_client.AppiumDriver.<init>(AppiumDriver.java:89)
at io.appium.java_client.AppiumDriver.<init>(AppiumDriver.java:99)
at io.appium.java_client.android.AndroidDriver.<init>(AndroidDriver.java:96)
at unit.Utilities.<init>(Utilities.java:143)
at TestNG_Set.Chips_TestCase.setupClass(Chips_TestCase.java:85)
at java.base/java.util.ArrayList.forEach(ArrayList.java:1511)
at java.base/java.util.concurrent.FutureTask.run(FutureTask.java:264)
at java.base/java.util.concurrent.ThreadPoolExecutor.runWorker(ThreadPoolExecutor.java:1130)
at java.base/java.util.concurrent.ThreadPoolExecutor$Worker.run(ThreadPoolExecutor.java:630)
at java.base/java.lang.Thread.run(Thread.java:832)
at io.appium.java_client.remote.AppiumCommandExecutor$1.createSession(AppiumCommandExecutor.java:193)
... 37 more
Caused by: org.openqa.selenium.WebDriverException: An unknown server-side error occurred while processing the command. Original error: Could not find a connected Android device in 20127ms.
Build info: version: '3.14.0', revision: 'aacccce0', time: '2018-08-02T20:19:58.91Z'
System info: host: 'DESKTOP-KEI', ip: '172.27.24.217', os.name: 'Windows 10', os.arch: 'amd64', os.version: '10.0', java.version: '15.0.2'
Driver info: driver.version: AndroidDriver
remote stacktrace: UnknownError: An unknown server-side error occurred while processing the command. Original error: Could not find a connected Android device in 20127ms.
    at getResponseForW3CError (C:\Users\kei\AppData\Local\Programs\Appium\resources\app\node_modules\appium\node_modules\appium-base-driver\lib\protocol\errors.js:804:9)
    at asyncHandler (C:\Users\kei\AppData\Local\Programs\Appium\resources\app\node_modules\appium\node_modules\appium-base-driver\lib\protocol\protocol.js:380:37)
at org.openqa.selenium.remote.W3CHandshakeResponse.lambda$new$0(W3CHandshakeResponse.java:57)
at org.openqa.selenium.remote.W3CHandshakeResponse.lambda$getResponseFunction$2(W3CHandshakeResponse.java:104)
at org.openqa.selenium.remote.ProtocolHandshake.lambda$createSession$0(ProtocolHandshake.java:122)
at java.base/java.util.stream.ReferencePipeline$3$1.accept(ReferencePipeline.java:195)
at java.base/java.util.Spliterators$ArraySpliterator.tryAdvance(Spliterators.java:958)
at java.base/java.util.stream.ReferencePipeline.forEachWithCancel(ReferencePipeline.java:127)
at java.base/java.util.stream.AbstractPipeline.copyIntoWithCancel(AbstractPipeline.java:502)
at java.base/java.util.stream.AbstractPipeline.copyInto(AbstractPipeline.java:488)
at java.base/java.util.stream.AbstractPipeline.wrapAndCopyInto(AbstractPipeline.java:474)
at java.base/java.util.stream.FindOps$FindOp.evaluateSequential(FindOps.java:150)
at java.base/java.util.stream.AbstractPipeline.evaluate(AbstractPipeline.java:234)
at java.base/java.util.stream.ReferencePipeline.findFirst(ReferencePipeline.java:543)
at org.openqa.selenium.remote.ProtocolHandshake.createSession(ProtocolHandshake.java:125)
... 42 more
... Removed 26 stack frames]]>
    </failure>
  </testcase> <!-- @BeforeClass setupClass -->
  <testcase classname="TestNG_Set.Chips_TestCase" name="@BeforeMethod BeforeMethod" time="-1.627526301073E9">
    <skipped/>
  </testcase> <!-- @BeforeMethod BeforeMethod -->
  <testcase classname="TestNG_Set.Chips_TestCase" name="@AfterMethod AfterMethod" time="-1.627526301074E9">
    <skipped/>
  </testcase> <!-- @AfterMethod AfterMethod -->
  <testcase classname="TestNG_Set.Chips_TestCase" name="@BeforeMethod BeforeMethod" time="-1.627526301075E9">
    <skipped/>
  </testcase> <!-- @BeforeMethod BeforeMethod -->
  <testcase classname="TestNG_Set.Chips_TestCase" name="@AfterMethod AfterMethod" time="-1.627526301076E9">
    <skipped/>
  </testcase> <!-- @AfterMethod AfterMethod -->
  <testcase classname="TestNG_Set.Chips_TestCase" name="@BeforeMethod BeforeMethod" time="-1.627526301077E9">
    <skipped/>
  </testcase> <!-- @BeforeMethod BeforeMethod -->
  <testcase classname="TestNG_Set.Chips_TestCase" name="@AfterMethod AfterMethod" time="-1.627526301078E9">
    <skipped/>
  </testcase> <!-- @AfterMethod AfterMethod -->
  <testcase classname="TestNG_Set.Chips_TestCase" name="@BeforeMethod BeforeMethod" time="-1.627526301081E9">
    <skipped/>
  </testcase> <!-- @BeforeMethod BeforeMethod -->
  <testcase classname="TestNG_Set.Chips_TestCase" name="@AfterMethod AfterMethod" time="-1.627526301083E9">
    <skipped/>
  </testcase> <!-- @AfterMethod AfterMethod -->
  <testcase classname="TestNG_Set.Chips_TestCase" name="@BeforeMethod BeforeMethod" time="-1.627526301084E9">
    <skipped/>
  </testcase> <!-- @BeforeMethod BeforeMethod -->
  <testcase classname="TestNG_Set.Chips_TestCase" name="@AfterMethod AfterMethod" time="-1.627526301087E9">
    <skipped/>
  </testcase> <!-- @AfterMethod AfterMethod -->
  <testcase classname="TestNG_Set.Chips_TestCase" name="@BeforeMethod BeforeMethod" time="-1.627526301087E9">
    <skipped/>
  </testcase> <!-- @BeforeMethod BeforeMethod -->
  <testcase classname="TestNG_Set.Chips_TestCase" name="@AfterMethod AfterMethod" time="-1.627526301089E9">
    <skipped/>
  </testcase> <!-- @AfterMethod AfterMethod -->
  <testcase classname="TestNG_Set.Chips_TestCase" name="@BeforeMethod BeforeMethod" time="-1.627526301089E9">
    <skipped/>
  </testcase> <!-- @BeforeMethod BeforeMethod -->
  <testcase classname="TestNG_Set.Chips_TestCase" name="@AfterMethod AfterMethod" time="-1.627526301091E9">
    <skipped/>
  </testcase> <!-- @AfterMethod AfterMethod -->
  <testcase classname="TestNG_Set.Chips_TestCase" name="@BeforeMethod BeforeMethod" time="-1.627526301091E9">
    <skipped/>
  </testcase> <!-- @BeforeMethod BeforeMethod -->
  <testcase classname="TestNG_Set.Chips_TestCase" name="@AfterMethod AfterMethod" time="-1.627526301093E9">
    <skipped/>
  </testcase> <!-- @AfterMethod AfterMethod -->
  <testcase classname="TestNG_Set.Chips_TestCase" name="@BeforeMethod BeforeMethod" time="-1.627526301093E9">
    <skipped/>
  </testcase> <!-- @BeforeMethod BeforeMethod -->
  <testcase classname="TestNG_Set.Chips_TestCase" name="@AfterMethod AfterMethod" time="-1.627526301094E9">
    <skipped/>
  </testcase> <!-- @AfterMethod AfterMethod -->
  <testcase classname="TestNG_Set.Chips_TestCase" name="@BeforeMethod BeforeMethod" time="-1.627526301095E9">
    <skipped/>
  </testcase> <!-- @BeforeMethod BeforeMethod -->
  <testcase classname="TestNG_Set.Chips_TestCase" name="@AfterMethod AfterMethod" time="-1.627526301096E9">
    <skipped/>
  </testcase> <!-- @AfterMethod AfterMethod -->
  <testcase classname="TestNG_Set.Chips_TestCase" name="@BeforeMethod BeforeMethod" time="-1.627526301096E9">
    <skipped/>
  </testcase> <!-- @BeforeMethod BeforeMethod -->
  <testcase classname="TestNG_Set.Chips_TestCase" name="@AfterMethod AfterMethod" time="-1.627526301097E9">
    <skipped/>
  </testcase> <!-- @AfterMethod AfterMethod -->
  <testcase classname="TestNG_Set.Chips_TestCase" name="@BeforeMethod BeforeMethod" time="-1.627526301098E9">
    <skipped/>
  </testcase> <!-- @BeforeMethod BeforeMethod -->
  <testcase classname="TestNG_Set.Chips_TestCase" name="@AfterMethod AfterMethod" time="-1.627526301102E9">
    <skipped/>
  </testcase> <!-- @AfterMethod AfterMethod -->
  <testcase classname="TestNG_Set.Chips_TestCase" name="@BeforeMethod BeforeMethod" time="-1.627526301102E9">
    <skipped/>
  </testcase> <!-- @BeforeMethod BeforeMethod -->
  <testcase classname="TestNG_Set.Chips_TestCase" name="@AfterMethod AfterMethod" time="-1.627526301104E9">
    <skipped/>
  </testcase> <!-- @AfterMethod AfterMethod -->
  <testcase classname="TestNG_Set.Chips_TestCase" name="@BeforeMethod BeforeMethod" time="-1.627526301104E9">
    <skipped/>
  </testcase> <!-- @BeforeMethod BeforeMethod -->
  <testcase classname="TestNG_Set.Chips_TestCase" name="@AfterMethod AfterMethod" time="-1.62752630111E9">
    <skipped/>
  </testcase> <!-- @AfterMethod AfterMethod -->
  <testcase classname="TestNG_Set.Chips_TestCase" name="@BeforeMethod BeforeMethod" time="-1.62752630111E9">
    <skipped/>
  </testcase> <!-- @BeforeMethod BeforeMethod -->
  <testcase classname="TestNG_Set.Chips_TestCase" name="@AfterMethod AfterMethod" time="-1.627526301112E9">
    <skipped/>
  </testcase> <!-- @AfterMethod AfterMethod -->
  <testcase classname="TestNG_Set.Chips_TestCase" name="@AfterClass tearDownClass" time="-1.627526301112E9">
    <skipped/>
  </testcase> <!-- @AfterClass tearDownClass -->
  <testcase classname="TestNG_Set.Chips_TestCase" name="@BeforeClass setupClass" time="27.023">
    <failure type="org.openqa.selenium.SessionNotCreatedException" message="Unable to create a new remote session. Please check the server log for more details. Original error: An unknown server-side error occurred while processing the command. Original error: Could not find a connected Android device in 20240ms.
Build info: version: &amp;apos;3.14.0&amp;apos;, revision: &amp;apos;aacccce0&amp;apos;, time: &amp;apos;2018-08-02T20:19:58.91Z&amp;apos;
System info: host: &amp;apos;DESKTOP-KEI&amp;apos;, ip: &amp;apos;172.27.24.217&amp;apos;, os.name: &amp;apos;Windows 10&amp;apos;, os.arch: &amp;apos;amd64&amp;apos;, os.version: &amp;apos;10.0&amp;apos;, java.version: &amp;apos;15.0.2&amp;apos;
Driver info: driver.version: AndroidDriver
remote stacktrace: UnknownError: An unknown server-side error occurred while processing the command. Original error: Could not find a connected Android device in 20240ms.
    at getResponseForW3CError (C:\Users\kei\AppData\Local\Programs\Appium\resources\app\node_modules\appium\node_modules\appium-base-driver\lib\protocol\errors.js:804:9)
    at asyncHandler (C:\Users\kei\AppData\Local\Programs\Appium\resources\app\node_modules\appium\node_modules\appium-base-driver\lib\protocol\protocol.js:380:37)
Build info: version: &amp;apos;3.14.0&amp;apos;, revision: &amp;apos;aacccce0&amp;apos;, time: &amp;apos;2018-08-02T20:19:58.91Z&amp;apos;
System info: host: &amp;apos;DESKTOP-KEI&amp;apos;, ip: &amp;apos;172.27.24.217&amp;apos;, os.name: &amp;apos;Windows 10&amp;apos;, os.arch: &amp;apos;amd64&amp;apos;, os.version: &amp;apos;10.0&amp;apos;, java.version: &amp;apos;15.0.2&amp;apos;
Driver info: driver.version: AndroidDriver">
      <![CDATA[org.openqa.selenium.SessionNotCreatedException: Unable to create a new remote session. Please check the server log for more details. Original error: An unknown server-side error occurred while processing the command. Original error: Could not find a connected Android device in 20240ms.
Build info: version: '3.14.0', revision: 'aacccce0', time: '2018-08-02T20:19:58.91Z'
System info: host: 'DESKTOP-KEI', ip: '172.27.24.217', os.name: 'Windows 10', os.arch: 'amd64', os.version: '10.0', java.version: '15.0.2'
Driver info: driver.version: AndroidDriver
remote stacktrace: UnknownError: An unknown server-side error occurred while processing the command. Original error: Could not find a connected Android device in 20240ms.
    at getResponseForW3CError (C:\Users\kei\AppData\Local\Programs\Appium\resources\app\node_modules\appium\node_modules\appium-base-driver\lib\protocol\errors.js:804:9)
    at asyncHandler (C:\Users\kei\AppData\Local\Programs\Appium\resources\app\node_modules\appium\node_modules\appium-base-driver\lib\protocol\protocol.js:380:37)
Build info: version: '3.14.0', revision: 'aacccce0', time: '2018-08-02T20:19:58.91Z'
System info: host: 'DESKTOP-KEI', ip: '172.27.24.217', os.name: 'Windows 10', os.arch: 'amd64', os.version: '10.0', java.version: '15.0.2'
Driver info: driver.version: AndroidDriver
at io.appium.java_client.remote.AppiumCommandExecutor$1.createSession(AppiumCommandExecutor.java:216)
at io.appium.java_client.remote.AppiumCommandExecutor.createSession(AppiumCommandExecutor.java:225)
at io.appium.java_client.remote.AppiumCommandExecutor.execute(AppiumCommandExecutor.java:247)
at org.openqa.selenium.remote.RemoteWebDriver.execute(RemoteWebDriver.java:548)
at io.appium.java_client.DefaultGenericMobileDriver.execute(DefaultGenericMobileDriver.java:41)
at io.appium.java_client.AppiumDriver.execute(AppiumDriver.java:1)
at io.appium.java_client.android.AndroidDriver.execute(AndroidDriver.java:1)
at unit.Utilities.execute(Utilities.java:1)
at org.openqa.selenium.remote.RemoteWebDriver.startSession(RemoteWebDriver.java:212)
at io.appium.java_client.AppiumDriver.startSession(AppiumDriver.java:338)
at org.openqa.selenium.remote.RemoteWebDriver.<init>(RemoteWebDriver.java:130)
at io.appium.java_client.DefaultGenericMobileDriver.<init>(DefaultGenericMobileDriver.java:37)
at io.appium.java_client.AppiumDriver.<init>(AppiumDriver.java:89)
at io.appium.java_client.AppiumDriver.<init>(AppiumDriver.java:99)
at io.appium.java_client.android.AndroidDriver.<init>(AndroidDriver.java:96)
at unit.Utilities.<init>(Utilities.java:143)
at TestNG_Set.Chips_TestCase.setupClass(Chips_TestCase.java:85)
at java.base/java.util.ArrayList.forEach(ArrayList.java:1511)
at java.base/java.util.concurrent.FutureTask.run(FutureTask.java:264)
at java.base/java.util.concurrent.ThreadPoolExecutor.runWorker(ThreadPoolExecutor.java:1130)
at java.base/java.util.concurrent.ThreadPoolExecutor$Worker.run(ThreadPoolExecutor.java:630)
at java.base/java.lang.Thread.run(Thread.java:832)
at io.appium.java_client.remote.AppiumCommandExecutor$1.createSession(AppiumCommandExecutor.java:193)
... 37 more
Caused by: org.openqa.selenium.WebDriverException: An unknown server-side error occurred while processing the command. Original error: Could not find a connected Android device in 20240ms.
Build info: version: '3.14.0', revision: 'aacccce0', time: '2018-08-02T20:19:58.91Z'
System info: host: 'DESKTOP-KEI', ip: '172.27.24.217', os.name: 'Windows 10', os.arch: 'amd64', os.version: '10.0', java.version: '15.0.2'
Driver info: driver.version: AndroidDriver
remote stacktrace: UnknownError: An unknown server-side error occurred while processing the command. Original error: Could not find a connected Android device in 20240ms.
    at getResponseForW3CError (C:\Users\kei\AppData\Local\Programs\Appium\resources\app\node_modules\appium\node_modules\appium-base-driver\lib\protocol\errors.js:804:9)
    at asyncHandler (C:\Users\kei\AppData\Local\Programs\Appium\resources\app\node_modules\appium\node_modules\appium-base-driver\lib\protocol\protocol.js:380:37)
at org.openqa.selenium.remote.W3CHandshakeResponse.lambda$new$0(W3CHandshakeResponse.java:57)
at org.openqa.selenium.remote.W3CHandshakeResponse.lambda$getResponseFunction$2(W3CHandshakeResponse.java:104)
at org.openqa.selenium.remote.ProtocolHandshake.lambda$createSession$0(ProtocolHandshake.java:122)
at java.base/java.util.stream.ReferencePipeline$3$1.accept(ReferencePipeline.java:195)
at java.base/java.util.Spliterators$ArraySpliterator.tryAdvance(Spliterators.java:958)
at java.base/java.util.stream.ReferencePipeline.forEachWithCancel(ReferencePipeline.java:127)
at java.base/java.util.stream.AbstractPipeline.copyIntoWithCancel(AbstractPipeline.java:502)
at java.base/java.util.stream.AbstractPipeline.copyInto(AbstractPipeline.java:488)
at java.base/java.util.stream.AbstractPipeline.wrapAndCopyInto(AbstractPipeline.java:474)
at java.base/java.util.stream.FindOps$FindOp.evaluateSequential(FindOps.java:150)
at java.base/java.util.stream.AbstractPipeline.evaluate(AbstractPipeline.java:234)
at java.base/java.util.stream.ReferencePipeline.findFirst(ReferencePipeline.java:543)
at org.openqa.selenium.remote.ProtocolHandshake.createSession(ProtocolHandshake.java:125)
... 42 more
... Removed 26 stack frames]]>
    </failure>
  </testcase> <!-- @BeforeClass setupClass -->
  <testcase classname="TestNG_Set.Chips_TestCase" name="@BeforeMethod BeforeMethod" time="-1.627526328136E9">
    <skipped/>
  </testcase> <!-- @BeforeMethod BeforeMethod -->
  <testcase classname="TestNG_Set.Chips_TestCase" name="@AfterMethod AfterMethod" time="-1.627526328138E9">
    <skipped/>
  </testcase> <!-- @AfterMethod AfterMethod -->
  <testcase classname="TestNG_Set.Chips_TestCase" name="@BeforeMethod BeforeMethod" time="-1.627526328138E9">
    <skipped/>
  </testcase> <!-- @BeforeMethod BeforeMethod -->
  <testcase classname="TestNG_Set.Chips_TestCase" name="@AfterMethod AfterMethod" time="-1.62752632814E9">
    <skipped/>
  </testcase> <!-- @AfterMethod AfterMethod -->
  <testcase classname="TestNG_Set.Chips_TestCase" name="@AfterClass tearDownClass" time="-1.62752632814E9">
    <skipped/>
  </testcase> <!-- @AfterClass tearDownClass -->
  <testcase classname="TestNG_Set.Chips_TestCase" name="@BeforeClass setupClass" time="26.785">
    <failure type="org.openqa.selenium.SessionNotCreatedException" message="Unable to create a new remote session. Please check the server log for more details. Original error: An unknown server-side error occurred while processing the command. Original error: Could not find a connected Android device in 20158ms.
Build info: version: &amp;apos;3.14.0&amp;apos;, revision: &amp;apos;aacccce0&amp;apos;, time: &amp;apos;2018-08-02T20:19:58.91Z&amp;apos;
System info: host: &amp;apos;DESKTOP-KEI&amp;apos;, ip: &amp;apos;172.27.24.217&amp;apos;, os.name: &amp;apos;Windows 10&amp;apos;, os.arch: &amp;apos;amd64&amp;apos;, os.version: &amp;apos;10.0&amp;apos;, java.version: &amp;apos;15.0.2&amp;apos;
Driver info: driver.version: AndroidDriver
remote stacktrace: UnknownError: An unknown server-side error occurred while processing the command. Original error: Could not find a connected Android device in 20158ms.
    at getResponseForW3CError (C:\Users\kei\AppData\Local\Programs\Appium\resources\app\node_modules\appium\node_modules\appium-base-driver\lib\protocol\errors.js:804:9)
    at asyncHandler (C:\Users\kei\AppData\Local\Programs\Appium\resources\app\node_modules\appium\node_modules\appium-base-driver\lib\protocol\protocol.js:380:37)
Build info: version: &amp;apos;3.14.0&amp;apos;, revision: &amp;apos;aacccce0&amp;apos;, time: &amp;apos;2018-08-02T20:19:58.91Z&amp;apos;
System info: host: &amp;apos;DESKTOP-KEI&amp;apos;, ip: &amp;apos;172.27.24.217&amp;apos;, os.name: &amp;apos;Windows 10&amp;apos;, os.arch: &amp;apos;amd64&amp;apos;, os.version: &amp;apos;10.0&amp;apos;, java.version: &amp;apos;15.0.2&amp;apos;
Driver info: driver.version: AndroidDriver">
      <![CDATA[org.openqa.selenium.SessionNotCreatedException: Unable to create a new remote session. Please check the server log for more details. Original error: An unknown server-side error occurred while processing the command. Original error: Could not find a connected Android device in 20158ms.
Build info: version: '3.14.0', revision: 'aacccce0', time: '2018-08-02T20:19:58.91Z'
System info: host: 'DESKTOP-KEI', ip: '172.27.24.217', os.name: 'Windows 10', os.arch: 'amd64', os.version: '10.0', java.version: '15.0.2'
Driver info: driver.version: AndroidDriver
remote stacktrace: UnknownError: An unknown server-side error occurred while processing the command. Original error: Could not find a connected Android device in 20158ms.
    at getResponseForW3CError (C:\Users\kei\AppData\Local\Programs\Appium\resources\app\node_modules\appium\node_modules\appium-base-driver\lib\protocol\errors.js:804:9)
    at asyncHandler (C:\Users\kei\AppData\Local\Programs\Appium\resources\app\node_modules\appium\node_modules\appium-base-driver\lib\protocol\protocol.js:380:37)
Build info: version: '3.14.0', revision: 'aacccce0', time: '2018-08-02T20:19:58.91Z'
System info: host: 'DESKTOP-KEI', ip: '172.27.24.217', os.name: 'Windows 10', os.arch: 'amd64', os.version: '10.0', java.version: '15.0.2'
Driver info: driver.version: AndroidDriver
at io.appium.java_client.remote.AppiumCommandExecutor$1.createSession(AppiumCommandExecutor.java:216)
at io.appium.java_client.remote.AppiumCommandExecutor.createSession(AppiumCommandExecutor.java:225)
at io.appium.java_client.remote.AppiumCommandExecutor.execute(AppiumCommandExecutor.java:247)
at org.openqa.selenium.remote.RemoteWebDriver.execute(RemoteWebDriver.java:548)
at io.appium.java_client.DefaultGenericMobileDriver.execute(DefaultGenericMobileDriver.java:41)
at io.appium.java_client.AppiumDriver.execute(AppiumDriver.java:1)
at io.appium.java_client.android.AndroidDriver.execute(AndroidDriver.java:1)
at unit.Utilities.execute(Utilities.java:1)
at org.openqa.selenium.remote.RemoteWebDriver.startSession(RemoteWebDriver.java:212)
at io.appium.java_client.AppiumDriver.startSession(AppiumDriver.java:338)
at org.openqa.selenium.remote.RemoteWebDriver.<init>(RemoteWebDriver.java:130)
at io.appium.java_client.DefaultGenericMobileDriver.<init>(DefaultGenericMobileDriver.java:37)
at io.appium.java_client.AppiumDriver.<init>(AppiumDriver.java:89)
at io.appium.java_client.AppiumDriver.<init>(AppiumDriver.java:99)
at io.appium.java_client.android.AndroidDriver.<init>(AndroidDriver.java:96)
at unit.Utilities.<init>(Utilities.java:143)
at TestNG_Set.Chips_TestCase.setupClass(Chips_TestCase.java:85)
at java.base/java.util.ArrayList.forEach(ArrayList.java:1511)
at java.base/java.util.concurrent.FutureTask.run(FutureTask.java:264)
at java.base/java.util.concurrent.ThreadPoolExecutor.runWorker(ThreadPoolExecutor.java:1130)
at java.base/java.util.concurrent.ThreadPoolExecutor$Worker.run(ThreadPoolExecutor.java:630)
at java.base/java.lang.Thread.run(Thread.java:832)
at io.appium.java_client.remote.AppiumCommandExecutor$1.createSession(AppiumCommandExecutor.java:193)
... 37 more
Caused by: org.openqa.selenium.WebDriverException: An unknown server-side error occurred while processing the command. Original error: Could not find a connected Android device in 20158ms.
Build info: version: '3.14.0', revision: 'aacccce0', time: '2018-08-02T20:19:58.91Z'
System info: host: 'DESKTOP-KEI', ip: '172.27.24.217', os.name: 'Windows 10', os.arch: 'amd64', os.version: '10.0', java.version: '15.0.2'
Driver info: driver.version: AndroidDriver
remote stacktrace: UnknownError: An unknown server-side error occurred while processing the command. Original error: Could not find a connected Android device in 20158ms.
    at getResponseForW3CError (C:\Users\kei\AppData\Local\Programs\Appium\resources\app\node_modules\appium\node_modules\appium-base-driver\lib\protocol\errors.js:804:9)
    at asyncHandler (C:\Users\kei\AppData\Local\Programs\Appium\resources\app\node_modules\appium\node_modules\appium-base-driver\lib\protocol\protocol.js:380:37)
at org.openqa.selenium.remote.W3CHandshakeResponse.lambda$new$0(W3CHandshakeResponse.java:57)
at org.openqa.selenium.remote.W3CHandshakeResponse.lambda$getResponseFunction$2(W3CHandshakeResponse.java:104)
at org.openqa.selenium.remote.ProtocolHandshake.lambda$createSession$0(ProtocolHandshake.java:122)
at java.base/java.util.stream.ReferencePipeline$3$1.accept(ReferencePipeline.java:195)
at java.base/java.util.Spliterators$ArraySpliterator.tryAdvance(Spliterators.java:958)
at java.base/java.util.stream.ReferencePipeline.forEachWithCancel(ReferencePipeline.java:127)
at java.base/java.util.stream.AbstractPipeline.copyIntoWithCancel(AbstractPipeline.java:502)
at java.base/java.util.stream.AbstractPipeline.copyInto(AbstractPipeline.java:488)
at java.base/java.util.stream.AbstractPipeline.wrapAndCopyInto(AbstractPipeline.java:474)
at java.base/java.util.stream.FindOps$FindOp.evaluateSequential(FindOps.java:150)
at java.base/java.util.stream.AbstractPipeline.evaluate(AbstractPipeline.java:234)
at java.base/java.util.stream.ReferencePipeline.findFirst(ReferencePipeline.java:543)
at org.openqa.selenium.remote.ProtocolHandshake.createSession(ProtocolHandshake.java:125)
... 42 more
... Removed 26 stack frames]]>
    </failure>
  </testcase> <!-- @BeforeClass setupClass -->
  <testcase classname="TestNG_Set.Chips_TestCase" name="@BeforeMethod BeforeMethod" time="-1.627526354926E9">
    <skipped/>
  </testcase> <!-- @BeforeMethod BeforeMethod -->
  <testcase classname="TestNG_Set.Chips_TestCase" name="@AfterMethod AfterMethod" time="-1.627526354928E9">
    <skipped/>
  </testcase> <!-- @AfterMethod AfterMethod -->
  <testcase classname="TestNG_Set.Chips_TestCase" name="@BeforeMethod BeforeMethod" time="-1.627526354928E9">
    <skipped/>
  </testcase> <!-- @BeforeMethod BeforeMethod -->
  <testcase classname="TestNG_Set.Chips_TestCase" name="@AfterMethod AfterMethod" time="-1.62752635493E9">
    <skipped/>
  </testcase> <!-- @AfterMethod AfterMethod -->
  <testcase classname="TestNG_Set.Chips_TestCase" name="@BeforeMethod BeforeMethod" time="-1.62752635493E9">
    <skipped/>
  </testcase> <!-- @BeforeMethod BeforeMethod -->
  <testcase classname="TestNG_Set.Chips_TestCase" name="@AfterMethod AfterMethod" time="-1.627526354931E9">
    <skipped/>
  </testcase> <!-- @AfterMethod AfterMethod -->
  <testcase classname="TestNG_Set.Chips_TestCase" name="@BeforeMethod BeforeMethod" time="-1.627526354932E9">
    <skipped/>
  </testcase> <!-- @BeforeMethod BeforeMethod -->
  <testcase classname="TestNG_Set.Chips_TestCase" name="@AfterMethod AfterMethod" time="-1.627526354933E9">
    <skipped/>
  </testcase> <!-- @AfterMethod AfterMethod -->
  <testcase classname="TestNG_Set.Chips_TestCase" name="@BeforeMethod BeforeMethod" time="-1.627526354933E9">
    <skipped/>
  </testcase> <!-- @BeforeMethod BeforeMethod -->
  <testcase classname="TestNG_Set.Chips_TestCase" name="@AfterMethod AfterMethod" time="-1.627526354934E9">
    <skipped/>
  </testcase> <!-- @AfterMethod AfterMethod -->
  <testcase classname="TestNG_Set.Chips_TestCase" name="@BeforeMethod BeforeMethod" time="-1.627526354935E9">
    <skipped/>
  </testcase> <!-- @BeforeMethod BeforeMethod -->
  <testcase classname="TestNG_Set.Chips_TestCase" name="@AfterMethod AfterMethod" time="-1.627526354936E9">
    <skipped/>
  </testcase> <!-- @AfterMethod AfterMethod -->
  <testcase classname="TestNG_Set.Chips_TestCase" name="@BeforeMethod BeforeMethod" time="-1.627526354937E9">
    <skipped/>
  </testcase> <!-- @BeforeMethod BeforeMethod -->
  <testcase classname="TestNG_Set.Chips_TestCase" name="@AfterMethod AfterMethod" time="-1.627526354938E9">
    <skipped/>
  </testcase> <!-- @AfterMethod AfterMethod -->
  <testcase classname="TestNG_Set.Chips_TestCase" name="@BeforeMethod BeforeMethod" time="-1.627526354938E9">
    <skipped/>
  </testcase> <!-- @BeforeMethod BeforeMethod -->
  <testcase classname="TestNG_Set.Chips_TestCase" name="@AfterMethod AfterMethod" time="-1.62752635494E9">
    <skipped/>
  </testcase> <!-- @AfterMethod AfterMethod -->
  <testcase classname="TestNG_Set.Chips_TestCase" name="@BeforeMethod BeforeMethod" time="-1.62752635494E9">
    <skipped/>
  </testcase> <!-- @BeforeMethod BeforeMethod -->
  <testcase classname="TestNG_Set.Chips_TestCase" name="@AfterMethod AfterMethod" time="-1.627526354941E9">
    <skipped/>
  </testcase> <!-- @AfterMethod AfterMethod -->
  <testcase classname="TestNG_Set.Chips_TestCase" name="@BeforeMethod BeforeMethod" time="-1.627526354941E9">
    <skipped/>
  </testcase> <!-- @BeforeMethod BeforeMethod -->
  <testcase classname="TestNG_Set.Chips_TestCase" name="@AfterMethod AfterMethod" time="-1.627526354943E9">
    <skipped/>
  </testcase> <!-- @AfterMethod AfterMethod -->
  <testcase classname="TestNG_Set.Chips_TestCase" name="@BeforeMethod BeforeMethod" time="-1.627526354943E9">
    <skipped/>
  </testcase> <!-- @BeforeMethod BeforeMethod -->
  <testcase classname="TestNG_Set.Chips_TestCase" name="@AfterMethod AfterMethod" time="-1.627526354944E9">
    <skipped/>
  </testcase> <!-- @AfterMethod AfterMethod -->
  <testcase classname="TestNG_Set.Chips_TestCase" name="@BeforeMethod BeforeMethod" time="-1.627526354945E9">
    <skipped/>
  </testcase> <!-- @BeforeMethod BeforeMethod -->
  <testcase classname="TestNG_Set.Chips_TestCase" name="@AfterMethod AfterMethod" time="-1.627526354946E9">
    <skipped/>
  </testcase> <!-- @AfterMethod AfterMethod -->
  <testcase classname="TestNG_Set.Chips_TestCase" name="@BeforeMethod BeforeMethod" time="-1.627526354947E9">
    <skipped/>
  </testcase> <!-- @BeforeMethod BeforeMethod -->
  <testcase classname="TestNG_Set.Chips_TestCase" name="@AfterMethod AfterMethod" time="-1.627526354948E9">
    <skipped/>
  </testcase> <!-- @AfterMethod AfterMethod -->
  <testcase classname="TestNG_Set.Chips_TestCase" name="@BeforeMethod BeforeMethod" time="-1.627526354949E9">
    <skipped/>
  </testcase> <!-- @BeforeMethod BeforeMethod -->
  <testcase classname="TestNG_Set.Chips_TestCase" name="@AfterMethod AfterMethod" time="-1.62752635495E9">
    <skipped/>
  </testcase> <!-- @AfterMethod AfterMethod -->
  <testcase classname="TestNG_Set.Chips_TestCase" name="@BeforeMethod BeforeMethod" time="-1.627526354951E9">
    <skipped/>
  </testcase> <!-- @BeforeMethod BeforeMethod -->
  <testcase classname="TestNG_Set.Chips_TestCase" name="@AfterMethod AfterMethod" time="-1.627526354952E9">
    <skipped/>
  </testcase> <!-- @AfterMethod AfterMethod -->
  <testcase classname="TestNG_Set.Chips_TestCase" name="@BeforeMethod BeforeMethod" time="-1.627526354952E9">
    <skipped/>
  </testcase> <!-- @BeforeMethod BeforeMethod -->
  <testcase classname="TestNG_Set.Chips_TestCase" name="@AfterMethod AfterMethod" time="-1.627526354954E9">
    <skipped/>
  </testcase> <!-- @AfterMethod AfterMethod -->
  <testcase classname="TestNG_Set.Chips_TestCase" name="@BeforeMethod BeforeMethod" time="-1.627526354954E9">
    <skipped/>
  </testcase> <!-- @BeforeMethod BeforeMethod -->
  <testcase classname="TestNG_Set.Chips_TestCase" name="@AfterMethod AfterMethod" time="-1.627526354955E9">
    <skipped/>
  </testcase> <!-- @AfterMethod AfterMethod -->
  <testcase classname="TestNG_Set.Chips_TestCase" name="@BeforeMethod BeforeMethod" time="-1.627526354956E9">
    <skipped/>
  </testcase> <!-- @BeforeMethod BeforeMethod -->
  <testcase classname="TestNG_Set.Chips_TestCase" name="@AfterMethod AfterMethod" time="-1.627526354957E9">
    <skipped/>
  </testcase> <!-- @AfterMethod AfterMethod -->
  <testcase classname="TestNG_Set.Chips_TestCase" name="@BeforeMethod BeforeMethod" time="-1.627526354958E9">
    <skipped/>
  </testcase> <!-- @BeforeMethod BeforeMethod -->
  <testcase classname="TestNG_Set.Chips_TestCase" name="@AfterMethod AfterMethod" time="-1.627526354959E9">
    <skipped/>
  </testcase> <!-- @AfterMethod AfterMethod -->
  <testcase classname="TestNG_Set.Chips_TestCase" name="@BeforeMethod BeforeMethod" time="-1.627526354959E9">
    <skipped/>
  </testcase> <!-- @BeforeMethod BeforeMethod -->
  <testcase classname="TestNG_Set.Chips_TestCase" name="@AfterMethod AfterMethod" time="-1.62752635496E9">
    <skipped/>
  </testcase> <!-- @AfterMethod AfterMethod -->
  <testcase classname="TestNG_Set.Chips_TestCase" name="@BeforeMethod BeforeMethod" time="-1.627526354961E9">
    <skipped/>
  </testcase> <!-- @BeforeMethod BeforeMethod -->
  <testcase classname="TestNG_Set.Chips_TestCase" name="@AfterMethod AfterMethod" time="-1.627526354962E9">
    <skipped/>
  </testcase> <!-- @AfterMethod AfterMethod -->
  <testcase classname="TestNG_Set.Chips_TestCase" name="@BeforeMethod BeforeMethod" time="-1.627526354963E9">
    <skipped/>
  </testcase> <!-- @BeforeMethod BeforeMethod -->
  <testcase classname="TestNG_Set.Chips_TestCase" name="@AfterMethod AfterMethod" time="-1.627526354965E9">
    <skipped/>
  </testcase> <!-- @AfterMethod AfterMethod -->
  <testcase classname="TestNG_Set.Chips_TestCase" name="@BeforeMethod BeforeMethod" time="-1.627526354965E9">
    <skipped/>
  </testcase> <!-- @BeforeMethod BeforeMethod -->
  <testcase classname="TestNG_Set.Chips_TestCase" name="@AfterMethod AfterMethod" time="-1.627526354967E9">
    <skipped/>
  </testcase> <!-- @AfterMethod AfterMethod -->
  <testcase classname="TestNG_Set.Chips_TestCase" name="@BeforeMethod BeforeMethod" time="-1.627526354967E9">
    <skipped/>
  </testcase> <!-- @BeforeMethod BeforeMethod -->
  <testcase classname="TestNG_Set.Chips_TestCase" name="@AfterMethod AfterMethod" time="-1.627526354968E9">
    <skipped/>
  </testcase> <!-- @AfterMethod AfterMethod -->
  <testcase classname="TestNG_Set.Chips_TestCase" name="@BeforeMethod BeforeMethod" time="-1.627526354969E9">
    <skipped/>
  </testcase> <!-- @BeforeMethod BeforeMethod -->
  <testcase classname="TestNG_Set.Chips_TestCase" name="@AfterMethod AfterMethod" time="-1.62752635497E9">
    <skipped/>
  </testcase> <!-- @AfterMethod AfterMethod -->
  <testcase classname="TestNG_Set.Chips_TestCase" name="@AfterClass tearDownClass" time="-1.62752635497E9">
    <skipped/>
  </testcase> <!-- @AfterClass tearDownClass -->
  <testcase classname="TestNG_Set.Chips_TestCase" name="@BeforeClass setupClass" time="27.059">
    <failure type="org.openqa.selenium.SessionNotCreatedException" message="Unable to create a new remote session. Please check the server log for more details. Original error: An unknown server-side error occurred while processing the command. Original error: Could not find a connected Android device in 20239ms.
Build info: version: &amp;apos;3.14.0&amp;apos;, revision: &amp;apos;aacccce0&amp;apos;, time: &amp;apos;2018-08-02T20:19:58.91Z&amp;apos;
System info: host: &amp;apos;DESKTOP-KEI&amp;apos;, ip: &amp;apos;172.27.24.217&amp;apos;, os.name: &amp;apos;Windows 10&amp;apos;, os.arch: &amp;apos;amd64&amp;apos;, os.version: &amp;apos;10.0&amp;apos;, java.version: &amp;apos;15.0.2&amp;apos;
Driver info: driver.version: AndroidDriver
remote stacktrace: UnknownError: An unknown server-side error occurred while processing the command. Original error: Could not find a connected Android device in 20239ms.
    at getResponseForW3CError (C:\Users\kei\AppData\Local\Programs\Appium\resources\app\node_modules\appium\node_modules\appium-base-driver\lib\protocol\errors.js:804:9)
    at asyncHandler (C:\Users\kei\AppData\Local\Programs\Appium\resources\app\node_modules\appium\node_modules\appium-base-driver\lib\protocol\protocol.js:380:37)
Build info: version: &amp;apos;3.14.0&amp;apos;, revision: &amp;apos;aacccce0&amp;apos;, time: &amp;apos;2018-08-02T20:19:58.91Z&amp;apos;
System info: host: &amp;apos;DESKTOP-KEI&amp;apos;, ip: &amp;apos;172.27.24.217&amp;apos;, os.name: &amp;apos;Windows 10&amp;apos;, os.arch: &amp;apos;amd64&amp;apos;, os.version: &amp;apos;10.0&amp;apos;, java.version: &amp;apos;15.0.2&amp;apos;
Driver info: driver.version: AndroidDriver">
      <![CDATA[org.openqa.selenium.SessionNotCreatedException: Unable to create a new remote session. Please check the server log for more details. Original error: An unknown server-side error occurred while processing the command. Original error: Could not find a connected Android device in 20239ms.
Build info: version: '3.14.0', revision: 'aacccce0', time: '2018-08-02T20:19:58.91Z'
System info: host: 'DESKTOP-KEI', ip: '172.27.24.217', os.name: 'Windows 10', os.arch: 'amd64', os.version: '10.0', java.version: '15.0.2'
Driver info: driver.version: AndroidDriver
remote stacktrace: UnknownError: An unknown server-side error occurred while processing the command. Original error: Could not find a connected Android device in 20239ms.
    at getResponseForW3CError (C:\Users\kei\AppData\Local\Programs\Appium\resources\app\node_modules\appium\node_modules\appium-base-driver\lib\protocol\errors.js:804:9)
    at asyncHandler (C:\Users\kei\AppData\Local\Programs\Appium\resources\app\node_modules\appium\node_modules\appium-base-driver\lib\protocol\protocol.js:380:37)
Build info: version: '3.14.0', revision: 'aacccce0', time: '2018-08-02T20:19:58.91Z'
System info: host: 'DESKTOP-KEI', ip: '172.27.24.217', os.name: 'Windows 10', os.arch: 'amd64', os.version: '10.0', java.version: '15.0.2'
Driver info: driver.version: AndroidDriver
at io.appium.java_client.remote.AppiumCommandExecutor$1.createSession(AppiumCommandExecutor.java:216)
at io.appium.java_client.remote.AppiumCommandExecutor.createSession(AppiumCommandExecutor.java:225)
at io.appium.java_client.remote.AppiumCommandExecutor.execute(AppiumCommandExecutor.java:247)
at org.openqa.selenium.remote.RemoteWebDriver.execute(RemoteWebDriver.java:548)
at io.appium.java_client.DefaultGenericMobileDriver.execute(DefaultGenericMobileDriver.java:41)
at io.appium.java_client.AppiumDriver.execute(AppiumDriver.java:1)
at io.appium.java_client.android.AndroidDriver.execute(AndroidDriver.java:1)
at unit.Utilities.execute(Utilities.java:1)
at org.openqa.selenium.remote.RemoteWebDriver.startSession(RemoteWebDriver.java:212)
at io.appium.java_client.AppiumDriver.startSession(AppiumDriver.java:338)
at org.openqa.selenium.remote.RemoteWebDriver.<init>(RemoteWebDriver.java:130)
at io.appium.java_client.DefaultGenericMobileDriver.<init>(DefaultGenericMobileDriver.java:37)
at io.appium.java_client.AppiumDriver.<init>(AppiumDriver.java:89)
at io.appium.java_client.AppiumDriver.<init>(AppiumDriver.java:99)
at io.appium.java_client.android.AndroidDriver.<init>(AndroidDriver.java:96)
at unit.Utilities.<init>(Utilities.java:143)
at TestNG_Set.Chips_TestCase.setupClass(Chips_TestCase.java:85)
at java.base/java.util.ArrayList.forEach(ArrayList.java:1511)
at java.base/java.util.concurrent.FutureTask.run(FutureTask.java:264)
at java.base/java.util.concurrent.ThreadPoolExecutor.runWorker(ThreadPoolExecutor.java:1130)
at java.base/java.util.concurrent.ThreadPoolExecutor$Worker.run(ThreadPoolExecutor.java:630)
at java.base/java.lang.Thread.run(Thread.java:832)
at io.appium.java_client.remote.AppiumCommandExecutor$1.createSession(AppiumCommandExecutor.java:193)
... 37 more
Caused by: org.openqa.selenium.WebDriverException: An unknown server-side error occurred while processing the command. Original error: Could not find a connected Android device in 20239ms.
Build info: version: '3.14.0', revision: 'aacccce0', time: '2018-08-02T20:19:58.91Z'
System info: host: 'DESKTOP-KEI', ip: '172.27.24.217', os.name: 'Windows 10', os.arch: 'amd64', os.version: '10.0', java.version: '15.0.2'
Driver info: driver.version: AndroidDriver
remote stacktrace: UnknownError: An unknown server-side error occurred while processing the command. Original error: Could not find a connected Android device in 20239ms.
    at getResponseForW3CError (C:\Users\kei\AppData\Local\Programs\Appium\resources\app\node_modules\appium\node_modules\appium-base-driver\lib\protocol\errors.js:804:9)
    at asyncHandler (C:\Users\kei\AppData\Local\Programs\Appium\resources\app\node_modules\appium\node_modules\appium-base-driver\lib\protocol\protocol.js:380:37)
at org.openqa.selenium.remote.W3CHandshakeResponse.lambda$new$0(W3CHandshakeResponse.java:57)
at org.openqa.selenium.remote.W3CHandshakeResponse.lambda$getResponseFunction$2(W3CHandshakeResponse.java:104)
at org.openqa.selenium.remote.ProtocolHandshake.lambda$createSession$0(ProtocolHandshake.java:122)
at java.base/java.util.stream.ReferencePipeline$3$1.accept(ReferencePipeline.java:195)
at java.base/java.util.Spliterators$ArraySpliterator.tryAdvance(Spliterators.java:958)
at java.base/java.util.stream.ReferencePipeline.forEachWithCancel(ReferencePipeline.java:127)
at java.base/java.util.stream.AbstractPipeline.copyIntoWithCancel(AbstractPipeline.java:502)
at java.base/java.util.stream.AbstractPipeline.copyInto(AbstractPipeline.java:488)
at java.base/java.util.stream.AbstractPipeline.wrapAndCopyInto(AbstractPipeline.java:474)
at java.base/java.util.stream.FindOps$FindOp.evaluateSequential(FindOps.java:150)
at java.base/java.util.stream.AbstractPipeline.evaluate(AbstractPipeline.java:234)
at java.base/java.util.stream.ReferencePipeline.findFirst(ReferencePipeline.java:543)
at org.openqa.selenium.remote.ProtocolHandshake.createSession(ProtocolHandshake.java:125)
... 42 more
... Removed 26 stack frames]]>
    </failure>
  </testcase> <!-- @BeforeClass setupClass -->
  <testcase classname="TestNG_Set.Chips_TestCase" name="@BeforeMethod BeforeMethod" time="-1.62752638203E9">
    <skipped/>
  </testcase> <!-- @BeforeMethod BeforeMethod -->
  <testcase classname="TestNG_Set.Chips_TestCase" name="@AfterMethod AfterMethod" time="-1.627526382031E9">
    <skipped/>
  </testcase> <!-- @AfterMethod AfterMethod -->
  <testcase classname="TestNG_Set.Chips_TestCase" name="@BeforeMethod BeforeMethod" time="-1.627526382032E9">
    <skipped/>
  </testcase> <!-- @BeforeMethod BeforeMethod -->
  <testcase classname="TestNG_Set.Chips_TestCase" name="@AfterMethod AfterMethod" time="-1.627526382033E9">
    <skipped/>
  </testcase> <!-- @AfterMethod AfterMethod -->
  <testcase classname="TestNG_Set.Chips_TestCase" name="@AfterClass tearDownClass" time="-1.627526382033E9">
    <skipped/>
  </testcase> <!-- @AfterClass tearDownClass -->
  <testcase classname="TestNG_Set.Chips_TestCase" name="@BeforeClass setupClass" time="26.904">
    <failure type="org.openqa.selenium.SessionNotCreatedException" message="Unable to create a new remote session. Please check the server log for more details. Original error: An unknown server-side error occurred while processing the command. Original error: Could not find a connected Android device in 20320ms.
Build info: version: &amp;apos;3.14.0&amp;apos;, revision: &amp;apos;aacccce0&amp;apos;, time: &amp;apos;2018-08-02T20:19:58.91Z&amp;apos;
System info: host: &amp;apos;DESKTOP-KEI&amp;apos;, ip: &amp;apos;172.27.24.217&amp;apos;, os.name: &amp;apos;Windows 10&amp;apos;, os.arch: &amp;apos;amd64&amp;apos;, os.version: &amp;apos;10.0&amp;apos;, java.version: &amp;apos;15.0.2&amp;apos;
Driver info: driver.version: AndroidDriver
remote stacktrace: UnknownError: An unknown server-side error occurred while processing the command. Original error: Could not find a connected Android device in 20320ms.
    at getResponseForW3CError (C:\Users\kei\AppData\Local\Programs\Appium\resources\app\node_modules\appium\node_modules\appium-base-driver\lib\protocol\errors.js:804:9)
    at asyncHandler (C:\Users\kei\AppData\Local\Programs\Appium\resources\app\node_modules\appium\node_modules\appium-base-driver\lib\protocol\protocol.js:380:37)
Build info: version: &amp;apos;3.14.0&amp;apos;, revision: &amp;apos;aacccce0&amp;apos;, time: &amp;apos;2018-08-02T20:19:58.91Z&amp;apos;
System info: host: &amp;apos;DESKTOP-KEI&amp;apos;, ip: &amp;apos;172.27.24.217&amp;apos;, os.name: &amp;apos;Windows 10&amp;apos;, os.arch: &amp;apos;amd64&amp;apos;, os.version: &amp;apos;10.0&amp;apos;, java.version: &amp;apos;15.0.2&amp;apos;
Driver info: driver.version: AndroidDriver">
      <![CDATA[org.openqa.selenium.SessionNotCreatedException: Unable to create a new remote session. Please check the server log for more details. Original error: An unknown server-side error occurred while processing the command. Original error: Could not find a connected Android device in 20320ms.
Build info: version: '3.14.0', revision: 'aacccce0', time: '2018-08-02T20:19:58.91Z'
System info: host: 'DESKTOP-KEI', ip: '172.27.24.217', os.name: 'Windows 10', os.arch: 'amd64', os.version: '10.0', java.version: '15.0.2'
Driver info: driver.version: AndroidDriver
remote stacktrace: UnknownError: An unknown server-side error occurred while processing the command. Original error: Could not find a connected Android device in 20320ms.
    at getResponseForW3CError (C:\Users\kei\AppData\Local\Programs\Appium\resources\app\node_modules\appium\node_modules\appium-base-driver\lib\protocol\errors.js:804:9)
    at asyncHandler (C:\Users\kei\AppData\Local\Programs\Appium\resources\app\node_modules\appium\node_modules\appium-base-driver\lib\protocol\protocol.js:380:37)
Build info: version: '3.14.0', revision: 'aacccce0', time: '2018-08-02T20:19:58.91Z'
System info: host: 'DESKTOP-KEI', ip: '172.27.24.217', os.name: 'Windows 10', os.arch: 'amd64', os.version: '10.0', java.version: '15.0.2'
Driver info: driver.version: AndroidDriver
at io.appium.java_client.remote.AppiumCommandExecutor$1.createSession(AppiumCommandExecutor.java:216)
at io.appium.java_client.remote.AppiumCommandExecutor.createSession(AppiumCommandExecutor.java:225)
at io.appium.java_client.remote.AppiumCommandExecutor.execute(AppiumCommandExecutor.java:247)
at org.openqa.selenium.remote.RemoteWebDriver.execute(RemoteWebDriver.java:548)
at io.appium.java_client.DefaultGenericMobileDriver.execute(DefaultGenericMobileDriver.java:41)
at io.appium.java_client.AppiumDriver.execute(AppiumDriver.java:1)
at io.appium.java_client.android.AndroidDriver.execute(AndroidDriver.java:1)
at unit.Utilities.execute(Utilities.java:1)
at org.openqa.selenium.remote.RemoteWebDriver.startSession(RemoteWebDriver.java:212)
at io.appium.java_client.AppiumDriver.startSession(AppiumDriver.java:338)
at org.openqa.selenium.remote.RemoteWebDriver.<init>(RemoteWebDriver.java:130)
at io.appium.java_client.DefaultGenericMobileDriver.<init>(DefaultGenericMobileDriver.java:37)
at io.appium.java_client.AppiumDriver.<init>(AppiumDriver.java:89)
at io.appium.java_client.AppiumDriver.<init>(AppiumDriver.java:99)
at io.appium.java_client.android.AndroidDriver.<init>(AndroidDriver.java:96)
at unit.Utilities.<init>(Utilities.java:143)
at TestNG_Set.Chips_TestCase.setupClass(Chips_TestCase.java:85)
at java.base/java.util.ArrayList.forEach(ArrayList.java:1511)
at java.base/java.util.concurrent.FutureTask.run(FutureTask.java:264)
at java.base/java.util.concurrent.ThreadPoolExecutor.runWorker(ThreadPoolExecutor.java:1130)
at java.base/java.util.concurrent.ThreadPoolExecutor$Worker.run(ThreadPoolExecutor.java:630)
at java.base/java.lang.Thread.run(Thread.java:832)
at io.appium.java_client.remote.AppiumCommandExecutor$1.createSession(AppiumCommandExecutor.java:193)
... 36 more
Caused by: org.openqa.selenium.WebDriverException: An unknown server-side error occurred while processing the command. Original error: Could not find a connected Android device in 20320ms.
Build info: version: '3.14.0', revision: 'aacccce0', time: '2018-08-02T20:19:58.91Z'
System info: host: 'DESKTOP-KEI', ip: '172.27.24.217', os.name: 'Windows 10', os.arch: 'amd64', os.version: '10.0', java.version: '15.0.2'
Driver info: driver.version: AndroidDriver
remote stacktrace: UnknownError: An unknown server-side error occurred while processing the command. Original error: Could not find a connected Android device in 20320ms.
    at getResponseForW3CError (C:\Users\kei\AppData\Local\Programs\Appium\resources\app\node_modules\appium\node_modules\appium-base-driver\lib\protocol\errors.js:804:9)
    at asyncHandler (C:\Users\kei\AppData\Local\Programs\Appium\resources\app\node_modules\appium\node_modules\appium-base-driver\lib\protocol\protocol.js:380:37)
at org.openqa.selenium.remote.W3CHandshakeResponse.lambda$new$0(W3CHandshakeResponse.java:57)
at org.openqa.selenium.remote.W3CHandshakeResponse.lambda$getResponseFunction$2(W3CHandshakeResponse.java:104)
at org.openqa.selenium.remote.ProtocolHandshake.lambda$createSession$0(ProtocolHandshake.java:122)
at java.base/java.util.stream.ReferencePipeline$3$1.accept(ReferencePipeline.java:195)
at java.base/java.util.Spliterators$ArraySpliterator.tryAdvance(Spliterators.java:958)
at java.base/java.util.stream.ReferencePipeline.forEachWithCancel(ReferencePipeline.java:127)
at java.base/java.util.stream.AbstractPipeline.copyIntoWithCancel(AbstractPipeline.java:502)
at java.base/java.util.stream.AbstractPipeline.copyInto(AbstractPipeline.java:488)
at java.base/java.util.stream.AbstractPipeline.wrapAndCopyInto(AbstractPipeline.java:474)
at java.base/java.util.stream.FindOps$FindOp.evaluateSequential(FindOps.java:150)
at java.base/java.util.stream.AbstractPipeline.evaluate(AbstractPipeline.java:234)
at java.base/java.util.stream.ReferencePipeline.findFirst(ReferencePipeline.java:543)
at org.openqa.selenium.remote.ProtocolHandshake.createSession(ProtocolHandshake.java:125)
... 40 more
... Removed 24 stack frames]]>
    </failure>
  </testcase> <!-- @BeforeClass setupClass -->
  <testcase classname="TestNG_Set.Chips_TestCase" name="@BeforeMethod BeforeMethod" time="-1.627526408938E9">
    <skipped/>
  </testcase> <!-- @BeforeMethod BeforeMethod -->
  <testcase classname="TestNG_Set.Chips_TestCase" name="@AfterMethod AfterMethod" time="-1.62752640894E9">
    <skipped/>
  </testcase> <!-- @AfterMethod AfterMethod -->
  <testcase classname="TestNG_Set.Chips_TestCase" name="@BeforeMethod BeforeMethod" time="-1.62752640894E9">
    <skipped/>
  </testcase> <!-- @BeforeMethod BeforeMethod -->
  <testcase classname="TestNG_Set.Chips_TestCase" name="@AfterMethod AfterMethod" time="-1.627526408941E9">
    <skipped/>
  </testcase> <!-- @AfterMethod AfterMethod -->
  <testcase classname="TestNG_Set.Chips_TestCase" name="@BeforeMethod BeforeMethod" time="-1.627526408942E9">
    <skipped/>
  </testcase> <!-- @BeforeMethod BeforeMethod -->
  <testcase classname="TestNG_Set.Chips_TestCase" name="@AfterMethod AfterMethod" time="-1.627526408943E9">
    <skipped/>
  </testcase> <!-- @AfterMethod AfterMethod -->
  <testcase classname="TestNG_Set.Chips_TestCase" name="@BeforeMethod BeforeMethod" time="-1.627526408943E9">
    <skipped/>
  </testcase> <!-- @BeforeMethod BeforeMethod -->
  <testcase classname="TestNG_Set.Chips_TestCase" name="@AfterMethod AfterMethod" time="-1.627526408945E9">
    <skipped/>
  </testcase> <!-- @AfterMethod AfterMethod -->
  <testcase classname="TestNG_Set.Chips_TestCase" name="@BeforeMethod BeforeMethod" time="-1.627526408945E9">
    <skipped/>
  </testcase> <!-- @BeforeMethod BeforeMethod -->
  <testcase classname="TestNG_Set.Chips_TestCase" name="@AfterMethod AfterMethod" time="-1.627526408947E9">
    <skipped/>
  </testcase> <!-- @AfterMethod AfterMethod -->
  <testcase classname="TestNG_Set.Chips_TestCase" name="@BeforeMethod BeforeMethod" time="-1.627526408948E9">
    <skipped/>
  </testcase> <!-- @BeforeMethod BeforeMethod -->
  <testcase classname="TestNG_Set.Chips_TestCase" name="@AfterMethod AfterMethod" time="-1.627526408949E9">
    <skipped/>
  </testcase> <!-- @AfterMethod AfterMethod -->
  <testcase classname="TestNG_Set.Chips_TestCase" name="@BeforeMethod BeforeMethod" time="-1.62752640895E9">
    <skipped/>
  </testcase> <!-- @BeforeMethod BeforeMethod -->
  <testcase classname="TestNG_Set.Chips_TestCase" name="@AfterMethod AfterMethod" time="-1.627526408951E9">
    <skipped/>
  </testcase> <!-- @AfterMethod AfterMethod -->
  <testcase classname="TestNG_Set.Chips_TestCase" name="@BeforeMethod BeforeMethod" time="-1.627526408952E9">
    <skipped/>
  </testcase> <!-- @BeforeMethod BeforeMethod -->
  <testcase classname="TestNG_Set.Chips_TestCase" name="@AfterMethod AfterMethod" time="-1.627526408953E9">
    <skipped/>
  </testcase> <!-- @AfterMethod AfterMethod -->
  <testcase classname="TestNG_Set.Chips_TestCase" name="@BeforeMethod BeforeMethod" time="-1.627526408953E9">
    <skipped/>
  </testcase> <!-- @BeforeMethod BeforeMethod -->
  <testcase classname="TestNG_Set.Chips_TestCase" name="@AfterMethod AfterMethod" time="-1.627526408954E9">
    <skipped/>
  </testcase> <!-- @AfterMethod AfterMethod -->
  <testcase classname="TestNG_Set.Chips_TestCase" name="@BeforeMethod BeforeMethod" time="-1.627526408954E9">
    <skipped/>
  </testcase> <!-- @BeforeMethod BeforeMethod -->
  <testcase classname="TestNG_Set.Chips_TestCase" name="@AfterMethod AfterMethod" time="-1.627526408956E9">
    <skipped/>
  </testcase> <!-- @AfterMethod AfterMethod -->
  <testcase classname="TestNG_Set.Chips_TestCase" name="@BeforeMethod BeforeMethod" time="-1.627526408956E9">
    <skipped/>
  </testcase> <!-- @BeforeMethod BeforeMethod -->
  <testcase classname="TestNG_Set.Chips_TestCase" name="@AfterMethod AfterMethod" time="-1.627526408957E9">
    <skipped/>
  </testcase> <!-- @AfterMethod AfterMethod -->
  <testcase classname="TestNG_Set.Chips_TestCase" name="@BeforeMethod BeforeMethod" time="-1.627526408958E9">
    <skipped/>
  </testcase> <!-- @BeforeMethod BeforeMethod -->
  <testcase classname="TestNG_Set.Chips_TestCase" name="@AfterMethod AfterMethod" time="-1.627526408959E9">
    <skipped/>
  </testcase> <!-- @AfterMethod AfterMethod -->
  <testcase classname="TestNG_Set.Chips_TestCase" name="@BeforeMethod BeforeMethod" time="-1.627526408959E9">
    <skipped/>
  </testcase> <!-- @BeforeMethod BeforeMethod -->
  <testcase classname="TestNG_Set.Chips_TestCase" name="@AfterMethod AfterMethod" time="-1.627526408961E9">
    <skipped/>
  </testcase> <!-- @AfterMethod AfterMethod -->
  <testcase classname="TestNG_Set.Chips_TestCase" name="@BeforeMethod BeforeMethod" time="-1.627526408961E9">
    <skipped/>
  </testcase> <!-- @BeforeMethod BeforeMethod -->
  <testcase classname="TestNG_Set.Chips_TestCase" name="@AfterMethod AfterMethod" time="-1.627526408963E9">
    <skipped/>
  </testcase> <!-- @AfterMethod AfterMethod -->
  <testcase classname="TestNG_Set.Chips_TestCase" name="@BeforeMethod BeforeMethod" time="-1.627526408964E9">
    <skipped/>
  </testcase> <!-- @BeforeMethod BeforeMethod -->
  <testcase classname="TestNG_Set.Chips_TestCase" name="@AfterMethod AfterMethod" time="-1.627526408965E9">
    <skipped/>
  </testcase> <!-- @AfterMethod AfterMethod -->
  <testcase classname="TestNG_Set.Chips_TestCase" name="@BeforeMethod BeforeMethod" time="-1.627526408965E9">
    <skipped/>
  </testcase> <!-- @BeforeMethod BeforeMethod -->
  <testcase classname="TestNG_Set.Chips_TestCase" name="@AfterMethod AfterMethod" time="-1.627526408967E9">
    <skipped/>
  </testcase> <!-- @AfterMethod AfterMethod -->
  <testcase classname="TestNG_Set.Chips_TestCase" name="@BeforeMethod BeforeMethod" time="-1.627526408967E9">
    <skipped/>
  </testcase> <!-- @BeforeMethod BeforeMethod -->
  <testcase classname="TestNG_Set.Chips_TestCase" name="@AfterMethod AfterMethod" time="-1.627526408968E9">
    <skipped/>
  </testcase> <!-- @AfterMethod AfterMethod -->
  <testcase classname="TestNG_Set.Chips_TestCase" name="@BeforeMethod BeforeMethod" time="-1.627526408969E9">
    <skipped/>
  </testcase> <!-- @BeforeMethod BeforeMethod -->
  <testcase classname="TestNG_Set.Chips_TestCase" name="@AfterMethod AfterMethod" time="-1.62752640897E9">
    <skipped/>
  </testcase> <!-- @AfterMethod AfterMethod -->
  <testcase classname="TestNG_Set.Chips_TestCase" name="@AfterClass tearDownClass" time="-1.62752640897E9">
    <skipped/>
  </testcase> <!-- @AfterClass tearDownClass -->
  <testcase classname="TestNG_Set.Chips_TestCase" name="@BeforeClass setupClass" time="26.732">
    <failure type="org.openqa.selenium.SessionNotCreatedException" message="Unable to create a new remote session. Please check the server log for more details. Original error: An unknown server-side error occurred while processing the command. Original error: Could not find a connected Android device in 20024ms.
Build info: version: &amp;apos;3.14.0&amp;apos;, revision: &amp;apos;aacccce0&amp;apos;, time: &amp;apos;2018-08-02T20:19:58.91Z&amp;apos;
System info: host: &amp;apos;DESKTOP-KEI&amp;apos;, ip: &amp;apos;172.27.24.217&amp;apos;, os.name: &amp;apos;Windows 10&amp;apos;, os.arch: &amp;apos;amd64&amp;apos;, os.version: &amp;apos;10.0&amp;apos;, java.version: &amp;apos;15.0.2&amp;apos;
Driver info: driver.version: AndroidDriver
remote stacktrace: UnknownError: An unknown server-side error occurred while processing the command. Original error: Could not find a connected Android device in 20024ms.
    at getResponseForW3CError (C:\Users\kei\AppData\Local\Programs\Appium\resources\app\node_modules\appium\node_modules\appium-base-driver\lib\protocol\errors.js:804:9)
    at asyncHandler (C:\Users\kei\AppData\Local\Programs\Appium\resources\app\node_modules\appium\node_modules\appium-base-driver\lib\protocol\protocol.js:380:37)
Build info: version: &amp;apos;3.14.0&amp;apos;, revision: &amp;apos;aacccce0&amp;apos;, time: &amp;apos;2018-08-02T20:19:58.91Z&amp;apos;
System info: host: &amp;apos;DESKTOP-KEI&amp;apos;, ip: &amp;apos;172.27.24.217&amp;apos;, os.name: &amp;apos;Windows 10&amp;apos;, os.arch: &amp;apos;amd64&amp;apos;, os.version: &amp;apos;10.0&amp;apos;, java.version: &amp;apos;15.0.2&amp;apos;
Driver info: driver.version: AndroidDriver">
      <![CDATA[org.openqa.selenium.SessionNotCreatedException: Unable to create a new remote session. Please check the server log for more details. Original error: An unknown server-side error occurred while processing the command. Original error: Could not find a connected Android device in 20024ms.
Build info: version: '3.14.0', revision: 'aacccce0', time: '2018-08-02T20:19:58.91Z'
System info: host: 'DESKTOP-KEI', ip: '172.27.24.217', os.name: 'Windows 10', os.arch: 'amd64', os.version: '10.0', java.version: '15.0.2'
Driver info: driver.version: AndroidDriver
remote stacktrace: UnknownError: An unknown server-side error occurred while processing the command. Original error: Could not find a connected Android device in 20024ms.
    at getResponseForW3CError (C:\Users\kei\AppData\Local\Programs\Appium\resources\app\node_modules\appium\node_modules\appium-base-driver\lib\protocol\errors.js:804:9)
    at asyncHandler (C:\Users\kei\AppData\Local\Programs\Appium\resources\app\node_modules\appium\node_modules\appium-base-driver\lib\protocol\protocol.js:380:37)
Build info: version: '3.14.0', revision: 'aacccce0', time: '2018-08-02T20:19:58.91Z'
System info: host: 'DESKTOP-KEI', ip: '172.27.24.217', os.name: 'Windows 10', os.arch: 'amd64', os.version: '10.0', java.version: '15.0.2'
Driver info: driver.version: AndroidDriver
at io.appium.java_client.remote.AppiumCommandExecutor$1.createSession(AppiumCommandExecutor.java:216)
at io.appium.java_client.remote.AppiumCommandExecutor.createSession(AppiumCommandExecutor.java:225)
at io.appium.java_client.remote.AppiumCommandExecutor.execute(AppiumCommandExecutor.java:247)
at org.openqa.selenium.remote.RemoteWebDriver.execute(RemoteWebDriver.java:548)
at io.appium.java_client.DefaultGenericMobileDriver.execute(DefaultGenericMobileDriver.java:41)
at io.appium.java_client.AppiumDriver.execute(AppiumDriver.java:1)
at io.appium.java_client.android.AndroidDriver.execute(AndroidDriver.java:1)
at unit.Utilities.execute(Utilities.java:1)
at org.openqa.selenium.remote.RemoteWebDriver.startSession(RemoteWebDriver.java:212)
at io.appium.java_client.AppiumDriver.startSession(AppiumDriver.java:338)
at org.openqa.selenium.remote.RemoteWebDriver.<init>(RemoteWebDriver.java:130)
at io.appium.java_client.DefaultGenericMobileDriver.<init>(DefaultGenericMobileDriver.java:37)
at io.appium.java_client.AppiumDriver.<init>(AppiumDriver.java:89)
at io.appium.java_client.AppiumDriver.<init>(AppiumDriver.java:99)
at io.appium.java_client.android.AndroidDriver.<init>(AndroidDriver.java:96)
at unit.Utilities.<init>(Utilities.java:143)
at TestNG_Set.Chips_TestCase.setupClass(Chips_TestCase.java:85)
at java.base/java.util.ArrayList.forEach(ArrayList.java:1511)
at java.base/java.util.concurrent.FutureTask.run(FutureTask.java:264)
at java.base/java.util.concurrent.ThreadPoolExecutor.runWorker(ThreadPoolExecutor.java:1130)
at java.base/java.util.concurrent.ThreadPoolExecutor$Worker.run(ThreadPoolExecutor.java:630)
at java.base/java.lang.Thread.run(Thread.java:832)
at io.appium.java_client.remote.AppiumCommandExecutor$1.createSession(AppiumCommandExecutor.java:193)
... 36 more
Caused by: org.openqa.selenium.WebDriverException: An unknown server-side error occurred while processing the command. Original error: Could not find a connected Android device in 20024ms.
Build info: version: '3.14.0', revision: 'aacccce0', time: '2018-08-02T20:19:58.91Z'
System info: host: 'DESKTOP-KEI', ip: '172.27.24.217', os.name: 'Windows 10', os.arch: 'amd64', os.version: '10.0', java.version: '15.0.2'
Driver info: driver.version: AndroidDriver
remote stacktrace: UnknownError: An unknown server-side error occurred while processing the command. Original error: Could not find a connected Android device in 20024ms.
    at getResponseForW3CError (C:\Users\kei\AppData\Local\Programs\Appium\resources\app\node_modules\appium\node_modules\appium-base-driver\lib\protocol\errors.js:804:9)
    at asyncHandler (C:\Users\kei\AppData\Local\Programs\Appium\resources\app\node_modules\appium\node_modules\appium-base-driver\lib\protocol\protocol.js:380:37)
at org.openqa.selenium.remote.W3CHandshakeResponse.lambda$new$0(W3CHandshakeResponse.java:57)
at org.openqa.selenium.remote.W3CHandshakeResponse.lambda$getResponseFunction$2(W3CHandshakeResponse.java:104)
at org.openqa.selenium.remote.ProtocolHandshake.lambda$createSession$0(ProtocolHandshake.java:122)
at java.base/java.util.stream.ReferencePipeline$3$1.accept(ReferencePipeline.java:195)
at java.base/java.util.Spliterators$ArraySpliterator.tryAdvance(Spliterators.java:958)
[...]
  <testcase classname="Chips_004_생활정보.생활정보_13_운세" name="TC_0808_Chips_운세_다음주_미지원_확인" time="0.0">
    <skipped/>
  </testcase> <!-- TC_0808_Chips_운세_다음주_미지원_확인 -->
  <testcase classname="Chips_004_생활정보.생활정보_13_운세" name="TC_0809_Chips_운세_다음달_미지원_확인" time="0.0">
    <skipped/>
  </testcase> <!-- TC_0809_Chips_운세_다음달_미지원_확인 -->
  <testcase classname="Chips_004_생활정보.생활정보_14_뉴스" name="TC_0000_앱실행과AccessToken얻기" time="0.0">
    <skipped/>
  </testcase> <!-- TC_0000_앱실행과AccessToken얻기 -->
  <testcase classname="Chips_004_생활정보.생활정보_14_뉴스" name="TC_0811_Chips_뉴스_기본설정_CBS뉴스_확인" time="0.0">
    <skipped/>
  </testcase> <!-- TC_0811_Chips_뉴스_기본설정_CBS뉴스_확인 -->
  <testcase classname="Chips_004_생활정보.생활정보_14_뉴스" name="TC_0812_Chips_뉴스_기본설정_CBS뉴스_확인" time="0.0">
    <skipped/>
  </testcase> <!-- TC_0812_Chips_뉴스_기본설정_CBS뉴스_확인 -->
  <testcase classname="Chips_004_생활정보.생활정보_14_뉴스" name="TC_0813_Chips_뉴스_KBS뉴스_확인" time="0.0">
    <skipped/>
  </testcase> <!-- TC_0813_Chips_뉴스_KBS뉴스_확인 -->
  <testcase classname="Chips_004_생활정보.생활정보_14_뉴스" name="TC_0814_Chips_뉴스_CBS뉴스_확인" time="0.0">
    <skipped/>
  </testcase> <!-- TC_0814_Chips_뉴스_CBS뉴스_확인 -->
  <testcase classname="Chips_004_생활정보.생활정보_14_뉴스" name="TC_0815_1_Chips_뉴스_MBC뉴스_확인" time="0.0">
    <skipped/>
  </testcase> <!-- TC_0815_1_Chips_뉴스_MBC뉴스_확인 -->
  <testcase classname="Chips_004_생활정보.생활정보_14_뉴스" name="TC_0815_2_Chips_뉴스_TBS뉴스_확인" time="0.0">
    <skipped/>
  </testcase> <!-- TC_0815_2_Chips_뉴스_TBS뉴스_확인 -->
  <testcase classname="Chips_004_생활정보.생활정보_14_뉴스" name="TC_0815_2_Chips_뉴스_연합뉴스뉴스_확인" time="0.0">
    <skipped/>
  </testcase> <!-- TC_0815_2_Chips_뉴스_연합뉴스뉴스_확인 -->
  <testcase classname="Chips_004_생활정보.생활정보_14_뉴스" name="TC_0815_Chips_뉴스_SBS뉴스_확인" time="0.0">
    <skipped/>
  </testcase> <!-- TC_0815_Chips_뉴스_SBS뉴스_확인 -->
  <testcase classname="Chips_004_생활정보.생활정보_14_뉴스" name="TC_0816_Chips_뉴스_오늘뉴스_확인" time="0.0">
    <skipped/>
  </testcase> <!-- TC_0816_Chips_뉴스_오늘뉴스_확인 -->
  <testcase classname="Chips_004_생활정보.생활정보_14_뉴스" name="TC_0817_Chips_뉴스_연예특정뉴스_확인" time="0.0">
    <skipped/>
  </testcase> <!-- TC_0817_Chips_뉴스_연예특정뉴스_확인 -->
  <testcase classname="Chips_004_생활정보.생활정보_14_뉴스" name="TC_0818_Chips_뉴스_스포츠특정뉴스_확인" time="0.0">
    <skipped/>
  </testcase> <!-- TC_0818_Chips_뉴스_스포츠특정뉴스_확인 -->
  <testcase classname="Chips_004_생활정보.생활정보_14_뉴스" name="TC_0819_Chips_뉴스_미지원채널_확인" time="0.0">
    <skipped/>
  </testcase> <!-- TC_0819_Chips_뉴스_미지원채널_확인 -->
  <testcase classname="Chips_004_생활정보.생활정보_14_뉴스" name="TC_0820_Chips_뉴스_미지원채널_확인" time="0.0">
    <skipped/>
  </testcase> <!-- TC_0820_Chips_뉴스_미지원채널_확인 -->
  <testcase classname="Chips_004_생활정보.생활정보_14_뉴스" name="TC_0821_Chips_뉴스_SK텔레콤_키워드뉴스_확인" time="0.0">
    <skipped/>
  </testcase> <!-- TC_0821_Chips_뉴스_SK텔레콤_키워드뉴스_확인 -->
  <testcase classname="Chips_004_생활정보.생활정보_14_뉴스" name="TC_0822_Chips_뉴스_세종병원화재_키워드뉴스_확인" time="0.0">
    <skipped/>
  </testcase> <!-- TC_0822_Chips_뉴스_세종병원화재_키워드뉴스_확인 -->
  <testcase classname="Chips_004_생활정보.생활정보_14_뉴스" name="TC_0823_Chips_뉴스_컴퓨터_키워드뉴스_확인" time="0.0">
    <skipped/>
  </testcase> <!-- TC_0823_Chips_뉴스_컴퓨터_키워드뉴스_확인 -->
  <testcase classname="Chips_004_생활정보.생활정보_14_뉴스" name="TC_0824_Chips_뉴스_NUGU토픽_확인" time="0.0">
    <skipped/>
  </testcase> <!-- TC_0824_Chips_뉴스_NUGU토픽_확인 -->
  <testcase classname="Chips_004_생활정보.생활정보_14_뉴스" name="TC_0825_Chips_뉴스_키워드뉴스없음_확인" time="0.0">
    <skipped/>
  </testcase> <!-- TC_0825_Chips_뉴스_키워드뉴스없음_확인 -->
  <testcase classname="Chips_004_생활정보.생활정보_14_뉴스" name="TC_0826_Chips_뉴스_지난주뉴스_확인" time="0.0">
    <skipped/>
  </testcase> <!-- TC_0826_Chips_뉴스_지난주뉴스_확인 -->
  <testcase classname="Chips_004_생활정보.생활정보_14_뉴스" name="TC_0827_Chips_뉴스_지난주연예뉴스_확인" time="0.0">
    <skipped/>
  </testcase> <!-- TC_0827_Chips_뉴스_지난주연예뉴스_확인 -->
  <testcase classname="Chips_004_생활정보.생활정보_14_뉴스" name="TC_0828_Chips_뉴스_N월첫째주스포츠뉴스_확인" time="0.0">
    <skipped/>
  </testcase> <!-- TC_0828_Chips_뉴스_N월첫째주스포츠뉴스_확인 -->
  <testcase classname="Chips_004_생활정보.생활정보_14_뉴스" name="TC_0829_Chips_뉴스_지난주SK텔레콤뉴스_확인" time="0.0">
    <skipped/>
  </testcase> <!-- TC_0829_Chips_뉴스_지난주SK텔레콤뉴스_확인 -->
  <testcase classname="Chips_004_생활정보.생활정보_14_뉴스" name="TC_0830_Chips_뉴스_지난달뉴스_확인" time="0.0">
    <skipped/>
  </testcase> <!-- TC_0830_Chips_뉴스_지난달뉴스_확인 -->
  <testcase classname="Chips_004_생활정보.생활정보_14_뉴스" name="TC_0831_Chips_뉴스_지난달스포츠뉴스_확인" time="0.0">
    <skipped/>
  </testcase> <!-- TC_0831_Chips_뉴스_지난달스포츠뉴스_확인 -->
  <testcase classname="Chips_004_생활정보.생활정보_14_뉴스" name="TC_0831_Chips_뉴스_지난달연예뉴스_확인" time="0.0">
    <skipped/>
  </testcase> <!-- TC_0831_Chips_뉴스_지난달연예뉴스_확인 -->
  <testcase classname="Chips_004_생활정보.생활정보_14_뉴스" name="TC_0832_Chips_뉴스_지난달SK텔레콤뉴스_확인" time="0.0">
    <skipped/>
  </testcase> <!-- TC_0832_Chips_뉴스_지난달SK텔레콤뉴스_확인 -->
  <testcase classname="Chips_004_생활정보.생활정보_14_뉴스" name="TC_0834_Chips_뉴스_어제뉴스_확인" time="0.0">
    <skipped/>
  </testcase> <!-- TC_0834_Chips_뉴스_어제뉴스_확인 -->
  <testcase classname="Chips_004_생활정보.생활정보_14_뉴스" name="TC_0835_Chips_뉴스_그저께뉴스_확인" time="0.0">
    <skipped/>
  </testcase> <!-- TC_0835_Chips_뉴스_그저께뉴스_확인 -->
  <testcase classname="Chips_004_생활정보.생활정보_14_뉴스" name="TC_0836_Chips_뉴스_그저께스포츠뉴스_확인" time="0.0">
    <skipped/>
  </testcase> <!-- TC_0836_Chips_뉴스_그저께스포츠뉴스_확인 -->
  <testcase classname="Chips_004_생활정보.생활정보_14_뉴스" name="TC_0837_Chips_뉴스_미지원기간뉴스_과거특정일_확인" time="0.0">
    <skipped/>
  </testcase> <!-- TC_0837_Chips_뉴스_미지원기간뉴스_과거특정일_확인 -->
  <testcase classname="Chips_004_생활정보.생활정보_14_뉴스" name="TC_0838_Chips_뉴스_미지원기간뉴스_내일_확인" time="0.0">
    <skipped/>
  </testcase> <!-- TC_0838_Chips_뉴스_미지원기간뉴스_내일_확인 -->
  <testcase classname="Chips_004_생활정보.생활정보_14_뉴스" name="TC_0839_Chips_뉴스_미지원기간뉴스_모레_확인" time="0.0">
    <skipped/>
  </testcase> <!-- TC_0839_Chips_뉴스_미지원기간뉴스_모레_확인 -->
  <testcase classname="Chips_004_생활정보.생활정보_15_뉴스_재생컨트롤러" name="TC_0000_앱실행과AccessToken얻기" time="0.0">
    <skipped/>
  </testcase> <!-- TC_0000_앱실행과AccessToken얻기 -->
  <testcase classname="Chips_004_생활정보.생활정보_15_뉴스_재생컨트롤러" name="TC_0844_Chips_뉴스_연예키워드뉴스재생_확인" time="0.0">
    <skipped/>
  </testcase> <!-- TC_0844_Chips_뉴스_연예키워드뉴스재생_확인 -->
  <testcase classname="Chips_004_생활정보.생활정보_15_뉴스_재생컨트롤러" name="TC_0845_Chips_뉴스_컨트롤러_일시정지_확인" time="0.0">
    <skipped/>
  </testcase> <!-- TC_0845_Chips_뉴스_컨트롤러_일시정지_확인 -->
  <testcase classname="Chips_004_생활정보.생활정보_15_뉴스_재생컨트롤러" name="TC_0846_Chips_뉴스_컨트롤러_일시정지취소_확인" time="0.0">
    <skipped/>
  </testcase> <!-- TC_0846_Chips_뉴스_컨트롤러_일시정지취소_확인 -->
  <testcase classname="Chips_004_생활정보.생활정보_15_뉴스_재생컨트롤러" name="TC_0847_Chips_뉴스_컨트롤러_일시정지_확인" time="0.0">
    <skipped/>
  </testcase> <!-- TC_0847_Chips_뉴스_컨트롤러_일시정지_확인 -->
  <testcase classname="Chips_004_생활정보.생활정보_15_뉴스_재생컨트롤러" name="TC_0848_Chips_뉴스_컨트롤러_재생_확인" time="0.0">
    <skipped/>
  </testcase> <!-- TC_0848_Chips_뉴스_컨트롤러_재생_확인 -->
  <testcase classname="Chips_004_생활정보.생활정보_15_뉴스_재생컨트롤러" name="TC_0849_Chips_뉴스_컨트롤러_좋아요해줘_확인" time="0.0">
    <skipped/>
  </testcase> <!-- TC_0849_Chips_뉴스_컨트롤러_좋아요해줘_확인 -->
  <testcase classname="Chips_004_생활정보.생활정보_15_뉴스_재생컨트롤러" name="TC_0850_Chips_뉴스_컨트롤러_좋아요취소_확인" time="0.0">
    <skipped/>
  </testcase> <!-- TC_0850_Chips_뉴스_컨트롤러_좋아요취소_확인 -->
  <testcase classname="Chips_004_생활정보.생활정보_15_뉴스_재생컨트롤러" name="TC_0851_Chips_뉴스_컨트롤러_다음뉴스_확인" time="0.0">
    <skipped/>
  </testcase> <!-- TC_0851_Chips_뉴스_컨트롤러_다음뉴스_확인 -->
  <testcase classname="Chips_004_생활정보.생활정보_15_뉴스_재생컨트롤러" name="TC_0852_Chips_뉴스_컨트롤러_이전뉴스_확인" time="0.0">
    <skipped/>
  </testcase> <!-- TC_0852_Chips_뉴스_컨트롤러_이전뉴스_확인 -->
  <testcase classname="Chips_004_생활정보.생활정보_15_뉴스_재생컨트롤러" name="TC_0853_Chips_뉴스_컨트롤러_다음_확인" time="0.0">
    <skipped/>
  </testcase> <!-- TC_0853_Chips_뉴스_컨트롤러_다음_확인 -->
  <testcase classname="Chips_004_생활정보.생활정보_15_뉴스_재생컨트롤러" name="TC_0854_Chips_뉴스_컨트롤러_이전_확인" time="0.0">
    <skipped/>
  </testcase> <!-- TC_0854_Chips_뉴스_컨트롤러_이전_확인 -->
  <testcase classname="Chips_004_생활정보.생활정보_15_뉴스_재생컨트롤러" name="TC_0855_Chips_뉴스_종료_확인" time="0.0">
    <skipped/>
  </testcase> <!-- TC_0855_Chips_뉴스_종료_확인 -->
  <testcase classname="Chips_005_검색.검색_01_어학사전" name="TC_0000_앱실행과AccessToken얻기" time="0.0">
    <skipped/>
  </testcase> <!-- TC_0000_앱실행과AccessToken얻기 -->
  <testcase classname="Chips_005_검색.검색_01_어학사전" name="TC_0897_Chips_어학사전_도움말_확인" time="0.0">
    <skipped/>
  </testcase> <!-- TC_0897_Chips_어학사전_도움말_확인 -->
  <testcase classname="Chips_005_검색.검색_01_어학사전" name="TC_0898_Chips_어학사전_도움말_확인" time="0.0">
    <skipped/>
  </testcase> <!-- TC_0898_Chips_어학사전_도움말_확인 -->
  <testcase classname="Chips_005_검색.검색_01_어학사전" name="TC_0899_Chips_어학사전_단어번역_확인" time="0.0">
    <skipped/>
  </testcase> <!-- TC_0899_Chips_어학사전_단어번역_확인 -->
  <testcase classname="Chips_005_검색.검색_01_어학사전" name="TC_0899_Chips_어학사전_문장번역_확인" time="0.0">
    <skipped/>
  </testcase> <!-- TC_0899_Chips_어학사전_문장번역_확인 -->
  <testcase classname="Chips_005_검색.검색_01_어학사전" name="TC_0903_Chips_어학사전_문장번역_확인" time="0.0">
    <skipped/>
  </testcase> <!-- TC_0903_Chips_어학사전_문장번역_확인 -->
  <testcase classname="Chips_005_검색.검색_01_어학사전" name="TC_0904_Chips_어학사전_문장번역_확인" time="0.0">
    <skipped/>
  </testcase> <!-- TC_0904_Chips_어학사전_문장번역_확인 -->
  <testcase classname="Chips_005_검색.검색_02_누구백과" name="TC_0000_앱실행과AccessToken얻기" time="0.0">
    <skipped/>
  </testcase> <!-- TC_0000_앱실행과AccessToken얻기 -->
  <testcase classname="Chips_005_검색.검색_02_누구백과" name="TC_0909_Chips_누구백과_도움말_확인" time="0.0">
    <skipped/>
  </testcase> <!-- TC_0909_Chips_누구백과_도움말_확인 -->
  <testcase classname="Chips_005_검색.검색_02_누구백과" name="TC_0910_Chips_누구백과_도움말_확인" time="0.0">
    <skipped/>
  </testcase> <!-- TC_0910_Chips_누구백과_도움말_확인 -->
  <testcase classname="Chips_005_검색.검색_02_누구백과" name="TC_0911_Chips_누구백과_도움말_확인" time="0.0">
    <skipped/>
  </testcase> <!-- TC_0911_Chips_누구백과_도움말_확인 -->
  <testcase classname="Chips_005_검색.검색_02_누구백과" name="TC_0912_Chips_누구백과_도움말_확인" time="0.0">
    <skipped/>
  </testcase> <!-- TC_0912_Chips_누구백과_도움말_확인 -->
  <testcase classname="Chips_005_검색.검색_02_누구백과" name="TC_0913_Chips_누구백과_위키에서_확인" time="0.0">
    <skipped/>
  </testcase> <!-- TC_0913_Chips_누구백과_위키에서_확인 -->
  <testcase classname="Chips_005_검색.검색_02_누구백과" name="TC_0914_Chips_누구백과_위키에서_확인" time="0.0">
    <skipped/>
  </testcase> <!-- TC_0914_Chips_누구백과_위키에서_확인 -->
  <testcase classname="Chips_005_검색.검색_02_누구백과" name="TC_0915_Chips_누구백과_누구백과에서_확인" time="0.0">
    <skipped/>
  </testcase> <!-- TC_0915_Chips_누구백과_누구백과에서_확인 -->
  <testcase classname="Chips_005_검색.검색_02_누구백과" name="TC_0916_Chips_누구백과_누구백과에서_확인" time="0.0">
    <skipped/>
  </testcase> <!-- TC_0916_Chips_누구백과_누구백과에서_확인 -->
  <testcase classname="Chips_005_검색.검색_02_누구백과" name="TC_0917_Chips_누구백과_호출어생략_키워드_확인" time="0.0">
    <skipped/>
  </testcase> <!-- TC_0917_Chips_누구백과_호출어생략_키워드_확인 -->
  <testcase classname="Chips_005_검색.검색_02_누구백과" name="TC_0918_Chips_누구백과_호출어생략_키워드_확인" time="0.0">
    <skipped/>
  </testcase> <!-- TC_0918_Chips_누구백과_호출어생략_키워드_확인 -->
  <testcase classname="Chips_005_검색.검색_02_누구백과" name="TC_0919_Chips_누구백과_호출어생략_속성검색_확인" time="0.0">
    <skipped/>
  </testcase> <!-- TC_0919_Chips_누구백과_호출어생략_속성검색_확인 -->
  <testcase classname="Chips_005_검색.검색_02_누구백과" name="TC_0920_Chips_누구백과_호출어생략_속성검색_확인" time="0.0">
    <skipped/>
  </testcase> <!-- TC_0920_Chips_누구백과_호출어생략_속성검색_확인 -->
  <testcase classname="Chips_006_금융.금융_01_삼성증권" name="TC_0000_앱실행과AccessToken얻기" time="0.0">
    <skipped/>
  </testcase> <!-- TC_0000_앱실행과AccessToken얻기 -->
  <testcase classname="Chips_006_금융.금융_01_삼성증권" name="TC_0953_Chips_삼성증권_도움말_확인" time="0.0">
    <skipped/>
  </testcase> <!-- TC_0953_Chips_삼성증권_도움말_확인 -->
  <testcase classname="Chips_006_금융.금융_01_삼성증권" name="TC_0954_Chips_삼성증권_도움말_확인" time="0.0">
    <skipped/>
  </testcase> <!-- TC_0954_Chips_삼성증권_도움말_확인 -->
  <testcase classname="Chips_006_금융.금융_01_삼성증권" name="TC_0955_Chips_삼성증권_도움말_확인" time="0.0">
    <skipped/>
  </testcase> <!-- TC_0955_Chips_삼성증권_도움말_확인 -->
  <testcase classname="Chips_006_금융.금융_01_삼성증권" name="TC_0956_Chips_삼성증권_도움말_확인" time="0.0">
    <skipped/>
  </testcase> <!-- TC_0956_Chips_삼성증권_도움말_확인 -->
  <testcase classname="Chips_006_금융.금융_01_삼성증권" name="TC_0957_Chips_삼성증권_TmapPOI발화_확인" time="0.0">
    <skipped/>
  </testcase> <!-- TC_0957_Chips_삼성증권_TmapPOI발화_확인 -->
  <testcase classname="Chips_006_금융.금융_01_삼성증권" name="TC_0958_Chips_삼성증권_TmapPOI발화_확인" time="0.0">
    <skipped/>
  </testcase> <!-- TC_0958_Chips_삼성증권_TmapPOI발화_확인 -->
  <testcase classname="Chips_006_금융.금융_01_삼성증권" name="TC_0959_1_Chips_삼성증권_종합주가지수_장전_확인" time="0.0">
    <skipped/>
  </testcase> <!-- TC_0959_1_Chips_삼성증권_종합주가지수_장전_확인 -->
  <testcase classname="Chips_006_금융.금융_01_삼성증권" name="TC_0959_2_Chips_삼성증권_종합주가지수_장중_확인" time="0.0">
    <skipped/>
  </testcase> <!-- TC_0959_2_Chips_삼성증권_종합주가지수_장중_확인 -->
  <testcase classname="Chips_006_금융.금융_01_삼성증권" name="TC_0959_3_Chips_삼성증권_종합주가지수_장종_확인" time="0.0">
    <skipped/>
  </testcase> <!-- TC_0959_3_Chips_삼성증권_종합주가지수_장종_확인 -->
  <testcase classname="Chips_006_금융.금융_01_삼성증권" name="TC_0960_1_Chips_삼성증권_종합주가지수_장전_확인" time="0.0">
    <skipped/>
  </testcase> <!-- TC_0960_1_Chips_삼성증권_종합주가지수_장전_확인 -->
  <testcase classname="Chips_006_금융.금융_01_삼성증권" name="TC_0960_2_Chips_삼성증권_종합주가지수_장중_확인" time="0.0">
    <skipped/>
  </testcase> <!-- TC_0960_2_Chips_삼성증권_종합주가지수_장중_확인 -->
  <testcase classname="Chips_006_금융.금융_01_삼성증권" name="TC_0960_3_Chips_삼성증권_종합주가지수_장종_확인" time="0.001">
    <skipped/>
  </testcase> <!-- TC_0960_3_Chips_삼성증권_종합주가지수_장종_확인 -->
  <testcase classname="Chips_006_금융.금융_01_삼성증권" name="TC_0961_1_Chips_삼성증권_종합주가지수_장전_확인" time="0.0">
    <skipped/>
  </testcase> <!-- TC_0961_1_Chips_삼성증권_종합주가지수_장전_확인 -->
  <testcase classname="Chips_006_금융.금융_01_삼성증권" name="TC_0961_2_Chips_삼성증권_종합주가지수_장중_확인" time="0.0">
    <skipped/>
  </testcase> <!-- TC_0961_2_Chips_삼성증권_종합주가지수_장중_확인 -->
  <testcase classname="Chips_006_금융.금융_01_삼성증권" name="TC_0961_3_Chips_삼성증권_종합주가지수_장종_확인" time="0.0">
    <skipped/>
  </testcase> <!-- TC_0961_3_Chips_삼성증권_종합주가지수_장종_확인 -->
  <testcase classname="Chips_006_금융.금융_01_삼성증권" name="TC_0962_1_Chips_삼성증권_종합주가지수_장전_확인" time="0.0">
    <skipped/>
  </testcase> <!-- TC_0962_1_Chips_삼성증권_종합주가지수_장전_확인 -->
  <testcase classname="Chips_006_금융.금융_01_삼성증권" name="TC_0962_2_Chips_삼성증권_종합주가지수_장중_확인" time="0.0">
    <skipped/>
  </testcase> <!-- TC_0962_2_Chips_삼성증권_종합주가지수_장중_확인 -->
  <testcase classname="Chips_006_금융.금융_01_삼성증권" name="TC_0962_3_Chips_삼성증권_종합주가지수_장종_확인" time="0.0">
    <skipped/>
  </testcase> <!-- TC_0962_3_Chips_삼성증권_종합주가지수_장종_확인 -->
  <testcase classname="Chips_006_금융.금융_01_삼성증권" name="TC_0963_Chips_삼성증권_종합주가지수_어제_확인" time="0.0">
    <skipped/>
  </testcase> <!-- TC_0963_Chips_삼성증권_종합주가지수_어제_확인 -->
  <testcase classname="Chips_006_금융.금융_01_삼성증권" name="TC_0964_Chips_삼성증권_종합주가지수_어제_확인" time="0.0">
    <skipped/>
  </testcase> <!-- TC_0964_Chips_삼성증권_종합주가지수_어제_확인 -->
  <testcase classname="Chips_006_금융.금융_01_삼성증권" name="TC_0965_Chips_삼성증권_종합주가지수_코스닥_확인" time="0.0">
    <skipped/>
  </testcase> <!-- TC_0965_Chips_삼성증권_종합주가지수_코스닥_확인 -->
  <testcase classname="Chips_006_금융.금융_01_삼성증권" name="TC_0966_Chips_삼성증권_종합주가지수_코스닥_확인" time="0.0">
    <skipped/>
  </testcase> <!-- TC_0966_Chips_삼성증권_종합주가지수_코스닥_확인 -->
  <testcase classname="Chips_006_금융.금융_01_삼성증권" name="TC_0969_Chips_삼성증권_미지원기간_과거_확인" time="0.0">
    <skipped/>
  </testcase> <!-- TC_0969_Chips_삼성증권_미지원기간_과거_확인 -->
  <testcase classname="Chips_006_금융.금융_01_삼성증권" name="TC_0970_Chips_삼성증권_미지원기간_과거_확인" time="0.0">
    <skipped/>
  </testcase> <!-- TC_0970_Chips_삼성증권_미지원기간_과거_확인 -->
  <testcase classname="Chips_006_금융.금융_01_삼성증권" name="TC_0971_Chips_삼성증권_미지원기간_과거_확인" time="0.0">
    <skipped/>
  </testcase> <!-- TC_0971_Chips_삼성증권_미지원기간_과거_확인 -->
  <testcase classname="Chips_006_금융.금융_01_삼성증권" name="TC_0972_Chips_삼성증권_미지원기간_미래_확인" time="0.0">
    <skipped/>
  </testcase> <!-- TC_0972_Chips_삼성증권_미지원기간_미래_확인 -->
  <testcase classname="Chips_006_금융.금융_01_삼성증권" name="TC_0973_Chips_삼성증권_미지원기간_미래_확인" time="0.0">
    <skipped/>
  </testcase> <!-- TC_0973_Chips_삼성증권_미지원기간_미래_확인 -->
  <testcase classname="Chips_006_금융.금융_01_삼성증권" name="TC_0974_Chips_삼성증권_미지원기능_확인" time="0.0">
    <skipped/>
  </testcase> <!-- TC_0974_Chips_삼성증권_미지원기능_확인 -->
  <testcase classname="Chips_006_금융.금융_01_삼성증권" name="TC_0975_Chips_삼성증권_미지원기능_확인" time="0.0">
    <skipped/>
  </testcase> <!-- TC_0975_Chips_삼성증권_미지원기능_확인 -->
  <testcase classname="Chips_006_금융.금융_01_삼성증권" name="TC_0976_Chips_삼성증권_국외지수_확인" time="0.0">
    <skipped/>
  </testcase> <!-- TC_0976_Chips_삼성증권_국외지수_확인 -->
  <testcase classname="Chips_006_금융.금융_01_삼성증권" name="TC_0977_Chips_삼성증권_정국가지수_미국지수_확인" time="0.0">
    <skipped/>
  </testcase> <!-- TC_0977_Chips_삼성증권_정국가지수_미국지수_확인 -->
  <testcase classname="Chips_006_금융.금융_01_삼성증권" name="TC_0978_Chips_삼성증권_특정국가지수_홍콩지수_확인" time="0.0">
    <skipped/>
  </testcase> <!-- TC_0978_Chips_삼성증권_특정국가지수_홍콩지수_확인 -->
  <testcase classname="Chips_006_금융.금융_01_삼성증권" name="TC_0979_Chips_삼성증권_특정국가지수_일본지수_확인" time="0.0">
    <skipped/>
  </testcase> <!-- TC_0979_Chips_삼성증권_특정국가지수_일본지수_확인 -->
  <testcase classname="Chips_006_금융.금융_01_삼성증권" name="TC_0980_Chips_삼성증권_특정국가지수_대만지수_확인" time="0.0">
    <skipped/>
  </testcase> <!-- TC_0980_Chips_삼성증권_특정국가지수_대만지수_확인 -->
  <testcase classname="Chips_006_금융.금융_01_삼성증권" name="TC_0981_Chips_삼성증권_종목별주가_장중_상승_확인" time="0.0">
    <skipped/>
  </testcase> <!-- TC_0981_Chips_삼성증권_종목별주가_장중_상승_확인 -->
  <testcase classname="Chips_006_금융.금융_01_삼성증권" name="TC_0982_Chips_삼성증권_종목별주가_장중_하락_확인" time="0.0">
    <skipped/>
  </testcase> <!-- TC_0982_Chips_삼성증권_종목별주가_장중_하락_확인 -->
  <testcase classname="Chips_006_금융.금융_01_삼성증권" name="TC_0983_Chips_삼성증권_종목별주가_장중_보합_확인" time="0.0">
    <skipped/>
  </testcase> <!-- TC_0983_Chips_삼성증권_종목별주가_장중_보합_확인 -->
  <testcase classname="Chips_006_금융.금융_01_삼성증권" name="TC_0984_Chips_삼성증권_종목별주가_장중_정지_확인" time="0.0">
    <skipped/>
  </testcase> <!-- TC_0984_Chips_삼성증권_종목별주가_장중_정지_확인 -->
  <testcase classname="Chips_006_금융.금융_01_삼성증권" name="TC_0985_Chips_삼성증권_종목별주가_장종_상승_확인" time="0.0">
    <skipped/>
  </testcase> <!-- TC_0985_Chips_삼성증권_종목별주가_장종_상승_확인 -->
  <testcase classname="Chips_006_금융.금융_01_삼성증권" name="TC_0986_Chips_삼성증권_종목별주가_장종_하락_확인" time="0.0">
    <skipped/>
  </testcase> <!-- TC_0986_Chips_삼성증권_종목별주가_장종_하락_확인 -->
  <testcase classname="Chips_006_금융.금융_01_삼성증권" name="TC_0987_Chips_삼성증권_종목별주가_장종_보합_확인" time="0.0">
    <skipped/>
  </testcase> <!-- TC_0987_Chips_삼성증권_종목별주가_장종_보합_확인 -->
  <testcase classname="Chips_006_금융.금융_01_삼성증권" name="TC_0988_Chips_삼성증권_종목별주가_장종_정지_확인" time="0.0">
    <skipped/>
  </testcase> <!-- TC_0988_Chips_삼성증권_종목별주가_장종_정지_확인 -->
  <testcase classname="Chips_006_금융.금융_01_삼성증권" name="TC_0989_Chips_삼성증권_종목별주가_장전_확인" time="0.0">
    <skipped/>
  </testcase> <!-- TC_0989_Chips_삼성증권_종목별주가_장전_확인 -->
  <testcase classname="Chips_006_금융.금융_01_삼성증권" name="TC_0990_Chips_삼성증권_종목별주가_장전_전일휴일_확인" time="0.0">
    <skipped/>
  </testcase> <!-- TC_0990_Chips_삼성증권_종목별주가_장전_전일휴일_확인 -->
  <testcase classname="Chips_006_금융.금융_01_삼성증권" name="TC_0991_Chips_삼성증권_종목별주가_휴장일_확인" time="0.0">
    <skipped/>
  </testcase> <!-- TC_0991_Chips_삼성증권_종목별주가_휴장일_확인 -->
  <testcase classname="Chips_006_금융.금융_01_삼성증권" name="TC_0992_Chips_삼성증권_종목추천_확인" time="0.0">
    <skipped/>
  </testcase> <!-- TC_0992_Chips_삼성증권_종목추천_확인 -->
  <testcase classname="Chips_006_금융.금융_01_삼성증권" name="TC_0993_Chips_삼성증권_종목추천_확인" time="0.0">
    <skipped/>
  </testcase> <!-- TC_0993_Chips_삼성증권_종목추천_확인 -->
  <testcase classname="Chips_007_연령특화.연령특화_01_ZEM키즈" name="TC_0000_앱실행과AccessToken얻기" time="0.0">
    <skipped/>
  </testcase> <!-- TC_0000_앱실행과AccessToken얻기 -->
  <testcase classname="Chips_007_연령특화.연령특화_01_ZEM키즈" name="TC_1062_ZEM키즈_미지원_확인" time="0.0">
    <skipped/>
  </testcase> <!-- TC_1062_ZEM키즈_미지원_확인 -->
  <testcase classname="Chips_008_CarLife.CarLife_01_스타벅스" name="TC_0000_앱실행과AccessToken얻기" time="0.0">
    <skipped/>
  </testcase> <!-- TC_0000_앱실행과AccessToken얻기 -->
  <testcase classname="Chips_008_CarLife.CarLife_01_스타벅스" name="TC_1243_스타벅스_미지원_확인" time="0.0">
    <skipped/>
  </testcase> <!-- TC_1243_스타벅스_미지원_확인 -->
</testsuite> <!-- Test_Project -->
