<?xml version="1.0" encoding="UTF-8"?>
<!-- Generated by org.testng.reporters.JUnitXMLReporter -->
<testsuite ignored="0" hostname="DESKTOP-Kei" failures="2" tests="149" name="Test_Project" time="2883.208" errors="0" timestamp="2021-11-25T22:12:34 KST">
  <testcase classname="Chips_004_생활정보.생활정보_02_감성대화" name="TC_0000_앱실행과AccessToken얻기" time="53.988"/>
  <testcase classname="Chips_004_생활정보.생활정보_02_감성대화" name="TC_0710_Chips_감성대화_안부인사_확인" time="11.264"/>
  <testcase classname="Chips_004_생활정보.생활정보_02_감성대화" name="TC_0711_Chips_감성대화_이벤트절기상황1_확인" time="5.125"/>
  <testcase classname="Chips_004_생활정보.생활정보_02_감성대화" name="TC_0712_Chips_감성대화_이벤트절기상황2_확인" time="8.168"/>
  <testcase classname="Chips_004_생활정보.생활정보_02_감성대화" name="TC_0713_Chips_감성대화_피곤질병_확인" time="11.241"/>
  <testcase classname="Chips_004_생활정보.생활정보_02_감성대화" name="TC_0714_Chips_감성대화_감사_확인" time="8.175"/>
  <testcase classname="Chips_004_생활정보.생활정보_02_감성대화" name="TC_0721_Chips_감성대화_고객센터번호_확인" time="5.116"/>
  <testcase classname="Chips_004_생활정보.생활정보_03_날씨_일기예보" name="TC_0000_앱실행과AccessToken얻기" time="53.725"/>
  <testcase classname="Chips_004_생활정보.생활정보_03_날씨_일기예보" name="TC_0722_Chips_날씨_오늘날씨_확인" time="34.799"/>
  <testcase classname="Chips_004_생활정보.생활정보_03_날씨_일기예보" name="TC_0723_Chips_날씨_오늘날씨_확인" time="28.449"/>
  <testcase classname="Chips_004_생활정보.생활정보_03_날씨_일기예보" name="TC_0724_Chips_날씨_내일날씨_확인" time="26.78"/>
  <testcase classname="Chips_004_생활정보.생활정보_03_날씨_일기예보" name="TC_0725_Chips_날씨_내일날씨_확인" time="27.089"/>
  <testcase classname="Chips_004_생활정보.생활정보_03_날씨_일기예보" name="TC_0726_Chips_날씨_모레날씨_확인" time="32.425"/>
  <testcase classname="Chips_004_생활정보.생활정보_03_날씨_일기예보" name="TC_0727_Chips_날씨_이번주날씨_확인" time="49.132"/>
  <testcase classname="Chips_004_생활정보.생활정보_03_날씨_일기예보" name="TC_0728_Chips_날씨_다음주날씨_확인" time="44.044"/>
  <testcase classname="Chips_004_생활정보.생활정보_03_날씨_일기예보" name="TC_0729_Chips_날씨_이번주주말날씨_확인" time="16.808"/>
  <testcase classname="Chips_004_생활정보.생활정보_03_날씨_일기예보" name="TC_0730_Chips_날씨_다음주주말날씨_확인" time="13.602"/>
  <testcase classname="Chips_004_생활정보.생활정보_03_날씨_일기예보" name="TC_0731_Chips_날씨_현재요일날씨_확인" time="24.797"/>
  <testcase classname="Chips_004_생활정보.생활정보_03_날씨_일기예보" name="TC_0732_Chips_날씨_현재요일날씨_확인" time="26.803"/>
  <testcase classname="Chips_004_생활정보.생활정보_03_날씨_일기예보" name="TC_0733_Chips_날씨_제주도날씨_확인" time="27.058"/>
  <testcase classname="Chips_004_생활정보.생활정보_03_날씨_일기예보" name="TC_0734_Chips_날씨_파주시야동동날씨_확인" time="28.921"/>
  <testcase classname="Chips_004_생활정보.생활정보_04_날씨_강수확률" name="TC_0000_앱실행과AccessToken얻기" time="52.512"/>
  <testcase classname="Chips_004_생활정보.생활정보_04_날씨_강수확률" name="TC_0737_Chips_날씨_현재_강수확률_확인" time="11.227"/>
  <testcase classname="Chips_004_생활정보.생활정보_04_날씨_강수확률" name="TC_0738_Chips_날씨_오늘_강수확률_확인" time="5.078"/>
  <testcase classname="Chips_004_생활정보.생활정보_04_날씨_강수확률" name="TC_0739_Chips_날씨_내일_강수확률_확인" time="11.217"/>
  <testcase classname="Chips_004_생활정보.생활정보_04_날씨_강수확률" name="TC_0740_Chips_날씨_모레_강수확률_확인" time="8.208"/>
  <testcase classname="Chips_004_생활정보.생활정보_04_날씨_강수확률" name="TC_0741_Chips_날씨_이번주날씨_확인" time="55.076"/>
  <testcase classname="Chips_004_생활정보.생활정보_04_날씨_강수확률" name="TC_0742_Chips_날씨_다음주날씨_확인" time="42.653"/>
  <testcase classname="Chips_004_생활정보.생활정보_05_날씨_미세먼지" name="TC_0000_앱실행과AccessToken얻기" time="52.803"/>
  <testcase classname="Chips_004_생활정보.생활정보_05_날씨_미세먼지" name="TC_0743_Chips_날씨_오늘미세먼지_확인" time="104.575"/>
  <testcase classname="Chips_004_생활정보.생활정보_05_날씨_미세먼지" name="TC_0744_Chips_날씨_내일미세먼지_확인" time="77.438"/>
  <testcase classname="Chips_004_생활정보.생활정보_06_날씨_현재기온" name="TC_0000_앱실행과AccessToken얻기" time="53.635"/>
  <testcase classname="Chips_004_생활정보.생활정보_06_날씨_현재기온" name="TC_0745_Chips_날씨_현재온도_추워_확인" time="5.175"/>
  <testcase classname="Chips_004_생활정보.생활정보_06_날씨_현재기온" name="TC_0746_Chips_날씨_현재온도_더워_확인" time="5.141"/>
  <testcase classname="Chips_004_생활정보.생활정보_07_날씨_자외선지수" name="TC_0000_앱실행과AccessToken얻기" time="54.113"/>
  <testcase classname="Chips_004_생활정보.생활정보_07_날씨_자외선지수" name="TC_0747_Chips_날씨_자외선지수_확인" time="11.294"/>
  <testcase classname="Chips_004_생활정보.생활정보_07_날씨_자외선지수" name="TC_0748_Chips_날씨_지역_자외선지수_확인" time="11.21"/>
  <testcase classname="Chips_004_생활정보.생활정보_07_날씨_자외선지수" name="TC_0749_Chips_날씨_내일_자외선지수_확인" time="8.232"/>
  <testcase classname="Chips_004_생활정보.생활정보_07_날씨_자외선지수" name="TC_0750_Chips_날씨_내일지역_자외선지수_확인" time="5.094"/>
  <testcase classname="Chips_004_생활정보.생활정보_07_날씨_자외선지수" name="TC_0751_Chips_날씨_모레_자외선지수_확인" time="11.236"/>
  <testcase classname="Chips_004_생활정보.생활정보_07_날씨_자외선지수" name="TC_0752_Chips_날씨_모레지역_자외선지수_확인" time="11.213"/>
  <testcase classname="Chips_004_생활정보.생활정보_07_날씨_자외선지수" name="TC_0753_Chips_날씨_자외선지수부재_어제_확인" time="5.093"/>
  <testcase classname="Chips_004_생활정보.생활정보_07_날씨_자외선지수" name="TC_0754_Chips_날씨_자외선지수부재_특정일_확인" time="5.082"/>
  <testcase classname="Chips_004_생활정보.생활정보_07_날씨_자외선지수" name="TC_0755_Chips_날씨_자외선지수부재_지역외_확인" time="14.302"/>
  <testcase classname="Chips_004_생활정보.생활정보_07_날씨_자외선지수" name="TC_0756_Chips_날씨_자외선지수부재_지역아님_확인" time="5.097"/>
  <testcase classname="Chips_004_생활정보.생활정보_08_날씨_습도" name="TC_0000_앱실행과AccessToken얻기" time="52.677"/>
  <testcase classname="Chips_004_생활정보.생활정보_08_날씨_습도" name="TC_0757_Chips_날씨_습도지수_확인" time="14.423"/>
  <testcase classname="Chips_004_생활정보.생활정보_08_날씨_습도" name="TC_0758_Chips_날씨_지역_습도지수_확인" time="8.191"/>
  <testcase classname="Chips_004_생활정보.생활정보_08_날씨_습도" name="TC_0759_Chips_날씨_내일_습도지수_확인" time="8.206"/>
  <testcase classname="Chips_004_생활정보.생활정보_08_날씨_습도" name="TC_0760_Chips_날씨_내일지역_습도지수_확인" time="14.306"/>
  <testcase classname="Chips_004_생활정보.생활정보_08_날씨_습도" name="TC_0761_Chips_날씨_모레_습도지수_확인" time="11.235"/>
  <testcase classname="Chips_004_생활정보.생활정보_08_날씨_습도" name="TC_0762_Chips_날씨_모레지역_습도지수_확인" time="5.085"/>
  <testcase classname="Chips_004_생활정보.생활정보_08_날씨_습도" name="TC_0763_Chips_날씨_습도지수부재_어제_확인" time="11.224"/>
  <testcase classname="Chips_004_생활정보.생활정보_08_날씨_습도" name="TC_0764_Chips_날씨_습도지수부재_특정일_확인" time="5.093"/>
  <testcase classname="Chips_004_생활정보.생활정보_08_날씨_습도" name="TC_0765_Chips_날씨_습도지수부재_지역외_확인" time="11.246"/>
  <testcase classname="Chips_004_생활정보.생활정보_08_날씨_습도" name="TC_0766_Chips_날씨_습도지수부재_지역아님_확인" time="5.087"/>
  <testcase classname="Chips_004_생활정보.생활정보_09_날씨_오존농도" name="TC_0000_앱실행과AccessToken얻기" time="54.167"/>
  <testcase classname="Chips_004_생활정보.생활정보_09_날씨_오존농도" name="TC_0767_Chips_날씨_오존지수_확인" time="14.439"/>
  <testcase classname="Chips_004_생활정보.생활정보_09_날씨_오존농도" name="TC_0768_Chips_날씨_지역_오존지수_확인" time="14.329"/>
  <testcase classname="Chips_004_생활정보.생활정보_09_날씨_오존농도" name="TC_0769_Chips_날씨_내일_오존지수_확인" time="5.097"/>
  <testcase classname="Chips_004_생활정보.생활정보_09_날씨_오존농도" name="TC_0770_Chips_날씨_내일지역_오존지수_확인" time="5.092"/>
  <testcase classname="Chips_004_생활정보.생활정보_09_날씨_오존농도" name="TC_0771_Chips_날씨_오존지수부재_어제_확인" time="11.248"/>
  <testcase classname="Chips_004_생활정보.생활정보_09_날씨_오존농도" name="TC_0772_Chips_날씨_오존지수부재_특정일_확인" time="5.077"/>
  <testcase classname="Chips_004_생활정보.생활정보_09_날씨_오존농도" name="TC_0773Chips_날씨_오존지수부재_지역외_확인" time="8.154"/>
  <testcase classname="Chips_004_생활정보.생활정보_09_날씨_오존농도" name="TC_0774_Chips_날씨_오존지수부재_지역아님_확인" time="5.088"/>
  <testcase classname="Chips_004_생활정보.생활정보_10_날씨_일출시간" name="TC_0000_앱실행과AccessToken얻기" time="52.934"/>
  <testcase classname="Chips_004_생활정보.생활정보_10_날씨_일출시간" name="TC_0775_Chips_날씨_일출시간_확인" time="8.217"/>
  <testcase classname="Chips_004_생활정보.생활정보_10_날씨_일출시간" name="TC_0776_Chips_날씨_지역_일출시간_확인" time="5.085"/>
  <testcase classname="Chips_004_생활정보.생활정보_10_날씨_일출시간" name="TC_0777_Chips_날씨_오늘_일출시간_확인" time="5.09"/>
  <testcase classname="Chips_004_생활정보.생활정보_10_날씨_일출시간" name="TC_0778_Chips_날씨_오늘지역_일출시간_확인" time="11.228"/>
  <testcase classname="Chips_004_생활정보.생활정보_10_날씨_일출시간" name="TC_0779_Chips_날씨_내일_일출시간_확인" time="11.201"/>
  <testcase classname="Chips_004_생활정보.생활정보_10_날씨_일출시간" name="TC_0780_Chips_날씨_내일지역_일출시간_확인" time="8.161"/>
  <testcase classname="Chips_004_생활정보.생활정보_11_날씨_일몰시간" name="TC_0000_앱실행과AccessToken얻기" time="53.716"/>
  <testcase classname="Chips_004_생활정보.생활정보_11_날씨_일몰시간" name="TC_0781_Chips_날씨_일몰시간_확인" time="8.233"/>
  <testcase classname="Chips_004_생활정보.생활정보_11_날씨_일몰시간" name="TC_0782_Chips_날씨_지역_일몰시간_확인" time="11.23"/>
  <testcase classname="Chips_004_생활정보.생활정보_11_날씨_일몰시간" name="TC_0783_Chips_날씨_오늘_일몰시간_확인" time="5.092"/>
  <testcase classname="Chips_004_생활정보.생활정보_11_날씨_일몰시간" name="TC_0784_Chips_날씨_오늘지역_일몰시간_확인" time="5.081"/>
  <testcase classname="Chips_004_생활정보.생활정보_11_날씨_일몰시간" name="TC_0785_Chips_날씨_내일_일몰시간_확인" time="5.091"/>
  <testcase classname="Chips_004_생활정보.생활정보_11_날씨_일몰시간" name="TC_0786_Chips_날씨_내일지역_일몰시간_확인" time="5.089"/>
  <testcase classname="Chips_004_생활정보.생활정보_12_날씨_세차지수" name="TC_0000_앱실행과AccessToken얻기" time="53.01"/>
  <testcase classname="Chips_004_생활정보.생활정보_12_날씨_세차지수" name="TC_0787_Chips_날씨_세차지수_확인" time="8.247"/>
  <testcase classname="Chips_004_생활정보.생활정보_12_날씨_세차지수" name="TC_0788_Chips_날씨_오늘세차지수_확인" time="5.207"/>
  <testcase classname="Chips_004_생활정보.생활정보_12_날씨_세차지수" name="TC_0789_Chips_날씨_지정위치읍면동_세차지수_확인" time="11.267"/>
  <testcase classname="Chips_004_생활정보.생활정보_12_날씨_세차지수" name="TC_0790_Chips_날씨_지정위치읍면동_세차지수_확인" time="5.141"/>
  <testcase classname="Chips_004_생활정보.생활정보_12_날씨_세차지수" name="TC_0791_Chips_날씨_지정위치읍면동_세차지수_확인" time="5.131"/>
  <testcase classname="Chips_004_생활정보.생활정보_12_날씨_세차지수" name="TC_0792_Chips_날씨_지정위치특별광역시_세차지수_확인" time="11.277"/>
  <testcase classname="Chips_004_생활정보.생활정보_12_날씨_세차지수" name="TC_0793_Chips_날씨_지정위치특별광역시_세차지수_확인" time="8.204"/>
  <testcase classname="Chips_004_생활정보.생활정보_12_날씨_세차지수" name="TC_0796_Chips_날씨_세차지수부재_지역외_확인" time="11.243"/>
  <testcase classname="Chips_004_생활정보.생활정보_12_날씨_세차지수" name="TC_0797_Chips_날씨_세차지수부재_지역아님_확인" time="5.085"/>
  <testcase classname="Chips_004_생활정보.생활정보_12_날씨_세차지수" name="TC_0798_Chips_날씨_세차지수부재_이번주_확인" time="8.16"/>
  <testcase classname="Chips_004_생활정보.생활정보_12_날씨_세차지수" name="TC_0799_Chips_날씨_세차지수부재_다음주_확인" time="5.093"/>
  <testcase classname="Chips_004_생활정보.생활정보_12_날씨_세차지수" name="TC_0800_Chips_날씨_세차지수부재_모레_확인" time="5.083"/>
  <testcase classname="Chips_004_생활정보.생활정보_13_운세" name="TC_0000_앱실행과AccessToken얻기" time="52.977"/>
  <testcase classname="Chips_004_생활정보.생활정보_13_운세" name="TC_0801_Chips_운세_생년월일미등록_확인" time="5.095"/>
  <testcase classname="Chips_004_생활정보.생활정보_13_운세" name="TC_0802_Chips_운세_생년월일등록_확인" time="62.098"/>
  <testcase classname="Chips_004_생활정보.생활정보_13_운세" name="TC_0803_Chips_운세_띠별운세_확인" time="11.204"/>
  <testcase classname="Chips_004_생활정보.생활정보_13_운세" name="TC_0804_Chips_운세_띠별운세_확인" time="11.311"/>
  <testcase classname="Chips_004_생활정보.생활정보_13_운세" name="TC_0805_Chips_운세_생년별운세_확인" time="5.102"/>
  <testcase classname="Chips_004_생활정보.생활정보_13_운세" name="TC_0806_Chips_운세_생년별운세_확인" time="5.153"/>
  <testcase classname="Chips_004_생활정보.생활정보_13_운세" name="TC_0807_Chips_운세_생년별운세_확인" time="8.171"/>
  <testcase classname="Chips_004_생활정보.생활정보_13_운세" name="TC_0807_Chips_운세_이번주_미지원_확인" time="11.306"/>
  <testcase classname="Chips_004_생활정보.생활정보_13_운세" name="TC_0808_Chips_운세_다음주_미지원_확인" time="5.098"/>
  <testcase classname="Chips_004_생활정보.생활정보_13_운세" name="TC_0809_Chips_운세_다음달_미지원_확인" time="5.146"/>
  <testcase classname="Chips_004_생활정보.생활정보_14_뉴스" name="TC_0000_앱실행과AccessToken얻기" time="57.002"/>
  <testcase classname="Chips_004_생활정보.생활정보_14_뉴스" name="TC_0811_Chips_뉴스_기본설정_CBS뉴스_확인" time="15.106"/>
  <testcase classname="Chips_004_생활정보.생활정보_14_뉴스" name="TC_0812_Chips_뉴스_기본설정_CBS뉴스_확인" time="8.148"/>
  <testcase classname="Chips_004_생활정보.생활정보_14_뉴스" name="TC_0813_Chips_뉴스_KBS뉴스_확인" time="17.225"/>
  <testcase classname="Chips_004_생활정보.생활정보_14_뉴스" name="TC_0814_Chips_뉴스_CBS뉴스_확인" time="14.795"/>
  <testcase classname="Chips_004_생활정보.생활정보_14_뉴스" name="TC_0815_1_Chips_뉴스_MBC뉴스_확인" time="19.92"/>
  <testcase classname="Chips_004_생활정보.생활정보_14_뉴스" name="TC_0815_2_Chips_뉴스_TBS뉴스_확인" time="19.132"/>
  <testcase classname="Chips_004_생활정보.생활정보_14_뉴스" name="TC_0815_2_Chips_뉴스_연합뉴스뉴스_확인" time="21.959"/>
  <testcase classname="Chips_004_생활정보.생활정보_14_뉴스" name="TC_0815_Chips_뉴스_SBS뉴스_확인" time="14.694"/>
  <testcase classname="Chips_004_생활정보.생활정보_14_뉴스" name="TC_0816_Chips_뉴스_오늘뉴스_확인" time="17.099"/>
  <testcase classname="Chips_004_생활정보.생활정보_14_뉴스" name="TC_0817_Chips_뉴스_연예특정뉴스_확인" time="20.078"/>
  <testcase classname="Chips_004_생활정보.생활정보_14_뉴스" name="TC_0818_Chips_뉴스_스포츠특정뉴스_확인" time="10.261"/>
  <testcase classname="Chips_004_생활정보.생활정보_14_뉴스" name="TC_0819_Chips_뉴스_미지원채널_확인" time="5.08"/>
  <testcase classname="Chips_004_생활정보.생활정보_14_뉴스" name="TC_0820_Chips_뉴스_미지원채널_확인" time="5.09"/>
  <testcase classname="Chips_004_생활정보.생활정보_14_뉴스" name="TC_0821_Chips_뉴스_SK텔레콤_키워드뉴스_확인" time="23.234"/>
  <testcase classname="Chips_004_생활정보.생활정보_14_뉴스" name="TC_0822_Chips_뉴스_세종병원화재_키워드뉴스_확인" time="10.0"/>
  <testcase classname="Chips_004_생활정보.생활정보_14_뉴스" name="TC_0823_Chips_뉴스_컴퓨터_키워드뉴스_확인" time="15.357"/>
  <testcase classname="Chips_004_생활정보.생활정보_14_뉴스" name="TC_0824_Chips_뉴스_NUGU토픽_확인" time="11.098"/>
  <testcase classname="Chips_004_생활정보.생활정보_14_뉴스" name="TC_0825_Chips_뉴스_키워드뉴스없음_확인" time="5.098"/>
  <testcase classname="Chips_004_생활정보.생활정보_14_뉴스" name="TC_0826_Chips_뉴스_지난주뉴스_확인" time="25.734">
    <failure type="org.openqa.selenium.TimeoutException" message="Expected condition failed: waiting for presence of element located by: By.xpath: //android.webkit.WebView/android.webkit.WebView/android.view.View[2]/android.view.View/android.view.View (tried for 10 second(s) with 500 milliseconds interval)">
      <![CDATA[org.openqa.selenium.TimeoutException: Expected condition failed: waiting for presence of element located by: By.xpath: //android.webkit.WebView/android.webkit.WebView/android.view.View[2]/android.view.View/android.view.View (tried for 10 second(s) with 500 milliseconds interval)
at org.openqa.selenium.support.ui.WebDriverWait.timeoutException(WebDriverWait.java:95)
at org.openqa.selenium.support.ui.FluentWait.until(FluentWait.java:272)
at unit.Utilities.findElementLocated(Utilities.java:167)
at unit.Utilities.getText(Utilities.java:1382)
at unit.Utilities.getText_Assertfunc(Utilities.java:4427)
at Chips_004_생활정보.생활정보_14_뉴스.TC_0826_Chips_뉴스_지난주뉴스_확인(생활정보_14_뉴스.java:659)
at java.base/java.util.ArrayList.forEach(ArrayList.java:1511)
at java.base/java.util.concurrent.FutureTask.run(FutureTask.java:264)
at java.base/java.util.concurrent.ThreadPoolExecutor.runWorker(ThreadPoolExecutor.java:1130)
at java.base/java.util.concurrent.ThreadPoolExecutor$Worker.run(ThreadPoolExecutor.java:630)
at java.base/java.lang.Thread.run(Thread.java:832)
Caused by: org.openqa.selenium.NoSuchElementException: An element could not be located on the page using the given search parameters.
For documentation on this error, please visit: https://www.seleniumhq.org/exceptions/no_such_element.html
Build info: version: '3.141.59', revision: 'e82be7d358', time: '2018-11-14T08:17:03'
System info: host: 'DESKTOP-KEI', ip: '172.27.24.217', os.name: 'Windows 10', os.arch: 'amd64', os.version: '10.0', java.version: '15.0.2'
Driver info: unit.Utilities
Capabilities {appActivity: com.skt.aidev.nugufriends.u..., appPackage: com.skt.aidev.nugufriends, automationName: UIAutomator2, chromedriverArgs: {browserName: chrome, goog:chromeOptions: {args: [], extensions: [], w3c: true}}, chromedriverExecutable: C:\chromedriver_win32\chrom..., databaseEnabled: false, desired: {appActivity: com.skt.aidev.nugufriends.u..., appPackage: com.skt.aidev.nugufriends, automationName: UIAutomator2, chromedriverArgs: {browserName: chrome, goog:chromeOptions: {args: [], extensions: [], w3c: true}}, chromedriverExecutable: C:\chromedriver_win32\chrom..., deviceName: Android, extractChromeAndroidPackageFromContextName: true, focused: true, newCommandTimeout: 600000, platformName: android, recreateChromeDriverSessions: false, showChromedriverLog: true, udid: R33M4000CY}, deviceApiLevel: 29, deviceManufacturer: samsung, deviceModel: SM-N976N, deviceName: R33M4000CY, deviceScreenDensity: 420, deviceScreenSize: 1080x2280, deviceUDID: R33M4000CY, extractChromeAndroidPackageFromContextName: true, focused: true, javascriptEnabled: true, locationContextEnabled: false, networkConnectionEnabled: true, newCommandTimeout: 600000, pixelRatio: 2.625, platform: LINUX, platformName: Android, platformVersion: 10, recreateChromeDriverSessions: false, showChromedriverLog: true, statBarHeight: 85, takesScreenshot: true, udid: R33M4000CY, viewportRect: {height: 1984, left: 0, top: 85, width: 1080}, warnings: {}, webStorageEnabled: false}
Session ID: 4696c291-cdef-4ef1-a470-03f8b24de47e
*** Element info: {Using=xpath, value=//android.webkit.WebView/android.webkit.WebView/android.view.View[2]/android.view.View/android.view.View}
at org.openqa.selenium.remote.http.W3CHttpResponseCodec.createException(W3CHttpResponseCodec.java:187)
at org.openqa.selenium.remote.http.W3CHttpResponseCodec.decode(W3CHttpResponseCodec.java:122)
at org.openqa.selenium.remote.http.W3CHttpResponseCodec.decode(W3CHttpResponseCodec.java:49)
at org.openqa.selenium.remote.HttpCommandExecutor.execute(HttpCommandExecutor.java:158)
at io.appium.java_client.remote.AppiumCommandExecutor.execute(AppiumCommandExecutor.java:247)
at org.openqa.selenium.remote.RemoteWebDriver.execute(RemoteWebDriver.java:552)
at io.appium.java_client.DefaultGenericMobileDriver.execute(DefaultGenericMobileDriver.java:41)
at io.appium.java_client.AppiumDriver.execute(AppiumDriver.java:1)
at io.appium.java_client.android.AndroidDriver.execute(AndroidDriver.java:1)
at unit.Utilities.execute(Utilities.java:1)
at org.openqa.selenium.remote.RemoteWebDriver.findElement(RemoteWebDriver.java:323)
at io.appium.java_client.DefaultGenericMobileDriver.findElement(DefaultGenericMobileDriver.java:61)
at io.appium.java_client.AppiumDriver.findElement(AppiumDriver.java:1)
at io.appium.java_client.android.AndroidDriver.findElement(AndroidDriver.java:1)
at unit.Utilities.findElement(Utilities.java:1)
at org.openqa.selenium.remote.RemoteWebDriver.findElementByXPath(RemoteWebDriver.java:428)
at io.appium.java_client.DefaultGenericMobileDriver.findElementByXPath(DefaultGenericMobileDriver.java:151)
at io.appium.java_client.AppiumDriver.findElementByXPath(AppiumDriver.java:1)
at io.appium.java_client.android.AndroidDriver.findElementByXPath(AndroidDriver.java:1)
at unit.Utilities.findElementByXPath(Utilities.java:1)
at org.openqa.selenium.By$ByXPath.findElement(By.java:353)
at org.openqa.selenium.remote.RemoteWebDriver.findElement(RemoteWebDriver.java:315)
at io.appium.java_client.DefaultGenericMobileDriver.findElement(DefaultGenericMobileDriver.java:57)
at io.appium.java_client.AppiumDriver.findElement(AppiumDriver.java:1)
at io.appium.java_client.android.AndroidDriver.findElement(AndroidDriver.java:1)
at unit.Utilities.findElement(Utilities.java:1)
at org.openqa.selenium.support.ui.ExpectedConditions$6.apply(ExpectedConditions.java:182)
at org.openqa.selenium.support.ui.ExpectedConditions$6.apply(ExpectedConditions.java:179)
at org.openqa.selenium.support.ui.FluentWait.until(FluentWait.java:249)
... 27 more
... Removed 22 stack frames]]>
    </failure>
  </testcase> <!-- TC_0826_Chips_뉴스_지난주뉴스_확인 -->
  <testcase classname="Chips_004_생활정보.생활정보_14_뉴스" name="TC_0827_Chips_뉴스_지난주연예뉴스_확인" time="37.905">
    <failure type="org.openqa.selenium.TimeoutException" message="Expected condition failed: waiting for presence of element located by: By.xpath: //android.webkit.WebView/android.webkit.WebView/android.view.View[2]/android.view.View/android.view.View (tried for 10 second(s) with 500 milliseconds interval)">
      <![CDATA[org.openqa.selenium.TimeoutException: Expected condition failed: waiting for presence of element located by: By.xpath: //android.webkit.WebView/android.webkit.WebView/android.view.View[2]/android.view.View/android.view.View (tried for 10 second(s) with 500 milliseconds interval)
at org.openqa.selenium.support.ui.WebDriverWait.timeoutException(WebDriverWait.java:95)
at org.openqa.selenium.support.ui.FluentWait.until(FluentWait.java:272)
at unit.Utilities.findElementLocated(Utilities.java:167)
at unit.Utilities.getText(Utilities.java:1382)
at unit.Utilities.getText_Assertfunc(Utilities.java:4427)
at Chips_004_생활정보.생활정보_14_뉴스.TC_0827_Chips_뉴스_지난주연예뉴스_확인(생활정보_14_뉴스.java:695)
at java.base/java.util.ArrayList.forEach(ArrayList.java:1511)
at java.base/java.util.concurrent.FutureTask.run(FutureTask.java:264)
at java.base/java.util.concurrent.ThreadPoolExecutor.runWorker(ThreadPoolExecutor.java:1130)
at java.base/java.util.concurrent.ThreadPoolExecutor$Worker.run(ThreadPoolExecutor.java:630)
at java.base/java.lang.Thread.run(Thread.java:832)
Caused by: org.openqa.selenium.NoSuchElementException: An element could not be located on the page using the given search parameters.
For documentation on this error, please visit: https://www.seleniumhq.org/exceptions/no_such_element.html
Build info: version: '3.141.59', revision: 'e82be7d358', time: '2018-11-14T08:17:03'
System info: host: 'DESKTOP-KEI', ip: '172.27.24.217', os.name: 'Windows 10', os.arch: 'amd64', os.version: '10.0', java.version: '15.0.2'
Driver info: unit.Utilities
Capabilities {appActivity: com.skt.aidev.nugufriends.u..., appPackage: com.skt.aidev.nugufriends, automationName: UIAutomator2, chromedriverArgs: {browserName: chrome, goog:chromeOptions: {args: [], extensions: [], w3c: true}}, chromedriverExecutable: C:\chromedriver_win32\chrom..., databaseEnabled: false, desired: {appActivity: com.skt.aidev.nugufriends.u..., appPackage: com.skt.aidev.nugufriends, automationName: UIAutomator2, chromedriverArgs: {browserName: chrome, goog:chromeOptions: {args: [], extensions: [], w3c: true}}, chromedriverExecutable: C:\chromedriver_win32\chrom..., deviceName: Android, extractChromeAndroidPackageFromContextName: true, focused: true, newCommandTimeout: 600000, platformName: android, recreateChromeDriverSessions: false, showChromedriverLog: true, udid: R33M4000CY}, deviceApiLevel: 29, deviceManufacturer: samsung, deviceModel: SM-N976N, deviceName: R33M4000CY, deviceScreenDensity: 420, deviceScreenSize: 1080x2280, deviceUDID: R33M4000CY, extractChromeAndroidPackageFromContextName: true, focused: true, javascriptEnabled: true, locationContextEnabled: false, networkConnectionEnabled: true, newCommandTimeout: 600000, pixelRatio: 2.625, platform: LINUX, platformName: Android, platformVersion: 10, recreateChromeDriverSessions: false, showChromedriverLog: true, statBarHeight: 85, takesScreenshot: true, udid: R33M4000CY, viewportRect: {height: 1984, left: 0, top: 85, width: 1080}, warnings: {}, webStorageEnabled: false}
Session ID: 4696c291-cdef-4ef1-a470-03f8b24de47e
*** Element info: {Using=xpath, value=//android.webkit.WebView/android.webkit.WebView/android.view.View[2]/android.view.View/android.view.View}
at org.openqa.selenium.remote.http.W3CHttpResponseCodec.createException(W3CHttpResponseCodec.java:187)
at org.openqa.selenium.remote.http.W3CHttpResponseCodec.decode(W3CHttpResponseCodec.java:122)
at org.openqa.selenium.remote.http.W3CHttpResponseCodec.decode(W3CHttpResponseCodec.java:49)
at org.openqa.selenium.remote.HttpCommandExecutor.execute(HttpCommandExecutor.java:158)
at io.appium.java_client.remote.AppiumCommandExecutor.execute(AppiumCommandExecutor.java:247)
at org.openqa.selenium.remote.RemoteWebDriver.execute(RemoteWebDriver.java:552)
at io.appium.java_client.DefaultGenericMobileDriver.execute(DefaultGenericMobileDriver.java:41)
at io.appium.java_client.AppiumDriver.execute(AppiumDriver.java:1)
at io.appium.java_client.android.AndroidDriver.execute(AndroidDriver.java:1)
at unit.Utilities.execute(Utilities.java:1)
at org.openqa.selenium.remote.RemoteWebDriver.findElement(RemoteWebDriver.java:323)
at io.appium.java_client.DefaultGenericMobileDriver.findElement(DefaultGenericMobileDriver.java:61)
at io.appium.java_client.AppiumDriver.findElement(AppiumDriver.java:1)
at io.appium.java_client.android.AndroidDriver.findElement(AndroidDriver.java:1)
at unit.Utilities.findElement(Utilities.java:1)
at org.openqa.selenium.remote.RemoteWebDriver.findElementByXPath(RemoteWebDriver.java:428)
at io.appium.java_client.DefaultGenericMobileDriver.findElementByXPath(DefaultGenericMobileDriver.java:151)
at io.appium.java_client.AppiumDriver.findElementByXPath(AppiumDriver.java:1)
at io.appium.java_client.android.AndroidDriver.findElementByXPath(AndroidDriver.java:1)
at unit.Utilities.findElementByXPath(Utilities.java:1)
at org.openqa.selenium.By$ByXPath.findElement(By.java:353)
at org.openqa.selenium.remote.RemoteWebDriver.findElement(RemoteWebDriver.java:315)
at io.appium.java_client.DefaultGenericMobileDriver.findElement(DefaultGenericMobileDriver.java:57)
at io.appium.java_client.AppiumDriver.findElement(AppiumDriver.java:1)
at io.appium.java_client.android.AndroidDriver.findElement(AndroidDriver.java:1)
at unit.Utilities.findElement(Utilities.java:1)
at org.openqa.selenium.support.ui.ExpectedConditions$6.apply(ExpectedConditions.java:182)
at org.openqa.selenium.support.ui.ExpectedConditions$6.apply(ExpectedConditions.java:179)
at org.openqa.selenium.support.ui.FluentWait.until(FluentWait.java:249)
... 27 more
... Removed 22 stack frames]]>
    </failure>
  </testcase> <!-- TC_0827_Chips_뉴스_지난주연예뉴스_확인 -->
  <testcase classname="Chips_004_생활정보.생활정보_14_뉴스" name="TC_0828_Chips_뉴스_N월첫째주스포츠뉴스_확인" time="13.663"/>
  <testcase classname="Chips_004_생활정보.생활정보_14_뉴스" name="TC_0829_Chips_뉴스_지난주SK텔레콤뉴스_확인" time="15.243"/>
  <testcase classname="Chips_004_생활정보.생활정보_14_뉴스" name="TC_0830_Chips_뉴스_지난달뉴스_확인" time="13.905"/>
  <testcase classname="Chips_004_생활정보.생활정보_14_뉴스" name="TC_0831_Chips_뉴스_지난달스포츠뉴스_확인" time="13.9"/>
  <testcase classname="Chips_004_생활정보.생활정보_14_뉴스" name="TC_0831_Chips_뉴스_지난달연예뉴스_확인" time="10.18"/>
  <testcase classname="Chips_004_생활정보.생활정보_14_뉴스" name="TC_0832_Chips_뉴스_지난달SK텔레콤뉴스_확인" time="10.055"/>
  <testcase classname="Chips_004_생활정보.생활정보_14_뉴스" name="TC_0834_Chips_뉴스_어제뉴스_확인" time="14.133"/>
  <testcase classname="Chips_004_생활정보.생활정보_14_뉴스" name="TC_0835_Chips_뉴스_그저께뉴스_확인" time="6.846"/>
  <testcase classname="Chips_004_생활정보.생활정보_14_뉴스" name="TC_0836_Chips_뉴스_그저께스포츠뉴스_확인" time="10.32"/>
  <testcase classname="Chips_004_생활정보.생활정보_14_뉴스" name="TC_0837_Chips_뉴스_미지원기간뉴스_과거특정일_확인" time="6.811"/>
  <testcase classname="Chips_004_생활정보.생활정보_14_뉴스" name="TC_0838_Chips_뉴스_미지원기간뉴스_내일_확인" time="10.664"/>
  <testcase classname="Chips_004_생활정보.생활정보_14_뉴스" name="TC_0839_Chips_뉴스_미지원기간뉴스_모레_확인" time="6.852"/>
  <testcase classname="Chips_004_생활정보.생활정보_15_뉴스_재생컨트롤러" name="TC_0000_앱실행과AccessToken얻기" time="53.228"/>
  <testcase classname="Chips_004_생활정보.생활정보_15_뉴스_재생컨트롤러" name="TC_0844_Chips_뉴스_연예키워드뉴스재생_확인" time="17.727"/>
  <testcase classname="Chips_004_생활정보.생활정보_15_뉴스_재생컨트롤러" name="TC_0845_Chips_뉴스_컨트롤러_일시정지_확인" time="9.062"/>
  <testcase classname="Chips_004_생활정보.생활정보_15_뉴스_재생컨트롤러" name="TC_0846_Chips_뉴스_컨트롤러_일시정지취소_확인" time="15.879"/>
  <testcase classname="Chips_004_생활정보.생활정보_15_뉴스_재생컨트롤러" name="TC_0847_Chips_뉴스_컨트롤러_일시정지_확인" time="7.516"/>
  <testcase classname="Chips_004_생활정보.생활정보_15_뉴스_재생컨트롤러" name="TC_0848_Chips_뉴스_컨트롤러_재생_확인" time="10.775"/>
  <testcase classname="Chips_004_생활정보.생활정보_15_뉴스_재생컨트롤러" name="TC_0849_Chips_뉴스_컨트롤러_좋아요해줘_확인" time="8.153"/>
  <testcase classname="Chips_004_생활정보.생활정보_15_뉴스_재생컨트롤러" name="TC_0850_Chips_뉴스_컨트롤러_좋아요취소_확인" time="5.082"/>
  <testcase classname="Chips_004_생활정보.생활정보_15_뉴스_재생컨트롤러" name="TC_0851_Chips_뉴스_컨트롤러_다음뉴스_확인" time="6.929"/>
  <testcase classname="Chips_004_생활정보.생활정보_15_뉴스_재생컨트롤러" name="TC_0852_Chips_뉴스_컨트롤러_이전뉴스_확인" time="6.861"/>
  <testcase classname="Chips_004_생활정보.생활정보_15_뉴스_재생컨트롤러" name="TC_0853_Chips_뉴스_컨트롤러_다음_확인" time="11.91"/>
  <testcase classname="Chips_004_생활정보.생활정보_15_뉴스_재생컨트롤러" name="TC_0854_Chips_뉴스_컨트롤러_이전_확인" time="11.96"/>
  <testcase classname="Chips_004_생활정보.생활정보_15_뉴스_재생컨트롤러" name="TC_0855_Chips_뉴스_종료_확인" time="7.074"/>
</testsuite> <!-- Test_Project -->
