<?xml version="1.0" encoding="UTF-8"?>
<!-- Generated by org.testng.reporters.JUnitXMLReporter -->
<testsuite ignored="0" hostname="DESKTOP-Kei" failures="0" tests="56" name="Test_Project" time="1143.709" errors="0" timestamp="2021-12-02T02:55:56 KST">
  <testcase classname="Chips_004_미디어_etc.미디어_12_팟빵" name="TC_0000_앱실행과AccessToken얻기" time="56.335"/>
  <testcase classname="Chips_004_미디어_etc.미디어_12_팟빵" name="TC_0442_Chips_팟캐스트_재생_확인" time="22.334"/>
  <testcase classname="Chips_004_미디어_etc.미디어_12_팟빵" name="TC_0443_Chips_팟빵_재생_확인" time="8.932"/>
  <testcase classname="Chips_004_미디어_etc.미디어_12_팟빵" name="TC_0444_Chips_팟빵_방송명으로팟캐스트_재생_확인" time="27.619"/>
  <testcase classname="Chips_004_미디어_etc.미디어_12_팟빵" name="TC_0445_Chips_팟빵_구독_확인" time="8.113"/>
  <testcase classname="Chips_004_미디어_etc.미디어_12_팟빵" name="TC_0446_Chips_팟빵_구독삭제_확인" time="12.198"/>
  <testcase classname="Chips_004_미디어_etc.미디어_12_팟빵" name="TC_0447_Chips_팟빵_재생시간이동_확인" time="5.038"/>
  <testcase classname="Chips_004_미디어_etc.미디어_12_팟빵" name="TC_0448_Chips_팟빵_종료예약_확인" time="13.28"/>
  <testcase classname="Chips_004_미디어_etc.미디어_12_팟빵" name="TC_0449_Chips_팟빵_종료예약_확인" time="5.16"/>
  <testcase classname="Chips_004_미디어_etc.미디어_12_팟빵" name="TC_0455_Chips_팟빵_컨트롤러_에피소드_재생_확인" time="9.522"/>
  <testcase classname="Chips_004_미디어_etc.미디어_12_팟빵" name="TC_0456_Chips_팟빵_컨트롤러_일시정지_확인" time="23.3"/>
  <testcase classname="Chips_004_미디어_etc.미디어_12_팟빵" name="TC_0457_Chips_팟빵_컨트롤러_일시정지취소_확인" time="14.461"/>
  <testcase classname="Chips_004_미디어_etc.미디어_12_팟빵" name="TC_0458_Chips_팟빵_컨트롤러_일시정지_확인" time="14.484"/>
  <testcase classname="Chips_004_미디어_etc.미디어_12_팟빵" name="TC_0459_Chips_팟빵_컨트롤러_일시정지취소_확인" time="19.78"/>
  <testcase classname="Chips_004_미디어_etc.미디어_12_팟빵" name="TC_0460_Chips_팟빵_구독_확인" time="15.243"/>
  <testcase classname="Chips_004_미디어_etc.미디어_12_팟빵" name="TC_0461_Chips_팟빵_구독해제_확인" time="19.474"/>
  <testcase classname="Chips_004_미디어_etc.미디어_12_팟빵" name="TC_0462_Chips_팟빵_이전_확인" time="55.474"/>
  <testcase classname="Chips_004_미디어_etc.미디어_12_팟빵" name="TC_0463_Chips_팟빵_다음_확인" time="28.274"/>
  <testcase classname="Chips_004_미디어_etc.미디어_12_팟빵" name="TC_0464_Chips_팟빵_이전팟캐스트_확인" time="37.472"/>
  <testcase classname="Chips_004_미디어_etc.미디어_12_팟빵" name="TC_0465_Chips_팟빵_다음팟캐스트__확인" time="40.879"/>
  <testcase classname="Chips_004_미디어_etc.미디어_12_팟빵" name="TC_0466_Chips_팟빵_재생시간앞으로이동_확인" time="22.263"/>
  <testcase classname="Chips_004_미디어_etc.미디어_12_팟빵" name="TC_0467_Chips_팟빵_재생시간뒤으로이동_확인" time="21.562"/>
  <testcase classname="Chips_004_미디어_etc.미디어_12_팟빵" name="TC_0468_Chips_팟빵_종료_확인" time="11.381"/>
  <testcase classname="Chips_007_생활정보_뉴스.생활정보_14_뉴스" name="TC_0000_앱실행과AccessToken얻기" time="56.499"/>
  <testcase classname="Chips_007_생활정보_뉴스.생활정보_14_뉴스" name="TC_0811_Chips_뉴스_기본설정_CBS뉴스_확인" time="20.312"/>
  <testcase classname="Chips_007_생활정보_뉴스.생활정보_14_뉴스" name="TC_0812_Chips_뉴스_기본설정_CBS뉴스_확인" time="11.734"/>
  <testcase classname="Chips_007_생활정보_뉴스.생활정보_14_뉴스" name="TC_0813_Chips_뉴스_KBS뉴스_확인" time="20.021"/>
  <testcase classname="Chips_007_생활정보_뉴스.생활정보_14_뉴스" name="TC_0814_Chips_뉴스_CBS뉴스_확인" time="11.752"/>
  <testcase classname="Chips_007_생활정보_뉴스.생활정보_14_뉴스" name="TC_0815_1_Chips_뉴스_MBC뉴스_확인" time="27.404"/>
  <testcase classname="Chips_007_생활정보_뉴스.생활정보_14_뉴스" name="TC_0815_2_Chips_뉴스_TBS뉴스_확인" time="9.637"/>
  <testcase classname="Chips_007_생활정보_뉴스.생활정보_14_뉴스" name="TC_0815_2_Chips_뉴스_연합뉴스뉴스_확인" time="9.819"/>
  <testcase classname="Chips_007_생활정보_뉴스.생활정보_14_뉴스" name="TC_0815_Chips_뉴스_SBS뉴스_확인" time="15.05"/>
  <testcase classname="Chips_007_생활정보_뉴스.생활정보_14_뉴스" name="TC_0816_Chips_뉴스_오늘뉴스_확인" time="10.807"/>
  <testcase classname="Chips_007_생활정보_뉴스.생활정보_14_뉴스" name="TC_0817_Chips_뉴스_연예특정뉴스_확인" time="27.28"/>
  <testcase classname="Chips_007_생활정보_뉴스.생활정보_14_뉴스" name="TC_0818_Chips_뉴스_스포츠특정뉴스_확인" time="19.442"/>
  <testcase classname="Chips_007_생활정보_뉴스.생활정보_14_뉴스" name="TC_0819_Chips_뉴스_미지원채널_확인" time="13.268"/>
  <testcase classname="Chips_007_생활정보_뉴스.생활정보_14_뉴스" name="TC_0820_Chips_뉴스_미지원채널_확인" time="5.1"/>
  <testcase classname="Chips_007_생활정보_뉴스.생활정보_14_뉴스" name="TC_0821_Chips_뉴스_SK텔레콤_키워드뉴스_확인" time="37.534"/>
  <testcase classname="Chips_007_생활정보_뉴스.생활정보_14_뉴스" name="TC_0822_Chips_뉴스_세종병원화재_키워드뉴스_확인" time="18.01"/>
  <testcase classname="Chips_007_생활정보_뉴스.생활정보_14_뉴스" name="TC_0823_Chips_뉴스_컴퓨터_키워드뉴스_확인" time="22.908"/>
  <testcase classname="Chips_007_생활정보_뉴스.생활정보_14_뉴스" name="TC_0824_Chips_뉴스_NUGU토픽_확인" time="26.023"/>
  <testcase classname="Chips_007_생활정보_뉴스.생활정보_14_뉴스" name="TC_0825_Chips_뉴스_키워드뉴스없음_확인" time="9.2"/>
  <testcase classname="Chips_007_생활정보_뉴스.생활정보_14_뉴스" name="TC_0826_Chips_뉴스_지난주뉴스_확인" time="15.344"/>
  <testcase classname="Chips_007_생활정보_뉴스.생활정보_14_뉴스" name="TC_0827_Chips_뉴스_지난주연예뉴스_확인" time="22.384"/>
  <testcase classname="Chips_007_생활정보_뉴스.생활정보_14_뉴스" name="TC_0828_Chips_뉴스_N월첫째주스포츠뉴스_확인" time="26.068"/>
  <testcase classname="Chips_007_생활정보_뉴스.생활정보_14_뉴스" name="TC_0829_Chips_뉴스_지난주SK텔레콤뉴스_확인" time="23.036"/>
  <testcase classname="Chips_007_생활정보_뉴스.생활정보_14_뉴스" name="TC_0830_Chips_뉴스_지난달뉴스_확인" time="14.918"/>
  <testcase classname="Chips_007_생활정보_뉴스.생활정보_14_뉴스" name="TC_0831_Chips_뉴스_지난달스포츠뉴스_확인" time="22.271"/>
  <testcase classname="Chips_007_생활정보_뉴스.생활정보_14_뉴스" name="TC_0831_Chips_뉴스_지난달연예뉴스_확인" time="26.067"/>
  <testcase classname="Chips_007_생활정보_뉴스.생활정보_14_뉴스" name="TC_0832_Chips_뉴스_지난달SK텔레콤뉴스_확인" time="22.149"/>
  <testcase classname="Chips_007_생활정보_뉴스.생활정보_14_뉴스" name="TC_0834_Chips_뉴스_어제뉴스_확인" time="6.913"/>
  <testcase classname="Chips_007_생활정보_뉴스.생활정보_14_뉴스" name="TC_0835_Chips_뉴스_그제뉴스_확인" time="11.49"/>
  <testcase classname="Chips_007_생활정보_뉴스.생활정보_14_뉴스" name="TC_0836_Chips_뉴스_그제스포츠뉴스_확인" time="23.249"/>
  <testcase classname="Chips_007_생활정보_뉴스.생활정보_14_뉴스" name="TC_0837_Chips_뉴스_미지원기간뉴스_과거특정일_확인" time="6.901"/>
  <testcase classname="Chips_007_생활정보_뉴스.생활정보_14_뉴스" name="TC_0838_Chips_뉴스_미지원기간뉴스_내일_확인" time="10.557"/>
  <testcase classname="Chips_007_생활정보_뉴스.생활정보_14_뉴스" name="TC_0839_Chips_뉴스_미지원기간뉴스_모레_확인" time="7.027"/>
</testsuite> <!-- Test_Project -->
