<?xml version="1.0" encoding="UTF-8"?>
<!-- Generated by org.testng.reporters.JUnitXMLReporter -->
<testsuite ignored="0" hostname="DESKTOP-Kei" failures="2" tests="25" name="Test_Project" time="467.412" errors="0" timestamp="2021-11-29T23:03:09 KST">
  <testcase classname="Chips_004_미디어_etc.미디어_12_팟빵" name="TC_0000_앱실행과AccessToken얻기" time="56.847"/>
  <testcase classname="Chips_004_미디어_etc.미디어_12_팟빵" name="TC_0442_Chips_팟캐스트_재생_확인" time="21.381"/>
  <testcase classname="Chips_004_미디어_etc.미디어_12_팟빵" name="TC_0443_Chips_팟빵_재생_확인" time="7.378"/>
  <testcase classname="Chips_004_미디어_etc.미디어_12_팟빵" name="TC_0444_Chips_팟빵_방송명으로팟캐스트_재생_확인" time="25.167"/>
  <testcase classname="Chips_004_미디어_etc.미디어_12_팟빵" name="TC_0445_Chips_팟빵_구독_확인" time="11.94"/>
  <testcase classname="Chips_004_미디어_etc.미디어_12_팟빵" name="TC_0446_Chips_팟빵_구독삭제_확인" time="18.149"/>
  <testcase classname="Chips_004_미디어_etc.미디어_12_팟빵" name="TC_0447_Chips_팟빵_재생시간이동_확인" time="5.025"/>
  <testcase classname="Chips_004_미디어_etc.미디어_12_팟빵" name="TC_0448_Chips_팟빵_종료예약_확인" time="11.262"/>
  <testcase classname="Chips_004_미디어_etc.미디어_12_팟빵" name="TC_0449_Chips_팟빵_종료예약_확인" time="5.094"/>
  <testcase classname="Chips_004_미디어_etc.미디어_12_팟빵" name="TC_0452_Chips_팟빵_티맵미지원컨텐츠_재생_확인" time="13.778"/>
  <testcase classname="Chips_004_미디어_etc.미디어_12_팟빵" name="TC_0453_Chips_팟빵_티맵미지원컨텐츠_재생_확인" time="20.869">
    <failure type="junit.framework.AssertionFailedError">
      <![CDATA[junit.framework.AssertionFailedError
at junit.framework.Assert.fail(Assert.java:47)
at junit.framework.Assert.assertTrue(Assert.java:20)
at junit.framework.Assert.assertTrue(Assert.java:27)
at Chips_004_미디어_etc.미디어_12_팟빵.TC_0453_Chips_팟빵_티맵미지원컨텐츠_재생_확인(미디어_12_팟빵.java:332)
at java.base/java.util.ArrayList.forEach(ArrayList.java:1511)
at java.base/java.util.concurrent.FutureTask.run(FutureTask.java:264)
at java.base/java.util.concurrent.ThreadPoolExecutor.runWorker(ThreadPoolExecutor.java:1130)
at java.base/java.util.concurrent.ThreadPoolExecutor$Worker.run(ThreadPoolExecutor.java:630)
at java.base/java.lang.Thread.run(Thread.java:832)
... Removed 18 stack frames]]>
    </failure>
  </testcase> <!-- TC_0453_Chips_팟빵_티맵미지원컨텐츠_재생_확인 -->
  <testcase classname="Chips_004_미디어_etc.미디어_12_팟빵" name="TC_0455_Chips_팟빵_컨트롤러_에피소드_재생_확인" time="12.603"/>
  <testcase classname="Chips_004_미디어_etc.미디어_12_팟빵" name="TC_0456_Chips_팟빵_컨트롤러_일시정지_확인" time="15.525"/>
  <testcase classname="Chips_004_미디어_etc.미디어_12_팟빵" name="TC_0457_Chips_팟빵_컨트롤러_일시정지취소_확인" time="8.684"/>
  <testcase classname="Chips_004_미디어_etc.미디어_12_팟빵" name="TC_0458_Chips_팟빵_컨트롤러_일시정지_확인" time="8.59"/>
  <testcase classname="Chips_004_미디어_etc.미디어_12_팟빵" name="TC_0459_Chips_팟빵_컨트롤러_일시정지취소_확인" time="8.867"/>
  <testcase classname="Chips_004_미디어_etc.미디어_12_팟빵" name="TC_0460_Chips_팟빵_구독_확인" time="30.208">
    <failure type="junit.framework.AssertionFailedError">
      <![CDATA[junit.framework.AssertionFailedError
at junit.framework.Assert.fail(Assert.java:47)
at junit.framework.Assert.assertTrue(Assert.java:20)
at junit.framework.Assert.assertTrue(Assert.java:27)
at Chips_004_미디어_etc.미디어_12_팟빵.TC_0460_Chips_팟빵_구독_확인(미디어_12_팟빵.java:433)
at java.base/java.util.ArrayList.forEach(ArrayList.java:1511)
at java.base/java.util.concurrent.FutureTask.run(FutureTask.java:264)
at java.base/java.util.concurrent.ThreadPoolExecutor.runWorker(ThreadPoolExecutor.java:1130)
at java.base/java.util.concurrent.ThreadPoolExecutor$Worker.run(ThreadPoolExecutor.java:630)
at java.base/java.lang.Thread.run(Thread.java:832)
... Removed 18 stack frames]]>
    </failure>
  </testcase> <!-- TC_0460_Chips_팟빵_구독_확인 -->
  <testcase classname="Chips_004_미디어_etc.미디어_12_팟빵" name="TC_0461_Chips_팟빵_구독해제_확인" time="12.093"/>
  <testcase classname="Chips_004_미디어_etc.미디어_12_팟빵" name="TC_0462_Chips_팟빵_이전_확인" time="42.358"/>
  <testcase classname="Chips_004_미디어_etc.미디어_12_팟빵" name="TC_0463_Chips_팟빵_다음_확인" time="16.425"/>
  <testcase classname="Chips_004_미디어_etc.미디어_12_팟빵" name="TC_0464_Chips_팟빵_이전팟캐스트_확인" time="33.209"/>
  <testcase classname="Chips_004_미디어_etc.미디어_12_팟빵" name="TC_0465_Chips_팟빵_다음팟캐스트__확인" time="29.034"/>
  <testcase classname="Chips_004_미디어_etc.미디어_12_팟빵" name="TC_0466_Chips_팟빵_재생시간앞으로이동_확인" time="9.836"/>
  <testcase classname="Chips_004_미디어_etc.미디어_12_팟빵" name="TC_0467_Chips_팟빵_재생시간뒤으로이동_확인" time="9.696"/>
  <testcase classname="Chips_004_미디어_etc.미디어_12_팟빵" name="TC_0468_Chips_팟빵_종료_확인" time="9.786"/>
</testsuite> <!-- Test_Project -->
