<?xml version="1.0" encoding="UTF-8"?>
<!-- Generated by org.testng.reporters.JUnitXMLReporter -->
<testsuite ignored="0" hostname="DESKTOP-Kei" failures="1" tests="2" name="Test_Project" time="86.614" errors="0" timestamp="2021-08-09T12:58:52 KST">
  <testcase classname="Chips_007_연령특화.연령특화_01_ZEM키즈" name="TC_0000_앱실행과AccessToken얻기" time="55.346"/>
  <testcase classname="Chips_007_연령특화.연령특화_01_ZEM키즈" name="TC_1062_ZEM키즈_미지원_확인" time="15.109">
    <failure type="junit.framework.AssertionFailedError">
      <![CDATA[junit.framework.AssertionFailedError
at junit.framework.Assert.fail(Assert.java:47)
at junit.framework.Assert.assertTrue(Assert.java:20)
at junit.framework.Assert.assertTrue(Assert.java:27)
at Chips_007_연령특화.연령특화_01_ZEM키즈.TC_1062_ZEM키즈_미지원_확인(연령특화_01_ZEM키즈.java:96)
at java.base/java.util.ArrayList.forEach(ArrayList.java:1511)
at java.base/java.util.concurrent.FutureTask.run(FutureTask.java:264)
at java.base/java.util.concurrent.ThreadPoolExecutor.runWorker(ThreadPoolExecutor.java:1130)
at java.base/java.util.concurrent.ThreadPoolExecutor$Worker.run(ThreadPoolExecutor.java:630)
at java.base/java.lang.Thread.run(Thread.java:832)
... Removed 18 stack frames]]>
    </failure>
  </testcase> <!-- TC_1062_ZEM키즈_미지원_확인 -->
</testsuite> <!-- Test_Project -->
