<?xml version="1.0" encoding="UTF-8"?>
<!-- Generated by org.testng.reporters.JUnitXMLReporter -->
<testsuite ignored="0" hostname="DESKTOP-Kei" failures="2" tests="33" name="Test_Project" time="1079.807" errors="0" timestamp="2021-11-24T18:32:41 KST">
  <testcase classname="Chips_004_생활정보.생활정보_14_뉴스" name="TC_0000_앱실행과AccessToken얻기" time="62.594"/>
  <testcase classname="Chips_004_생활정보.생활정보_14_뉴스" name="TC_0811_Chips_뉴스_기본설정_CBS뉴스_확인" time="30.194"/>
  <testcase classname="Chips_004_생활정보.생활정보_14_뉴스" name="TC_0812_Chips_뉴스_기본설정_CBS뉴스_확인" time="29.979"/>
  <testcase classname="Chips_004_생활정보.생활정보_14_뉴스" name="TC_0813_Chips_뉴스_KBS뉴스_확인" time="30.078"/>
  <testcase classname="Chips_004_생활정보.생활정보_14_뉴스" name="TC_0814_Chips_뉴스_CBS뉴스_확인" time="30.651"/>
  <testcase classname="Chips_004_생활정보.생활정보_14_뉴스" name="TC_0815_1_Chips_뉴스_MBC뉴스_확인" time="37.034"/>
  <testcase classname="Chips_004_생활정보.생활정보_14_뉴스" name="TC_0815_2_Chips_뉴스_TBS뉴스_확인" time="32.601">
    <failure type="junit.framework.AssertionFailedError">
      <![CDATA[junit.framework.AssertionFailedError
at junit.framework.Assert.fail(Assert.java:47)
at junit.framework.Assert.assertTrue(Assert.java:20)
at junit.framework.Assert.assertTrue(Assert.java:27)
at Chips_004_생활정보.생활정보_14_뉴스.TC_0815_2_Chips_뉴스_TBS뉴스_확인(생활정보_14_뉴스.java:313)
at java.base/java.util.ArrayList.forEach(ArrayList.java:1511)
at java.base/java.util.concurrent.FutureTask.run(FutureTask.java:264)
at java.base/java.util.concurrent.ThreadPoolExecutor.runWorker(ThreadPoolExecutor.java:1130)
at java.base/java.util.concurrent.ThreadPoolExecutor$Worker.run(ThreadPoolExecutor.java:630)
at java.base/java.lang.Thread.run(Thread.java:832)
... Removed 18 stack frames]]>
    </failure>
  </testcase> <!-- TC_0815_2_Chips_뉴스_TBS뉴스_확인 -->
  <testcase classname="Chips_004_생활정보.생활정보_14_뉴스" name="TC_0815_2_Chips_뉴스_연합뉴스뉴스_확인" time="32.643">
    <failure type="junit.framework.AssertionFailedError">
      <![CDATA[junit.framework.AssertionFailedError
at junit.framework.Assert.fail(Assert.java:47)
at junit.framework.Assert.assertTrue(Assert.java:20)
at junit.framework.Assert.assertTrue(Assert.java:27)
at Chips_004_생활정보.생활정보_14_뉴스.TC_0815_2_Chips_뉴스_연합뉴스뉴스_확인(생활정보_14_뉴스.java:346)
at java.base/java.util.ArrayList.forEach(ArrayList.java:1511)
at java.base/java.util.concurrent.FutureTask.run(FutureTask.java:264)
at java.base/java.util.concurrent.ThreadPoolExecutor.runWorker(ThreadPoolExecutor.java:1130)
at java.base/java.util.concurrent.ThreadPoolExecutor$Worker.run(ThreadPoolExecutor.java:630)
at java.base/java.lang.Thread.run(Thread.java:832)
... Removed 18 stack frames]]>
    </failure>
  </testcase> <!-- TC_0815_2_Chips_뉴스_연합뉴스뉴스_확인 -->
  <testcase classname="Chips_004_생활정보.생활정보_14_뉴스" name="TC_0815_Chips_뉴스_SBS뉴스_확인" time="28.538"/>
  <testcase classname="Chips_004_생활정보.생활정보_14_뉴스" name="TC_0816_Chips_뉴스_오늘뉴스_확인" time="29.382"/>
  <testcase classname="Chips_004_생활정보.생활정보_14_뉴스" name="TC_0817_Chips_뉴스_연예특정뉴스_확인" time="31.881"/>
  <testcase classname="Chips_004_생활정보.생활정보_14_뉴스" name="TC_0818_Chips_뉴스_스포츠특정뉴스_확인" time="27.381"/>
  <testcase classname="Chips_004_생활정보.생활정보_14_뉴스" name="TC_0819_Chips_뉴스_미지원채널_확인" time="22.109"/>
  <testcase classname="Chips_004_생활정보.생활정보_14_뉴스" name="TC_0820_Chips_뉴스_미지원채널_확인" time="22.107"/>
  <testcase classname="Chips_004_생활정보.생활정보_14_뉴스" name="TC_0821_Chips_뉴스_SK텔레콤_키워드뉴스_확인" time="44.881"/>
  <testcase classname="Chips_004_생활정보.생활정보_14_뉴스" name="TC_0822_Chips_뉴스_세종병원화재_키워드뉴스_확인" time="49.567"/>
  <testcase classname="Chips_004_생활정보.생활정보_14_뉴스" name="TC_0823_Chips_뉴스_컴퓨터_키워드뉴스_확인" time="27.435"/>
  <testcase classname="Chips_004_생활정보.생활정보_14_뉴스" name="TC_0824_Chips_뉴스_NUGU토픽_확인" time="27.424"/>
  <testcase classname="Chips_004_생활정보.생활정보_14_뉴스" name="TC_0825_Chips_뉴스_키워드뉴스없음_확인" time="22.106"/>
  <testcase classname="Chips_004_생활정보.생활정보_14_뉴스" name="TC_0826_Chips_뉴스_지난주뉴스_확인" time="29.383"/>
  <testcase classname="Chips_004_생활정보.생활정보_14_뉴스" name="TC_0827_Chips_뉴스_지난주연예뉴스_확인" time="41.878"/>
  <testcase classname="Chips_004_생활정보.생활정보_14_뉴스" name="TC_0828_Chips_뉴스_N월첫째주스포츠뉴스_확인" time="27.396"/>
  <testcase classname="Chips_004_생활정보.생활정보_14_뉴스" name="TC_0829_Chips_뉴스_지난주SK텔레콤뉴스_확인" time="27.401"/>
  <testcase classname="Chips_004_생활정보.생활정보_14_뉴스" name="TC_0830_Chips_뉴스_지난달뉴스_확인" time="29.28"/>
  <testcase classname="Chips_004_생활정보.생활정보_14_뉴스" name="TC_0831_Chips_뉴스_지난달스포츠뉴스_확인" time="38.436"/>
  <testcase classname="Chips_004_생활정보.생활정보_14_뉴스" name="TC_0831_Chips_뉴스_지난달연예뉴스_확인" time="37.387"/>
  <testcase classname="Chips_004_생활정보.생활정보_14_뉴스" name="TC_0832_Chips_뉴스_지난달SK텔레콤뉴스_확인" time="37.484"/>
  <testcase classname="Chips_004_생활정보.생활정보_14_뉴스" name="TC_0834_Chips_뉴스_어제뉴스_확인" time="28.811"/>
  <testcase classname="Chips_004_생활정보.생활정보_14_뉴스" name="TC_0835_Chips_뉴스_그저께뉴스_확인" time="29.126"/>
  <testcase classname="Chips_004_생활정보.생활정보_14_뉴스" name="TC_0836_Chips_뉴스_그저께스포츠뉴스_확인" time="27.512"/>
  <testcase classname="Chips_004_생활정보.생활정보_14_뉴스" name="TC_0837_Chips_뉴스_미지원기간뉴스_과거특정일_확인" time="28.84"/>
  <testcase classname="Chips_004_생활정보.생활정보_14_뉴스" name="TC_0838_Chips_뉴스_미지원기간뉴스_내일_확인" time="28.865"/>
  <testcase classname="Chips_004_생활정보.생활정보_14_뉴스" name="TC_0839_Chips_뉴스_미지원기간뉴스_모레_확인" time="28.851"/>
</testsuite> <!-- Test_Project -->
