<?xml version="1.0" encoding="UTF-8"?>
<!-- Generated by org.testng.reporters.JUnitXMLReporter -->
<testsuite ignored="0" hostname="DESKTOP-Kei" failures="0" tests="3" name="Test_Project" time="109.241" errors="0" timestamp="2021-07-19T21:52:31 KST">
  <testcase classname="Chips_004_생활정보.생활정보_06_날씨_현재기온" name="TC_0000_앱실행과AccessToken얻기" time="58.79"/>
  <testcase classname="Chips_004_생활정보.생활정보_06_날씨_현재기온" name="TC_0745_Chips_날씨_현재온도_추워_확인" time="15.159"/>
  <testcase classname="Chips_004_생활정보.생활정보_06_날씨_현재기온" name="TC_0746_Chips_날씨_현재온도_더워_확인" time="15.189"/>
</testsuite> <!-- Test_Project -->
