<?xml version="1.0" encoding="UTF-8"?>
<!-- Generated by org.testng.reporters.JUnitXMLReporter -->
<testsuite ignored="0" hostname="DESKTOP-Kei" failures="47" tests="47" name="Test_Project" time="447.278" errors="0" timestamp="2021-12-04T09:07:21 KST">
  <testcase classname="Chips_002_미디어_멜론FLO.미디어_01_멜론" name="TC_0000_앱실행과AccessToken얻기" time="52.309">
    <failure type="java.net.SocketTimeoutException" message="Connect timed out">
      <![CDATA[java.net.SocketTimeoutException: Connect timed out
at java.base/sun.nio.ch.NioSocketImpl.timedFinishConnect(NioSocketImpl.java:546)
at java.base/sun.nio.ch.NioSocketImpl.connect(NioSocketImpl.java:597)
at java.base/java.net.SocksSocketImpl.connect(SocksSocketImpl.java:333)
at java.base/java.net.Socket.connect(Socket.java:648)
at okhttp3.internal.platform.Platform.connectSocket(Platform.kt:127)
at okhttp3.internal.connection.RealConnection.connectSocket(RealConnection.kt:268)
at okhttp3.internal.connection.RealConnection.connect(RealConnection.kt:176)
at okhttp3.internal.connection.ExchangeFinder.findConnection(ExchangeFinder.kt:236)
at okhttp3.internal.connection.ExchangeFinder.findHealthyConnection(ExchangeFinder.kt:109)
at okhttp3.internal.connection.ExchangeFinder.find(ExchangeFinder.kt:77)
at okhttp3.internal.connection.Transmitter.newExchange$okhttp(Transmitter.kt:162)
at okhttp3.internal.connection.ConnectInterceptor.intercept(ConnectInterceptor.kt:35)
at okhttp3.internal.http.RealInterceptorChain.proceed(RealInterceptorChain.kt:112)
at okhttp3.internal.http.RealInterceptorChain.proceed(RealInterceptorChain.kt:87)
at okhttp3.internal.cache.CacheInterceptor.intercept(CacheInterceptor.kt:82)
at okhttp3.internal.http.RealInterceptorChain.proceed(RealInterceptorChain.kt:112)
at okhttp3.internal.http.RealInterceptorChain.proceed(RealInterceptorChain.kt:87)
at okhttp3.internal.http.BridgeInterceptor.intercept(BridgeInterceptor.kt:84)
at okhttp3.internal.http.RealInterceptorChain.proceed(RealInterceptorChain.kt:112)
at okhttp3.internal.http.RetryAndFollowUpInterceptor.intercept(RetryAndFollowUpInterceptor.kt:71)
at okhttp3.internal.http.RealInterceptorChain.proceed(RealInterceptorChain.kt:112)
at okhttp3.internal.http.RealInterceptorChain.proceed(RealInterceptorChain.kt:87)
at okhttp3.RealCall.getResponseWithInterceptorChain(RealCall.kt:184)
at okhttp3.RealCall.execute(RealCall.kt:66)
at unit.Utilities.NUGU_Insight_Token(Utilities.java:1947)
at unit.Utilities.TransactionID_JsonParsing(Utilities.java:3240)
at Chips_002_미디어_멜론FLO.미디어_01_멜론.accessToken얻기(미디어_01_멜론.java:37)
at Chips_002_미디어_멜론FLO.미디어_01_멜론.TC_0000_앱실행과AccessToken얻기(미디어_01_멜론.java:101)
at java.base/java.util.ArrayList.forEach(ArrayList.java:1511)
at java.base/java.util.concurrent.FutureTask.run(FutureTask.java:264)
at java.base/java.util.concurrent.ThreadPoolExecutor.runWorker(ThreadPoolExecutor.java:1130)
at java.base/java.util.concurrent.ThreadPoolExecutor$Worker.run(ThreadPoolExecutor.java:630)
at java.base/java.lang.Thread.run(Thread.java:832)
... Removed 18 stack frames]]>
    </failure>
  </testcase> <!-- TC_0000_앱실행과AccessToken얻기 -->
  <testcase classname="Chips_002_미디어_멜론FLO.미디어_01_멜론" name="TC_0146_Chips_멜론미지원_확인" time="0.001">
    <failure type="java.lang.IllegalArgumentException" message="Parameter specified as non-null is null: method okhttp3.Request$Builder.addHeader, parameter value">
      <![CDATA[java.lang.IllegalArgumentException: Parameter specified as non-null is null: method okhttp3.Request$Builder.addHeader, parameter value
at okhttp3.Request$Builder.addHeader(Request.kt)
at unit.Utilities.SWFsendPost(Utilities.java:1789)
at Chips_002_미디어_멜론FLO.미디어_01_멜론.TC_0146_Chips_멜론미지원_확인(미디어_01_멜론.java:109)
at java.base/java.util.ArrayList.forEach(ArrayList.java:1511)
at java.base/java.util.concurrent.FutureTask.run(FutureTask.java:264)
at java.base/java.util.concurrent.ThreadPoolExecutor.runWorker(ThreadPoolExecutor.java:1130)
at java.base/java.util.concurrent.ThreadPoolExecutor$Worker.run(ThreadPoolExecutor.java:630)
at java.base/java.lang.Thread.run(Thread.java:832)
... Removed 18 stack frames]]>
    </failure>
  </testcase> <!-- TC_0146_Chips_멜론미지원_확인 -->
  <testcase classname="Chips_002_미디어_멜론FLO.미디어_01_멜론" name="TC_0235_Chips_멜론미지원_확인" time="0.002">
    <failure type="java.lang.IllegalArgumentException" message="Parameter specified as non-null is null: method okhttp3.Request$Builder.addHeader, parameter value">
      <![CDATA[java.lang.IllegalArgumentException: Parameter specified as non-null is null: method okhttp3.Request$Builder.addHeader, parameter value
at okhttp3.Request$Builder.addHeader(Request.kt)
at unit.Utilities.SWFsendPost(Utilities.java:1789)
at Chips_002_미디어_멜론FLO.미디어_01_멜론.TC_0235_Chips_멜론미지원_확인(미디어_01_멜론.java:124)
at java.base/java.util.ArrayList.forEach(ArrayList.java:1511)
at java.base/java.util.concurrent.FutureTask.run(FutureTask.java:264)
at java.base/java.util.concurrent.ThreadPoolExecutor.runWorker(ThreadPoolExecutor.java:1130)
at java.base/java.util.concurrent.ThreadPoolExecutor$Worker.run(ThreadPoolExecutor.java:630)
at java.base/java.lang.Thread.run(Thread.java:832)
... Removed 18 stack frames]]>
    </failure>
  </testcase> <!-- TC_0235_Chips_멜론미지원_확인 -->
  <testcase classname="Chips_002_미디어_멜론FLO.미디어_01_멜론" name="TC_0236_Chips_멜론미지원_확인" time="0.001">
    <failure type="java.lang.IllegalArgumentException" message="Parameter specified as non-null is null: method okhttp3.Request$Builder.addHeader, parameter value">
      <![CDATA[java.lang.IllegalArgumentException: Parameter specified as non-null is null: method okhttp3.Request$Builder.addHeader, parameter value
at okhttp3.Request$Builder.addHeader(Request.kt)
at unit.Utilities.SWFsendPost(Utilities.java:1789)
at Chips_002_미디어_멜론FLO.미디어_01_멜론.TC_0236_Chips_멜론미지원_확인(미디어_01_멜론.java:138)
at java.base/java.util.ArrayList.forEach(ArrayList.java:1511)
at java.base/java.util.concurrent.FutureTask.run(FutureTask.java:264)
at java.base/java.util.concurrent.ThreadPoolExecutor.runWorker(ThreadPoolExecutor.java:1130)
at java.base/java.util.concurrent.ThreadPoolExecutor$Worker.run(ThreadPoolExecutor.java:630)
at java.base/java.lang.Thread.run(Thread.java:832)
... Removed 18 stack frames]]>
    </failure>
  </testcase> <!-- TC_0236_Chips_멜론미지원_확인 -->
  <testcase classname="Chips_002_미디어_멜론FLO.미디어_01_멜론" name="TC_0237_Chips_멜론미지원_확인" time="0.002">
    <failure type="java.lang.IllegalArgumentException" message="Parameter specified as non-null is null: method okhttp3.Request$Builder.addHeader, parameter value">
      <![CDATA[java.lang.IllegalArgumentException: Parameter specified as non-null is null: method okhttp3.Request$Builder.addHeader, parameter value
at okhttp3.Request$Builder.addHeader(Request.kt)
at unit.Utilities.SWFsendPost(Utilities.java:1789)
at Chips_002_미디어_멜론FLO.미디어_01_멜론.TC_0237_Chips_멜론미지원_확인(미디어_01_멜론.java:152)
at java.base/java.util.ArrayList.forEach(ArrayList.java:1511)
at java.base/java.util.concurrent.FutureTask.run(FutureTask.java:264)
at java.base/java.util.concurrent.ThreadPoolExecutor.runWorker(ThreadPoolExecutor.java:1130)
at java.base/java.util.concurrent.ThreadPoolExecutor$Worker.run(ThreadPoolExecutor.java:630)
at java.base/java.lang.Thread.run(Thread.java:832)
... Removed 18 stack frames]]>
    </failure>
  </testcase> <!-- TC_0237_Chips_멜론미지원_확인 -->
  <testcase classname="Chips_002_미디어_멜론FLO.미디어_02_FLO_미로그인" name="TC_0000_앱실행과AccessToken얻기" time="53.212">
    <failure type="java.net.SocketTimeoutException" message="Connect timed out">
      <![CDATA[java.net.SocketTimeoutException: Connect timed out
at java.base/sun.nio.ch.NioSocketImpl.timedFinishConnect(NioSocketImpl.java:546)
at java.base/sun.nio.ch.NioSocketImpl.connect(NioSocketImpl.java:597)
at java.base/java.net.SocksSocketImpl.connect(SocksSocketImpl.java:333)
at java.base/java.net.Socket.connect(Socket.java:648)
at okhttp3.internal.platform.Platform.connectSocket(Platform.kt:127)
at okhttp3.internal.connection.RealConnection.connectSocket(RealConnection.kt:268)
at okhttp3.internal.connection.RealConnection.connect(RealConnection.kt:176)
at okhttp3.internal.connection.ExchangeFinder.findConnection(ExchangeFinder.kt:236)
at okhttp3.internal.connection.ExchangeFinder.findHealthyConnection(ExchangeFinder.kt:109)
at okhttp3.internal.connection.ExchangeFinder.find(ExchangeFinder.kt:77)
at okhttp3.internal.connection.Transmitter.newExchange$okhttp(Transmitter.kt:162)
at okhttp3.internal.connection.ConnectInterceptor.intercept(ConnectInterceptor.kt:35)
at okhttp3.internal.http.RealInterceptorChain.proceed(RealInterceptorChain.kt:112)
at okhttp3.internal.http.RealInterceptorChain.proceed(RealInterceptorChain.kt:87)
at okhttp3.internal.cache.CacheInterceptor.intercept(CacheInterceptor.kt:82)
at okhttp3.internal.http.RealInterceptorChain.proceed(RealInterceptorChain.kt:112)
at okhttp3.internal.http.RealInterceptorChain.proceed(RealInterceptorChain.kt:87)
at okhttp3.internal.http.BridgeInterceptor.intercept(BridgeInterceptor.kt:84)
at okhttp3.internal.http.RealInterceptorChain.proceed(RealInterceptorChain.kt:112)
at okhttp3.internal.http.RetryAndFollowUpInterceptor.intercept(RetryAndFollowUpInterceptor.kt:71)
at okhttp3.internal.http.RealInterceptorChain.proceed(RealInterceptorChain.kt:112)
at okhttp3.internal.http.RealInterceptorChain.proceed(RealInterceptorChain.kt:87)
at okhttp3.RealCall.getResponseWithInterceptorChain(RealCall.kt:184)
at okhttp3.RealCall.execute(RealCall.kt:66)
at unit.Utilities.NUGU_Insight_Token(Utilities.java:1947)
at unit.Utilities.TransactionID_JsonParsing(Utilities.java:3240)
at Chips_002_미디어_멜론FLO.미디어_02_FLO_미로그인.accessToken얻기(미디어_02_FLO_미로그인.java:37)
at Chips_002_미디어_멜론FLO.미디어_02_FLO_미로그인.TC_0000_앱실행과AccessToken얻기(미디어_02_FLO_미로그인.java:102)
at java.base/java.util.ArrayList.forEach(ArrayList.java:1511)
at java.base/java.util.concurrent.FutureTask.run(FutureTask.java:264)
at java.base/java.util.concurrent.ThreadPoolExecutor.runWorker(ThreadPoolExecutor.java:1130)
at java.base/java.util.concurrent.ThreadPoolExecutor$Worker.run(ThreadPoolExecutor.java:630)
at java.base/java.lang.Thread.run(Thread.java:832)
... Removed 18 stack frames]]>
    </failure>
  </testcase> <!-- TC_0000_앱실행과AccessToken얻기 -->
  <testcase classname="Chips_002_미디어_멜론FLO.미디어_02_FLO_미로그인" name="TC_0213_Chips_FLO미로그인_뮤직메이트로실행_확인" time="0.001">
    <failure type="java.lang.IllegalArgumentException" message="Parameter specified as non-null is null: method okhttp3.Request$Builder.addHeader, parameter value">
      <![CDATA[java.lang.IllegalArgumentException: Parameter specified as non-null is null: method okhttp3.Request$Builder.addHeader, parameter value
at okhttp3.Request$Builder.addHeader(Request.kt)
at unit.Utilities.SWFsendPost(Utilities.java:1789)
at Chips_002_미디어_멜론FLO.미디어_02_FLO_미로그인.TC_0213_Chips_FLO미로그인_뮤직메이트로실행_확인(미디어_02_FLO_미로그인.java:110)
at java.base/java.util.ArrayList.forEach(ArrayList.java:1511)
at java.base/java.util.concurrent.FutureTask.run(FutureTask.java:264)
at java.base/java.util.concurrent.ThreadPoolExecutor.runWorker(ThreadPoolExecutor.java:1130)
at java.base/java.util.concurrent.ThreadPoolExecutor$Worker.run(ThreadPoolExecutor.java:630)
at java.base/java.lang.Thread.run(Thread.java:832)
... Removed 18 stack frames]]>
    </failure>
  </testcase> <!-- TC_0213_Chips_FLO미로그인_뮤직메이트로실행_확인 -->
  <testcase classname="Chips_002_미디어_멜론FLO.미디어_02_FLO_미로그인" name="TC_0214_Chips_FLO미로그인_음악실행_확인" time="0.001">
    <failure type="java.lang.IllegalArgumentException" message="Parameter specified as non-null is null: method okhttp3.Request$Builder.addHeader, parameter value">
      <![CDATA[java.lang.IllegalArgumentException: Parameter specified as non-null is null: method okhttp3.Request$Builder.addHeader, parameter value
at okhttp3.Request$Builder.addHeader(Request.kt)
at unit.Utilities.SWFsendPost(Utilities.java:1789)
at Chips_002_미디어_멜론FLO.미디어_02_FLO_미로그인.TC_0214_Chips_FLO미로그인_음악실행_확인(미디어_02_FLO_미로그인.java:160)
at java.base/java.util.ArrayList.forEach(ArrayList.java:1511)
at java.base/java.util.concurrent.FutureTask.run(FutureTask.java:264)
at java.base/java.util.concurrent.ThreadPoolExecutor.runWorker(ThreadPoolExecutor.java:1130)
at java.base/java.util.concurrent.ThreadPoolExecutor$Worker.run(ThreadPoolExecutor.java:630)
at java.base/java.lang.Thread.run(Thread.java:832)
... Removed 18 stack frames]]>
    </failure>
  </testcase> <!-- TC_0214_Chips_FLO미로그인_음악실행_확인 -->
  <testcase classname="Chips_002_미디어_멜론FLO.미디어_02_FLO_미로그인" name="TC_0215_Chips_FLO미로그인_뮤직플레이_확인" time="0.001">
    <failure type="java.lang.IllegalArgumentException" message="Parameter specified as non-null is null: method okhttp3.Request$Builder.addHeader, parameter value">
      <![CDATA[java.lang.IllegalArgumentException: Parameter specified as non-null is null: method okhttp3.Request$Builder.addHeader, parameter value
at okhttp3.Request$Builder.addHeader(Request.kt)
at unit.Utilities.SWFsendPost(Utilities.java:1789)
at Chips_002_미디어_멜론FLO.미디어_02_FLO_미로그인.TC_0215_Chips_FLO미로그인_뮤직플레이_확인(미디어_02_FLO_미로그인.java:209)
at java.base/java.util.ArrayList.forEach(ArrayList.java:1511)
at java.base/java.util.concurrent.FutureTask.run(FutureTask.java:264)
at java.base/java.util.concurrent.ThreadPoolExecutor.runWorker(ThreadPoolExecutor.java:1130)
at java.base/java.util.concurrent.ThreadPoolExecutor$Worker.run(ThreadPoolExecutor.java:630)
at java.base/java.lang.Thread.run(Thread.java:832)
... Removed 18 stack frames]]>
    </failure>
  </testcase> <!-- TC_0215_Chips_FLO미로그인_뮤직플레이_확인 -->
  <testcase classname="Chips_002_미디어_멜론FLO.미디어_02_FLO_미로그인" name="TC_0216_Chips_FLO미로그인_방송음악_확인" time="0.001">
    <failure type="java.lang.IllegalArgumentException" message="Parameter specified as non-null is null: method okhttp3.Request$Builder.addHeader, parameter value">
      <![CDATA[java.lang.IllegalArgumentException: Parameter specified as non-null is null: method okhttp3.Request$Builder.addHeader, parameter value
at okhttp3.Request$Builder.addHeader(Request.kt)
at unit.Utilities.SWFsendPost(Utilities.java:1789)
at Chips_002_미디어_멜론FLO.미디어_02_FLO_미로그인.TC_0216_Chips_FLO미로그인_방송음악_확인(미디어_02_FLO_미로그인.java:259)
at java.base/java.util.ArrayList.forEach(ArrayList.java:1511)
at java.base/java.util.concurrent.FutureTask.run(FutureTask.java:264)
at java.base/java.util.concurrent.ThreadPoolExecutor.runWorker(ThreadPoolExecutor.java:1130)
at java.base/java.util.concurrent.ThreadPoolExecutor$Worker.run(ThreadPoolExecutor.java:630)
at java.base/java.lang.Thread.run(Thread.java:832)
... Removed 18 stack frames]]>
    </failure>
  </testcase> <!-- TC_0216_Chips_FLO미로그인_방송음악_확인 -->
  <testcase classname="Chips_002_미디어_멜론FLO.미디어_02_FLO_미로그인" name="TC_0217_Chips_FLO미로그인_최신음악_확인" time="0.001">
    <failure type="java.lang.IllegalArgumentException" message="Parameter specified as non-null is null: method okhttp3.Request$Builder.addHeader, parameter value">
      <![CDATA[java.lang.IllegalArgumentException: Parameter specified as non-null is null: method okhttp3.Request$Builder.addHeader, parameter value
at okhttp3.Request$Builder.addHeader(Request.kt)
at unit.Utilities.SWFsendPost(Utilities.java:1789)
at Chips_002_미디어_멜론FLO.미디어_02_FLO_미로그인.TC_0217_Chips_FLO미로그인_최신음악_확인(미디어_02_FLO_미로그인.java:309)
at java.base/java.util.ArrayList.forEach(ArrayList.java:1511)
at java.base/java.util.concurrent.FutureTask.run(FutureTask.java:264)
at java.base/java.util.concurrent.ThreadPoolExecutor.runWorker(ThreadPoolExecutor.java:1130)
at java.base/java.util.concurrent.ThreadPoolExecutor$Worker.run(ThreadPoolExecutor.java:630)
at java.base/java.lang.Thread.run(Thread.java:832)
... Removed 18 stack frames]]>
    </failure>
  </testcase> <!-- TC_0217_Chips_FLO미로그인_최신음악_확인 -->
  <testcase classname="Chips_002_미디어_멜론FLO.미디어_02_FLO_미로그인" name="TC_0218_Chips_FLO미로그인_아티스트곡_확인" time="0.001">
    <failure type="java.lang.IllegalArgumentException" message="Parameter specified as non-null is null: method okhttp3.Request$Builder.addHeader, parameter value">
      <![CDATA[java.lang.IllegalArgumentException: Parameter specified as non-null is null: method okhttp3.Request$Builder.addHeader, parameter value
at okhttp3.Request$Builder.addHeader(Request.kt)
at unit.Utilities.SWFsendPost(Utilities.java:1789)
at Chips_002_미디어_멜론FLO.미디어_02_FLO_미로그인.TC_0218_Chips_FLO미로그인_아티스트곡_확인(미디어_02_FLO_미로그인.java:360)
at java.base/java.util.ArrayList.forEach(ArrayList.java:1511)
at java.base/java.util.concurrent.FutureTask.run(FutureTask.java:264)
at java.base/java.util.concurrent.ThreadPoolExecutor.runWorker(ThreadPoolExecutor.java:1130)
at java.base/java.util.concurrent.ThreadPoolExecutor$Worker.run(ThreadPoolExecutor.java:630)
at java.base/java.lang.Thread.run(Thread.java:832)
... Removed 18 stack frames]]>
    </failure>
  </testcase> <!-- TC_0218_Chips_FLO미로그인_아티스트곡_확인 -->
  <testcase classname="Chips_002_미디어_멜론FLO.미디어_02_FLO_미로그인" name="TC_0219_Chips_FLO미로그인_음원없음_확인" time="0.001">
    <failure type="java.lang.IllegalArgumentException" message="Parameter specified as non-null is null: method okhttp3.Request$Builder.addHeader, parameter value">
      <![CDATA[java.lang.IllegalArgumentException: Parameter specified as non-null is null: method okhttp3.Request$Builder.addHeader, parameter value
at okhttp3.Request$Builder.addHeader(Request.kt)
at unit.Utilities.SWFsendPost(Utilities.java:1789)
at Chips_002_미디어_멜론FLO.미디어_02_FLO_미로그인.TC_0219_Chips_FLO미로그인_음원없음_확인(미디어_02_FLO_미로그인.java:388)
at java.base/java.util.ArrayList.forEach(ArrayList.java:1511)
at java.base/java.util.concurrent.FutureTask.run(FutureTask.java:264)
at java.base/java.util.concurrent.ThreadPoolExecutor.runWorker(ThreadPoolExecutor.java:1130)
at java.base/java.util.concurrent.ThreadPoolExecutor$Worker.run(ThreadPoolExecutor.java:630)
at java.base/java.lang.Thread.run(Thread.java:832)
... Removed 18 stack frames]]>
    </failure>
  </testcase> <!-- TC_0219_Chips_FLO미로그인_음원없음_확인 -->
  <testcase classname="Chips_002_미디어_멜론FLO.미디어_03_FLO_로그인" name="TC_0000_앱실행과AccessToken얻기" time="51.946">
    <failure type="java.net.SocketTimeoutException" message="Connect timed out">
      <![CDATA[java.net.SocketTimeoutException: Connect timed out
at java.base/sun.nio.ch.NioSocketImpl.timedFinishConnect(NioSocketImpl.java:546)
at java.base/sun.nio.ch.NioSocketImpl.connect(NioSocketImpl.java:597)
at java.base/java.net.SocksSocketImpl.connect(SocksSocketImpl.java:333)
at java.base/java.net.Socket.connect(Socket.java:648)
at okhttp3.internal.platform.Platform.connectSocket(Platform.kt:127)
at okhttp3.internal.connection.RealConnection.connectSocket(RealConnection.kt:268)
at okhttp3.internal.connection.RealConnection.connect(RealConnection.kt:176)
at okhttp3.internal.connection.ExchangeFinder.findConnection(ExchangeFinder.kt:236)
at okhttp3.internal.connection.ExchangeFinder.findHealthyConnection(ExchangeFinder.kt:109)
at okhttp3.internal.connection.ExchangeFinder.find(ExchangeFinder.kt:77)
at okhttp3.internal.connection.Transmitter.newExchange$okhttp(Transmitter.kt:162)
at okhttp3.internal.connection.ConnectInterceptor.intercept(ConnectInterceptor.kt:35)
at okhttp3.internal.http.RealInterceptorChain.proceed(RealInterceptorChain.kt:112)
at okhttp3.internal.http.RealInterceptorChain.proceed(RealInterceptorChain.kt:87)
at okhttp3.internal.cache.CacheInterceptor.intercept(CacheInterceptor.kt:82)
at okhttp3.internal.http.RealInterceptorChain.proceed(RealInterceptorChain.kt:112)
at okhttp3.internal.http.RealInterceptorChain.proceed(RealInterceptorChain.kt:87)
at okhttp3.internal.http.BridgeInterceptor.intercept(BridgeInterceptor.kt:84)
at okhttp3.internal.http.RealInterceptorChain.proceed(RealInterceptorChain.kt:112)
at okhttp3.internal.http.RetryAndFollowUpInterceptor.intercept(RetryAndFollowUpInterceptor.kt:71)
at okhttp3.internal.http.RealInterceptorChain.proceed(RealInterceptorChain.kt:112)
at okhttp3.internal.http.RealInterceptorChain.proceed(RealInterceptorChain.kt:87)
at okhttp3.RealCall.getResponseWithInterceptorChain(RealCall.kt:184)
at okhttp3.RealCall.execute(RealCall.kt:66)
at unit.Utilities.NUGU_Insight_Token(Utilities.java:1947)
at unit.Utilities.TransactionID_JsonParsing(Utilities.java:3240)
at Chips_002_미디어_멜론FLO.미디어_03_FLO_로그인.accessToken얻기(미디어_03_FLO_로그인.java:37)
at Chips_002_미디어_멜론FLO.미디어_03_FLO_로그인.TC_0000_앱실행과AccessToken얻기(미디어_03_FLO_로그인.java:101)
at java.base/java.util.ArrayList.forEach(ArrayList.java:1511)
at java.base/java.util.concurrent.FutureTask.run(FutureTask.java:264)
at java.base/java.util.concurrent.ThreadPoolExecutor.runWorker(ThreadPoolExecutor.java:1130)
at java.base/java.util.concurrent.ThreadPoolExecutor$Worker.run(ThreadPoolExecutor.java:630)
at java.base/java.lang.Thread.run(Thread.java:832)
... Removed 18 stack frames]]>
    </failure>
  </testcase> <!-- TC_0000_앱실행과AccessToken얻기 -->
  <testcase classname="Chips_002_미디어_멜론FLO.미디어_03_FLO_로그인" name="TC_0220_Chips_FLO로그인_아티스트노래_확인" time="0.001">
    <failure type="java.lang.IllegalArgumentException" message="Parameter specified as non-null is null: method okhttp3.Request$Builder.addHeader, parameter value">
      <![CDATA[java.lang.IllegalArgumentException: Parameter specified as non-null is null: method okhttp3.Request$Builder.addHeader, parameter value
at okhttp3.Request$Builder.addHeader(Request.kt)
at unit.Utilities.SWFsendPost(Utilities.java:1789)
at Chips_002_미디어_멜론FLO.미디어_03_FLO_로그인.TC_0220_Chips_FLO로그인_아티스트노래_확인(미디어_03_FLO_로그인.java:109)
at java.base/java.util.ArrayList.forEach(ArrayList.java:1511)
at java.base/java.util.concurrent.FutureTask.run(FutureTask.java:264)
at java.base/java.util.concurrent.ThreadPoolExecutor.runWorker(ThreadPoolExecutor.java:1130)
at java.base/java.util.concurrent.ThreadPoolExecutor$Worker.run(ThreadPoolExecutor.java:630)
at java.base/java.lang.Thread.run(Thread.java:832)
... Removed 18 stack frames]]>
    </failure>
  </testcase> <!-- TC_0220_Chips_FLO로그인_아티스트노래_확인 -->
  <testcase classname="Chips_002_미디어_멜론FLO.미디어_03_FLO_로그인" name="TC_0221_Chips_FLO로그인_아티스트노래_확인" time="0.002">
    <failure type="java.lang.IllegalArgumentException" message="Parameter specified as non-null is null: method okhttp3.Request$Builder.addHeader, parameter value">
      <![CDATA[java.lang.IllegalArgumentException: Parameter specified as non-null is null: method okhttp3.Request$Builder.addHeader, parameter value
at okhttp3.Request$Builder.addHeader(Request.kt)
at unit.Utilities.SWFsendPost_playStatus(Utilities.java:1886)
at Chips_002_미디어_멜론FLO.미디어_03_FLO_로그인.TC_0221_Chips_FLO로그인_아티스트노래_확인(미디어_03_FLO_로그인.java:155)
at java.base/java.util.ArrayList.forEach(ArrayList.java:1511)
at java.base/java.util.concurrent.FutureTask.run(FutureTask.java:264)
at java.base/java.util.concurrent.ThreadPoolExecutor.runWorker(ThreadPoolExecutor.java:1130)
at java.base/java.util.concurrent.ThreadPoolExecutor$Worker.run(ThreadPoolExecutor.java:630)
at java.base/java.lang.Thread.run(Thread.java:832)
... Removed 18 stack frames]]>
    </failure>
  </testcase> <!-- TC_0221_Chips_FLO로그인_아티스트노래_확인 -->
  <testcase classname="Chips_002_미디어_멜론FLO.미디어_03_FLO_로그인" name="TC_0222_Chips_FLO로그인_최신음악_확인" time="0.001">
    <failure type="java.lang.IllegalArgumentException" message="Parameter specified as non-null is null: method okhttp3.Request$Builder.addHeader, parameter value">
      <![CDATA[java.lang.IllegalArgumentException: Parameter specified as non-null is null: method okhttp3.Request$Builder.addHeader, parameter value
at okhttp3.Request$Builder.addHeader(Request.kt)
at unit.Utilities.SWFsendPost(Utilities.java:1789)
at Chips_002_미디어_멜론FLO.미디어_03_FLO_로그인.TC_0222_Chips_FLO로그인_최신음악_확인(미디어_03_FLO_로그인.java:201)
at java.base/java.util.ArrayList.forEach(ArrayList.java:1511)
at java.base/java.util.concurrent.FutureTask.run(FutureTask.java:264)
at java.base/java.util.concurrent.ThreadPoolExecutor.runWorker(ThreadPoolExecutor.java:1130)
at java.base/java.util.concurrent.ThreadPoolExecutor$Worker.run(ThreadPoolExecutor.java:630)
at java.base/java.lang.Thread.run(Thread.java:832)
... Removed 18 stack frames]]>
    </failure>
  </testcase> <!-- TC_0222_Chips_FLO로그인_최신음악_확인 -->
  <testcase classname="Chips_002_미디어_멜론FLO.미디어_03_FLO_로그인" name="TC_0223_Chips_FLO로그인_실시간차트_확인" time="0.001">
    <failure type="java.lang.IllegalArgumentException" message="Parameter specified as non-null is null: method okhttp3.Request$Builder.addHeader, parameter value">
      <![CDATA[java.lang.IllegalArgumentException: Parameter specified as non-null is null: method okhttp3.Request$Builder.addHeader, parameter value
at okhttp3.Request$Builder.addHeader(Request.kt)
at unit.Utilities.SWFsendPost(Utilities.java:1789)
at Chips_002_미디어_멜론FLO.미디어_03_FLO_로그인.TC_0223_Chips_FLO로그인_실시간차트_확인(미디어_03_FLO_로그인.java:251)
at java.base/java.util.ArrayList.forEach(ArrayList.java:1511)
at java.base/java.util.concurrent.FutureTask.run(FutureTask.java:264)
at java.base/java.util.concurrent.ThreadPoolExecutor.runWorker(ThreadPoolExecutor.java:1130)
at java.base/java.util.concurrent.ThreadPoolExecutor$Worker.run(ThreadPoolExecutor.java:630)
at java.base/java.lang.Thread.run(Thread.java:832)
... Removed 18 stack frames]]>
    </failure>
  </testcase> <!-- TC_0223_Chips_FLO로그인_실시간차트_확인 -->
  <testcase classname="Chips_002_미디어_멜론FLO.미디어_03_FLO_로그인" name="TC_0224_Chips_FLO로그인_가수곡_확인" time="0.001">
    <failure type="java.lang.IllegalArgumentException" message="Parameter specified as non-null is null: method okhttp3.Request$Builder.addHeader, parameter value">
      <![CDATA[java.lang.IllegalArgumentException: Parameter specified as non-null is null: method okhttp3.Request$Builder.addHeader, parameter value
at okhttp3.Request$Builder.addHeader(Request.kt)
at unit.Utilities.SWFsendPost_playStatus(Utilities.java:1886)
at Chips_002_미디어_멜론FLO.미디어_03_FLO_로그인.TC_0224_Chips_FLO로그인_가수곡_확인(미디어_03_FLO_로그인.java:300)
at java.base/java.util.ArrayList.forEach(ArrayList.java:1511)
at java.base/java.util.concurrent.FutureTask.run(FutureTask.java:264)
at java.base/java.util.concurrent.ThreadPoolExecutor.runWorker(ThreadPoolExecutor.java:1130)
at java.base/java.util.concurrent.ThreadPoolExecutor$Worker.run(ThreadPoolExecutor.java:630)
at java.base/java.lang.Thread.run(Thread.java:832)
... Removed 18 stack frames]]>
    </failure>
  </testcase> <!-- TC_0224_Chips_FLO로그인_가수곡_확인 -->
  <testcase classname="Chips_002_미디어_멜론FLO.미디어_03_FLO_로그인" name="TC_0225_Chips_FLO로그인_좋아요노래_확인" time="0.001">
    <failure type="java.lang.IllegalArgumentException" message="Parameter specified as non-null is null: method okhttp3.Request$Builder.addHeader, parameter value">
      <![CDATA[java.lang.IllegalArgumentException: Parameter specified as non-null is null: method okhttp3.Request$Builder.addHeader, parameter value
at okhttp3.Request$Builder.addHeader(Request.kt)
at unit.Utilities.SWFsendPost_playStatus(Utilities.java:1886)
at Chips_002_미디어_멜론FLO.미디어_03_FLO_로그인.TC_0225_Chips_FLO로그인_좋아요노래_확인(미디어_03_FLO_로그인.java:346)
at java.base/java.util.ArrayList.forEach(ArrayList.java:1511)
at java.base/java.util.concurrent.FutureTask.run(FutureTask.java:264)
at java.base/java.util.concurrent.ThreadPoolExecutor.runWorker(ThreadPoolExecutor.java:1130)
at java.base/java.util.concurrent.ThreadPoolExecutor$Worker.run(ThreadPoolExecutor.java:630)
at java.base/java.lang.Thread.run(Thread.java:832)
... Removed 18 stack frames]]>
    </failure>
  </testcase> <!-- TC_0225_Chips_FLO로그인_좋아요노래_확인 -->
  <testcase classname="Chips_002_미디어_멜론FLO.미디어_03_FLO_로그인" name="TC_0226_Chips_FLO로그인_플레이리스트_확인" time="1.463">
    <failure type="java.lang.IllegalArgumentException" message="Parameter specified as non-null is null: method okhttp3.Request$Builder.addHeader, parameter value">
      <![CDATA[java.lang.IllegalArgumentException: Parameter specified as non-null is null: method okhttp3.Request$Builder.addHeader, parameter value
at okhttp3.Request$Builder.addHeader(Request.kt)
at unit.Utilities.SWFsendPost_playStatus(Utilities.java:1886)
at Chips_002_미디어_멜론FLO.미디어_03_FLO_로그인.TC_0226_Chips_FLO로그인_플레이리스트_확인(미디어_03_FLO_로그인.java:397)
at java.base/java.util.ArrayList.forEach(ArrayList.java:1511)
at java.base/java.util.concurrent.FutureTask.run(FutureTask.java:264)
at java.base/java.util.concurrent.ThreadPoolExecutor.runWorker(ThreadPoolExecutor.java:1130)
at java.base/java.util.concurrent.ThreadPoolExecutor$Worker.run(ThreadPoolExecutor.java:630)
at java.base/java.lang.Thread.run(Thread.java:832)
... Removed 18 stack frames]]>
    </failure>
  </testcase> <!-- TC_0226_Chips_FLO로그인_플레이리스트_확인 -->
  <testcase classname="Chips_002_미디어_멜론FLO.미디어_03_FLO_로그인" name="TC_0227_Chips_FLO로그인_최근들은음악_확인" time="0.001">
    <failure type="java.lang.IllegalArgumentException" message="Parameter specified as non-null is null: method okhttp3.Request$Builder.addHeader, parameter value">
      <![CDATA[java.lang.IllegalArgumentException: Parameter specified as non-null is null: method okhttp3.Request$Builder.addHeader, parameter value
at okhttp3.Request$Builder.addHeader(Request.kt)
at unit.Utilities.SWFsendPost_playStatus(Utilities.java:1886)
at Chips_002_미디어_멜론FLO.미디어_03_FLO_로그인.TC_0227_Chips_FLO로그인_최근들은음악_확인(미디어_03_FLO_로그인.java:443)
at java.base/java.util.ArrayList.forEach(ArrayList.java:1511)
at java.base/java.util.concurrent.FutureTask.run(FutureTask.java:264)
at java.base/java.util.concurrent.ThreadPoolExecutor.runWorker(ThreadPoolExecutor.java:1130)
at java.base/java.util.concurrent.ThreadPoolExecutor$Worker.run(ThreadPoolExecutor.java:630)
at java.base/java.lang.Thread.run(Thread.java:832)
... Removed 18 stack frames]]>
    </failure>
  </testcase> <!-- TC_0227_Chips_FLO로그인_최근들은음악_확인 -->
  <testcase classname="Chips_002_미디어_멜론FLO.미디어_03_FLO_로그인" name="TC_0228_Chips_FLO로그인_셔플해줘_확인" time="0.001">
    <failure type="java.lang.IllegalArgumentException" message="Parameter specified as non-null is null: method okhttp3.Request$Builder.addHeader, parameter value">
      <![CDATA[java.lang.IllegalArgumentException: Parameter specified as non-null is null: method okhttp3.Request$Builder.addHeader, parameter value
at okhttp3.Request$Builder.addHeader(Request.kt)
at unit.Utilities.SWFsendPost(Utilities.java:1789)
at Chips_002_미디어_멜론FLO.미디어_03_FLO_로그인.TC_0228_Chips_FLO로그인_셔플해줘_확인(미디어_03_FLO_로그인.java:489)
at java.base/java.util.ArrayList.forEach(ArrayList.java:1511)
at java.base/java.util.concurrent.FutureTask.run(FutureTask.java:264)
at java.base/java.util.concurrent.ThreadPoolExecutor.runWorker(ThreadPoolExecutor.java:1130)
at java.base/java.util.concurrent.ThreadPoolExecutor$Worker.run(ThreadPoolExecutor.java:630)
at java.base/java.lang.Thread.run(Thread.java:832)
... Removed 18 stack frames]]>
    </failure>
  </testcase> <!-- TC_0228_Chips_FLO로그인_셔플해줘_확인 -->
  <testcase classname="Chips_002_미디어_멜론FLO.미디어_03_FLO_로그인" name="TC_0229_Chips_FLO로그인_셔플해제_확인" time="22.222">
    <failure type="org.openqa.selenium.TimeoutException" message="Expected condition failed: waiting for element to be clickable: By.xpath: //android.webkit.WebView/android.webkit.WebView/android.view.View[2]/android.view.View[2]/android.widget.Button[5] (tried for 10 second(s) with 500 milliseconds interval)">
      <![CDATA[org.openqa.selenium.TimeoutException: Expected condition failed: waiting for element to be clickable: By.xpath: //android.webkit.WebView/android.webkit.WebView/android.view.View[2]/android.view.View[2]/android.widget.Button[5] (tried for 10 second(s) with 500 milliseconds interval)
at org.openqa.selenium.support.ui.WebDriverWait.timeoutException(WebDriverWait.java:95)
at org.openqa.selenium.support.ui.FluentWait.until(FluentWait.java:272)
at unit.Utilities.WaitfindElement(Utilities.java:156)
at unit.Utilities.click(Utilities.java:1314)
at Chips_002_미디어_멜론FLO.미디어_03_FLO_로그인.TC_0229_Chips_FLO로그인_셔플해제_확인(미디어_03_FLO_로그인.java:515)
at java.base/java.util.ArrayList.forEach(ArrayList.java:1511)
at java.base/java.util.concurrent.FutureTask.run(FutureTask.java:264)
at java.base/java.util.concurrent.ThreadPoolExecutor.runWorker(ThreadPoolExecutor.java:1130)
at java.base/java.util.concurrent.ThreadPoolExecutor$Worker.run(ThreadPoolExecutor.java:630)
at java.base/java.lang.Thread.run(Thread.java:832)
Caused by: org.openqa.selenium.NoSuchElementException: An element could not be located on the page using the given search parameters.
For documentation on this error, please visit: https://www.seleniumhq.org/exceptions/no_such_element.html
Build info: version: '3.141.59', revision: 'e82be7d358', time: '2018-11-14T08:17:03'
System info: host: 'DESKTOP-KEI', ip: '192.168.55.40', os.name: 'Windows 10', os.arch: 'amd64', os.version: '10.0', java.version: '15.0.2'
Driver info: unit.Utilities
Capabilities {adbExecTimeout: 10000, appActivity: com.skt.aidev.nugufriends.u..., appPackage: com.skt.aidev.nugufriends, automationName: UIAutomator2, chromedriverArgs: {browserName: chrome, goog:chromeOptions: {args: [], extensions: [], w3c: true}}, chromedriverExecutable: C:\chromedriver_win32\chrom..., databaseEnabled: false, desired: {adbExecTimeout: 10000, appActivity: com.skt.aidev.nugufriends.u..., appPackage: com.skt.aidev.nugufriends, automationName: UIAutomator2, chromedriverArgs: {browserName: chrome, goog:chromeOptions: {args: [], extensions: [], w3c: true}}, chromedriverExecutable: C:\chromedriver_win32\chrom..., deviceName: Android, extractChromeAndroidPackageFromContextName: true, focused: true, newCommandTimeout: 600000, platformName: android, recreateChromeDriverSessions: false, showChromedriverLog: true, udid: R33M4000CY}, deviceApiLevel: 29, deviceManufacturer: samsung, deviceModel: SM-N976N, deviceName: R33M4000CY, deviceScreenDensity: 420, deviceScreenSize: 1080x2280, deviceUDID: R33M4000CY, extractChromeAndroidPackageFromContextName: true, focused: true, javascriptEnabled: true, locationContextEnabled: false, networkConnectionEnabled: true, newCommandTimeout: 600000, pixelRatio: 2.625, platform: LINUX, platformName: Android, platformVersion: 10, recreateChromeDriverSessions: false, showChromedriverLog: true, statBarHeight: 85, takesScreenshot: true, udid: R33M4000CY, viewportRect: {height: 1984, left: 0, top: 85, width: 1080}, warnings: {}, webStorageEnabled: false}
Session ID: 820bc996-dfec-4812-9620-62594fd3e4eb
*** Element info: {Using=xpath, value=//android.webkit.WebView/android.webkit.WebView/android.view.View[2]/android.view.View[2]/android.widget.Button[5]}
at org.openqa.selenium.remote.http.W3CHttpResponseCodec.createException(W3CHttpResponseCodec.java:187)
at org.openqa.selenium.remote.http.W3CHttpResponseCodec.decode(W3CHttpResponseCodec.java:122)
at org.openqa.selenium.remote.http.W3CHttpResponseCodec.decode(W3CHttpResponseCodec.java:49)
at org.openqa.selenium.remote.HttpCommandExecutor.execute(HttpCommandExecutor.java:158)
at io.appium.java_client.remote.AppiumCommandExecutor.execute(AppiumCommandExecutor.java:247)
at org.openqa.selenium.remote.RemoteWebDriver.execute(RemoteWebDriver.java:552)
at io.appium.java_client.DefaultGenericMobileDriver.execute(DefaultGenericMobileDriver.java:41)
at io.appium.java_client.AppiumDriver.execute(AppiumDriver.java:1)
at io.appium.java_client.android.AndroidDriver.execute(AndroidDriver.java:1)
at unit.Utilities.execute(Utilities.java:1)
at org.openqa.selenium.remote.RemoteWebDriver.findElement(RemoteWebDriver.java:323)
at io.appium.java_client.DefaultGenericMobileDriver.findElement(DefaultGenericMobileDriver.java:61)
at io.appium.java_client.AppiumDriver.findElement(AppiumDriver.java:1)
at io.appium.java_client.android.AndroidDriver.findElement(AndroidDriver.java:1)
at unit.Utilities.findElement(Utilities.java:1)
at org.openqa.selenium.remote.RemoteWebDriver.findElementByXPath(RemoteWebDriver.java:428)
at io.appium.java_client.DefaultGenericMobileDriver.findElementByXPath(DefaultGenericMobileDriver.java:151)
at io.appium.java_client.AppiumDriver.findElementByXPath(AppiumDriver.java:1)
at io.appium.java_client.android.AndroidDriver.findElementByXPath(AndroidDriver.java:1)
at unit.Utilities.findElementByXPath(Utilities.java:1)
at org.openqa.selenium.By$ByXPath.findElement(By.java:353)
at org.openqa.selenium.remote.RemoteWebDriver.findElement(RemoteWebDriver.java:315)
at io.appium.java_client.DefaultGenericMobileDriver.findElement(DefaultGenericMobileDriver.java:57)
at io.appium.java_client.AppiumDriver.findElement(AppiumDriver.java:1)
at io.appium.java_client.android.AndroidDriver.findElement(AndroidDriver.java:1)
at unit.Utilities.findElement(Utilities.java:1)
at org.openqa.selenium.support.ui.ExpectedConditions$7.apply(ExpectedConditions.java:205)
at org.openqa.selenium.support.ui.ExpectedConditions$7.apply(ExpectedConditions.java:201)
at org.openqa.selenium.support.ui.ExpectedConditions$22.apply(ExpectedConditions.java:641)
at org.openqa.selenium.support.ui.ExpectedConditions$22.apply(ExpectedConditions.java:638)
at org.openqa.selenium.support.ui.FluentWait.until(FluentWait.java:249)
... 26 more
... Removed 23 stack frames]]>
    </failure>
  </testcase> <!-- TC_0229_Chips_FLO로그인_셔플해제_확인 -->
  <testcase classname="Chips_002_미디어_멜론FLO.미디어_04_FLO_장르테마" name="TC_0000_앱실행과AccessToken얻기" time="51.784">
    <failure type="java.net.SocketTimeoutException" message="Connect timed out">
      <![CDATA[java.net.SocketTimeoutException: Connect timed out
at java.base/sun.nio.ch.NioSocketImpl.timedFinishConnect(NioSocketImpl.java:546)
at java.base/sun.nio.ch.NioSocketImpl.connect(NioSocketImpl.java:597)
at java.base/java.net.SocksSocketImpl.connect(SocksSocketImpl.java:333)
at java.base/java.net.Socket.connect(Socket.java:648)
at okhttp3.internal.platform.Platform.connectSocket(Platform.kt:127)
at okhttp3.internal.connection.RealConnection.connectSocket(RealConnection.kt:268)
at okhttp3.internal.connection.RealConnection.connect(RealConnection.kt:176)
at okhttp3.internal.connection.ExchangeFinder.findConnection(ExchangeFinder.kt:236)
at okhttp3.internal.connection.ExchangeFinder.findHealthyConnection(ExchangeFinder.kt:109)
at okhttp3.internal.connection.ExchangeFinder.find(ExchangeFinder.kt:77)
at okhttp3.internal.connection.Transmitter.newExchange$okhttp(Transmitter.kt:162)
at okhttp3.internal.connection.ConnectInterceptor.intercept(ConnectInterceptor.kt:35)
at okhttp3.internal.http.RealInterceptorChain.proceed(RealInterceptorChain.kt:112)
at okhttp3.internal.http.RealInterceptorChain.proceed(RealInterceptorChain.kt:87)
at okhttp3.internal.cache.CacheInterceptor.intercept(CacheInterceptor.kt:82)
at okhttp3.internal.http.RealInterceptorChain.proceed(RealInterceptorChain.kt:112)
at okhttp3.internal.http.RealInterceptorChain.proceed(RealInterceptorChain.kt:87)
at okhttp3.internal.http.BridgeInterceptor.intercept(BridgeInterceptor.kt:84)
at okhttp3.internal.http.RealInterceptorChain.proceed(RealInterceptorChain.kt:112)
at okhttp3.internal.http.RetryAndFollowUpInterceptor.intercept(RetryAndFollowUpInterceptor.kt:71)
at okhttp3.internal.http.RealInterceptorChain.proceed(RealInterceptorChain.kt:112)
at okhttp3.internal.http.RealInterceptorChain.proceed(RealInterceptorChain.kt:87)
at okhttp3.RealCall.getResponseWithInterceptorChain(RealCall.kt:184)
at okhttp3.RealCall.execute(RealCall.kt:66)
at unit.Utilities.NUGU_Insight_Token(Utilities.java:1947)
at unit.Utilities.TransactionID_JsonParsing(Utilities.java:3240)
at Chips_002_미디어_멜론FLO.미디어_04_FLO_장르테마.accessToken얻기(미디어_04_FLO_장르테마.java:37)
at Chips_002_미디어_멜론FLO.미디어_04_FLO_장르테마.TC_0000_앱실행과AccessToken얻기(미디어_04_FLO_장르테마.java:101)
at java.base/java.util.ArrayList.forEach(ArrayList.java:1511)
at java.base/java.util.concurrent.FutureTask.run(FutureTask.java:264)
at java.base/java.util.concurrent.ThreadPoolExecutor.runWorker(ThreadPoolExecutor.java:1130)
at java.base/java.util.concurrent.ThreadPoolExecutor$Worker.run(ThreadPoolExecutor.java:630)
at java.base/java.lang.Thread.run(Thread.java:832)
... Removed 18 stack frames]]>
    </failure>
  </testcase> <!-- TC_0000_앱실행과AccessToken얻기 -->
  <testcase classname="Chips_002_미디어_멜론FLO.미디어_04_FLO_장르테마" name="TC_0230_Chips_FLO_장르_걸그룹노래_확인" time="0.001">
    <failure type="java.lang.IllegalArgumentException" message="Parameter specified as non-null is null: method okhttp3.Request$Builder.addHeader, parameter value">
      <![CDATA[java.lang.IllegalArgumentException: Parameter specified as non-null is null: method okhttp3.Request$Builder.addHeader, parameter value
at okhttp3.Request$Builder.addHeader(Request.kt)
at unit.Utilities.SWFsendPost(Utilities.java:1789)
at Chips_002_미디어_멜론FLO.미디어_04_FLO_장르테마.TC_0230_Chips_FLO_장르_걸그룹노래_확인(미디어_04_FLO_장르테마.java:109)
at java.base/java.util.ArrayList.forEach(ArrayList.java:1511)
at java.base/java.util.concurrent.FutureTask.run(FutureTask.java:264)
at java.base/java.util.concurrent.ThreadPoolExecutor.runWorker(ThreadPoolExecutor.java:1130)
at java.base/java.util.concurrent.ThreadPoolExecutor$Worker.run(ThreadPoolExecutor.java:630)
at java.base/java.lang.Thread.run(Thread.java:832)
... Removed 18 stack frames]]>
    </failure>
  </testcase> <!-- TC_0230_Chips_FLO_장르_걸그룹노래_확인 -->
  <testcase classname="Chips_002_미디어_멜론FLO.미디어_04_FLO_장르테마" name="TC_0232_Chips_FLO_테마_공룡테마_확인" time="0.001">
    <failure type="java.lang.IllegalArgumentException" message="Parameter specified as non-null is null: method okhttp3.Request$Builder.addHeader, parameter value">
      <![CDATA[java.lang.IllegalArgumentException: Parameter specified as non-null is null: method okhttp3.Request$Builder.addHeader, parameter value
at okhttp3.Request$Builder.addHeader(Request.kt)
at unit.Utilities.SWFsendPost(Utilities.java:1789)
at Chips_002_미디어_멜론FLO.미디어_04_FLO_장르테마.TC_0232_Chips_FLO_테마_공룡테마_확인(미디어_04_FLO_장르테마.java:201)
at java.base/java.util.ArrayList.forEach(ArrayList.java:1511)
at java.base/java.util.concurrent.FutureTask.run(FutureTask.java:264)
at java.base/java.util.concurrent.ThreadPoolExecutor.runWorker(ThreadPoolExecutor.java:1130)
at java.base/java.util.concurrent.ThreadPoolExecutor$Worker.run(ThreadPoolExecutor.java:630)
at java.base/java.lang.Thread.run(Thread.java:832)
... Removed 18 stack frames]]>
    </failure>
  </testcase> <!-- TC_0232_Chips_FLO_테마_공룡테마_확인 -->
  <testcase classname="Chips_002_미디어_멜론FLO.미디어_04_FLO_장르테마" name="TC_0233_Chips_FLO_테마_매장음악_확인" time="0.001">
    <failure type="java.lang.IllegalArgumentException" message="Parameter specified as non-null is null: method okhttp3.Request$Builder.addHeader, parameter value">
      <![CDATA[java.lang.IllegalArgumentException: Parameter specified as non-null is null: method okhttp3.Request$Builder.addHeader, parameter value
at okhttp3.Request$Builder.addHeader(Request.kt)
at unit.Utilities.SWFsendPost(Utilities.java:1789)
at Chips_002_미디어_멜론FLO.미디어_04_FLO_장르테마.TC_0233_Chips_FLO_테마_매장음악_확인(미디어_04_FLO_장르테마.java:247)
at java.base/java.util.ArrayList.forEach(ArrayList.java:1511)
at java.base/java.util.concurrent.FutureTask.run(FutureTask.java:264)
at java.base/java.util.concurrent.ThreadPoolExecutor.runWorker(ThreadPoolExecutor.java:1130)
at java.base/java.util.concurrent.ThreadPoolExecutor$Worker.run(ThreadPoolExecutor.java:630)
at java.base/java.lang.Thread.run(Thread.java:832)
... Removed 18 stack frames]]>
    </failure>
  </testcase> <!-- TC_0233_Chips_FLO_테마_매장음악_확인 -->
  <testcase classname="Chips_002_미디어_멜론FLO.미디어_04_FLO_장르테마" name="TC_0234_Chips_FLO_큐레이션_신나는음악_확인" time="0.001">
    <failure type="java.lang.IllegalArgumentException" message="Parameter specified as non-null is null: method okhttp3.Request$Builder.addHeader, parameter value">
      <![CDATA[java.lang.IllegalArgumentException: Parameter specified as non-null is null: method okhttp3.Request$Builder.addHeader, parameter value
at okhttp3.Request$Builder.addHeader(Request.kt)
at unit.Utilities.SWFsendPost(Utilities.java:1789)
at Chips_002_미디어_멜론FLO.미디어_04_FLO_장르테마.TC_0234_Chips_FLO_큐레이션_신나는음악_확인(미디어_04_FLO_장르테마.java:293)
at java.base/java.util.ArrayList.forEach(ArrayList.java:1511)
at java.base/java.util.concurrent.FutureTask.run(FutureTask.java:264)
at java.base/java.util.concurrent.ThreadPoolExecutor.runWorker(ThreadPoolExecutor.java:1130)
at java.base/java.util.concurrent.ThreadPoolExecutor$Worker.run(ThreadPoolExecutor.java:630)
at java.base/java.lang.Thread.run(Thread.java:832)
... Removed 18 stack frames]]>
    </failure>
  </testcase> <!-- TC_0234_Chips_FLO_큐레이션_신나는음악_확인 -->
  <testcase classname="Chips_002_미디어_멜론FLO.미디어_05_FLO_재생컨트롤러" name="TC_0000_앱실행과AccessToken얻기" time="52.145">
    <failure type="java.net.SocketTimeoutException" message="Connect timed out">
      <![CDATA[java.net.SocketTimeoutException: Connect timed out
at java.base/sun.nio.ch.NioSocketImpl.timedFinishConnect(NioSocketImpl.java:546)
at java.base/sun.nio.ch.NioSocketImpl.connect(NioSocketImpl.java:597)
at java.base/java.net.SocksSocketImpl.connect(SocksSocketImpl.java:333)
at java.base/java.net.Socket.connect(Socket.java:648)
at okhttp3.internal.platform.Platform.connectSocket(Platform.kt:127)
at okhttp3.internal.connection.RealConnection.connectSocket(RealConnection.kt:268)
at okhttp3.internal.connection.RealConnection.connect(RealConnection.kt:176)
at okhttp3.internal.connection.ExchangeFinder.findConnection(ExchangeFinder.kt:236)
at okhttp3.internal.connection.ExchangeFinder.findHealthyConnection(ExchangeFinder.kt:109)
at okhttp3.internal.connection.ExchangeFinder.find(ExchangeFinder.kt:77)
at okhttp3.internal.connection.Transmitter.newExchange$okhttp(Transmitter.kt:162)
at okhttp3.internal.connection.ConnectInterceptor.intercept(ConnectInterceptor.kt:35)
at okhttp3.internal.http.RealInterceptorChain.proceed(RealInterceptorChain.kt:112)
at okhttp3.internal.http.RealInterceptorChain.proceed(RealInterceptorChain.kt:87)
at okhttp3.internal.cache.CacheInterceptor.intercept(CacheInterceptor.kt:82)
at okhttp3.internal.http.RealInterceptorChain.proceed(RealInterceptorChain.kt:112)
at okhttp3.internal.http.RealInterceptorChain.proceed(RealInterceptorChain.kt:87)
at okhttp3.internal.http.BridgeInterceptor.intercept(BridgeInterceptor.kt:84)
at okhttp3.internal.http.RealInterceptorChain.proceed(RealInterceptorChain.kt:112)
at okhttp3.internal.http.RetryAndFollowUpInterceptor.intercept(RetryAndFollowUpInterceptor.kt:71)
at okhttp3.internal.http.RealInterceptorChain.proceed(RealInterceptorChain.kt:112)
at okhttp3.internal.http.RealInterceptorChain.proceed(RealInterceptorChain.kt:87)
at okhttp3.RealCall.getResponseWithInterceptorChain(RealCall.kt:184)
at okhttp3.RealCall.execute(RealCall.kt:66)
at unit.Utilities.NUGU_Insight_Token(Utilities.java:1947)
at unit.Utilities.TransactionID_JsonParsing(Utilities.java:3240)
at Chips_002_미디어_멜론FLO.미디어_05_FLO_재생컨트롤러.accessToken얻기(미디어_05_FLO_재생컨트롤러.java:37)
at Chips_002_미디어_멜론FLO.미디어_05_FLO_재생컨트롤러.TC_0000_앱실행과AccessToken얻기(미디어_05_FLO_재생컨트롤러.java:101)
at java.base/java.util.ArrayList.forEach(ArrayList.java:1511)
at java.base/java.util.concurrent.FutureTask.run(FutureTask.java:264)
at java.base/java.util.concurrent.ThreadPoolExecutor.runWorker(ThreadPoolExecutor.java:1130)
at java.base/java.util.concurrent.ThreadPoolExecutor$Worker.run(ThreadPoolExecutor.java:630)
at java.base/java.lang.Thread.run(Thread.java:832)
... Removed 18 stack frames]]>
    </failure>
  </testcase> <!-- TC_0000_앱실행과AccessToken얻기 -->
  <testcase classname="Chips_002_미디어_멜론FLO.미디어_05_FLO_재생컨트롤러" name="TC_0239_Chips_FLO_컨트롤러_음악재생_확인" time="0.001">
    <failure type="java.lang.IllegalArgumentException" message="Parameter specified as non-null is null: method okhttp3.Request$Builder.addHeader, parameter value">
      <![CDATA[java.lang.IllegalArgumentException: Parameter specified as non-null is null: method okhttp3.Request$Builder.addHeader, parameter value
at okhttp3.Request$Builder.addHeader(Request.kt)
at unit.Utilities.SWFsendPost(Utilities.java:1789)
at Chips_002_미디어_멜론FLO.미디어_05_FLO_재생컨트롤러.TC_0239_Chips_FLO_컨트롤러_음악재생_확인(미디어_05_FLO_재생컨트롤러.java:109)
at java.base/java.util.ArrayList.forEach(ArrayList.java:1511)
at java.base/java.util.concurrent.FutureTask.run(FutureTask.java:264)
at java.base/java.util.concurrent.ThreadPoolExecutor.runWorker(ThreadPoolExecutor.java:1130)
at java.base/java.util.concurrent.ThreadPoolExecutor$Worker.run(ThreadPoolExecutor.java:630)
at java.base/java.lang.Thread.run(Thread.java:832)
... Removed 18 stack frames]]>
    </failure>
  </testcase> <!-- TC_0239_Chips_FLO_컨트롤러_음악재생_확인 -->
  <testcase classname="Chips_002_미디어_멜론FLO.미디어_05_FLO_재생컨트롤러" name="TC_0240_Chips_FLO_컨트롤러_일시정지_확인" time="0.001">
    <failure type="java.lang.IllegalArgumentException" message="Parameter specified as non-null is null: method okhttp3.Request$Builder.addHeader, parameter value">
      <![CDATA[java.lang.IllegalArgumentException: Parameter specified as non-null is null: method okhttp3.Request$Builder.addHeader, parameter value
at okhttp3.Request$Builder.addHeader(Request.kt)
at unit.Utilities.SWFsendPost(Utilities.java:1789)
at Chips_002_미디어_멜론FLO.미디어_05_FLO_재생컨트롤러.TC_0240_Chips_FLO_컨트롤러_일시정지_확인(미디어_05_FLO_재생컨트롤러.java:155)
at java.base/java.util.ArrayList.forEach(ArrayList.java:1511)
at java.base/java.util.concurrent.FutureTask.run(FutureTask.java:264)
at java.base/java.util.concurrent.ThreadPoolExecutor.runWorker(ThreadPoolExecutor.java:1130)
at java.base/java.util.concurrent.ThreadPoolExecutor$Worker.run(ThreadPoolExecutor.java:630)
at java.base/java.lang.Thread.run(Thread.java:832)
... Removed 18 stack frames]]>
    </failure>
  </testcase> <!-- TC_0240_Chips_FLO_컨트롤러_일시정지_확인 -->
  <testcase classname="Chips_002_미디어_멜론FLO.미디어_05_FLO_재생컨트롤러" name="TC_0241_Chips_FLO_컨트롤러_일시정지취소_확인" time="1.416">
    <failure type="java.lang.IllegalArgumentException" message="Parameter specified as non-null is null: method okhttp3.Request$Builder.addHeader, parameter value">
      <![CDATA[java.lang.IllegalArgumentException: Parameter specified as non-null is null: method okhttp3.Request$Builder.addHeader, parameter value
at okhttp3.Request$Builder.addHeader(Request.kt)
at unit.Utilities.SWFsendPost(Utilities.java:1789)
at Chips_002_미디어_멜론FLO.미디어_05_FLO_재생컨트롤러.TC_0241_Chips_FLO_컨트롤러_일시정지취소_확인(미디어_05_FLO_재생컨트롤러.java:169)
at java.base/java.util.ArrayList.forEach(ArrayList.java:1511)
at java.base/java.util.concurrent.FutureTask.run(FutureTask.java:264)
at java.base/java.util.concurrent.ThreadPoolExecutor.runWorker(ThreadPoolExecutor.java:1130)
at java.base/java.util.concurrent.ThreadPoolExecutor$Worker.run(ThreadPoolExecutor.java:630)
at java.base/java.lang.Thread.run(Thread.java:832)
... Removed 18 stack frames]]>
    </failure>
  </testcase> <!-- TC_0241_Chips_FLO_컨트롤러_일시정지취소_확인 -->
  <testcase classname="Chips_002_미디어_멜론FLO.미디어_05_FLO_재생컨트롤러" name="TC_0242_Chips_FLO_컨트롤러_일시정지_확인" time="1.447">
    <failure type="java.lang.IllegalArgumentException" message="Parameter specified as non-null is null: method okhttp3.Request$Builder.addHeader, parameter value">
      <![CDATA[java.lang.IllegalArgumentException: Parameter specified as non-null is null: method okhttp3.Request$Builder.addHeader, parameter value
at okhttp3.Request$Builder.addHeader(Request.kt)
at unit.Utilities.SWFsendPost(Utilities.java:1789)
at Chips_002_미디어_멜론FLO.미디어_05_FLO_재생컨트롤러.TC_0242_Chips_FLO_컨트롤러_일시정지_확인(미디어_05_FLO_재생컨트롤러.java:183)
at java.base/java.util.ArrayList.forEach(ArrayList.java:1511)
at java.base/java.util.concurrent.FutureTask.run(FutureTask.java:264)
at java.base/java.util.concurrent.ThreadPoolExecutor.runWorker(ThreadPoolExecutor.java:1130)
at java.base/java.util.concurrent.ThreadPoolExecutor$Worker.run(ThreadPoolExecutor.java:630)
at java.base/java.lang.Thread.run(Thread.java:832)
... Removed 18 stack frames]]>
    </failure>
  </testcase> <!-- TC_0242_Chips_FLO_컨트롤러_일시정지_확인 -->
  <testcase classname="Chips_002_미디어_멜론FLO.미디어_05_FLO_재생컨트롤러" name="TC_0243_Chips_FLO_컨트롤러_음악재생_확인" time="0.001">
    <failure type="java.lang.IllegalArgumentException" message="Parameter specified as non-null is null: method okhttp3.Request$Builder.addHeader, parameter value">
      <![CDATA[java.lang.IllegalArgumentException: Parameter specified as non-null is null: method okhttp3.Request$Builder.addHeader, parameter value
at okhttp3.Request$Builder.addHeader(Request.kt)
at unit.Utilities.SWFsendPost(Utilities.java:1789)
at Chips_002_미디어_멜론FLO.미디어_05_FLO_재생컨트롤러.TC_0243_Chips_FLO_컨트롤러_음악재생_확인(미디어_05_FLO_재생컨트롤러.java:197)
at java.base/java.util.ArrayList.forEach(ArrayList.java:1511)
at java.base/java.util.concurrent.FutureTask.run(FutureTask.java:264)
at java.base/java.util.concurrent.ThreadPoolExecutor.runWorker(ThreadPoolExecutor.java:1130)
at java.base/java.util.concurrent.ThreadPoolExecutor$Worker.run(ThreadPoolExecutor.java:630)
at java.base/java.lang.Thread.run(Thread.java:832)
... Removed 18 stack frames]]>
    </failure>
  </testcase> <!-- TC_0243_Chips_FLO_컨트롤러_음악재생_확인 -->
  <testcase classname="Chips_002_미디어_멜론FLO.미디어_05_FLO_재생컨트롤러" name="TC_0244_Chips_FLO_컨트롤러_좋아요_확인" time="1.442">
    <failure type="java.lang.IllegalArgumentException" message="Parameter specified as non-null is null: method okhttp3.Request$Builder.addHeader, parameter value">
      <![CDATA[java.lang.IllegalArgumentException: Parameter specified as non-null is null: method okhttp3.Request$Builder.addHeader, parameter value
at okhttp3.Request$Builder.addHeader(Request.kt)
at unit.Utilities.SWFsendPost_playStatus(Utilities.java:1886)
at Chips_002_미디어_멜론FLO.미디어_05_FLO_재생컨트롤러.TC_0244_Chips_FLO_컨트롤러_좋아요_확인(미디어_05_FLO_재생컨트롤러.java:245)
at java.base/java.util.ArrayList.forEach(ArrayList.java:1511)
at java.base/java.util.concurrent.FutureTask.run(FutureTask.java:264)
at java.base/java.util.concurrent.ThreadPoolExecutor.runWorker(ThreadPoolExecutor.java:1130)
at java.base/java.util.concurrent.ThreadPoolExecutor$Worker.run(ThreadPoolExecutor.java:630)
at java.base/java.lang.Thread.run(Thread.java:832)
... Removed 18 stack frames]]>
    </failure>
  </testcase> <!-- TC_0244_Chips_FLO_컨트롤러_좋아요_확인 -->
  <testcase classname="Chips_002_미디어_멜론FLO.미디어_05_FLO_재생컨트롤러" name="TC_0245_Chips_FLO_컨트롤러_좋아요취소_확인" time="1.459">
    <failure type="java.lang.IllegalArgumentException" message="Parameter specified as non-null is null: method okhttp3.Request$Builder.addHeader, parameter value">
      <![CDATA[java.lang.IllegalArgumentException: Parameter specified as non-null is null: method okhttp3.Request$Builder.addHeader, parameter value
at okhttp3.Request$Builder.addHeader(Request.kt)
at unit.Utilities.SWFsendPost_playStatus(Utilities.java:1886)
at Chips_002_미디어_멜론FLO.미디어_05_FLO_재생컨트롤러.TC_0245_Chips_FLO_컨트롤러_좋아요취소_확인(미디어_05_FLO_재생컨트롤러.java:261)
at java.base/java.util.ArrayList.forEach(ArrayList.java:1511)
at java.base/java.util.concurrent.FutureTask.run(FutureTask.java:264)
at java.base/java.util.concurrent.ThreadPoolExecutor.runWorker(ThreadPoolExecutor.java:1130)
at java.base/java.util.concurrent.ThreadPoolExecutor$Worker.run(ThreadPoolExecutor.java:630)
at java.base/java.lang.Thread.run(Thread.java:832)
... Removed 18 stack frames]]>
    </failure>
  </testcase> <!-- TC_0245_Chips_FLO_컨트롤러_좋아요취소_확인 -->
  <testcase classname="Chips_002_미디어_멜론FLO.미디어_05_FLO_재생컨트롤러" name="TC_0246_Chips_FLO_컨트롤러_다음_확인" time="1.42">
    <failure type="java.lang.IllegalArgumentException" message="Parameter specified as non-null is null: method okhttp3.Request$Builder.addHeader, parameter value">
      <![CDATA[java.lang.IllegalArgumentException: Parameter specified as non-null is null: method okhttp3.Request$Builder.addHeader, parameter value
at okhttp3.Request$Builder.addHeader(Request.kt)
at unit.Utilities.SWFsendPost_playStatus(Utilities.java:1886)
at Chips_002_미디어_멜론FLO.미디어_05_FLO_재생컨트롤러.TC_0246_Chips_FLO_컨트롤러_다음_확인(미디어_05_FLO_재생컨트롤러.java:277)
at java.base/java.util.ArrayList.forEach(ArrayList.java:1511)
at java.base/java.util.concurrent.FutureTask.run(FutureTask.java:264)
at java.base/java.util.concurrent.ThreadPoolExecutor.runWorker(ThreadPoolExecutor.java:1130)
at java.base/java.util.concurrent.ThreadPoolExecutor$Worker.run(ThreadPoolExecutor.java:630)
at java.base/java.lang.Thread.run(Thread.java:832)
... Removed 18 stack frames]]>
    </failure>
  </testcase> <!-- TC_0246_Chips_FLO_컨트롤러_다음_확인 -->
  <testcase classname="Chips_002_미디어_멜론FLO.미디어_05_FLO_재생컨트롤러" name="TC_0247_Chips_FLO_컨트롤러_이전_확인" time="1.465">
    <failure type="java.lang.IllegalArgumentException" message="Parameter specified as non-null is null: method okhttp3.Request$Builder.addHeader, parameter value">
      <![CDATA[java.lang.IllegalArgumentException: Parameter specified as non-null is null: method okhttp3.Request$Builder.addHeader, parameter value
at okhttp3.Request$Builder.addHeader(Request.kt)
at unit.Utilities.SWFsendPost_playStatus(Utilities.java:1886)
at Chips_002_미디어_멜론FLO.미디어_05_FLO_재생컨트롤러.TC_0247_Chips_FLO_컨트롤러_이전_확인(미디어_05_FLO_재생컨트롤러.java:293)
at java.base/java.util.ArrayList.forEach(ArrayList.java:1511)
at java.base/java.util.concurrent.FutureTask.run(FutureTask.java:264)
at java.base/java.util.concurrent.ThreadPoolExecutor.runWorker(ThreadPoolExecutor.java:1130)
at java.base/java.util.concurrent.ThreadPoolExecutor$Worker.run(ThreadPoolExecutor.java:630)
at java.base/java.lang.Thread.run(Thread.java:832)
... Removed 18 stack frames]]>
    </failure>
  </testcase> <!-- TC_0247_Chips_FLO_컨트롤러_이전_확인 -->
  <testcase classname="Chips_002_미디어_멜론FLO.미디어_05_FLO_재생컨트롤러" name="TC_0248_Chips_FLO_컨트롤러_셔플_확인" time="22.064">
    <failure type="org.openqa.selenium.TimeoutException" message="Expected condition failed: waiting for element to be clickable: By.xpath: //android.webkit.WebView/android.webkit.WebView/android.view.View[2]/android.view.View[2]/android.widget.Button[5] (tried for 10 second(s) with 500 milliseconds interval)">
      <![CDATA[org.openqa.selenium.TimeoutException: Expected condition failed: waiting for element to be clickable: By.xpath: //android.webkit.WebView/android.webkit.WebView/android.view.View[2]/android.view.View[2]/android.widget.Button[5] (tried for 10 second(s) with 500 milliseconds interval)
at org.openqa.selenium.support.ui.WebDriverWait.timeoutException(WebDriverWait.java:95)
at org.openqa.selenium.support.ui.FluentWait.until(FluentWait.java:272)
at unit.Utilities.WaitfindElement(Utilities.java:156)
at unit.Utilities.click(Utilities.java:1314)
at Chips_002_미디어_멜론FLO.미디어_05_FLO_재생컨트롤러.TC_0248_Chips_FLO_컨트롤러_셔플_확인(미디어_05_FLO_재생컨트롤러.java:309)
at java.base/java.util.ArrayList.forEach(ArrayList.java:1511)
at java.base/java.util.concurrent.FutureTask.run(FutureTask.java:264)
at java.base/java.util.concurrent.ThreadPoolExecutor.runWorker(ThreadPoolExecutor.java:1130)
at java.base/java.util.concurrent.ThreadPoolExecutor$Worker.run(ThreadPoolExecutor.java:630)
at java.base/java.lang.Thread.run(Thread.java:832)
Caused by: org.openqa.selenium.NoSuchElementException: An element could not be located on the page using the given search parameters.
For documentation on this error, please visit: https://www.seleniumhq.org/exceptions/no_such_element.html
Build info: version: '3.141.59', revision: 'e82be7d358', time: '2018-11-14T08:17:03'
System info: host: 'DESKTOP-KEI', ip: '192.168.55.40', os.name: 'Windows 10', os.arch: 'amd64', os.version: '10.0', java.version: '15.0.2'
Driver info: unit.Utilities
Capabilities {adbExecTimeout: 10000, appActivity: com.skt.aidev.nugufriends.u..., appPackage: com.skt.aidev.nugufriends, automationName: UIAutomator2, chromedriverArgs: {browserName: chrome, goog:chromeOptions: {args: [], extensions: [], w3c: true}}, chromedriverExecutable: C:\chromedriver_win32\chrom..., databaseEnabled: false, desired: {adbExecTimeout: 10000, appActivity: com.skt.aidev.nugufriends.u..., appPackage: com.skt.aidev.nugufriends, automationName: UIAutomator2, chromedriverArgs: {browserName: chrome, goog:chromeOptions: {args: [], extensions: [], w3c: true}}, chromedriverExecutable: C:\chromedriver_win32\chrom..., deviceName: Android, extractChromeAndroidPackageFromContextName: true, focused: true, newCommandTimeout: 600000, platformName: android, recreateChromeDriverSessions: false, showChromedriverLog: true, udid: R33M4000CY}, deviceApiLevel: 29, deviceManufacturer: samsung, deviceModel: SM-N976N, deviceName: R33M4000CY, deviceScreenDensity: 420, deviceScreenSize: 1080x2280, deviceUDID: R33M4000CY, extractChromeAndroidPackageFromContextName: true, focused: true, javascriptEnabled: true, locationContextEnabled: false, networkConnectionEnabled: true, newCommandTimeout: 600000, pixelRatio: 2.625, platform: LINUX, platformName: Android, platformVersion: 10, recreateChromeDriverSessions: false, showChromedriverLog: true, statBarHeight: 85, takesScreenshot: true, udid: R33M4000CY, viewportRect: {height: 1984, left: 0, top: 85, width: 1080}, warnings: {}, webStorageEnabled: false}
Session ID: b2854697-cb67-4b27-9c87-2653742b0f19
*** Element info: {Using=xpath, value=//android.webkit.WebView/android.webkit.WebView/android.view.View[2]/android.view.View[2]/android.widget.Button[5]}
at org.openqa.selenium.remote.http.W3CHttpResponseCodec.createException(W3CHttpResponseCodec.java:187)
at org.openqa.selenium.remote.http.W3CHttpResponseCodec.decode(W3CHttpResponseCodec.java:122)
at org.openqa.selenium.remote.http.W3CHttpResponseCodec.decode(W3CHttpResponseCodec.java:49)
at org.openqa.selenium.remote.HttpCommandExecutor.execute(HttpCommandExecutor.java:158)
at io.appium.java_client.remote.AppiumCommandExecutor.execute(AppiumCommandExecutor.java:247)
at org.openqa.selenium.remote.RemoteWebDriver.execute(RemoteWebDriver.java:552)
at io.appium.java_client.DefaultGenericMobileDriver.execute(DefaultGenericMobileDriver.java:41)
at io.appium.java_client.AppiumDriver.execute(AppiumDriver.java:1)
at io.appium.java_client.android.AndroidDriver.execute(AndroidDriver.java:1)
at unit.Utilities.execute(Utilities.java:1)
at org.openqa.selenium.remote.RemoteWebDriver.findElement(RemoteWebDriver.java:323)
at io.appium.java_client.DefaultGenericMobileDriver.findElement(DefaultGenericMobileDriver.java:61)
at io.appium.java_client.AppiumDriver.findElement(AppiumDriver.java:1)
at io.appium.java_client.android.AndroidDriver.findElement(AndroidDriver.java:1)
at unit.Utilities.findElement(Utilities.java:1)
at org.openqa.selenium.remote.RemoteWebDriver.findElementByXPath(RemoteWebDriver.java:428)
at io.appium.java_client.DefaultGenericMobileDriver.findElementByXPath(DefaultGenericMobileDriver.java:151)
at io.appium.java_client.AppiumDriver.findElementByXPath(AppiumDriver.java:1)
at io.appium.java_client.android.AndroidDriver.findElementByXPath(AndroidDriver.java:1)
at unit.Utilities.findElementByXPath(Utilities.java:1)
at org.openqa.selenium.By$ByXPath.findElement(By.java:353)
at org.openqa.selenium.remote.RemoteWebDriver.findElement(RemoteWebDriver.java:315)
at io.appium.java_client.DefaultGenericMobileDriver.findElement(DefaultGenericMobileDriver.java:57)
at io.appium.java_client.AppiumDriver.findElement(AppiumDriver.java:1)
at io.appium.java_client.android.AndroidDriver.findElement(AndroidDriver.java:1)
at unit.Utilities.findElement(Utilities.java:1)
at org.openqa.selenium.support.ui.ExpectedConditions$7.apply(ExpectedConditions.java:205)
at org.openqa.selenium.support.ui.ExpectedConditions$7.apply(ExpectedConditions.java:201)
at org.openqa.selenium.support.ui.ExpectedConditions$22.apply(ExpectedConditions.java:641)
at org.openqa.selenium.support.ui.ExpectedConditions$22.apply(ExpectedConditions.java:638)
at org.openqa.selenium.support.ui.FluentWait.until(FluentWait.java:249)
... 26 more
... Removed 23 stack frames]]>
    </failure>
  </testcase> <!-- TC_0248_Chips_FLO_컨트롤러_셔플_확인 -->
  <testcase classname="Chips_002_미디어_멜론FLO.미디어_05_FLO_재생컨트롤러" name="TC_0249_Chips_FLO_컨트롤러_다음_확인" time="1.461">
    <failure type="java.lang.IllegalArgumentException" message="Parameter specified as non-null is null: method okhttp3.Request$Builder.addHeader, parameter value">
      <![CDATA[java.lang.IllegalArgumentException: Parameter specified as non-null is null: method okhttp3.Request$Builder.addHeader, parameter value
at okhttp3.Request$Builder.addHeader(Request.kt)
at unit.Utilities.SWFsendPost_playStatus(Utilities.java:1886)
at Chips_002_미디어_멜론FLO.미디어_05_FLO_재생컨트롤러.TC_0249_Chips_FLO_컨트롤러_다음_확인(미디어_05_FLO_재생컨트롤러.java:325)
at java.base/java.util.ArrayList.forEach(ArrayList.java:1511)
at java.base/java.util.concurrent.FutureTask.run(FutureTask.java:264)
at java.base/java.util.concurrent.ThreadPoolExecutor.runWorker(ThreadPoolExecutor.java:1130)
at java.base/java.util.concurrent.ThreadPoolExecutor$Worker.run(ThreadPoolExecutor.java:630)
at java.base/java.lang.Thread.run(Thread.java:832)
... Removed 18 stack frames]]>
    </failure>
  </testcase> <!-- TC_0249_Chips_FLO_컨트롤러_다음_확인 -->
  <testcase classname="Chips_002_미디어_멜론FLO.미디어_05_FLO_재생컨트롤러" name="TC_0250_Chips_FLO_컨트롤러_이전_확인" time="0.001">
    <failure type="java.lang.IllegalArgumentException" message="Parameter specified as non-null is null: method okhttp3.Request$Builder.addHeader, parameter value">
      <![CDATA[java.lang.IllegalArgumentException: Parameter specified as non-null is null: method okhttp3.Request$Builder.addHeader, parameter value
at okhttp3.Request$Builder.addHeader(Request.kt)
at unit.Utilities.SWFsendPost_playStatus(Utilities.java:1886)
at Chips_002_미디어_멜론FLO.미디어_05_FLO_재생컨트롤러.TC_0250_Chips_FLO_컨트롤러_이전_확인(미디어_05_FLO_재생컨트롤러.java:340)
at java.base/java.util.ArrayList.forEach(ArrayList.java:1511)
at java.base/java.util.concurrent.FutureTask.run(FutureTask.java:264)
at java.base/java.util.concurrent.ThreadPoolExecutor.runWorker(ThreadPoolExecutor.java:1130)
at java.base/java.util.concurrent.ThreadPoolExecutor$Worker.run(ThreadPoolExecutor.java:630)
at java.base/java.lang.Thread.run(Thread.java:832)
... Removed 18 stack frames]]>
    </failure>
  </testcase> <!-- TC_0250_Chips_FLO_컨트롤러_이전_확인 -->
  <testcase classname="Chips_002_미디어_멜론FLO.미디어_05_FLO_재생컨트롤러" name="TC_0251_Chips_FLO로그인_셔플해제_확인" time="22.044">
    <failure type="org.openqa.selenium.TimeoutException" message="Expected condition failed: waiting for element to be clickable: By.xpath: //android.webkit.WebView/android.webkit.WebView/android.view.View[2]/android.view.View[2]/android.widget.Button[5] (tried for 10 second(s) with 500 milliseconds interval)">
      <![CDATA[org.openqa.selenium.TimeoutException: Expected condition failed: waiting for element to be clickable: By.xpath: //android.webkit.WebView/android.webkit.WebView/android.view.View[2]/android.view.View[2]/android.widget.Button[5] (tried for 10 second(s) with 500 milliseconds interval)
at org.openqa.selenium.support.ui.WebDriverWait.timeoutException(WebDriverWait.java:95)
at org.openqa.selenium.support.ui.FluentWait.until(FluentWait.java:272)
at unit.Utilities.WaitfindElement(Utilities.java:156)
at unit.Utilities.click(Utilities.java:1314)
at Chips_002_미디어_멜론FLO.미디어_05_FLO_재생컨트롤러.TC_0251_Chips_FLO로그인_셔플해제_확인(미디어_05_FLO_재생컨트롤러.java:356)
at java.base/java.util.ArrayList.forEach(ArrayList.java:1511)
at java.base/java.util.concurrent.FutureTask.run(FutureTask.java:264)
at java.base/java.util.concurrent.ThreadPoolExecutor.runWorker(ThreadPoolExecutor.java:1130)
at java.base/java.util.concurrent.ThreadPoolExecutor$Worker.run(ThreadPoolExecutor.java:630)
at java.base/java.lang.Thread.run(Thread.java:832)
Caused by: org.openqa.selenium.NoSuchElementException: An element could not be located on the page using the given search parameters.
For documentation on this error, please visit: https://www.seleniumhq.org/exceptions/no_such_element.html
Build info: version: '3.141.59', revision: 'e82be7d358', time: '2018-11-14T08:17:03'
System info: host: 'DESKTOP-KEI', ip: '192.168.55.40', os.name: 'Windows 10', os.arch: 'amd64', os.version: '10.0', java.version: '15.0.2'
Driver info: unit.Utilities
Capabilities {adbExecTimeout: 10000, appActivity: com.skt.aidev.nugufriends.u..., appPackage: com.skt.aidev.nugufriends, automationName: UIAutomator2, chromedriverArgs: {browserName: chrome, goog:chromeOptions: {args: [], extensions: [], w3c: true}}, chromedriverExecutable: C:\chromedriver_win32\chrom..., databaseEnabled: false, desired: {adbExecTimeout: 10000, appActivity: com.skt.aidev.nugufriends.u..., appPackage: com.skt.aidev.nugufriends, automationName: UIAutomator2, chromedriverArgs: {browserName: chrome, goog:chromeOptions: {args: [], extensions: [], w3c: true}}, chromedriverExecutable: C:\chromedriver_win32\chrom..., deviceName: Android, extractChromeAndroidPackageFromContextName: true, focused: true, newCommandTimeout: 600000, platformName: android, recreateChromeDriverSessions: false, showChromedriverLog: true, udid: R33M4000CY}, deviceApiLevel: 29, deviceManufacturer: samsung, deviceModel: SM-N976N, deviceName: R33M4000CY, deviceScreenDensity: 420, deviceScreenSize: 1080x2280, deviceUDID: R33M4000CY, extractChromeAndroidPackageFromContextName: true, focused: true, javascriptEnabled: true, locationContextEnabled: false, networkConnectionEnabled: true, newCommandTimeout: 600000, pixelRatio: 2.625, platform: LINUX, platformName: Android, platformVersion: 10, recreateChromeDriverSessions: false, showChromedriverLog: true, statBarHeight: 85, takesScreenshot: true, udid: R33M4000CY, viewportRect: {height: 1984, left: 0, top: 85, width: 1080}, warnings: {}, webStorageEnabled: false}
Session ID: b2854697-cb67-4b27-9c87-2653742b0f19
*** Element info: {Using=xpath, value=//android.webkit.WebView/android.webkit.WebView/android.view.View[2]/android.view.View[2]/android.widget.Button[5]}
at org.openqa.selenium.remote.http.W3CHttpResponseCodec.createException(W3CHttpResponseCodec.java:187)
at org.openqa.selenium.remote.http.W3CHttpResponseCodec.decode(W3CHttpResponseCodec.java:122)
at org.openqa.selenium.remote.http.W3CHttpResponseCodec.decode(W3CHttpResponseCodec.java:49)
at org.openqa.selenium.remote.HttpCommandExecutor.execute(HttpCommandExecutor.java:158)
at io.appium.java_client.remote.AppiumCommandExecutor.execute(AppiumCommandExecutor.java:247)
at org.openqa.selenium.remote.RemoteWebDriver.execute(RemoteWebDriver.java:552)
at io.appium.java_client.DefaultGenericMobileDriver.execute(DefaultGenericMobileDriver.java:41)
at io.appium.java_client.AppiumDriver.execute(AppiumDriver.java:1)
at io.appium.java_client.android.AndroidDriver.execute(AndroidDriver.java:1)
at unit.Utilities.execute(Utilities.java:1)
at org.openqa.selenium.remote.RemoteWebDriver.findElement(RemoteWebDriver.java:323)
at io.appium.java_client.DefaultGenericMobileDriver.findElement(DefaultGenericMobileDriver.java:61)
at io.appium.java_client.AppiumDriver.findElement(AppiumDriver.java:1)
at io.appium.java_client.android.AndroidDriver.findElement(AndroidDriver.java:1)
at unit.Utilities.findElement(Utilities.java:1)
at org.openqa.selenium.remote.RemoteWebDriver.findElementByXPath(RemoteWebDriver.java:428)
at io.appium.java_client.DefaultGenericMobileDriver.findElementByXPath(DefaultGenericMobileDriver.java:151)
at io.appium.java_client.AppiumDriver.findElementByXPath(AppiumDriver.java:1)
at io.appium.java_client.android.AndroidDriver.findElementByXPath(AndroidDriver.java:1)
at unit.Utilities.findElementByXPath(Utilities.java:1)
at org.openqa.selenium.By$ByXPath.findElement(By.java:353)
at org.openqa.selenium.remote.RemoteWebDriver.findElement(RemoteWebDriver.java:315)
at io.appium.java_client.DefaultGenericMobileDriver.findElement(DefaultGenericMobileDriver.java:57)
at io.appium.java_client.AppiumDriver.findElement(AppiumDriver.java:1)
at io.appium.java_client.android.AndroidDriver.findElement(AndroidDriver.java:1)
at unit.Utilities.findElement(Utilities.java:1)
at org.openqa.selenium.support.ui.ExpectedConditions$7.apply(ExpectedConditions.java:205)
at org.openqa.selenium.support.ui.ExpectedConditions$7.apply(ExpectedConditions.java:201)
at org.openqa.selenium.support.ui.ExpectedConditions$22.apply(ExpectedConditions.java:641)
at org.openqa.selenium.support.ui.ExpectedConditions$22.apply(ExpectedConditions.java:638)
at org.openqa.selenium.support.ui.FluentWait.until(FluentWait.java:249)
... 26 more
... Removed 23 stack frames]]>
    </failure>
  </testcase> <!-- TC_0251_Chips_FLO로그인_셔플해제_확인 -->
  <testcase classname="Chips_002_미디어_멜론FLO.미디어_05_FLO_재생컨트롤러" name="TC_0252_Chips_FLO_컨트롤러_다음_확인" time="1.443">
    <failure type="java.lang.IllegalArgumentException" message="Parameter specified as non-null is null: method okhttp3.Request$Builder.addHeader, parameter value">
      <![CDATA[java.lang.IllegalArgumentException: Parameter specified as non-null is null: method okhttp3.Request$Builder.addHeader, parameter value
at okhttp3.Request$Builder.addHeader(Request.kt)
at unit.Utilities.SWFsendPost_playStatus(Utilities.java:1886)
at Chips_002_미디어_멜론FLO.미디어_05_FLO_재생컨트롤러.TC_0252_Chips_FLO_컨트롤러_다음_확인(미디어_05_FLO_재생컨트롤러.java:373)
at java.base/java.util.ArrayList.forEach(ArrayList.java:1511)
at java.base/java.util.concurrent.FutureTask.run(FutureTask.java:264)
at java.base/java.util.concurrent.ThreadPoolExecutor.runWorker(ThreadPoolExecutor.java:1130)
at java.base/java.util.concurrent.ThreadPoolExecutor$Worker.run(ThreadPoolExecutor.java:630)
at java.base/java.lang.Thread.run(Thread.java:832)
... Removed 18 stack frames]]>
    </failure>
  </testcase> <!-- TC_0252_Chips_FLO_컨트롤러_다음_확인 -->
  <testcase classname="Chips_002_미디어_멜론FLO.미디어_05_FLO_재생컨트롤러" name="TC_0253_Chips_FLO_컨트롤러_20초뒤로_확인" time="1.428">
    <failure type="java.lang.IllegalArgumentException" message="Parameter specified as non-null is null: method okhttp3.Request$Builder.addHeader, parameter value">
      <![CDATA[java.lang.IllegalArgumentException: Parameter specified as non-null is null: method okhttp3.Request$Builder.addHeader, parameter value
at okhttp3.Request$Builder.addHeader(Request.kt)
at unit.Utilities.SWFsendPost_playStatus(Utilities.java:1886)
at Chips_002_미디어_멜론FLO.미디어_05_FLO_재생컨트롤러.TC_0253_Chips_FLO_컨트롤러_20초뒤로_확인(미디어_05_FLO_재생컨트롤러.java:389)
at java.base/java.util.ArrayList.forEach(ArrayList.java:1511)
at java.base/java.util.concurrent.FutureTask.run(FutureTask.java:264)
at java.base/java.util.concurrent.ThreadPoolExecutor.runWorker(ThreadPoolExecutor.java:1130)
at java.base/java.util.concurrent.ThreadPoolExecutor$Worker.run(ThreadPoolExecutor.java:630)
at java.base/java.lang.Thread.run(Thread.java:832)
... Removed 18 stack frames]]>
    </failure>
  </testcase> <!-- TC_0253_Chips_FLO_컨트롤러_20초뒤로_확인 -->
  <testcase classname="Chips_002_미디어_멜론FLO.미디어_05_FLO_재생컨트롤러" name="TC_0254_Chips_FLO_컨트롤러_15초앞으로_확인" time="1.448">
    <failure type="java.lang.IllegalArgumentException" message="Parameter specified as non-null is null: method okhttp3.Request$Builder.addHeader, parameter value">
      <![CDATA[java.lang.IllegalArgumentException: Parameter specified as non-null is null: method okhttp3.Request$Builder.addHeader, parameter value
at okhttp3.Request$Builder.addHeader(Request.kt)
at unit.Utilities.SWFsendPost_playStatus(Utilities.java:1886)
at Chips_002_미디어_멜론FLO.미디어_05_FLO_재생컨트롤러.TC_0254_Chips_FLO_컨트롤러_15초앞으로_확인(미디어_05_FLO_재생컨트롤러.java:401)
at java.base/java.util.ArrayList.forEach(ArrayList.java:1511)
at java.base/java.util.concurrent.FutureTask.run(FutureTask.java:264)
at java.base/java.util.concurrent.ThreadPoolExecutor.runWorker(ThreadPoolExecutor.java:1130)
at java.base/java.util.concurrent.ThreadPoolExecutor$Worker.run(ThreadPoolExecutor.java:630)
at java.base/java.lang.Thread.run(Thread.java:832)
... Removed 18 stack frames]]>
    </failure>
  </testcase> <!-- TC_0254_Chips_FLO_컨트롤러_15초앞으로_확인 -->
  <testcase classname="Chips_002_미디어_멜론FLO.미디어_05_FLO_재생컨트롤러" name="TC_0255_Chips_FLO_컨트롤러_종료_확인" time="0.001">
    <failure type="java.lang.IllegalArgumentException" message="Parameter specified as non-null is null: method okhttp3.Request$Builder.addHeader, parameter value">
      <![CDATA[java.lang.IllegalArgumentException: Parameter specified as non-null is null: method okhttp3.Request$Builder.addHeader, parameter value
at okhttp3.Request$Builder.addHeader(Request.kt)
at unit.Utilities.SWFsendPost_playStatus(Utilities.java:1886)
at Chips_002_미디어_멜론FLO.미디어_05_FLO_재생컨트롤러.TC_0255_Chips_FLO_컨트롤러_종료_확인(미디어_05_FLO_재생컨트롤러.java:412)
at java.base/java.util.ArrayList.forEach(ArrayList.java:1511)
at java.base/java.util.concurrent.FutureTask.run(FutureTask.java:264)
at java.base/java.util.concurrent.ThreadPoolExecutor.runWorker(ThreadPoolExecutor.java:1130)
at java.base/java.util.concurrent.ThreadPoolExecutor$Worker.run(ThreadPoolExecutor.java:630)
at java.base/java.lang.Thread.run(Thread.java:832)
... Removed 18 stack frames]]>
    </failure>
  </testcase> <!-- TC_0255_Chips_FLO_컨트롤러_종료_확인 -->
</testsuite> <!-- Test_Project -->
