<?xml version="1.0" encoding="UTF-8"?>
<!-- Generated by org.testng.reporters.JUnitXMLReporter -->
<testsuite ignored="0" hostname="DESKTOP-Kei" failures="0" tests="13" name="Test_Project" time="233.041" errors="0" timestamp="2021-12-02T11:31:53 KST">
  <testcase classname="Chips_009_검색.검색_02_누구백과" name="TC_0000_앱실행과AccessToken얻기" time="52.436"/>
  <testcase classname="Chips_009_검색.검색_02_누구백과" name="TC_0909_Chips_누구백과_도움말_확인" time="9.252"/>
  <testcase classname="Chips_009_검색.검색_02_누구백과" name="TC_0910_Chips_누구백과_도움말_확인" time="5.106"/>
  <testcase classname="Chips_009_검색.검색_02_누구백과" name="TC_0911_Chips_누구백과_도움말_확인" time="5.097"/>
  <testcase classname="Chips_009_검색.검색_02_누구백과" name="TC_0912_Chips_누구백과_도움말_확인" time="5.104"/>
  <testcase classname="Chips_009_검색.검색_02_누구백과" name="TC_0913_Chips_누구백과_위키에서_확인" time="17.483"/>
  <testcase classname="Chips_009_검색.검색_02_누구백과" name="TC_0914_Chips_누구백과_위키에서_확인" time="18.766"/>
  <testcase classname="Chips_009_검색.검색_02_누구백과" name="TC_0915_Chips_누구백과_누구백과에서_확인" time="16.658"/>
  <testcase classname="Chips_009_검색.검색_02_누구백과" name="TC_0916_Chips_누구백과_누구백과에서_확인" time="16.695"/>
  <testcase classname="Chips_009_검색.검색_02_누구백과" name="TC_0917_Chips_누구백과_호출어생략_키워드_확인" time="16.865"/>
  <testcase classname="Chips_009_검색.검색_02_누구백과" name="TC_0918_Chips_누구백과_호출어생략_키워드_확인" time="17.061"/>
  <testcase classname="Chips_009_검색.검색_02_누구백과" name="TC_0919_Chips_누구백과_호출어생략_속성검색_확인" time="16.726"/>
  <testcase classname="Chips_009_검색.검색_02_누구백과" name="TC_0920_Chips_누구백과_호출어생략_속성검색_확인" time="17.275"/>
</testsuite> <!-- Test_Project -->
