<?xml version="1.0" encoding="UTF-8"?>
<!-- Generated by org.testng.reporters.JUnitXMLReporter -->
<testsuite ignored="0" hostname="DESKTOP-Kei" failures="0" tests="65" name="Test_Project" time="1208.878" errors="0" timestamp="2021-12-01T15:29:39 KST">
  <testcase classname="Chips_004_미디어_etc.미디어_06_자체소싱" name="TC_0000_앱실행과AccessToken얻기" time="56.755"/>
  <testcase classname="Chips_004_미디어_etc.미디어_06_자체소싱" name="TC_0300_Chips_자체소싱_재생_확인" time="25.777"/>
  <testcase classname="Chips_004_미디어_etc.미디어_06_자체소싱" name="TC_0301_Chips_자체소싱_재생_확인" time="20.458"/>
  <testcase classname="Chips_004_미디어_etc.미디어_06_자체소싱" name="TC_0302_Chips_자체소싱_일시정지_확인" time="12.09"/>
  <testcase classname="Chips_004_미디어_etc.미디어_06_자체소싱" name="TC_0303_Chips_자체소싱_일시정지취소_확인" time="13.685"/>
  <testcase classname="Chips_004_미디어_etc.미디어_06_자체소싱" name="TC_0304_Chips_컨트롤러_좋아요_확인" time="16.075"/>
  <testcase classname="Chips_004_미디어_etc.미디어_06_자체소싱" name="TC_0305_Chips_컨트롤러_좋아요취소_확인" time="11.958"/>
  <testcase classname="Chips_004_미디어_etc.미디어_06_자체소싱" name="TC_0306_Chips_자체소싱_다음_확인" time="10.153"/>
  <testcase classname="Chips_004_미디어_etc.미디어_06_자체소싱" name="TC_0307_Chips_자체소싱_이전_확인" time="8.597"/>
  <testcase classname="Chips_004_미디어_etc.미디어_06_자체소싱" name="TC_0308_Chips_자체소싱_셔플_확인" time="5.841"/>
  <testcase classname="Chips_004_미디어_etc.미디어_06_자체소싱" name="TC_0309_Chips_자체소싱_이전_확인" time="12.713"/>
  <testcase classname="Chips_004_미디어_etc.미디어_06_자체소싱" name="TC_0310_Chips_자체소싱_셔플_확인" time="17.759"/>
  <testcase classname="Chips_004_미디어_etc.미디어_06_자체소싱" name="TC_0311_Chips_자체소싱_다음_확인" time="9.364"/>
  <testcase classname="Chips_004_미디어_etc.미디어_06_자체소싱" name="TC_0312_Chips_자체소싱_20초뒤로_확인" time="6.622"/>
  <testcase classname="Chips_004_미디어_etc.미디어_06_자체소싱" name="TC_0313_Chips_자체소싱_15초앞으로_확인" time="6.611"/>
  <testcase classname="Chips_004_미디어_etc.미디어_07_ASMR" name="TC_0000_앱실행과AccessToken얻기" time="57.572"/>
  <testcase classname="Chips_004_미디어_etc.미디어_07_ASMR" name="TC_0315_Chips_ASMR_재생_확인" time="22.943"/>
  <testcase classname="Chips_004_미디어_etc.미디어_07_ASMR" name="TC_0316_Chips_ASMR_과자먹는소리재생_확인" time="24.022"/>
  <testcase classname="Chips_004_미디어_etc.미디어_07_ASMR" name="TC_0317_Chips_ASMR_빗소리_확인" time="16.756"/>
  <testcase classname="Chips_004_미디어_etc.미디어_07_ASMR" name="TC_0318_Chips_ASMR_힐링사운드_확인" time="13.619"/>
  <testcase classname="Chips_004_미디어_etc.미디어_07_ASMR" name="TC_0319_Chips_ASMR_자연의소리_반복확인" time="11.868"/>
  <testcase classname="Chips_004_미디어_etc.미디어_07_ASMR" name="TC_0320_Chips_ASMR_이노래뭐야_확인" time="14.362"/>
  <testcase classname="Chips_004_미디어_etc.미디어_07_ASMR" name="TC_0321_Chips_ASMR_다음ASMR_확인" time="8.99"/>
  <testcase classname="Chips_004_미디어_etc.미디어_07_ASMR" name="TC_0322_Chips_ASMR_이전ASMR_확인" time="10.121"/>
  <testcase classname="Chips_004_미디어_etc.미디어_07_ASMR" name="TC_0324_Chips_ASMR_재생_확인" time="18.578"/>
  <testcase classname="Chips_004_미디어_etc.미디어_07_ASMR" name="TC_0325_Chips_ASMR_일시정지_확인" time="17.746"/>
  <testcase classname="Chips_004_미디어_etc.미디어_07_ASMR" name="TC_0326_Chips_ASMR_일시정지취소_확인" time="13.853"/>
  <testcase classname="Chips_004_미디어_etc.미디어_07_ASMR" name="TC_0327_Chips_ASMR_일시정지_확인" time="13.672"/>
  <testcase classname="Chips_004_미디어_etc.미디어_07_ASMR" name="TC_0328_Chips_ASMR_재생_확인" time="25.15"/>
  <testcase classname="Chips_004_미디어_etc.미디어_07_ASMR" name="TC_0329_Chips_ASMR_좋아요_확인" time="10.65"/>
  <testcase classname="Chips_004_미디어_etc.미디어_07_ASMR" name="TC_0330_Chips_ASMR_좋아요취소_확인" time="6.581"/>
  <testcase classname="Chips_004_미디어_etc.미디어_07_ASMR" name="TC_0331_Chips_ASMR_다음ASMR_확인" time="10.649"/>
  <testcase classname="Chips_004_미디어_etc.미디어_07_ASMR" name="TC_0332_Chips_ASMR_이전ASMR_확인" time="15.0"/>
  <testcase classname="Chips_004_미디어_etc.미디어_07_ASMR" name="TC_0333_Chips_ASMR_셔플_확인" time="15.56"/>
  <testcase classname="Chips_004_미디어_etc.미디어_07_ASMR" name="TC_0334_Chips_ASMR_다음ASMR_확인" time="18.623"/>
  <testcase classname="Chips_004_미디어_etc.미디어_07_ASMR" name="TC_0335_Chips_ASMR_이전ASMR_확인" time="15.123"/>
  <testcase classname="Chips_004_미디어_etc.미디어_07_ASMR" name="TC_0336_Chips_ASMR_셔플해제_확인" time="15.279"/>
  <testcase classname="Chips_004_미디어_etc.미디어_07_ASMR" name="TC_0337_Chips_ASMR_다음ASMR_확인" time="13.148"/>
  <testcase classname="Chips_004_미디어_etc.미디어_07_ASMR" name="TC_0338_Chips_ASMR_20초뒤로_확인" time="14.777"/>
  <testcase classname="Chips_004_미디어_etc.미디어_07_ASMR" name="TC_0339_Chips_ASMR_15초앞으로_확인" time="6.627"/>
  <testcase classname="Chips_004_미디어_etc.미디어_11_오디오북" name="TC_0000_앱실행과AccessToken얻기" time="56.875"/>
  <testcase classname="Chips_004_미디어_etc.미디어_11_오디오북" name="TC_0415_Chips_오디오북_미지원_확인" time="5.144"/>
  <testcase classname="Chips_004_미디어_etc.미디어_12_팟빵" name="TC_0000_앱실행과AccessToken얻기" time="55.725"/>
  <testcase classname="Chips_004_미디어_etc.미디어_12_팟빵" name="TC_0442_Chips_팟캐스트_재생_확인" time="18.647"/>
  <testcase classname="Chips_004_미디어_etc.미디어_12_팟빵" name="TC_0443_Chips_팟빵_재생_확인" time="8.41"/>
  <testcase classname="Chips_004_미디어_etc.미디어_12_팟빵" name="TC_0444_Chips_팟빵_방송명으로팟캐스트_재생_확인" time="23.646"/>
  <testcase classname="Chips_004_미디어_etc.미디어_12_팟빵" name="TC_0445_Chips_팟빵_구독_확인" time="8.094"/>
  <testcase classname="Chips_004_미디어_etc.미디어_12_팟빵" name="TC_0446_Chips_팟빵_구독삭제_확인" time="16.226"/>
  <testcase classname="Chips_004_미디어_etc.미디어_12_팟빵" name="TC_0447_Chips_팟빵_재생시간이동_확인" time="5.017"/>
  <testcase classname="Chips_004_미디어_etc.미디어_12_팟빵" name="TC_0448_Chips_팟빵_종료예약_확인" time="9.181"/>
  <testcase classname="Chips_004_미디어_etc.미디어_12_팟빵" name="TC_0449_Chips_팟빵_종료예약_확인" time="5.088"/>
  <testcase classname="Chips_004_미디어_etc.미디어_12_팟빵" name="TC_0455_Chips_팟빵_컨트롤러_에피소드_재생_확인" time="13.525"/>
  <testcase classname="Chips_004_미디어_etc.미디어_12_팟빵" name="TC_0456_Chips_팟빵_컨트롤러_일시정지_확인" time="18.89"/>
  <testcase classname="Chips_004_미디어_etc.미디어_12_팟빵" name="TC_0457_Chips_팟빵_컨트롤러_일시정지취소_확인" time="10.17"/>
  <testcase classname="Chips_004_미디어_etc.미디어_12_팟빵" name="TC_0458_Chips_팟빵_컨트롤러_일시정지_확인" time="10.055"/>
  <testcase classname="Chips_004_미디어_etc.미디어_12_팟빵" name="TC_0459_Chips_팟빵_컨트롤러_일시정지취소_확인" time="11.345"/>
  <testcase classname="Chips_004_미디어_etc.미디어_12_팟빵" name="TC_0460_Chips_팟빵_구독_확인" time="15.305"/>
  <testcase classname="Chips_004_미디어_etc.미디어_12_팟빵" name="TC_0461_Chips_팟빵_구독해제_확인" time="15.039"/>
  <testcase classname="Chips_004_미디어_etc.미디어_12_팟빵" name="TC_0462_Chips_팟빵_이전_확인" time="52.826"/>
  <testcase classname="Chips_004_미디어_etc.미디어_12_팟빵" name="TC_0463_Chips_팟빵_다음_확인" time="27.055"/>
  <testcase classname="Chips_004_미디어_etc.미디어_12_팟빵" name="TC_0464_Chips_팟빵_이전팟캐스트_확인" time="32.734"/>
  <testcase classname="Chips_004_미디어_etc.미디어_12_팟빵" name="TC_0465_Chips_팟빵_다음팟캐스트__확인" time="32.165"/>
  <testcase classname="Chips_004_미디어_etc.미디어_12_팟빵" name="TC_0466_Chips_팟빵_재생시간앞으로이동_확인" time="12.742"/>
  <testcase classname="Chips_004_미디어_etc.미디어_12_팟빵" name="TC_0467_Chips_팟빵_재생시간뒤으로이동_확인" time="12.744"/>
  <testcase classname="Chips_004_미디어_etc.미디어_12_팟빵" name="TC_0468_Chips_팟빵_종료_확인" time="11.31"/>
</testsuite> <!-- Test_Project -->
