<?xml version="1.0" encoding="UTF-8"?>
<!-- Generated by org.testng.reporters.JUnitXMLReporter -->
<testsuite ignored="0" hostname="DESKTOP-Kei" failures="0" tests="118" name="Test_Project" time="255.597" errors="0" timestamp="2021-12-03T01:31:44 KST">
  <testcase classname="TestNG_Set.Chips_TestCase" name="@BeforeClass setupClass" time="23.153">
    <failure type="org.openqa.selenium.SessionNotCreatedException" message="Unable to create a new remote session. Please check the server log for more details. Original error: An unknown server-side error occurred while processing the command. Original error: Could not find a connected Android device in 20376ms.
Build info: version: &amp;apos;3.141.59&amp;apos;, revision: &amp;apos;e82be7d358&amp;apos;, time: &amp;apos;2018-11-14T08:17:03&amp;apos;
System info: host: &amp;apos;DESKTOP-KEI&amp;apos;, ip: &amp;apos;172.27.24.217&amp;apos;, os.name: &amp;apos;Windows 10&amp;apos;, os.arch: &amp;apos;amd64&amp;apos;, os.version: &amp;apos;10.0&amp;apos;, java.version: &amp;apos;15.0.2&amp;apos;
Driver info: driver.version: AndroidDriver
remote stacktrace: UnknownError: An unknown server-side error occurred while processing the command. Original error: Could not find a connected Android device in 20376ms.
    at getResponseForW3CError (C:\Users\kei\AppData\Local\Programs\Appium\resources\app\node_modules\appium\node_modules\appium-base-driver\lib\protocol\errors.js:804:9)
    at asyncHandler (C:\Users\kei\AppData\Local\Programs\Appium\resources\app\node_modules\appium\node_modules\appium-base-driver\lib\protocol\protocol.js:380:37)
Build info: version: &amp;apos;3.141.59&amp;apos;, revision: &amp;apos;e82be7d358&amp;apos;, time: &amp;apos;2018-11-14T08:17:03&amp;apos;
System info: host: &amp;apos;DESKTOP-KEI&amp;apos;, ip: &amp;apos;172.27.24.217&amp;apos;, os.name: &amp;apos;Windows 10&amp;apos;, os.arch: &amp;apos;amd64&amp;apos;, os.version: &amp;apos;10.0&amp;apos;, java.version: &amp;apos;15.0.2&amp;apos;
Driver info: driver.version: AndroidDriver">
      <![CDATA[org.openqa.selenium.SessionNotCreatedException: Unable to create a new remote session. Please check the server log for more details. Original error: An unknown server-side error occurred while processing the command. Original error: Could not find a connected Android device in 20376ms.
Build info: version: '3.141.59', revision: 'e82be7d358', time: '2018-11-14T08:17:03'
System info: host: 'DESKTOP-KEI', ip: '172.27.24.217', os.name: 'Windows 10', os.arch: 'amd64', os.version: '10.0', java.version: '15.0.2'
Driver info: driver.version: AndroidDriver
remote stacktrace: UnknownError: An unknown server-side error occurred while processing the command. Original error: Could not find a connected Android device in 20376ms.
    at getResponseForW3CError (C:\Users\kei\AppData\Local\Programs\Appium\resources\app\node_modules\appium\node_modules\appium-base-driver\lib\protocol\errors.js:804:9)
    at asyncHandler (C:\Users\kei\AppData\Local\Programs\Appium\resources\app\node_modules\appium\node_modules\appium-base-driver\lib\protocol\protocol.js:380:37)
Build info: version: '3.141.59', revision: 'e82be7d358', time: '2018-11-14T08:17:03'
System info: host: 'DESKTOP-KEI', ip: '172.27.24.217', os.name: 'Windows 10', os.arch: 'amd64', os.version: '10.0', java.version: '15.0.2'
Driver info: driver.version: AndroidDriver
at io.appium.java_client.remote.AppiumCommandExecutor$1.createSession(AppiumCommandExecutor.java:216)
at io.appium.java_client.remote.AppiumCommandExecutor.createSession(AppiumCommandExecutor.java:225)
at io.appium.java_client.remote.AppiumCommandExecutor.execute(AppiumCommandExecutor.java:247)
at org.openqa.selenium.remote.RemoteWebDriver.execute(RemoteWebDriver.java:552)
at io.appium.java_client.DefaultGenericMobileDriver.execute(DefaultGenericMobileDriver.java:41)
at io.appium.java_client.AppiumDriver.execute(AppiumDriver.java:1)
at io.appium.java_client.android.AndroidDriver.execute(AndroidDriver.java:1)
at unit.Utilities.execute(Utilities.java:1)
at org.openqa.selenium.remote.RemoteWebDriver.startSession(RemoteWebDriver.java:213)
at io.appium.java_client.AppiumDriver.startSession(AppiumDriver.java:338)
at org.openqa.selenium.remote.RemoteWebDriver.<init>(RemoteWebDriver.java:131)
at io.appium.java_client.DefaultGenericMobileDriver.<init>(DefaultGenericMobileDriver.java:37)
at io.appium.java_client.AppiumDriver.<init>(AppiumDriver.java:89)
at io.appium.java_client.AppiumDriver.<init>(AppiumDriver.java:99)
at io.appium.java_client.android.AndroidDriver.<init>(AndroidDriver.java:96)
at unit.Utilities.<init>(Utilities.java:143)
at TestNG_Set.Chips_TestCase.setupClass(Chips_TestCase.java:95)
at java.base/java.util.ArrayList.forEach(ArrayList.java:1511)
at java.base/java.util.concurrent.FutureTask.run(FutureTask.java:264)
at java.base/java.util.concurrent.ThreadPoolExecutor.runWorker(ThreadPoolExecutor.java:1130)
at java.base/java.util.concurrent.ThreadPoolExecutor$Worker.run(ThreadPoolExecutor.java:630)
at java.base/java.lang.Thread.run(Thread.java:832)
at io.appium.java_client.remote.AppiumCommandExecutor$1.createSession(AppiumCommandExecutor.java:193)
... 37 more
Caused by: org.openqa.selenium.WebDriverException: An unknown server-side error occurred while processing the command. Original error: Could not find a connected Android device in 20376ms.
Build info: version: '3.141.59', revision: 'e82be7d358', time: '2018-11-14T08:17:03'
System info: host: 'DESKTOP-KEI', ip: '172.27.24.217', os.name: 'Windows 10', os.arch: 'amd64', os.version: '10.0', java.version: '15.0.2'
Driver info: driver.version: AndroidDriver
remote stacktrace: UnknownError: An unknown server-side error occurred while processing the command. Original error: Could not find a connected Android device in 20376ms.
    at getResponseForW3CError (C:\Users\kei\AppData\Local\Programs\Appium\resources\app\node_modules\appium\node_modules\appium-base-driver\lib\protocol\errors.js:804:9)
    at asyncHandler (C:\Users\kei\AppData\Local\Programs\Appium\resources\app\node_modules\appium\node_modules\appium-base-driver\lib\protocol\protocol.js:380:37)
at org.openqa.selenium.remote.W3CHandshakeResponse.lambda$errorHandler$0(W3CHandshakeResponse.java:62)
at org.openqa.selenium.remote.HandshakeResponse.lambda$getResponseFunction$0(HandshakeResponse.java:30)
at org.openqa.selenium.remote.ProtocolHandshake.lambda$createSession$0(ProtocolHandshake.java:126)
at java.base/java.util.stream.ReferencePipeline$3$1.accept(ReferencePipeline.java:195)
at java.base/java.util.Spliterators$ArraySpliterator.tryAdvance(Spliterators.java:958)
at java.base/java.util.stream.ReferencePipeline.forEachWithCancel(ReferencePipeline.java:127)
at java.base/java.util.stream.AbstractPipeline.copyIntoWithCancel(AbstractPipeline.java:502)
at java.base/java.util.stream.AbstractPipeline.copyInto(AbstractPipeline.java:488)
at java.base/java.util.stream.AbstractPipeline.wrapAndCopyInto(AbstractPipeline.java:474)
at java.base/java.util.stream.FindOps$FindOp.evaluateSequential(FindOps.java:150)
at java.base/java.util.stream.AbstractPipeline.evaluate(AbstractPipeline.java:234)
at java.base/java.util.stream.ReferencePipeline.findFirst(ReferencePipeline.java:543)
at org.openqa.selenium.remote.ProtocolHandshake.createSession(ProtocolHandshake.java:128)
... 42 more
... Removed 26 stack frames]]>
    </failure>
  </testcase> <!-- @BeforeClass setupClass -->
  <testcase classname="TestNG_Set.Chips_TestCase" name="@BeforeMethod BeforeMethod" time="-1.638462566765E9">
    <skipped/>
  </testcase> <!-- @BeforeMethod BeforeMethod -->
  <testcase classname="TestNG_Set.Chips_TestCase" name="@AfterMethod AfterMethod" time="-1.63846256677E9">
    <skipped/>
  </testcase> <!-- @AfterMethod AfterMethod -->
  <testcase classname="TestNG_Set.Chips_TestCase" name="@BeforeMethod BeforeMethod" time="-1.638462566771E9">
    <skipped/>
  </testcase> <!-- @BeforeMethod BeforeMethod -->
  <testcase classname="TestNG_Set.Chips_TestCase" name="@AfterMethod AfterMethod" time="-1.638462566774E9">
    <skipped/>
  </testcase> <!-- @AfterMethod AfterMethod -->
  <testcase classname="TestNG_Set.Chips_TestCase" name="@BeforeMethod BeforeMethod" time="-1.638462566775E9">
    <skipped/>
  </testcase> <!-- @BeforeMethod BeforeMethod -->
  <testcase classname="TestNG_Set.Chips_TestCase" name="@AfterMethod AfterMethod" time="-1.638462566778E9">
    <skipped/>
  </testcase> <!-- @AfterMethod AfterMethod -->
  <testcase classname="TestNG_Set.Chips_TestCase" name="@BeforeMethod BeforeMethod" time="-1.638462566779E9">
    <skipped/>
  </testcase> <!-- @BeforeMethod BeforeMethod -->
  <testcase classname="TestNG_Set.Chips_TestCase" name="@AfterMethod AfterMethod" time="-1.638462566782E9">
    <skipped/>
  </testcase> <!-- @AfterMethod AfterMethod -->
  <testcase classname="TestNG_Set.Chips_TestCase" name="@BeforeMethod BeforeMethod" time="-1.638462566783E9">
    <skipped/>
  </testcase> <!-- @BeforeMethod BeforeMethod -->
  <testcase classname="TestNG_Set.Chips_TestCase" name="@AfterMethod AfterMethod" time="-1.638462566786E9">
    <skipped/>
  </testcase> <!-- @AfterMethod AfterMethod -->
  <testcase classname="TestNG_Set.Chips_TestCase" name="@BeforeMethod BeforeMethod" time="-1.638462566787E9">
    <skipped/>
  </testcase> <!-- @BeforeMethod BeforeMethod -->
  <testcase classname="TestNG_Set.Chips_TestCase" name="@AfterMethod AfterMethod" time="-1.63846256679E9">
    <skipped/>
  </testcase> <!-- @AfterMethod AfterMethod -->
  <testcase classname="TestNG_Set.Chips_TestCase" name="@BeforeMethod BeforeMethod" time="-1.638462566791E9">
    <skipped/>
  </testcase> <!-- @BeforeMethod BeforeMethod -->
  <testcase classname="TestNG_Set.Chips_TestCase" name="@AfterMethod AfterMethod" time="-1.638462566795E9">
    <skipped/>
  </testcase> <!-- @AfterMethod AfterMethod -->
  <testcase classname="TestNG_Set.Chips_TestCase" name="@BeforeMethod BeforeMethod" time="-1.638462566798E9">
    <skipped/>
  </testcase> <!-- @BeforeMethod BeforeMethod -->
  <testcase classname="TestNG_Set.Chips_TestCase" name="@AfterMethod AfterMethod" time="-1.638462566811E9">
    <skipped/>
  </testcase> <!-- @AfterMethod AfterMethod -->
  <testcase classname="TestNG_Set.Chips_TestCase" name="@AfterClass tearDownClass" time="-1.638462566813E9">
    <skipped/>
  </testcase> <!-- @AfterClass tearDownClass -->
  <testcase classname="TestNG_Set.Chips_TestCase" name="@BeforeClass setupClass" time="22.666">
    <failure type="org.openqa.selenium.SessionNotCreatedException" message="Unable to create a new remote session. Please check the server log for more details. Original error: An unknown server-side error occurred while processing the command. Original error: Could not find a connected Android device in 20010ms.
Build info: version: &amp;apos;3.141.59&amp;apos;, revision: &amp;apos;e82be7d358&amp;apos;, time: &amp;apos;2018-11-14T08:17:03&amp;apos;
System info: host: &amp;apos;DESKTOP-KEI&amp;apos;, ip: &amp;apos;172.27.24.217&amp;apos;, os.name: &amp;apos;Windows 10&amp;apos;, os.arch: &amp;apos;amd64&amp;apos;, os.version: &amp;apos;10.0&amp;apos;, java.version: &amp;apos;15.0.2&amp;apos;
Driver info: driver.version: AndroidDriver
remote stacktrace: UnknownError: An unknown server-side error occurred while processing the command. Original error: Could not find a connected Android device in 20010ms.
    at getResponseForW3CError (C:\Users\kei\AppData\Local\Programs\Appium\resources\app\node_modules\appium\node_modules\appium-base-driver\lib\protocol\errors.js:804:9)
    at asyncHandler (C:\Users\kei\AppData\Local\Programs\Appium\resources\app\node_modules\appium\node_modules\appium-base-driver\lib\protocol\protocol.js:380:37)
Build info: version: &amp;apos;3.141.59&amp;apos;, revision: &amp;apos;e82be7d358&amp;apos;, time: &amp;apos;2018-11-14T08:17:03&amp;apos;
System info: host: &amp;apos;DESKTOP-KEI&amp;apos;, ip: &amp;apos;172.27.24.217&amp;apos;, os.name: &amp;apos;Windows 10&amp;apos;, os.arch: &amp;apos;amd64&amp;apos;, os.version: &amp;apos;10.0&amp;apos;, java.version: &amp;apos;15.0.2&amp;apos;
Driver info: driver.version: AndroidDriver">
      <![CDATA[org.openqa.selenium.SessionNotCreatedException: Unable to create a new remote session. Please check the server log for more details. Original error: An unknown server-side error occurred while processing the command. Original error: Could not find a connected Android device in 20010ms.
Build info: version: '3.141.59', revision: 'e82be7d358', time: '2018-11-14T08:17:03'
System info: host: 'DESKTOP-KEI', ip: '172.27.24.217', os.name: 'Windows 10', os.arch: 'amd64', os.version: '10.0', java.version: '15.0.2'
Driver info: driver.version: AndroidDriver
remote stacktrace: UnknownError: An unknown server-side error occurred while processing the command. Original error: Could not find a connected Android device in 20010ms.
    at getResponseForW3CError (C:\Users\kei\AppData\Local\Programs\Appium\resources\app\node_modules\appium\node_modules\appium-base-driver\lib\protocol\errors.js:804:9)
    at asyncHandler (C:\Users\kei\AppData\Local\Programs\Appium\resources\app\node_modules\appium\node_modules\appium-base-driver\lib\protocol\protocol.js:380:37)
Build info: version: '3.141.59', revision: 'e82be7d358', time: '2018-11-14T08:17:03'
System info: host: 'DESKTOP-KEI', ip: '172.27.24.217', os.name: 'Windows 10', os.arch: 'amd64', os.version: '10.0', java.version: '15.0.2'
Driver info: driver.version: AndroidDriver
at io.appium.java_client.remote.AppiumCommandExecutor$1.createSession(AppiumCommandExecutor.java:216)
at io.appium.java_client.remote.AppiumCommandExecutor.createSession(AppiumCommandExecutor.java:225)
at io.appium.java_client.remote.AppiumCommandExecutor.execute(AppiumCommandExecutor.java:247)
at org.openqa.selenium.remote.RemoteWebDriver.execute(RemoteWebDriver.java:552)
at io.appium.java_client.DefaultGenericMobileDriver.execute(DefaultGenericMobileDriver.java:41)
at io.appium.java_client.AppiumDriver.execute(AppiumDriver.java:1)
at io.appium.java_client.android.AndroidDriver.execute(AndroidDriver.java:1)
at unit.Utilities.execute(Utilities.java:1)
at org.openqa.selenium.remote.RemoteWebDriver.startSession(RemoteWebDriver.java:213)
at io.appium.java_client.AppiumDriver.startSession(AppiumDriver.java:338)
at org.openqa.selenium.remote.RemoteWebDriver.<init>(RemoteWebDriver.java:131)
at io.appium.java_client.DefaultGenericMobileDriver.<init>(DefaultGenericMobileDriver.java:37)
at io.appium.java_client.AppiumDriver.<init>(AppiumDriver.java:89)
at io.appium.java_client.AppiumDriver.<init>(AppiumDriver.java:99)
at io.appium.java_client.android.AndroidDriver.<init>(AndroidDriver.java:96)
at unit.Utilities.<init>(Utilities.java:143)
at TestNG_Set.Chips_TestCase.setupClass(Chips_TestCase.java:95)
at java.base/java.util.ArrayList.forEach(ArrayList.java:1511)
at java.base/java.util.concurrent.FutureTask.run(FutureTask.java:264)
at java.base/java.util.concurrent.ThreadPoolExecutor.runWorker(ThreadPoolExecutor.java:1130)
at java.base/java.util.concurrent.ThreadPoolExecutor$Worker.run(ThreadPoolExecutor.java:630)
at java.base/java.lang.Thread.run(Thread.java:832)
at io.appium.java_client.remote.AppiumCommandExecutor$1.createSession(AppiumCommandExecutor.java:193)
... 37 more
Caused by: org.openqa.selenium.WebDriverException: An unknown server-side error occurred while processing the command. Original error: Could not find a connected Android device in 20010ms.
Build info: version: '3.141.59', revision: 'e82be7d358', time: '2018-11-14T08:17:03'
System info: host: 'DESKTOP-KEI', ip: '172.27.24.217', os.name: 'Windows 10', os.arch: 'amd64', os.version: '10.0', java.version: '15.0.2'
Driver info: driver.version: AndroidDriver
remote stacktrace: UnknownError: An unknown server-side error occurred while processing the command. Original error: Could not find a connected Android device in 20010ms.
    at getResponseForW3CError (C:\Users\kei\AppData\Local\Programs\Appium\resources\app\node_modules\appium\node_modules\appium-base-driver\lib\protocol\errors.js:804:9)
    at asyncHandler (C:\Users\kei\AppData\Local\Programs\Appium\resources\app\node_modules\appium\node_modules\appium-base-driver\lib\protocol\protocol.js:380:37)
at org.openqa.selenium.remote.W3CHandshakeResponse.lambda$errorHandler$0(W3CHandshakeResponse.java:62)
at org.openqa.selenium.remote.HandshakeResponse.lambda$getResponseFunction$0(HandshakeResponse.java:30)
at org.openqa.selenium.remote.ProtocolHandshake.lambda$createSession$0(ProtocolHandshake.java:126)
at java.base/java.util.stream.ReferencePipeline$3$1.accept(ReferencePipeline.java:195)
at java.base/java.util.Spliterators$ArraySpliterator.tryAdvance(Spliterators.java:958)
at java.base/java.util.stream.ReferencePipeline.forEachWithCancel(ReferencePipeline.java:127)
at java.base/java.util.stream.AbstractPipeline.copyIntoWithCancel(AbstractPipeline.java:502)
at java.base/java.util.stream.AbstractPipeline.copyInto(AbstractPipeline.java:488)
at java.base/java.util.stream.AbstractPipeline.wrapAndCopyInto(AbstractPipeline.java:474)
at java.base/java.util.stream.FindOps$FindOp.evaluateSequential(FindOps.java:150)
at java.base/java.util.stream.AbstractPipeline.evaluate(AbstractPipeline.java:234)
at java.base/java.util.stream.ReferencePipeline.findFirst(ReferencePipeline.java:543)
at org.openqa.selenium.remote.ProtocolHandshake.createSession(ProtocolHandshake.java:128)
... 42 more
... Removed 26 stack frames]]>
    </failure>
  </testcase> <!-- @BeforeClass setupClass -->
  <testcase classname="TestNG_Set.Chips_TestCase" name="@BeforeMethod BeforeMethod" time="-1.638462589482E9">
    <skipped/>
  </testcase> <!-- @BeforeMethod BeforeMethod -->
  <testcase classname="TestNG_Set.Chips_TestCase" name="@AfterMethod AfterMethod" time="-1.638462589485E9">
    <skipped/>
  </testcase> <!-- @AfterMethod AfterMethod -->
  <testcase classname="TestNG_Set.Chips_TestCase" name="@BeforeMethod BeforeMethod" time="-1.638462589485E9">
    <skipped/>
  </testcase> <!-- @BeforeMethod BeforeMethod -->
  <testcase classname="TestNG_Set.Chips_TestCase" name="@AfterMethod AfterMethod" time="-1.638462589488E9">
    <skipped/>
  </testcase> <!-- @AfterMethod AfterMethod -->
  <testcase classname="TestNG_Set.Chips_TestCase" name="@BeforeMethod BeforeMethod" time="-1.638462589488E9">
    <skipped/>
  </testcase> <!-- @BeforeMethod BeforeMethod -->
  <testcase classname="TestNG_Set.Chips_TestCase" name="@AfterMethod AfterMethod" time="-1.638462589491E9">
    <skipped/>
  </testcase> <!-- @AfterMethod AfterMethod -->
  <testcase classname="TestNG_Set.Chips_TestCase" name="@BeforeMethod BeforeMethod" time="-1.638462589491E9">
    <skipped/>
  </testcase> <!-- @BeforeMethod BeforeMethod -->
  <testcase classname="TestNG_Set.Chips_TestCase" name="@AfterMethod AfterMethod" time="-1.638462589494E9">
    <skipped/>
  </testcase> <!-- @AfterMethod AfterMethod -->
  <testcase classname="TestNG_Set.Chips_TestCase" name="@BeforeMethod BeforeMethod" time="-1.638462589494E9">
    <skipped/>
  </testcase> <!-- @BeforeMethod BeforeMethod -->
  <testcase classname="TestNG_Set.Chips_TestCase" name="@AfterMethod AfterMethod" time="-1.638462589497E9">
    <skipped/>
  </testcase> <!-- @AfterMethod AfterMethod -->
  <testcase classname="TestNG_Set.Chips_TestCase" name="@BeforeMethod BeforeMethod" time="-1.638462589498E9">
    <skipped/>
  </testcase> <!-- @BeforeMethod BeforeMethod -->
  <testcase classname="TestNG_Set.Chips_TestCase" name="@AfterMethod AfterMethod" time="-1.6384625895E9">
    <skipped/>
  </testcase> <!-- @AfterMethod AfterMethod -->
  <testcase classname="TestNG_Set.Chips_TestCase" name="@BeforeMethod BeforeMethod" time="-1.638462589501E9">
    <skipped/>
  </testcase> <!-- @BeforeMethod BeforeMethod -->
  <testcase classname="TestNG_Set.Chips_TestCase" name="@AfterMethod AfterMethod" time="-1.638462589503E9">
    <skipped/>
  </testcase> <!-- @AfterMethod AfterMethod -->
  <testcase classname="TestNG_Set.Chips_TestCase" name="@BeforeMethod BeforeMethod" time="-1.638462589504E9">
    <skipped/>
  </testcase> <!-- @BeforeMethod BeforeMethod -->
  <testcase classname="TestNG_Set.Chips_TestCase" name="@AfterMethod AfterMethod" time="-1.638462589506E9">
    <skipped/>
  </testcase> <!-- @AfterMethod AfterMethod -->
  <testcase classname="TestNG_Set.Chips_TestCase" name="@BeforeMethod BeforeMethod" time="-1.638462589507E9">
    <skipped/>
  </testcase> <!-- @BeforeMethod BeforeMethod -->
  <testcase classname="TestNG_Set.Chips_TestCase" name="@AfterMethod AfterMethod" time="-1.638462589509E9">
    <skipped/>
  </testcase> <!-- @AfterMethod AfterMethod -->
  <testcase classname="TestNG_Set.Chips_TestCase" name="@BeforeMethod BeforeMethod" time="-1.63846258951E9">
    <skipped/>
  </testcase> <!-- @BeforeMethod BeforeMethod -->
  <testcase classname="TestNG_Set.Chips_TestCase" name="@AfterMethod AfterMethod" time="-1.638462589512E9">
    <skipped/>
  </testcase> <!-- @AfterMethod AfterMethod -->
  <testcase classname="TestNG_Set.Chips_TestCase" name="@BeforeMethod BeforeMethod" time="-1.638462589512E9">
    <skipped/>
  </testcase> <!-- @BeforeMethod BeforeMethod -->
  <testcase classname="TestNG_Set.Chips_TestCase" name="@AfterMethod AfterMethod" time="-1.638462589519E9">
    <skipped/>
  </testcase> <!-- @AfterMethod AfterMethod -->
  <testcase classname="TestNG_Set.Chips_TestCase" name="@AfterClass tearDownClass" time="-1.63846258952E9">
    <skipped/>
  </testcase> <!-- @AfterClass tearDownClass -->
  <testcase classname="TestNG_Set.Chips_TestCase" name="@BeforeClass setupClass" time="22.751">
    <failure type="org.openqa.selenium.SessionNotCreatedException" message="Unable to create a new remote session. Please check the server log for more details. Original error: An unknown server-side error occurred while processing the command. Original error: Could not find a connected Android device in 20007ms.
Build info: version: &amp;apos;3.141.59&amp;apos;, revision: &amp;apos;e82be7d358&amp;apos;, time: &amp;apos;2018-11-14T08:17:03&amp;apos;
System info: host: &amp;apos;DESKTOP-KEI&amp;apos;, ip: &amp;apos;172.27.24.217&amp;apos;, os.name: &amp;apos;Windows 10&amp;apos;, os.arch: &amp;apos;amd64&amp;apos;, os.version: &amp;apos;10.0&amp;apos;, java.version: &amp;apos;15.0.2&amp;apos;
Driver info: driver.version: AndroidDriver
remote stacktrace: UnknownError: An unknown server-side error occurred while processing the command. Original error: Could not find a connected Android device in 20007ms.
    at getResponseForW3CError (C:\Users\kei\AppData\Local\Programs\Appium\resources\app\node_modules\appium\node_modules\appium-base-driver\lib\protocol\errors.js:804:9)
    at asyncHandler (C:\Users\kei\AppData\Local\Programs\Appium\resources\app\node_modules\appium\node_modules\appium-base-driver\lib\protocol\protocol.js:380:37)
Build info: version: &amp;apos;3.141.59&amp;apos;, revision: &amp;apos;e82be7d358&amp;apos;, time: &amp;apos;2018-11-14T08:17:03&amp;apos;
System info: host: &amp;apos;DESKTOP-KEI&amp;apos;, ip: &amp;apos;172.27.24.217&amp;apos;, os.name: &amp;apos;Windows 10&amp;apos;, os.arch: &amp;apos;amd64&amp;apos;, os.version: &amp;apos;10.0&amp;apos;, java.version: &amp;apos;15.0.2&amp;apos;
Driver info: driver.version: AndroidDriver">
      <![CDATA[org.openqa.selenium.SessionNotCreatedException: Unable to create a new remote session. Please check the server log for more details. Original error: An unknown server-side error occurred while processing the command. Original error: Could not find a connected Android device in 20007ms.
Build info: version: '3.141.59', revision: 'e82be7d358', time: '2018-11-14T08:17:03'
System info: host: 'DESKTOP-KEI', ip: '172.27.24.217', os.name: 'Windows 10', os.arch: 'amd64', os.version: '10.0', java.version: '15.0.2'
Driver info: driver.version: AndroidDriver
remote stacktrace: UnknownError: An unknown server-side error occurred while processing the command. Original error: Could not find a connected Android device in 20007ms.
    at getResponseForW3CError (C:\Users\kei\AppData\Local\Programs\Appium\resources\app\node_modules\appium\node_modules\appium-base-driver\lib\protocol\errors.js:804:9)
    at asyncHandler (C:\Users\kei\AppData\Local\Programs\Appium\resources\app\node_modules\appium\node_modules\appium-base-driver\lib\protocol\protocol.js:380:37)
Build info: version: '3.141.59', revision: 'e82be7d358', time: '2018-11-14T08:17:03'
System info: host: 'DESKTOP-KEI', ip: '172.27.24.217', os.name: 'Windows 10', os.arch: 'amd64', os.version: '10.0', java.version: '15.0.2'
Driver info: driver.version: AndroidDriver
at io.appium.java_client.remote.AppiumCommandExecutor$1.createSession(AppiumCommandExecutor.java:216)
at io.appium.java_client.remote.AppiumCommandExecutor.createSession(AppiumCommandExecutor.java:225)
at io.appium.java_client.remote.AppiumCommandExecutor.execute(AppiumCommandExecutor.java:247)
at org.openqa.selenium.remote.RemoteWebDriver.execute(RemoteWebDriver.java:552)
at io.appium.java_client.DefaultGenericMobileDriver.execute(DefaultGenericMobileDriver.java:41)
at io.appium.java_client.AppiumDriver.execute(AppiumDriver.java:1)
at io.appium.java_client.android.AndroidDriver.execute(AndroidDriver.java:1)
at unit.Utilities.execute(Utilities.java:1)
at org.openqa.selenium.remote.RemoteWebDriver.startSession(RemoteWebDriver.java:213)
at io.appium.java_client.AppiumDriver.startSession(AppiumDriver.java:338)
at org.openqa.selenium.remote.RemoteWebDriver.<init>(RemoteWebDriver.java:131)
at io.appium.java_client.DefaultGenericMobileDriver.<init>(DefaultGenericMobileDriver.java:37)
at io.appium.java_client.AppiumDriver.<init>(AppiumDriver.java:89)
at io.appium.java_client.AppiumDriver.<init>(AppiumDriver.java:99)
at io.appium.java_client.android.AndroidDriver.<init>(AndroidDriver.java:96)
at unit.Utilities.<init>(Utilities.java:143)
at TestNG_Set.Chips_TestCase.setupClass(Chips_TestCase.java:95)
at java.base/java.util.ArrayList.forEach(ArrayList.java:1511)
at java.base/java.util.concurrent.FutureTask.run(FutureTask.java:264)
at java.base/java.util.concurrent.ThreadPoolExecutor.runWorker(ThreadPoolExecutor.java:1130)
at java.base/java.util.concurrent.ThreadPoolExecutor$Worker.run(ThreadPoolExecutor.java:630)
at java.base/java.lang.Thread.run(Thread.java:832)
at io.appium.java_client.remote.AppiumCommandExecutor$1.createSession(AppiumCommandExecutor.java:193)
... 37 more
Caused by: org.openqa.selenium.WebDriverException: An unknown server-side error occurred while processing the command. Original error: Could not find a connected Android device in 20007ms.
Build info: version: '3.141.59', revision: 'e82be7d358', time: '2018-11-14T08:17:03'
System info: host: 'DESKTOP-KEI', ip: '172.27.24.217', os.name: 'Windows 10', os.arch: 'amd64', os.version: '10.0', java.version: '15.0.2'
Driver info: driver.version: AndroidDriver
remote stacktrace: UnknownError: An unknown server-side error occurred while processing the command. Original error: Could not find a connected Android device in 20007ms.
    at getResponseForW3CError (C:\Users\kei\AppData\Local\Programs\Appium\resources\app\node_modules\appium\node_modules\appium-base-driver\lib\protocol\errors.js:804:9)
    at asyncHandler (C:\Users\kei\AppData\Local\Programs\Appium\resources\app\node_modules\appium\node_modules\appium-base-driver\lib\protocol\protocol.js:380:37)
at org.openqa.selenium.remote.W3CHandshakeResponse.lambda$errorHandler$0(W3CHandshakeResponse.java:62)
at org.openqa.selenium.remote.HandshakeResponse.lambda$getResponseFunction$0(HandshakeResponse.java:30)
at org.openqa.selenium.remote.ProtocolHandshake.lambda$createSession$0(ProtocolHandshake.java:126)
at java.base/java.util.stream.ReferencePipeline$3$1.accept(ReferencePipeline.java:195)
at java.base/java.util.Spliterators$ArraySpliterator.tryAdvance(Spliterators.java:958)
at java.base/java.util.stream.ReferencePipeline.forEachWithCancel(ReferencePipeline.java:127)
at java.base/java.util.stream.AbstractPipeline.copyIntoWithCancel(AbstractPipeline.java:502)
at java.base/java.util.stream.AbstractPipeline.copyInto(AbstractPipeline.java:488)
at java.base/java.util.stream.AbstractPipeline.wrapAndCopyInto(AbstractPipeline.java:474)
at java.base/java.util.stream.FindOps$FindOp.evaluateSequential(FindOps.java:150)
at java.base/java.util.stream.AbstractPipeline.evaluate(AbstractPipeline.java:234)
at java.base/java.util.stream.ReferencePipeline.findFirst(ReferencePipeline.java:543)
at org.openqa.selenium.remote.ProtocolHandshake.createSession(ProtocolHandshake.java:128)
... 42 more
... Removed 26 stack frames]]>
    </failure>
  </testcase> <!-- @BeforeClass setupClass -->
  <testcase classname="TestNG_Set.Chips_TestCase" name="@BeforeMethod BeforeMethod" time="-1.638462612272E9">
    <skipped/>
  </testcase> <!-- @BeforeMethod BeforeMethod -->
  <testcase classname="TestNG_Set.Chips_TestCase" name="@AfterMethod AfterMethod" time="-1.638462612274E9">
    <skipped/>
  </testcase> <!-- @AfterMethod AfterMethod -->
  <testcase classname="TestNG_Set.Chips_TestCase" name="@BeforeMethod BeforeMethod" time="-1.638462612275E9">
    <skipped/>
  </testcase> <!-- @BeforeMethod BeforeMethod -->
  <testcase classname="TestNG_Set.Chips_TestCase" name="@AfterMethod AfterMethod" time="-1.638462612277E9">
    <skipped/>
  </testcase> <!-- @AfterMethod AfterMethod -->
  <testcase classname="TestNG_Set.Chips_TestCase" name="@BeforeMethod BeforeMethod" time="-1.638462612277E9">
    <skipped/>
  </testcase> <!-- @BeforeMethod BeforeMethod -->
  <testcase classname="TestNG_Set.Chips_TestCase" name="@AfterMethod AfterMethod" time="-1.638462612279E9">
    <skipped/>
  </testcase> <!-- @AfterMethod AfterMethod -->
  <testcase classname="TestNG_Set.Chips_TestCase" name="@BeforeMethod BeforeMethod" time="-1.63846261228E9">
    <skipped/>
  </testcase> <!-- @BeforeMethod BeforeMethod -->
  <testcase classname="TestNG_Set.Chips_TestCase" name="@AfterMethod AfterMethod" time="-1.638462612282E9">
    <skipped/>
  </testcase> <!-- @AfterMethod AfterMethod -->
  <testcase classname="TestNG_Set.Chips_TestCase" name="@BeforeMethod BeforeMethod" time="-1.638462612283E9">
    <skipped/>
  </testcase> <!-- @BeforeMethod BeforeMethod -->
  <testcase classname="TestNG_Set.Chips_TestCase" name="@AfterMethod AfterMethod" time="-1.638462612284E9">
    <skipped/>
  </testcase> <!-- @AfterMethod AfterMethod -->
  <testcase classname="TestNG_Set.Chips_TestCase" name="@BeforeMethod BeforeMethod" time="-1.638462612285E9">
    <skipped/>
  </testcase> <!-- @BeforeMethod BeforeMethod -->
  <testcase classname="TestNG_Set.Chips_TestCase" name="@AfterMethod AfterMethod" time="-1.638462612287E9">
    <skipped/>
  </testcase> <!-- @AfterMethod AfterMethod -->
  <testcase classname="TestNG_Set.Chips_TestCase" name="@AfterClass tearDownClass" time="-1.638462612287E9">
    <skipped/>
  </testcase> <!-- @AfterClass tearDownClass -->
  <testcase classname="TestNG_Set.Chips_TestCase" name="@BeforeClass setupClass" time="22.677">
    <failure type="org.openqa.selenium.SessionNotCreatedException" message="Unable to create a new remote session. Please check the server log for more details. Original error: An unknown server-side error occurred while processing the command. Original error: Could not find a connected Android device in 20006ms.
Build info: version: &amp;apos;3.141.59&amp;apos;, revision: &amp;apos;e82be7d358&amp;apos;, time: &amp;apos;2018-11-14T08:17:03&amp;apos;
System info: host: &amp;apos;DESKTOP-KEI&amp;apos;, ip: &amp;apos;172.27.24.217&amp;apos;, os.name: &amp;apos;Windows 10&amp;apos;, os.arch: &amp;apos;amd64&amp;apos;, os.version: &amp;apos;10.0&amp;apos;, java.version: &amp;apos;15.0.2&amp;apos;
Driver info: driver.version: AndroidDriver
remote stacktrace: UnknownError: An unknown server-side error occurred while processing the command. Original error: Could not find a connected Android device in 20006ms.
    at getResponseForW3CError (C:\Users\kei\AppData\Local\Programs\Appium\resources\app\node_modules\appium\node_modules\appium-base-driver\lib\protocol\errors.js:804:9)
    at asyncHandler (C:\Users\kei\AppData\Local\Programs\Appium\resources\app\node_modules\appium\node_modules\appium-base-driver\lib\protocol\protocol.js:380:37)
Build info: version: &amp;apos;3.141.59&amp;apos;, revision: &amp;apos;e82be7d358&amp;apos;, time: &amp;apos;2018-11-14T08:17:03&amp;apos;
System info: host: &amp;apos;DESKTOP-KEI&amp;apos;, ip: &amp;apos;172.27.24.217&amp;apos;, os.name: &amp;apos;Windows 10&amp;apos;, os.arch: &amp;apos;amd64&amp;apos;, os.version: &amp;apos;10.0&amp;apos;, java.version: &amp;apos;15.0.2&amp;apos;
Driver info: driver.version: AndroidDriver">
      <![CDATA[org.openqa.selenium.SessionNotCreatedException: Unable to create a new remote session. Please check the server log for more details. Original error: An unknown server-side error occurred while processing the command. Original error: Could not find a connected Android device in 20006ms.
Build info: version: '3.141.59', revision: 'e82be7d358', time: '2018-11-14T08:17:03'
System info: host: 'DESKTOP-KEI', ip: '172.27.24.217', os.name: 'Windows 10', os.arch: 'amd64', os.version: '10.0', java.version: '15.0.2'
Driver info: driver.version: AndroidDriver
remote stacktrace: UnknownError: An unknown server-side error occurred while processing the command. Original error: Could not find a connected Android device in 20006ms.
    at getResponseForW3CError (C:\Users\kei\AppData\Local\Programs\Appium\resources\app\node_modules\appium\node_modules\appium-base-driver\lib\protocol\errors.js:804:9)
    at asyncHandler (C:\Users\kei\AppData\Local\Programs\Appium\resources\app\node_modules\appium\node_modules\appium-base-driver\lib\protocol\protocol.js:380:37)
Build info: version: '3.141.59', revision: 'e82be7d358', time: '2018-11-14T08:17:03'
System info: host: 'DESKTOP-KEI', ip: '172.27.24.217', os.name: 'Windows 10', os.arch: 'amd64', os.version: '10.0', java.version: '15.0.2'
Driver info: driver.version: AndroidDriver
at io.appium.java_client.remote.AppiumCommandExecutor$1.createSession(AppiumCommandExecutor.java:216)
at io.appium.java_client.remote.AppiumCommandExecutor.createSession(AppiumCommandExecutor.java:225)
at io.appium.java_client.remote.AppiumCommandExecutor.execute(AppiumCommandExecutor.java:247)
at org.openqa.selenium.remote.RemoteWebDriver.execute(RemoteWebDriver.java:552)
at io.appium.java_client.DefaultGenericMobileDriver.execute(DefaultGenericMobileDriver.java:41)
at io.appium.java_client.AppiumDriver.execute(AppiumDriver.java:1)
at io.appium.java_client.android.AndroidDriver.execute(AndroidDriver.java:1)
at unit.Utilities.execute(Utilities.java:1)
at org.openqa.selenium.remote.RemoteWebDriver.startSession(RemoteWebDriver.java:213)
at io.appium.java_client.AppiumDriver.startSession(AppiumDriver.java:338)
at org.openqa.selenium.remote.RemoteWebDriver.<init>(RemoteWebDriver.java:131)
at io.appium.java_client.DefaultGenericMobileDriver.<init>(DefaultGenericMobileDriver.java:37)
at io.appium.java_client.AppiumDriver.<init>(AppiumDriver.java:89)
at io.appium.java_client.AppiumDriver.<init>(AppiumDriver.java:99)
at io.appium.java_client.android.AndroidDriver.<init>(AndroidDriver.java:96)
at unit.Utilities.<init>(Utilities.java:143)
at TestNG_Set.Chips_TestCase.setupClass(Chips_TestCase.java:95)
at java.base/java.util.ArrayList.forEach(ArrayList.java:1511)
at java.base/java.util.concurrent.FutureTask.run(FutureTask.java:264)
at java.base/java.util.concurrent.ThreadPoolExecutor.runWorker(ThreadPoolExecutor.java:1130)
at java.base/java.util.concurrent.ThreadPoolExecutor$Worker.run(ThreadPoolExecutor.java:630)
at java.base/java.lang.Thread.run(Thread.java:832)
at io.appium.java_client.remote.AppiumCommandExecutor$1.createSession(AppiumCommandExecutor.java:193)
... 37 more
Caused by: org.openqa.selenium.WebDriverException: An unknown server-side error occurred while processing the command. Original error: Could not find a connected Android device in 20006ms.
Build info: version: '3.141.59', revision: 'e82be7d358', time: '2018-11-14T08:17:03'
System info: host: 'DESKTOP-KEI', ip: '172.27.24.217', os.name: 'Windows 10', os.arch: 'amd64', os.version: '10.0', java.version: '15.0.2'
Driver info: driver.version: AndroidDriver
remote stacktrace: UnknownError: An unknown server-side error occurred while processing the command. Original error: Could not find a connected Android device in 20006ms.
    at getResponseForW3CError (C:\Users\kei\AppData\Local\Programs\Appium\resources\app\node_modules\appium\node_modules\appium-base-driver\lib\protocol\errors.js:804:9)
    at asyncHandler (C:\Users\kei\AppData\Local\Programs\Appium\resources\app\node_modules\appium\node_modules\appium-base-driver\lib\protocol\protocol.js:380:37)
at org.openqa.selenium.remote.W3CHandshakeResponse.lambda$errorHandler$0(W3CHandshakeResponse.java:62)
at org.openqa.selenium.remote.HandshakeResponse.lambda$getResponseFunction$0(HandshakeResponse.java:30)
at org.openqa.selenium.remote.ProtocolHandshake.lambda$createSession$0(ProtocolHandshake.java:126)
at java.base/java.util.stream.ReferencePipeline$3$1.accept(ReferencePipeline.java:195)
at java.base/java.util.Spliterators$ArraySpliterator.tryAdvance(Spliterators.java:958)
at java.base/java.util.stream.ReferencePipeline.forEachWithCancel(ReferencePipeline.java:127)
at java.base/java.util.stream.AbstractPipeline.copyIntoWithCancel(AbstractPipeline.java:502)
at java.base/java.util.stream.AbstractPipeline.copyInto(AbstractPipeline.java:488)
at java.base/java.util.stream.AbstractPipeline.wrapAndCopyInto(AbstractPipeline.java:474)
at java.base/java.util.stream.FindOps$FindOp.evaluateSequential(FindOps.java:150)
at java.base/java.util.stream.AbstractPipeline.evaluate(AbstractPipeline.java:234)
at java.base/java.util.stream.ReferencePipeline.findFirst(ReferencePipeline.java:543)
at org.openqa.selenium.remote.ProtocolHandshake.createSession(ProtocolHandshake.java:128)
... 42 more
... Removed 26 stack frames]]>
    </failure>
  </testcase> <!-- @BeforeClass setupClass -->
  <testcase classname="TestNG_Set.Chips_TestCase" name="@BeforeMethod BeforeMethod" time="-1.638462634966E9">
    <skipped/>
  </testcase> <!-- @BeforeMethod BeforeMethod -->
  <testcase classname="TestNG_Set.Chips_TestCase" name="@AfterMethod AfterMethod" time="-1.638462634968E9">
    <skipped/>
  </testcase> <!-- @AfterMethod AfterMethod -->
  <testcase classname="TestNG_Set.Chips_TestCase" name="@BeforeMethod BeforeMethod" time="-1.638462634969E9">
    <skipped/>
  </testcase> <!-- @BeforeMethod BeforeMethod -->
  <testcase classname="TestNG_Set.Chips_TestCase" name="@AfterMethod AfterMethod" time="-1.638462634971E9">
    <skipped/>
  </testcase> <!-- @AfterMethod AfterMethod -->
  <testcase classname="TestNG_Set.Chips_TestCase" name="@BeforeMethod BeforeMethod" time="-1.638462634972E9">
    <skipped/>
  </testcase> <!-- @BeforeMethod BeforeMethod -->
  <testcase classname="TestNG_Set.Chips_TestCase" name="@AfterMethod AfterMethod" time="-1.638462634974E9">
    <skipped/>
  </testcase> <!-- @AfterMethod AfterMethod -->
  <testcase classname="TestNG_Set.Chips_TestCase" name="@BeforeMethod BeforeMethod" time="-1.638462634975E9">
    <skipped/>
  </testcase> <!-- @BeforeMethod BeforeMethod -->
  <testcase classname="TestNG_Set.Chips_TestCase" name="@AfterMethod AfterMethod" time="-1.638462634976E9">
    <skipped/>
  </testcase> <!-- @AfterMethod AfterMethod -->
  <testcase classname="TestNG_Set.Chips_TestCase" name="@BeforeMethod BeforeMethod" time="-1.638462634977E9">
    <skipped/>
  </testcase> <!-- @BeforeMethod BeforeMethod -->
  <testcase classname="TestNG_Set.Chips_TestCase" name="@AfterMethod AfterMethod" time="-1.638462634979E9">
    <skipped/>
  </testcase> <!-- @AfterMethod AfterMethod -->
  <testcase classname="TestNG_Set.Chips_TestCase" name="@BeforeMethod BeforeMethod" time="-1.63846263498E9">
    <skipped/>
  </testcase> <!-- @BeforeMethod BeforeMethod -->
  <testcase classname="TestNG_Set.Chips_TestCase" name="@AfterMethod AfterMethod" time="-1.638462634982E9">
    <skipped/>
  </testcase> <!-- @AfterMethod AfterMethod -->
  <testcase classname="TestNG_Set.Chips_TestCase" name="@BeforeMethod BeforeMethod" time="-1.638462634983E9">
    <skipped/>
  </testcase> <!-- @BeforeMethod BeforeMethod -->
  <testcase classname="TestNG_Set.Chips_TestCase" name="@AfterMethod AfterMethod" time="-1.638462634985E9">
    <skipped/>
  </testcase> <!-- @AfterMethod AfterMethod -->
  <testcase classname="TestNG_Set.Chips_TestCase" name="@BeforeMethod BeforeMethod" time="-1.638462634985E9">
    <skipped/>
  </testcase> <!-- @BeforeMethod BeforeMethod -->
  <testcase classname="TestNG_Set.Chips_TestCase" name="@AfterMethod AfterMethod" time="-1.638462634987E9">
    <skipped/>
  </testcase> <!-- @AfterMethod AfterMethod -->
  <testcase classname="TestNG_Set.Chips_TestCase" name="@BeforeMethod BeforeMethod" time="-1.638462634988E9">
    <skipped/>
  </testcase> <!-- @BeforeMethod BeforeMethod -->
  <testcase classname="TestNG_Set.Chips_TestCase" name="@AfterMethod AfterMethod" time="-1.63846263499E9">
    <skipped/>
  </testcase> <!-- @AfterMethod AfterMethod -->
  <testcase classname="TestNG_Set.Chips_TestCase" name="@BeforeMethod BeforeMethod" time="-1.63846263499E9">
    <skipped/>
  </testcase> <!-- @BeforeMethod BeforeMethod -->
  <testcase classname="TestNG_Set.Chips_TestCase" name="@AfterMethod AfterMethod" time="-1.638462634993E9">
    <skipped/>
  </testcase> <!-- @AfterMethod AfterMethod -->
  <testcase classname="TestNG_Set.Chips_TestCase" name="@BeforeMethod BeforeMethod" time="-1.638462634994E9">
    <skipped/>
  </testcase> <!-- @BeforeMethod BeforeMethod -->
  <testcase classname="TestNG_Set.Chips_TestCase" name="@AfterMethod AfterMethod" time="-1.638462634997E9">
    <skipped/>
  </testcase> <!-- @AfterMethod AfterMethod -->
  <testcase classname="TestNG_Set.Chips_TestCase" name="@BeforeMethod BeforeMethod" time="-1.638462634997E9">
    <skipped/>
  </testcase> <!-- @BeforeMethod BeforeMethod -->
  <testcase classname="TestNG_Set.Chips_TestCase" name="@AfterMethod AfterMethod" time="-1.638462634999E9">
    <skipped/>
  </testcase> <!-- @AfterMethod AfterMethod -->
  <testcase classname="TestNG_Set.Chips_TestCase" name="@BeforeMethod BeforeMethod" time="-1.638462635001E9">
    <skipped/>
  </testcase> <!-- @BeforeMethod BeforeMethod -->
  <testcase classname="TestNG_Set.Chips_TestCase" name="@AfterMethod AfterMethod" time="-1.638462635007E9">
    <skipped/>
  </testcase> <!-- @AfterMethod AfterMethod -->
  <testcase classname="TestNG_Set.Chips_TestCase" name="@BeforeMethod BeforeMethod" time="-1.638462635008E9">
    <skipped/>
  </testcase> <!-- @BeforeMethod BeforeMethod -->
  <testcase classname="TestNG_Set.Chips_TestCase" name="@AfterMethod AfterMethod" time="-1.63846263502E9">
    <skipped/>
  </testcase> <!-- @AfterMethod AfterMethod -->
  <testcase classname="TestNG_Set.Chips_TestCase" name="@BeforeMethod BeforeMethod" time="-1.638462635022E9">
    <skipped/>
  </testcase> <!-- @BeforeMethod BeforeMethod -->
  <testcase classname="TestNG_Set.Chips_TestCase" name="@AfterMethod AfterMethod" time="-1.638462635027E9">
    <skipped/>
  </testcase> <!-- @AfterMethod AfterMethod -->
  <testcase classname="TestNG_Set.Chips_TestCase" name="@BeforeMethod BeforeMethod" time="-1.638462635029E9">
    <skipped/>
  </testcase> <!-- @BeforeMethod BeforeMethod -->
  <testcase classname="TestNG_Set.Chips_TestCase" name="@AfterMethod AfterMethod" time="-1.638462635036E9">
    <skipped/>
  </testcase> <!-- @AfterMethod AfterMethod -->
  <testcase classname="TestNG_Set.Chips_TestCase" name="@BeforeMethod BeforeMethod" time="-1.638462635037E9">
    <skipped/>
  </testcase> <!-- @BeforeMethod BeforeMethod -->
  <testcase classname="TestNG_Set.Chips_TestCase" name="@AfterMethod AfterMethod" time="-1.63846263504E9">
    <skipped/>
  </testcase> <!-- @AfterMethod AfterMethod -->
  <testcase classname="TestNG_Set.Chips_TestCase" name="@BeforeMethod BeforeMethod" time="-1.638462635041E9">
    <skipped/>
  </testcase> <!-- @BeforeMethod BeforeMethod -->
  <testcase classname="TestNG_Set.Chips_TestCase" name="@AfterMethod AfterMethod" time="-1.638462635046E9">
    <skipped/>
  </testcase> <!-- @AfterMethod AfterMethod -->
  <testcase classname="TestNG_Set.Chips_TestCase" name="@AfterClass tearDownClass" time="-1.638462635053E9">
    <skipped/>
  </testcase> <!-- @AfterClass tearDownClass -->
  <testcase classname="TestNG_Set.Chips_TestCase" name="@BeforeClass setupClass" time="22.966">
    <failure type="org.openqa.selenium.SessionNotCreatedException" message="Unable to create a new remote session. Please check the server log for more details. Original error: An unknown server-side error occurred while processing the command. Original error: Could not find a connected Android device in 20166ms.
Build info: version: &amp;apos;3.141.59&amp;apos;, revision: &amp;apos;e82be7d358&amp;apos;, time: &amp;apos;2018-11-14T08:17:03&amp;apos;
System info: host: &amp;apos;DESKTOP-KEI&amp;apos;, ip: &amp;apos;172.27.24.217&amp;apos;, os.name: &amp;apos;Windows 10&amp;apos;, os.arch: &amp;apos;amd64&amp;apos;, os.version: &amp;apos;10.0&amp;apos;, java.version: &amp;apos;15.0.2&amp;apos;
Driver info: driver.version: AndroidDriver
remote stacktrace: UnknownError: An unknown server-side error occurred while processing the command. Original error: Could not find a connected Android device in 20166ms.
    at getResponseForW3CError (C:\Users\kei\AppData\Local\Programs\Appium\resources\app\node_modules\appium\node_modules\appium-base-driver\lib\protocol\errors.js:804:9)
    at asyncHandler (C:\Users\kei\AppData\Local\Programs\Appium\resources\app\node_modules\appium\node_modules\appium-base-driver\lib\protocol\protocol.js:380:37)
Build info: version: &amp;apos;3.141.59&amp;apos;, revision: &amp;apos;e82be7d358&amp;apos;, time: &amp;apos;2018-11-14T08:17:03&amp;apos;
System info: host: &amp;apos;DESKTOP-KEI&amp;apos;, ip: &amp;apos;172.27.24.217&amp;apos;, os.name: &amp;apos;Windows 10&amp;apos;, os.arch: &amp;apos;amd64&amp;apos;, os.version: &amp;apos;10.0&amp;apos;, java.version: &amp;apos;15.0.2&amp;apos;
Driver info: driver.version: AndroidDriver">
      <![CDATA[org.openqa.selenium.SessionNotCreatedException: Unable to create a new remote session. Please check the server log for more details. Original error: An unknown server-side error occurred while processing the command. Original error: Could not find a connected Android device in 20166ms.
Build info: version: '3.141.59', revision: 'e82be7d358', time: '2018-11-14T08:17:03'
System info: host: 'DESKTOP-KEI', ip: '172.27.24.217', os.name: 'Windows 10', os.arch: 'amd64', os.version: '10.0', java.version: '15.0.2'
Driver info: driver.version: AndroidDriver
remote stacktrace: UnknownError: An unknown server-side error occurred while processing the command. Original error: Could not find a connected Android device in 20166ms.
    at getResponseForW3CError (C:\Users\kei\AppData\Local\Programs\Appium\resources\app\node_modules\appium\node_modules\appium-base-driver\lib\protocol\errors.js:804:9)
    at asyncHandler (C:\Users\kei\AppData\Local\Programs\Appium\resources\app\node_modules\appium\node_modules\appium-base-driver\lib\protocol\protocol.js:380:37)
Build info: version: '3.141.59', revision: 'e82be7d358', time: '2018-11-14T08:17:03'
System info: host: 'DESKTOP-KEI', ip: '172.27.24.217', os.name: 'Windows 10', os.arch: 'amd64', os.version: '10.0', java.version: '15.0.2'
Driver info: driver.version: AndroidDriver
at io.appium.java_client.remote.AppiumCommandExecutor$1.createSession(AppiumCommandExecutor.java:216)
at io.appium.java_client.remote.AppiumCommandExecutor.createSession(AppiumCommandExecutor.java:225)
at io.appium.java_client.remote.AppiumCommandExecutor.execute(AppiumCommandExecutor.java:247)
at org.openqa.selenium.remote.RemoteWebDriver.execute(RemoteWebDriver.java:552)
at io.appium.java_client.DefaultGenericMobileDriver.execute(DefaultGenericMobileDriver.java:41)
at io.appium.java_client.AppiumDriver.execute(AppiumDriver.java:1)
at io.appium.java_client.android.AndroidDriver.execute(AndroidDriver.java:1)
at unit.Utilities.execute(Utilities.java:1)
at org.openqa.selenium.remote.RemoteWebDriver.startSession(RemoteWebDriver.java:213)
at io.appium.java_client.AppiumDriver.startSession(AppiumDriver.java:338)
at org.openqa.selenium.remote.RemoteWebDriver.<init>(RemoteWebDriver.java:131)
at io.appium.java_client.DefaultGenericMobileDriver.<init>(DefaultGenericMobileDriver.java:37)
at io.appium.java_client.AppiumDriver.<init>(AppiumDriver.java:89)
at io.appium.java_client.AppiumDriver.<init>(AppiumDriver.java:99)
at io.appium.java_client.android.AndroidDriver.<init>(AndroidDriver.java:96)
at unit.Utilities.<init>(Utilities.java:143)
at TestNG_Set.Chips_TestCase.setupClass(Chips_TestCase.java:95)
at java.base/java.util.ArrayList.forEach(ArrayList.java:1511)
at java.base/java.util.concurrent.FutureTask.run(FutureTask.java:264)
at java.base/java.util.concurrent.ThreadPoolExecutor.runWorker(ThreadPoolExecutor.java:1130)
at java.base/java.util.concurrent.ThreadPoolExecutor$Worker.run(ThreadPoolExecutor.java:630)
at java.base/java.lang.Thread.run(Thread.java:832)
at io.appium.java_client.remote.AppiumCommandExecutor$1.createSession(AppiumCommandExecutor.java:193)
... 37 more
Caused by: org.openqa.selenium.WebDriverException: An unknown server-side error occurred while processing the command. Original error: Could not find a connected Android device in 20166ms.
Build info: version: '3.141.59', revision: 'e82be7d358', time: '2018-11-14T08:17:03'
System info: host: 'DESKTOP-KEI', ip: '172.27.24.217', os.name: 'Windows 10', os.arch: 'amd64', os.version: '10.0', java.version: '15.0.2'
Driver info: driver.version: AndroidDriver
remote stacktrace: UnknownError: An unknown server-side error occurred while processing the command. Original error: Could not find a connected Android device in 20166ms.
    at getResponseForW3CError (C:\Users\kei\AppData\Local\Programs\Appium\resources\app\node_modules\appium\node_modules\appium-base-driver\lib\protocol\errors.js:804:9)
    at asyncHandler (C:\Users\kei\AppData\Local\Programs\Appium\resources\app\node_modules\appium\node_modules\appium-base-driver\lib\protocol\protocol.js:380:37)
at org.openqa.selenium.remote.W3CHandshakeResponse.lambda$errorHandler$0(W3CHandshakeResponse.java:62)
at org.openqa.selenium.remote.HandshakeResponse.lambda$getResponseFunction$0(HandshakeResponse.java:30)
at org.openqa.selenium.remote.ProtocolHandshake.lambda$createSession$0(ProtocolHandshake.java:126)
at java.base/java.util.stream.ReferencePipeline$3$1.accept(ReferencePipeline.java:195)
at java.base/java.util.Spliterators$ArraySpliterator.tryAdvance(Spliterators.java:958)
at java.base/java.util.stream.ReferencePipeline.forEachWithCancel(ReferencePipeline.java:127)
at java.base/java.util.stream.AbstractPipeline.copyIntoWithCancel(AbstractPipeline.java:502)
at java.base/java.util.stream.AbstractPipeline.copyInto(AbstractPipeline.java:488)
at java.base/java.util.stream.AbstractPipeline.wrapAndCopyInto(AbstractPipeline.java:474)
at java.base/java.util.stream.FindOps$FindOp.evaluateSequential(FindOps.java:150)
at java.base/java.util.stream.AbstractPipeline.evaluate(AbstractPipeline.java:234)
at java.base/java.util.stream.ReferencePipeline.findFirst(ReferencePipeline.java:543)
at org.openqa.selenium.remote.ProtocolHandshake.createSession(ProtocolHandshake.java:128)
... 42 more
... Removed 26 stack frames]]>
    </failure>
  </testcase> <!-- @BeforeClass setupClass -->
  <testcase classname="TestNG_Set.Chips_TestCase" name="@BeforeMethod BeforeMethod" time="-1.638462658024E9">
    <skipped/>
  </testcase> <!-- @BeforeMethod BeforeMethod -->
  <testcase classname="TestNG_Set.Chips_TestCase" name="@AfterMethod AfterMethod" time="-1.638462658026E9">
    <skipped/>
  </testcase> <!-- @AfterMethod AfterMethod -->
  <testcase classname="TestNG_Set.Chips_TestCase" name="@BeforeMethod BeforeMethod" time="-1.638462658026E9">
    <skipped/>
  </testcase> <!-- @BeforeMethod BeforeMethod -->
  <testcase classname="TestNG_Set.Chips_TestCase" name="@AfterMethod AfterMethod" time="-1.638462658028E9">
    <skipped/>
  </testcase> <!-- @AfterMethod AfterMethod -->
  <testcase classname="TestNG_Set.Chips_TestCase" name="@BeforeMethod BeforeMethod" time="-1.638462658029E9">
    <skipped/>
  </testcase> <!-- @BeforeMethod BeforeMethod -->
  <testcase classname="TestNG_Set.Chips_TestCase" name="@AfterMethod AfterMethod" time="-1.63846265803E9">
    <skipped/>
  </testcase> <!-- @AfterMethod AfterMethod -->
  <testcase classname="TestNG_Set.Chips_TestCase" name="@BeforeMethod BeforeMethod" time="-1.638462658031E9">
    <skipped/>
  </testcase> <!-- @BeforeMethod BeforeMethod -->
  <testcase classname="TestNG_Set.Chips_TestCase" name="@AfterMethod AfterMethod" time="-1.638462658033E9">
    <skipped/>
  </testcase> <!-- @AfterMethod AfterMethod -->
  <testcase classname="TestNG_Set.Chips_TestCase" name="@BeforeMethod BeforeMethod" time="-1.638462658034E9">
    <skipped/>
  </testcase> <!-- @BeforeMethod BeforeMethod -->
  <testcase classname="TestNG_Set.Chips_TestCase" name="@AfterMethod AfterMethod" time="-1.638462658035E9">
    <skipped/>
  </testcase> <!-- @AfterMethod AfterMethod -->
  <testcase classname="TestNG_Set.Chips_TestCase" name="@BeforeMethod BeforeMethod" time="-1.638462658036E9">
    <skipped/>
  </testcase> <!-- @BeforeMethod BeforeMethod -->
  <testcase classname="TestNG_Set.Chips_TestCase" name="@AfterMethod AfterMethod" time="-1.638462658037E9">
    <skipped/>
  </testcase> <!-- @AfterMethod AfterMethod -->
  <testcase classname="TestNG_Set.Chips_TestCase" name="@BeforeMethod BeforeMethod" time="-1.638462658037E9">
    <skipped/>
  </testcase> <!-- @BeforeMethod BeforeMethod -->
  <testcase classname="TestNG_Set.Chips_TestCase" name="@AfterMethod AfterMethod" time="-1.638462658039E9">
    <skipped/>
  </testcase> <!-- @AfterMethod AfterMethod -->
  <testcase classname="TestNG_Set.Chips_TestCase" name="@BeforeMethod BeforeMethod" time="-1.638462658039E9">
    <skipped/>
  </testcase> <!-- @BeforeMethod BeforeMethod -->
  <testcase classname="TestNG_Set.Chips_TestCase" name="@AfterMethod AfterMethod" time="-1.638462658041E9">
    <skipped/>
  </testcase> <!-- @AfterMethod AfterMethod -->
  <testcase classname="TestNG_Set.Chips_TestCase" name="@BeforeMethod BeforeMethod" time="-1.638462658042E9">
    <skipped/>
  </testcase> <!-- @BeforeMethod BeforeMethod -->
  <testcase classname="TestNG_Set.Chips_TestCase" name="@AfterMethod AfterMethod" time="-1.638462658043E9">
    <skipped/>
  </testcase> <!-- @AfterMethod AfterMethod -->
  <testcase classname="TestNG_Set.Chips_TestCase" name="@BeforeMethod BeforeMethod" time="-1.638462658044E9">
    <skipped/>
  </testcase> <!-- @BeforeMethod BeforeMethod -->
  <testcase classname="TestNG_Set.Chips_TestCase" name="@AfterMethod AfterMethod" time="-1.638462658045E9">
    <skipped/>
  </testcase> <!-- @AfterMethod AfterMethod -->
  <testcase classname="TestNG_Set.Chips_TestCase" name="@BeforeMethod BeforeMethod" time="-1.638462658046E9">
    <skipped/>
  </testcase> <!-- @BeforeMethod BeforeMethod -->
  <testcase classname="TestNG_Set.Chips_TestCase" name="@AfterMethod AfterMethod" time="-1.638462658048E9">
    <skipped/>
  </testcase> <!-- @AfterMethod AfterMethod -->
  <testcase classname="TestNG_Set.Chips_TestCase" name="@BeforeMethod BeforeMethod" time="-1.638462658048E9">
    <skipped/>
  </testcase> <!-- @BeforeMethod BeforeMethod -->
  <testcase classname="TestNG_Set.Chips_TestCase" name="@AfterMethod AfterMethod" time="-1.63846265805E9">
    <skipped/>
  </testcase> <!-- @AfterMethod AfterMethod -->
  <testcase classname="TestNG_Set.Chips_TestCase" name="@BeforeMethod BeforeMethod" time="-1.638462658051E9">
    <skipped/>
  </testcase> <!-- @BeforeMethod BeforeMethod -->
  <testcase classname="TestNG_Set.Chips_TestCase" name="@AfterMethod AfterMethod" time="-1.638462658052E9">
    <skipped/>
  </testcase> <!-- @AfterMethod AfterMethod -->
  <testcase classname="TestNG_Set.Chips_TestCase" name="@BeforeMethod BeforeMethod" time="-1.638462658053E9">
    <skipped/>
  </testcase> <!-- @BeforeMethod BeforeMethod -->
  <testcase classname="TestNG_Set.Chips_TestCase" name="@AfterMethod AfterMethod" time="-1.638462658055E9">
    <skipped/>
  </testcase> <!-- @AfterMethod AfterMethod -->
  <testcase classname="TestNG_Set.Chips_TestCase" name="@BeforeMethod BeforeMethod" time="-1.638462658056E9">
    <skipped/>
  </testcase> <!-- @BeforeMethod BeforeMethod -->
  <testcase classname="TestNG_Set.Chips_TestCase" name="@AfterMethod AfterMethod" time="-1.638462658059E9">
    <skipped/>
  </testcase> <!-- @AfterMethod AfterMethod -->
  <testcase classname="TestNG_Set.Chips_TestCase" name="@BeforeMethod BeforeMethod" time="-1.63846265806E9">
    <skipped/>
  </testcase> <!-- @BeforeMethod BeforeMethod -->
  <testcase classname="TestNG_Set.Chips_TestCase" name="@AfterMethod AfterMethod" time="-1.638462658064E9">
    <skipped/>
  </testcase> <!-- @AfterMethod AfterMethod -->
  <testcase classname="TestNG_Set.Chips_TestCase" name="@BeforeMethod BeforeMethod" time="-1.638462658065E9">
    <skipped/>
  </testcase> <!-- @BeforeMethod BeforeMethod -->
  <testcase classname="TestNG_Set.Chips_TestCase" name="@AfterMethod AfterMethod" time="-1.638462658069E9">
    <skipped/>
  </testcase> <!-- @AfterMethod AfterMethod -->
  <testcase classname="TestNG_Set.Chips_TestCase" name="@BeforeMethod BeforeMethod" time="-1.63846265807E9">
    <skipped/>
  </testcase> <!-- @BeforeMethod BeforeMethod -->
  <testcase classname="TestNG_Set.Chips_TestCase" name="@AfterMethod AfterMethod" time="-1.638462658079E9">
    <skipped/>
  </testcase> <!-- @AfterMethod AfterMethod -->
  <testcase classname="TestNG_Set.Chips_TestCase" name="@BeforeMethod BeforeMethod" time="-1.63846265808E9">
    <skipped/>
  </testcase> <!-- @BeforeMethod BeforeMethod -->
  <testcase classname="TestNG_Set.Chips_TestCase" name="@AfterMethod AfterMethod" time="-1.638462658082E9">
    <skipped/>
  </testcase> <!-- @AfterMethod AfterMethod -->
  <testcase classname="TestNG_Set.Chips_TestCase" name="@BeforeMethod BeforeMethod" time="-1.638462658084E9">
    <skipped/>
  </testcase> <!-- @BeforeMethod BeforeMethod -->
  <testcase classname="TestNG_Set.Chips_TestCase" name="@AfterMethod AfterMethod" time="-1.638462658086E9">
    <skipped/>
  </testcase> <!-- @AfterMethod AfterMethod -->
  <testcase classname="TestNG_Set.Chips_TestCase" name="@BeforeMethod BeforeMethod" time="-1.638462658086E9">
    <skipped/>
  </testcase> <!-- @BeforeMethod BeforeMethod -->
  <testcase classname="TestNG_Set.Chips_TestCase" name="@AfterMethod AfterMethod" time="-1.638462658088E9">
    <skipped/>
  </testcase> <!-- @AfterMethod AfterMethod -->
  <testcase classname="TestNG_Set.Chips_TestCase" name="@AfterClass tearDownClass" time="-1.638462658089E9">
    <skipped/>
  </testcase> <!-- @AfterClass tearDownClass -->
  <testcase classname="TestNG_Set.Chips_TestCase" name="@BeforeClass setupClass" time="23.086">
    <failure type="org.openqa.selenium.SessionNotCreatedException" message="Unable to create a new remote session. Please check the server log for more details. Original error: An unknown server-side error occurred while processing the command. Original error: Could not find a connected Android device in 20266ms.
Build info: version: &amp;apos;3.141.59&amp;apos;, revision: &amp;apos;e82be7d358&amp;apos;, time: &amp;apos;2018-11-14T08:17:03&amp;apos;
System info: host: &amp;apos;DESKTOP-KEI&amp;apos;, ip: &amp;apos;172.27.24.217&amp;apos;, os.name: &amp;apos;Windows 10&amp;apos;, os.arch: &amp;apos;amd64&amp;apos;, os.version: &amp;apos;10.0&amp;apos;, java.version: &amp;apos;15.0.2&amp;apos;
Driver info: driver.version: AndroidDriver
remote stacktrace: UnknownError: An unknown server-side error occurred while processing the command. Original error: Could not find a connected Android device in 20266ms.
    at getResponseForW3CError (C:\Users\kei\AppData\Local\Programs\Appium\resources\app\node_modules\appium\node_modules\appium-base-driver\lib\protocol\errors.js:804:9)
    at asyncHandler (C:\Users\kei\AppData\Local\Programs\Appium\resources\app\node_modules\appium\node_modules\appium-base-driver\lib\protocol\protocol.js:380:37)
Build info: version: &amp;apos;3.141.59&amp;apos;, revision: &amp;apos;e82be7d358&amp;apos;, time: &amp;apos;2018-11-14T08:17:03&amp;apos;
System info: host: &amp;apos;DESKTOP-KEI&amp;apos;, ip: &amp;apos;172.27.24.217&amp;apos;, os.name: &amp;apos;Windows 10&amp;apos;, os.arch: &amp;apos;amd64&amp;apos;, os.version: &amp;apos;10.0&amp;apos;, java.version: &amp;apos;15.0.2&amp;apos;
Driver info: driver.version: AndroidDriver">
      <![CDATA[org.openqa.selenium.SessionNotCreatedException: Unable to create a new remote session. Please check the server log for more details. Original error: An unknown server-side error occurred while processing the command. Original error: Could not find a connected Android device in 20266ms.
Build info: version: '3.141.59', revision: 'e82be7d358', time: '2018-11-14T08:17:03'
System info: host: 'DESKTOP-KEI', ip: '172.27.24.217', os.name: 'Windows 10', os.arch: 'amd64', os.version: '10.0', java.version: '15.0.2'
Driver info: driver.version: AndroidDriver
remote stacktrace: UnknownError: An unknown server-side error occurred while processing the command. Original error: Could not find a connected Android device in 20266ms.
    at getResponseForW3CError (C:\Users\kei\AppData\Local\Programs\Appium\resources\app\node_modules\appium\node_modules\appium-base-driver\lib\protocol\errors.js:804:9)
    at asyncHandler (C:\Users\kei\AppData\Local\Programs\Appium\resources\app\node_modules\appium\node_modules\appium-base-driver\lib\protocol\protocol.js:380:37)
Build info: version: '3.141.59', revision: 'e82be7d358', time: '2018-11-14T08:17:03'
System info: host: 'DESKTOP-KEI', ip: '172.27.24.217', os.name: 'Windows 10', os.arch: 'amd64', os.version: '10.0', java.version: '15.0.2'
Driver info: driver.version: AndroidDriver
at io.appium.java_client.remote.AppiumCommandExecutor$1.createSession(AppiumCommandExecutor.java:216)
at io.appium.java_client.remote.AppiumCommandExecutor.createSession(AppiumCommandExecutor.java:225)
at io.appium.java_client.remote.AppiumCommandExecutor.execute(AppiumCommandExecutor.java:247)
at org.openqa.selenium.remote.RemoteWebDriver.execute(RemoteWebDriver.java:552)
at io.appium.java_client.DefaultGenericMobileDriver.execute(DefaultGenericMobileDriver.java:41)
at io.appium.java_client.AppiumDriver.execute(AppiumDriver.java:1)
at io.appium.java_client.android.AndroidDriver.execute(AndroidDriver.java:1)
at unit.Utilities.execute(Utilities.java:1)
at org.openqa.selenium.remote.RemoteWebDriver.startSession(RemoteWebDriver.java:213)
at io.appium.java_client.AppiumDriver.startSession(AppiumDriver.java:338)
at org.openqa.selenium.remote.RemoteWebDriver.<init>(RemoteWebDriver.java:131)
at io.appium.java_client.DefaultGenericMobileDriver.<init>(DefaultGenericMobileDriver.java:37)
at io.appium.java_client.AppiumDriver.<init>(AppiumDriver.java:89)
at io.appium.java_client.AppiumDriver.<init>(AppiumDriver.java:99)
at io.appium.java_client.android.AndroidDriver.<init>(AndroidDriver.java:96)
at unit.Utilities.<init>(Utilities.java:143)
at TestNG_Set.Chips_TestCase.setupClass(Chips_TestCase.java:95)
at java.base/java.util.ArrayList.forEach(ArrayList.java:1511)
at java.base/java.util.concurrent.FutureTask.run(FutureTask.java:264)
at java.base/java.util.concurrent.ThreadPoolExecutor.runWorker(ThreadPoolExecutor.java:1130)
at java.base/java.util.concurrent.ThreadPoolExecutor$Worker.run(ThreadPoolExecutor.java:630)
at java.base/java.lang.Thread.run(Thread.java:832)
at io.appium.java_client.remote.AppiumCommandExecutor$1.createSession(AppiumCommandExecutor.java:193)
... 37 more
Caused by: org.openqa.selenium.WebDriverException: An unknown server-side error occurred while processing the command. Original error: Could not find a connected Android device in 20266ms.
Build info: version: '3.141.59', revision: 'e82be7d358', time: '2018-11-14T08:17:03'
System info: host: 'DESKTOP-KEI', ip: '172.27.24.217', os.name: 'Windows 10', os.arch: 'amd64', os.version: '10.0', java.version: '15.0.2'
Driver info: driver.version: AndroidDriver
remote stacktrace: UnknownError: An unknown server-side error occurred while processing the command. Original error: Could not find a connected Android device in 20266ms.
    at getResponseForW3CError (C:\Users\kei\AppData\Local\Programs\Appium\resources\app\node_modules\appium\node_modules\appium-base-driver\lib\protocol\errors.js:804:9)
    at asyncHandler (C:\Users\kei\AppData\Local\Programs\Appium\resources\app\node_modules\appium\node_modules\appium-base-driver\lib\protocol\protocol.js:380:37)
at org.openqa.selenium.remote.W3CHandshakeResponse.lambda$errorHandler$0(W3CHandshakeResponse.java:62)
at org.openqa.selenium.remote.HandshakeResponse.lambda$getResponseFunction$0(HandshakeResponse.java:30)
at org.openqa.selenium.remote.ProtocolHandshake.lambda$createSession$0(ProtocolHandshake.java:126)
at java.base/java.util.stream.ReferencePipeline$3$1.accept(ReferencePipeline.java:195)
at java.base/java.util.Spliterators$ArraySpliterator.tryAdvance(Spliterators.java:958)
at java.base/java.util.stream.ReferencePipeline.forEachWithCancel(ReferencePipeline.java:127)
at java.base/java.util.stream.AbstractPipeline.copyIntoWithCancel(AbstractPipeline.java:502)
at java.base/java.util.stream.AbstractPipeline.copyInto(AbstractPipeline.java:488)
at java.base/java.util.stream.AbstractPipeline.wrapAndCopyInto(AbstractPipeline.java:474)
at java.base/java.util.stream.FindOps$FindOp.evaluateSequential(FindOps.java:150)
at java.base/java.util.stream.AbstractPipeline.evaluate(AbstractPipeline.java:234)
at java.base/java.util.stream.ReferencePipeline.findFirst(ReferencePipeline.java:543)
at org.openqa.selenium.remote.ProtocolHandshake.createSession(ProtocolHandshake.java:128)
... 42 more
... Removed 26 stack frames]]>
    </failure>
  </testcase> <!-- @BeforeClass setupClass -->
  <testcase classname="TestNG_Set.Chips_TestCase" name="@BeforeMethod BeforeMethod" time="-1.638462681177E9">
    <skipped/>
  </testcase> <!-- @BeforeMethod BeforeMethod -->
  <testcase classname="TestNG_Set.Chips_TestCase" name="@AfterMethod AfterMethod" time="-1.638462681179E9">
    <skipped/>
  </testcase> <!-- @AfterMethod AfterMethod -->
  <testcase classname="TestNG_Set.Chips_TestCase" name="@BeforeMethod BeforeMethod" time="-1.638462681179E9">
    <skipped/>
  </testcase> <!-- @BeforeMethod BeforeMethod -->
  <testcase classname="TestNG_Set.Chips_TestCase" name="@AfterMethod AfterMethod" time="-1.638462681181E9">
    <skipped/>
  </testcase> <!-- @AfterMethod AfterMethod -->
  <testcase classname="TestNG_Set.Chips_TestCase" name="@BeforeMethod BeforeMethod" time="-1.638462681181E9">
    <skipped/>
  </testcase> <!-- @BeforeMethod BeforeMethod -->
  <testcase classname="TestNG_Set.Chips_TestCase" name="@AfterMethod AfterMethod" time="-1.638462681183E9">
    <skipped/>
  </testcase> <!-- @AfterMethod AfterMethod -->
  <testcase classname="TestNG_Set.Chips_TestCase" name="@BeforeMethod BeforeMethod" time="-1.638462681183E9">
    <skipped/>
  </testcase> <!-- @BeforeMethod BeforeMethod -->
  <testcase classname="TestNG_Set.Chips_TestCase" name="@AfterMethod AfterMethod" time="-1.638462681185E9">
    <skipped/>
  </testcase> <!-- @AfterMethod AfterMethod -->
  <testcase classname="TestNG_Set.Chips_TestCase" name="@BeforeMethod BeforeMethod" time="-1.638462681185E9">
    <skipped/>
  </testcase> <!-- @BeforeMethod BeforeMethod -->
  <testcase classname="TestNG_Set.Chips_TestCase" name="@AfterMethod AfterMethod" time="-1.638462681187E9">
    <skipped/>
  </testcase> <!-- @AfterMethod AfterMethod -->
  <testcase classname="TestNG_Set.Chips_TestCase" name="@BeforeMethod BeforeMethod" time="-1.638462681187E9">
    <skipped/>
  </testcase> <!-- @BeforeMethod BeforeMethod -->
  <testcase classname="TestNG_Set.Chips_TestCase" name="@AfterMethod AfterMethod" time="-1.638462681189E9">
    <skipped/>
  </testcase> <!-- @AfterMethod AfterMethod -->
  <testcase classname="TestNG_Set.Chips_TestCase" name="@BeforeMethod BeforeMethod" time="-1.63846268119E9">
    <skipped/>
  </testcase> <!-- @BeforeMethod BeforeMethod -->
  <testcase classname="TestNG_Set.Chips_TestCase" name="@AfterMethod AfterMethod" time="-1.638462681191E9">
    <skipped/>
  </testcase> <!-- @AfterMethod AfterMethod -->
  <testcase classname="TestNG_Set.Chips_TestCase" name="@BeforeMethod BeforeMethod" time="-1.638462681192E9">
    <skipped/>
  </testcase> <!-- @BeforeMethod BeforeMethod -->
  <testcase classname="TestNG_Set.Chips_TestCase" name="@AfterMethod AfterMethod" time="-1.638462681193E9">
    <skipped/>
  </testcase> <!-- @AfterMethod AfterMethod -->
  <testcase classname="TestNG_Set.Chips_TestCase" name="@BeforeMethod BeforeMethod" time="-1.638462681194E9">
    <skipped/>
  </testcase> <!-- @BeforeMethod BeforeMethod -->
  <testcase classname="TestNG_Set.Chips_TestCase" name="@AfterMethod AfterMethod" time="-1.638462681195E9">
    <skipped/>
  </testcase> <!-- @AfterMethod AfterMethod -->
  <testcase classname="TestNG_Set.Chips_TestCase" name="@BeforeMethod BeforeMethod" time="-1.638462681196E9">
    <skipped/>
  </testcase> <!-- @BeforeMethod BeforeMethod -->
  <testcase classname="TestNG_Set.Chips_TestCase" name="@AfterMethod AfterMethod" time="-1.638462681197E9">
    <skipped/>
  </testcase> <!-- @AfterMethod AfterMethod -->
  <testcase classname="TestNG_Set.Chips_TestCase" name="@BeforeMethod BeforeMethod" time="-1.638462681198E9">
    <skipped/>
  </testcase> <!-- @BeforeMethod BeforeMethod -->
  <testcase classname="TestNG_Set.Chips_TestCase" name="@AfterMethod AfterMethod" time="-1.638462681199E9">
    <skipped/>
  </testcase> <!-- @AfterMethod AfterMethod -->
  <testcase classname="TestNG_Set.Chips_TestCase" name="@BeforeMethod BeforeMethod" time="-1.6384626812E9">
    <skipped/>
  </testcase> <!-- @BeforeMethod BeforeMethod -->
  <testcase classname="TestNG_Set.Chips_TestCase" name="@AfterMethod AfterMethod" time="-1.638462681201E9">
    <skipped/>
  </testcase> <!-- @AfterMethod AfterMethod -->
  <testcase classname="TestNG_Set.Chips_TestCase" name="@BeforeMethod BeforeMethod" time="-1.638462681202E9">
    <skipped/>
  </testcase> <!-- @BeforeMethod BeforeMethod -->
  <testcase classname="TestNG_Set.Chips_TestCase" name="@AfterMethod AfterMethod" time="-1.638462681203E9">
    <skipped/>
  </testcase> <!-- @AfterMethod AfterMethod -->
  <testcase classname="TestNG_Set.Chips_TestCase" name="@BeforeMethod BeforeMethod" time="-1.638462681204E9">
    <skipped/>
  </testcase> <!-- @BeforeMethod BeforeMethod -->
  <testcase classname="TestNG_Set.Chips_TestCase" name="@AfterMethod AfterMethod" time="-1.638462681205E9">
    <skipped/>
  </testcase> <!-- @AfterMethod AfterMethod -->
  <testcase classname="TestNG_Set.Chips_TestCase" name="@BeforeMethod BeforeMethod" time="-1.638462681206E9">
    <skipped/>
  </testcase> <!-- @BeforeMethod BeforeMethod -->
  <testcase classname="TestNG_Set.Chips_TestCase" name="@AfterMethod AfterMethod" time="-1.638462681207E9">
    <skipped/>
  </testcase> <!-- @AfterMethod AfterMethod -->
  <testcase classname="TestNG_Set.Chips_TestCase" name="@BeforeMethod BeforeMethod" time="-1.638462681208E9">
    <skipped/>
  </testcase> <!-- @BeforeMethod BeforeMethod -->
  <testcase classname="TestNG_Set.Chips_TestCase" name="@AfterMethod AfterMethod" time="-1.63846268121E9">
    <skipped/>
  </testcase> <!-- @AfterMethod AfterMethod -->
  <testcase classname="TestNG_Set.Chips_TestCase" name="@BeforeMethod BeforeMethod" time="-1.638462681211E9">
    <skipped/>
  </testcase> <!-- @BeforeMethod BeforeMethod -->
  <testcase classname="TestNG_Set.Chips_TestCase" name="@AfterMethod AfterMethod" time="-1.638462681213E9">
    <skipped/>
  </testcase> <!-- @AfterMethod AfterMethod -->
  <testcase classname="TestNG_Set.Chips_TestCase" name="@BeforeMethod BeforeMethod" time="-1.638462681213E9">
    <skipped/>
  </testcase> <!-- @BeforeMethod BeforeMethod -->
  <testcase classname="TestNG_Set.Chips_TestCase" name="@AfterMethod AfterMethod" time="-1.638462681215E9">
    <skipped/>
  </testcase> <!-- @AfterMethod AfterMethod -->
  <testcase classname="TestNG_Set.Chips_TestCase" name="@BeforeMethod BeforeMethod" time="-1.638462681216E9">
    <skipped/>
  </testcase> <!-- @BeforeMethod BeforeMethod -->
  <testcase classname="TestNG_Set.Chips_TestCase" name="@AfterMethod AfterMethod" time="-1.638462681218E9">
    <skipped/>
  </testcase> <!-- @AfterMethod AfterMethod -->
  <testcase classname="TestNG_Set.Chips_TestCase" name="@BeforeMethod BeforeMethod" time="-1.638462681218E9">
    <skipped/>
  </testcase> <!-- @BeforeMethod BeforeMethod -->
  <testcase classname="TestNG_Set.Chips_TestCase" name="@AfterMethod AfterMethod" time="-1.638462681221E9">
    <skipped/>
  </testcase> <!-- @AfterMethod AfterMethod -->
  <testcase classname="TestNG_Set.Chips_TestCase" name="@BeforeMethod BeforeMethod" time="-1.638462681222E9">
    <skipped/>
  </testcase> <!-- @BeforeMethod BeforeMethod -->
  <testcase classname="TestNG_Set.Chips_TestCase" name="@AfterMethod AfterMethod" time="-1.638462681225E9">
    <skipped/>
  </testcase> <!-- @AfterMethod AfterMethod -->
  <testcase classname="TestNG_Set.Chips_TestCase" name="@BeforeMethod BeforeMethod" time="-1.638462681226E9">
    <skipped/>
  </testcase> <!-- @BeforeMethod BeforeMethod -->
  <testcase classname="TestNG_Set.Chips_TestCase" name="@AfterMethod AfterMethod" time="-1.638462681229E9">
    <skipped/>
  </testcase> <!-- @AfterMethod AfterMethod -->
  <testcase classname="TestNG_Set.Chips_TestCase" name="@BeforeMethod BeforeMethod" time="-1.638462681229E9">
    <skipped/>
  </testcase> <!-- @BeforeMethod BeforeMethod -->
  <testcase classname="TestNG_Set.Chips_TestCase" name="@AfterMethod AfterMethod" time="-1.638462681231E9">
    <skipped/>
  </testcase> <!-- @AfterMethod AfterMethod -->
  <testcase classname="TestNG_Set.Chips_TestCase" name="@BeforeMethod BeforeMethod" time="-1.638462681232E9">
    <skipped/>
  </testcase> <!-- @BeforeMethod BeforeMethod -->
  <testcase classname="TestNG_Set.Chips_TestCase" name="@AfterMethod AfterMethod" time="-1.638462681234E9">
    <skipped/>
  </testcase> <!-- @AfterMethod AfterMethod -->
  <testcase classname="TestNG_Set.Chips_TestCase" name="@BeforeMethod BeforeMethod" time="-1.638462681235E9">
    <skipped/>
  </testcase> <!-- @BeforeMethod BeforeMethod -->
  <testcase classname="TestNG_Set.Chips_TestCase" name="@AfterMethod AfterMethod" time="-1.638462681237E9">
    <skipped/>
  </testcase> <!-- @AfterMethod AfterMethod -->
  <testcase classname="TestNG_Set.Chips_TestCase" name="@BeforeMethod BeforeMethod" time="-1.638462681238E9">
    <skipped/>
  </testcase> <!-- @BeforeMethod BeforeMethod -->
  <testcase classname="TestNG_Set.Chips_TestCase" name="@AfterMethod AfterMethod" time="-1.63846268124E9">
    <skipped/>
  </testcase> <!-- @AfterMethod AfterMethod -->
  <testcase classname="TestNG_Set.Chips_TestCase" name="@BeforeMethod BeforeMethod" time="-1.638462681242E9">
    <skipped/>
  </testcase> <!-- @BeforeMethod BeforeMethod -->
  <testcase classname="TestNG_Set.Chips_TestCase" name="@AfterMethod AfterMethod" time="-1.638462681245E9">
    <skipped/>
  </testcase> <!-- @AfterMethod AfterMethod -->
  <testcase classname="TestNG_Set.Chips_TestCase" name="@BeforeMethod BeforeMethod" time="-1.638462681246E9">
    <skipped/>
  </testcase> <!-- @BeforeMethod BeforeMethod -->
  <testcase classname="TestNG_Set.Chips_TestCase" name="@AfterMethod AfterMethod" time="-1.638462681249E9">
    <skipped/>
  </testcase> <!-- @AfterMethod AfterMethod -->
  <testcase classname="TestNG_Set.Chips_TestCase" name="@BeforeMethod BeforeMethod" time="-1.63846268125E9">
    <skipped/>
  </testcase> <!-- @BeforeMethod BeforeMethod -->
  <testcase classname="TestNG_Set.Chips_TestCase" name="@AfterMethod AfterMethod" time="-1.638462681252E9">
    <skipped/>
  </testcase> <!-- @AfterMethod AfterMethod -->
  <testcase classname="TestNG_Set.Chips_TestCase" name="@BeforeMethod BeforeMethod" time="-1.638462681256E9">
    <skipped/>
  </testcase> <!-- @BeforeMethod BeforeMethod -->
  <testcase classname="TestNG_Set.Chips_TestCase" name="@AfterMethod AfterMethod" time="-1.638462681259E9">
    <skipped/>
  </testcase> <!-- @AfterMethod AfterMethod -->
  <testcase classname="TestNG_Set.Chips_TestCase" name="@BeforeMethod BeforeMethod" time="-1.638462681259E9">
    <skipped/>
  </testcase> <!-- @BeforeMethod BeforeMethod -->
  <testcase classname="TestNG_Set.Chips_TestCase" name="@AfterMethod AfterMethod" time="-1.638462681262E9">
    <skipped/>
  </testcase> <!-- @AfterMethod AfterMethod -->
  <testcase classname="TestNG_Set.Chips_TestCase" name="@BeforeMethod BeforeMethod" time="-1.638462681262E9">
    <skipped/>
  </testcase> <!-- @BeforeMethod BeforeMethod -->
  <testcase classname="TestNG_Set.Chips_TestCase" name="@AfterMethod AfterMethod" time="-1.638462681265E9">
    <skipped/>
  </testcase> <!-- @AfterMethod AfterMethod -->
  <testcase classname="TestNG_Set.Chips_TestCase" name="@BeforeMethod BeforeMethod" time="-1.638462681265E9">
    <skipped/>
  </testcase> <!-- @BeforeMethod BeforeMethod -->
  <testcase classname="TestNG_Set.Chips_TestCase" name="@AfterMethod AfterMethod" time="-1.638462681267E9">
    <skipped/>
  </testcase> <!-- @AfterMethod AfterMethod -->
  <testcase classname="TestNG_Set.Chips_TestCase" name="@BeforeMethod BeforeMethod" time="-1.638462681268E9">
    <skipped/>
  </testcase> <!-- @BeforeMethod BeforeMethod -->
  <testcase classname="TestNG_Set.Chips_TestCase" name="@AfterMethod AfterMethod" time="-1.638462681271E9">
    <skipped/>
  </testcase> <!-- @AfterMethod AfterMethod -->
  <testcase classname="TestNG_Set.Chips_TestCase" name="@AfterClass tearDownClass" time="-1.638462681271E9">
    <skipped/>
  </testcase> <!-- @AfterClass tearDownClass -->
  <testcase classname="TestNG_Set.Chips_TestCase" name="@BeforeClass setupClass" time="23.108">
    <failure type="org.openqa.selenium.SessionNotCreatedException" message="Unable to create a new remote session. Please check the server log for more details. Original error: An unknown server-side error occurred while processing the command. Original error: Could not find a connected Android device in 20310ms.
Build info: version: &amp;apos;3.141.59&amp;apos;, revision: &amp;apos;e82be7d358&amp;apos;, time: &amp;apos;2018-11-14T08:17:03&amp;apos;
System info: host: &amp;apos;DESKTOP-KEI&amp;apos;, ip: &amp;apos;172.27.24.217&amp;apos;, os.name: &amp;apos;Windows 10&amp;apos;, os.arch: &amp;apos;amd64&amp;apos;, os.version: &amp;apos;10.0&amp;apos;, java.version: &amp;apos;15.0.2&amp;apos;
Driver info: driver.version: AndroidDriver
remote stacktrace: UnknownError: An unknown server-side error occurred while processing the command. Original error: Could not find a connected Android device in 20310ms.
    at getResponseForW3CError (C:\Users\kei\AppData\Local\Programs\Appium\resources\app\node_modules\appium\node_modules\appium-base-driver\lib\protocol\errors.js:804:9)
    at asyncHandler (C:\Users\kei\AppData\Local\Programs\Appium\resources\app\node_modules\appium\node_modules\appium-base-driver\lib\protocol\protocol.js:380:37)
Build info: version: &amp;apos;3.141.59&amp;apos;, revision: &amp;apos;e82be7d358&amp;apos;, time: &amp;apos;2018-11-14T08:17:03&amp;apos;
System info: host: &amp;apos;DESKTOP-KEI&amp;apos;, ip: &amp;apos;172.27.24.217&amp;apos;, os.name: &amp;apos;Windows 10&amp;apos;, os.arch: &amp;apos;amd64&amp;apos;, os.version: &amp;apos;10.0&amp;apos;, java.version: &amp;apos;15.0.2&amp;apos;
Driver info: driver.version: AndroidDriver">
[...]
    <skipped/>
  </testcase> <!-- TC_0000_앱실행과AccessToken얻기 -->
  <testcase classname="Chips_002_미디어_멜론FLO.미디어_02_FLO_미로그인" name="TC_0213_Chips_FLO미로그인_뮤직메이트로실행_확인" time="0.0">
    <skipped/>
  </testcase> <!-- TC_0213_Chips_FLO미로그인_뮤직메이트로실행_확인 -->
  <testcase classname="Chips_002_미디어_멜론FLO.미디어_02_FLO_미로그인" name="TC_0214_Chips_FLO미로그인_음악실행_확인" time="0.0">
    <skipped/>
  </testcase> <!-- TC_0214_Chips_FLO미로그인_음악실행_확인 -->
  <testcase classname="Chips_002_미디어_멜론FLO.미디어_02_FLO_미로그인" name="TC_0215_Chips_FLO미로그인_뮤직플레이_확인" time="0.0">
    <skipped/>
  </testcase> <!-- TC_0215_Chips_FLO미로그인_뮤직플레이_확인 -->
  <testcase classname="Chips_002_미디어_멜론FLO.미디어_02_FLO_미로그인" name="TC_0216_Chips_FLO미로그인_방송음악_확인" time="0.0">
    <skipped/>
  </testcase> <!-- TC_0216_Chips_FLO미로그인_방송음악_확인 -->
  <testcase classname="Chips_002_미디어_멜론FLO.미디어_02_FLO_미로그인" name="TC_0217_Chips_FLO미로그인_최신음악_확인" time="0.0">
    <skipped/>
  </testcase> <!-- TC_0217_Chips_FLO미로그인_최신음악_확인 -->
  <testcase classname="Chips_002_미디어_멜론FLO.미디어_02_FLO_미로그인" name="TC_0218_Chips_FLO미로그인_아티스트곡_확인" time="0.0">
    <skipped/>
  </testcase> <!-- TC_0218_Chips_FLO미로그인_아티스트곡_확인 -->
  <testcase classname="Chips_002_미디어_멜론FLO.미디어_02_FLO_미로그인" name="TC_0219_Chips_FLO미로그인_음원없음_확인" time="0.0">
    <skipped/>
  </testcase> <!-- TC_0219_Chips_FLO미로그인_음원없음_확인 -->
  <testcase classname="Chips_002_미디어_멜론FLO.미디어_03_FLO_로그인" name="TC_0000_앱실행과AccessToken얻기" time="0.0">
    <skipped/>
  </testcase> <!-- TC_0000_앱실행과AccessToken얻기 -->
  <testcase classname="Chips_002_미디어_멜론FLO.미디어_03_FLO_로그인" name="TC_0220_Chips_FLO로그인_아티스트노래_확인" time="0.0">
    <skipped/>
  </testcase> <!-- TC_0220_Chips_FLO로그인_아티스트노래_확인 -->
  <testcase classname="Chips_002_미디어_멜론FLO.미디어_03_FLO_로그인" name="TC_0221_Chips_FLO로그인_아티스트노래_확인" time="0.0">
    <skipped/>
  </testcase> <!-- TC_0221_Chips_FLO로그인_아티스트노래_확인 -->
  <testcase classname="Chips_002_미디어_멜론FLO.미디어_03_FLO_로그인" name="TC_0222_Chips_FLO로그인_최신음악_확인" time="0.0">
    <skipped/>
  </testcase> <!-- TC_0222_Chips_FLO로그인_최신음악_확인 -->
  <testcase classname="Chips_002_미디어_멜론FLO.미디어_03_FLO_로그인" name="TC_0223_Chips_FLO로그인_실시간차트_확인" time="0.0">
    <skipped/>
  </testcase> <!-- TC_0223_Chips_FLO로그인_실시간차트_확인 -->
  <testcase classname="Chips_002_미디어_멜론FLO.미디어_03_FLO_로그인" name="TC_0224_Chips_FLO로그인_가수곡_확인" time="0.0">
    <skipped/>
  </testcase> <!-- TC_0224_Chips_FLO로그인_가수곡_확인 -->
  <testcase classname="Chips_002_미디어_멜론FLO.미디어_03_FLO_로그인" name="TC_0225_Chips_FLO로그인_좋아요노래_확인" time="0.0">
    <skipped/>
  </testcase> <!-- TC_0225_Chips_FLO로그인_좋아요노래_확인 -->
  <testcase classname="Chips_002_미디어_멜론FLO.미디어_03_FLO_로그인" name="TC_0226_Chips_FLO로그인_플레이리스트_확인" time="0.0">
    <skipped/>
  </testcase> <!-- TC_0226_Chips_FLO로그인_플레이리스트_확인 -->
  <testcase classname="Chips_002_미디어_멜론FLO.미디어_03_FLO_로그인" name="TC_0227_Chips_FLO로그인_최근들은음악_확인" time="0.0">
    <skipped/>
  </testcase> <!-- TC_0227_Chips_FLO로그인_최근들은음악_확인 -->
  <testcase classname="Chips_002_미디어_멜론FLO.미디어_03_FLO_로그인" name="TC_0228_Chips_FLO로그인_셔플해줘_확인" time="0.0">
    <skipped/>
  </testcase> <!-- TC_0228_Chips_FLO로그인_셔플해줘_확인 -->
  <testcase classname="Chips_002_미디어_멜론FLO.미디어_03_FLO_로그인" name="TC_0229_Chips_FLO로그인_셔플해제_확인" time="0.0">
    <skipped/>
  </testcase> <!-- TC_0229_Chips_FLO로그인_셔플해제_확인 -->
  <testcase classname="Chips_002_미디어_멜론FLO.미디어_04_FLO_장르테마" name="TC_0000_앱실행과AccessToken얻기" time="0.0">
    <skipped/>
  </testcase> <!-- TC_0000_앱실행과AccessToken얻기 -->
  <testcase classname="Chips_002_미디어_멜론FLO.미디어_04_FLO_장르테마" name="TC_0230_Chips_FLO_장르_걸그룹노래_확인" time="0.0">
    <skipped/>
  </testcase> <!-- TC_0230_Chips_FLO_장르_걸그룹노래_확인 -->
  <testcase classname="Chips_002_미디어_멜론FLO.미디어_04_FLO_장르테마" name="TC_0231_Chips_FLO_장르_크로스오버음악_확인" time="0.0">
    <skipped/>
  </testcase> <!-- TC_0231_Chips_FLO_장르_크로스오버음악_확인 -->
  <testcase classname="Chips_002_미디어_멜론FLO.미디어_04_FLO_장르테마" name="TC_0232_Chips_FLO_테마_공룡테마_확인" time="0.0">
    <skipped/>
  </testcase> <!-- TC_0232_Chips_FLO_테마_공룡테마_확인 -->
  <testcase classname="Chips_002_미디어_멜론FLO.미디어_04_FLO_장르테마" name="TC_0233_Chips_FLO_테마_매장음악_확인" time="0.0">
    <skipped/>
  </testcase> <!-- TC_0233_Chips_FLO_테마_매장음악_확인 -->
  <testcase classname="Chips_002_미디어_멜론FLO.미디어_04_FLO_장르테마" name="TC_0234_Chips_FLO_큐레이션_신나는음악_확인" time="0.0">
    <skipped/>
  </testcase> <!-- TC_0234_Chips_FLO_큐레이션_신나는음악_확인 -->
  <testcase classname="Chips_002_미디어_멜론FLO.미디어_05_FLO_재생컨트롤러" name="TC_0000_앱실행과AccessToken얻기" time="0.0">
    <skipped/>
  </testcase> <!-- TC_0000_앱실행과AccessToken얻기 -->
  <testcase classname="Chips_002_미디어_멜론FLO.미디어_05_FLO_재생컨트롤러" name="TC_0239_Chips_FLO_컨트롤러_음악재생_확인" time="0.0">
    <skipped/>
  </testcase> <!-- TC_0239_Chips_FLO_컨트롤러_음악재생_확인 -->
  <testcase classname="Chips_002_미디어_멜론FLO.미디어_05_FLO_재생컨트롤러" name="TC_0240_Chips_FLO_컨트롤러_일시정지_확인" time="0.0">
    <skipped/>
  </testcase> <!-- TC_0240_Chips_FLO_컨트롤러_일시정지_확인 -->
  <testcase classname="Chips_002_미디어_멜론FLO.미디어_05_FLO_재생컨트롤러" name="TC_0241_Chips_FLO_컨트롤러_일시정지취소_확인" time="0.0">
    <skipped/>
  </testcase> <!-- TC_0241_Chips_FLO_컨트롤러_일시정지취소_확인 -->
  <testcase classname="Chips_002_미디어_멜론FLO.미디어_05_FLO_재생컨트롤러" name="TC_0242_Chips_FLO_컨트롤러_일시정지_확인" time="0.0">
    <skipped/>
  </testcase> <!-- TC_0242_Chips_FLO_컨트롤러_일시정지_확인 -->
  <testcase classname="Chips_002_미디어_멜론FLO.미디어_05_FLO_재생컨트롤러" name="TC_0243_Chips_FLO_컨트롤러_음악재생_확인" time="0.0">
    <skipped/>
  </testcase> <!-- TC_0243_Chips_FLO_컨트롤러_음악재생_확인 -->
  <testcase classname="Chips_002_미디어_멜론FLO.미디어_05_FLO_재생컨트롤러" name="TC_0244_Chips_FLO_컨트롤러_좋아요_확인" time="0.0">
    <skipped/>
  </testcase> <!-- TC_0244_Chips_FLO_컨트롤러_좋아요_확인 -->
  <testcase classname="Chips_002_미디어_멜론FLO.미디어_05_FLO_재생컨트롤러" name="TC_0245_Chips_FLO_컨트롤러_좋아요취소_확인" time="0.0">
    <skipped/>
  </testcase> <!-- TC_0245_Chips_FLO_컨트롤러_좋아요취소_확인 -->
  <testcase classname="Chips_002_미디어_멜론FLO.미디어_05_FLO_재생컨트롤러" name="TC_0246_Chips_FLO_컨트롤러_다음_확인" time="0.0">
    <skipped/>
  </testcase> <!-- TC_0246_Chips_FLO_컨트롤러_다음_확인 -->
  <testcase classname="Chips_002_미디어_멜론FLO.미디어_05_FLO_재생컨트롤러" name="TC_0247_Chips_FLO_컨트롤러_이전_확인" time="0.0">
    <skipped/>
  </testcase> <!-- TC_0247_Chips_FLO_컨트롤러_이전_확인 -->
  <testcase classname="Chips_002_미디어_멜론FLO.미디어_05_FLO_재생컨트롤러" name="TC_0248_Chips_FLO_컨트롤러_셔플_확인" time="0.0">
    <skipped/>
  </testcase> <!-- TC_0248_Chips_FLO_컨트롤러_셔플_확인 -->
  <testcase classname="Chips_002_미디어_멜론FLO.미디어_05_FLO_재생컨트롤러" name="TC_0249_Chips_FLO_컨트롤러_다음_확인" time="0.0">
    <skipped/>
  </testcase> <!-- TC_0249_Chips_FLO_컨트롤러_다음_확인 -->
  <testcase classname="Chips_002_미디어_멜론FLO.미디어_05_FLO_재생컨트롤러" name="TC_0250_Chips_FLO_컨트롤러_이전_확인" time="0.0">
    <skipped/>
  </testcase> <!-- TC_0250_Chips_FLO_컨트롤러_이전_확인 -->
  <testcase classname="Chips_002_미디어_멜론FLO.미디어_05_FLO_재생컨트롤러" name="TC_0251_Chips_FLO로그인_셔플해제_확인" time="0.0">
    <skipped/>
  </testcase> <!-- TC_0251_Chips_FLO로그인_셔플해제_확인 -->
  <testcase classname="Chips_002_미디어_멜론FLO.미디어_05_FLO_재생컨트롤러" name="TC_0252_Chips_FLO_컨트롤러_다음_확인" time="0.0">
    <skipped/>
  </testcase> <!-- TC_0252_Chips_FLO_컨트롤러_다음_확인 -->
  <testcase classname="Chips_002_미디어_멜론FLO.미디어_05_FLO_재생컨트롤러" name="TC_0253_Chips_FLO_컨트롤러_20초뒤로_확인" time="0.0">
    <skipped/>
  </testcase> <!-- TC_0253_Chips_FLO_컨트롤러_20초뒤로_확인 -->
  <testcase classname="Chips_002_미디어_멜론FLO.미디어_05_FLO_재생컨트롤러" name="TC_0254_Chips_FLO_컨트롤러_15초앞으로_확인" time="0.0">
    <skipped/>
  </testcase> <!-- TC_0254_Chips_FLO_컨트롤러_15초앞으로_확인 -->
  <testcase classname="Chips_002_미디어_멜론FLO.미디어_05_FLO_재생컨트롤러" name="TC_0255_Chips_FLO_컨트롤러_종료_확인" time="0.0">
    <skipped/>
  </testcase> <!-- TC_0255_Chips_FLO_컨트롤러_종료_확인 -->
  <testcase classname="Chips_003_미디어_라디오.미디어_08_라디오" name="TC_0000_앱실행과AccessToken얻기" time="0.0">
    <skipped/>
  </testcase> <!-- TC_0000_앱실행과AccessToken얻기 -->
  <testcase classname="Chips_003_미디어_라디오.미디어_08_라디오" name="TC_0341_Chips_라디오_재생_확인" time="0.0">
    <skipped/>
  </testcase> <!-- TC_0341_Chips_라디오_재생_확인 -->
  <testcase classname="Chips_003_미디어_라디오.미디어_08_라디오" name="TC_0342_Chips_라디오_좋아요재생_확인" time="0.0">
    <skipped/>
  </testcase> <!-- TC_0342_Chips_라디오_좋아요재생_확인 -->
  <testcase classname="Chips_003_미디어_라디오.미디어_08_라디오" name="TC_0343_Chips_라디오_즐겨찾기있음_재생_확인" time="0.0">
    <skipped/>
  </testcase> <!-- TC_0343_Chips_라디오_즐겨찾기있음_재생_확인 -->
  <testcase classname="Chips_003_미디어_라디오.미디어_08_라디오" name="TC_0344_Chips_라디오_즐겨찾기있음_재생_확인" time="0.0">
    <skipped/>
  </testcase> <!-- TC_0344_Chips_라디오_즐겨찾기있음_재생_확인 -->
  <testcase classname="Chips_003_미디어_라디오.미디어_08_라디오" name="TC_0345_Chips_라디오_듣고있는라디오_채널_확인" time="0.0">
    <skipped/>
  </testcase> <!-- TC_0345_Chips_라디오_듣고있는라디오_채널_확인 -->
  <testcase classname="Chips_003_미디어_라디오.미디어_08_라디오" name="TC_0346_Chips_라디오_듣고있는라디오_채널_확인" time="0.0">
    <skipped/>
  </testcase> <!-- TC_0346_Chips_라디오_듣고있는라디오_채널_확인 -->
  <testcase classname="Chips_003_미디어_라디오.미디어_08_라디오" name="TC_0347_Chips_라디오_다음라디오_채널_확인" time="0.0">
    <skipped/>
  </testcase> <!-- TC_0347_Chips_라디오_다음라디오_채널_확인 -->
  <testcase classname="Chips_003_미디어_라디오.미디어_08_라디오" name="TC_0348_Chips_라디오_이전라디오_채널_확인" time="0.0">
    <skipped/>
  </testcase> <!-- TC_0348_Chips_라디오_이전라디오_채널_확인 -->
  <testcase classname="Chips_003_미디어_라디오.미디어_08_라디오" name="TC_0349_Chips_라디오_즐겨찾기1개재생중_다음_확인" time="0.0">
    <skipped/>
  </testcase> <!-- TC_0349_Chips_라디오_즐겨찾기1개재생중_다음_확인 -->
  <testcase classname="Chips_003_미디어_라디오.미디어_08_라디오" name="TC_0350_Chips_라디오_즐겨찾기2개재생중_다음_확인" time="0.0">
    <skipped/>
  </testcase> <!-- TC_0350_Chips_라디오_즐겨찾기2개재생중_다음_확인 -->
  <testcase classname="Chips_003_미디어_라디오.미디어_08_라디오" name="TC_0351_Chips_라디오_종료_확인" time="0.0">
    <skipped/>
  </testcase> <!-- TC_0351_Chips_라디오_종료_확인 -->
  <testcase classname="Chips_003_미디어_라디오.미디어_08_라디오" name="TC_0352_Chips_라디오_종료_확인" time="0.0">
    <skipped/>
  </testcase> <!-- TC_0352_Chips_라디오_종료_확인 -->
  <testcase classname="Chips_003_미디어_라디오.미디어_08_라디오" name="TC_0353_Chips_라디오_일시정지상태_채널재생_확인" time="0.0">
    <skipped/>
  </testcase> <!-- TC_0353_Chips_라디오_일시정지상태_채널재생_확인 -->
  <testcase classname="Chips_003_미디어_라디오.미디어_08_라디오" name="TC_0354_Chips_라디오_일시정지상태_채널재생_확인" time="0.0">
    <skipped/>
  </testcase> <!-- TC_0354_Chips_라디오_일시정지상태_채널재생_확인 -->
  <testcase classname="Chips_003_미디어_라디오.미디어_08_라디오" name="TC_0355_Chips_라디오_대기상태_채널목록_확인" time="0.0">
    <skipped/>
  </testcase> <!-- TC_0355_Chips_라디오_대기상태_채널목록_확인 -->
  <testcase classname="Chips_003_미디어_라디오.미디어_08_라디오" name="TC_0356_Chips_라디오_대기상태_채널목록_확인" time="0.0">
    <skipped/>
  </testcase> <!-- TC_0356_Chips_라디오_대기상태_채널목록_확인 -->
  <testcase classname="Chips_003_미디어_라디오.미디어_08_라디오" name="TC_0357_Chips_라디오_실행중_즐겨찾기_확인" time="0.0">
    <skipped/>
  </testcase> <!-- TC_0357_Chips_라디오_실행중_즐겨찾기_확인 -->
  <testcase classname="Chips_003_미디어_라디오.미디어_08_라디오" name="TC_0358_Chips_라디오_즐겨찾기완료_즐겨찾기실행_확인" time="0.0">
    <skipped/>
  </testcase> <!-- TC_0358_Chips_라디오_즐겨찾기완료_즐겨찾기실행_확인 -->
  <testcase classname="Chips_003_미디어_라디오.미디어_08_라디오" name="TC_0359_Chips_라디오_실행중_즐겨찾기해제_확인" time="0.0">
    <skipped/>
  </testcase> <!-- TC_0359_Chips_라디오_실행중_즐겨찾기해제_확인 -->
  <testcase classname="Chips_003_미디어_라디오.미디어_08_라디오" name="TC_0360_Chips_라디오_즐겨찾기해제완료_즐겨찾기해제_확인" time="0.0">
    <skipped/>
  </testcase> <!-- TC_0360_Chips_라디오_즐겨찾기해제완료_즐겨찾기해제_확인 -->
  <testcase classname="Chips_003_미디어_라디오.미디어_09_라디오_채널확인" name="TC_0000_앱실행과AccessToken얻기" time="0.0">
    <skipped/>
  </testcase> <!-- TC_0000_앱실행과AccessToken얻기 -->
  <testcase classname="Chips_003_미디어_라디오.미디어_09_라디오_채널확인" name="TC_0361_Chips_라디오_지원채널_SBS러브FM_확인" time="0.0">
    <skipped/>
  </testcase> <!-- TC_0361_Chips_라디오_지원채널_SBS러브FM_확인 -->
  <testcase classname="Chips_003_미디어_라디오.미디어_09_라디오_채널확인" name="TC_0362_Chips_라디오_지원채널_SBS파워FM_확인" time="0.0">
    <skipped/>
  </testcase> <!-- TC_0362_Chips_라디오_지원채널_SBS파워FM_확인 -->
  <testcase classname="Chips_003_미디어_라디오.미디어_09_라디오_채널확인" name="TC_0363_Chips_라디오_지원채널_교통방송FM_확인" time="0.0">
    <skipped/>
  </testcase> <!-- TC_0363_Chips_라디오_지원채널_교통방송FM_확인 -->
  <testcase classname="Chips_003_미디어_라디오.미디어_09_라디오_채널확인" name="TC_0364_Chips_라디오_지원채널_TBSeFM_확인" time="0.0">
    <skipped/>
  </testcase> <!-- TC_0364_Chips_라디오_지원채널_TBSeFM_확인 -->
  <testcase classname="Chips_003_미디어_라디오.미디어_09_라디오_채널확인" name="TC_0366_Chips_라디오_지원채널_TBN강원교통방송_확인" time="0.0">
    <skipped/>
  </testcase> <!-- TC_0366_Chips_라디오_지원채널_TBN강원교통방송_확인 -->
  <testcase classname="Chips_003_미디어_라디오.미디어_09_라디오_채널확인" name="TC_0367_Chips_라디오_지원채널_TBN경남교통방송_확인" time="0.0">
    <skipped/>
  </testcase> <!-- TC_0367_Chips_라디오_지원채널_TBN경남교통방송_확인 -->
  <testcase classname="Chips_003_미디어_라디오.미디어_09_라디오_채널확인" name="TC_0368_Chips_라디오_지원채널_TBN경북교통방송_확인" time="0.0">
    <skipped/>
  </testcase> <!-- TC_0368_Chips_라디오_지원채널_TBN경북교통방송_확인 -->
  <testcase classname="Chips_003_미디어_라디오.미디어_09_라디오_채널확인" name="TC_0369_Chips_라디오_지원채널_TBN경인교통방송_확인" time="0.0">
    <skipped/>
  </testcase> <!-- TC_0369_Chips_라디오_지원채널_TBN경인교통방송_확인 -->
  <testcase classname="Chips_003_미디어_라디오.미디어_09_라디오_채널확인" name="TC_0370_Chips_라디오_지원채널_TBN광주교통방송_확인" time="0.0">
    <skipped/>
  </testcase> <!-- TC_0370_Chips_라디오_지원채널_TBN광주교통방송_확인 -->
  <testcase classname="Chips_003_미디어_라디오.미디어_09_라디오_채널확인" name="TC_0371_Chips_라디오_지원채널_TBN대구교통방송_확인" time="0.0">
    <skipped/>
  </testcase> <!-- TC_0371_Chips_라디오_지원채널_TBN대구교통방송_확인 -->
  <testcase classname="Chips_003_미디어_라디오.미디어_09_라디오_채널확인" name="TC_0372_Chips_라디오_지원채널_TBN대전교통방송_확인" time="0.0">
    <skipped/>
  </testcase> <!-- TC_0372_Chips_라디오_지원채널_TBN대전교통방송_확인 -->
  <testcase classname="Chips_003_미디어_라디오.미디어_09_라디오_채널확인" name="TC_0373_Chips_라디오_지원채널_TBN부산교통방송_확인" time="0.0">
    <skipped/>
  </testcase> <!-- TC_0373_Chips_라디오_지원채널_TBN부산교통방송_확인 -->
  <testcase classname="Chips_003_미디어_라디오.미디어_09_라디오_채널확인" name="TC_0374_Chips_라디오_지원채널_TBN울산교통방송_확인" time="0.0">
    <skipped/>
  </testcase> <!-- TC_0374_Chips_라디오_지원채널_TBN울산교통방송_확인 -->
  <testcase classname="Chips_003_미디어_라디오.미디어_09_라디오_채널확인" name="TC_0375_Chips_라디오_지원채널_TBN전북교통방송_확인" time="0.0">
    <skipped/>
  </testcase> <!-- TC_0375_Chips_라디오_지원채널_TBN전북교통방송_확인 -->
  <testcase classname="Chips_003_미디어_라디오.미디어_09_라디오_채널확인" name="TC_0376_Chips_라디오_지원채널_TBN제주교통방송_확인" time="0.0">
    <skipped/>
  </testcase> <!-- TC_0376_Chips_라디오_지원채널_TBN제주교통방송_확인 -->
  <testcase classname="Chips_003_미디어_라디오.미디어_09_라디오_채널확인" name="TC_0378_Chips_라디오_지원채널_아리랑FM_확인" time="0.0">
    <skipped/>
  </testcase> <!-- TC_0378_Chips_라디오_지원채널_아리랑FM_확인 -->
  <testcase classname="Chips_003_미디어_라디오.미디어_09_라디오_채널확인" name="TC_0379_Chips_라디오_지원채널_극동방송_확인" time="0.0">
    <skipped/>
  </testcase> <!-- TC_0379_Chips_라디오_지원채널_극동방송_확인 -->
  <testcase classname="Chips_003_미디어_라디오.미디어_09_라디오_채널확인" name="TC_0380_Chips_라디오_지원채널_불교방송_확인" time="0.0">
    <skipped/>
  </testcase> <!-- TC_0380_Chips_라디오_지원채널_불교방송_확인 -->
  <testcase classname="Chips_003_미디어_라디오.미디어_09_라디오_채널확인" name="TC_0381_Chips_라디오_지원채널_BBSFM_확인" time="0.0">
    <skipped/>
  </testcase> <!-- TC_0381_Chips_라디오_지원채널_BBSFM_확인 -->
  <testcase classname="Chips_003_미디어_라디오.미디어_09_라디오_채널확인" name="TC_0382_Chips_라디오_지원채널_CBS음악FM_확인" time="0.0">
    <skipped/>
  </testcase> <!-- TC_0382_Chips_라디오_지원채널_CBS음악FM_확인 -->
  <testcase classname="Chips_003_미디어_라디오.미디어_09_라디오_채널확인" name="TC_0383_Chips_라디오_지원채널_CBS표준FM_확인" time="0.0">
    <skipped/>
  </testcase> <!-- TC_0383_Chips_라디오_지원채널_CBS표준FM_확인 -->
  <testcase classname="Chips_003_미디어_라디오.미디어_09_라디오_채널확인" name="TC_0384_Chips_라디오_지원채널_CBS표준FM_확인" time="0.0">
    <skipped/>
  </testcase> <!-- TC_0384_Chips_라디오_지원채널_CBS표준FM_확인 -->
  <testcase classname="Chips_003_미디어_라디오.미디어_09_라디오_채널확인" name="TC_0386_Chips_라디오_지원채널_KBS1라디오_확인" time="0.0">
    <skipped/>
  </testcase> <!-- TC_0386_Chips_라디오_지원채널_KBS1라디오_확인 -->
  <testcase classname="Chips_003_미디어_라디오.미디어_09_라디오_채널확인" name="TC_0387_Chips_라디오_지원채널_KBS2라디오_확인" time="0.0">
    <skipped/>
  </testcase> <!-- TC_0387_Chips_라디오_지원채널_KBS2라디오_확인 -->
  <testcase classname="Chips_003_미디어_라디오.미디어_09_라디오_채널확인" name="TC_0388_Chips_라디오_지원채널_KBS3라디오_확인" time="0.0">
    <skipped/>
  </testcase> <!-- TC_0388_Chips_라디오_지원채널_KBS3라디오_확인 -->
  <testcase classname="Chips_003_미디어_라디오.미디어_09_라디오_채널확인" name="TC_0389_Chips_라디오_지원채널_KBS클래식FM_확인" time="0.0">
    <skipped/>
  </testcase> <!-- TC_0389_Chips_라디오_지원채널_KBS클래식FM_확인 -->
  <testcase classname="Chips_003_미디어_라디오.미디어_09_라디오_채널확인" name="TC_0390_Chips_라디오_지원채널_KBScoolFM_확인" time="0.0">
    <skipped/>
  </testcase> <!-- TC_0390_Chips_라디오_지원채널_KBScoolFM_확인 -->
  <testcase classname="Chips_003_미디어_라디오.미디어_09_라디오_채널확인" name="TC_0391_Chips_라디오_지원채널_KBSHappyFM_확인" time="0.0">
    <skipped/>
  </testcase> <!-- TC_0391_Chips_라디오_지원채널_KBSHappyFM_확인 -->
  <testcase classname="Chips_003_미디어_라디오.미디어_09_라디오_채널확인" name="TC_0392_Chips_라디오_지원채널_KBSworld_확인" time="0.0">
    <skipped/>
  </testcase> <!-- TC_0392_Chips_라디오_지원채널_KBSworld_확인 -->
  <testcase classname="Chips_003_미디어_라디오.미디어_09_라디오_채널확인" name="TC_0393_Chips_라디오_지원채널_KBS한민족방송_확인" time="0.0">
    <skipped/>
  </testcase> <!-- TC_0393_Chips_라디오_지원채널_KBS한민족방송_확인 -->
  <testcase classname="Chips_003_미디어_라디오.미디어_09_라디오_채널확인" name="TC_0396_Chips_라디오_미지원채널_동양방송_확인" time="0.0">
    <skipped/>
  </testcase> <!-- TC_0396_Chips_라디오_미지원채널_동양방송_확인 -->
  <testcase classname="Chips_003_미디어_라디오.미디어_09_라디오_채널확인" name="TC_0398_Chips_라디오_미지원채널_가톨릭평화방송_확인" time="0.0">
    <skipped/>
  </testcase> <!-- TC_0398_Chips_라디오_미지원채널_가톨릭평화방송_확인 -->
  <testcase classname="Chips_003_미디어_라디오.미디어_09_라디오_채널확인" name="TC_0399_Chips_라디오_미지원채널_YTN뉴스FM_확인" time="0.0">
    <skipped/>
  </testcase> <!-- TC_0399_Chips_라디오_미지원채널_YTN뉴스FM_확인 -->
  <testcase classname="Chips_003_미디어_라디오.미디어_10_라디오_재생컨트롤러" name="TC_0000_앱실행과AccessToken얻기" time="0.0">
    <skipped/>
  </testcase> <!-- TC_0000_앱실행과AccessToken얻기 -->
  <testcase classname="Chips_003_미디어_라디오.미디어_10_라디오_재생컨트롤러" name="TC_0401_Chips_라디오_재생_확인" time="0.0">
    <skipped/>
  </testcase> <!-- TC_0401_Chips_라디오_재생_확인 -->
  <testcase classname="Chips_003_미디어_라디오.미디어_10_라디오_재생컨트롤러" name="TC_0402_Chips_라디오_일시정지_확인" time="0.0">
    <skipped/>
  </testcase> <!-- TC_0402_Chips_라디오_일시정지_확인 -->
  <testcase classname="Chips_003_미디어_라디오.미디어_10_라디오_재생컨트롤러" name="TC_0403_Chips_라디오_일시정지취소_확인" time="0.0">
    <skipped/>
  </testcase> <!-- TC_0403_Chips_라디오_일시정지취소_확인 -->
  <testcase classname="Chips_003_미디어_라디오.미디어_10_라디오_재생컨트롤러" name="TC_0404_Chips_라디오_일시정지_확인" time="0.0">
    <skipped/>
  </testcase> <!-- TC_0404_Chips_라디오_일시정지_확인 -->
  <testcase classname="Chips_003_미디어_라디오.미디어_10_라디오_재생컨트롤러" name="TC_0405_Chips_라디오_재생_확인" time="0.0">
    <skipped/>
  </testcase> <!-- TC_0405_Chips_라디오_재생_확인 -->
  <testcase classname="Chips_003_미디어_라디오.미디어_10_라디오_재생컨트롤러" name="TC_0406_Chips_라디오_다음라디오채널_확인" time="0.0">
    <skipped/>
  </testcase> <!-- TC_0406_Chips_라디오_다음라디오채널_확인 -->
  <testcase classname="Chips_003_미디어_라디오.미디어_10_라디오_재생컨트롤러" name="TC_0407_Chips_라디오_이전라디오채널_확인" time="0.0">
    <skipped/>
  </testcase> <!-- TC_0407_Chips_라디오_이전라디오채널_확인 -->
  <testcase classname="Chips_003_미디어_라디오.미디어_10_라디오_재생컨트롤러" name="TC_0408_Chips_라디오_다음_확인" time="0.0">
    <skipped/>
  </testcase> <!-- TC_0408_Chips_라디오_다음_확인 -->
  <testcase classname="Chips_003_미디어_라디오.미디어_10_라디오_재생컨트롤러" name="TC_0409_Chips_라디오_이전_확인" time="0.0">
    <skipped/>
  </testcase> <!-- TC_0409_Chips_라디오_이전_확인 -->
  <testcase classname="Chips_003_미디어_라디오.미디어_10_라디오_재생컨트롤러" name="TC_0410_Chips_라디오_다음채널_확인" time="0.0">
    <skipped/>
  </testcase> <!-- TC_0410_Chips_라디오_다음채널_확인 -->
  <testcase classname="Chips_003_미디어_라디오.미디어_10_라디오_재생컨트롤러" name="TC_0411_Chips_라디오_이전라디오방송_확인" time="0.0">
    <skipped/>
  </testcase> <!-- TC_0411_Chips_라디오_이전라디오방송_확인 -->
  <testcase classname="Chips_003_미디어_라디오.미디어_10_라디오_재생컨트롤러" name="TC_0412_Chips_라디오_다음라디오_확인" time="0.0">
    <skipped/>
  </testcase> <!-- TC_0412_Chips_라디오_다음라디오_확인 -->
  <testcase classname="Chips_003_미디어_라디오.미디어_10_라디오_재생컨트롤러" name="TC_0413_Chips_라디오_종료예약_확인" time="0.0">
    <skipped/>
  </testcase> <!-- TC_0413_Chips_라디오_종료예약_확인 -->
  <testcase classname="Chips_003_미디어_라디오.미디어_10_라디오_재생컨트롤러" name="TC_0414_Chips_라디오_종료_확인" time="0.0">
    <skipped/>
  </testcase> <!-- TC_0414_Chips_라디오_종료_확인 -->
</testsuite> <!-- Test_Project -->
