<?xml version="1.0" encoding="UTF-8"?>
<!-- Generated by org.testng.reporters.JUnitXMLReporter -->
<testsuite ignored="0" hostname="DESKTOP-Kei" failures="0" tests="7" name="Test_Project" time="240.655" errors="0" timestamp="2021-11-17T18:16:29 KST">
  <testcase classname="Chips_005_검색.검색_01_어학사전" name="TC_0000_앱실행과AccessToken얻기" time="62.637"/>
  <testcase classname="Chips_005_검색.검색_01_어학사전" name="TC_0897_Chips_어학사전_도움말_확인" time="34.426"/>
  <testcase classname="Chips_005_검색.검색_01_어학사전" name="TC_0898_Chips_어학사전_도움말_확인" time="34.361"/>
  <testcase classname="Chips_005_검색.검색_01_어학사전" name="TC_0899_Chips_어학사전_단어번역_확인" time="27.994"/>
  <testcase classname="Chips_005_검색.검색_01_어학사전" name="TC_0900_Chips_어학사전_문장번역_확인" time="24.362"/>
  <testcase classname="Chips_005_검색.검색_01_어학사전" name="TC_0903_Chips_어학사전_문장번역_확인" time="18.181"/>
  <testcase classname="Chips_005_검색.검색_01_어학사전" name="TC_0904_Chips_어학사전_문장번역_확인" time="18.126"/>
</testsuite> <!-- Test_Project -->
