<?xml version="1.0" encoding="UTF-8"?>
<!-- Generated by org.testng.reporters.JUnitXMLReporter -->
<testsuite ignored="0" hostname="DESKTOP-Kei" failures="3" tests="11" name="Test_Project" time="351.829" errors="0" timestamp="2021-07-12T21:32:50 KST">
  <testcase classname="Chips_002_음원.음원_03_FLO_로그인" name="TC_0000_앱실행과AccessToken얻기" time="57.761"/>
  <testcase classname="Chips_002_음원.음원_03_FLO_로그인" name="TC_0220_Chips_FLO로그인_아티스트노래_확인" time="26.184"/>
  <testcase classname="Chips_002_음원.음원_03_FLO_로그인" name="TC_0221_Chips_FLO로그인_아티스트노래_확인" time="26.763"/>
  <testcase classname="Chips_002_음원.음원_03_FLO_로그인" name="TC_0222_Chips_FLO로그인_최신음악_확인" time="25.723"/>
  <testcase classname="Chips_002_음원.음원_03_FLO_로그인" name="TC_0223_Chips_FLO로그인_실시간차트_확인" time="25.808"/>
  <testcase classname="Chips_002_음원.음원_03_FLO_로그인" name="TC_0224_Chips_FLO로그인_가수곡_확인" time="26.028"/>
  <testcase classname="Chips_002_음원.음원_03_FLO_로그인" name="TC_0225_Chips_FLO로그인_좋아요노래_확인" time="30.371">
    <failure type="junit.framework.AssertionFailedError">
      <![CDATA[junit.framework.AssertionFailedError
at junit.framework.Assert.fail(Assert.java:47)
at junit.framework.Assert.assertTrue(Assert.java:20)
at junit.framework.Assert.assertTrue(Assert.java:27)
at Chips_002_음원.음원_03_FLO_로그인.TC_0225_Chips_FLO로그인_좋아요노래_확인(음원_03_FLO_로그인.java:436)
at java.base/java.util.ArrayList.forEach(ArrayList.java:1511)
at java.base/java.util.concurrent.FutureTask.run(FutureTask.java:264)
at java.base/java.util.concurrent.ThreadPoolExecutor.runWorker(ThreadPoolExecutor.java:1130)
at java.base/java.util.concurrent.ThreadPoolExecutor$Worker.run(ThreadPoolExecutor.java:630)
at java.base/java.lang.Thread.run(Thread.java:832)
... Removed 18 stack frames]]>
    </failure>
  </testcase> <!-- TC_0225_Chips_FLO로그인_좋아요노래_확인 -->
  <testcase classname="Chips_002_음원.음원_03_FLO_로그인" name="TC_0226_Chips_FLO로그인_플레이리스트_확인" time="25.87"/>
  <testcase classname="Chips_002_음원.음원_03_FLO_로그인" name="TC_0227_Chips_FLO로그인_최근들은음악_확인" time="31.995"/>
  <testcase classname="Chips_002_음원.음원_03_FLO_로그인" name="TC_0228_Chips_FLO로그인_셔플해줘_확인" time="33.379">
    <failure type="junit.framework.AssertionFailedError">
      <![CDATA[junit.framework.AssertionFailedError
at junit.framework.Assert.fail(Assert.java:47)
at junit.framework.Assert.assertTrue(Assert.java:20)
at junit.framework.Assert.assertTrue(Assert.java:27)
at Chips_002_음원.음원_03_FLO_로그인.TC_0228_Chips_FLO로그인_셔플해줘_확인(음원_03_FLO_로그인.java:579)
at java.base/java.util.ArrayList.forEach(ArrayList.java:1511)
at java.base/java.util.concurrent.FutureTask.run(FutureTask.java:264)
at java.base/java.util.concurrent.ThreadPoolExecutor.runWorker(ThreadPoolExecutor.java:1130)
at java.base/java.util.concurrent.ThreadPoolExecutor$Worker.run(ThreadPoolExecutor.java:630)
at java.base/java.lang.Thread.run(Thread.java:832)
... Removed 18 stack frames]]>
    </failure>
  </testcase> <!-- TC_0228_Chips_FLO로그인_셔플해줘_확인 -->
  <testcase classname="Chips_002_음원.음원_03_FLO_로그인" name="TC_0229_Chips_FLO로그인_셔플해제_확인" time="16.173">
    <failure type="junit.framework.AssertionFailedError">
      <![CDATA[junit.framework.AssertionFailedError
at junit.framework.Assert.fail(Assert.java:47)
at junit.framework.Assert.assertTrue(Assert.java:20)
at junit.framework.Assert.assertTrue(Assert.java:27)
at Chips_002_음원.음원_03_FLO_로그인.TC_0229_Chips_FLO로그인_셔플해제_확인(음원_03_FLO_로그인.java:598)
at java.base/java.util.ArrayList.forEach(ArrayList.java:1511)
at java.base/java.util.concurrent.FutureTask.run(FutureTask.java:264)
at java.base/java.util.concurrent.ThreadPoolExecutor.runWorker(ThreadPoolExecutor.java:1130)
at java.base/java.util.concurrent.ThreadPoolExecutor$Worker.run(ThreadPoolExecutor.java:630)
at java.base/java.lang.Thread.run(Thread.java:832)
... Removed 18 stack frames]]>
    </failure>
  </testcase> <!-- TC_0229_Chips_FLO로그인_셔플해제_확인 -->
</testsuite> <!-- Test_Project -->
