<?xml version="1.0" encoding="UTF-8"?>
<!-- Generated by org.testng.reporters.JUnitXMLReporter -->
<testsuite ignored="0" hostname="DESKTOP-Kei" failures="7" tests="34" name="Test_Project" time="1194.149" errors="0" timestamp="2021-11-25T00:22:15 KST">
  <testcase classname="Chips_002_미디어.미디어_09_라디오_채널확인" name="TC_0000_앱실행과AccessToken얻기" time="59.38"/>
  <testcase classname="Chips_002_미디어.미디어_09_라디오_채널확인" name="TC_0361_Chips_라디오_지원채널_SBS러브FM_확인" time="34.45"/>
  <testcase classname="Chips_002_미디어.미디어_09_라디오_채널확인" name="TC_0362_Chips_라디오_지원채널_SBS파워FM_확인" time="42.646">
    <failure type="junit.framework.AssertionFailedError">
      <![CDATA[junit.framework.AssertionFailedError
at junit.framework.Assert.fail(Assert.java:47)
at junit.framework.Assert.assertTrue(Assert.java:20)
at junit.framework.Assert.assertTrue(Assert.java:27)
at Chips_002_미디어.미디어_09_라디오_채널확인.TC_0362_Chips_라디오_지원채널_SBS파워FM_확인(미디어_09_라디오_채널확인.java:140)
at java.base/java.util.ArrayList.forEach(ArrayList.java:1511)
at java.base/java.util.concurrent.FutureTask.run(FutureTask.java:264)
at java.base/java.util.concurrent.ThreadPoolExecutor.runWorker(ThreadPoolExecutor.java:1130)
at java.base/java.util.concurrent.ThreadPoolExecutor$Worker.run(ThreadPoolExecutor.java:630)
at java.base/java.lang.Thread.run(Thread.java:832)
... Removed 18 stack frames]]>
    </failure>
  </testcase> <!-- TC_0362_Chips_라디오_지원채널_SBS파워FM_확인 -->
  <testcase classname="Chips_002_미디어.미디어_09_라디오_채널확인" name="TC_0363_Chips_라디오_지원채널_교통방송FM_확인" time="42.946">
    <failure type="junit.framework.AssertionFailedError">
      <![CDATA[junit.framework.AssertionFailedError
at junit.framework.Assert.fail(Assert.java:47)
at junit.framework.Assert.assertTrue(Assert.java:20)
at junit.framework.Assert.assertTrue(Assert.java:27)
at Chips_002_미디어.미디어_09_라디오_채널확인.TC_0363_Chips_라디오_지원채널_교통방송FM_확인(미디어_09_라디오_채널확인.java:160)
at java.base/java.util.ArrayList.forEach(ArrayList.java:1511)
at java.base/java.util.concurrent.FutureTask.run(FutureTask.java:264)
at java.base/java.util.concurrent.ThreadPoolExecutor.runWorker(ThreadPoolExecutor.java:1130)
at java.base/java.util.concurrent.ThreadPoolExecutor$Worker.run(ThreadPoolExecutor.java:630)
at java.base/java.lang.Thread.run(Thread.java:832)
... Removed 18 stack frames]]>
    </failure>
  </testcase> <!-- TC_0363_Chips_라디오_지원채널_교통방송FM_확인 -->
  <testcase classname="Chips_002_미디어.미디어_09_라디오_채널확인" name="TC_0364_Chips_라디오_지원채널_TBSeFM_확인" time="30.692"/>
  <testcase classname="Chips_002_미디어.미디어_09_라디오_채널확인" name="TC_0366_Chips_라디오_지원채널_TBN강원교통방송_확인" time="30.664"/>
  <testcase classname="Chips_002_미디어.미디어_09_라디오_채널확인" name="TC_0367_Chips_라디오_지원채널_TBN경남교통방송_확인" time="30.607"/>
  <testcase classname="Chips_002_미디어.미디어_09_라디오_채널확인" name="TC_0368_Chips_라디오_지원채널_TBN경북교통방송_확인" time="30.615"/>
  <testcase classname="Chips_002_미디어.미디어_09_라디오_채널확인" name="TC_0369_Chips_라디오_지원채널_TBN경인교통방송_확인" time="30.712"/>
  <testcase classname="Chips_002_미디어.미디어_09_라디오_채널확인" name="TC_0370_Chips_라디오_지원채널_TBN광주교통방송_확인" time="30.613"/>
  <testcase classname="Chips_002_미디어.미디어_09_라디오_채널확인" name="TC_0371_Chips_라디오_지원채널_TBN대구교통방송_확인" time="30.524"/>
  <testcase classname="Chips_002_미디어.미디어_09_라디오_채널확인" name="TC_0372_Chips_라디오_지원채널_TBN대전교통방송_확인" time="30.64"/>
  <testcase classname="Chips_002_미디어.미디어_09_라디오_채널확인" name="TC_0373_Chips_라디오_지원채널_TBN부산교통방송_확인" time="30.646"/>
  <testcase classname="Chips_002_미디어.미디어_09_라디오_채널확인" name="TC_0374_Chips_라디오_지원채널_TBN울산교통방송_확인" time="30.536"/>
  <testcase classname="Chips_002_미디어.미디어_09_라디오_채널확인" name="TC_0375_Chips_라디오_지원채널_TBN전북교통방송_확인" time="30.732"/>
  <testcase classname="Chips_002_미디어.미디어_09_라디오_채널확인" name="TC_0376_Chips_라디오_지원채널_TBN제주교통방송_확인" time="30.616"/>
  <testcase classname="Chips_002_미디어.미디어_09_라디오_채널확인" name="TC_0378_Chips_라디오_지원채널_아리랑FM_확인" time="60.015">
    <failure type="junit.framework.AssertionFailedError">
      <![CDATA[junit.framework.AssertionFailedError
at junit.framework.Assert.fail(Assert.java:47)
at junit.framework.Assert.assertTrue(Assert.java:20)
at junit.framework.Assert.assertTrue(Assert.java:27)
at Chips_002_미디어.미디어_09_라디오_채널확인.TC_0378_Chips_라디오_지원채널_아리랑FM_확인(미디어_09_라디오_채널확인.java:420)
at java.base/java.util.ArrayList.forEach(ArrayList.java:1511)
at java.base/java.util.concurrent.FutureTask.run(FutureTask.java:264)
at java.base/java.util.concurrent.ThreadPoolExecutor.runWorker(ThreadPoolExecutor.java:1130)
at java.base/java.util.concurrent.ThreadPoolExecutor$Worker.run(ThreadPoolExecutor.java:630)
at java.base/java.lang.Thread.run(Thread.java:832)
... Removed 18 stack frames]]>
    </failure>
  </testcase> <!-- TC_0378_Chips_라디오_지원채널_아리랑FM_확인 -->
  <testcase classname="Chips_002_미디어.미디어_09_라디오_채널확인" name="TC_0379_Chips_라디오_지원채널_극동방송_확인" time="42.858">
    <failure type="junit.framework.AssertionFailedError">
      <![CDATA[junit.framework.AssertionFailedError
at junit.framework.Assert.fail(Assert.java:47)
at junit.framework.Assert.assertTrue(Assert.java:20)
at junit.framework.Assert.assertTrue(Assert.java:27)
at Chips_002_미디어.미디어_09_라디오_채널확인.TC_0379_Chips_라디오_지원채널_극동방송_확인(미디어_09_라디오_채널확인.java:440)
at java.base/java.util.ArrayList.forEach(ArrayList.java:1511)
at java.base/java.util.concurrent.FutureTask.run(FutureTask.java:264)
at java.base/java.util.concurrent.ThreadPoolExecutor.runWorker(ThreadPoolExecutor.java:1130)
at java.base/java.util.concurrent.ThreadPoolExecutor$Worker.run(ThreadPoolExecutor.java:630)
at java.base/java.lang.Thread.run(Thread.java:832)
... Removed 18 stack frames]]>
    </failure>
  </testcase> <!-- TC_0379_Chips_라디오_지원채널_극동방송_확인 -->
  <testcase classname="Chips_002_미디어.미디어_09_라디오_채널확인" name="TC_0380_Chips_라디오_지원채널_불교방송_확인" time="30.686"/>
  <testcase classname="Chips_002_미디어.미디어_09_라디오_채널확인" name="TC_0381_Chips_라디오_지원채널_BBSFM_확인" time="30.691"/>
  <testcase classname="Chips_002_미디어.미디어_09_라디오_채널확인" name="TC_0382_Chips_라디오_지원채널_CBS음악FM_확인" time="30.554"/>
  <testcase classname="Chips_002_미디어.미디어_09_라디오_채널확인" name="TC_0383_Chips_라디오_지원채널_CBS표준FM_확인" time="42.784">
    <failure type="junit.framework.AssertionFailedError">
      <![CDATA[junit.framework.AssertionFailedError
at junit.framework.Assert.fail(Assert.java:47)
at junit.framework.Assert.assertTrue(Assert.java:20)
at junit.framework.Assert.assertTrue(Assert.java:27)
at Chips_002_미디어.미디어_09_라디오_채널확인.TC_0383_Chips_라디오_지원채널_CBS표준FM_확인(미디어_09_라디오_채널확인.java:520)
at java.base/java.util.ArrayList.forEach(ArrayList.java:1511)
at java.base/java.util.concurrent.FutureTask.run(FutureTask.java:264)
at java.base/java.util.concurrent.ThreadPoolExecutor.runWorker(ThreadPoolExecutor.java:1130)
at java.base/java.util.concurrent.ThreadPoolExecutor$Worker.run(ThreadPoolExecutor.java:630)
at java.base/java.lang.Thread.run(Thread.java:832)
... Removed 18 stack frames]]>
    </failure>
  </testcase> <!-- TC_0383_Chips_라디오_지원채널_CBS표준FM_확인 -->
  <testcase classname="Chips_002_미디어.미디어_09_라디오_채널확인" name="TC_0384_Chips_라디오_지원채널_CBS표준FM_확인" time="42.773">
    <failure type="junit.framework.AssertionFailedError">
      <![CDATA[junit.framework.AssertionFailedError
at junit.framework.Assert.fail(Assert.java:47)
at junit.framework.Assert.assertTrue(Assert.java:20)
at junit.framework.Assert.assertTrue(Assert.java:27)
at Chips_002_미디어.미디어_09_라디오_채널확인.TC_0384_Chips_라디오_지원채널_CBS표준FM_확인(미디어_09_라디오_채널확인.java:540)
at java.base/java.util.ArrayList.forEach(ArrayList.java:1511)
at java.base/java.util.concurrent.FutureTask.run(FutureTask.java:264)
at java.base/java.util.concurrent.ThreadPoolExecutor.runWorker(ThreadPoolExecutor.java:1130)
at java.base/java.util.concurrent.ThreadPoolExecutor$Worker.run(ThreadPoolExecutor.java:630)
at java.base/java.lang.Thread.run(Thread.java:832)
... Removed 18 stack frames]]>
    </failure>
  </testcase> <!-- TC_0384_Chips_라디오_지원채널_CBS표준FM_확인 -->
  <testcase classname="Chips_002_미디어.미디어_09_라디오_채널확인" name="TC_0386_Chips_라디오_지원채널_KBS1라디오_확인" time="30.617"/>
  <testcase classname="Chips_002_미디어.미디어_09_라디오_채널확인" name="TC_0387_Chips_라디오_지원채널_KBS2라디오_확인" time="30.64"/>
  <testcase classname="Chips_002_미디어.미디어_09_라디오_채널확인" name="TC_0388_Chips_라디오_지원채널_KBS3라디오_확인" time="30.637"/>
  <testcase classname="Chips_002_미디어.미디어_09_라디오_채널확인" name="TC_0389_Chips_라디오_지원채널_KBS클래식FM_확인" time="30.596"/>
  <testcase classname="Chips_002_미디어.미디어_09_라디오_채널확인" name="TC_0390_Chips_라디오_지원채널_KBScoolFM_확인" time="30.612"/>
  <testcase classname="Chips_002_미디어.미디어_09_라디오_채널확인" name="TC_0391_Chips_라디오_지원채널_KBSHappyFM_확인" time="30.589"/>
  <testcase classname="Chips_002_미디어.미디어_09_라디오_채널확인" name="TC_0392_Chips_라디오_지원채널_KBSworld_확인" time="30.771"/>
  <testcase classname="Chips_002_미디어.미디어_09_라디오_채널확인" name="TC_0393_Chips_라디오_지원채널_KBS한민족방송_확인" time="42.767">
    <failure type="junit.framework.AssertionFailedError">
      <![CDATA[junit.framework.AssertionFailedError
at junit.framework.Assert.fail(Assert.java:47)
at junit.framework.Assert.assertTrue(Assert.java:20)
at junit.framework.Assert.assertTrue(Assert.java:27)
at Chips_002_미디어.미디어_09_라디오_채널확인.TC_0393_Chips_라디오_지원채널_KBS한민족방송_확인(미디어_09_라디오_채널확인.java:701)
at java.base/java.util.ArrayList.forEach(ArrayList.java:1511)
at java.base/java.util.concurrent.FutureTask.run(FutureTask.java:264)
at java.base/java.util.concurrent.ThreadPoolExecutor.runWorker(ThreadPoolExecutor.java:1130)
at java.base/java.util.concurrent.ThreadPoolExecutor$Worker.run(ThreadPoolExecutor.java:630)
at java.base/java.lang.Thread.run(Thread.java:832)
... Removed 18 stack frames]]>
    </failure>
  </testcase> <!-- TC_0393_Chips_라디오_지원채널_KBS한민족방송_확인 -->
  <testcase classname="Chips_002_미디어.미디어_09_라디오_채널확인" name="TC_0396_Chips_라디오_미지원채널_동양방송_확인" time="14.117"/>
  <testcase classname="Chips_002_미디어.미디어_09_라디오_채널확인" name="TC_0398_Chips_라디오_미지원채널_가톨릭평화방송_확인" time="14.129"/>
  <testcase classname="Chips_002_미디어.미디어_09_라디오_채널확인" name="TC_0399_Chips_라디오_미지원채널_YTN뉴스FM_확인" time="14.13"/>
</testsuite> <!-- Test_Project -->
