<?xml version="1.0" encoding="UTF-8"?>
<!-- Generated by org.testng.reporters.JUnitXMLReporter -->
<testsuite ignored="0" hostname="DESKTOP-Kei" failures="2" tests="46" name="Test_Project" time="603.066" errors="0" timestamp="2021-07-27T11:46:44 KST">
  <testcase classname="Chips_006_금융.금융_01_삼성증권" name="TC_0000_앱실행과AccessToken얻기" time="61.296"/>
  <testcase classname="Chips_006_금융.금융_01_삼성증권" name="TC_0953_Chips_삼성증권_도움말_확인" time="17.191"/>
  <testcase classname="Chips_006_금융.금융_01_삼성증권" name="TC_0954_Chips_삼성증권_도움말_확인" time="17.196"/>
  <testcase classname="Chips_006_금융.금융_01_삼성증권" name="TC_0955_Chips_삼성증권_도움말_확인" time="17.178"/>
  <testcase classname="Chips_006_금융.금융_01_삼성증권" name="TC_0956_Chips_삼성증권_도움말_확인" time="17.174"/>
  <testcase classname="Chips_006_금융.금융_01_삼성증권" name="TC_0957_Chips_삼성증권_TmapPOI발화_확인" time="17.228"/>
  <testcase classname="Chips_006_금융.금융_01_삼성증권" name="TC_0958_Chips_삼성증권_TmapPOI발화_확인" time="17.156"/>
  <testcase classname="Chips_006_금융.금융_01_삼성증권" name="TC_0959_1_Chips_삼성증권_종합주가지수_장전_확인" time="0.001">
    <skipped/>
  </testcase> <!-- TC_0959_1_Chips_삼성증권_종합주가지수_장전_확인 -->
  <testcase classname="Chips_006_금융.금융_01_삼성증권" name="TC_0959_2_Chips_삼성증권_종합주가지수_장중_확인" time="17.251"/>
  <testcase classname="Chips_006_금융.금융_01_삼성증권" name="TC_0959_3_Chips_삼성증권_종합주가지수_장종_확인" time="0.005">
    <skipped/>
  </testcase> <!-- TC_0959_3_Chips_삼성증권_종합주가지수_장종_확인 -->
  <testcase classname="Chips_006_금융.금융_01_삼성증권" name="TC_0960_1_Chips_삼성증권_종합주가지수_장전_확인" time="0.002">
    <skipped/>
  </testcase> <!-- TC_0960_1_Chips_삼성증권_종합주가지수_장전_확인 -->
  <testcase classname="Chips_006_금융.금융_01_삼성증권" name="TC_0960_2_Chips_삼성증권_종합주가지수_장중_확인" time="17.253"/>
  <testcase classname="Chips_006_금융.금융_01_삼성증권" name="TC_0960_3_Chips_삼성증권_종합주가지수_장종_확인" time="0.002">
    <skipped/>
  </testcase> <!-- TC_0960_3_Chips_삼성증권_종합주가지수_장종_확인 -->
  <testcase classname="Chips_006_금융.금융_01_삼성증권" name="TC_0961_1_Chips_삼성증권_종합주가지수_장전_확인" time="0.001">
    <skipped/>
  </testcase> <!-- TC_0961_1_Chips_삼성증권_종합주가지수_장전_확인 -->
  <testcase classname="Chips_006_금융.금융_01_삼성증권" name="TC_0961_2_Chips_삼성증권_종합주가지수_장중_확인" time="17.278"/>
  <testcase classname="Chips_006_금융.금융_01_삼성증권" name="TC_0961_3_Chips_삼성증권_종합주가지수_장종_확인" time="0.002">
    <skipped/>
  </testcase> <!-- TC_0961_3_Chips_삼성증권_종합주가지수_장종_확인 -->
  <testcase classname="Chips_006_금융.금융_01_삼성증권" name="TC_0962_1_Chips_삼성증권_종합주가지수_장전_확인" time="0.004">
    <skipped/>
  </testcase> <!-- TC_0962_1_Chips_삼성증권_종합주가지수_장전_확인 -->
  <testcase classname="Chips_006_금융.금융_01_삼성증권" name="TC_0962_2_Chips_삼성증권_종합주가지수_장중_확인" time="17.238"/>
  <testcase classname="Chips_006_금융.금융_01_삼성증권" name="TC_0962_3_Chips_삼성증권_종합주가지수_장종_확인" time="0.002">
    <skipped/>
  </testcase> <!-- TC_0962_3_Chips_삼성증권_종합주가지수_장종_확인 -->
  <testcase classname="Chips_006_금융.금융_01_삼성증권" name="TC_0963_Chips_삼성증권_종합주가지수_어제_확인" time="17.253"/>
  <testcase classname="Chips_006_금융.금융_01_삼성증권" name="TC_0964_Chips_삼성증권_종합주가지수_어제_확인" time="17.266"/>
  <testcase classname="Chips_006_금융.금융_01_삼성증권" name="TC_0965_Chips_삼성증권_종합주가지수_코스닥_확인" time="17.204"/>
  <testcase classname="Chips_006_금융.금융_01_삼성증권" name="TC_0966_Chips_삼성증권_종합주가지수_코스닥_확인" time="17.207">
    <failure type="junit.framework.AssertionFailedError">
      <![CDATA[junit.framework.AssertionFailedError
at junit.framework.Assert.fail(Assert.java:47)
at junit.framework.Assert.assertTrue(Assert.java:20)
at junit.framework.Assert.assertTrue(Assert.java:27)
at Chips_006_금융.금융_01_삼성증권.TC_0966_Chips_삼성증권_종합주가지수_코스닥_확인(금융_01_삼성증권.java:637)
at java.base/java.util.ArrayList.forEach(ArrayList.java:1511)
at java.base/java.util.concurrent.FutureTask.run(FutureTask.java:264)
at java.base/java.util.concurrent.ThreadPoolExecutor.runWorker(ThreadPoolExecutor.java:1130)
at java.base/java.util.concurrent.ThreadPoolExecutor$Worker.run(ThreadPoolExecutor.java:630)
at java.base/java.lang.Thread.run(Thread.java:832)
... Removed 18 stack frames]]>
    </failure>
  </testcase> <!-- TC_0966_Chips_삼성증권_종합주가지수_코스닥_확인 -->
  <testcase classname="Chips_006_금융.금융_01_삼성증권" name="TC_0969_Chips_삼성증권_미지원기간_과거_확인" time="17.205"/>
  <testcase classname="Chips_006_금융.금융_01_삼성증권" name="TC_0970_Chips_삼성증권_미지원기간_과거_확인" time="17.248"/>
  <testcase classname="Chips_006_금융.금융_01_삼성증권" name="TC_0971_Chips_삼성증권_미지원기간_과거_확인" time="17.288"/>
  <testcase classname="Chips_006_금융.금융_01_삼성증권" name="TC_0972_Chips_삼성증권_미지원기간_미래_확인" time="17.263"/>
  <testcase classname="Chips_006_금융.금융_01_삼성증권" name="TC_0973_Chips_삼성증권_미지원기간_미래_확인" time="17.259"/>
  <testcase classname="Chips_006_금융.금융_01_삼성증권" name="TC_0974_Chips_삼성증권_미지원기능_확인" time="17.261"/>
  <testcase classname="Chips_006_금융.금융_01_삼성증권" name="TC_0975_Chips_삼성증권_미지원기능_확인" time="17.278"/>
  <testcase classname="Chips_006_금융.금융_01_삼성증권" name="TC_0976_Chips_삼성증권_국외지수_확인" time="17.203"/>
  <testcase classname="Chips_006_금융.금융_01_삼성증권" name="TC_0977_Chips_삼성증권_정국가지수_미국지수_확인" time="17.195"/>
  <testcase classname="Chips_006_금융.금융_01_삼성증권" name="TC_0978_Chips_삼성증권_특정국가지수_홍콩지수_확인" time="17.198"/>
  <testcase classname="Chips_006_금융.금융_01_삼성증권" name="TC_0979_Chips_삼성증권_특정국가지수_일본지수_확인" time="17.195"/>
  <testcase classname="Chips_006_금융.금융_01_삼성증권" name="TC_0980_Chips_삼성증권_특정국가지수_대만지수_확인" time="17.192"/>
  <testcase classname="Chips_006_금융.금융_01_삼성증권" name="TC_0981_Chips_삼성증권_종목별주가_장중_상승_확인" time="18.058">
    <failure type="junit.framework.AssertionFailedError">
      <![CDATA[junit.framework.AssertionFailedError
at junit.framework.Assert.fail(Assert.java:47)
at junit.framework.Assert.assertTrue(Assert.java:20)
at junit.framework.Assert.assertTrue(Assert.java:27)
at Chips_006_금융.금융_01_삼성증권.TC_0981_Chips_삼성증권_종목별주가_장중_상승_확인(금융_01_삼성증권.java:812)
at java.base/java.util.ArrayList.forEach(ArrayList.java:1511)
at java.base/java.util.concurrent.FutureTask.run(FutureTask.java:264)
at java.base/java.util.concurrent.ThreadPoolExecutor.runWorker(ThreadPoolExecutor.java:1130)
at java.base/java.util.concurrent.ThreadPoolExecutor$Worker.run(ThreadPoolExecutor.java:630)
at java.base/java.lang.Thread.run(Thread.java:832)
... Removed 18 stack frames]]>
    </failure>
  </testcase> <!-- TC_0981_Chips_삼성증권_종목별주가_장중_상승_확인 -->
  <testcase classname="Chips_006_금융.금융_01_삼성증권" name="TC_0982_Chips_삼성증권_종목별주가_장중_하락_확인" time="17.374"/>
  <testcase classname="Chips_006_금융.금융_01_삼성증권" name="TC_0983_Chips_삼성증권_종목별주가_장중_보합_확인" time="17.439"/>
  <testcase classname="Chips_006_금융.금융_01_삼성증권" name="TC_0984_Chips_삼성증권_종목별주가_장중_정지_확인" time="17.3"/>
  <testcase classname="Chips_006_금융.금융_01_삼성증권" name="TC_0985_Chips_삼성증권_종목별주가_장종_상승_확인" time="0.337">
    <skipped/>
  </testcase> <!-- TC_0985_Chips_삼성증권_종목별주가_장종_상승_확인 -->
  <testcase classname="Chips_006_금융.금융_01_삼성증권" name="TC_0986_Chips_삼성증권_종목별주가_장종_하락_확인" time="0.124">
    <skipped/>
  </testcase> <!-- TC_0986_Chips_삼성증권_종목별주가_장종_하락_확인 -->
  <testcase classname="Chips_006_금융.금융_01_삼성증권" name="TC_0987_Chips_삼성증권_종목별주가_장종_보합_확인" time="0.058">
    <skipped/>
  </testcase> <!-- TC_0987_Chips_삼성증권_종목별주가_장종_보합_확인 -->
  <testcase classname="Chips_006_금융.금융_01_삼성증권" name="TC_0988_Chips_삼성증권_종목별주가_장종_정지_확인" time="0.051">
    <skipped/>
  </testcase> <!-- TC_0988_Chips_삼성증권_종목별주가_장종_정지_확인 -->
  <testcase classname="Chips_006_금융.금융_01_삼성증권" name="TC_0989_Chips_삼성증권_종목별주가_장전_확인" time="0.001">
    <skipped/>
  </testcase> <!-- TC_0989_Chips_삼성증권_종목별주가_장전_확인 -->
  <testcase classname="Chips_006_금융.금융_01_삼성증권" name="TC_0990_Chips_삼성증권_종목별주가_장전_전일휴일_확인" time="0.001">
    <skipped/>
  </testcase> <!-- TC_0990_Chips_삼성증권_종목별주가_장전_전일휴일_확인 -->
  <testcase classname="Chips_006_금융.금융_01_삼성증권" name="TC_0991_Chips_삼성증권_종목별주가_휴장일_확인" time="0.001">
    <skipped/>
  </testcase> <!-- TC_0991_Chips_삼성증권_종목별주가_휴장일_확인 -->
</testsuite> <!-- Test_Project -->
