<?xml version="1.0" encoding="UTF-8"?>
<!-- Generated by org.testng.reporters.JUnitXMLReporter -->
<testsuite ignored="0" hostname="DESKTOP-Kei" failures="4" tests="70" name="Test_Project" time="1261.228" errors="0" timestamp="2021-12-02T23:31:27 KST">
  <testcase classname="TestNG_Set.Chips_TestCase" name="@AfterMethod AfterMethod" time="1.52">
    <failure type="org.openqa.selenium.WebDriverException" message="An unknown server-side error occurred while processing the command. Original error: &amp;apos;GET /screenshot&amp;apos; cannot be proxied to UiAutomator2 server because the instrumentation process is not running (probably crashed). Check the server log and/or the logcat output for more details
Build info: version: &amp;apos;3.141.59&amp;apos;, revision: &amp;apos;e82be7d358&amp;apos;, time: &amp;apos;2018-11-14T08:17:03&amp;apos;
System info: host: &amp;apos;DESKTOP-KEI&amp;apos;, ip: &amp;apos;172.27.24.217&amp;apos;, os.name: &amp;apos;Windows 10&amp;apos;, os.arch: &amp;apos;amd64&amp;apos;, os.version: &amp;apos;10.0&amp;apos;, java.version: &amp;apos;15.0.2&amp;apos;
Driver info: unit.Utilities
Capabilities {adbExecTimeout: 10000, appActivity: com.skt.aidev.nugufriends.u..., appPackage: com.skt.aidev.nugufriends, automationName: UIAutomator2, chromedriverArgs: {browserName: chrome, goog:chromeOptions: {args: [], extensions: [], w3c: true}}, chromedriverExecutable: C:\chromedriver_win32\chrom..., databaseEnabled: false, desired: {adbExecTimeout: 10000, appActivity: com.skt.aidev.nugufriends.u..., appPackage: com.skt.aidev.nugufriends, automationName: UIAutomator2, chromedriverArgs: {browserName: chrome, goog:chromeOptions: {args: [], extensions: [], w3c: true}}, chromedriverExecutable: C:\chromedriver_win32\chrom..., deviceName: Android, extractChromeAndroidPackageFromContextName: true, focused: true, newCommandTimeout: 600000, platformName: android, recreateChromeDriverSessions: false, showChromedriverLog: true, udid: R33M4000CY}, deviceApiLevel: 29, deviceManufacturer: samsung, deviceModel: SM-N976N, deviceName: R33M4000CY, deviceScreenDensity: 420, deviceScreenSize: 1080x2280, deviceUDID: R33M4000CY, extractChromeAndroidPackageFromContextName: true, focused: true, javascriptEnabled: true, locationContextEnabled: false, networkConnectionEnabled: true, newCommandTimeout: 600000, pixelRatio: 2.625, platform: LINUX, platformName: Android, platformVersion: 10, recreateChromeDriverSessions: false, showChromedriverLog: true, statBarHeight: 85, takesScreenshot: true, udid: R33M4000CY, viewportRect: {height: 1984, left: 0, top: 85, width: 1080}, warnings: {}, webStorageEnabled: false}
Session ID: 7dd4d2b3-7167-4b9e-a46e-acc32013019c">
      <![CDATA[org.openqa.selenium.WebDriverException: An unknown server-side error occurred while processing the command. Original error: 'GET /screenshot' cannot be proxied to UiAutomator2 server because the instrumentation process is not running (probably crashed). Check the server log and/or the logcat output for more details
Build info: version: '3.141.59', revision: 'e82be7d358', time: '2018-11-14T08:17:03'
System info: host: 'DESKTOP-KEI', ip: '172.27.24.217', os.name: 'Windows 10', os.arch: 'amd64', os.version: '10.0', java.version: '15.0.2'
Driver info: unit.Utilities
Capabilities {adbExecTimeout: 10000, appActivity: com.skt.aidev.nugufriends.u..., appPackage: com.skt.aidev.nugufriends, automationName: UIAutomator2, chromedriverArgs: {browserName: chrome, goog:chromeOptions: {args: [], extensions: [], w3c: true}}, chromedriverExecutable: C:\chromedriver_win32\chrom..., databaseEnabled: false, desired: {adbExecTimeout: 10000, appActivity: com.skt.aidev.nugufriends.u..., appPackage: com.skt.aidev.nugufriends, automationName: UIAutomator2, chromedriverArgs: {browserName: chrome, goog:chromeOptions: {args: [], extensions: [], w3c: true}}, chromedriverExecutable: C:\chromedriver_win32\chrom..., deviceName: Android, extractChromeAndroidPackageFromContextName: true, focused: true, newCommandTimeout: 600000, platformName: android, recreateChromeDriverSessions: false, showChromedriverLog: true, udid: R33M4000CY}, deviceApiLevel: 29, deviceManufacturer: samsung, deviceModel: SM-N976N, deviceName: R33M4000CY, deviceScreenDensity: 420, deviceScreenSize: 1080x2280, deviceUDID: R33M4000CY, extractChromeAndroidPackageFromContextName: true, focused: true, javascriptEnabled: true, locationContextEnabled: false, networkConnectionEnabled: true, newCommandTimeout: 600000, pixelRatio: 2.625, platform: LINUX, platformName: Android, platformVersion: 10, recreateChromeDriverSessions: false, showChromedriverLog: true, statBarHeight: 85, takesScreenshot: true, udid: R33M4000CY, viewportRect: {height: 1984, left: 0, top: 85, width: 1080}, warnings: {}, webStorageEnabled: false}
Session ID: 7dd4d2b3-7167-4b9e-a46e-acc32013019c
at org.openqa.selenium.remote.http.W3CHttpResponseCodec.createException(W3CHttpResponseCodec.java:187)
at org.openqa.selenium.remote.http.W3CHttpResponseCodec.decode(W3CHttpResponseCodec.java:122)
at org.openqa.selenium.remote.http.W3CHttpResponseCodec.decode(W3CHttpResponseCodec.java:49)
at org.openqa.selenium.remote.HttpCommandExecutor.execute(HttpCommandExecutor.java:158)
at io.appium.java_client.remote.AppiumCommandExecutor.execute(AppiumCommandExecutor.java:247)
at org.openqa.selenium.remote.RemoteWebDriver.execute(RemoteWebDriver.java:552)
at io.appium.java_client.DefaultGenericMobileDriver.execute(DefaultGenericMobileDriver.java:45)
at io.appium.java_client.AppiumDriver.execute(AppiumDriver.java:1)
at io.appium.java_client.android.AndroidDriver.execute(AndroidDriver.java:1)
at unit.Utilities.execute(Utilities.java:1)
at org.openqa.selenium.remote.RemoteWebDriver.getScreenshotAs(RemoteWebDriver.java:295)
at unit.Utilities.ErrorScreenshots(Utilities.java:1559)
at TestNG_Set.Chips_TestCase.AfterMethod(Chips_TestCase.java:122)
at java.base/java.util.ArrayList.forEach(ArrayList.java:1511)
at java.base/java.util.concurrent.FutureTask.run(FutureTask.java:264)
at java.base/java.util.concurrent.ThreadPoolExecutor.runWorker(ThreadPoolExecutor.java:1130)
at java.base/java.util.concurrent.ThreadPoolExecutor$Worker.run(ThreadPoolExecutor.java:630)
at java.base/java.lang.Thread.run(Thread.java:832)
... Removed 27 stack frames]]>
    </failure>
  </testcase> <!-- @AfterMethod AfterMethod -->
  <testcase classname="TestNG_Set.Chips_TestCase" name="@BeforeMethod BeforeMethod" time="-1.638455165146E9">
    <skipped/>
  </testcase> <!-- @BeforeMethod BeforeMethod -->
  <testcase classname="TestNG_Set.Chips_TestCase" name="@AfterMethod AfterMethod" time="-1.63845516515E9">
    <skipped/>
  </testcase> <!-- @AfterMethod AfterMethod -->
  <testcase classname="TestNG_Set.Chips_TestCase" name="@BeforeMethod BeforeMethod" time="-1.638455165151E9">
    <skipped/>
  </testcase> <!-- @BeforeMethod BeforeMethod -->
  <testcase classname="TestNG_Set.Chips_TestCase" name="@AfterMethod AfterMethod" time="-1.638455165153E9">
    <skipped/>
  </testcase> <!-- @AfterMethod AfterMethod -->
  <testcase classname="TestNG_Set.Chips_TestCase" name="@BeforeMethod BeforeMethod" time="-1.638455165154E9">
    <skipped/>
  </testcase> <!-- @BeforeMethod BeforeMethod -->
  <testcase classname="TestNG_Set.Chips_TestCase" name="@AfterMethod AfterMethod" time="-1.638455165156E9">
    <skipped/>
  </testcase> <!-- @AfterMethod AfterMethod -->
  <testcase classname="TestNG_Set.Chips_TestCase" name="@BeforeMethod BeforeMethod" time="-1.638455165156E9">
    <skipped/>
  </testcase> <!-- @BeforeMethod BeforeMethod -->
  <testcase classname="TestNG_Set.Chips_TestCase" name="@AfterMethod AfterMethod" time="-1.638455165158E9">
    <skipped/>
  </testcase> <!-- @AfterMethod AfterMethod -->
  <testcase classname="TestNG_Set.Chips_TestCase" name="@BeforeMethod BeforeMethod" time="-1.638455165158E9">
    <skipped/>
  </testcase> <!-- @BeforeMethod BeforeMethod -->
  <testcase classname="TestNG_Set.Chips_TestCase" name="@AfterMethod AfterMethod" time="-1.63845516516E9">
    <skipped/>
  </testcase> <!-- @AfterMethod AfterMethod -->
  <testcase classname="TestNG_Set.Chips_TestCase" name="@BeforeMethod BeforeMethod" time="-1.638455165161E9">
    <skipped/>
  </testcase> <!-- @BeforeMethod BeforeMethod -->
  <testcase classname="TestNG_Set.Chips_TestCase" name="@AfterMethod AfterMethod" time="-1.638455165163E9">
    <skipped/>
  </testcase> <!-- @AfterMethod AfterMethod -->
  <testcase classname="TestNG_Set.Chips_TestCase" name="@BeforeMethod BeforeMethod" time="-1.638455165164E9">
    <skipped/>
  </testcase> <!-- @BeforeMethod BeforeMethod -->
  <testcase classname="TestNG_Set.Chips_TestCase" name="@AfterMethod AfterMethod" time="-1.638455165167E9">
    <skipped/>
  </testcase> <!-- @AfterMethod AfterMethod -->
  <testcase classname="TestNG_Set.Chips_TestCase" name="@BeforeMethod BeforeMethod" time="-1.638455165168E9">
    <skipped/>
  </testcase> <!-- @BeforeMethod BeforeMethod -->
  <testcase classname="TestNG_Set.Chips_TestCase" name="@AfterMethod AfterMethod" time="-1.638455165169E9">
    <skipped/>
  </testcase> <!-- @AfterMethod AfterMethod -->
  <testcase classname="TestNG_Set.Chips_TestCase" name="@BeforeMethod BeforeMethod" time="-1.63845516517E9">
    <skipped/>
  </testcase> <!-- @BeforeMethod BeforeMethod -->
  <testcase classname="TestNG_Set.Chips_TestCase" name="@AfterMethod AfterMethod" time="-1.638455165173E9">
    <skipped/>
  </testcase> <!-- @AfterMethod AfterMethod -->
  <testcase classname="TestNG_Set.Chips_TestCase" name="@BeforeMethod BeforeMethod" time="-1.638455165173E9">
    <skipped/>
  </testcase> <!-- @BeforeMethod BeforeMethod -->
  <testcase classname="TestNG_Set.Chips_TestCase" name="@AfterMethod AfterMethod" time="-1.638455165175E9">
    <skipped/>
  </testcase> <!-- @AfterMethod AfterMethod -->
  <testcase classname="TestNG_Set.Chips_TestCase" name="@BeforeMethod BeforeMethod" time="-1.638455165175E9">
    <skipped/>
  </testcase> <!-- @BeforeMethod BeforeMethod -->
  <testcase classname="TestNG_Set.Chips_TestCase" name="@AfterMethod AfterMethod" time="-1.638455165181E9">
    <skipped/>
  </testcase> <!-- @AfterMethod AfterMethod -->
  <testcase classname="TestNG_Set.Chips_TestCase" name="@BeforeMethod BeforeMethod" time="-1.638455165183E9">
    <skipped/>
  </testcase> <!-- @BeforeMethod BeforeMethod -->
  <testcase classname="TestNG_Set.Chips_TestCase" name="@AfterMethod AfterMethod" time="-1.638455165186E9">
    <skipped/>
  </testcase> <!-- @AfterMethod AfterMethod -->
  <testcase classname="TestNG_Set.Chips_TestCase" name="@BeforeMethod BeforeMethod" time="-1.638455165186E9">
    <skipped/>
  </testcase> <!-- @BeforeMethod BeforeMethod -->
  <testcase classname="TestNG_Set.Chips_TestCase" name="@AfterMethod AfterMethod" time="-1.638455165192E9">
    <skipped/>
  </testcase> <!-- @AfterMethod AfterMethod -->
  <testcase classname="TestNG_Set.Chips_TestCase" name="@BeforeMethod BeforeMethod" time="-1.638455165194E9">
    <skipped/>
  </testcase> <!-- @BeforeMethod BeforeMethod -->
  <testcase classname="TestNG_Set.Chips_TestCase" name="@AfterMethod AfterMethod" time="-1.638455165197E9">
    <skipped/>
  </testcase> <!-- @AfterMethod AfterMethod -->
  <testcase classname="TestNG_Set.Chips_TestCase" name="@BeforeMethod BeforeMethod" time="-1.638455165198E9">
    <skipped/>
  </testcase> <!-- @BeforeMethod BeforeMethod -->
  <testcase classname="TestNG_Set.Chips_TestCase" name="@AfterMethod AfterMethod" time="-1.638455165202E9">
    <skipped/>
  </testcase> <!-- @AfterMethod AfterMethod -->
  <testcase classname="TestNG_Set.Chips_TestCase" name="@BeforeMethod BeforeMethod" time="-1.638455165203E9">
    <skipped/>
  </testcase> <!-- @BeforeMethod BeforeMethod -->
  <testcase classname="TestNG_Set.Chips_TestCase" name="@AfterMethod AfterMethod" time="-1.638455165204E9">
    <skipped/>
  </testcase> <!-- @AfterMethod AfterMethod -->
  <testcase classname="TestNG_Set.Chips_TestCase" name="@BeforeMethod BeforeMethod" time="-1.638455165205E9">
    <skipped/>
  </testcase> <!-- @BeforeMethod BeforeMethod -->
  <testcase classname="TestNG_Set.Chips_TestCase" name="@AfterMethod AfterMethod" time="-1.638455165207E9">
    <skipped/>
  </testcase> <!-- @AfterMethod AfterMethod -->
  <testcase classname="TestNG_Set.Chips_TestCase" name="@BeforeMethod BeforeMethod" time="-1.638455165208E9">
    <skipped/>
  </testcase> <!-- @BeforeMethod BeforeMethod -->
  <testcase classname="TestNG_Set.Chips_TestCase" name="@AfterMethod AfterMethod" time="-1.63845516521E9">
    <skipped/>
  </testcase> <!-- @AfterMethod AfterMethod -->
  <testcase classname="TestNG_Set.Chips_TestCase" name="@AfterClass tearDownClass" time="-1.63845516521E9">
    <skipped/>
  </testcase> <!-- @AfterClass tearDownClass -->
  <testcase classname="Chips_003_미디어_라디오.미디어_08_라디오" name="TC_0000_앱실행과AccessToken얻기" time="55.084"/>
  <testcase classname="Chips_003_미디어_라디오.미디어_08_라디오" name="TC_0341_Chips_라디오_재생_확인" time="11.527"/>
  <testcase classname="Chips_003_미디어_라디오.미디어_08_라디오" name="TC_0342_Chips_라디오_좋아요재생_확인" time="5.166"/>
  <testcase classname="Chips_003_미디어_라디오.미디어_08_라디오" name="TC_0343_Chips_라디오_즐겨찾기있음_재생_확인" time="46.442"/>
  <testcase classname="Chips_003_미디어_라디오.미디어_08_라디오" name="TC_0344_Chips_라디오_즐겨찾기있음_재생_확인" time="24.73"/>
  <testcase classname="Chips_003_미디어_라디오.미디어_08_라디오" name="TC_0345_Chips_라디오_듣고있는라디오_채널_확인" time="14.856"/>
  <testcase classname="Chips_003_미디어_라디오.미디어_08_라디오" name="TC_0346_Chips_라디오_듣고있는라디오_채널_확인" time="6.64"/>
  <testcase classname="Chips_003_미디어_라디오.미디어_08_라디오" name="TC_0347_Chips_라디오_다음라디오_채널_확인" time="21.297"/>
  <testcase classname="Chips_003_미디어_라디오.미디어_08_라디오" name="TC_0348_Chips_라디오_이전라디오_채널_확인" time="26.225"/>
  <testcase classname="Chips_003_미디어_라디오.미디어_08_라디오" name="TC_0349_Chips_라디오_즐겨찾기1개재생중_다음_확인" time="67.1"/>
  <testcase classname="Chips_003_미디어_라디오.미디어_08_라디오" name="TC_0350_Chips_라디오_즐겨찾기2개재생중_다음_확인" time="88.934"/>
  <testcase classname="Chips_003_미디어_라디오.미디어_08_라디오" name="TC_0351_Chips_라디오_종료_확인" time="36.361"/>
  <testcase classname="Chips_003_미디어_라디오.미디어_08_라디오" name="TC_0352_Chips_라디오_종료_확인" time="39.352"/>
  <testcase classname="Chips_003_미디어_라디오.미디어_08_라디오" name="TC_0353_Chips_라디오_일시정지상태_채널재생_확인" time="51.092"/>
  <testcase classname="Chips_003_미디어_라디오.미디어_08_라디오" name="TC_0354_Chips_라디오_일시정지상태_채널재생_확인" time="44.715"/>
  <testcase classname="Chips_003_미디어_라디오.미디어_08_라디오" name="TC_0355_Chips_라디오_대기상태_채널목록_확인" time="36.82"/>
  <testcase classname="Chips_003_미디어_라디오.미디어_08_라디오" name="TC_0356_Chips_라디오_대기상태_채널목록_확인" time="25.134"/>
  <testcase classname="Chips_003_미디어_라디오.미디어_08_라디오" name="TC_0357_Chips_라디오_실행중_즐겨찾기_확인" time="14.868"/>
  <testcase classname="Chips_003_미디어_라디오.미디어_08_라디오" name="TC_0358_Chips_라디오_즐겨찾기완료_즐겨찾기실행_확인" time="5.148"/>
  <testcase classname="Chips_003_미디어_라디오.미디어_08_라디오" name="TC_0359_Chips_라디오_실행중_즐겨찾기해제_확인" time="5.143"/>
  <testcase classname="Chips_003_미디어_라디오.미디어_08_라디오" name="TC_0360_Chips_라디오_즐겨찾기해제완료_즐겨찾기해제_확인" time="9.21"/>
  <testcase classname="Chips_003_미디어_라디오.미디어_09_라디오_채널확인" name="TC_0000_앱실행과AccessToken얻기" time="52.279"/>
  <testcase classname="Chips_003_미디어_라디오.미디어_09_라디오_채널확인" name="TC_0361_Chips_라디오_지원채널_SBS러브FM_확인" time="20.848"/>
  <testcase classname="Chips_003_미디어_라디오.미디어_09_라디오_채널확인" name="TC_0362_Chips_라디오_지원채널_SBS파워FM_확인" time="11.446"/>
  <testcase classname="Chips_003_미디어_라디오.미디어_09_라디오_채널확인" name="TC_0363_Chips_라디오_지원채널_교통방송FM_확인" time="11.53"/>
  <testcase classname="Chips_003_미디어_라디오.미디어_09_라디오_채널확인" name="TC_0364_Chips_라디오_지원채널_TBSeFM_확인" time="11.448"/>
  <testcase classname="Chips_003_미디어_라디오.미디어_09_라디오_채널확인" name="TC_0366_Chips_라디오_지원채널_TBN강원교통방송_확인" time="11.522"/>
  <testcase classname="Chips_003_미디어_라디오.미디어_09_라디오_채널확인" name="TC_0367_Chips_라디오_지원채널_TBN경남교통방송_확인" time="15.633"/>
  <testcase classname="Chips_003_미디어_라디오.미디어_09_라디오_채널확인" name="TC_0368_Chips_라디오_지원채널_TBN경북교통방송_확인" time="11.388"/>
  <testcase classname="Chips_003_미디어_라디오.미디어_09_라디오_채널확인" name="TC_0369_Chips_라디오_지원채널_TBN경인교통방송_확인" time="11.45"/>
  <testcase classname="Chips_003_미디어_라디오.미디어_09_라디오_채널확인" name="TC_0370_Chips_라디오_지원채널_TBN광주교통방송_확인" time="11.468"/>
  <testcase classname="Chips_003_미디어_라디오.미디어_09_라디오_채널확인" name="TC_0371_Chips_라디오_지원채널_TBN대구교통방송_확인" time="19.676"/>
  <testcase classname="Chips_003_미디어_라디오.미디어_09_라디오_채널확인" name="TC_0372_Chips_라디오_지원채널_TBN대전교통방송_확인" time="19.732"/>
  <testcase classname="Chips_003_미디어_라디오.미디어_09_라디오_채널확인" name="TC_0373_Chips_라디오_지원채널_TBN부산교통방송_확인" time="11.48"/>
  <testcase classname="Chips_003_미디어_라디오.미디어_09_라디오_채널확인" name="TC_0374_Chips_라디오_지원채널_TBN울산교통방송_확인" time="11.645"/>
  <testcase classname="Chips_003_미디어_라디오.미디어_09_라디오_채널확인" name="TC_0375_Chips_라디오_지원채널_TBN전북교통방송_확인" time="15.512"/>
  <testcase classname="Chips_003_미디어_라디오.미디어_09_라디오_채널확인" name="TC_0376_Chips_라디오_지원채널_TBN제주교통방송_확인" time="23.05">
    <failure type="org.openqa.selenium.WebDriverException" message="An unknown server-side error occurred while processing the command. Original error: chrome not reachable
  (Session info: chrome=81.0.4044.138)
Build info: version: &amp;apos;3.141.59&amp;apos;, revision: &amp;apos;e82be7d358&amp;apos;, time: &amp;apos;2018-11-14T08:17:03&amp;apos;
System info: host: &amp;apos;DESKTOP-KEI&amp;apos;, ip: &amp;apos;172.27.24.217&amp;apos;, os.name: &amp;apos;Windows 10&amp;apos;, os.arch: &amp;apos;amd64&amp;apos;, os.version: &amp;apos;10.0&amp;apos;, java.version: &amp;apos;15.0.2&amp;apos;
Driver info: unit.Utilities
Capabilities {adbExecTimeout: 10000, appActivity: com.skt.aidev.nugufriends.u..., appPackage: com.skt.aidev.nugufriends, automationName: UIAutomator2, chromedriverArgs: {browserName: chrome, goog:chromeOptions: {args: [], extensions: [], w3c: true}}, chromedriverExecutable: C:\chromedriver_win32\chrom..., databaseEnabled: false, desired: {adbExecTimeout: 10000, appActivity: com.skt.aidev.nugufriends.u..., appPackage: com.skt.aidev.nugufriends, automationName: UIAutomator2, chromedriverArgs: {browserName: chrome, goog:chromeOptions: {args: [], extensions: [], w3c: true}}, chromedriverExecutable: C:\chromedriver_win32\chrom..., deviceName: Android, extractChromeAndroidPackageFromContextName: true, focused: true, newCommandTimeout: 600000, platformName: android, recreateChromeDriverSessions: false, showChromedriverLog: true, udid: R33M4000CY}, deviceApiLevel: 29, deviceManufacturer: samsung, deviceModel: SM-N976N, deviceName: R33M4000CY, deviceScreenDensity: 420, deviceScreenSize: 1080x2280, deviceUDID: R33M4000CY, extractChromeAndroidPackageFromContextName: true, focused: true, javascriptEnabled: true, locationContextEnabled: false, networkConnectionEnabled: true, newCommandTimeout: 600000, pixelRatio: 2.625, platform: LINUX, platformName: Android, platformVersion: 10, recreateChromeDriverSessions: false, showChromedriverLog: true, statBarHeight: 85, takesScreenshot: true, udid: R33M4000CY, viewportRect: {height: 1984, left: 0, top: 85, width: 1080}, warnings: {}, webStorageEnabled: false}
Session ID: 7dd4d2b3-7167-4b9e-a46e-acc32013019c">
      <![CDATA[org.openqa.selenium.WebDriverException: An unknown server-side error occurred while processing the command. Original error: chrome not reachable
  (Session info: chrome=81.0.4044.138)
Build info: version: '3.141.59', revision: 'e82be7d358', time: '2018-11-14T08:17:03'
System info: host: 'DESKTOP-KEI', ip: '172.27.24.217', os.name: 'Windows 10', os.arch: 'amd64', os.version: '10.0', java.version: '15.0.2'
Driver info: unit.Utilities
Capabilities {adbExecTimeout: 10000, appActivity: com.skt.aidev.nugufriends.u..., appPackage: com.skt.aidev.nugufriends, automationName: UIAutomator2, chromedriverArgs: {browserName: chrome, goog:chromeOptions: {args: [], extensions: [], w3c: true}}, chromedriverExecutable: C:\chromedriver_win32\chrom..., databaseEnabled: false, desired: {adbExecTimeout: 10000, appActivity: com.skt.aidev.nugufriends.u..., appPackage: com.skt.aidev.nugufriends, automationName: UIAutomator2, chromedriverArgs: {browserName: chrome, goog:chromeOptions: {args: [], extensions: [], w3c: true}}, chromedriverExecutable: C:\chromedriver_win32\chrom..., deviceName: Android, extractChromeAndroidPackageFromContextName: true, focused: true, newCommandTimeout: 600000, platformName: android, recreateChromeDriverSessions: false, showChromedriverLog: true, udid: R33M4000CY}, deviceApiLevel: 29, deviceManufacturer: samsung, deviceModel: SM-N976N, deviceName: R33M4000CY, deviceScreenDensity: 420, deviceScreenSize: 1080x2280, deviceUDID: R33M4000CY, extractChromeAndroidPackageFromContextName: true, focused: true, javascriptEnabled: true, locationContextEnabled: false, networkConnectionEnabled: true, newCommandTimeout: 600000, pixelRatio: 2.625, platform: LINUX, platformName: Android, platformVersion: 10, recreateChromeDriverSessions: false, showChromedriverLog: true, statBarHeight: 85, takesScreenshot: true, udid: R33M4000CY, viewportRect: {height: 1984, left: 0, top: 85, width: 1080}, warnings: {}, webStorageEnabled: false}
Session ID: 7dd4d2b3-7167-4b9e-a46e-acc32013019c
at org.openqa.selenium.remote.http.W3CHttpResponseCodec.createException(W3CHttpResponseCodec.java:187)
at org.openqa.selenium.remote.http.W3CHttpResponseCodec.decode(W3CHttpResponseCodec.java:122)
at org.openqa.selenium.remote.http.W3CHttpResponseCodec.decode(W3CHttpResponseCodec.java:49)
at org.openqa.selenium.remote.HttpCommandExecutor.execute(HttpCommandExecutor.java:158)
at io.appium.java_client.remote.AppiumCommandExecutor.execute(AppiumCommandExecutor.java:247)
at org.openqa.selenium.remote.RemoteWebDriver.execute(RemoteWebDriver.java:552)
at io.appium.java_client.DefaultGenericMobileDriver.execute(DefaultGenericMobileDriver.java:45)
at io.appium.java_client.AppiumDriver.execute(AppiumDriver.java:1)
at io.appium.java_client.android.AndroidDriver.execute(AndroidDriver.java:1)
at unit.Utilities.execute(Utilities.java:1)
at org.openqa.selenium.remote.RemoteWebDriver.getWindowHandles(RemoteWebDriver.java:460)
at unit.Utilities.allWindwosIndexCount(Utilities.java:305)
at unit.Utilities.switchContextURL(Utilities.java:341)
at Chips_003_미디어_라디오.미디어_09_라디오_채널확인.TC_0376_Chips_라디오_지원채널_TBN제주교통방송_확인(미디어_09_라디오_채널확인.java:370)
at java.base/java.util.ArrayList.forEach(ArrayList.java:1511)
at java.base/java.util.concurrent.FutureTask.run(FutureTask.java:264)
at java.base/java.util.concurrent.ThreadPoolExecutor.runWorker(ThreadPoolExecutor.java:1130)
at java.base/java.util.concurrent.ThreadPoolExecutor$Worker.run(ThreadPoolExecutor.java:630)
at java.base/java.lang.Thread.run(Thread.java:832)
... Removed 23 stack frames]]>
    </failure>
  </testcase> <!-- TC_0376_Chips_라디오_지원채널_TBN제주교통방송_확인 -->
  <testcase classname="Chips_003_미디어_라디오.미디어_09_라디오_채널확인" name="TC_0378_Chips_라디오_지원채널_아리랑FM_확인" time="0.0">
    <skipped/>
  </testcase> <!-- TC_0378_Chips_라디오_지원채널_아리랑FM_확인 -->
  <testcase classname="Chips_003_미디어_라디오.미디어_09_라디오_채널확인" name="TC_0379_Chips_라디오_지원채널_극동방송_확인" time="0.0">
    <skipped/>
  </testcase> <!-- TC_0379_Chips_라디오_지원채널_극동방송_확인 -->
  <testcase classname="Chips_003_미디어_라디오.미디어_09_라디오_채널확인" name="TC_0380_Chips_라디오_지원채널_불교방송_확인" time="0.0">
    <skipped/>
  </testcase> <!-- TC_0380_Chips_라디오_지원채널_불교방송_확인 -->
  <testcase classname="Chips_003_미디어_라디오.미디어_09_라디오_채널확인" name="TC_0381_Chips_라디오_지원채널_BBSFM_확인" time="0.0">
    <skipped/>
  </testcase> <!-- TC_0381_Chips_라디오_지원채널_BBSFM_확인 -->
  <testcase classname="Chips_003_미디어_라디오.미디어_09_라디오_채널확인" name="TC_0382_Chips_라디오_지원채널_CBS음악FM_확인" time="0.0">
    <skipped/>
  </testcase> <!-- TC_0382_Chips_라디오_지원채널_CBS음악FM_확인 -->
  <testcase classname="Chips_003_미디어_라디오.미디어_09_라디오_채널확인" name="TC_0383_Chips_라디오_지원채널_CBS표준FM_확인" time="0.0">
    <skipped/>
  </testcase> <!-- TC_0383_Chips_라디오_지원채널_CBS표준FM_확인 -->
  <testcase classname="Chips_003_미디어_라디오.미디어_09_라디오_채널확인" name="TC_0384_Chips_라디오_지원채널_CBS표준FM_확인" time="0.0">
    <skipped/>
  </testcase> <!-- TC_0384_Chips_라디오_지원채널_CBS표준FM_확인 -->
  <testcase classname="Chips_003_미디어_라디오.미디어_09_라디오_채널확인" name="TC_0386_Chips_라디오_지원채널_KBS1라디오_확인" time="0.0">
    <skipped/>
  </testcase> <!-- TC_0386_Chips_라디오_지원채널_KBS1라디오_확인 -->
  <testcase classname="Chips_003_미디어_라디오.미디어_09_라디오_채널확인" name="TC_0387_Chips_라디오_지원채널_KBS2라디오_확인" time="0.0">
    <skipped/>
  </testcase> <!-- TC_0387_Chips_라디오_지원채널_KBS2라디오_확인 -->
  <testcase classname="Chips_003_미디어_라디오.미디어_09_라디오_채널확인" name="TC_0388_Chips_라디오_지원채널_KBS3라디오_확인" time="0.0">
    <skipped/>
  </testcase> <!-- TC_0388_Chips_라디오_지원채널_KBS3라디오_확인 -->
  <testcase classname="Chips_003_미디어_라디오.미디어_09_라디오_채널확인" name="TC_0389_Chips_라디오_지원채널_KBS클래식FM_확인" time="0.0">
    <skipped/>
  </testcase> <!-- TC_0389_Chips_라디오_지원채널_KBS클래식FM_확인 -->
  <testcase classname="Chips_003_미디어_라디오.미디어_09_라디오_채널확인" name="TC_0390_Chips_라디오_지원채널_KBScoolFM_확인" time="0.0">
    <skipped/>
  </testcase> <!-- TC_0390_Chips_라디오_지원채널_KBScoolFM_확인 -->
  <testcase classname="Chips_003_미디어_라디오.미디어_09_라디오_채널확인" name="TC_0391_Chips_라디오_지원채널_KBSHappyFM_확인" time="0.0">
    <skipped/>
  </testcase> <!-- TC_0391_Chips_라디오_지원채널_KBSHappyFM_확인 -->
  <testcase classname="Chips_003_미디어_라디오.미디어_09_라디오_채널확인" name="TC_0392_Chips_라디오_지원채널_KBSworld_확인" time="0.0">
    <skipped/>
  </testcase> <!-- TC_0392_Chips_라디오_지원채널_KBSworld_확인 -->
  <testcase classname="Chips_003_미디어_라디오.미디어_09_라디오_채널확인" name="TC_0393_Chips_라디오_지원채널_KBS한민족방송_확인" time="0.0">
    <skipped/>
  </testcase> <!-- TC_0393_Chips_라디오_지원채널_KBS한민족방송_확인 -->
  <testcase classname="Chips_003_미디어_라디오.미디어_09_라디오_채널확인" name="TC_0396_Chips_라디오_미지원채널_동양방송_확인" time="0.0">
    <skipped/>
  </testcase> <!-- TC_0396_Chips_라디오_미지원채널_동양방송_확인 -->
  <testcase classname="Chips_003_미디어_라디오.미디어_09_라디오_채널확인" name="TC_0398_Chips_라디오_미지원채널_가톨릭평화방송_확인" time="0.0">
    <skipped/>
  </testcase> <!-- TC_0398_Chips_라디오_미지원채널_가톨릭평화방송_확인 -->
  <testcase classname="Chips_003_미디어_라디오.미디어_09_라디오_채널확인" name="TC_0399_Chips_라디오_미지원채널_YTN뉴스FM_확인" time="0.0">
    <skipped/>
  </testcase> <!-- TC_0399_Chips_라디오_미지원채널_YTN뉴스FM_확인 -->
  <testcase classname="Chips_003_미디어_라디오.미디어_10_라디오_재생컨트롤러" name="TC_0000_앱실행과AccessToken얻기" time="53.85"/>
  <testcase classname="Chips_003_미디어_라디오.미디어_10_라디오_재생컨트롤러" name="TC_0401_Chips_라디오_재생_확인" time="15.086"/>
  <testcase classname="Chips_003_미디어_라디오.미디어_10_라디오_재생컨트롤러" name="TC_0402_Chips_라디오_일시정지_확인" time="14.671"/>
  <testcase classname="Chips_003_미디어_라디오.미디어_10_라디오_재생컨트롤러" name="TC_0403_Chips_라디오_일시정지취소_확인" time="9.199"/>
  <testcase classname="Chips_003_미디어_라디오.미디어_10_라디오_재생컨트롤러" name="TC_0404_Chips_라디오_일시정지_확인" time="14.205"/>
  <testcase classname="Chips_003_미디어_라디오.미디어_10_라디오_재생컨트롤러" name="TC_0405_Chips_라디오_재생_확인" time="9.287"/>
  <testcase classname="Chips_003_미디어_라디오.미디어_10_라디오_재생컨트롤러" name="TC_0406_Chips_라디오_다음라디오채널_확인" time="17.59"/>
  <testcase classname="Chips_003_미디어_라디오.미디어_10_라디오_재생컨트롤러" name="TC_0407_Chips_라디오_이전라디오채널_확인" time="9.444"/>
  <testcase classname="Chips_003_미디어_라디오.미디어_10_라디오_재생컨트롤러" name="TC_0408_Chips_라디오_다음_확인" time="9.457"/>
  <testcase classname="Chips_003_미디어_라디오.미디어_10_라디오_재생컨트롤러" name="TC_0409_Chips_라디오_이전_확인" time="33.779">
    <failure type="junit.framework.AssertionFailedError">
      <![CDATA[junit.framework.AssertionFailedError
at junit.framework.Assert.fail(Assert.java:47)
at junit.framework.Assert.assertTrue(Assert.java:20)
at junit.framework.Assert.assertTrue(Assert.java:27)
at Chips_003_미디어_라디오.미디어_10_라디오_재생컨트롤러.TC_0409_Chips_라디오_이전_확인(미디어_10_라디오_재생컨트롤러.java:230)
at java.base/java.util.ArrayList.forEach(ArrayList.java:1511)
at java.base/java.util.concurrent.FutureTask.run(FutureTask.java:264)
at java.base/java.util.concurrent.ThreadPoolExecutor.runWorker(ThreadPoolExecutor.java:1130)
at java.base/java.util.concurrent.ThreadPoolExecutor$Worker.run(ThreadPoolExecutor.java:630)
at java.base/java.lang.Thread.run(Thread.java:832)
... Removed 18 stack frames]]>
    </failure>
  </testcase> <!-- TC_0409_Chips_라디오_이전_확인 -->
  <testcase classname="Chips_003_미디어_라디오.미디어_10_라디오_재생컨트롤러" name="TC_0410_Chips_라디오_다음채널_확인" time="33.881">
    <failure type="junit.framework.AssertionFailedError">
      <![CDATA[junit.framework.AssertionFailedError
at junit.framework.Assert.fail(Assert.java:47)
at junit.framework.Assert.assertTrue(Assert.java:20)
at junit.framework.Assert.assertTrue(Assert.java:27)
at Chips_003_미디어_라디오.미디어_10_라디오_재생컨트롤러.TC_0410_Chips_라디오_다음채널_확인(미디어_10_라디오_재생컨트롤러.java:246)
at java.base/java.util.ArrayList.forEach(ArrayList.java:1511)
at java.base/java.util.concurrent.FutureTask.run(FutureTask.java:264)
at java.base/java.util.concurrent.ThreadPoolExecutor.runWorker(ThreadPoolExecutor.java:1130)
at java.base/java.util.concurrent.ThreadPoolExecutor$Worker.run(ThreadPoolExecutor.java:630)
at java.base/java.lang.Thread.run(Thread.java:832)
... Removed 18 stack frames]]>
    </failure>
  </testcase> <!-- TC_0410_Chips_라디오_다음채널_확인 -->
  <testcase classname="Chips_003_미디어_라디오.미디어_10_라디오_재생컨트롤러" name="TC_0411_Chips_라디오_이전라디오방송_확인" time="34.887">
    <failure type="junit.framework.AssertionFailedError">
      <![CDATA[junit.framework.AssertionFailedError
at junit.framework.Assert.fail(Assert.java:47)
at junit.framework.Assert.assertTrue(Assert.java:20)
at junit.framework.Assert.assertTrue(Assert.java:27)
at Chips_003_미디어_라디오.미디어_10_라디오_재생컨트롤러.TC_0411_Chips_라디오_이전라디오방송_확인(미디어_10_라디오_재생컨트롤러.java:266)
at java.base/java.util.ArrayList.forEach(ArrayList.java:1511)
at java.base/java.util.concurrent.FutureTask.run(FutureTask.java:264)
at java.base/java.util.concurrent.ThreadPoolExecutor.runWorker(ThreadPoolExecutor.java:1130)
at java.base/java.util.concurrent.ThreadPoolExecutor$Worker.run(ThreadPoolExecutor.java:630)
at java.base/java.lang.Thread.run(Thread.java:832)
... Removed 18 stack frames]]>
    </failure>
  </testcase> <!-- TC_0411_Chips_라디오_이전라디오방송_확인 -->
  <testcase classname="Chips_003_미디어_라디오.미디어_10_라디오_재생컨트롤러" name="TC_0412_Chips_라디오_다음라디오_확인" time="15.103"/>
  <testcase classname="Chips_003_미디어_라디오.미디어_10_라디오_재생컨트롤러" name="TC_0413_Chips_라디오_종료예약_확인" time="13.324"/>
  <testcase classname="Chips_003_미디어_라디오.미디어_10_라디오_재생컨트롤러" name="TC_0414_Chips_라디오_종료_확인" time="15.989"/>
</testsuite> <!-- Test_Project -->
