<?xml version="1.0" encoding="UTF-8"?>
<!-- Generated by org.testng.reporters.JUnitXMLReporter -->
<testsuite ignored="0" hostname="DESKTOP-Kei" failures="0" tests="40" name="Test_Project" time="10.65" errors="0" timestamp="2021-11-30T21:23:42 KST">
  <testcase classname="TestNG_Set.Chips_TestCase" name="@BeforeClass setupClass" time="5.692">
    <failure type="org.openqa.selenium.WebDriverException" message="Connection refused: no further information
Build info: version: &amp;apos;3.141.59&amp;apos;, revision: &amp;apos;e82be7d358&amp;apos;, time: &amp;apos;2018-11-14T08:17:03&amp;apos;
System info: host: &amp;apos;DESKTOP-KEI&amp;apos;, ip: &amp;apos;192.168.55.40&amp;apos;, os.name: &amp;apos;Windows 10&amp;apos;, os.arch: &amp;apos;amd64&amp;apos;, os.version: &amp;apos;10.0&amp;apos;, java.version: &amp;apos;15.0.2&amp;apos;
Driver info: driver.version: AndroidDriver">
      <![CDATA[org.openqa.selenium.WebDriverException: Connection refused: no further information
Build info: version: '3.141.59', revision: 'e82be7d358', time: '2018-11-14T08:17:03'
System info: host: 'DESKTOP-KEI', ip: '192.168.55.40', os.name: 'Windows 10', os.arch: 'amd64', os.version: '10.0', java.version: '15.0.2'
Driver info: driver.version: AndroidDriver
at io.appium.java_client.remote.AppiumCommandExecutor.lambda$6(AppiumCommandExecutor.java:259)
at java.base/java.util.Optional.orElseGet(Optional.java:362)
at io.appium.java_client.remote.AppiumCommandExecutor.execute(AppiumCommandExecutor.java:258)
at org.openqa.selenium.remote.RemoteWebDriver.execute(RemoteWebDriver.java:552)
at io.appium.java_client.DefaultGenericMobileDriver.execute(DefaultGenericMobileDriver.java:41)
at io.appium.java_client.AppiumDriver.execute(AppiumDriver.java:1)
at io.appium.java_client.android.AndroidDriver.execute(AndroidDriver.java:1)
at unit.Utilities.execute(Utilities.java:1)
at org.openqa.selenium.remote.RemoteWebDriver.startSession(RemoteWebDriver.java:213)
at io.appium.java_client.AppiumDriver.startSession(AppiumDriver.java:338)
at org.openqa.selenium.remote.RemoteWebDriver.<init>(RemoteWebDriver.java:131)
at io.appium.java_client.DefaultGenericMobileDriver.<init>(DefaultGenericMobileDriver.java:37)
at io.appium.java_client.AppiumDriver.<init>(AppiumDriver.java:89)
at io.appium.java_client.AppiumDriver.<init>(AppiumDriver.java:99)
at io.appium.java_client.android.AndroidDriver.<init>(AndroidDriver.java:96)
at unit.Utilities.<init>(Utilities.java:143)
at TestNG_Set.Chips_TestCase.setupClass(Chips_TestCase.java:95)
at java.base/java.util.ArrayList.forEach(ArrayList.java:1511)
at java.base/java.util.concurrent.FutureTask.run(FutureTask.java:264)
at java.base/java.util.concurrent.ThreadPoolExecutor.runWorker(ThreadPoolExecutor.java:1130)
at java.base/java.util.concurrent.ThreadPoolExecutor$Worker.run(ThreadPoolExecutor.java:630)
at java.base/java.lang.Thread.run(Thread.java:832)
Caused by: java.net.ConnectException: Connection refused: no further information
at java.base/sun.nio.ch.Net.pollConnect(Native Method)
at java.base/sun.nio.ch.Net.pollConnectNow(Net.java:660)
at java.base/sun.nio.ch.NioSocketImpl.timedFinishConnect(NioSocketImpl.java:549)
at java.base/sun.nio.ch.NioSocketImpl.connect(NioSocketImpl.java:597)
at java.base/java.net.SocksSocketImpl.connect(SocksSocketImpl.java:333)
at java.base/java.net.Socket.connect(Socket.java:648)
at okhttp3.internal.platform.Platform.connectSocket(Platform.kt:127)
at okhttp3.internal.connection.RealConnection.connectSocket(RealConnection.kt:268)
at okhttp3.internal.connection.RealConnection.connect(RealConnection.kt:176)
at okhttp3.internal.connection.ExchangeFinder.findConnection(ExchangeFinder.kt:236)
at okhttp3.internal.connection.ExchangeFinder.findHealthyConnection(ExchangeFinder.kt:109)
at okhttp3.internal.connection.ExchangeFinder.find(ExchangeFinder.kt:77)
at okhttp3.internal.connection.Transmitter.newExchange$okhttp(Transmitter.kt:162)
at okhttp3.internal.connection.ConnectInterceptor.intercept(ConnectInterceptor.kt:35)
at okhttp3.internal.http.RealInterceptorChain.proceed(RealInterceptorChain.kt:112)
at okhttp3.internal.http.RealInterceptorChain.proceed(RealInterceptorChain.kt:87)
at okhttp3.internal.cache.CacheInterceptor.intercept(CacheInterceptor.kt:82)
at okhttp3.internal.http.RealInterceptorChain.proceed(RealInterceptorChain.kt:112)
at okhttp3.internal.http.RealInterceptorChain.proceed(RealInterceptorChain.kt:87)
at okhttp3.internal.http.BridgeInterceptor.intercept(BridgeInterceptor.kt:84)
at okhttp3.internal.http.RealInterceptorChain.proceed(RealInterceptorChain.kt:112)
at okhttp3.internal.http.RetryAndFollowUpInterceptor.intercept(RetryAndFollowUpInterceptor.kt:71)
at okhttp3.internal.http.RealInterceptorChain.proceed(RealInterceptorChain.kt:112)
at okhttp3.internal.http.RealInterceptorChain.proceed(RealInterceptorChain.kt:87)
at okhttp3.RealCall.getResponseWithInterceptorChain(RealCall.kt:184)
at okhttp3.RealCall.execute(RealCall.kt:66)
at org.openqa.selenium.remote.internal.OkHttpClient.execute(OkHttpClient.java:103)
at io.appium.java_client.remote.AppiumCommandExecutor.lambda$1(AppiumCommandExecutor.java:162)
at org.openqa.selenium.remote.ProtocolHandshake.createSession(ProtocolHandshake.java:105)
at io.appium.java_client.remote.AppiumCommandExecutor$1.createSession(AppiumCommandExecutor.java:193)
at io.appium.java_client.remote.AppiumCommandExecutor.createSession(AppiumCommandExecutor.java:225)
at io.appium.java_client.remote.AppiumCommandExecutor.execute(AppiumCommandExecutor.java:247)
... 35 more
... Removed 20 stack frames]]>
    </failure>
  </testcase> <!-- @BeforeClass setupClass -->
  <testcase classname="TestNG_Set.Chips_TestCase" name="@BeforeMethod BeforeMethod" time="-1.638275017427E9">
    <skipped/>
  </testcase> <!-- @BeforeMethod BeforeMethod -->
  <testcase classname="TestNG_Set.Chips_TestCase" name="@AfterMethod AfterMethod" time="-1.638275017444E9">
    <skipped/>
  </testcase> <!-- @AfterMethod AfterMethod -->
  <testcase classname="TestNG_Set.Chips_TestCase" name="@BeforeMethod BeforeMethod" time="-1.638275017446E9">
    <skipped/>
  </testcase> <!-- @BeforeMethod BeforeMethod -->
  <testcase classname="TestNG_Set.Chips_TestCase" name="@AfterMethod AfterMethod" time="-1.638275017452E9">
    <skipped/>
  </testcase> <!-- @AfterMethod AfterMethod -->
  <testcase classname="TestNG_Set.Chips_TestCase" name="@BeforeMethod BeforeMethod" time="-1.638275017453E9">
    <skipped/>
  </testcase> <!-- @BeforeMethod BeforeMethod -->
  <testcase classname="TestNG_Set.Chips_TestCase" name="@AfterMethod AfterMethod" time="-1.638275017459E9">
    <skipped/>
  </testcase> <!-- @AfterMethod AfterMethod -->
  <testcase classname="TestNG_Set.Chips_TestCase" name="@BeforeMethod BeforeMethod" time="-1.63827501746E9">
    <skipped/>
  </testcase> <!-- @BeforeMethod BeforeMethod -->
  <testcase classname="TestNG_Set.Chips_TestCase" name="@AfterMethod AfterMethod" time="-1.638275017473E9">
    <skipped/>
  </testcase> <!-- @AfterMethod AfterMethod -->
  <testcase classname="TestNG_Set.Chips_TestCase" name="@BeforeMethod BeforeMethod" time="-1.638275017475E9">
    <skipped/>
  </testcase> <!-- @BeforeMethod BeforeMethod -->
  <testcase classname="TestNG_Set.Chips_TestCase" name="@AfterMethod AfterMethod" time="-1.638275017486E9">
    <skipped/>
  </testcase> <!-- @AfterMethod AfterMethod -->
  <testcase classname="TestNG_Set.Chips_TestCase" name="@BeforeMethod BeforeMethod" time="-1.638275017487E9">
    <skipped/>
  </testcase> <!-- @BeforeMethod BeforeMethod -->
  <testcase classname="TestNG_Set.Chips_TestCase" name="@AfterMethod AfterMethod" time="-1.638275017497E9">
    <skipped/>
  </testcase> <!-- @AfterMethod AfterMethod -->
  <testcase classname="TestNG_Set.Chips_TestCase" name="@BeforeMethod BeforeMethod" time="-1.638275017498E9">
    <skipped/>
  </testcase> <!-- @BeforeMethod BeforeMethod -->
  <testcase classname="TestNG_Set.Chips_TestCase" name="@AfterMethod AfterMethod" time="-1.638275017513E9">
    <skipped/>
  </testcase> <!-- @AfterMethod AfterMethod -->
  <testcase classname="TestNG_Set.Chips_TestCase" name="@BeforeMethod BeforeMethod" time="-1.638275017514E9">
    <skipped/>
  </testcase> <!-- @BeforeMethod BeforeMethod -->
  <testcase classname="TestNG_Set.Chips_TestCase" name="@AfterMethod AfterMethod" time="-1.638275017524E9">
    <skipped/>
  </testcase> <!-- @AfterMethod AfterMethod -->
  <testcase classname="TestNG_Set.Chips_TestCase" name="@BeforeMethod BeforeMethod" time="-1.638275017525E9">
    <skipped/>
  </testcase> <!-- @BeforeMethod BeforeMethod -->
  <testcase classname="TestNG_Set.Chips_TestCase" name="@AfterMethod AfterMethod" time="-1.638275017539E9">
    <skipped/>
  </testcase> <!-- @AfterMethod AfterMethod -->
  <testcase classname="TestNG_Set.Chips_TestCase" name="@BeforeMethod BeforeMethod" time="-1.63827501754E9">
    <skipped/>
  </testcase> <!-- @BeforeMethod BeforeMethod -->
  <testcase classname="TestNG_Set.Chips_TestCase" name="@AfterMethod AfterMethod" time="-1.638275017564E9">
    <skipped/>
  </testcase> <!-- @AfterMethod AfterMethod -->
  <testcase classname="TestNG_Set.Chips_TestCase" name="@BeforeMethod BeforeMethod" time="-1.638275017567E9">
    <skipped/>
  </testcase> <!-- @BeforeMethod BeforeMethod -->
  <testcase classname="TestNG_Set.Chips_TestCase" name="@AfterMethod AfterMethod" time="-1.638275017571E9">
    <skipped/>
  </testcase> <!-- @AfterMethod AfterMethod -->
  <testcase classname="TestNG_Set.Chips_TestCase" name="@BeforeMethod BeforeMethod" time="-1.638275017574E9">
    <skipped/>
  </testcase> <!-- @BeforeMethod BeforeMethod -->
  <testcase classname="TestNG_Set.Chips_TestCase" name="@AfterMethod AfterMethod" time="-1.638275017578E9">
    <skipped/>
  </testcase> <!-- @AfterMethod AfterMethod -->
  <testcase classname="TestNG_Set.Chips_TestCase" name="@BeforeMethod BeforeMethod" time="-1.638275017579E9">
    <skipped/>
  </testcase> <!-- @BeforeMethod BeforeMethod -->
  <testcase classname="TestNG_Set.Chips_TestCase" name="@AfterMethod AfterMethod" time="-1.638275017583E9">
    <skipped/>
  </testcase> <!-- @AfterMethod AfterMethod -->
  <testcase classname="TestNG_Set.Chips_TestCase" name="@BeforeMethod BeforeMethod" time="-1.638275017584E9">
    <skipped/>
  </testcase> <!-- @BeforeMethod BeforeMethod -->
  <testcase classname="TestNG_Set.Chips_TestCase" name="@AfterMethod AfterMethod" time="-1.638275017589E9">
    <skipped/>
  </testcase> <!-- @AfterMethod AfterMethod -->
  <testcase classname="TestNG_Set.Chips_TestCase" name="@BeforeMethod BeforeMethod" time="-1.63827501759E9">
    <skipped/>
  </testcase> <!-- @BeforeMethod BeforeMethod -->
  <testcase classname="TestNG_Set.Chips_TestCase" name="@AfterMethod AfterMethod" time="-1.638275017594E9">
    <skipped/>
  </testcase> <!-- @AfterMethod AfterMethod -->
  <testcase classname="TestNG_Set.Chips_TestCase" name="@AfterClass tearDownClass" time="-1.638275017595E9">
    <skipped/>
  </testcase> <!-- @AfterClass tearDownClass -->
  <testcase classname="TestNG_Set.Chips_TestCase" name="@BeforeClass setupClass" time="4.588">
    <failure type="org.openqa.selenium.WebDriverException" message="Connection refused: no further information
Build info: version: &amp;apos;3.141.59&amp;apos;, revision: &amp;apos;e82be7d358&amp;apos;, time: &amp;apos;2018-11-14T08:17:03&amp;apos;
System info: host: &amp;apos;DESKTOP-KEI&amp;apos;, ip: &amp;apos;192.168.55.40&amp;apos;, os.name: &amp;apos;Windows 10&amp;apos;, os.arch: &amp;apos;amd64&amp;apos;, os.version: &amp;apos;10.0&amp;apos;, java.version: &amp;apos;15.0.2&amp;apos;
Driver info: driver.version: AndroidDriver">
      <![CDATA[org.openqa.selenium.WebDriverException: Connection refused: no further information
Build info: version: '3.141.59', revision: 'e82be7d358', time: '2018-11-14T08:17:03'
System info: host: 'DESKTOP-KEI', ip: '192.168.55.40', os.name: 'Windows 10', os.arch: 'amd64', os.version: '10.0', java.version: '15.0.2'
Driver info: driver.version: AndroidDriver
at io.appium.java_client.remote.AppiumCommandExecutor.lambda$6(AppiumCommandExecutor.java:259)
at java.base/java.util.Optional.orElseGet(Optional.java:362)
at io.appium.java_client.remote.AppiumCommandExecutor.execute(AppiumCommandExecutor.java:258)
at org.openqa.selenium.remote.RemoteWebDriver.execute(RemoteWebDriver.java:552)
at io.appium.java_client.DefaultGenericMobileDriver.execute(DefaultGenericMobileDriver.java:41)
at io.appium.java_client.AppiumDriver.execute(AppiumDriver.java:1)
at io.appium.java_client.android.AndroidDriver.execute(AndroidDriver.java:1)
at unit.Utilities.execute(Utilities.java:1)
at org.openqa.selenium.remote.RemoteWebDriver.startSession(RemoteWebDriver.java:213)
at io.appium.java_client.AppiumDriver.startSession(AppiumDriver.java:338)
at org.openqa.selenium.remote.RemoteWebDriver.<init>(RemoteWebDriver.java:131)
at io.appium.java_client.DefaultGenericMobileDriver.<init>(DefaultGenericMobileDriver.java:37)
at io.appium.java_client.AppiumDriver.<init>(AppiumDriver.java:89)
at io.appium.java_client.AppiumDriver.<init>(AppiumDriver.java:99)
at io.appium.java_client.android.AndroidDriver.<init>(AndroidDriver.java:96)
at unit.Utilities.<init>(Utilities.java:143)
at TestNG_Set.Chips_TestCase.setupClass(Chips_TestCase.java:95)
at java.base/java.util.ArrayList.forEach(ArrayList.java:1511)
at java.base/java.util.concurrent.FutureTask.run(FutureTask.java:264)
at java.base/java.util.concurrent.ThreadPoolExecutor.runWorker(ThreadPoolExecutor.java:1130)
at java.base/java.util.concurrent.ThreadPoolExecutor$Worker.run(ThreadPoolExecutor.java:630)
at java.base/java.lang.Thread.run(Thread.java:832)
Caused by: java.net.ConnectException: Connection refused: no further information
at java.base/sun.nio.ch.Net.pollConnect(Native Method)
at java.base/sun.nio.ch.Net.pollConnectNow(Net.java:660)
at java.base/sun.nio.ch.NioSocketImpl.timedFinishConnect(NioSocketImpl.java:549)
at java.base/sun.nio.ch.NioSocketImpl.connect(NioSocketImpl.java:597)
at java.base/java.net.SocksSocketImpl.connect(SocksSocketImpl.java:333)
at java.base/java.net.Socket.connect(Socket.java:648)
at okhttp3.internal.platform.Platform.connectSocket(Platform.kt:127)
at okhttp3.internal.connection.RealConnection.connectSocket(RealConnection.kt:268)
at okhttp3.internal.connection.RealConnection.connect(RealConnection.kt:176)
at okhttp3.internal.connection.ExchangeFinder.findConnection(ExchangeFinder.kt:236)
at okhttp3.internal.connection.ExchangeFinder.findHealthyConnection(ExchangeFinder.kt:109)
at okhttp3.internal.connection.ExchangeFinder.find(ExchangeFinder.kt:77)
at okhttp3.internal.connection.Transmitter.newExchange$okhttp(Transmitter.kt:162)
at okhttp3.internal.connection.ConnectInterceptor.intercept(ConnectInterceptor.kt:35)
at okhttp3.internal.http.RealInterceptorChain.proceed(RealInterceptorChain.kt:112)
at okhttp3.internal.http.RealInterceptorChain.proceed(RealInterceptorChain.kt:87)
at okhttp3.internal.cache.CacheInterceptor.intercept(CacheInterceptor.kt:82)
at okhttp3.internal.http.RealInterceptorChain.proceed(RealInterceptorChain.kt:112)
at okhttp3.internal.http.RealInterceptorChain.proceed(RealInterceptorChain.kt:87)
at okhttp3.internal.http.BridgeInterceptor.intercept(BridgeInterceptor.kt:84)
at okhttp3.internal.http.RealInterceptorChain.proceed(RealInterceptorChain.kt:112)
at okhttp3.internal.http.RetryAndFollowUpInterceptor.intercept(RetryAndFollowUpInterceptor.kt:71)
at okhttp3.internal.http.RealInterceptorChain.proceed(RealInterceptorChain.kt:112)
at okhttp3.internal.http.RealInterceptorChain.proceed(RealInterceptorChain.kt:87)
at okhttp3.RealCall.getResponseWithInterceptorChain(RealCall.kt:184)
at okhttp3.RealCall.execute(RealCall.kt:66)
at org.openqa.selenium.remote.internal.OkHttpClient.execute(OkHttpClient.java:103)
at io.appium.java_client.remote.AppiumCommandExecutor.lambda$1(AppiumCommandExecutor.java:162)
at org.openqa.selenium.remote.ProtocolHandshake.createSession(ProtocolHandshake.java:105)
at io.appium.java_client.remote.AppiumCommandExecutor$1.createSession(AppiumCommandExecutor.java:193)
at io.appium.java_client.remote.AppiumCommandExecutor.createSession(AppiumCommandExecutor.java:225)
at io.appium.java_client.remote.AppiumCommandExecutor.execute(AppiumCommandExecutor.java:247)
... 35 more
... Removed 20 stack frames]]>
    </failure>
  </testcase> <!-- @BeforeClass setupClass -->
  <testcase classname="TestNG_Set.Chips_TestCase" name="@BeforeMethod BeforeMethod" time="-1.638275022187E9">
    <skipped/>
  </testcase> <!-- @BeforeMethod BeforeMethod -->
  <testcase classname="TestNG_Set.Chips_TestCase" name="@AfterMethod AfterMethod" time="-1.63827502219E9">
    <skipped/>
  </testcase> <!-- @AfterMethod AfterMethod -->
  <testcase classname="TestNG_Set.Chips_TestCase" name="@BeforeMethod BeforeMethod" time="-1.638275022192E9">
    <skipped/>
  </testcase> <!-- @BeforeMethod BeforeMethod -->
  <testcase classname="TestNG_Set.Chips_TestCase" name="@AfterMethod AfterMethod" time="-1.638275022196E9">
    <skipped/>
  </testcase> <!-- @AfterMethod AfterMethod -->
  <testcase classname="TestNG_Set.Chips_TestCase" name="@BeforeMethod BeforeMethod" time="-1.638275022197E9">
    <skipped/>
  </testcase> <!-- @BeforeMethod BeforeMethod -->
  <testcase classname="TestNG_Set.Chips_TestCase" name="@AfterMethod AfterMethod" time="-1.638275022201E9">
    <skipped/>
  </testcase> <!-- @AfterMethod AfterMethod -->
  <testcase classname="TestNG_Set.Chips_TestCase" name="@BeforeMethod BeforeMethod" time="-1.638275022202E9">
    <skipped/>
  </testcase> <!-- @BeforeMethod BeforeMethod -->
  <testcase classname="TestNG_Set.Chips_TestCase" name="@AfterMethod AfterMethod" time="-1.638275022206E9">
    <skipped/>
  </testcase> <!-- @AfterMethod AfterMethod -->
  <testcase classname="TestNG_Set.Chips_TestCase" name="@BeforeMethod BeforeMethod" time="-1.638275022206E9">
    <skipped/>
  </testcase> <!-- @BeforeMethod BeforeMethod -->
  <testcase classname="TestNG_Set.Chips_TestCase" name="@AfterMethod AfterMethod" time="-1.638275022209E9">
    <skipped/>
  </testcase> <!-- @AfterMethod AfterMethod -->
  <testcase classname="TestNG_Set.Chips_TestCase" name="@BeforeMethod BeforeMethod" time="-1.63827502221E9">
    <skipped/>
  </testcase> <!-- @BeforeMethod BeforeMethod -->
  <testcase classname="TestNG_Set.Chips_TestCase" name="@AfterMethod AfterMethod" time="-1.638275022213E9">
    <skipped/>
  </testcase> <!-- @AfterMethod AfterMethod -->
  <testcase classname="TestNG_Set.Chips_TestCase" name="@BeforeMethod BeforeMethod" time="-1.638275022214E9">
    <skipped/>
  </testcase> <!-- @BeforeMethod BeforeMethod -->
  <testcase classname="TestNG_Set.Chips_TestCase" name="@AfterMethod AfterMethod" time="-1.638275022216E9">
    <skipped/>
  </testcase> <!-- @AfterMethod AfterMethod -->
  <testcase classname="TestNG_Set.Chips_TestCase" name="@BeforeMethod BeforeMethod" time="-1.638275022218E9">
    <skipped/>
  </testcase> <!-- @BeforeMethod BeforeMethod -->
  <testcase classname="TestNG_Set.Chips_TestCase" name="@AfterMethod AfterMethod" time="-1.638275022223E9">
    <skipped/>
  </testcase> <!-- @AfterMethod AfterMethod -->
  <testcase classname="TestNG_Set.Chips_TestCase" name="@BeforeMethod BeforeMethod" time="-1.638275022224E9">
    <skipped/>
  </testcase> <!-- @BeforeMethod BeforeMethod -->
  <testcase classname="TestNG_Set.Chips_TestCase" name="@AfterMethod AfterMethod" time="-1.638275022228E9">
    <skipped/>
  </testcase> <!-- @AfterMethod AfterMethod -->
  <testcase classname="TestNG_Set.Chips_TestCase" name="@BeforeMethod BeforeMethod" time="-1.638275022229E9">
    <skipped/>
  </testcase> <!-- @BeforeMethod BeforeMethod -->
  <testcase classname="TestNG_Set.Chips_TestCase" name="@AfterMethod AfterMethod" time="-1.638275022232E9">
    <skipped/>
  </testcase> <!-- @AfterMethod AfterMethod -->
  <testcase classname="TestNG_Set.Chips_TestCase" name="@BeforeMethod BeforeMethod" time="-1.638275022233E9">
    <skipped/>
  </testcase> <!-- @BeforeMethod BeforeMethod -->
  <testcase classname="TestNG_Set.Chips_TestCase" name="@AfterMethod AfterMethod" time="-1.638275022236E9">
    <skipped/>
  </testcase> <!-- @AfterMethod AfterMethod -->
  <testcase classname="TestNG_Set.Chips_TestCase" name="@BeforeMethod BeforeMethod" time="-1.638275022237E9">
    <skipped/>
  </testcase> <!-- @BeforeMethod BeforeMethod -->
  <testcase classname="TestNG_Set.Chips_TestCase" name="@AfterMethod AfterMethod" time="-1.638275022241E9">
    <skipped/>
  </testcase> <!-- @AfterMethod AfterMethod -->
  <testcase classname="TestNG_Set.Chips_TestCase" name="@BeforeMethod BeforeMethod" time="-1.638275022241E9">
    <skipped/>
  </testcase> <!-- @BeforeMethod BeforeMethod -->
  <testcase classname="TestNG_Set.Chips_TestCase" name="@AfterMethod AfterMethod" time="-1.638275022244E9">
    <skipped/>
  </testcase> <!-- @AfterMethod AfterMethod -->
  <testcase classname="TestNG_Set.Chips_TestCase" name="@BeforeMethod BeforeMethod" time="-1.638275022245E9">
    <skipped/>
  </testcase> <!-- @BeforeMethod BeforeMethod -->
  <testcase classname="TestNG_Set.Chips_TestCase" name="@AfterMethod AfterMethod" time="-1.638275022248E9">
    <skipped/>
  </testcase> <!-- @AfterMethod AfterMethod -->
  <testcase classname="TestNG_Set.Chips_TestCase" name="@BeforeMethod BeforeMethod" time="-1.638275022249E9">
    <skipped/>
  </testcase> <!-- @BeforeMethod BeforeMethod -->
  <testcase classname="TestNG_Set.Chips_TestCase" name="@AfterMethod AfterMethod" time="-1.638275022252E9">
    <skipped/>
  </testcase> <!-- @AfterMethod AfterMethod -->
  <testcase classname="TestNG_Set.Chips_TestCase" name="@BeforeMethod BeforeMethod" time="-1.638275022253E9">
    <skipped/>
  </testcase> <!-- @BeforeMethod BeforeMethod -->
  <testcase classname="TestNG_Set.Chips_TestCase" name="@AfterMethod AfterMethod" time="-1.638275022255E9">
    <skipped/>
  </testcase> <!-- @AfterMethod AfterMethod -->
  <testcase classname="TestNG_Set.Chips_TestCase" name="@BeforeMethod BeforeMethod" time="-1.638275022256E9">
    <skipped/>
  </testcase> <!-- @BeforeMethod BeforeMethod -->
  <testcase classname="TestNG_Set.Chips_TestCase" name="@AfterMethod AfterMethod" time="-1.638275022259E9">
    <skipped/>
  </testcase> <!-- @AfterMethod AfterMethod -->
  <testcase classname="TestNG_Set.Chips_TestCase" name="@BeforeMethod BeforeMethod" time="-1.638275022261E9">
    <skipped/>
  </testcase> <!-- @BeforeMethod BeforeMethod -->
  <testcase classname="TestNG_Set.Chips_TestCase" name="@AfterMethod AfterMethod" time="-1.638275022264E9">
    <skipped/>
  </testcase> <!-- @AfterMethod AfterMethod -->
  <testcase classname="TestNG_Set.Chips_TestCase" name="@BeforeMethod BeforeMethod" time="-1.638275022265E9">
    <skipped/>
  </testcase> <!-- @BeforeMethod BeforeMethod -->
  <testcase classname="TestNG_Set.Chips_TestCase" name="@AfterMethod AfterMethod" time="-1.638275022268E9">
    <skipped/>
  </testcase> <!-- @AfterMethod AfterMethod -->
  <testcase classname="TestNG_Set.Chips_TestCase" name="@BeforeMethod BeforeMethod" time="-1.638275022269E9">
    <skipped/>
  </testcase> <!-- @BeforeMethod BeforeMethod -->
  <testcase classname="TestNG_Set.Chips_TestCase" name="@AfterMethod AfterMethod" time="-1.638275022272E9">
    <skipped/>
  </testcase> <!-- @AfterMethod AfterMethod -->
  <testcase classname="TestNG_Set.Chips_TestCase" name="@BeforeMethod BeforeMethod" time="-1.638275022273E9">
    <skipped/>
  </testcase> <!-- @BeforeMethod BeforeMethod -->
  <testcase classname="TestNG_Set.Chips_TestCase" name="@AfterMethod AfterMethod" time="-1.638275022277E9">
    <skipped/>
  </testcase> <!-- @AfterMethod AfterMethod -->
  <testcase classname="TestNG_Set.Chips_TestCase" name="@BeforeMethod BeforeMethod" time="-1.638275022281E9">
    <skipped/>
  </testcase> <!-- @BeforeMethod BeforeMethod -->
  <testcase classname="TestNG_Set.Chips_TestCase" name="@AfterMethod AfterMethod" time="-1.638275022293E9">
    <skipped/>
  </testcase> <!-- @AfterMethod AfterMethod -->
  <testcase classname="TestNG_Set.Chips_TestCase" name="@BeforeMethod BeforeMethod" time="-1.638275022295E9">
    <skipped/>
  </testcase> <!-- @BeforeMethod BeforeMethod -->
  <testcase classname="TestNG_Set.Chips_TestCase" name="@AfterMethod AfterMethod" time="-1.638275022306E9">
    <skipped/>
  </testcase> <!-- @AfterMethod AfterMethod -->
  <testcase classname="TestNG_Set.Chips_TestCase" name="@BeforeMethod BeforeMethod" time="-1.638275022307E9">
    <skipped/>
  </testcase> <!-- @BeforeMethod BeforeMethod -->
  <testcase classname="TestNG_Set.Chips_TestCase" name="@AfterMethod AfterMethod" time="-1.638275022309E9">
    <skipped/>
  </testcase> <!-- @AfterMethod AfterMethod -->
  <testcase classname="TestNG_Set.Chips_TestCase" name="@BeforeMethod BeforeMethod" time="-1.638275022309E9">
    <skipped/>
  </testcase> <!-- @BeforeMethod BeforeMethod -->
  <testcase classname="TestNG_Set.Chips_TestCase" name="@AfterMethod AfterMethod" time="-1.638275022312E9">
    <skipped/>
  </testcase> <!-- @AfterMethod AfterMethod -->
  <testcase classname="TestNG_Set.Chips_TestCase" name="@AfterClass tearDownClass" time="-1.638275022313E9">
    <skipped/>
  </testcase> <!-- @AfterClass tearDownClass -->
  <testcase classname="Chips_004_미디어_etc.미디어_06_자체소싱" name="TC_0000_앱실행과AccessToken얻기" time="0.0">
    <skipped/>
  </testcase> <!-- TC_0000_앱실행과AccessToken얻기 -->
  <testcase classname="Chips_004_미디어_etc.미디어_06_자체소싱" name="TC_0300_Chips_자체소싱_재생_확인" time="0.0">
    <skipped/>
  </testcase> <!-- TC_0300_Chips_자체소싱_재생_확인 -->
  <testcase classname="Chips_004_미디어_etc.미디어_06_자체소싱" name="TC_0301_Chips_자체소싱_재생_확인" time="0.0">
    <skipped/>
  </testcase> <!-- TC_0301_Chips_자체소싱_재생_확인 -->
  <testcase classname="Chips_004_미디어_etc.미디어_06_자체소싱" name="TC_0302_Chips_자체소싱_일시정지_확인" time="0.0">
    <skipped/>
  </testcase> <!-- TC_0302_Chips_자체소싱_일시정지_확인 -->
  <testcase classname="Chips_004_미디어_etc.미디어_06_자체소싱" name="TC_0303_Chips_자체소싱_일시정지취소_확인" time="0.0">
    <skipped/>
  </testcase> <!-- TC_0303_Chips_자체소싱_일시정지취소_확인 -->
  <testcase classname="Chips_004_미디어_etc.미디어_06_자체소싱" name="TC_0304_Chips_컨트롤러_좋아요_확인" time="0.0">
    <skipped/>
  </testcase> <!-- TC_0304_Chips_컨트롤러_좋아요_확인 -->
  <testcase classname="Chips_004_미디어_etc.미디어_06_자체소싱" name="TC_0305_Chips_컨트롤러_좋아요취소_확인" time="0.0">
    <skipped/>
  </testcase> <!-- TC_0305_Chips_컨트롤러_좋아요취소_확인 -->
  <testcase classname="Chips_004_미디어_etc.미디어_06_자체소싱" name="TC_0306_Chips_자체소싱_다음_확인" time="0.0">
    <skipped/>
  </testcase> <!-- TC_0306_Chips_자체소싱_다음_확인 -->
  <testcase classname="Chips_004_미디어_etc.미디어_06_자체소싱" name="TC_0307_Chips_자체소싱_이전_확인" time="0.0">
    <skipped/>
  </testcase> <!-- TC_0307_Chips_자체소싱_이전_확인 -->
  <testcase classname="Chips_004_미디어_etc.미디어_06_자체소싱" name="TC_0308_Chips_자체소싱_셔플_확인" time="0.0">
    <skipped/>
  </testcase> <!-- TC_0308_Chips_자체소싱_셔플_확인 -->
  <testcase classname="Chips_004_미디어_etc.미디어_06_자체소싱" name="TC_0309_Chips_자체소싱_이전_확인" time="0.0">
    <skipped/>
  </testcase> <!-- TC_0309_Chips_자체소싱_이전_확인 -->
  <testcase classname="Chips_004_미디어_etc.미디어_06_자체소싱" name="TC_0310_Chips_자체소싱_셔플_확인" time="0.0">
    <skipped/>
  </testcase> <!-- TC_0310_Chips_자체소싱_셔플_확인 -->
  <testcase classname="Chips_004_미디어_etc.미디어_06_자체소싱" name="TC_0311_Chips_자체소싱_다음_확인" time="0.0">
    <skipped/>
  </testcase> <!-- TC_0311_Chips_자체소싱_다음_확인 -->
  <testcase classname="Chips_004_미디어_etc.미디어_06_자체소싱" name="TC_0312_Chips_자체소싱_20초뒤로_확인" time="0.0">
    <skipped/>
  </testcase> <!-- TC_0312_Chips_자체소싱_20초뒤로_확인 -->
  <testcase classname="Chips_004_미디어_etc.미디어_06_자체소싱" name="TC_0313_Chips_자체소싱_15초앞으로_확인" time="0.0">
    <skipped/>
  </testcase> <!-- TC_0313_Chips_자체소싱_15초앞으로_확인 -->
  <testcase classname="Chips_004_미디어_etc.미디어_07_ASMR" name="TC_0000_앱실행과AccessToken얻기" time="0.0">
    <skipped/>
  </testcase> <!-- TC_0000_앱실행과AccessToken얻기 -->
  <testcase classname="Chips_004_미디어_etc.미디어_07_ASMR" name="TC_0315_Chips_ASMR_재생_확인" time="0.0">
    <skipped/>
  </testcase> <!-- TC_0315_Chips_ASMR_재생_확인 -->
  <testcase classname="Chips_004_미디어_etc.미디어_07_ASMR" name="TC_0316_Chips_ASMR_과자먹는소리재생_확인" time="0.0">
    <skipped/>
  </testcase> <!-- TC_0316_Chips_ASMR_과자먹는소리재생_확인 -->
  <testcase classname="Chips_004_미디어_etc.미디어_07_ASMR" name="TC_0317_Chips_ASMR_빗소리_확인" time="0.0">
    <skipped/>
  </testcase> <!-- TC_0317_Chips_ASMR_빗소리_확인 -->
  <testcase classname="Chips_004_미디어_etc.미디어_07_ASMR" name="TC_0318_Chips_ASMR_힐링사운드_확인" time="0.0">
    <skipped/>
  </testcase> <!-- TC_0318_Chips_ASMR_힐링사운드_확인 -->
  <testcase classname="Chips_004_미디어_etc.미디어_07_ASMR" name="TC_0319_Chips_ASMR_자연의소리_반복확인" time="0.0">
    <skipped/>
  </testcase> <!-- TC_0319_Chips_ASMR_자연의소리_반복확인 -->
  <testcase classname="Chips_004_미디어_etc.미디어_07_ASMR" name="TC_0320_Chips_ASMR_이노래뭐야_확인" time="0.0">
    <skipped/>
  </testcase> <!-- TC_0320_Chips_ASMR_이노래뭐야_확인 -->
  <testcase classname="Chips_004_미디어_etc.미디어_07_ASMR" name="TC_0321_Chips_ASMR_다음ASMR_확인" time="0.0">
    <skipped/>
  </testcase> <!-- TC_0321_Chips_ASMR_다음ASMR_확인 -->
  <testcase classname="Chips_004_미디어_etc.미디어_07_ASMR" name="TC_0322_Chips_ASMR_이전ASMR_확인" time="0.0">
    <skipped/>
  </testcase> <!-- TC_0322_Chips_ASMR_이전ASMR_확인 -->
  <testcase classname="Chips_004_미디어_etc.미디어_07_ASMR" name="TC_0324_Chips_ASMR_재생_확인" time="0.0">
    <skipped/>
  </testcase> <!-- TC_0324_Chips_ASMR_재생_확인 -->
  <testcase classname="Chips_004_미디어_etc.미디어_07_ASMR" name="TC_0325_Chips_ASMR_일시정지_확인" time="0.0">
    <skipped/>
  </testcase> <!-- TC_0325_Chips_ASMR_일시정지_확인 -->
  <testcase classname="Chips_004_미디어_etc.미디어_07_ASMR" name="TC_0326_Chips_ASMR_일시정지취소_확인" time="0.0">
    <skipped/>
  </testcase> <!-- TC_0326_Chips_ASMR_일시정지취소_확인 -->
  <testcase classname="Chips_004_미디어_etc.미디어_07_ASMR" name="TC_0327_Chips_ASMR_일시정지_확인" time="0.0">
    <skipped/>
  </testcase> <!-- TC_0327_Chips_ASMR_일시정지_확인 -->
  <testcase classname="Chips_004_미디어_etc.미디어_07_ASMR" name="TC_0328_Chips_ASMR_재생_확인" time="0.0">
    <skipped/>
  </testcase> <!-- TC_0328_Chips_ASMR_재생_확인 -->
  <testcase classname="Chips_004_미디어_etc.미디어_07_ASMR" name="TC_0329_Chips_ASMR_좋아요_확인" time="0.0">
    <skipped/>
  </testcase> <!-- TC_0329_Chips_ASMR_좋아요_확인 -->
  <testcase classname="Chips_004_미디어_etc.미디어_07_ASMR" name="TC_0330_Chips_ASMR_좋아요취소_확인" time="0.0">
    <skipped/>
  </testcase> <!-- TC_0330_Chips_ASMR_좋아요취소_확인 -->
  <testcase classname="Chips_004_미디어_etc.미디어_07_ASMR" name="TC_0331_Chips_ASMR_다음ASMR_확인" time="0.0">
    <skipped/>
  </testcase> <!-- TC_0331_Chips_ASMR_다음ASMR_확인 -->
  <testcase classname="Chips_004_미디어_etc.미디어_07_ASMR" name="TC_0332_Chips_ASMR_이전ASMR_확인" time="0.0">
    <skipped/>
  </testcase> <!-- TC_0332_Chips_ASMR_이전ASMR_확인 -->
  <testcase classname="Chips_004_미디어_etc.미디어_07_ASMR" name="TC_0333_Chips_ASMR_셔플_확인" time="0.0">
    <skipped/>
  </testcase> <!-- TC_0333_Chips_ASMR_셔플_확인 -->
  <testcase classname="Chips_004_미디어_etc.미디어_07_ASMR" name="TC_0334_Chips_ASMR_다음ASMR_확인" time="0.0">
    <skipped/>
  </testcase> <!-- TC_0334_Chips_ASMR_다음ASMR_확인 -->
  <testcase classname="Chips_004_미디어_etc.미디어_07_ASMR" name="TC_0335_Chips_ASMR_이전ASMR_확인" time="0.0">
    <skipped/>
  </testcase> <!-- TC_0335_Chips_ASMR_이전ASMR_확인 -->
  <testcase classname="Chips_004_미디어_etc.미디어_07_ASMR" name="TC_0336_Chips_ASMR_셔플해제_확인" time="0.0">
    <skipped/>
  </testcase> <!-- TC_0336_Chips_ASMR_셔플해제_확인 -->
  <testcase classname="Chips_004_미디어_etc.미디어_07_ASMR" name="TC_0337_Chips_ASMR_다음ASMR_확인" time="0.0">
    <skipped/>
  </testcase> <!-- TC_0337_Chips_ASMR_다음ASMR_확인 -->
  <testcase classname="Chips_004_미디어_etc.미디어_07_ASMR" name="TC_0338_Chips_ASMR_20초뒤로_확인" time="0.0">
    <skipped/>
  </testcase> <!-- TC_0338_Chips_ASMR_20초뒤로_확인 -->
  <testcase classname="Chips_004_미디어_etc.미디어_07_ASMR" name="TC_0339_Chips_ASMR_15초앞으로_확인" time="0.0">
    <skipped/>
  </testcase> <!-- TC_0339_Chips_ASMR_15초앞으로_확인 -->
</testsuite> <!-- Test_Project -->
