<?xml version="1.0" encoding="UTF-8"?>
<!-- Generated by org.testng.reporters.JUnitXMLReporter -->
<testsuite hostname="SKT1112049PN002" ignored="0" name="Test_Project" tests="13" failures="0" timestamp="2021-07-30T12:33:10 KST" time="462.325" errors="0">
  <testcase name="TC_0000_앱실행과AccessToken얻기" time="65.74" classname="Chips_001_기본기능.기본기능_01_기본기능"/>
  <testcase name="TC_0009_MIC버튼호출" time="3.781" classname="Chips_001_기본기능.기본기능_01_기본기능"/>
  <testcase name="TC_0068_베터리잔량_발화체크" time="18.384" classname="Chips_001_기본기능.기본기능_01_기본기능"/>
  <testcase name="TC_0069_베터리잔량_발화체크" time="18.382" classname="Chips_001_기본기능.기본기능_01_기본기능"/>
  <testcase name="TC_0079_전원제어_발화체크" time="18.406" classname="Chips_001_기본기능.기본기능_01_기본기능"/>
  <testcase name="TC_0091_환경설정_발화체크" time="18.397" classname="Chips_001_기본기능.기본기능_01_기본기능"/>
  <testcase name="TC_0094_미디어재생중_환경설정_발화체크" time="39.149" classname="Chips_001_기본기능.기본기능_01_기본기능"/>
  <testcase name="TC_0098_홈화면변경_발화체크" time="18.35" classname="Chips_001_기본기능.기본기능_01_기본기능"/>
  <testcase name="TC_0115_나이트모드_발화체크" time="18.435" classname="Chips_001_기본기능.기본기능_01_기본기능"/>
  <testcase name="TC_0000_앱실행과AccessToken얻기" time="29.277" classname="Chips_001_기본기능.기본기능_02_홈화면최초진입"/>
  <testcase name="TC_0138_홈화면최초진입확인" time="3.942" classname="Chips_001_기본기능.기본기능_02_홈화면최초진입"/>
  <testcase name="TC_0000_앱실행과AccessToken얻기" time="60.567" classname="Chips_001_기본기능.기본기능_03_부가기능"/>
  <testcase name="TC_0145_미디어재생중_infoPlay실행" time="47.166" classname="Chips_001_기본기능.기본기능_03_부가기능"/>
</testsuite> <!-- Test_Project -->
