<?xml version="1.0" encoding="UTF-8"?>
<!-- Generated by org.testng.reporters.JUnitXMLReporter -->
<testsuite ignored="0" hostname="DESKTOP-Kei" failures="4" tests="14" name="Test_Project" time="546.157" errors="0" timestamp="2021-07-27T19:48:08 KST">
  <testcase classname="Chips_004_생활정보.생활정보_03_날씨_일기예보" name="TC_0000_앱실행과AccessToken얻기" time="62.307"/>
  <testcase classname="Chips_004_생활정보.생활정보_03_날씨_일기예보" name="TC_0722_Chips_날씨_오늘날씨_확인" time="38.085"/>
  <testcase classname="Chips_004_생활정보.생활정보_03_날씨_일기예보" name="TC_0723_Chips_날씨_오늘날씨_확인" time="43.989"/>
  <testcase classname="Chips_004_생활정보.생활정보_03_날씨_일기예보" name="TC_0724_Chips_날씨_내일날씨_확인" time="45.362"/>
  <testcase classname="Chips_004_생활정보.생활정보_03_날씨_일기예보" name="TC_0725_Chips_날씨_내일날씨_확인" time="44.096"/>
  <testcase classname="Chips_004_생활정보.생활정보_03_날씨_일기예보" name="TC_0726_Chips_날씨_모레날씨_확인" time="48.701"/>
  <testcase classname="Chips_004_생활정보.생활정보_03_날씨_일기예보" name="TC_0727_Chips_날씨_이번주날씨_확인" time="58.47"/>
  <testcase classname="Chips_004_생활정보.생활정보_03_날씨_일기예보" name="TC_0728_Chips_날씨_다음주날씨_확인" time="56.303"/>
  <testcase classname="Chips_004_생활정보.생활정보_03_날씨_일기예보" name="TC_0729_Chips_날씨_이번주주말날씨_확인" time="25.136"/>
  <testcase classname="Chips_004_생활정보.생활정보_03_날씨_일기예보" name="TC_0730_Chips_날씨_다음주주말날씨_확인" time="25.131"/>
  <testcase classname="Chips_004_생활정보.생활정보_03_날씨_일기예보" name="TC_0731_Chips_날씨_현재요일날씨_확인" time="20.732">
    <failure type="org.openqa.selenium.TimeoutException" message="Expected condition failed: waiting for element to be clickable: By.id: location (tried for 10 second(s) with 500 milliseconds interval)">
      <![CDATA[org.openqa.selenium.TimeoutException: Expected condition failed: waiting for element to be clickable: By.id: location (tried for 10 second(s) with 500 milliseconds interval)
at org.openqa.selenium.support.ui.WebDriverWait.timeoutException(WebDriverWait.java:113)
at org.openqa.selenium.support.ui.FluentWait.until(FluentWait.java:283)
at unit.Utilities.WaitfindElement(Utilities.java:156)
at unit.Utilities.getText(Utilities.java:1381)
at Chips_004_생활정보.생활정보_03_날씨_일기예보.TC_0731_Chips_날씨_현재요일날씨_확인(생활정보_03_날씨_일기예보.java:653)
at java.base/java.util.ArrayList.forEach(ArrayList.java:1511)
at java.base/java.util.concurrent.FutureTask.run(FutureTask.java:264)
at java.base/java.util.concurrent.ThreadPoolExecutor.runWorker(ThreadPoolExecutor.java:1130)
at java.base/java.util.concurrent.ThreadPoolExecutor$Worker.run(ThreadPoolExecutor.java:630)
at java.base/java.lang.Thread.run(Thread.java:832)
Caused by: org.openqa.selenium.NoSuchElementException: Cannot locate an element using By.id: location
For documentation on this error, please visit: http://seleniumhq.org/exceptions/no_such_element.html
Build info: version: '3.14.0', revision: 'aacccce0', time: '2018-08-02T20:19:58.91Z'
System info: host: 'DESKTOP-KEI', ip: '172.27.24.217', os.name: 'Windows 10', os.arch: 'amd64', os.version: '10.0', java.version: '15.0.2'
Driver info: driver.version: unknown
at org.openqa.selenium.support.ui.ExpectedConditions.lambda$findElement$0(ExpectedConditions.java:896)
at java.base/java.util.Optional.orElseThrow(Optional.java:401)
at org.openqa.selenium.support.ui.ExpectedConditions.findElement(ExpectedConditions.java:895)
at org.openqa.selenium.support.ui.ExpectedConditions.access$000(ExpectedConditions.java:44)
at org.openqa.selenium.support.ui.ExpectedConditions$7.apply(ExpectedConditions.java:206)
at org.openqa.selenium.support.ui.ExpectedConditions$7.apply(ExpectedConditions.java:202)
at org.openqa.selenium.support.ui.ExpectedConditions$22.apply(ExpectedConditions.java:657)
at org.openqa.selenium.support.ui.ExpectedConditions$22.apply(ExpectedConditions.java:654)
at org.openqa.selenium.support.ui.FluentWait.until(FluentWait.java:260)
... 26 more
... Removed 18 stack frames]]>
    </failure>
  </testcase> <!-- TC_0731_Chips_날씨_현재요일날씨_확인 -->
  <testcase classname="Chips_004_생활정보.생활정보_03_날씨_일기예보" name="TC_0732_Chips_날씨_현재요일날씨_확인" time="20.742">
    <failure type="org.openqa.selenium.TimeoutException" message="Expected condition failed: waiting for element to be clickable: By.id: location (tried for 10 second(s) with 500 milliseconds interval)">
      <![CDATA[org.openqa.selenium.TimeoutException: Expected condition failed: waiting for element to be clickable: By.id: location (tried for 10 second(s) with 500 milliseconds interval)
at org.openqa.selenium.support.ui.WebDriverWait.timeoutException(WebDriverWait.java:113)
at org.openqa.selenium.support.ui.FluentWait.until(FluentWait.java:283)
at unit.Utilities.WaitfindElement(Utilities.java:156)
at unit.Utilities.getText(Utilities.java:1381)
at Chips_004_생활정보.생활정보_03_날씨_일기예보.TC_0732_Chips_날씨_현재요일날씨_확인(생활정보_03_날씨_일기예보.java:725)
at java.base/java.util.ArrayList.forEach(ArrayList.java:1511)
at java.base/java.util.concurrent.FutureTask.run(FutureTask.java:264)
at java.base/java.util.concurrent.ThreadPoolExecutor.runWorker(ThreadPoolExecutor.java:1130)
at java.base/java.util.concurrent.ThreadPoolExecutor$Worker.run(ThreadPoolExecutor.java:630)
at java.base/java.lang.Thread.run(Thread.java:832)
Caused by: org.openqa.selenium.NoSuchElementException: Cannot locate an element using By.id: location
For documentation on this error, please visit: http://seleniumhq.org/exceptions/no_such_element.html
Build info: version: '3.14.0', revision: 'aacccce0', time: '2018-08-02T20:19:58.91Z'
System info: host: 'DESKTOP-KEI', ip: '172.27.24.217', os.name: 'Windows 10', os.arch: 'amd64', os.version: '10.0', java.version: '15.0.2'
Driver info: driver.version: unknown
at org.openqa.selenium.support.ui.ExpectedConditions.lambda$findElement$0(ExpectedConditions.java:896)
at java.base/java.util.Optional.orElseThrow(Optional.java:401)
at org.openqa.selenium.support.ui.ExpectedConditions.findElement(ExpectedConditions.java:895)
at org.openqa.selenium.support.ui.ExpectedConditions.access$000(ExpectedConditions.java:44)
at org.openqa.selenium.support.ui.ExpectedConditions$7.apply(ExpectedConditions.java:206)
at org.openqa.selenium.support.ui.ExpectedConditions$7.apply(ExpectedConditions.java:202)
at org.openqa.selenium.support.ui.ExpectedConditions$22.apply(ExpectedConditions.java:657)
at org.openqa.selenium.support.ui.ExpectedConditions$22.apply(ExpectedConditions.java:654)
at org.openqa.selenium.support.ui.FluentWait.until(FluentWait.java:260)
... 26 more
... Removed 18 stack frames]]>
    </failure>
  </testcase> <!-- TC_0732_Chips_날씨_현재요일날씨_확인 -->
  <testcase classname="Chips_004_생활정보.생활정보_03_날씨_일기예보" name="TC_0733_Chips_날씨_제주도날씨_확인" time="10.701">
    <failure type="junit.framework.ComparisonFailure" message="expected:&amp;lt;FLO&amp;gt; but was:&amp;lt;7월 27일 날씨&amp;gt;">
      <![CDATA[junit.framework.ComparisonFailure: expected:<FLO> but was:<7월 27일 날씨>
at junit.framework.Assert.assertEquals(Assert.java:81)
at junit.framework.Assert.assertEquals(Assert.java:87)
at Chips_004_생활정보.생활정보_03_날씨_일기예보.TC_0733_Chips_날씨_제주도날씨_확인(생활정보_03_날씨_일기예보.java:805)
at java.base/java.util.ArrayList.forEach(ArrayList.java:1511)
at java.base/java.util.concurrent.FutureTask.run(FutureTask.java:264)
at java.base/java.util.concurrent.ThreadPoolExecutor.runWorker(ThreadPoolExecutor.java:1130)
at java.base/java.util.concurrent.ThreadPoolExecutor$Worker.run(ThreadPoolExecutor.java:630)
at java.base/java.lang.Thread.run(Thread.java:832)
... Removed 18 stack frames]]>
    </failure>
  </testcase> <!-- TC_0733_Chips_날씨_제주도날씨_확인 -->
  <testcase classname="Chips_004_생활정보.생활정보_03_날씨_일기예보" name="TC_0734_Chips_날씨_파주시야동동날씨_확인" time="10.747">
    <failure type="junit.framework.ComparisonFailure" message="expected:&amp;lt;FLO&amp;gt; but was:&amp;lt;7월 27일 날씨&amp;gt;">
      <![CDATA[junit.framework.ComparisonFailure: expected:<FLO> but was:<7월 27일 날씨>
at junit.framework.Assert.assertEquals(Assert.java:81)
at junit.framework.Assert.assertEquals(Assert.java:87)
at Chips_004_생활정보.생활정보_03_날씨_일기예보.TC_0734_Chips_날씨_파주시야동동날씨_확인(생활정보_03_날씨_일기예보.java:868)
at java.base/java.util.ArrayList.forEach(ArrayList.java:1511)
at java.base/java.util.concurrent.FutureTask.run(FutureTask.java:264)
at java.base/java.util.concurrent.ThreadPoolExecutor.runWorker(ThreadPoolExecutor.java:1130)
at java.base/java.util.concurrent.ThreadPoolExecutor$Worker.run(ThreadPoolExecutor.java:630)
at java.base/java.lang.Thread.run(Thread.java:832)
... Removed 18 stack frames]]>
    </failure>
  </testcase> <!-- TC_0734_Chips_날씨_파주시야동동날씨_확인 -->
</testsuite> <!-- Test_Project -->
