<?xml version="1.0" encoding="UTF-8"?>
<!-- Generated by org.testng.reporters.JUnitXMLReporter -->
<testsuite ignored="0" hostname="DESKTOP-Kei" failures="0" tests="15" name="Test_Project" time="277.552" errors="0" timestamp="2021-07-13T21:40:39 KST">
  <testcase classname="Chips_002_음원.음원_05_FLO_재생컨트롤러" name="TC_0000_앱실행과AccessToken얻기" time="56.388"/>
  <testcase classname="Chips_002_음원.음원_05_FLO_재생컨트롤러" name="TC_0239_Chips_FLO_컨트롤러_음악재생_확인" time="25.911"/>
  <testcase classname="Chips_002_음원.음원_05_FLO_재생컨트롤러" name="TC_0240_Chips_FLO_컨트롤러_일시정지_확인" time="12.83"/>
  <testcase classname="Chips_002_음원.음원_05_FLO_재생컨트롤러" name="TC_0241_Chips_FLO_컨트롤러_일시정지취소_확인" time="11.213"/>
  <testcase classname="Chips_002_음원.음원_05_FLO_재생컨트롤러" name="TC_0242_Chips_FLO_컨트롤러_일시정지_확인" time="11.108"/>
  <testcase classname="Chips_002_음원.음원_05_FLO_재생컨트롤러" name="TC_0243_Chips_FLO_컨트롤러_음악재생_확인" time="26.431"/>
  <testcase classname="Chips_002_음원.음원_05_FLO_재생컨트롤러" name="TC_0244_Chips_FLO_컨트롤러_좋아요_확인" time="14.594"/>
  <testcase classname="Chips_002_음원.음원_05_FLO_재생컨트롤러" name="TC_0245_Chips_FLO_컨트롤러_좋아요취소_확인" time="12.842"/>
  <testcase classname="Chips_002_음원.음원_05_FLO_재생컨트롤러" name="TC_0246_Chips_FLO_컨트롤러_다음_확인" time="9.997"/>
  <testcase classname="Chips_002_음원.음원_05_FLO_재생컨트롤러" name="TC_0247_Chips_FLO_컨트롤러_이전_확인" time="10.226"/>
  <testcase classname="Chips_002_음원.음원_05_FLO_재생컨트롤러" name="TC_0248_Chips_FLO_컨트롤러_셔플_확인" time="13.854"/>
  <testcase classname="Chips_002_음원.음원_05_FLO_재생컨트롤러" name="TC_0249_Chips_FLO_컨트롤러_다음_확인" time="10.878"/>
  <testcase classname="Chips_002_음원.음원_05_FLO_재생컨트롤러" name="TC_0250_Chips_FLO_컨트롤러_이전_확인" time="9.681"/>
  <testcase classname="Chips_002_음원.음원_05_FLO_재생컨트롤러" name="TC_0251_Chips_FLO로그인_셔플해제_확인" time="14.861"/>
  <testcase classname="Chips_002_음원.음원_05_FLO_재생컨트롤러" name="TC_0252_Chips_FLO_컨트롤러_다음_확인" time="9.742"/>
</testsuite> <!-- Test_Project -->
