<?xml version="1.0" encoding="UTF-8"?>
<!-- Generated by org.testng.reporters.JUnitXMLReporter -->
<testsuite ignored="0" hostname="DESKTOP-Kei" failures="2" tests="2" name="Test_Project" time="59.339" errors="0" timestamp="2021-08-04T15:37:29 KST">
  <testcase classname="Chips_008_CarLife.CarLife_01_스타벅스" name="TC_0000_앱실행과AccessToken얻기" time="42.273">
    <failure type="java.net.SocketTimeoutException" message="Connect timed out">
      <![CDATA[java.net.SocketTimeoutException: Connect timed out
at java.base/sun.nio.ch.NioSocketImpl.timedFinishConnect(NioSocketImpl.java:546)
at java.base/sun.nio.ch.NioSocketImpl.connect(NioSocketImpl.java:597)
at java.base/java.net.SocksSocketImpl.connect(SocksSocketImpl.java:333)
at java.base/java.net.Socket.connect(Socket.java:648)
at okhttp3.internal.platform.Platform.connectSocket(Platform.kt:127)
at okhttp3.internal.connection.RealConnection.connectSocket(RealConnection.kt:268)
at okhttp3.internal.connection.RealConnection.connect(RealConnection.kt:176)
at okhttp3.internal.connection.ExchangeFinder.findConnection(ExchangeFinder.kt:236)
at okhttp3.internal.connection.ExchangeFinder.findHealthyConnection(ExchangeFinder.kt:109)
at okhttp3.internal.connection.ExchangeFinder.find(ExchangeFinder.kt:77)
at okhttp3.internal.connection.Transmitter.newExchange$okhttp(Transmitter.kt:162)
at okhttp3.internal.connection.ConnectInterceptor.intercept(ConnectInterceptor.kt:35)
at okhttp3.internal.http.RealInterceptorChain.proceed(RealInterceptorChain.kt:112)
at okhttp3.internal.http.RealInterceptorChain.proceed(RealInterceptorChain.kt:87)
at okhttp3.internal.cache.CacheInterceptor.intercept(CacheInterceptor.kt:82)
at okhttp3.internal.http.RealInterceptorChain.proceed(RealInterceptorChain.kt:112)
at okhttp3.internal.http.RealInterceptorChain.proceed(RealInterceptorChain.kt:87)
at okhttp3.internal.http.BridgeInterceptor.intercept(BridgeInterceptor.kt:84)
at okhttp3.internal.http.RealInterceptorChain.proceed(RealInterceptorChain.kt:112)
at okhttp3.internal.http.RetryAndFollowUpInterceptor.intercept(RetryAndFollowUpInterceptor.kt:71)
at okhttp3.internal.http.RealInterceptorChain.proceed(RealInterceptorChain.kt:112)
at okhttp3.internal.http.RealInterceptorChain.proceed(RealInterceptorChain.kt:87)
at okhttp3.RealCall.getResponseWithInterceptorChain(RealCall.kt:184)
at okhttp3.RealCall.execute(RealCall.kt:66)
at unit.Utilities.NUGU_Insight_Token(Utilities.java:1909)
at unit.Utilities.TransactionID_JsonParsing(Utilities.java:3071)
at Chips_008_CarLife.CarLife_01_스타벅스.accessToken얻기(CarLife_01_스타벅스.java:37)
at Chips_008_CarLife.CarLife_01_스타벅스.TC_0000_앱실행과AccessToken얻기(CarLife_01_스타벅스.java:84)
at java.base/java.util.ArrayList.forEach(ArrayList.java:1511)
at java.base/java.util.concurrent.FutureTask.run(FutureTask.java:264)
at java.base/java.util.concurrent.ThreadPoolExecutor.runWorker(ThreadPoolExecutor.java:1130)
at java.base/java.util.concurrent.ThreadPoolExecutor$Worker.run(ThreadPoolExecutor.java:630)
at java.base/java.lang.Thread.run(Thread.java:832)
... Removed 18 stack frames]]>
    </failure>
  </testcase> <!-- TC_0000_앱실행과AccessToken얻기 -->
  <testcase classname="Chips_008_CarLife.CarLife_01_스타벅스" name="TC_1243_스타벅스_미지원_확인" time="0.002">
    <failure type="java.lang.IllegalArgumentException" message="Parameter specified as non-null is null: method okhttp3.Request$Builder.addHeader, parameter value">
      <![CDATA[java.lang.IllegalArgumentException: Parameter specified as non-null is null: method okhttp3.Request$Builder.addHeader, parameter value
at okhttp3.Request$Builder.addHeader(Request.kt)
at unit.Utilities.SWFsendPost(Utilities.java:1737)
at Chips_008_CarLife.CarLife_01_스타벅스.TC_1243_스타벅스_미지원_확인(CarLife_01_스타벅스.java:92)
at java.base/java.util.ArrayList.forEach(ArrayList.java:1511)
at java.base/java.util.concurrent.FutureTask.run(FutureTask.java:264)
at java.base/java.util.concurrent.ThreadPoolExecutor.runWorker(ThreadPoolExecutor.java:1130)
at java.base/java.util.concurrent.ThreadPoolExecutor$Worker.run(ThreadPoolExecutor.java:630)
at java.base/java.lang.Thread.run(Thread.java:832)
... Removed 18 stack frames]]>
    </failure>
  </testcase> <!-- TC_1243_스타벅스_미지원_확인 -->
</testsuite> <!-- Test_Project -->
