<?xml version="1.0" encoding="UTF-8"?>
<!-- Generated by org.testng.reporters.JUnitXMLReporter -->
<testsuite ignored="0" hostname="DESKTOP-Kei" failures="7" tests="9" name="Test_Project" time="81.183" errors="0" timestamp="2021-06-22T23:06:49 KST">
  <testcase classname="Chips_001_기본기능.기본기능_01_서비스호출" name="TC_0000_앱실행과AccessToken얻기" time="51.261"/>
  <testcase classname="Chips_001_기본기능.기본기능_01_서비스호출" name="TC_0009_MIC버튼호출" time="3.207"/>
  <testcase classname="Chips_001_기본기능.기본기능_01_서비스호출" name="TC_0068_베터리잔량_발화체크" time="0.003">
    <failure type="java.lang.IllegalArgumentException" message="Parameter specified as non-null is null: method okhttp3.Request$Builder.addHeader, parameter value">
      <![CDATA[java.lang.IllegalArgumentException: Parameter specified as non-null is null: method okhttp3.Request$Builder.addHeader, parameter value
at okhttp3.Request$Builder.addHeader(Request.kt)
at unit.Utilities.SWFsendPost(Utilities.java:1410)
at Chips_001_기본기능.기본기능_01_서비스호출.TC_0068_베터리잔량_발화체크(기본기능_01_서비스호출.java:106)
at java.base/java.util.ArrayList.forEach(ArrayList.java:1511)
at java.base/java.util.concurrent.FutureTask.run(FutureTask.java:264)
at java.base/java.util.concurrent.ThreadPoolExecutor.runWorker(ThreadPoolExecutor.java:1130)
at java.base/java.util.concurrent.ThreadPoolExecutor$Worker.run(ThreadPoolExecutor.java:630)
at java.base/java.lang.Thread.run(Thread.java:832)
... Removed 18 stack frames]]>
    </failure>
  </testcase> <!-- TC_0068_베터리잔량_발화체크 -->
  <testcase classname="Chips_001_기본기능.기본기능_01_서비스호출" name="TC_0069_베터리잔량_발화체크" time="0.002">
    <failure type="java.lang.IllegalArgumentException" message="Parameter specified as non-null is null: method okhttp3.Request$Builder.addHeader, parameter value">
      <![CDATA[java.lang.IllegalArgumentException: Parameter specified as non-null is null: method okhttp3.Request$Builder.addHeader, parameter value
at okhttp3.Request$Builder.addHeader(Request.kt)
at unit.Utilities.SWFsendPost(Utilities.java:1410)
at Chips_001_기본기능.기본기능_01_서비스호출.TC_0069_베터리잔량_발화체크(기본기능_01_서비스호출.java:122)
at java.base/java.util.ArrayList.forEach(ArrayList.java:1511)
at java.base/java.util.concurrent.FutureTask.run(FutureTask.java:264)
at java.base/java.util.concurrent.ThreadPoolExecutor.runWorker(ThreadPoolExecutor.java:1130)
at java.base/java.util.concurrent.ThreadPoolExecutor$Worker.run(ThreadPoolExecutor.java:630)
at java.base/java.lang.Thread.run(Thread.java:832)
... Removed 18 stack frames]]>
    </failure>
  </testcase> <!-- TC_0069_베터리잔량_발화체크 -->
  <testcase classname="Chips_001_기본기능.기본기능_01_서비스호출" name="TC_0079_전원제어_발화체크" time="0.002">
    <failure type="java.lang.IllegalArgumentException" message="Parameter specified as non-null is null: method okhttp3.Request$Builder.addHeader, parameter value">
      <![CDATA[java.lang.IllegalArgumentException: Parameter specified as non-null is null: method okhttp3.Request$Builder.addHeader, parameter value
at okhttp3.Request$Builder.addHeader(Request.kt)
at unit.Utilities.SWFsendPost(Utilities.java:1410)
at Chips_001_기본기능.기본기능_01_서비스호출.TC_0079_전원제어_발화체크(기본기능_01_서비스호출.java:138)
at java.base/java.util.ArrayList.forEach(ArrayList.java:1511)
at java.base/java.util.concurrent.FutureTask.run(FutureTask.java:264)
at java.base/java.util.concurrent.ThreadPoolExecutor.runWorker(ThreadPoolExecutor.java:1130)
at java.base/java.util.concurrent.ThreadPoolExecutor$Worker.run(ThreadPoolExecutor.java:630)
at java.base/java.lang.Thread.run(Thread.java:832)
... Removed 18 stack frames]]>
    </failure>
  </testcase> <!-- TC_0079_전원제어_발화체크 -->
  <testcase classname="Chips_001_기본기능.기본기능_01_서비스호출" name="TC_0091_환경설정_발화체크" time="0.002">
    <failure type="java.lang.IllegalArgumentException" message="Parameter specified as non-null is null: method okhttp3.Request$Builder.addHeader, parameter value">
      <![CDATA[java.lang.IllegalArgumentException: Parameter specified as non-null is null: method okhttp3.Request$Builder.addHeader, parameter value
at okhttp3.Request$Builder.addHeader(Request.kt)
at unit.Utilities.SWFsendPost(Utilities.java:1410)
at Chips_001_기본기능.기본기능_01_서비스호출.TC_0091_환경설정_발화체크(기본기능_01_서비스호출.java:154)
at java.base/java.util.ArrayList.forEach(ArrayList.java:1511)
at java.base/java.util.concurrent.FutureTask.run(FutureTask.java:264)
at java.base/java.util.concurrent.ThreadPoolExecutor.runWorker(ThreadPoolExecutor.java:1130)
at java.base/java.util.concurrent.ThreadPoolExecutor$Worker.run(ThreadPoolExecutor.java:630)
at java.base/java.lang.Thread.run(Thread.java:832)
... Removed 18 stack frames]]>
    </failure>
  </testcase> <!-- TC_0091_환경설정_발화체크 -->
  <testcase classname="Chips_001_기본기능.기본기능_01_서비스호출" name="TC_0094_미디어재생중_환경설정_발화체크" time="0.002">
    <failure type="java.lang.IllegalArgumentException" message="Parameter specified as non-null is null: method okhttp3.Request$Builder.addHeader, parameter value">
      <![CDATA[java.lang.IllegalArgumentException: Parameter specified as non-null is null: method okhttp3.Request$Builder.addHeader, parameter value
at okhttp3.Request$Builder.addHeader(Request.kt)
at unit.Utilities.SWFsendPost(Utilities.java:1410)
at Chips_001_기본기능.기본기능_01_서비스호출.TC_0094_미디어재생중_환경설정_발화체크(기본기능_01_서비스호출.java:166)
at java.base/java.util.ArrayList.forEach(ArrayList.java:1511)
at java.base/java.util.concurrent.FutureTask.run(FutureTask.java:264)
at java.base/java.util.concurrent.ThreadPoolExecutor.runWorker(ThreadPoolExecutor.java:1130)
at java.base/java.util.concurrent.ThreadPoolExecutor$Worker.run(ThreadPoolExecutor.java:630)
at java.base/java.lang.Thread.run(Thread.java:832)
... Removed 18 stack frames]]>
    </failure>
  </testcase> <!-- TC_0094_미디어재생중_환경설정_발화체크 -->
  <testcase classname="Chips_001_기본기능.기본기능_01_서비스호출" name="TC_0098_홈화면변경_발화체크" time="0.001">
    <failure type="java.lang.IllegalArgumentException" message="Parameter specified as non-null is null: method okhttp3.Request$Builder.addHeader, parameter value">
      <![CDATA[java.lang.IllegalArgumentException: Parameter specified as non-null is null: method okhttp3.Request$Builder.addHeader, parameter value
at okhttp3.Request$Builder.addHeader(Request.kt)
at unit.Utilities.SWFsendPost(Utilities.java:1410)
at Chips_001_기본기능.기본기능_01_서비스호출.TC_0098_홈화면변경_발화체크(기본기능_01_서비스호출.java:187)
at java.base/java.util.ArrayList.forEach(ArrayList.java:1511)
at java.base/java.util.concurrent.FutureTask.run(FutureTask.java:264)
at java.base/java.util.concurrent.ThreadPoolExecutor.runWorker(ThreadPoolExecutor.java:1130)
at java.base/java.util.concurrent.ThreadPoolExecutor$Worker.run(ThreadPoolExecutor.java:630)
at java.base/java.lang.Thread.run(Thread.java:832)
... Removed 18 stack frames]]>
    </failure>
  </testcase> <!-- TC_0098_홈화면변경_발화체크 -->
  <testcase classname="Chips_001_기본기능.기본기능_01_서비스호출" name="TC_0115_나이트모드_발화체크" time="0.001">
    <failure type="java.lang.IllegalArgumentException" message="Parameter specified as non-null is null: method okhttp3.Request$Builder.addHeader, parameter value">
      <![CDATA[java.lang.IllegalArgumentException: Parameter specified as non-null is null: method okhttp3.Request$Builder.addHeader, parameter value
at okhttp3.Request$Builder.addHeader(Request.kt)
at unit.Utilities.SWFsendPost(Utilities.java:1410)
at Chips_001_기본기능.기본기능_01_서비스호출.TC_0115_나이트모드_발화체크(기본기능_01_서비스호출.java:203)
at java.base/java.util.ArrayList.forEach(ArrayList.java:1511)
at java.base/java.util.concurrent.FutureTask.run(FutureTask.java:264)
at java.base/java.util.concurrent.ThreadPoolExecutor.runWorker(ThreadPoolExecutor.java:1130)
at java.base/java.util.concurrent.ThreadPoolExecutor$Worker.run(ThreadPoolExecutor.java:630)
at java.base/java.lang.Thread.run(Thread.java:832)
... Removed 18 stack frames]]>
    </failure>
  </testcase> <!-- TC_0115_나이트모드_발화체크 -->
</testsuite> <!-- Test_Project -->
