<?xml version="1.0" encoding="UTF-8"?>
<!-- Generated by org.testng.reporters.JUnitXMLReporter -->
<testsuite ignored="0" hostname="DESKTOP-Kei" failures="1" tests="66" name="Test_Project" time="1068.997" errors="0" timestamp="2021-11-30T01:38:00 KST">
  <testcase classname="Chips_004_미디어_etc.미디어_06_자체소싱" name="TC_0000_앱실행과AccessToken얻기" time="54.118"/>
  <testcase classname="Chips_004_미디어_etc.미디어_06_자체소싱" name="TC_0300_Chips_자체소싱_재생_확인" time="21.71"/>
  <testcase classname="Chips_004_미디어_etc.미디어_06_자체소싱" name="TC_0301_Chips_자체소싱_재생_확인" time="15.855"/>
  <testcase classname="Chips_004_미디어_etc.미디어_06_자체소싱" name="TC_0302_Chips_자체소싱_일시정지_확인" time="9.048"/>
  <testcase classname="Chips_004_미디어_etc.미디어_06_자체소싱" name="TC_0303_Chips_자체소싱_일시정지취소_확인" time="10.635"/>
  <testcase classname="Chips_004_미디어_etc.미디어_06_자체소싱" name="TC_0304_Chips_컨트롤러_좋아요_확인" time="11.858"/>
  <testcase classname="Chips_004_미디어_etc.미디어_06_자체소싱" name="TC_0305_Chips_컨트롤러_좋아요취소_확인" time="8.808"/>
  <testcase classname="Chips_004_미디어_etc.미디어_06_자체소싱" name="TC_0306_Chips_자체소싱_다음_확인" time="11.711"/>
  <testcase classname="Chips_004_미디어_etc.미디어_06_자체소싱" name="TC_0307_Chips_자체소싱_이전_확인" time="7.109"/>
  <testcase classname="Chips_004_미디어_etc.미디어_06_자체소싱" name="TC_0308_Chips_자체소싱_셔플_확인" time="3.605"/>
  <testcase classname="Chips_004_미디어_etc.미디어_06_자체소싱" name="TC_0309_Chips_자체소싱_이전_확인" time="7.159"/>
  <testcase classname="Chips_004_미디어_etc.미디어_06_자체소싱" name="TC_0310_Chips_자체소싱_셔플_확인" time="4.295"/>
  <testcase classname="Chips_004_미디어_etc.미디어_06_자체소싱" name="TC_0311_Chips_자체소싱_다음_확인" time="7.107"/>
  <testcase classname="Chips_004_미디어_etc.미디어_06_자체소싱" name="TC_0312_Chips_자체소싱_20초뒤로_확인" time="5.099"/>
  <testcase classname="Chips_004_미디어_etc.미디어_06_자체소싱" name="TC_0313_Chips_자체소싱_15초앞으로_확인" time="5.118"/>
  <testcase classname="Chips_004_미디어_etc.미디어_07_ASMR" name="TC_0000_앱실행과AccessToken얻기" time="53.298"/>
  <testcase classname="Chips_004_미디어_etc.미디어_07_ASMR" name="TC_0315_Chips_ASMR_재생_확인" time="24.624"/>
  <testcase classname="Chips_004_미디어_etc.미디어_07_ASMR" name="TC_0316_Chips_ASMR_과자먹는소리재생_확인" time="21.403"/>
  <testcase classname="Chips_004_미디어_etc.미디어_07_ASMR" name="TC_0317_Chips_ASMR_빗소리_확인" time="9.824"/>
  <testcase classname="Chips_004_미디어_etc.미디어_07_ASMR" name="TC_0318_Chips_ASMR_힐링사운드_확인" time="11.097"/>
  <testcase classname="Chips_004_미디어_etc.미디어_07_ASMR" name="TC_0319_Chips_ASMR_자연의소리_반복확인" time="12.345"/>
  <testcase classname="Chips_004_미디어_etc.미디어_07_ASMR" name="TC_0320_Chips_ASMR_이노래뭐야_확인" time="10.018"/>
  <testcase classname="Chips_004_미디어_etc.미디어_07_ASMR" name="TC_0321_Chips_ASMR_다음ASMR_확인" time="12.43"/>
  <testcase classname="Chips_004_미디어_etc.미디어_07_ASMR" name="TC_0322_Chips_ASMR_이전ASMR_확인" time="12.532"/>
  <testcase classname="Chips_004_미디어_etc.미디어_07_ASMR" name="TC_0324_Chips_ASMR_재생_확인" time="19.698"/>
  <testcase classname="Chips_004_미디어_etc.미디어_07_ASMR" name="TC_0325_Chips_ASMR_일시정지_확인" time="9.555"/>
  <testcase classname="Chips_004_미디어_etc.미디어_07_ASMR" name="TC_0326_Chips_ASMR_일시정지취소_확인" time="10.629"/>
  <testcase classname="Chips_004_미디어_etc.미디어_07_ASMR" name="TC_0327_Chips_ASMR_일시정지_확인" time="10.506"/>
  <testcase classname="Chips_004_미디어_etc.미디어_07_ASMR" name="TC_0328_Chips_ASMR_재생_확인" time="14.594"/>
  <testcase classname="Chips_004_미디어_etc.미디어_07_ASMR" name="TC_0329_Chips_ASMR_좋아요_확인" time="5.098"/>
  <testcase classname="Chips_004_미디어_etc.미디어_07_ASMR" name="TC_0330_Chips_ASMR_좋아요취소_확인" time="5.117"/>
  <testcase classname="Chips_004_미디어_etc.미디어_07_ASMR" name="TC_0331_Chips_ASMR_다음ASMR_확인" time="10.142"/>
  <testcase classname="Chips_004_미디어_etc.미디어_07_ASMR" name="TC_0332_Chips_ASMR_이전ASMR_확인" time="15.743"/>
  <testcase classname="Chips_004_미디어_etc.미디어_07_ASMR" name="TC_0333_Chips_ASMR_셔플_확인" time="8.457"/>
  <testcase classname="Chips_004_미디어_etc.미디어_07_ASMR" name="TC_0334_Chips_ASMR_다음ASMR_확인" time="16.949"/>
  <testcase classname="Chips_004_미디어_etc.미디어_07_ASMR" name="TC_0335_Chips_ASMR_이전ASMR_확인" time="15.434"/>
  <testcase classname="Chips_004_미디어_etc.미디어_07_ASMR" name="TC_0336_Chips_ASMR_셔플해제_확인" time="17.56"/>
  <testcase classname="Chips_004_미디어_etc.미디어_07_ASMR" name="TC_0337_Chips_ASMR_다음ASMR_확인" time="11.615"/>
  <testcase classname="Chips_004_미디어_etc.미디어_07_ASMR" name="TC_0338_Chips_ASMR_20초뒤로_확인" time="5.141"/>
  <testcase classname="Chips_004_미디어_etc.미디어_07_ASMR" name="TC_0339_Chips_ASMR_15초앞으로_확인" time="5.095"/>
  <testcase classname="Chips_004_미디어_etc.미디어_07_ASMR" name="TC_0340_Chips_ASMR_종료_확인" time="8.287"/>
  <testcase classname="Chips_004_미디어_etc.미디어_11_오디오북" name="TC_0000_앱실행과AccessToken얻기" time="52.498"/>
  <testcase classname="Chips_004_미디어_etc.미디어_11_오디오북" name="TC_0415_Chips_오디오북_미지원_확인" time="5.159"/>
  <testcase classname="Chips_004_미디어_etc.미디어_12_팟빵" name="TC_0000_앱실행과AccessToken얻기" time="52.618"/>
  <testcase classname="Chips_004_미디어_etc.미디어_12_팟빵" name="TC_0442_Chips_팟캐스트_재생_확인" time="18.827"/>
  <testcase classname="Chips_004_미디어_etc.미디어_12_팟빵" name="TC_0443_Chips_팟빵_재생_확인" time="6.578"/>
  <testcase classname="Chips_004_미디어_etc.미디어_12_팟빵" name="TC_0444_Chips_팟빵_방송명으로팟캐스트_재생_확인" time="25.902"/>
  <testcase classname="Chips_004_미디어_etc.미디어_12_팟빵" name="TC_0445_Chips_팟빵_구독_확인" time="18.014"/>
  <testcase classname="Chips_004_미디어_etc.미디어_12_팟빵" name="TC_0446_Chips_팟빵_구독삭제_확인" time="12.048"/>
  <testcase classname="Chips_004_미디어_etc.미디어_12_팟빵" name="TC_0447_Chips_팟빵_재생시간이동_확인" time="5.029"/>
  <testcase classname="Chips_004_미디어_etc.미디어_12_팟빵" name="TC_0448_Chips_팟빵_종료예약_확인" time="5.088"/>
  <testcase classname="Chips_004_미디어_etc.미디어_12_팟빵" name="TC_0449_Chips_팟빵_종료예약_확인" time="5.108"/>
  <testcase classname="Chips_004_미디어_etc.미디어_12_팟빵" name="TC_0455_Chips_팟빵_컨트롤러_에피소드_재생_확인" time="14.244"/>
  <testcase classname="Chips_004_미디어_etc.미디어_12_팟빵" name="TC_0456_Chips_팟빵_컨트롤러_일시정지_확인" time="15.315"/>
  <testcase classname="Chips_004_미디어_etc.미디어_12_팟빵" name="TC_0457_Chips_팟빵_컨트롤러_일시정지취소_확인" time="8.649"/>
  <testcase classname="Chips_004_미디어_etc.미디어_12_팟빵" name="TC_0458_Chips_팟빵_컨트롤러_일시정지_확인" time="8.547"/>
  <testcase classname="Chips_004_미디어_etc.미디어_12_팟빵" name="TC_0459_Chips_팟빵_컨트롤러_일시정지취소_확인" time="9.897"/>
  <testcase classname="Chips_004_미디어_etc.미디어_12_팟빵" name="TC_0460_Chips_팟빵_구독_확인" time="28.058">
    <failure type="junit.framework.AssertionFailedError">
      <![CDATA[junit.framework.AssertionFailedError
at junit.framework.Assert.fail(Assert.java:47)
at junit.framework.Assert.assertTrue(Assert.java:20)
at junit.framework.Assert.assertTrue(Assert.java:27)
at Chips_004_미디어_etc.미디어_12_팟빵.TC_0460_Chips_팟빵_구독_확인(미디어_12_팟빵.java:404)
at java.base/java.util.ArrayList.forEach(ArrayList.java:1511)
at java.base/java.util.concurrent.FutureTask.run(FutureTask.java:264)
at java.base/java.util.concurrent.ThreadPoolExecutor.runWorker(ThreadPoolExecutor.java:1130)
at java.base/java.util.concurrent.ThreadPoolExecutor$Worker.run(ThreadPoolExecutor.java:630)
at java.base/java.lang.Thread.run(Thread.java:832)
... Removed 18 stack frames]]>
    </failure>
  </testcase> <!-- TC_0460_Chips_팟빵_구독_확인 -->
  <testcase classname="Chips_004_미디어_etc.미디어_12_팟빵" name="TC_0461_Chips_팟빵_구독해제_확인" time="16.928"/>
  <testcase classname="Chips_004_미디어_etc.미디어_12_팟빵" name="TC_0462_Chips_팟빵_이전_확인" time="42.189"/>
  <testcase classname="Chips_004_미디어_etc.미디어_12_팟빵" name="TC_0463_Chips_팟빵_다음_확인" time="15.449"/>
  <testcase classname="Chips_004_미디어_etc.미디어_12_팟빵" name="TC_0464_Chips_팟빵_이전팟캐스트_확인" time="31.226"/>
  <testcase classname="Chips_004_미디어_etc.미디어_12_팟빵" name="TC_0465_Chips_팟빵_다음팟캐스트__확인" time="29.013"/>
  <testcase classname="Chips_004_미디어_etc.미디어_12_팟빵" name="TC_0466_Chips_팟빵_재생시간앞으로이동_확인" time="9.83"/>
  <testcase classname="Chips_004_미디어_etc.미디어_12_팟빵" name="TC_0467_Chips_팟빵_재생시간뒤으로이동_확인" time="9.853"/>
  <testcase classname="Chips_004_미디어_etc.미디어_12_팟빵" name="TC_0468_Chips_팟빵_종료_확인" time="9.826"/>
</testsuite> <!-- Test_Project -->
