<?xml version="1.0" encoding="UTF-8"?>
<!-- Generated by org.testng.reporters.JUnitXMLReporter -->
<testsuite ignored="0" hostname="DESKTOP-Kei" failures="1" tests="46" name="Test_Project" time="951.765" errors="0" timestamp="2021-11-25T02:29:23 KST">
  <testcase classname="Chips_004_생활정보.생활정보_14_뉴스" name="TC_0000_앱실행과AccessToken얻기" time="62.4"/>
  <testcase classname="Chips_004_생활정보.생활정보_14_뉴스" name="TC_0811_Chips_뉴스_기본설정_CBS뉴스_확인" time="21.338"/>
  <testcase classname="Chips_004_생활정보.생활정보_14_뉴스" name="TC_0812_Chips_뉴스_기본설정_CBS뉴스_확인" time="20.556"/>
  <testcase classname="Chips_004_생활정보.생활정보_14_뉴스" name="TC_0813_Chips_뉴스_KBS뉴스_확인" time="21.015"/>
  <testcase classname="Chips_004_생활정보.생활정보_14_뉴스" name="TC_0814_Chips_뉴스_CBS뉴스_확인" time="20.203"/>
  <testcase classname="Chips_004_생활정보.생활정보_14_뉴스" name="TC_0815_1_Chips_뉴스_MBC뉴스_확인" time="28.713"/>
  <testcase classname="Chips_004_생활정보.생활정보_14_뉴스" name="TC_0815_2_Chips_뉴스_TBS뉴스_확인" time="20.265"/>
  <testcase classname="Chips_004_생활정보.생활정보_14_뉴스" name="TC_0815_2_Chips_뉴스_연합뉴스뉴스_확인" time="19.493"/>
  <testcase classname="Chips_004_생활정보.생활정보_14_뉴스" name="TC_0815_Chips_뉴스_SBS뉴스_확인" time="19.033"/>
  <testcase classname="Chips_004_생활정보.생활정보_14_뉴스" name="TC_0816_Chips_뉴스_오늘뉴스_확인" time="21.249"/>
  <testcase classname="Chips_004_생활정보.생활정보_14_뉴스" name="TC_0817_Chips_뉴스_연예특정뉴스_확인" time="22.879"/>
  <testcase classname="Chips_004_생활정보.생활정보_14_뉴스" name="TC_0818_Chips_뉴스_스포츠특정뉴스_확인" time="19.06"/>
  <testcase classname="Chips_004_생활정보.생활정보_14_뉴스" name="TC_0819_Chips_뉴스_미지원채널_확인" time="14.109"/>
  <testcase classname="Chips_004_생활정보.생활정보_14_뉴스" name="TC_0820_Chips_뉴스_미지원채널_확인" time="14.101"/>
  <testcase classname="Chips_004_생활정보.생활정보_14_뉴스" name="TC_0821_Chips_뉴스_SK텔레콤_키워드뉴스_확인" time="28.884"/>
  <testcase classname="Chips_004_생활정보.생활정보_14_뉴스" name="TC_0822_Chips_뉴스_세종병원화재_키워드뉴스_확인" time="50.315"/>
  <testcase classname="Chips_004_생활정보.생활정보_14_뉴스" name="TC_0823_Chips_뉴스_컴퓨터_키워드뉴스_확인" time="19.19"/>
  <testcase classname="Chips_004_생활정보.생활정보_14_뉴스" name="TC_0824_Chips_뉴스_NUGU토픽_확인" time="19.115"/>
  <testcase classname="Chips_004_생활정보.생활정보_14_뉴스" name="TC_0825_Chips_뉴스_키워드뉴스없음_확인" time="14.118"/>
  <testcase classname="Chips_004_생활정보.생활정보_14_뉴스" name="TC_0826_Chips_뉴스_지난주뉴스_확인" time="20.157"/>
  <testcase classname="Chips_004_생활정보.생활정보_14_뉴스" name="TC_0827_Chips_뉴스_지난주연예뉴스_확인" time="34.984"/>
  <testcase classname="Chips_004_생활정보.생활정보_14_뉴스" name="TC_0828_Chips_뉴스_N월첫째주스포츠뉴스_확인" time="22.654"/>
  <testcase classname="Chips_004_생활정보.생활정보_14_뉴스" name="TC_0829_Chips_뉴스_지난주SK텔레콤뉴스_확인" time="22.528"/>
  <testcase classname="Chips_004_생활정보.생활정보_14_뉴스" name="TC_0830_Chips_뉴스_지난달뉴스_확인" time="19.693"/>
  <testcase classname="Chips_004_생활정보.생활정보_14_뉴스" name="TC_0831_Chips_뉴스_지난달스포츠뉴스_확인" time="19.323"/>
  <testcase classname="Chips_004_생활정보.생활정보_14_뉴스" name="TC_0831_Chips_뉴스_지난달연예뉴스_확인" time="19.158"/>
  <testcase classname="Chips_004_생활정보.생활정보_14_뉴스" name="TC_0832_Chips_뉴스_지난달SK텔레콤뉴스_확인" time="19.081"/>
  <testcase classname="Chips_004_생활정보.생활정보_14_뉴스" name="TC_0834_Chips_뉴스_어제뉴스_확인" time="20.04"/>
  <testcase classname="Chips_004_생활정보.생활정보_14_뉴스" name="TC_0835_Chips_뉴스_그저께뉴스_확인" time="20.686"/>
  <testcase classname="Chips_004_생활정보.생활정보_14_뉴스" name="TC_0836_Chips_뉴스_그저께스포츠뉴스_확인" time="19.452"/>
  <testcase classname="Chips_004_생활정보.생활정보_14_뉴스" name="TC_0837_Chips_뉴스_미지원기간뉴스_과거특정일_확인" time="20.212"/>
  <testcase classname="Chips_004_생활정보.생활정보_14_뉴스" name="TC_0838_Chips_뉴스_미지원기간뉴스_내일_확인" time="20.643"/>
  <testcase classname="Chips_004_생활정보.생활정보_14_뉴스" name="TC_0839_Chips_뉴스_미지원기간뉴스_모레_확인" time="20.025"/>
  <testcase classname="Chips_004_생활정보.생활정보_15_뉴스_재생컨트롤러" name="TC_0000_앱실행과AccessToken얻기" time="64.719"/>
  <testcase classname="Chips_004_생활정보.생활정보_15_뉴스_재생컨트롤러" name="TC_0844_Chips_뉴스_연예키워드뉴스재생_확인" time="23.963"/>
  <testcase classname="Chips_004_생활정보.생활정보_15_뉴스_재생컨트롤러" name="TC_0845_Chips_뉴스_컨트롤러_일시정지_확인" time="4.069"/>
  <testcase classname="Chips_004_생활정보.생활정보_15_뉴스_재생컨트롤러" name="TC_0846_Chips_뉴스_컨트롤러_일시정지취소_확인" time="4.106"/>
  <testcase classname="Chips_004_생활정보.생활정보_15_뉴스_재생컨트롤러" name="TC_0847_Chips_뉴스_컨트롤러_일시정지_확인" time="4.064"/>
  <testcase classname="Chips_004_생활정보.생활정보_15_뉴스_재생컨트롤러" name="TC_0848_Chips_뉴스_컨트롤러_재생_확인" time="2.075"/>
  <testcase classname="Chips_004_생활정보.생활정보_15_뉴스_재생컨트롤러" name="TC_0849_Chips_뉴스_컨트롤러_좋아요해줘_확인" time="14.109"/>
  <testcase classname="Chips_004_생활정보.생활정보_15_뉴스_재생컨트롤러" name="TC_0850_Chips_뉴스_컨트롤러_좋아요취소_확인" time="14.136"/>
  <testcase classname="Chips_004_생활정보.생활정보_15_뉴스_재생컨트롤러" name="TC_0851_Chips_뉴스_컨트롤러_다음뉴스_확인" time="3.571"/>
  <testcase classname="Chips_004_생활정보.생활정보_15_뉴스_재생컨트롤러" name="TC_0852_Chips_뉴스_컨트롤러_이전뉴스_확인" time="3.503"/>
  <testcase classname="Chips_004_생활정보.생활정보_15_뉴스_재생컨트롤러" name="TC_0853_Chips_뉴스_컨트롤러_다음_확인" time="4.46">
    <failure type="junit.framework.AssertionFailedError">
      <![CDATA[junit.framework.AssertionFailedError
at junit.framework.Assert.fail(Assert.java:47)
at junit.framework.Assert.assertTrue(Assert.java:20)
at junit.framework.Assert.assertFalse(Assert.java:34)
at junit.framework.Assert.assertFalse(Assert.java:41)
at Chips_004_생활정보.생활정보_15_뉴스_재생컨트롤러.TC_0853_Chips_뉴스_컨트롤러_다음_확인(생활정보_15_뉴스_재생컨트롤러.java:290)
at java.base/java.util.ArrayList.forEach(ArrayList.java:1511)
at java.base/java.util.concurrent.FutureTask.run(FutureTask.java:264)
at java.base/java.util.concurrent.ThreadPoolExecutor.runWorker(ThreadPoolExecutor.java:1130)
at java.base/java.util.concurrent.ThreadPoolExecutor$Worker.run(ThreadPoolExecutor.java:630)
at java.base/java.lang.Thread.run(Thread.java:832)
... Removed 18 stack frames]]>
    </failure>
  </testcase> <!-- TC_0853_Chips_뉴스_컨트롤러_다음_확인 -->
  <testcase classname="Chips_004_생활정보.생활정보_15_뉴스_재생컨트롤러" name="TC_0854_Chips_뉴스_컨트롤러_이전_확인" time="3.398"/>
  <testcase classname="Chips_004_생활정보.생활정보_15_뉴스_재생컨트롤러" name="TC_0855_Chips_뉴스_종료_확인" time="1.838"/>
</testsuite> <!-- Test_Project -->
