<?xml version="1.0" encoding="UTF-8"?>
<!-- Generated by org.testng.reporters.JUnitXMLReporter -->
<testsuite ignored="0" hostname="DESKTOP-Kei" failures="0" tests="149" name="Test_Project" time="68.457" errors="0" timestamp="2021-11-24T12:16:19 KST">
  <testcase classname="TestNG_Set.Chips_TestCase" name="@BeforeClass setupClass" time="7.783">
    <failure type="org.openqa.selenium.WebDriverException" message="Connection refused: no further information
Build info: version: &amp;apos;3.141.59&amp;apos;, revision: &amp;apos;e82be7d358&amp;apos;, time: &amp;apos;2018-11-14T08:17:03&amp;apos;
System info: host: &amp;apos;DESKTOP-KEI&amp;apos;, ip: &amp;apos;192.168.55.40&amp;apos;, os.name: &amp;apos;Windows 10&amp;apos;, os.arch: &amp;apos;amd64&amp;apos;, os.version: &amp;apos;10.0&amp;apos;, java.version: &amp;apos;15.0.2&amp;apos;
Driver info: driver.version: AndroidDriver">
      <![CDATA[org.openqa.selenium.WebDriverException: Connection refused: no further information
Build info: version: '3.141.59', revision: 'e82be7d358', time: '2018-11-14T08:17:03'
System info: host: 'DESKTOP-KEI', ip: '192.168.55.40', os.name: 'Windows 10', os.arch: 'amd64', os.version: '10.0', java.version: '15.0.2'
Driver info: driver.version: AndroidDriver
at io.appium.java_client.remote.AppiumCommandExecutor.lambda$6(AppiumCommandExecutor.java:259)
at java.base/java.util.Optional.orElseGet(Optional.java:362)
at io.appium.java_client.remote.AppiumCommandExecutor.execute(AppiumCommandExecutor.java:258)
at org.openqa.selenium.remote.RemoteWebDriver.execute(RemoteWebDriver.java:552)
at io.appium.java_client.DefaultGenericMobileDriver.execute(DefaultGenericMobileDriver.java:41)
at io.appium.java_client.AppiumDriver.execute(AppiumDriver.java:1)
at io.appium.java_client.android.AndroidDriver.execute(AndroidDriver.java:1)
at unit.Utilities.execute(Utilities.java:1)
at org.openqa.selenium.remote.RemoteWebDriver.startSession(RemoteWebDriver.java:213)
at io.appium.java_client.AppiumDriver.startSession(AppiumDriver.java:338)
at org.openqa.selenium.remote.RemoteWebDriver.<init>(RemoteWebDriver.java:131)
at io.appium.java_client.DefaultGenericMobileDriver.<init>(DefaultGenericMobileDriver.java:37)
at io.appium.java_client.AppiumDriver.<init>(AppiumDriver.java:89)
at io.appium.java_client.AppiumDriver.<init>(AppiumDriver.java:99)
at io.appium.java_client.android.AndroidDriver.<init>(AndroidDriver.java:96)
at unit.Utilities.<init>(Utilities.java:143)
at TestNG_Set.Chips_TestCase.setupClass(Chips_TestCase.java:94)
at java.base/java.util.ArrayList.forEach(ArrayList.java:1511)
at java.base/java.util.concurrent.FutureTask.run(FutureTask.java:264)
at java.base/java.util.concurrent.ThreadPoolExecutor.runWorker(ThreadPoolExecutor.java:1130)
at java.base/java.util.concurrent.ThreadPoolExecutor$Worker.run(ThreadPoolExecutor.java:630)
at java.base/java.lang.Thread.run(Thread.java:832)
Caused by: java.net.ConnectException: Connection refused: no further information
at java.base/sun.nio.ch.Net.pollConnect(Native Method)
at java.base/sun.nio.ch.Net.pollConnectNow(Net.java:660)
at java.base/sun.nio.ch.NioSocketImpl.timedFinishConnect(NioSocketImpl.java:549)
at java.base/sun.nio.ch.NioSocketImpl.connect(NioSocketImpl.java:597)
at java.base/java.net.SocksSocketImpl.connect(SocksSocketImpl.java:333)
at java.base/java.net.Socket.connect(Socket.java:648)
at okhttp3.internal.platform.Platform.connectSocket(Platform.kt:127)
at okhttp3.internal.connection.RealConnection.connectSocket(RealConnection.kt:268)
at okhttp3.internal.connection.RealConnection.connect(RealConnection.kt:176)
at okhttp3.internal.connection.ExchangeFinder.findConnection(ExchangeFinder.kt:236)
at okhttp3.internal.connection.ExchangeFinder.findHealthyConnection(ExchangeFinder.kt:109)
at okhttp3.internal.connection.ExchangeFinder.find(ExchangeFinder.kt:77)
at okhttp3.internal.connection.Transmitter.newExchange$okhttp(Transmitter.kt:162)
at okhttp3.internal.connection.ConnectInterceptor.intercept(ConnectInterceptor.kt:35)
at okhttp3.internal.http.RealInterceptorChain.proceed(RealInterceptorChain.kt:112)
at okhttp3.internal.http.RealInterceptorChain.proceed(RealInterceptorChain.kt:87)
at okhttp3.internal.cache.CacheInterceptor.intercept(CacheInterceptor.kt:82)
at okhttp3.internal.http.RealInterceptorChain.proceed(RealInterceptorChain.kt:112)
at okhttp3.internal.http.RealInterceptorChain.proceed(RealInterceptorChain.kt:87)
at okhttp3.internal.http.BridgeInterceptor.intercept(BridgeInterceptor.kt:84)
at okhttp3.internal.http.RealInterceptorChain.proceed(RealInterceptorChain.kt:112)
at okhttp3.internal.http.RetryAndFollowUpInterceptor.intercept(RetryAndFollowUpInterceptor.kt:71)
at okhttp3.internal.http.RealInterceptorChain.proceed(RealInterceptorChain.kt:112)
at okhttp3.internal.http.RealInterceptorChain.proceed(RealInterceptorChain.kt:87)
at okhttp3.RealCall.getResponseWithInterceptorChain(RealCall.kt:184)
at okhttp3.RealCall.execute(RealCall.kt:66)
at org.openqa.selenium.remote.internal.OkHttpClient.execute(OkHttpClient.java:103)
at io.appium.java_client.remote.AppiumCommandExecutor.lambda$1(AppiumCommandExecutor.java:162)
at org.openqa.selenium.remote.ProtocolHandshake.createSession(ProtocolHandshake.java:105)
at io.appium.java_client.remote.AppiumCommandExecutor$1.createSession(AppiumCommandExecutor.java:193)
at io.appium.java_client.remote.AppiumCommandExecutor.createSession(AppiumCommandExecutor.java:225)
at io.appium.java_client.remote.AppiumCommandExecutor.execute(AppiumCommandExecutor.java:247)
... 35 more
... Removed 20 stack frames]]>
    </failure>
  </testcase> <!-- @BeforeClass setupClass -->
  <testcase classname="TestNG_Set.Chips_TestCase" name="@BeforeMethod BeforeMethod" time="-1.63772371893E9">
    <skipped/>
  </testcase> <!-- @BeforeMethod BeforeMethod -->
  <testcase classname="TestNG_Set.Chips_TestCase" name="@AfterMethod AfterMethod" time="-1.637723718939E9">
    <skipped/>
  </testcase> <!-- @AfterMethod AfterMethod -->
  <testcase classname="TestNG_Set.Chips_TestCase" name="@BeforeMethod BeforeMethod" time="-1.637723718944E9">
    <skipped/>
  </testcase> <!-- @BeforeMethod BeforeMethod -->
  <testcase classname="TestNG_Set.Chips_TestCase" name="@AfterMethod AfterMethod" time="-1.637723718956E9">
    <skipped/>
  </testcase> <!-- @AfterMethod AfterMethod -->
  <testcase classname="TestNG_Set.Chips_TestCase" name="@BeforeMethod BeforeMethod" time="-1.637723718957E9">
    <skipped/>
  </testcase> <!-- @BeforeMethod BeforeMethod -->
  <testcase classname="TestNG_Set.Chips_TestCase" name="@AfterMethod AfterMethod" time="-1.637723718963E9">
    <skipped/>
  </testcase> <!-- @AfterMethod AfterMethod -->
  <testcase classname="TestNG_Set.Chips_TestCase" name="@BeforeMethod BeforeMethod" time="-1.637723718964E9">
    <skipped/>
  </testcase> <!-- @BeforeMethod BeforeMethod -->
  <testcase classname="TestNG_Set.Chips_TestCase" name="@AfterMethod AfterMethod" time="-1.637723718969E9">
    <skipped/>
  </testcase> <!-- @AfterMethod AfterMethod -->
  <testcase classname="TestNG_Set.Chips_TestCase" name="@BeforeMethod BeforeMethod" time="-1.63772371897E9">
    <skipped/>
  </testcase> <!-- @BeforeMethod BeforeMethod -->
  <testcase classname="TestNG_Set.Chips_TestCase" name="@AfterMethod AfterMethod" time="-1.637723719034E9">
    <skipped/>
  </testcase> <!-- @AfterMethod AfterMethod -->
  <testcase classname="TestNG_Set.Chips_TestCase" name="@BeforeMethod BeforeMethod" time="-1.637723719042E9">
    <skipped/>
  </testcase> <!-- @BeforeMethod BeforeMethod -->
  <testcase classname="TestNG_Set.Chips_TestCase" name="@AfterMethod AfterMethod" time="-1.637723719053E9">
    <skipped/>
  </testcase> <!-- @AfterMethod AfterMethod -->
  <testcase classname="TestNG_Set.Chips_TestCase" name="@BeforeMethod BeforeMethod" time="-1.637723719058E9">
    <skipped/>
  </testcase> <!-- @BeforeMethod BeforeMethod -->
  <testcase classname="TestNG_Set.Chips_TestCase" name="@AfterMethod AfterMethod" time="-1.637723719069E9">
    <skipped/>
  </testcase> <!-- @AfterMethod AfterMethod -->
  <testcase classname="TestNG_Set.Chips_TestCase" name="@AfterClass tearDownClass" time="-1.637723719075E9">
    <skipped/>
  </testcase> <!-- @AfterClass tearDownClass -->
  <testcase classname="TestNG_Set.Chips_TestCase" name="@BeforeClass setupClass" time="4.644">
    <failure type="org.openqa.selenium.WebDriverException" message="Connection refused: no further information
Build info: version: &amp;apos;3.141.59&amp;apos;, revision: &amp;apos;e82be7d358&amp;apos;, time: &amp;apos;2018-11-14T08:17:03&amp;apos;
System info: host: &amp;apos;DESKTOP-KEI&amp;apos;, ip: &amp;apos;192.168.55.40&amp;apos;, os.name: &amp;apos;Windows 10&amp;apos;, os.arch: &amp;apos;amd64&amp;apos;, os.version: &amp;apos;10.0&amp;apos;, java.version: &amp;apos;15.0.2&amp;apos;
Driver info: driver.version: AndroidDriver">
      <![CDATA[org.openqa.selenium.WebDriverException: Connection refused: no further information
Build info: version: '3.141.59', revision: 'e82be7d358', time: '2018-11-14T08:17:03'
System info: host: 'DESKTOP-KEI', ip: '192.168.55.40', os.name: 'Windows 10', os.arch: 'amd64', os.version: '10.0', java.version: '15.0.2'
Driver info: driver.version: AndroidDriver
at io.appium.java_client.remote.AppiumCommandExecutor.lambda$6(AppiumCommandExecutor.java:259)
at java.base/java.util.Optional.orElseGet(Optional.java:362)
at io.appium.java_client.remote.AppiumCommandExecutor.execute(AppiumCommandExecutor.java:258)
at org.openqa.selenium.remote.RemoteWebDriver.execute(RemoteWebDriver.java:552)
at io.appium.java_client.DefaultGenericMobileDriver.execute(DefaultGenericMobileDriver.java:41)
at io.appium.java_client.AppiumDriver.execute(AppiumDriver.java:1)
at io.appium.java_client.android.AndroidDriver.execute(AndroidDriver.java:1)
at unit.Utilities.execute(Utilities.java:1)
at org.openqa.selenium.remote.RemoteWebDriver.startSession(RemoteWebDriver.java:213)
at io.appium.java_client.AppiumDriver.startSession(AppiumDriver.java:338)
at org.openqa.selenium.remote.RemoteWebDriver.<init>(RemoteWebDriver.java:131)
at io.appium.java_client.DefaultGenericMobileDriver.<init>(DefaultGenericMobileDriver.java:37)
at io.appium.java_client.AppiumDriver.<init>(AppiumDriver.java:89)
at io.appium.java_client.AppiumDriver.<init>(AppiumDriver.java:99)
at io.appium.java_client.android.AndroidDriver.<init>(AndroidDriver.java:96)
at unit.Utilities.<init>(Utilities.java:143)
at TestNG_Set.Chips_TestCase.setupClass(Chips_TestCase.java:94)
at java.base/java.util.ArrayList.forEach(ArrayList.java:1511)
at java.base/java.util.concurrent.FutureTask.run(FutureTask.java:264)
at java.base/java.util.concurrent.ThreadPoolExecutor.runWorker(ThreadPoolExecutor.java:1130)
at java.base/java.util.concurrent.ThreadPoolExecutor$Worker.run(ThreadPoolExecutor.java:630)
at java.base/java.lang.Thread.run(Thread.java:832)
Caused by: java.net.ConnectException: Connection refused: no further information
at java.base/sun.nio.ch.Net.pollConnect(Native Method)
at java.base/sun.nio.ch.Net.pollConnectNow(Net.java:660)
at java.base/sun.nio.ch.NioSocketImpl.timedFinishConnect(NioSocketImpl.java:549)
at java.base/sun.nio.ch.NioSocketImpl.connect(NioSocketImpl.java:597)
at java.base/java.net.SocksSocketImpl.connect(SocksSocketImpl.java:333)
at java.base/java.net.Socket.connect(Socket.java:648)
at okhttp3.internal.platform.Platform.connectSocket(Platform.kt:127)
at okhttp3.internal.connection.RealConnection.connectSocket(RealConnection.kt:268)
at okhttp3.internal.connection.RealConnection.connect(RealConnection.kt:176)
at okhttp3.internal.connection.ExchangeFinder.findConnection(ExchangeFinder.kt:236)
at okhttp3.internal.connection.ExchangeFinder.findHealthyConnection(ExchangeFinder.kt:109)
at okhttp3.internal.connection.ExchangeFinder.find(ExchangeFinder.kt:77)
at okhttp3.internal.connection.Transmitter.newExchange$okhttp(Transmitter.kt:162)
at okhttp3.internal.connection.ConnectInterceptor.intercept(ConnectInterceptor.kt:35)
at okhttp3.internal.http.RealInterceptorChain.proceed(RealInterceptorChain.kt:112)
at okhttp3.internal.http.RealInterceptorChain.proceed(RealInterceptorChain.kt:87)
at okhttp3.internal.cache.CacheInterceptor.intercept(CacheInterceptor.kt:82)
at okhttp3.internal.http.RealInterceptorChain.proceed(RealInterceptorChain.kt:112)
at okhttp3.internal.http.RealInterceptorChain.proceed(RealInterceptorChain.kt:87)
at okhttp3.internal.http.BridgeInterceptor.intercept(BridgeInterceptor.kt:84)
at okhttp3.internal.http.RealInterceptorChain.proceed(RealInterceptorChain.kt:112)
at okhttp3.internal.http.RetryAndFollowUpInterceptor.intercept(RetryAndFollowUpInterceptor.kt:71)
at okhttp3.internal.http.RealInterceptorChain.proceed(RealInterceptorChain.kt:112)
at okhttp3.internal.http.RealInterceptorChain.proceed(RealInterceptorChain.kt:87)
at okhttp3.RealCall.getResponseWithInterceptorChain(RealCall.kt:184)
at okhttp3.RealCall.execute(RealCall.kt:66)
at org.openqa.selenium.remote.internal.OkHttpClient.execute(OkHttpClient.java:103)
at io.appium.java_client.remote.AppiumCommandExecutor.lambda$1(AppiumCommandExecutor.java:162)
at org.openqa.selenium.remote.ProtocolHandshake.createSession(ProtocolHandshake.java:105)
at io.appium.java_client.remote.AppiumCommandExecutor$1.createSession(AppiumCommandExecutor.java:193)
at io.appium.java_client.remote.AppiumCommandExecutor.createSession(AppiumCommandExecutor.java:225)
at io.appium.java_client.remote.AppiumCommandExecutor.execute(AppiumCommandExecutor.java:247)
... 35 more
... Removed 20 stack frames]]>
    </failure>
  </testcase> <!-- @BeforeClass setupClass -->
  <testcase classname="TestNG_Set.Chips_TestCase" name="@BeforeMethod BeforeMethod" time="-1.637723723726E9">
    <skipped/>
  </testcase> <!-- @BeforeMethod BeforeMethod -->
  <testcase classname="TestNG_Set.Chips_TestCase" name="@AfterMethod AfterMethod" time="-1.637723723737E9">
    <skipped/>
  </testcase> <!-- @AfterMethod AfterMethod -->
  <testcase classname="TestNG_Set.Chips_TestCase" name="@BeforeMethod BeforeMethod" time="-1.637723723739E9">
    <skipped/>
  </testcase> <!-- @BeforeMethod BeforeMethod -->
  <testcase classname="TestNG_Set.Chips_TestCase" name="@AfterMethod AfterMethod" time="-1.63772372375E9">
    <skipped/>
  </testcase> <!-- @AfterMethod AfterMethod -->
  <testcase classname="TestNG_Set.Chips_TestCase" name="@BeforeMethod BeforeMethod" time="-1.637723723754E9">
    <skipped/>
  </testcase> <!-- @BeforeMethod BeforeMethod -->
  <testcase classname="TestNG_Set.Chips_TestCase" name="@AfterMethod AfterMethod" time="-1.63772372376E9">
    <skipped/>
  </testcase> <!-- @AfterMethod AfterMethod -->
  <testcase classname="TestNG_Set.Chips_TestCase" name="@BeforeMethod BeforeMethod" time="-1.637723723762E9">
    <skipped/>
  </testcase> <!-- @BeforeMethod BeforeMethod -->
  <testcase classname="TestNG_Set.Chips_TestCase" name="@AfterMethod AfterMethod" time="-1.63772372377E9">
    <skipped/>
  </testcase> <!-- @AfterMethod AfterMethod -->
  <testcase classname="TestNG_Set.Chips_TestCase" name="@BeforeMethod BeforeMethod" time="-1.637723723771E9">
    <skipped/>
  </testcase> <!-- @BeforeMethod BeforeMethod -->
  <testcase classname="TestNG_Set.Chips_TestCase" name="@AfterMethod AfterMethod" time="-1.637723723777E9">
    <skipped/>
  </testcase> <!-- @AfterMethod AfterMethod -->
  <testcase classname="TestNG_Set.Chips_TestCase" name="@BeforeMethod BeforeMethod" time="-1.637723723781E9">
    <skipped/>
  </testcase> <!-- @BeforeMethod BeforeMethod -->
  <testcase classname="TestNG_Set.Chips_TestCase" name="@AfterMethod AfterMethod" time="-1.637723723789E9">
    <skipped/>
  </testcase> <!-- @AfterMethod AfterMethod -->
  <testcase classname="TestNG_Set.Chips_TestCase" name="@BeforeMethod BeforeMethod" time="-1.637723723791E9">
    <skipped/>
  </testcase> <!-- @BeforeMethod BeforeMethod -->
  <testcase classname="TestNG_Set.Chips_TestCase" name="@AfterMethod AfterMethod" time="-1.637723723796E9">
    <skipped/>
  </testcase> <!-- @AfterMethod AfterMethod -->
  <testcase classname="TestNG_Set.Chips_TestCase" name="@BeforeMethod BeforeMethod" time="-1.637723723797E9">
    <skipped/>
  </testcase> <!-- @BeforeMethod BeforeMethod -->
  <testcase classname="TestNG_Set.Chips_TestCase" name="@AfterMethod AfterMethod" time="-1.6377237238E9">
    <skipped/>
  </testcase> <!-- @AfterMethod AfterMethod -->
  <testcase classname="TestNG_Set.Chips_TestCase" name="@BeforeMethod BeforeMethod" time="-1.637723723801E9">
    <skipped/>
  </testcase> <!-- @BeforeMethod BeforeMethod -->
  <testcase classname="TestNG_Set.Chips_TestCase" name="@AfterMethod AfterMethod" time="-1.637723723805E9">
    <skipped/>
  </testcase> <!-- @AfterMethod AfterMethod -->
  <testcase classname="TestNG_Set.Chips_TestCase" name="@BeforeMethod BeforeMethod" time="-1.637723723806E9">
    <skipped/>
  </testcase> <!-- @BeforeMethod BeforeMethod -->
  <testcase classname="TestNG_Set.Chips_TestCase" name="@AfterMethod AfterMethod" time="-1.637723723808E9">
    <skipped/>
  </testcase> <!-- @AfterMethod AfterMethod -->
  <testcase classname="TestNG_Set.Chips_TestCase" name="@BeforeMethod BeforeMethod" time="-1.637723723811E9">
    <skipped/>
  </testcase> <!-- @BeforeMethod BeforeMethod -->
  <testcase classname="TestNG_Set.Chips_TestCase" name="@AfterMethod AfterMethod" time="-1.637723723825E9">
    <skipped/>
  </testcase> <!-- @AfterMethod AfterMethod -->
  <testcase classname="TestNG_Set.Chips_TestCase" name="@BeforeMethod BeforeMethod" time="-1.637723723828E9">
    <skipped/>
  </testcase> <!-- @BeforeMethod BeforeMethod -->
  <testcase classname="TestNG_Set.Chips_TestCase" name="@AfterMethod AfterMethod" time="-1.637723723845E9">
    <skipped/>
  </testcase> <!-- @AfterMethod AfterMethod -->
  <testcase classname="TestNG_Set.Chips_TestCase" name="@BeforeMethod BeforeMethod" time="-1.637723723846E9">
    <skipped/>
  </testcase> <!-- @BeforeMethod BeforeMethod -->
  <testcase classname="TestNG_Set.Chips_TestCase" name="@AfterMethod AfterMethod" time="-1.63772372385E9">
    <skipped/>
  </testcase> <!-- @AfterMethod AfterMethod -->
  <testcase classname="TestNG_Set.Chips_TestCase" name="@BeforeMethod BeforeMethod" time="-1.637723723851E9">
    <skipped/>
  </testcase> <!-- @BeforeMethod BeforeMethod -->
  <testcase classname="TestNG_Set.Chips_TestCase" name="@AfterMethod AfterMethod" time="-1.637723723854E9">
    <skipped/>
  </testcase> <!-- @AfterMethod AfterMethod -->
  <testcase classname="TestNG_Set.Chips_TestCase" name="@AfterClass tearDownClass" time="-1.637723723855E9">
    <skipped/>
  </testcase> <!-- @AfterClass tearDownClass -->
  <testcase classname="TestNG_Set.Chips_TestCase" name="@BeforeClass setupClass" time="4.616">
    <failure type="org.openqa.selenium.WebDriverException" message="Connection refused: no further information
Build info: version: &amp;apos;3.141.59&amp;apos;, revision: &amp;apos;e82be7d358&amp;apos;, time: &amp;apos;2018-11-14T08:17:03&amp;apos;
System info: host: &amp;apos;DESKTOP-KEI&amp;apos;, ip: &amp;apos;192.168.55.40&amp;apos;, os.name: &amp;apos;Windows 10&amp;apos;, os.arch: &amp;apos;amd64&amp;apos;, os.version: &amp;apos;10.0&amp;apos;, java.version: &amp;apos;15.0.2&amp;apos;
Driver info: driver.version: AndroidDriver">
      <![CDATA[org.openqa.selenium.WebDriverException: Connection refused: no further information
Build info: version: '3.141.59', revision: 'e82be7d358', time: '2018-11-14T08:17:03'
System info: host: 'DESKTOP-KEI', ip: '192.168.55.40', os.name: 'Windows 10', os.arch: 'amd64', os.version: '10.0', java.version: '15.0.2'
Driver info: driver.version: AndroidDriver
at io.appium.java_client.remote.AppiumCommandExecutor.lambda$6(AppiumCommandExecutor.java:259)
at java.base/java.util.Optional.orElseGet(Optional.java:362)
at io.appium.java_client.remote.AppiumCommandExecutor.execute(AppiumCommandExecutor.java:258)
at org.openqa.selenium.remote.RemoteWebDriver.execute(RemoteWebDriver.java:552)
at io.appium.java_client.DefaultGenericMobileDriver.execute(DefaultGenericMobileDriver.java:41)
at io.appium.java_client.AppiumDriver.execute(AppiumDriver.java:1)
at io.appium.java_client.android.AndroidDriver.execute(AndroidDriver.java:1)
at unit.Utilities.execute(Utilities.java:1)
at org.openqa.selenium.remote.RemoteWebDriver.startSession(RemoteWebDriver.java:213)
at io.appium.java_client.AppiumDriver.startSession(AppiumDriver.java:338)
at org.openqa.selenium.remote.RemoteWebDriver.<init>(RemoteWebDriver.java:131)
at io.appium.java_client.DefaultGenericMobileDriver.<init>(DefaultGenericMobileDriver.java:37)
at io.appium.java_client.AppiumDriver.<init>(AppiumDriver.java:89)
at io.appium.java_client.AppiumDriver.<init>(AppiumDriver.java:99)
at io.appium.java_client.android.AndroidDriver.<init>(AndroidDriver.java:96)
at unit.Utilities.<init>(Utilities.java:143)
at TestNG_Set.Chips_TestCase.setupClass(Chips_TestCase.java:94)
at java.base/java.util.ArrayList.forEach(ArrayList.java:1511)
at java.base/java.util.concurrent.FutureTask.run(FutureTask.java:264)
at java.base/java.util.concurrent.ThreadPoolExecutor.runWorker(ThreadPoolExecutor.java:1130)
at java.base/java.util.concurrent.ThreadPoolExecutor$Worker.run(ThreadPoolExecutor.java:630)
at java.base/java.lang.Thread.run(Thread.java:832)
Caused by: java.net.ConnectException: Connection refused: no further information
at java.base/sun.nio.ch.Net.pollConnect(Native Method)
at java.base/sun.nio.ch.Net.pollConnectNow(Net.java:660)
at java.base/sun.nio.ch.NioSocketImpl.timedFinishConnect(NioSocketImpl.java:549)
at java.base/sun.nio.ch.NioSocketImpl.connect(NioSocketImpl.java:597)
at java.base/java.net.SocksSocketImpl.connect(SocksSocketImpl.java:333)
at java.base/java.net.Socket.connect(Socket.java:648)
at okhttp3.internal.platform.Platform.connectSocket(Platform.kt:127)
at okhttp3.internal.connection.RealConnection.connectSocket(RealConnection.kt:268)
at okhttp3.internal.connection.RealConnection.connect(RealConnection.kt:176)
at okhttp3.internal.connection.ExchangeFinder.findConnection(ExchangeFinder.kt:236)
at okhttp3.internal.connection.ExchangeFinder.findHealthyConnection(ExchangeFinder.kt:109)
at okhttp3.internal.connection.ExchangeFinder.find(ExchangeFinder.kt:77)
at okhttp3.internal.connection.Transmitter.newExchange$okhttp(Transmitter.kt:162)
at okhttp3.internal.connection.ConnectInterceptor.intercept(ConnectInterceptor.kt:35)
at okhttp3.internal.http.RealInterceptorChain.proceed(RealInterceptorChain.kt:112)
at okhttp3.internal.http.RealInterceptorChain.proceed(RealInterceptorChain.kt:87)
at okhttp3.internal.cache.CacheInterceptor.intercept(CacheInterceptor.kt:82)
at okhttp3.internal.http.RealInterceptorChain.proceed(RealInterceptorChain.kt:112)
at okhttp3.internal.http.RealInterceptorChain.proceed(RealInterceptorChain.kt:87)
at okhttp3.internal.http.BridgeInterceptor.intercept(BridgeInterceptor.kt:84)
at okhttp3.internal.http.RealInterceptorChain.proceed(RealInterceptorChain.kt:112)
at okhttp3.internal.http.RetryAndFollowUpInterceptor.intercept(RetryAndFollowUpInterceptor.kt:71)
at okhttp3.internal.http.RealInterceptorChain.proceed(RealInterceptorChain.kt:112)
at okhttp3.internal.http.RealInterceptorChain.proceed(RealInterceptorChain.kt:87)
at okhttp3.RealCall.getResponseWithInterceptorChain(RealCall.kt:184)
at okhttp3.RealCall.execute(RealCall.kt:66)
at org.openqa.selenium.remote.internal.OkHttpClient.execute(OkHttpClient.java:103)
at io.appium.java_client.remote.AppiumCommandExecutor.lambda$1(AppiumCommandExecutor.java:162)
at org.openqa.selenium.remote.ProtocolHandshake.createSession(ProtocolHandshake.java:105)
at io.appium.java_client.remote.AppiumCommandExecutor$1.createSession(AppiumCommandExecutor.java:193)
at io.appium.java_client.remote.AppiumCommandExecutor.createSession(AppiumCommandExecutor.java:225)
at io.appium.java_client.remote.AppiumCommandExecutor.execute(AppiumCommandExecutor.java:247)
... 35 more
... Removed 20 stack frames]]>
    </failure>
  </testcase> <!-- @BeforeClass setupClass -->
  <testcase classname="TestNG_Set.Chips_TestCase" name="@BeforeMethod BeforeMethod" time="-1.637723728475E9">
    <skipped/>
  </testcase> <!-- @BeforeMethod BeforeMethod -->
  <testcase classname="TestNG_Set.Chips_TestCase" name="@AfterMethod AfterMethod" time="-1.637723728477E9">
    <skipped/>
  </testcase> <!-- @AfterMethod AfterMethod -->
  <testcase classname="TestNG_Set.Chips_TestCase" name="@BeforeMethod BeforeMethod" time="-1.637723728478E9">
    <skipped/>
  </testcase> <!-- @BeforeMethod BeforeMethod -->
  <testcase classname="TestNG_Set.Chips_TestCase" name="@AfterMethod AfterMethod" time="-1.637723728481E9">
    <skipped/>
  </testcase> <!-- @AfterMethod AfterMethod -->
  <testcase classname="TestNG_Set.Chips_TestCase" name="@BeforeMethod BeforeMethod" time="-1.637723728482E9">
    <skipped/>
  </testcase> <!-- @BeforeMethod BeforeMethod -->
  <testcase classname="TestNG_Set.Chips_TestCase" name="@AfterMethod AfterMethod" time="-1.637723728484E9">
    <skipped/>
  </testcase> <!-- @AfterMethod AfterMethod -->
  <testcase classname="TestNG_Set.Chips_TestCase" name="@BeforeMethod BeforeMethod" time="-1.637723728485E9">
    <skipped/>
  </testcase> <!-- @BeforeMethod BeforeMethod -->
  <testcase classname="TestNG_Set.Chips_TestCase" name="@AfterMethod AfterMethod" time="-1.637723728487E9">
    <skipped/>
  </testcase> <!-- @AfterMethod AfterMethod -->
  <testcase classname="TestNG_Set.Chips_TestCase" name="@BeforeMethod BeforeMethod" time="-1.637723728488E9">
    <skipped/>
  </testcase> <!-- @BeforeMethod BeforeMethod -->
  <testcase classname="TestNG_Set.Chips_TestCase" name="@AfterMethod AfterMethod" time="-1.63772372849E9">
    <skipped/>
  </testcase> <!-- @AfterMethod AfterMethod -->
  <testcase classname="TestNG_Set.Chips_TestCase" name="@BeforeMethod BeforeMethod" time="-1.63772372849E9">
    <skipped/>
  </testcase> <!-- @BeforeMethod BeforeMethod -->
  <testcase classname="TestNG_Set.Chips_TestCase" name="@AfterMethod AfterMethod" time="-1.637723728492E9">
    <skipped/>
  </testcase> <!-- @AfterMethod AfterMethod -->
  <testcase classname="TestNG_Set.Chips_TestCase" name="@BeforeMethod BeforeMethod" time="-1.637723728493E9">
    <skipped/>
  </testcase> <!-- @BeforeMethod BeforeMethod -->
  <testcase classname="TestNG_Set.Chips_TestCase" name="@AfterMethod AfterMethod" time="-1.637723728494E9">
    <skipped/>
  </testcase> <!-- @AfterMethod AfterMethod -->
  <testcase classname="TestNG_Set.Chips_TestCase" name="@AfterClass tearDownClass" time="-1.637723728495E9">
    <skipped/>
  </testcase> <!-- @AfterClass tearDownClass -->
  <testcase classname="TestNG_Set.Chips_TestCase" name="@BeforeClass setupClass" time="4.719">
    <failure type="org.openqa.selenium.WebDriverException" message="Connection refused: no further information
Build info: version: &amp;apos;3.141.59&amp;apos;, revision: &amp;apos;e82be7d358&amp;apos;, time: &amp;apos;2018-11-14T08:17:03&amp;apos;
System info: host: &amp;apos;DESKTOP-KEI&amp;apos;, ip: &amp;apos;192.168.55.40&amp;apos;, os.name: &amp;apos;Windows 10&amp;apos;, os.arch: &amp;apos;amd64&amp;apos;, os.version: &amp;apos;10.0&amp;apos;, java.version: &amp;apos;15.0.2&amp;apos;
Driver info: driver.version: AndroidDriver">
      <![CDATA[org.openqa.selenium.WebDriverException: Connection refused: no further information
Build info: version: '3.141.59', revision: 'e82be7d358', time: '2018-11-14T08:17:03'
System info: host: 'DESKTOP-KEI', ip: '192.168.55.40', os.name: 'Windows 10', os.arch: 'amd64', os.version: '10.0', java.version: '15.0.2'
Driver info: driver.version: AndroidDriver
at io.appium.java_client.remote.AppiumCommandExecutor.lambda$6(AppiumCommandExecutor.java:259)
at java.base/java.util.Optional.orElseGet(Optional.java:362)
at io.appium.java_client.remote.AppiumCommandExecutor.execute(AppiumCommandExecutor.java:258)
at org.openqa.selenium.remote.RemoteWebDriver.execute(RemoteWebDriver.java:552)
at io.appium.java_client.DefaultGenericMobileDriver.execute(DefaultGenericMobileDriver.java:41)
at io.appium.java_client.AppiumDriver.execute(AppiumDriver.java:1)
at io.appium.java_client.android.AndroidDriver.execute(AndroidDriver.java:1)
at unit.Utilities.execute(Utilities.java:1)
at org.openqa.selenium.remote.RemoteWebDriver.startSession(RemoteWebDriver.java:213)
at io.appium.java_client.AppiumDriver.startSession(AppiumDriver.java:338)
at org.openqa.selenium.remote.RemoteWebDriver.<init>(RemoteWebDriver.java:131)
at io.appium.java_client.DefaultGenericMobileDriver.<init>(DefaultGenericMobileDriver.java:37)
at io.appium.java_client.AppiumDriver.<init>(AppiumDriver.java:89)
at io.appium.java_client.AppiumDriver.<init>(AppiumDriver.java:99)
at io.appium.java_client.android.AndroidDriver.<init>(AndroidDriver.java:96)
at unit.Utilities.<init>(Utilities.java:143)
at TestNG_Set.Chips_TestCase.setupClass(Chips_TestCase.java:94)
at java.base/java.util.ArrayList.forEach(ArrayList.java:1511)
at java.base/java.util.concurrent.FutureTask.run(FutureTask.java:264)
at java.base/java.util.concurrent.ThreadPoolExecutor.runWorker(ThreadPoolExecutor.java:1130)
at java.base/java.util.concurrent.ThreadPoolExecutor$Worker.run(ThreadPoolExecutor.java:630)
at java.base/java.lang.Thread.run(Thread.java:832)
Caused by: java.net.ConnectException: Connection refused: no further information
at java.base/sun.nio.ch.Net.pollConnect(Native Method)
at java.base/sun.nio.ch.Net.pollConnectNow(Net.java:660)
at java.base/sun.nio.ch.NioSocketImpl.timedFinishConnect(NioSocketImpl.java:549)
at java.base/sun.nio.ch.NioSocketImpl.connect(NioSocketImpl.java:597)
at java.base/java.net.SocksSocketImpl.connect(SocksSocketImpl.java:333)
at java.base/java.net.Socket.connect(Socket.java:648)
at okhttp3.internal.platform.Platform.connectSocket(Platform.kt:127)
at okhttp3.internal.connection.RealConnection.connectSocket(RealConnection.kt:268)
at okhttp3.internal.connection.RealConnection.connect(RealConnection.kt:176)
at okhttp3.internal.connection.ExchangeFinder.findConnection(ExchangeFinder.kt:236)
at okhttp3.internal.connection.ExchangeFinder.findHealthyConnection(ExchangeFinder.kt:109)
at okhttp3.internal.connection.ExchangeFinder.find(ExchangeFinder.kt:77)
at okhttp3.internal.connection.Transmitter.newExchange$okhttp(Transmitter.kt:162)
at okhttp3.internal.connection.ConnectInterceptor.intercept(ConnectInterceptor.kt:35)
at okhttp3.internal.http.RealInterceptorChain.proceed(RealInterceptorChain.kt:112)
at okhttp3.internal.http.RealInterceptorChain.proceed(RealInterceptorChain.kt:87)
at okhttp3.internal.cache.CacheInterceptor.intercept(CacheInterceptor.kt:82)
at okhttp3.internal.http.RealInterceptorChain.proceed(RealInterceptorChain.kt:112)
at okhttp3.internal.http.RealInterceptorChain.proceed(RealInterceptorChain.kt:87)
at okhttp3.internal.http.BridgeInterceptor.intercept(BridgeInterceptor.kt:84)
at okhttp3.internal.http.RealInterceptorChain.proceed(RealInterceptorChain.kt:112)
at okhttp3.internal.http.RetryAndFollowUpInterceptor.intercept(RetryAndFollowUpInterceptor.kt:71)
at okhttp3.internal.http.RealInterceptorChain.proceed(RealInterceptorChain.kt:112)
at okhttp3.internal.http.RealInterceptorChain.proceed(RealInterceptorChain.kt:87)
at okhttp3.RealCall.getResponseWithInterceptorChain(RealCall.kt:184)
at okhttp3.RealCall.execute(RealCall.kt:66)
at org.openqa.selenium.remote.internal.OkHttpClient.execute(OkHttpClient.java:103)
at io.appium.java_client.remote.AppiumCommandExecutor.lambda$1(AppiumCommandExecutor.java:162)
at org.openqa.selenium.remote.ProtocolHandshake.createSession(ProtocolHandshake.java:105)
at io.appium.java_client.remote.AppiumCommandExecutor$1.createSession(AppiumCommandExecutor.java:193)
at io.appium.java_client.remote.AppiumCommandExecutor.createSession(AppiumCommandExecutor.java:225)
at io.appium.java_client.remote.AppiumCommandExecutor.execute(AppiumCommandExecutor.java:247)
... 35 more
... Removed 20 stack frames]]>
    </failure>
  </testcase> <!-- @BeforeClass setupClass -->
  <testcase classname="TestNG_Set.Chips_TestCase" name="@BeforeMethod BeforeMethod" time="-1.637723733217E9">
    <skipped/>
  </testcase> <!-- @BeforeMethod BeforeMethod -->
  <testcase classname="TestNG_Set.Chips_TestCase" name="@AfterMethod AfterMethod" time="-1.637723733221E9">
    <skipped/>
  </testcase> <!-- @AfterMethod AfterMethod -->
  <testcase classname="TestNG_Set.Chips_TestCase" name="@BeforeMethod BeforeMethod" time="-1.637723733221E9">
    <skipped/>
  </testcase> <!-- @BeforeMethod BeforeMethod -->
  <testcase classname="TestNG_Set.Chips_TestCase" name="@AfterMethod AfterMethod" time="-1.637723733224E9">
    <skipped/>
  </testcase> <!-- @AfterMethod AfterMethod -->
  <testcase classname="TestNG_Set.Chips_TestCase" name="@BeforeMethod BeforeMethod" time="-1.637723733225E9">
    <skipped/>
  </testcase> <!-- @BeforeMethod BeforeMethod -->
  <testcase classname="TestNG_Set.Chips_TestCase" name="@AfterMethod AfterMethod" time="-1.637723733235E9">
    <skipped/>
  </testcase> <!-- @AfterMethod AfterMethod -->
  <testcase classname="TestNG_Set.Chips_TestCase" name="@AfterClass tearDownClass" time="-1.637723733236E9">
    <skipped/>
  </testcase> <!-- @AfterClass tearDownClass -->
  <testcase classname="TestNG_Set.Chips_TestCase" name="@BeforeClass setupClass" time="4.554">
    <failure type="org.openqa.selenium.WebDriverException" message="Connection refused: no further information
Build info: version: &amp;apos;3.141.59&amp;apos;, revision: &amp;apos;e82be7d358&amp;apos;, time: &amp;apos;2018-11-14T08:17:03&amp;apos;
System info: host: &amp;apos;DESKTOP-KEI&amp;apos;, ip: &amp;apos;192.168.55.40&amp;apos;, os.name: &amp;apos;Windows 10&amp;apos;, os.arch: &amp;apos;amd64&amp;apos;, os.version: &amp;apos;10.0&amp;apos;, java.version: &amp;apos;15.0.2&amp;apos;
Driver info: driver.version: AndroidDriver">
      <![CDATA[org.openqa.selenium.WebDriverException: Connection refused: no further information
Build info: version: '3.141.59', revision: 'e82be7d358', time: '2018-11-14T08:17:03'
System info: host: 'DESKTOP-KEI', ip: '192.168.55.40', os.name: 'Windows 10', os.arch: 'amd64', os.version: '10.0', java.version: '15.0.2'
Driver info: driver.version: AndroidDriver
at io.appium.java_client.remote.AppiumCommandExecutor.lambda$6(AppiumCommandExecutor.java:259)
at java.base/java.util.Optional.orElseGet(Optional.java:362)
at io.appium.java_client.remote.AppiumCommandExecutor.execute(AppiumCommandExecutor.java:258)
at org.openqa.selenium.remote.RemoteWebDriver.execute(RemoteWebDriver.java:552)
at io.appium.java_client.DefaultGenericMobileDriver.execute(DefaultGenericMobileDriver.java:41)
at io.appium.java_client.AppiumDriver.execute(AppiumDriver.java:1)
at io.appium.java_client.android.AndroidDriver.execute(AndroidDriver.java:1)
at unit.Utilities.execute(Utilities.java:1)
at org.openqa.selenium.remote.RemoteWebDriver.startSession(RemoteWebDriver.java:213)
at io.appium.java_client.AppiumDriver.startSession(AppiumDriver.java:338)
at org.openqa.selenium.remote.RemoteWebDriver.<init>(RemoteWebDriver.java:131)
at io.appium.java_client.DefaultGenericMobileDriver.<init>(DefaultGenericMobileDriver.java:37)
at io.appium.java_client.AppiumDriver.<init>(AppiumDriver.java:89)
at io.appium.java_client.AppiumDriver.<init>(AppiumDriver.java:99)
at io.appium.java_client.android.AndroidDriver.<init>(AndroidDriver.java:96)
at unit.Utilities.<init>(Utilities.java:143)
at TestNG_Set.Chips_TestCase.setupClass(Chips_TestCase.java:94)
at java.base/java.util.ArrayList.forEach(ArrayList.java:1511)
at java.base/java.util.concurrent.FutureTask.run(FutureTask.java:264)
at java.base/java.util.concurrent.ThreadPoolExecutor.runWorker(ThreadPoolExecutor.java:1130)
at java.base/java.util.concurrent.ThreadPoolExecutor$Worker.run(ThreadPoolExecutor.java:630)
at java.base/java.lang.Thread.run(Thread.java:832)
Caused by: java.net.ConnectException: Connection refused: no further information
at java.base/sun.nio.ch.Net.pollConnect(Native Method)
at java.base/sun.nio.ch.Net.pollConnectNow(Net.java:660)
at java.base/sun.nio.ch.NioSocketImpl.timedFinishConnect(NioSocketImpl.java:549)
at java.base/sun.nio.ch.NioSocketImpl.connect(NioSocketImpl.java:597)
at java.base/java.net.SocksSocketImpl.connect(SocksSocketImpl.java:333)
at java.base/java.net.Socket.connect(Socket.java:648)
at okhttp3.internal.platform.Platform.connectSocket(Platform.kt:127)
at okhttp3.internal.connection.RealConnection.connectSocket(RealConnection.kt:268)
at okhttp3.internal.connection.RealConnection.connect(RealConnection.kt:176)
at okhttp3.internal.connection.ExchangeFinder.findConnection(ExchangeFinder.kt:236)
at okhttp3.internal.connection.ExchangeFinder.findHealthyConnection(ExchangeFinder.kt:109)
at okhttp3.internal.connection.ExchangeFinder.find(ExchangeFinder.kt:77)
at okhttp3.internal.connection.Transmitter.newExchange$okhttp(Transmitter.kt:162)
at okhttp3.internal.connection.ConnectInterceptor.intercept(ConnectInterceptor.kt:35)
at okhttp3.internal.http.RealInterceptorChain.proceed(RealInterceptorChain.kt:112)
at okhttp3.internal.http.RealInterceptorChain.proceed(RealInterceptorChain.kt:87)
at okhttp3.internal.cache.CacheInterceptor.intercept(CacheInterceptor.kt:82)
at okhttp3.internal.http.RealInterceptorChain.proceed(RealInterceptorChain.kt:112)
at okhttp3.internal.http.RealInterceptorChain.proceed(RealInterceptorChain.kt:87)
at okhttp3.internal.http.BridgeInterceptor.intercept(BridgeInterceptor.kt:84)
at okhttp3.internal.http.RealInterceptorChain.proceed(RealInterceptorChain.kt:112)
at okhttp3.internal.http.RetryAndFollowUpInterceptor.intercept(RetryAndFollowUpInterceptor.kt:71)
at okhttp3.internal.http.RealInterceptorChain.proceed(RealInterceptorChain.kt:112)
at okhttp3.internal.http.RealInterceptorChain.proceed(RealInterceptorChain.kt:87)
at okhttp3.RealCall.getResponseWithInterceptorChain(RealCall.kt:184)
at okhttp3.RealCall.execute(RealCall.kt:66)
at org.openqa.selenium.remote.internal.OkHttpClient.execute(OkHttpClient.java:103)
at io.appium.java_client.remote.AppiumCommandExecutor.lambda$1(AppiumCommandExecutor.java:162)
at org.openqa.selenium.remote.ProtocolHandshake.createSession(ProtocolHandshake.java:105)
at io.appium.java_client.remote.AppiumCommandExecutor$1.createSession(AppiumCommandExecutor.java:193)
at io.appium.java_client.remote.AppiumCommandExecutor.createSession(AppiumCommandExecutor.java:225)
at io.appium.java_client.remote.AppiumCommandExecutor.execute(AppiumCommandExecutor.java:247)
... 35 more
... Removed 20 stack frames]]>
    </failure>
  </testcase> <!-- @BeforeClass setupClass -->
  <testcase classname="TestNG_Set.Chips_TestCase" name="@BeforeMethod BeforeMethod" time="-1.637723737793E9">
    <skipped/>
  </testcase> <!-- @BeforeMethod BeforeMethod -->
  <testcase classname="TestNG_Set.Chips_TestCase" name="@AfterMethod AfterMethod" time="-1.637723737795E9">
    <skipped/>
  </testcase> <!-- @AfterMethod AfterMethod -->
  <testcase classname="TestNG_Set.Chips_TestCase" name="@BeforeMethod BeforeMethod" time="-1.637723737796E9">
    <skipped/>
  </testcase> <!-- @BeforeMethod BeforeMethod -->
  <testcase classname="TestNG_Set.Chips_TestCase" name="@AfterMethod AfterMethod" time="-1.637723737799E9">
    <skipped/>
  </testcase> <!-- @AfterMethod AfterMethod -->
  <testcase classname="TestNG_Set.Chips_TestCase" name="@BeforeMethod BeforeMethod" time="-1.6377237378E9">
    <skipped/>
  </testcase> <!-- @BeforeMethod BeforeMethod -->
  <testcase classname="TestNG_Set.Chips_TestCase" name="@AfterMethod AfterMethod" time="-1.637723737809E9">
    <skipped/>
  </testcase> <!-- @AfterMethod AfterMethod -->
  <testcase classname="TestNG_Set.Chips_TestCase" name="@AfterClass tearDownClass" time="-1.637723737809E9">
    <skipped/>
  </testcase> <!-- @AfterClass tearDownClass -->
  <testcase classname="TestNG_Set.Chips_TestCase" name="@BeforeClass setupClass" time="4.578">
    <failure type="org.openqa.selenium.WebDriverException" message="Connection refused: no further information
Build info: version: &amp;apos;3.141.59&amp;apos;, revision: &amp;apos;e82be7d358&amp;apos;, time: &amp;apos;2018-11-14T08:17:03&amp;apos;
System info: host: &amp;apos;DESKTOP-KEI&amp;apos;, ip: &amp;apos;192.168.55.40&amp;apos;, os.name: &amp;apos;Windows 10&amp;apos;, os.arch: &amp;apos;amd64&amp;apos;, os.version: &amp;apos;10.0&amp;apos;, java.version: &amp;apos;15.0.2&amp;apos;
Driver info: driver.version: AndroidDriver">
      <![CDATA[org.openqa.selenium.WebDriverException: Connection refused: no further information
Build info: version: '3.141.59', revision: 'e82be7d358', time: '2018-11-14T08:17:03'
System info: host: 'DESKTOP-KEI', ip: '192.168.55.40', os.name: 'Windows 10', os.arch: 'amd64', os.version: '10.0', java.version: '15.0.2'
Driver info: driver.version: AndroidDriver
at io.appium.java_client.remote.AppiumCommandExecutor.lambda$6(AppiumCommandExecutor.java:259)
at java.base/java.util.Optional.orElseGet(Optional.java:362)
at io.appium.java_client.remote.AppiumCommandExecutor.execute(AppiumCommandExecutor.java:258)
at org.openqa.selenium.remote.RemoteWebDriver.execute(RemoteWebDriver.java:552)
at io.appium.java_client.DefaultGenericMobileDriver.execute(DefaultGenericMobileDriver.java:41)
at io.appium.java_client.AppiumDriver.execute(AppiumDriver.java:1)
at io.appium.java_client.android.AndroidDriver.execute(AndroidDriver.java:1)
at unit.Utilities.execute(Utilities.java:1)
at org.openqa.selenium.remote.RemoteWebDriver.startSession(RemoteWebDriver.java:213)
at io.appium.java_client.AppiumDriver.startSession(AppiumDriver.java:338)
at org.openqa.selenium.remote.RemoteWebDriver.<init>(RemoteWebDriver.java:131)
at io.appium.java_client.DefaultGenericMobileDriver.<init>(DefaultGenericMobileDriver.java:37)
at io.appium.java_client.AppiumDriver.<init>(AppiumDriver.java:89)
at io.appium.java_client.AppiumDriver.<init>(AppiumDriver.java:99)
at io.appium.java_client.android.AndroidDriver.<init>(AndroidDriver.java:96)
at unit.Utilities.<init>(Utilities.java:143)
at TestNG_Set.Chips_TestCase.setupClass(Chips_TestCase.java:94)
at java.base/java.util.ArrayList.forEach(ArrayList.java:1511)
at java.base/java.util.concurrent.FutureTask.run(FutureTask.java:264)
at java.base/java.util.concurrent.ThreadPoolExecutor.runWorker(ThreadPoolExecutor.java:1130)
at java.base/java.util.concurrent.ThreadPoolExecutor$Worker.run(ThreadPoolExecutor.java:630)
at java.base/java.lang.Thread.run(Thread.java:832)
Caused by: java.net.ConnectException: Connection refused: no further information
at java.base/sun.nio.ch.Net.pollConnect(Native Method)
at java.base/sun.nio.ch.Net.pollConnectNow(Net.java:660)
at java.base/sun.nio.ch.NioSocketImpl.timedFinishConnect(NioSocketImpl.java:549)
at java.base/sun.nio.ch.NioSocketImpl.connect(NioSocketImpl.java:597)
at java.base/java.net.SocksSocketImpl.connect(SocksSocketImpl.java:333)
at java.base/java.net.Socket.connect(Socket.java:648)
at okhttp3.internal.platform.Platform.connectSocket(Platform.kt:127)
at okhttp3.internal.connection.RealConnection.connectSocket(RealConnection.kt:268)
at okhttp3.internal.connection.RealConnection.connect(RealConnection.kt:176)
at okhttp3.internal.connection.ExchangeFinder.findConnection(ExchangeFinder.kt:236)
at okhttp3.internal.connection.ExchangeFinder.findHealthyConnection(ExchangeFinder.kt:109)
at okhttp3.internal.connection.ExchangeFinder.find(ExchangeFinder.kt:77)
at okhttp3.internal.connection.Transmitter.newExchange$okhttp(Transmitter.kt:162)
at okhttp3.internal.connection.ConnectInterceptor.intercept(ConnectInterceptor.kt:35)
at okhttp3.internal.http.RealInterceptorChain.proceed(RealInterceptorChain.kt:112)
at okhttp3.internal.http.RealInterceptorChain.proceed(RealInterceptorChain.kt:87)
at okhttp3.internal.cache.CacheInterceptor.intercept(CacheInterceptor.kt:82)
at okhttp3.internal.http.RealInterceptorChain.proceed(RealInterceptorChain.kt:112)
at okhttp3.internal.http.RealInterceptorChain.proceed(RealInterceptorChain.kt:87)
at okhttp3.internal.http.BridgeInterceptor.intercept(BridgeInterceptor.kt:84)
at okhttp3.internal.http.RealInterceptorChain.proceed(RealInterceptorChain.kt:112)
at okhttp3.internal.http.RetryAndFollowUpInterceptor.intercept(RetryAndFollowUpInterceptor.kt:71)
at okhttp3.internal.http.RealInterceptorChain.proceed(RealInterceptorChain.kt:112)
at okhttp3.internal.http.RealInterceptorChain.proceed(RealInterceptorChain.kt:87)
at okhttp3.RealCall.getResponseWithInterceptorChain(RealCall.kt:184)
at okhttp3.RealCall.execute(RealCall.kt:66)
at org.openqa.selenium.remote.internal.OkHttpClient.execute(OkHttpClient.java:103)
at io.appium.java_client.remote.AppiumCommandExecutor.lambda$1(AppiumCommandExecutor.java:162)
at org.openqa.selenium.remote.ProtocolHandshake.createSession(ProtocolHandshake.java:105)
at io.appium.java_client.remote.AppiumCommandExecutor$1.createSession(AppiumCommandExecutor.java:193)
at io.appium.java_client.remote.AppiumCommandExecutor.createSession(AppiumCommandExecutor.java:225)
at io.appium.java_client.remote.AppiumCommandExecutor.execute(AppiumCommandExecutor.java:247)
... 35 more
... Removed 20 stack frames]]>
    </failure>
  </testcase> <!-- @BeforeClass setupClass -->
  <testcase classname="TestNG_Set.Chips_TestCase" name="@BeforeMethod BeforeMethod" time="-1.637723742392E9">
    <skipped/>
  </testcase> <!-- @BeforeMethod BeforeMethod -->
  <testcase classname="TestNG_Set.Chips_TestCase" name="@AfterMethod AfterMethod" time="-1.637723742396E9">
    <skipped/>
  </testcase> <!-- @AfterMethod AfterMethod -->
  <testcase classname="TestNG_Set.Chips_TestCase" name="@BeforeMethod BeforeMethod" time="-1.637723742398E9">
    <skipped/>
  </testcase> <!-- @BeforeMethod BeforeMethod -->
  <testcase classname="TestNG_Set.Chips_TestCase" name="@AfterMethod AfterMethod" time="-1.637723742401E9">
    <skipped/>
  </testcase> <!-- @AfterMethod AfterMethod -->
  <testcase classname="TestNG_Set.Chips_TestCase" name="@BeforeMethod BeforeMethod" time="-1.637723742403E9">
    <skipped/>
  </testcase> <!-- @BeforeMethod BeforeMethod -->
  <testcase classname="TestNG_Set.Chips_TestCase" name="@AfterMethod AfterMethod" time="-1.63772374241E9">
    <skipped/>
  </testcase> <!-- @AfterMethod AfterMethod -->
  <testcase classname="TestNG_Set.Chips_TestCase" name="@BeforeMethod BeforeMethod" time="-1.637723742412E9">
    <skipped/>
  </testcase> <!-- @BeforeMethod BeforeMethod -->
  <testcase classname="TestNG_Set.Chips_TestCase" name="@AfterMethod AfterMethod" time="-1.637723742415E9">
    <skipped/>
  </testcase> <!-- @AfterMethod AfterMethod -->
  <testcase classname="TestNG_Set.Chips_TestCase" name="@BeforeMethod BeforeMethod" time="-1.637723742416E9">
    <skipped/>
  </testcase> <!-- @BeforeMethod BeforeMethod -->
  <testcase classname="TestNG_Set.Chips_TestCase" name="@AfterMethod AfterMethod" time="-1.637723742425E9">
    <skipped/>
  </testcase> <!-- @AfterMethod AfterMethod -->
  <testcase classname="TestNG_Set.Chips_TestCase" name="@BeforeMethod BeforeMethod" time="-1.637723742429E9">
    <skipped/>
  </testcase> <!-- @BeforeMethod BeforeMethod -->
  <testcase classname="TestNG_Set.Chips_TestCase" name="@AfterMethod AfterMethod" time="-1.637723742432E9">
    <skipped/>
  </testcase> <!-- @AfterMethod AfterMethod -->
  <testcase classname="TestNG_Set.Chips_TestCase" name="@BeforeMethod BeforeMethod" time="-1.637723742433E9">
    <skipped/>
  </testcase> <!-- @BeforeMethod BeforeMethod -->
  <testcase classname="TestNG_Set.Chips_TestCase" name="@AfterMethod AfterMethod" time="-1.637723742436E9">
    <skipped/>
  </testcase> <!-- @AfterMethod AfterMethod -->
  <testcase classname="TestNG_Set.Chips_TestCase" name="@BeforeMethod BeforeMethod" time="-1.637723742437E9">
    <skipped/>
  </testcase> <!-- @BeforeMethod BeforeMethod -->
  <testcase classname="TestNG_Set.Chips_TestCase" name="@AfterMethod AfterMethod" time="-1.637723742442E9">
    <skipped/>
  </testcase> <!-- @AfterMethod AfterMethod -->
  <testcase classname="TestNG_Set.Chips_TestCase" name="@BeforeMethod BeforeMethod" time="-1.637723742443E9">
    <skipped/>
  </testcase> <!-- @BeforeMethod BeforeMethod -->
  <testcase classname="TestNG_Set.Chips_TestCase" name="@AfterMethod AfterMethod" time="-1.637723742445E9">
    <skipped/>
  </testcase> <!-- @AfterMethod AfterMethod -->
  <testcase classname="TestNG_Set.Chips_TestCase" name="@BeforeMethod BeforeMethod" time="-1.637723742446E9">
    <skipped/>
  </testcase> <!-- @BeforeMethod BeforeMethod -->
  <testcase classname="TestNG_Set.Chips_TestCase" name="@AfterMethod AfterMethod" time="-1.637723742459E9">
    <skipped/>
  </testcase> <!-- @AfterMethod AfterMethod -->
  <testcase classname="TestNG_Set.Chips_TestCase" name="@BeforeMethod BeforeMethod" time="-1.637723742463E9">
    <skipped/>
  </testcase> <!-- @BeforeMethod BeforeMethod -->
  <testcase classname="TestNG_Set.Chips_TestCase" name="@AfterMethod AfterMethod" time="-1.637723742483E9">
    <skipped/>
  </testcase> <!-- @AfterMethod AfterMethod -->
  <testcase classname="TestNG_Set.Chips_TestCase" name="@AfterClass tearDownClass" time="-1.637723742485E9">
    <skipped/>
  </testcase> <!-- @AfterClass tearDownClass -->
  <testcase classname="TestNG_Set.Chips_TestCase" name="@BeforeClass setupClass" time="4.581">
    <failure type="org.openqa.selenium.WebDriverException" message="Connection refused: no further information
Build info: version: &amp;apos;3.141.59&amp;apos;, revision: &amp;apos;e82be7d358&amp;apos;, time: &amp;apos;2018-11-14T08:17:03&amp;apos;
System info: host: &amp;apos;DESKTOP-KEI&amp;apos;, ip: &amp;apos;192.168.55.40&amp;apos;, os.name: &amp;apos;Windows 10&amp;apos;, os.arch: &amp;apos;amd64&amp;apos;, os.version: &amp;apos;10.0&amp;apos;, java.version: &amp;apos;15.0.2&amp;apos;
Driver info: driver.version: AndroidDriver">
      <![CDATA[org.openqa.selenium.WebDriverException: Connection refused: no further information
Build info: version: '3.141.59', revision: 'e82be7d358', time: '2018-11-14T08:17:03'
System info: host: 'DESKTOP-KEI', ip: '192.168.55.40', os.name: 'Windows 10', os.arch: 'amd64', os.version: '10.0', java.version: '15.0.2'
Driver info: driver.version: AndroidDriver
at io.appium.java_client.remote.AppiumCommandExecutor.lambda$6(AppiumCommandExecutor.java:259)
at java.base/java.util.Optional.orElseGet(Optional.java:362)
at io.appium.java_client.remote.AppiumCommandExecutor.execute(AppiumCommandExecutor.java:258)
at org.openqa.selenium.remote.RemoteWebDriver.execute(RemoteWebDriver.java:552)
at io.appium.java_client.DefaultGenericMobileDriver.execute(DefaultGenericMobileDriver.java:41)
at io.appium.java_client.AppiumDriver.execute(AppiumDriver.java:1)
at io.appium.java_client.android.AndroidDriver.execute(AndroidDriver.java:1)
at unit.Utilities.execute(Utilities.java:1)
at org.openqa.selenium.remote.RemoteWebDriver.startSession(RemoteWebDriver.java:213)
at io.appium.java_client.AppiumDriver.startSession(AppiumDriver.java:338)
at org.openqa.selenium.remote.RemoteWebDriver.<init>(RemoteWebDriver.java:131)
at io.appium.java_client.DefaultGenericMobileDriver.<init>(DefaultGenericMobileDriver.java:37)
at io.appium.java_client.AppiumDriver.<init>(AppiumDriver.java:89)
at io.appium.java_client.AppiumDriver.<init>(AppiumDriver.java:99)
at io.appium.java_client.android.AndroidDriver.<init>(AndroidDriver.java:96)
at unit.Utilities.<init>(Utilities.java:143)
at TestNG_Set.Chips_TestCase.setupClass(Chips_TestCase.java:94)
at java.base/java.util.ArrayList.forEach(ArrayList.java:1511)
at java.base/java.util.concurrent.FutureTask.run(FutureTask.java:264)
at java.base/java.util.concurrent.ThreadPoolExecutor.runWorker(ThreadPoolExecutor.java:1130)
at java.base/java.util.concurrent.ThreadPoolExecutor$Worker.run(ThreadPoolExecutor.java:630)
at java.base/java.lang.Thread.run(Thread.java:832)
Caused by: java.net.ConnectException: Connection refused: no further information
at java.base/sun.nio.ch.Net.pollConnect(Native Method)
at java.base/sun.nio.ch.Net.pollConnectNow(Net.java:660)
at java.base/sun.nio.ch.NioSocketImpl.timedFinishConnect(NioSocketImpl.java:549)
at java.base/sun.nio.ch.NioSocketImpl.connect(NioSocketImpl.java:597)
at java.base/java.net.SocksSocketImpl.connect(SocksSocketImpl.java:333)
at java.base/java.net.Socket.connect(Socket.java:648)
at okhttp3.internal.platform.Platform.connectSocket(Platform.kt:127)
at okhttp3.internal.connection.RealConnection.connectSocket(RealConnection.kt:268)
at okhttp3.internal.connection.RealConnection.connect(RealConnection.kt:176)
at okhttp3.internal.connection.ExchangeFinder.findConnection(ExchangeFinder.kt:236)
at okhttp3.internal.connection.ExchangeFinder.findHealthyConnection(ExchangeFinder.kt:109)
at okhttp3.internal.connection.ExchangeFinder.find(ExchangeFinder.kt:77)
at okhttp3.internal.connection.Transmitter.newExchange$okhttp(Transmitter.kt:162)
at okhttp3.internal.connection.ConnectInterceptor.intercept(ConnectInterceptor.kt:35)
at okhttp3.internal.http.RealInterceptorChain.proceed(RealInterceptorChain.kt:112)
at okhttp3.internal.http.RealInterceptorChain.proceed(RealInterceptorChain.kt:87)
at okhttp3.internal.cache.CacheInterceptor.intercept(CacheInterceptor.kt:82)
at okhttp3.internal.http.RealInterceptorChain.proceed(RealInterceptorChain.kt:112)
at okhttp3.internal.http.RealInterceptorChain.proceed(RealInterceptorChain.kt:87)
at okhttp3.internal.http.BridgeInterceptor.intercept(BridgeInterceptor.kt:84)
at okhttp3.internal.http.RealInterceptorChain.proceed(RealInterceptorChain.kt:112)
at okhttp3.internal.http.RetryAndFollowUpInterceptor.intercept(RetryAndFollowUpInterceptor.kt:71)
at okhttp3.internal.http.RealInterceptorChain.proceed(RealInterceptorChain.kt:112)
at okhttp3.internal.http.RealInterceptorChain.proceed(RealInterceptorChain.kt:87)
at okhttp3.RealCall.getResponseWithInterceptorChain(RealCall.kt:184)
at okhttp3.RealCall.execute(RealCall.kt:66)
at org.openqa.selenium.remote.internal.OkHttpClient.execute(OkHttpClient.java:103)
at io.appium.java_client.remote.AppiumCommandExecutor.lambda$1(AppiumCommandExecutor.java:162)
at org.openqa.selenium.remote.ProtocolHandshake.createSession(ProtocolHandshake.java:105)
at io.appium.java_client.remote.AppiumCommandExecutor$1.createSession(AppiumCommandExecutor.java:193)
at io.appium.java_client.remote.AppiumCommandExecutor.createSession(AppiumCommandExecutor.java:225)
at io.appium.java_client.remote.AppiumCommandExecutor.execute(AppiumCommandExecutor.java:247)
... 35 more
... Removed 20 stack frames]]>
    </failure>
  </testcase> <!-- @BeforeClass setupClass -->
  <testcase classname="TestNG_Set.Chips_TestCase" name="@BeforeMethod BeforeMethod" time="-1.637723747071E9">
    <skipped/>
  </testcase> <!-- @BeforeMethod BeforeMethod -->
  <testcase classname="TestNG_Set.Chips_TestCase" name="@AfterMethod AfterMethod" time="-1.637723747077E9">
    <skipped/>
  </testcase> <!-- @AfterMethod AfterMethod -->
  <testcase classname="TestNG_Set.Chips_TestCase" name="@BeforeMethod BeforeMethod" time="-1.637723747079E9">
    <skipped/>
  </testcase> <!-- @BeforeMethod BeforeMethod -->
  <testcase classname="TestNG_Set.Chips_TestCase" name="@AfterMethod AfterMethod" time="-1.637723747084E9">
    <skipped/>
  </testcase> <!-- @AfterMethod AfterMethod -->
  <testcase classname="TestNG_Set.Chips_TestCase" name="@BeforeMethod BeforeMethod" time="-1.637723747086E9">
    <skipped/>
  </testcase> <!-- @BeforeMethod BeforeMethod -->
  <testcase classname="TestNG_Set.Chips_TestCase" name="@AfterMethod AfterMethod" time="-1.637723747093E9">
    <skipped/>
  </testcase> <!-- @AfterMethod AfterMethod -->
  <testcase classname="TestNG_Set.Chips_TestCase" name="@BeforeMethod BeforeMethod" time="-1.637723747094E9">
    <skipped/>
  </testcase> <!-- @BeforeMethod BeforeMethod -->
  <testcase classname="TestNG_Set.Chips_TestCase" name="@AfterMethod AfterMethod" time="-1.637723747098E9">
    <skipped/>
  </testcase> <!-- @AfterMethod AfterMethod -->
  <testcase classname="TestNG_Set.Chips_TestCase" name="@BeforeMethod BeforeMethod" time="-1.637723747099E9">
    <skipped/>
  </testcase> <!-- @BeforeMethod BeforeMethod -->
  <testcase classname="TestNG_Set.Chips_TestCase" name="@AfterMethod AfterMethod" time="-1.637723747102E9">
    <skipped/>
  </testcase> <!-- @AfterMethod AfterMethod -->
  <testcase classname="TestNG_Set.Chips_TestCase" name="@BeforeMethod BeforeMethod" time="-1.637723747104E9">
    <skipped/>
  </testcase> <!-- @BeforeMethod BeforeMethod -->
  <testcase classname="TestNG_Set.Chips_TestCase" name="@AfterMethod AfterMethod" time="-1.637723747108E9">
    <skipped/>
  </testcase> <!-- @AfterMethod AfterMethod -->
  <testcase classname="TestNG_Set.Chips_TestCase" name="@BeforeMethod BeforeMethod" time="-1.637723747109E9">
    <skipped/>
  </testcase> <!-- @BeforeMethod BeforeMethod -->
  <testcase classname="TestNG_Set.Chips_TestCase" name="@AfterMethod AfterMethod" time="-1.637723747113E9">
    <skipped/>
  </testcase> <!-- @AfterMethod AfterMethod -->
  <testcase classname="TestNG_Set.Chips_TestCase" name="@BeforeMethod BeforeMethod" time="-1.637723747115E9">
    <skipped/>
  </testcase> <!-- @BeforeMethod BeforeMethod -->
  <testcase classname="TestNG_Set.Chips_TestCase" name="@AfterMethod AfterMethod" time="-1.637723747119E9">
    <skipped/>
  </testcase> <!-- @AfterMethod AfterMethod -->
  <testcase classname="TestNG_Set.Chips_TestCase" name="@BeforeMethod BeforeMethod" time="-1.637723747121E9">
    <skipped/>
  </testcase> <!-- @BeforeMethod BeforeMethod -->
  <testcase classname="TestNG_Set.Chips_TestCase" name="@AfterMethod AfterMethod" time="-1.637723747128E9">
    <skipped/>
  </testcase> <!-- @AfterMethod AfterMethod -->
  <testcase classname="TestNG_Set.Chips_TestCase" name="@BeforeMethod BeforeMethod" time="-1.637723747132E9">
    <skipped/>
  </testcase> <!-- @BeforeMethod BeforeMethod -->
  <testcase classname="TestNG_Set.Chips_TestCase" name="@AfterMethod AfterMethod" time="-1.63772374714E9">
    <skipped/>
  </testcase> <!-- @AfterMethod AfterMethod -->
  <testcase classname="TestNG_Set.Chips_TestCase" name="@BeforeMethod BeforeMethod" time="-1.637723747142E9">
    <skipped/>
  </testcase> <!-- @BeforeMethod BeforeMethod -->
  <testcase classname="TestNG_Set.Chips_TestCase" name="@AfterMethod AfterMethod" time="-1.637723747152E9">
    <skipped/>
  </testcase> <!-- @AfterMethod AfterMethod -->
  <testcase classname="TestNG_Set.Chips_TestCase" name="@AfterClass tearDownClass" time="-1.637723747153E9">
    <skipped/>
  </testcase> <!-- @AfterClass tearDownClass -->
  <testcase classname="TestNG_Set.Chips_TestCase" name="@BeforeClass setupClass" time="4.566">
    <failure type="org.openqa.selenium.WebDriverException" message="Connection refused: no further information
Build info: version: &amp;apos;3.141.59&amp;apos;, revision: &amp;apos;e82be7d358&amp;apos;, time: &amp;apos;2018-11-14T08:17:03&amp;apos;
System info: host: &amp;apos;DESKTOP-KEI&amp;apos;, ip: &amp;apos;192.168.55.40&amp;apos;, os.name: &amp;apos;Windows 10&amp;apos;, os.arch: &amp;apos;amd64&amp;apos;, os.version: &amp;apos;10.0&amp;apos;, java.version: &amp;apos;15.0.2&amp;apos;
Driver info: driver.version: AndroidDriver">
      <![CDATA[org.openqa.selenium.WebDriverException: Connection refused: no further information
Build info: version: '3.141.59', revision: 'e82be7d358', time: '2018-11-14T08:17:03'
System info: host: 'DESKTOP-KEI', ip: '192.168.55.40', os.name: 'Windows 10', os.arch: 'amd64', os.version: '10.0', java.version: '15.0.2'
Driver info: driver.version: AndroidDriver
at io.appium.java_client.remote.AppiumCommandExecutor.lambda$6(AppiumCommandExecutor.java:259)
at java.base/java.util.Optional.orElseGet(Optional.java:362)
at io.appium.java_client.remote.AppiumCommandExecutor.execute(AppiumCommandExecutor.java:258)
at org.openqa.selenium.remote.RemoteWebDriver.execute(RemoteWebDriver.java:552)
at io.appium.java_client.DefaultGenericMobileDriver.execute(DefaultGenericMobileDriver.java:41)
at io.appium.java_client.AppiumDriver.execute(AppiumDriver.java:1)
at io.appium.java_client.android.AndroidDriver.execute(AndroidDriver.java:1)
at unit.Utilities.execute(Utilities.java:1)
at org.openqa.selenium.remote.RemoteWebDriver.startSession(RemoteWebDriver.java:213)
at io.appium.java_client.AppiumDriver.startSession(AppiumDriver.java:338)
at org.openqa.selenium.remote.RemoteWebDriver.<init>(RemoteWebDriver.java:131)
at io.appium.java_client.DefaultGenericMobileDriver.<init>(DefaultGenericMobileDriver.java:37)
at io.appium.java_client.AppiumDriver.<init>(AppiumDriver.java:89)
at io.appium.java_client.AppiumDriver.<init>(AppiumDriver.java:99)
at io.appium.java_client.android.AndroidDriver.<init>(AndroidDriver.java:96)
at unit.Utilities.<init>(Utilities.java:143)
at TestNG_Set.Chips_TestCase.setupClass(Chips_TestCase.java:94)
at java.base/java.util.ArrayList.forEach(ArrayList.java:1511)
at java.base/java.util.concurrent.FutureTask.run(FutureTask.java:264)
at java.base/java.util.concurrent.ThreadPoolExecutor.runWorker(ThreadPoolExecutor.java:1130)
at java.base/java.util.concurrent.ThreadPoolExecutor$Worker.run(ThreadPoolExecutor.java:630)
at java.base/java.lang.Thread.run(Thread.java:832)
Caused by: java.net.ConnectException: Connection refused: no further information
at java.base/sun.nio.ch.Net.pollConnect(Native Method)
at java.base/sun.nio.ch.Net.pollConnectNow(Net.java:660)
at java.base/sun.nio.ch.NioSocketImpl.timedFinishConnect(NioSocketImpl.java:549)
at java.base/sun.nio.ch.NioSocketImpl.connect(NioSocketImpl.java:597)
at java.base/java.net.SocksSocketImpl.connect(SocksSocketImpl.java:333)
at java.base/java.net.Socket.connect(Socket.java:648)
at okhttp3.internal.platform.Platform.connectSocket(Platform.kt:127)
at okhttp3.internal.connection.RealConnection.connectSocket(RealConnection.kt:268)
at okhttp3.internal.connection.RealConnection.connect(RealConnection.kt:176)
at okhttp3.internal.connection.ExchangeFinder.findConnection(ExchangeFinder.kt:236)
at okhttp3.internal.connection.ExchangeFinder.findHealthyConnection(ExchangeFinder.kt:109)
at okhttp3.internal.connection.ExchangeFinder.find(ExchangeFinder.kt:77)
at okhttp3.internal.connection.Transmitter.newExchange$okhttp(Transmitter.kt:162)
at okhttp3.internal.connection.ConnectInterceptor.intercept(ConnectInterceptor.kt:35)
at okhttp3.internal.http.RealInterceptorChain.proceed(RealInterceptorChain.kt:112)
at okhttp3.internal.http.RealInterceptorChain.proceed(RealInterceptorChain.kt:87)
at okhttp3.internal.cache.CacheInterceptor.intercept(CacheInterceptor.kt:82)
at okhttp3.internal.http.RealInterceptorChain.proceed(RealInterceptorChain.kt:112)
at okhttp3.internal.http.RealInterceptorChain.proceed(RealInterceptorChain.kt:87)
at okhttp3.internal.http.BridgeInterceptor.intercept(BridgeInterceptor.kt:84)
at okhttp3.internal.http.RealInterceptorChain.proceed(RealInterceptorChain.kt:112)
at okhttp3.internal.http.RetryAndFollowUpInterceptor.intercept(RetryAndFollowUpInterceptor.kt:71)
at okhttp3.internal.http.RealInterceptorChain.proceed(RealInterceptorChain.kt:112)
at okhttp3.internal.http.RealInterceptorChain.proceed(RealInterceptorChain.kt:87)
at okhttp3.RealCall.getResponseWithInterceptorChain(RealCall.kt:184)
at okhttp3.RealCall.execute(RealCall.kt:66)
at org.openqa.selenium.remote.internal.OkHttpClient.execute(OkHttpClient.java:103)
at io.appium.java_client.remote.AppiumCommandExecutor.lambda$1(AppiumCommandExecutor.java:162)
at org.openqa.selenium.remote.ProtocolHandshake.createSession(ProtocolHandshake.java:105)
at io.appium.java_client.remote.AppiumCommandExecutor$1.createSession(AppiumCommandExecutor.java:193)
at io.appium.java_client.remote.AppiumCommandExecutor.createSession(AppiumCommandExecutor.java:225)
at io.appium.java_client.remote.AppiumCommandExecutor.execute(AppiumCommandExecutor.java:247)
... 35 more
... Removed 20 stack frames]]>
    </failure>
  </testcase> <!-- @BeforeClass setupClass -->
  <testcase classname="TestNG_Set.Chips_TestCase" name="@BeforeMethod BeforeMethod" time="-1.637723751721E9">
    <skipped/>
  </testcase> <!-- @BeforeMethod BeforeMethod -->
  <testcase classname="TestNG_Set.Chips_TestCase" name="@AfterMethod AfterMethod" time="-1.637723751722E9">
    <skipped/>
  </testcase> <!-- @AfterMethod AfterMethod -->
  <testcase classname="TestNG_Set.Chips_TestCase" name="@BeforeMethod BeforeMethod" time="-1.637723751723E9">
    <skipped/>
  </testcase> <!-- @BeforeMethod BeforeMethod -->
  <testcase classname="TestNG_Set.Chips_TestCase" name="@AfterMethod AfterMethod" time="-1.637723751725E9">
    <skipped/>
  </testcase> <!-- @AfterMethod AfterMethod -->
  <testcase classname="TestNG_Set.Chips_TestCase" name="@BeforeMethod BeforeMethod" time="-1.637723751725E9">
    <skipped/>
  </testcase> <!-- @BeforeMethod BeforeMethod -->
  <testcase classname="TestNG_Set.Chips_TestCase" name="@AfterMethod AfterMethod" time="-1.637723751727E9">
    <skipped/>
  </testcase> <!-- @AfterMethod AfterMethod -->
  <testcase classname="TestNG_Set.Chips_TestCase" name="@BeforeMethod BeforeMethod" time="-1.637723751728E9">
    <skipped/>
  </testcase> <!-- @BeforeMethod BeforeMethod -->
  <testcase classname="TestNG_Set.Chips_TestCase" name="@AfterMethod AfterMethod" time="-1.637723751732E9">
    <skipped/>
  </testcase> <!-- @AfterMethod AfterMethod -->
  <testcase classname="TestNG_Set.Chips_TestCase" name="@BeforeMethod BeforeMethod" time="-1.637723751733E9">
    <skipped/>
  </testcase> <!-- @BeforeMethod BeforeMethod -->
  <testcase classname="TestNG_Set.Chips_TestCase" name="@AfterMethod AfterMethod" time="-1.637723751737E9">
    <skipped/>
  </testcase> <!-- @AfterMethod AfterMethod -->
  <testcase classname="TestNG_Set.Chips_TestCase" name="@BeforeMethod BeforeMethod" time="-1.637723751738E9">
    <skipped/>
  </testcase> <!-- @BeforeMethod BeforeMethod -->
  <testcase classname="TestNG_Set.Chips_TestCase" name="@AfterMethod AfterMethod" time="-1.63772375174E9">
    <skipped/>
  </testcase> <!-- @AfterMethod AfterMethod -->
  <testcase classname="TestNG_Set.Chips_TestCase" name="@BeforeMethod BeforeMethod" time="-1.63772375174E9">
    <skipped/>
  </testcase> <!-- @BeforeMethod BeforeMethod -->
  <testcase classname="TestNG_Set.Chips_TestCase" name="@AfterMethod AfterMethod" time="-1.637723751742E9">
    <skipped/>
  </testcase> <!-- @AfterMethod AfterMethod -->
  <testcase classname="TestNG_Set.Chips_TestCase" name="@BeforeMethod BeforeMethod" time="-1.637723751742E9">
    <skipped/>
  </testcase> <!-- @BeforeMethod BeforeMethod -->
  <testcase classname="TestNG_Set.Chips_TestCase" name="@AfterMethod AfterMethod" time="-1.637723751751E9">
    <skipped/>
  </testcase> <!-- @AfterMethod AfterMethod -->
  <testcase classname="TestNG_Set.Chips_TestCase" name="@BeforeMethod BeforeMethod" time="-1.637723751754E9">
    <skipped/>
  </testcase> <!-- @BeforeMethod BeforeMethod -->
  <testcase classname="TestNG_Set.Chips_TestCase" name="@AfterMethod AfterMethod" time="-1.637723751756E9">
    <skipped/>
  </testcase> <!-- @AfterMethod AfterMethod -->
  <testcase classname="TestNG_Set.Chips_TestCase" name="@AfterClass tearDownClass" time="-1.637723751756E9">
    <skipped/>
  </testcase> <!-- @AfterClass tearDownClass -->
  <testcase classname="TestNG_Set.Chips_TestCase" name="@BeforeClass setupClass" time="4.54">
    <failure type="org.openqa.selenium.WebDriverException" message="Connection refused: no further information
Build info: version: &amp;apos;3.141.59&amp;apos;, revision: &amp;apos;e82be7d358&amp;apos;, time: &amp;apos;2018-11-14T08:17:03&amp;apos;
System info: host: &amp;apos;DESKTOP-KEI&amp;apos;, ip: &amp;apos;192.168.55.40&amp;apos;, os.name: &amp;apos;Windows 10&amp;apos;, os.arch: &amp;apos;amd64&amp;apos;, os.version: &amp;apos;10.0&amp;apos;, java.version: &amp;apos;15.0.2&amp;apos;
Driver info: driver.version: AndroidDriver">
      <![CDATA[org.openqa.selenium.WebDriverException: Connection refused: no further information
Build info: version: '3.141.59', revision: 'e82be7d358', time: '2018-11-14T08:17:03'
System info: host: 'DESKTOP-KEI', ip: '192.168.55.40', os.name: 'Windows 10', os.arch: 'amd64', os.version: '10.0', java.version: '15.0.2'
Driver info: driver.version: AndroidDriver
at io.appium.java_client.remote.AppiumCommandExecutor.lambda$6(AppiumCommandExecutor.java:259)
at java.base/java.util.Optional.orElseGet(Optional.java:362)
at io.appium.java_client.remote.AppiumCommandExecutor.execute(AppiumCommandExecutor.java:258)
at org.openqa.selenium.remote.RemoteWebDriver.execute(RemoteWebDriver.java:552)
at io.appium.java_client.DefaultGenericMobileDriver.execute(DefaultGenericMobileDriver.java:41)
at io.appium.java_client.AppiumDriver.execute(AppiumDriver.java:1)
at io.appium.java_client.android.AndroidDriver.execute(AndroidDriver.java:1)
at unit.Utilities.execute(Utilities.java:1)
at org.openqa.selenium.remote.RemoteWebDriver.startSession(RemoteWebDriver.java:213)
at io.appium.java_client.AppiumDriver.startSession(AppiumDriver.java:338)
at org.openqa.selenium.remote.RemoteWebDriver.<init>(RemoteWebDriver.java:131)
at io.appium.java_client.DefaultGenericMobileDriver.<init>(DefaultGenericMobileDriver.java:37)
at io.appium.java_client.AppiumDriver.<init>(AppiumDriver.java:89)
at io.appium.java_client.AppiumDriver.<init>(AppiumDriver.java:99)
at io.appium.java_client.android.AndroidDriver.<init>(AndroidDriver.java:96)
at unit.Utilities.<init>(Utilities.java:143)
at TestNG_Set.Chips_TestCase.setupClass(Chips_TestCase.java:94)
at java.base/java.util.ArrayList.forEach(ArrayList.java:1511)
at java.base/java.util.concurrent.FutureTask.run(FutureTask.java:264)
at java.base/java.util.concurrent.ThreadPoolExecutor.runWorker(ThreadPoolExecutor.java:1130)
at java.base/java.util.concurrent.ThreadPoolExecutor$Worker.run(ThreadPoolExecutor.java:630)
at java.base/java.lang.Thread.run(Thread.java:832)
Caused by: java.net.ConnectException: Connection refused: no further information
at java.base/sun.nio.ch.Net.pollConnect(Native Method)
at java.base/sun.nio.ch.Net.pollConnectNow(Net.java:660)
at java.base/sun.nio.ch.NioSocketImpl.timedFinishConnect(NioSocketImpl.java:549)
at java.base/sun.nio.ch.NioSocketImpl.connect(NioSocketImpl.java:597)
at java.base/java.net.SocksSocketImpl.connect(SocksSocketImpl.java:333)
at java.base/java.net.Socket.connect(Socket.java:648)
at okhttp3.internal.platform.Platform.connectSocket(Platform.kt:127)
at okhttp3.internal.connection.RealConnection.connectSocket(RealConnection.kt:268)
at okhttp3.internal.connection.RealConnection.connect(RealConnection.kt:176)
at okhttp3.internal.connection.ExchangeFinder.findConnection(ExchangeFinder.kt:236)
at okhttp3.internal.connection.ExchangeFinder.findHealthyConnection(ExchangeFinder.kt:109)
at okhttp3.internal.connection.ExchangeFinder.find(ExchangeFinder.kt:77)
at okhttp3.internal.connection.Transmitter.newExchange$okhttp(Transmitter.kt:162)
at okhttp3.internal.connection.ConnectInterceptor.intercept(ConnectInterceptor.kt:35)
at okhttp3.internal.http.RealInterceptorChain.proceed(RealInterceptorChain.kt:112)
at okhttp3.internal.http.RealInterceptorChain.proceed(RealInterceptorChain.kt:87)
at okhttp3.internal.cache.CacheInterceptor.intercept(CacheInterceptor.kt:82)
at okhttp3.internal.http.RealInterceptorChain.proceed(RealInterceptorChain.kt:112)
at okhttp3.internal.http.RealInterceptorChain.proceed(RealInterceptorChain.kt:87)
at okhttp3.internal.http.BridgeInterceptor.intercept(BridgeInterceptor.kt:84)
at okhttp3.internal.http.RealInterceptorChain.proceed(RealInterceptorChain.kt:112)
at okhttp3.internal.http.RetryAndFollowUpInterceptor.intercept(RetryAndFollowUpInterceptor.kt:71)
at okhttp3.internal.http.RealInterceptorChain.proceed(RealInterceptorChain.kt:112)
at okhttp3.internal.http.RealInterceptorChain.proceed(RealInterceptorChain.kt:87)
at okhttp3.RealCall.getResponseWithInterceptorChain(RealCall.kt:184)
at okhttp3.RealCall.execute(RealCall.kt:66)
at org.openqa.selenium.remote.internal.OkHttpClient.execute(OkHttpClient.java:103)
at io.appium.java_client.remote.AppiumCommandExecutor.lambda$1(AppiumCommandExecutor.java:162)
at org.openqa.selenium.remote.ProtocolHandshake.createSession(ProtocolHandshake.java:105)
at io.appium.java_client.remote.AppiumCommandExecutor$1.createSession(AppiumCommandExecutor.java:193)
at io.appium.java_client.remote.AppiumCommandExecutor.createSession(AppiumCommandExecutor.java:225)
at io.appium.java_client.remote.AppiumCommandExecutor.execute(AppiumCommandExecutor.java:247)
... 35 more
... Removed 20 stack frames]]>
    </failure>
  </testcase> <!-- @BeforeClass setupClass -->
  <testcase classname="TestNG_Set.Chips_TestCase" name="@BeforeMethod BeforeMethod" time="-1.6377237563E9">
    <skipped/>
  </testcase> <!-- @BeforeMethod BeforeMethod -->
  <testcase classname="TestNG_Set.Chips_TestCase" name="@AfterMethod AfterMethod" time="-1.637723756304E9">
    <skipped/>
  </testcase> <!-- @AfterMethod AfterMethod -->
  <testcase classname="TestNG_Set.Chips_TestCase" name="@BeforeMethod BeforeMethod" time="-1.637723756305E9">
    <skipped/>
  </testcase> <!-- @BeforeMethod BeforeMethod -->
  <testcase classname="TestNG_Set.Chips_TestCase" name="@AfterMethod AfterMethod" time="-1.637723756308E9">
    <skipped/>
  </testcase> <!-- @AfterMethod AfterMethod -->
  <testcase classname="TestNG_Set.Chips_TestCase" name="@BeforeMethod BeforeMethod" time="-1.63772375631E9">
    <skipped/>
  </testcase> <!-- @BeforeMethod BeforeMethod -->
  <testcase classname="TestNG_Set.Chips_TestCase" name="@AfterMethod AfterMethod" time="-1.637723756313E9">
    <skipped/>
  </testcase> <!-- @AfterMethod AfterMethod -->
  <testcase classname="TestNG_Set.Chips_TestCase" name="@BeforeMethod BeforeMethod" time="-1.637723756314E9">
    <skipped/>
  </testcase> <!-- @BeforeMethod BeforeMethod -->
  <testcase classname="TestNG_Set.Chips_TestCase" name="@AfterMethod AfterMethod" time="-1.637723756317E9">
    <skipped/>
  </testcase> <!-- @AfterMethod AfterMethod -->
  <testcase classname="TestNG_Set.Chips_TestCase" name="@BeforeMethod BeforeMethod" time="-1.637723756318E9">
    <skipped/>
  </testcase> <!-- @BeforeMethod BeforeMethod -->
  <testcase classname="TestNG_Set.Chips_TestCase" name="@AfterMethod AfterMethod" time="-1.637723756321E9">
    <skipped/>
  </testcase> <!-- @AfterMethod AfterMethod -->
  <testcase classname="TestNG_Set.Chips_TestCase" name="@BeforeMethod BeforeMethod" time="-1.637723756322E9">
    <skipped/>
  </testcase> <!-- @BeforeMethod BeforeMethod -->
  <testcase classname="TestNG_Set.Chips_TestCase" name="@AfterMethod AfterMethod" time="-1.637723756325E9">
    <skipped/>
  </testcase> <!-- @AfterMethod AfterMethod -->
  <testcase classname="TestNG_Set.Chips_TestCase" name="@BeforeMethod BeforeMethod" time="-1.637723756326E9">
    <skipped/>
  </testcase> <!-- @BeforeMethod BeforeMethod -->
  <testcase classname="TestNG_Set.Chips_TestCase" name="@AfterMethod AfterMethod" time="-1.637723756331E9">
    <skipped/>
  </testcase> <!-- @AfterMethod AfterMethod -->
  <testcase classname="TestNG_Set.Chips_TestCase" name="@AfterClass tearDownClass" time="-1.637723756332E9">
    <skipped/>
  </testcase> <!-- @AfterClass tearDownClass -->
  <testcase classname="TestNG_Set.Chips_TestCase" name="@BeforeClass setupClass" time="4.542">
    <failure type="org.openqa.selenium.WebDriverException" message="Connection refused: no further information
Build info: version: &amp;apos;3.141.59&amp;apos;, revision: &amp;apos;e82be7d358&amp;apos;, time: &amp;apos;2018-11-14T08:17:03&amp;apos;
System info: host: &amp;apos;DESKTOP-KEI&amp;apos;, ip: &amp;apos;192.168.55.40&amp;apos;, os.name: &amp;apos;Windows 10&amp;apos;, os.arch: &amp;apos;amd64&amp;apos;, os.version: &amp;apos;10.0&amp;apos;, java.version: &amp;apos;15.0.2&amp;apos;
Driver info: driver.version: AndroidDriver">
      <![CDATA[org.openqa.selenium.WebDriverException: Connection refused: no further information
Build info: version: '3.141.59', revision: 'e82be7d358', time: '2018-11-14T08:17:03'
System info: host: 'DESKTOP-KEI', ip: '192.168.55.40', os.name: 'Windows 10', os.arch: 'amd64', os.version: '10.0', java.version: '15.0.2'
Driver info: driver.version: AndroidDriver
at io.appium.java_client.remote.AppiumCommandExecutor.lambda$6(AppiumCommandExecutor.java:259)
at java.base/java.util.Optional.orElseGet(Optional.java:362)
at io.appium.java_client.remote.AppiumCommandExecutor.execute(AppiumCommandExecutor.java:258)
at org.openqa.selenium.remote.RemoteWebDriver.execute(RemoteWebDriver.java:552)
at io.appium.java_client.DefaultGenericMobileDriver.execute(DefaultGenericMobileDriver.java:41)
at io.appium.java_client.AppiumDriver.execute(AppiumDriver.java:1)
at io.appium.java_client.android.AndroidDriver.execute(AndroidDriver.java:1)
at unit.Utilities.execute(Utilities.java:1)
at org.openqa.selenium.remote.RemoteWebDriver.startSession(RemoteWebDriver.java:213)
at io.appium.java_client.AppiumDriver.startSession(AppiumDriver.java:338)
at org.openqa.selenium.remote.RemoteWebDriver.<init>(RemoteWebDriver.java:131)
at io.appium.java_client.DefaultGenericMobileDriver.<init>(DefaultGenericMobileDriver.java:37)
at io.appium.java_client.AppiumDriver.<init>(AppiumDriver.java:89)
at io.appium.java_client.AppiumDriver.<init>(AppiumDriver.java:99)
at io.appium.java_client.android.AndroidDriver.<init>(AndroidDriver.java:96)
at unit.Utilities.<init>(Utilities.java:143)
at TestNG_Set.Chips_TestCase.setupClass(Chips_TestCase.java:94)
at java.base/java.util.ArrayList.forEach(ArrayList.java:1511)
at java.base/java.util.concurrent.FutureTask.run(FutureTask.java:264)
at java.base/java.util.concurrent.ThreadPoolExecutor.runWorker(ThreadPoolExecutor.java:1130)
at java.base/java.util.concurrent.ThreadPoolExecutor$Worker.run(ThreadPoolExecutor.java:630)
at java.base/java.lang.Thread.run(Thread.java:832)
Caused by: java.net.ConnectException: Connection refused: no further information
at java.base/sun.nio.ch.Net.pollConnect(Native Method)
at java.base/sun.nio.ch.Net.pollConnectNow(Net.java:660)
at java.base/sun.nio.ch.NioSocketImpl.timedFinishConnect(NioSocketImpl.java:549)
at java.base/sun.nio.ch.NioSocketImpl.connect(NioSocketImpl.java:597)
at java.base/java.net.SocksSocketImpl.connect(SocksSocketImpl.java:333)
at java.base/java.net.Socket.connect(Socket.java:648)
at okhttp3.internal.platform.Platform.connectSocket(Platform.kt:127)
at okhttp3.internal.connection.RealConnection.connectSocket(RealConnection.kt:268)
at okhttp3.internal.connection.RealConnection.connect(RealConnection.kt:176)
at okhttp3.internal.connection.ExchangeFinder.findConnection(ExchangeFinder.kt:236)
at okhttp3.internal.connection.ExchangeFinder.findHealthyConnection(ExchangeFinder.kt:109)
at okhttp3.internal.connection.ExchangeFinder.find(ExchangeFinder.kt:77)
at okhttp3.internal.connection.Transmitter.newExchange$okhttp(Transmitter.kt:162)
at okhttp3.internal.connection.ConnectInterceptor.intercept(ConnectInterceptor.kt:35)
at okhttp3.internal.http.RealInterceptorChain.proceed(RealInterceptorChain.kt:112)
at okhttp3.internal.http.RealInterceptorChain.proceed(RealInterceptorChain.kt:87)
at okhttp3.internal.cache.CacheInterceptor.intercept(CacheInterceptor.kt:82)
at okhttp3.internal.http.RealInterceptorChain.proceed(RealInterceptorChain.kt:112)
at okhttp3.internal.http.RealInterceptorChain.proceed(RealInterceptorChain.kt:87)
at okhttp3.internal.http.BridgeInterceptor.intercept(BridgeInterceptor.kt:84)
at okhttp3.internal.http.RealInterceptorChain.proceed(RealInterceptorChain.kt:112)
at okhttp3.internal.http.RetryAndFollowUpInterceptor.intercept(RetryAndFollowUpInterceptor.kt:71)
at okhttp3.internal.http.RealInterceptorChain.proceed(RealInterceptorChain.kt:112)
at okhttp3.internal.http.RealInterceptorChain.proceed(RealInterceptorChain.kt:87)
at okhttp3.RealCall.getResponseWithInterceptorChain(RealCall.kt:184)
at okhttp3.RealCall.execute(RealCall.kt:66)
at org.openqa.selenium.remote.internal.OkHttpClient.execute(OkHttpClient.java:103)
at io.appium.java_client.remote.AppiumCommandExecutor.lambda$1(AppiumCommandExecutor.java:162)
at org.openqa.selenium.remote.ProtocolHandshake.createSession(ProtocolHandshake.java:105)
[...]
  <testcase classname="Chips_004_생활정보.생활정보_05_날씨_미세먼지" name="TC_0744_Chips_날씨_내일미세먼지_확인" time="0.0">
    <skipped/>
  </testcase> <!-- TC_0744_Chips_날씨_내일미세먼지_확인 -->
  <testcase classname="Chips_004_생활정보.생활정보_06_날씨_현재기온" name="TC_0000_앱실행과AccessToken얻기" time="0.0">
    <skipped/>
  </testcase> <!-- TC_0000_앱실행과AccessToken얻기 -->
  <testcase classname="Chips_004_생활정보.생활정보_06_날씨_현재기온" name="TC_0745_Chips_날씨_현재온도_추워_확인" time="0.0">
    <skipped/>
  </testcase> <!-- TC_0745_Chips_날씨_현재온도_추워_확인 -->
  <testcase classname="Chips_004_생활정보.생활정보_06_날씨_현재기온" name="TC_0746_Chips_날씨_현재온도_더워_확인" time="0.0">
    <skipped/>
  </testcase> <!-- TC_0746_Chips_날씨_현재온도_더워_확인 -->
  <testcase classname="Chips_004_생활정보.생활정보_07_날씨_자외선지수" name="TC_0000_앱실행과AccessToken얻기" time="0.0">
    <skipped/>
  </testcase> <!-- TC_0000_앱실행과AccessToken얻기 -->
  <testcase classname="Chips_004_생활정보.생활정보_07_날씨_자외선지수" name="TC_0747_Chips_날씨_자외선지수_확인" time="0.0">
    <skipped/>
  </testcase> <!-- TC_0747_Chips_날씨_자외선지수_확인 -->
  <testcase classname="Chips_004_생활정보.생활정보_07_날씨_자외선지수" name="TC_0748_Chips_날씨_지역_자외선지수_확인" time="0.0">
    <skipped/>
  </testcase> <!-- TC_0748_Chips_날씨_지역_자외선지수_확인 -->
  <testcase classname="Chips_004_생활정보.생활정보_07_날씨_자외선지수" name="TC_0749_Chips_날씨_내일_자외선지수_확인" time="0.0">
    <skipped/>
  </testcase> <!-- TC_0749_Chips_날씨_내일_자외선지수_확인 -->
  <testcase classname="Chips_004_생활정보.생활정보_07_날씨_자외선지수" name="TC_0750_Chips_날씨_내일지역_자외선지수_확인" time="0.0">
    <skipped/>
  </testcase> <!-- TC_0750_Chips_날씨_내일지역_자외선지수_확인 -->
  <testcase classname="Chips_004_생활정보.생활정보_07_날씨_자외선지수" name="TC_0751_Chips_날씨_모레_자외선지수_확인" time="0.0">
    <skipped/>
  </testcase> <!-- TC_0751_Chips_날씨_모레_자외선지수_확인 -->
  <testcase classname="Chips_004_생활정보.생활정보_07_날씨_자외선지수" name="TC_0752_Chips_날씨_모레지역_자외선지수_확인" time="0.0">
    <skipped/>
  </testcase> <!-- TC_0752_Chips_날씨_모레지역_자외선지수_확인 -->
  <testcase classname="Chips_004_생활정보.생활정보_07_날씨_자외선지수" name="TC_0753_Chips_날씨_자외선지수부재_어제_확인" time="0.0">
    <skipped/>
  </testcase> <!-- TC_0753_Chips_날씨_자외선지수부재_어제_확인 -->
  <testcase classname="Chips_004_생활정보.생활정보_07_날씨_자외선지수" name="TC_0754_Chips_날씨_자외선지수부재_특정일_확인" time="0.0">
    <skipped/>
  </testcase> <!-- TC_0754_Chips_날씨_자외선지수부재_특정일_확인 -->
  <testcase classname="Chips_004_생활정보.생활정보_07_날씨_자외선지수" name="TC_0755_Chips_날씨_자외선지수부재_지역외_확인" time="0.0">
    <skipped/>
  </testcase> <!-- TC_0755_Chips_날씨_자외선지수부재_지역외_확인 -->
  <testcase classname="Chips_004_생활정보.생활정보_07_날씨_자외선지수" name="TC_0756_Chips_날씨_자외선지수부재_지역아님_확인" time="0.0">
    <skipped/>
  </testcase> <!-- TC_0756_Chips_날씨_자외선지수부재_지역아님_확인 -->
  <testcase classname="Chips_004_생활정보.생활정보_08_날씨_습도" name="TC_0000_앱실행과AccessToken얻기" time="0.0">
    <skipped/>
  </testcase> <!-- TC_0000_앱실행과AccessToken얻기 -->
  <testcase classname="Chips_004_생활정보.생활정보_08_날씨_습도" name="TC_0757_Chips_날씨_습도지수_확인" time="0.0">
    <skipped/>
  </testcase> <!-- TC_0757_Chips_날씨_습도지수_확인 -->
  <testcase classname="Chips_004_생활정보.생활정보_08_날씨_습도" name="TC_0758_Chips_날씨_지역_습도지수_확인" time="0.0">
    <skipped/>
  </testcase> <!-- TC_0758_Chips_날씨_지역_습도지수_확인 -->
  <testcase classname="Chips_004_생활정보.생활정보_08_날씨_습도" name="TC_0759_Chips_날씨_내일_습도지수_확인" time="0.0">
    <skipped/>
  </testcase> <!-- TC_0759_Chips_날씨_내일_습도지수_확인 -->
  <testcase classname="Chips_004_생활정보.생활정보_08_날씨_습도" name="TC_0760_Chips_날씨_내일지역_습도지수_확인" time="0.0">
    <skipped/>
  </testcase> <!-- TC_0760_Chips_날씨_내일지역_습도지수_확인 -->
  <testcase classname="Chips_004_생활정보.생활정보_08_날씨_습도" name="TC_0761_Chips_날씨_모레_습도지수_확인" time="0.0">
    <skipped/>
  </testcase> <!-- TC_0761_Chips_날씨_모레_습도지수_확인 -->
  <testcase classname="Chips_004_생활정보.생활정보_08_날씨_습도" name="TC_0762_Chips_날씨_모레지역_습도지수_확인" time="0.0">
    <skipped/>
  </testcase> <!-- TC_0762_Chips_날씨_모레지역_습도지수_확인 -->
  <testcase classname="Chips_004_생활정보.생활정보_08_날씨_습도" name="TC_0763_Chips_날씨_습도지수부재_어제_확인" time="0.0">
    <skipped/>
  </testcase> <!-- TC_0763_Chips_날씨_습도지수부재_어제_확인 -->
  <testcase classname="Chips_004_생활정보.생활정보_08_날씨_습도" name="TC_0764_Chips_날씨_습도지수부재_특정일_확인" time="0.0">
    <skipped/>
  </testcase> <!-- TC_0764_Chips_날씨_습도지수부재_특정일_확인 -->
  <testcase classname="Chips_004_생활정보.생활정보_08_날씨_습도" name="TC_0765_Chips_날씨_습도지수부재_지역외_확인" time="0.0">
    <skipped/>
  </testcase> <!-- TC_0765_Chips_날씨_습도지수부재_지역외_확인 -->
  <testcase classname="Chips_004_생활정보.생활정보_08_날씨_습도" name="TC_0766_Chips_날씨_습도지수부재_지역아님_확인" time="0.0">
    <skipped/>
  </testcase> <!-- TC_0766_Chips_날씨_습도지수부재_지역아님_확인 -->
  <testcase classname="Chips_004_생활정보.생활정보_09_날씨_오존농도" name="TC_0000_앱실행과AccessToken얻기" time="0.0">
    <skipped/>
  </testcase> <!-- TC_0000_앱실행과AccessToken얻기 -->
  <testcase classname="Chips_004_생활정보.생활정보_09_날씨_오존농도" name="TC_0767_Chips_날씨_오존지수_확인" time="0.0">
    <skipped/>
  </testcase> <!-- TC_0767_Chips_날씨_오존지수_확인 -->
  <testcase classname="Chips_004_생활정보.생활정보_09_날씨_오존농도" name="TC_0768_Chips_날씨_지역_오존지수_확인" time="0.0">
    <skipped/>
  </testcase> <!-- TC_0768_Chips_날씨_지역_오존지수_확인 -->
  <testcase classname="Chips_004_생활정보.생활정보_09_날씨_오존농도" name="TC_0769_Chips_날씨_내일_오존지수_확인" time="0.0">
    <skipped/>
  </testcase> <!-- TC_0769_Chips_날씨_내일_오존지수_확인 -->
  <testcase classname="Chips_004_생활정보.생활정보_09_날씨_오존농도" name="TC_0770_Chips_날씨_내일지역_오존지수_확인" time="0.0">
    <skipped/>
  </testcase> <!-- TC_0770_Chips_날씨_내일지역_오존지수_확인 -->
  <testcase classname="Chips_004_생활정보.생활정보_09_날씨_오존농도" name="TC_0771_Chips_날씨_오존지수부재_어제_확인" time="0.0">
    <skipped/>
  </testcase> <!-- TC_0771_Chips_날씨_오존지수부재_어제_확인 -->
  <testcase classname="Chips_004_생활정보.생활정보_09_날씨_오존농도" name="TC_0772_Chips_날씨_오존지수부재_특정일_확인" time="0.0">
    <skipped/>
  </testcase> <!-- TC_0772_Chips_날씨_오존지수부재_특정일_확인 -->
  <testcase classname="Chips_004_생활정보.생활정보_09_날씨_오존농도" name="TC_0773Chips_날씨_오존지수부재_지역외_확인" time="0.0">
    <skipped/>
  </testcase> <!-- TC_0773Chips_날씨_오존지수부재_지역외_확인 -->
  <testcase classname="Chips_004_생활정보.생활정보_09_날씨_오존농도" name="TC_0774_Chips_날씨_오존지수부재_지역아님_확인" time="0.0">
    <skipped/>
  </testcase> <!-- TC_0774_Chips_날씨_오존지수부재_지역아님_확인 -->
  <testcase classname="Chips_004_생활정보.생활정보_10_날씨_일출시간" name="TC_0000_앱실행과AccessToken얻기" time="0.0">
    <skipped/>
  </testcase> <!-- TC_0000_앱실행과AccessToken얻기 -->
  <testcase classname="Chips_004_생활정보.생활정보_10_날씨_일출시간" name="TC_0775_Chips_날씨_일출시간_확인" time="0.0">
    <skipped/>
  </testcase> <!-- TC_0775_Chips_날씨_일출시간_확인 -->
  <testcase classname="Chips_004_생활정보.생활정보_10_날씨_일출시간" name="TC_0776_Chips_날씨_지역_일출시간_확인" time="0.0">
    <skipped/>
  </testcase> <!-- TC_0776_Chips_날씨_지역_일출시간_확인 -->
  <testcase classname="Chips_004_생활정보.생활정보_10_날씨_일출시간" name="TC_0777_Chips_날씨_오늘_일출시간_확인" time="0.0">
    <skipped/>
  </testcase> <!-- TC_0777_Chips_날씨_오늘_일출시간_확인 -->
  <testcase classname="Chips_004_생활정보.생활정보_10_날씨_일출시간" name="TC_0778_Chips_날씨_오늘지역_일출시간_확인" time="0.0">
    <skipped/>
  </testcase> <!-- TC_0778_Chips_날씨_오늘지역_일출시간_확인 -->
  <testcase classname="Chips_004_생활정보.생활정보_10_날씨_일출시간" name="TC_0779_Chips_날씨_내일_일출시간_확인" time="0.0">
    <skipped/>
  </testcase> <!-- TC_0779_Chips_날씨_내일_일출시간_확인 -->
  <testcase classname="Chips_004_생활정보.생활정보_10_날씨_일출시간" name="TC_0780_Chips_날씨_내일지역_일출시간_확인" time="0.0">
    <skipped/>
  </testcase> <!-- TC_0780_Chips_날씨_내일지역_일출시간_확인 -->
  <testcase classname="Chips_004_생활정보.생활정보_11_날씨_일몰시간" name="TC_0000_앱실행과AccessToken얻기" time="0.0">
    <skipped/>
  </testcase> <!-- TC_0000_앱실행과AccessToken얻기 -->
  <testcase classname="Chips_004_생활정보.생활정보_11_날씨_일몰시간" name="TC_0781_Chips_날씨_일몰시간_확인" time="0.0">
    <skipped/>
  </testcase> <!-- TC_0781_Chips_날씨_일몰시간_확인 -->
  <testcase classname="Chips_004_생활정보.생활정보_11_날씨_일몰시간" name="TC_0782_Chips_날씨_지역_일몰시간_확인" time="0.0">
    <skipped/>
  </testcase> <!-- TC_0782_Chips_날씨_지역_일몰시간_확인 -->
  <testcase classname="Chips_004_생활정보.생활정보_11_날씨_일몰시간" name="TC_0783_Chips_날씨_오늘_일몰시간_확인" time="0.0">
    <skipped/>
  </testcase> <!-- TC_0783_Chips_날씨_오늘_일몰시간_확인 -->
  <testcase classname="Chips_004_생활정보.생활정보_11_날씨_일몰시간" name="TC_0784_Chips_날씨_오늘지역_일몰시간_확인" time="0.0">
    <skipped/>
  </testcase> <!-- TC_0784_Chips_날씨_오늘지역_일몰시간_확인 -->
  <testcase classname="Chips_004_생활정보.생활정보_11_날씨_일몰시간" name="TC_0785_Chips_날씨_내일_일몰시간_확인" time="0.0">
    <skipped/>
  </testcase> <!-- TC_0785_Chips_날씨_내일_일몰시간_확인 -->
  <testcase classname="Chips_004_생활정보.생활정보_11_날씨_일몰시간" name="TC_0786_Chips_날씨_내일지역_일몰시간_확인" time="0.0">
    <skipped/>
  </testcase> <!-- TC_0786_Chips_날씨_내일지역_일몰시간_확인 -->
  <testcase classname="Chips_004_생활정보.생활정보_12_날씨_세차지수" name="TC_0000_앱실행과AccessToken얻기" time="0.0">
    <skipped/>
  </testcase> <!-- TC_0000_앱실행과AccessToken얻기 -->
  <testcase classname="Chips_004_생활정보.생활정보_12_날씨_세차지수" name="TC_0787_Chips_날씨_세차지수_확인" time="0.0">
    <skipped/>
  </testcase> <!-- TC_0787_Chips_날씨_세차지수_확인 -->
  <testcase classname="Chips_004_생활정보.생활정보_12_날씨_세차지수" name="TC_0788_Chips_날씨_오늘세차지수_확인" time="0.0">
    <skipped/>
  </testcase> <!-- TC_0788_Chips_날씨_오늘세차지수_확인 -->
  <testcase classname="Chips_004_생활정보.생활정보_12_날씨_세차지수" name="TC_0789_Chips_날씨_지정위치읍면동_세차지수_확인" time="0.0">
    <skipped/>
  </testcase> <!-- TC_0789_Chips_날씨_지정위치읍면동_세차지수_확인 -->
  <testcase classname="Chips_004_생활정보.생활정보_12_날씨_세차지수" name="TC_0790_Chips_날씨_지정위치읍면동_세차지수_확인" time="0.0">
    <skipped/>
  </testcase> <!-- TC_0790_Chips_날씨_지정위치읍면동_세차지수_확인 -->
  <testcase classname="Chips_004_생활정보.생활정보_12_날씨_세차지수" name="TC_0791_Chips_날씨_지정위치읍면동_세차지수_확인" time="0.0">
    <skipped/>
  </testcase> <!-- TC_0791_Chips_날씨_지정위치읍면동_세차지수_확인 -->
  <testcase classname="Chips_004_생활정보.생활정보_12_날씨_세차지수" name="TC_0792_Chips_날씨_지정위치특별광역시_세차지수_확인" time="0.0">
    <skipped/>
  </testcase> <!-- TC_0792_Chips_날씨_지정위치특별광역시_세차지수_확인 -->
  <testcase classname="Chips_004_생활정보.생활정보_12_날씨_세차지수" name="TC_0793_Chips_날씨_지정위치특별광역시_세차지수_확인" time="0.0">
    <skipped/>
  </testcase> <!-- TC_0793_Chips_날씨_지정위치특별광역시_세차지수_확인 -->
  <testcase classname="Chips_004_생활정보.생활정보_12_날씨_세차지수" name="TC_0796_Chips_날씨_세차지수부재_지역외_확인" time="0.0">
    <skipped/>
  </testcase> <!-- TC_0796_Chips_날씨_세차지수부재_지역외_확인 -->
  <testcase classname="Chips_004_생활정보.생활정보_12_날씨_세차지수" name="TC_0797_Chips_날씨_세차지수부재_지역아님_확인" time="0.0">
    <skipped/>
  </testcase> <!-- TC_0797_Chips_날씨_세차지수부재_지역아님_확인 -->
  <testcase classname="Chips_004_생활정보.생활정보_12_날씨_세차지수" name="TC_0798_Chips_날씨_세차지수부재_이번주_확인" time="0.0">
    <skipped/>
  </testcase> <!-- TC_0798_Chips_날씨_세차지수부재_이번주_확인 -->
  <testcase classname="Chips_004_생활정보.생활정보_12_날씨_세차지수" name="TC_0799_Chips_날씨_세차지수부재_다음주_확인" time="0.0">
    <skipped/>
  </testcase> <!-- TC_0799_Chips_날씨_세차지수부재_다음주_확인 -->
  <testcase classname="Chips_004_생활정보.생활정보_12_날씨_세차지수" name="TC_0800_Chips_날씨_세차지수부재_모레_확인" time="0.0">
    <skipped/>
  </testcase> <!-- TC_0800_Chips_날씨_세차지수부재_모레_확인 -->
  <testcase classname="Chips_004_생활정보.생활정보_13_운세" name="TC_0000_앱실행과AccessToken얻기" time="0.0">
    <skipped/>
  </testcase> <!-- TC_0000_앱실행과AccessToken얻기 -->
  <testcase classname="Chips_004_생활정보.생활정보_13_운세" name="TC_0801_Chips_운세_생년월일미등록_확인" time="0.0">
    <skipped/>
  </testcase> <!-- TC_0801_Chips_운세_생년월일미등록_확인 -->
  <testcase classname="Chips_004_생활정보.생활정보_13_운세" name="TC_0802_Chips_운세_생년월일등록_확인" time="0.0">
    <skipped/>
  </testcase> <!-- TC_0802_Chips_운세_생년월일등록_확인 -->
  <testcase classname="Chips_004_생활정보.생활정보_13_운세" name="TC_0803_Chips_운세_띠별운세_확인" time="0.0">
    <skipped/>
  </testcase> <!-- TC_0803_Chips_운세_띠별운세_확인 -->
  <testcase classname="Chips_004_생활정보.생활정보_13_운세" name="TC_0804_Chips_운세_띠별운세_확인" time="0.0">
    <skipped/>
  </testcase> <!-- TC_0804_Chips_운세_띠별운세_확인 -->
  <testcase classname="Chips_004_생활정보.생활정보_13_운세" name="TC_0805_Chips_운세_생년별운세_확인" time="0.0">
    <skipped/>
  </testcase> <!-- TC_0805_Chips_운세_생년별운세_확인 -->
  <testcase classname="Chips_004_생활정보.생활정보_13_운세" name="TC_0806_Chips_운세_생년별운세_확인" time="0.0">
    <skipped/>
  </testcase> <!-- TC_0806_Chips_운세_생년별운세_확인 -->
  <testcase classname="Chips_004_생활정보.생활정보_13_운세" name="TC_0807_Chips_운세_생년별운세_확인" time="0.0">
    <skipped/>
  </testcase> <!-- TC_0807_Chips_운세_생년별운세_확인 -->
  <testcase classname="Chips_004_생활정보.생활정보_13_운세" name="TC_0807_Chips_운세_이번주_미지원_확인" time="0.0">
    <skipped/>
  </testcase> <!-- TC_0807_Chips_운세_이번주_미지원_확인 -->
  <testcase classname="Chips_004_생활정보.생활정보_13_운세" name="TC_0808_Chips_운세_다음주_미지원_확인" time="0.0">
    <skipped/>
  </testcase> <!-- TC_0808_Chips_운세_다음주_미지원_확인 -->
  <testcase classname="Chips_004_생활정보.생활정보_13_운세" name="TC_0809_Chips_운세_다음달_미지원_확인" time="0.0">
    <skipped/>
  </testcase> <!-- TC_0809_Chips_운세_다음달_미지원_확인 -->
  <testcase classname="Chips_004_생활정보.생활정보_14_뉴스" name="TC_0000_앱실행과AccessToken얻기" time="0.0">
    <skipped/>
  </testcase> <!-- TC_0000_앱실행과AccessToken얻기 -->
  <testcase classname="Chips_004_생활정보.생활정보_14_뉴스" name="TC_0811_Chips_뉴스_기본설정_CBS뉴스_확인" time="0.0">
    <skipped/>
  </testcase> <!-- TC_0811_Chips_뉴스_기본설정_CBS뉴스_확인 -->
  <testcase classname="Chips_004_생활정보.생활정보_14_뉴스" name="TC_0812_Chips_뉴스_기본설정_CBS뉴스_확인" time="0.0">
    <skipped/>
  </testcase> <!-- TC_0812_Chips_뉴스_기본설정_CBS뉴스_확인 -->
  <testcase classname="Chips_004_생활정보.생활정보_14_뉴스" name="TC_0813_Chips_뉴스_KBS뉴스_확인" time="0.0">
    <skipped/>
  </testcase> <!-- TC_0813_Chips_뉴스_KBS뉴스_확인 -->
  <testcase classname="Chips_004_생활정보.생활정보_14_뉴스" name="TC_0814_Chips_뉴스_CBS뉴스_확인" time="0.0">
    <skipped/>
  </testcase> <!-- TC_0814_Chips_뉴스_CBS뉴스_확인 -->
  <testcase classname="Chips_004_생활정보.생활정보_14_뉴스" name="TC_0815_1_Chips_뉴스_MBC뉴스_확인" time="0.0">
    <skipped/>
  </testcase> <!-- TC_0815_1_Chips_뉴스_MBC뉴스_확인 -->
  <testcase classname="Chips_004_생활정보.생활정보_14_뉴스" name="TC_0815_2_Chips_뉴스_TBS뉴스_확인" time="0.0">
    <skipped/>
  </testcase> <!-- TC_0815_2_Chips_뉴스_TBS뉴스_확인 -->
  <testcase classname="Chips_004_생활정보.생활정보_14_뉴스" name="TC_0815_2_Chips_뉴스_연합뉴스뉴스_확인" time="0.0">
    <skipped/>
  </testcase> <!-- TC_0815_2_Chips_뉴스_연합뉴스뉴스_확인 -->
  <testcase classname="Chips_004_생활정보.생활정보_14_뉴스" name="TC_0815_Chips_뉴스_SBS뉴스_확인" time="0.0">
    <skipped/>
  </testcase> <!-- TC_0815_Chips_뉴스_SBS뉴스_확인 -->
  <testcase classname="Chips_004_생활정보.생활정보_14_뉴스" name="TC_0816_Chips_뉴스_오늘뉴스_확인" time="0.0">
    <skipped/>
  </testcase> <!-- TC_0816_Chips_뉴스_오늘뉴스_확인 -->
  <testcase classname="Chips_004_생활정보.생활정보_14_뉴스" name="TC_0817_Chips_뉴스_연예특정뉴스_확인" time="0.0">
    <skipped/>
  </testcase> <!-- TC_0817_Chips_뉴스_연예특정뉴스_확인 -->
  <testcase classname="Chips_004_생활정보.생활정보_14_뉴스" name="TC_0818_Chips_뉴스_스포츠특정뉴스_확인" time="0.0">
    <skipped/>
  </testcase> <!-- TC_0818_Chips_뉴스_스포츠특정뉴스_확인 -->
  <testcase classname="Chips_004_생활정보.생활정보_14_뉴스" name="TC_0819_Chips_뉴스_미지원채널_확인" time="0.0">
    <skipped/>
  </testcase> <!-- TC_0819_Chips_뉴스_미지원채널_확인 -->
  <testcase classname="Chips_004_생활정보.생활정보_14_뉴스" name="TC_0820_Chips_뉴스_미지원채널_확인" time="0.0">
    <skipped/>
  </testcase> <!-- TC_0820_Chips_뉴스_미지원채널_확인 -->
  <testcase classname="Chips_004_생활정보.생활정보_14_뉴스" name="TC_0821_Chips_뉴스_SK텔레콤_키워드뉴스_확인" time="0.0">
    <skipped/>
  </testcase> <!-- TC_0821_Chips_뉴스_SK텔레콤_키워드뉴스_확인 -->
  <testcase classname="Chips_004_생활정보.생활정보_14_뉴스" name="TC_0822_Chips_뉴스_세종병원화재_키워드뉴스_확인" time="0.0">
    <skipped/>
  </testcase> <!-- TC_0822_Chips_뉴스_세종병원화재_키워드뉴스_확인 -->
  <testcase classname="Chips_004_생활정보.생활정보_14_뉴스" name="TC_0823_Chips_뉴스_컴퓨터_키워드뉴스_확인" time="0.0">
    <skipped/>
  </testcase> <!-- TC_0823_Chips_뉴스_컴퓨터_키워드뉴스_확인 -->
  <testcase classname="Chips_004_생활정보.생활정보_14_뉴스" name="TC_0824_Chips_뉴스_NUGU토픽_확인" time="0.0">
    <skipped/>
  </testcase> <!-- TC_0824_Chips_뉴스_NUGU토픽_확인 -->
  <testcase classname="Chips_004_생활정보.생활정보_14_뉴스" name="TC_0825_Chips_뉴스_키워드뉴스없음_확인" time="0.001">
    <skipped/>
  </testcase> <!-- TC_0825_Chips_뉴스_키워드뉴스없음_확인 -->
  <testcase classname="Chips_004_생활정보.생활정보_14_뉴스" name="TC_0826_Chips_뉴스_지난주뉴스_확인" time="0.0">
    <skipped/>
  </testcase> <!-- TC_0826_Chips_뉴스_지난주뉴스_확인 -->
  <testcase classname="Chips_004_생활정보.생활정보_14_뉴스" name="TC_0827_Chips_뉴스_지난주연예뉴스_확인" time="0.0">
    <skipped/>
  </testcase> <!-- TC_0827_Chips_뉴스_지난주연예뉴스_확인 -->
  <testcase classname="Chips_004_생활정보.생활정보_14_뉴스" name="TC_0828_Chips_뉴스_N월첫째주스포츠뉴스_확인" time="0.0">
    <skipped/>
  </testcase> <!-- TC_0828_Chips_뉴스_N월첫째주스포츠뉴스_확인 -->
  <testcase classname="Chips_004_생활정보.생활정보_14_뉴스" name="TC_0829_Chips_뉴스_지난주SK텔레콤뉴스_확인" time="0.0">
    <skipped/>
  </testcase> <!-- TC_0829_Chips_뉴스_지난주SK텔레콤뉴스_확인 -->
  <testcase classname="Chips_004_생활정보.생활정보_14_뉴스" name="TC_0830_Chips_뉴스_지난달뉴스_확인" time="0.0">
    <skipped/>
  </testcase> <!-- TC_0830_Chips_뉴스_지난달뉴스_확인 -->
  <testcase classname="Chips_004_생활정보.생활정보_14_뉴스" name="TC_0831_Chips_뉴스_지난달스포츠뉴스_확인" time="0.0">
    <skipped/>
  </testcase> <!-- TC_0831_Chips_뉴스_지난달스포츠뉴스_확인 -->
  <testcase classname="Chips_004_생활정보.생활정보_14_뉴스" name="TC_0831_Chips_뉴스_지난달연예뉴스_확인" time="0.0">
    <skipped/>
  </testcase> <!-- TC_0831_Chips_뉴스_지난달연예뉴스_확인 -->
  <testcase classname="Chips_004_생활정보.생활정보_14_뉴스" name="TC_0832_Chips_뉴스_지난달SK텔레콤뉴스_확인" time="0.0">
    <skipped/>
  </testcase> <!-- TC_0832_Chips_뉴스_지난달SK텔레콤뉴스_확인 -->
  <testcase classname="Chips_004_생활정보.생활정보_14_뉴스" name="TC_0834_Chips_뉴스_어제뉴스_확인" time="0.0">
    <skipped/>
  </testcase> <!-- TC_0834_Chips_뉴스_어제뉴스_확인 -->
  <testcase classname="Chips_004_생활정보.생활정보_14_뉴스" name="TC_0835_Chips_뉴스_그저께뉴스_확인" time="0.0">
    <skipped/>
  </testcase> <!-- TC_0835_Chips_뉴스_그저께뉴스_확인 -->
  <testcase classname="Chips_004_생활정보.생활정보_14_뉴스" name="TC_0836_Chips_뉴스_그저께스포츠뉴스_확인" time="0.0">
    <skipped/>
  </testcase> <!-- TC_0836_Chips_뉴스_그저께스포츠뉴스_확인 -->
  <testcase classname="Chips_004_생활정보.생활정보_14_뉴스" name="TC_0837_Chips_뉴스_미지원기간뉴스_과거특정일_확인" time="0.0">
    <skipped/>
  </testcase> <!-- TC_0837_Chips_뉴스_미지원기간뉴스_과거특정일_확인 -->
  <testcase classname="Chips_004_생활정보.생활정보_14_뉴스" name="TC_0838_Chips_뉴스_미지원기간뉴스_내일_확인" time="0.0">
    <skipped/>
  </testcase> <!-- TC_0838_Chips_뉴스_미지원기간뉴스_내일_확인 -->
  <testcase classname="Chips_004_생활정보.생활정보_14_뉴스" name="TC_0839_Chips_뉴스_미지원기간뉴스_모레_확인" time="0.0">
    <skipped/>
  </testcase> <!-- TC_0839_Chips_뉴스_미지원기간뉴스_모레_확인 -->
  <testcase classname="Chips_004_생활정보.생활정보_15_뉴스_재생컨트롤러" name="TC_0000_앱실행과AccessToken얻기" time="0.0">
    <skipped/>
  </testcase> <!-- TC_0000_앱실행과AccessToken얻기 -->
  <testcase classname="Chips_004_생활정보.생활정보_15_뉴스_재생컨트롤러" name="TC_0844_Chips_뉴스_연예키워드뉴스재생_확인" time="0.0">
    <skipped/>
  </testcase> <!-- TC_0844_Chips_뉴스_연예키워드뉴스재생_확인 -->
  <testcase classname="Chips_004_생활정보.생활정보_15_뉴스_재생컨트롤러" name="TC_0845_Chips_뉴스_컨트롤러_일시정지_확인" time="0.0">
    <skipped/>
  </testcase> <!-- TC_0845_Chips_뉴스_컨트롤러_일시정지_확인 -->
  <testcase classname="Chips_004_생활정보.생활정보_15_뉴스_재생컨트롤러" name="TC_0846_Chips_뉴스_컨트롤러_일시정지취소_확인" time="0.0">
    <skipped/>
  </testcase> <!-- TC_0846_Chips_뉴스_컨트롤러_일시정지취소_확인 -->
  <testcase classname="Chips_004_생활정보.생활정보_15_뉴스_재생컨트롤러" name="TC_0847_Chips_뉴스_컨트롤러_일시정지_확인" time="0.0">
    <skipped/>
  </testcase> <!-- TC_0847_Chips_뉴스_컨트롤러_일시정지_확인 -->
  <testcase classname="Chips_004_생활정보.생활정보_15_뉴스_재생컨트롤러" name="TC_0848_Chips_뉴스_컨트롤러_재생_확인" time="0.0">
    <skipped/>
  </testcase> <!-- TC_0848_Chips_뉴스_컨트롤러_재생_확인 -->
  <testcase classname="Chips_004_생활정보.생활정보_15_뉴스_재생컨트롤러" name="TC_0849_Chips_뉴스_컨트롤러_좋아요해줘_확인" time="0.0">
    <skipped/>
  </testcase> <!-- TC_0849_Chips_뉴스_컨트롤러_좋아요해줘_확인 -->
  <testcase classname="Chips_004_생활정보.생활정보_15_뉴스_재생컨트롤러" name="TC_0850_Chips_뉴스_컨트롤러_좋아요취소_확인" time="0.0">
    <skipped/>
  </testcase> <!-- TC_0850_Chips_뉴스_컨트롤러_좋아요취소_확인 -->
  <testcase classname="Chips_004_생활정보.생활정보_15_뉴스_재생컨트롤러" name="TC_0851_Chips_뉴스_컨트롤러_다음뉴스_확인" time="0.0">
    <skipped/>
  </testcase> <!-- TC_0851_Chips_뉴스_컨트롤러_다음뉴스_확인 -->
  <testcase classname="Chips_004_생활정보.생활정보_15_뉴스_재생컨트롤러" name="TC_0852_Chips_뉴스_컨트롤러_이전뉴스_확인" time="0.0">
    <skipped/>
  </testcase> <!-- TC_0852_Chips_뉴스_컨트롤러_이전뉴스_확인 -->
  <testcase classname="Chips_004_생활정보.생활정보_15_뉴스_재생컨트롤러" name="TC_0853_Chips_뉴스_컨트롤러_다음_확인" time="0.0">
    <skipped/>
  </testcase> <!-- TC_0853_Chips_뉴스_컨트롤러_다음_확인 -->
  <testcase classname="Chips_004_생활정보.생활정보_15_뉴스_재생컨트롤러" name="TC_0854_Chips_뉴스_컨트롤러_이전_확인" time="0.0">
    <skipped/>
  </testcase> <!-- TC_0854_Chips_뉴스_컨트롤러_이전_확인 -->
  <testcase classname="Chips_004_생활정보.생활정보_15_뉴스_재생컨트롤러" name="TC_0855_Chips_뉴스_종료_확인" time="0.0">
    <skipped/>
  </testcase> <!-- TC_0855_Chips_뉴스_종료_확인 -->
</testsuite> <!-- Test_Project -->
