<?xml version="1.0" encoding="UTF-8"?>
<!-- Generated by org.testng.reporters.JUnitXMLReporter -->
<testsuite hostname="SKT1112049PN002" ignored="0" name="Test_Project" tests="13" failures="1" timestamp="2021-08-02T11:44:02 KST" time="404.07" errors="0">
  <testcase name="@AfterMethod AfterMethod" time="0.025" classname="TestNG_Set.Chips_TestCase">
    <failure type="org.openqa.selenium.WebDriverException" message="An unknown server-side error occurred while processing the command. Original error: &amp;apos;GET /screenshot&amp;apos; cannot be proxied to UiAutomator2 server because the instrumentation process is not running (probably crashed). Check the server log and/or the logcat output for more details
Build info: version: &amp;apos;3.14.0&amp;apos;, revision: &amp;apos;aacccce0&amp;apos;, time: &amp;apos;2018-08-02T20:19:58.91Z&amp;apos;
System info: host: &amp;apos;SKT1112049PN002&amp;apos;, ip: &amp;apos;172.23.174.101&amp;apos;, os.name: &amp;apos;Windows 10&amp;apos;, os.arch: &amp;apos;amd64&amp;apos;, os.version: &amp;apos;10.0&amp;apos;, java.version: &amp;apos;1.8.0_191&amp;apos;
Driver info: unit.Utilities
Capabilities {appActivity: com.skt.aidev.nugufriends.u..., appPackage: com.skt.aidev.nugufriends, automationName: UIAutomator2, chromedriverArgs: {browserName: chrome, goog:chromeOptions: {args: [], extensions: [], w3c: true}}, chromedriverExecutable: C:\chromedriver_win32\chrom..., databaseEnabled: false, desired: {appActivity: com.skt.aidev.nugufriends.u..., appPackage: com.skt.aidev.nugufriends, automationName: UIAutomator2, chromedriverArgs: {browserName: chrome, goog:chromeOptions: {args: [], extensions: [], w3c: true}}, chromedriverExecutable: C:\chromedriver_win32\chrom..., deviceName: Android, extractChromeAndroidPackageFromContextName: true, focused: true, platformName: android, recreateChromeDriverSessions: false, showChromedriverLog: true, udid: ce06171633774e37027e}, deviceApiLevel: 28, deviceManufacturer: samsung, deviceModel: SM-N950N, deviceName: ce06171633774e37027e, deviceScreenDensity: 420, deviceScreenSize: 1080x2220, deviceUDID: ce06171633774e37027e, extractChromeAndroidPackageFromContextName: true, focused: true, javascriptEnabled: true, locationContextEnabled: false, networkConnectionEnabled: true, pixelRatio: 2.625, platform: LINUX, platformName: Android, platformVersion: 9, recreateChromeDriverSessions: false, showChromedriverLog: true, statBarHeight: 63, takesScreenshot: true, udid: ce06171633774e37027e, viewportRect: {height: 2031, left: 0, top: 63, width: 1080}, warnings: {}, webStorageEnabled: false}
Session ID: 700c805b-aaed-427c-b19e-df3517d1e59a">
      <![CDATA[org.openqa.selenium.WebDriverException: An unknown server-side error occurred while processing the command. Original error: 'GET /screenshot' cannot be proxied to UiAutomator2 server because the instrumentation process is not running (probably crashed). Check the server log and/or the logcat output for more details
Build info: version: '3.14.0', revision: 'aacccce0', time: '2018-08-02T20:19:58.91Z'
System info: host: 'SKT1112049PN002', ip: '172.23.174.101', os.name: 'Windows 10', os.arch: 'amd64', os.version: '10.0', java.version: '1.8.0_191'
Driver info: unit.Utilities
Capabilities {appActivity: com.skt.aidev.nugufriends.u..., appPackage: com.skt.aidev.nugufriends, automationName: UIAutomator2, chromedriverArgs: {browserName: chrome, goog:chromeOptions: {args: [], extensions: [], w3c: true}}, chromedriverExecutable: C:\chromedriver_win32\chrom..., databaseEnabled: false, desired: {appActivity: com.skt.aidev.nugufriends.u..., appPackage: com.skt.aidev.nugufriends, automationName: UIAutomator2, chromedriverArgs: {browserName: chrome, goog:chromeOptions: {args: [], extensions: [], w3c: true}}, chromedriverExecutable: C:\chromedriver_win32\chrom..., deviceName: Android, extractChromeAndroidPackageFromContextName: true, focused: true, platformName: android, recreateChromeDriverSessions: false, showChromedriverLog: true, udid: ce06171633774e37027e}, deviceApiLevel: 28, deviceManufacturer: samsung, deviceModel: SM-N950N, deviceName: ce06171633774e37027e, deviceScreenDensity: 420, deviceScreenSize: 1080x2220, deviceUDID: ce06171633774e37027e, extractChromeAndroidPackageFromContextName: true, focused: true, javascriptEnabled: true, locationContextEnabled: false, networkConnectionEnabled: true, pixelRatio: 2.625, platform: LINUX, platformName: Android, platformVersion: 9, recreateChromeDriverSessions: false, showChromedriverLog: true, statBarHeight: 63, takesScreenshot: true, udid: ce06171633774e37027e, viewportRect: {height: 2031, left: 0, top: 63, width: 1080}, warnings: {}, webStorageEnabled: false}
Session ID: 700c805b-aaed-427c-b19e-df3517d1e59a
at org.openqa.selenium.remote.http.W3CHttpResponseCodec.createException(W3CHttpResponseCodec.java:187)
at org.openqa.selenium.remote.http.W3CHttpResponseCodec.decode(W3CHttpResponseCodec.java:122)
at org.openqa.selenium.remote.http.W3CHttpResponseCodec.decode(W3CHttpResponseCodec.java:49)
at org.openqa.selenium.remote.HttpCommandExecutor.execute(HttpCommandExecutor.java:158)
at io.appium.java_client.remote.AppiumCommandExecutor.execute(AppiumCommandExecutor.java:247)
at org.openqa.selenium.remote.RemoteWebDriver.execute(RemoteWebDriver.java:548)
at io.appium.java_client.DefaultGenericMobileDriver.execute(DefaultGenericMobileDriver.java:45)
at io.appium.java_client.AppiumDriver.execute(AppiumDriver.java:1)
at io.appium.java_client.android.AndroidDriver.execute(AndroidDriver.java:1)
at org.openqa.selenium.remote.RemoteWebDriver.getScreenshotAs(RemoteWebDriver.java:294)
at unit.Utilities.ErrorScreenshots(Utilities.java:1514)
at TestNG_Set.Chips_TestCase.AfterMethod(Chips_TestCase.java:113)
at java.util.ArrayList.forEach(ArrayList.java:1257)
at java.util.concurrent.FutureTask.run(FutureTask.java:266)
at java.util.concurrent.ThreadPoolExecutor.runWorker(ThreadPoolExecutor.java:1149)
at java.util.concurrent.ThreadPoolExecutor$Worker.run(ThreadPoolExecutor.java:624)
at java.lang.Thread.run(Thread.java:748)
... Removed 27 stack frames]]>
    </failure>
  </testcase> <!-- @AfterMethod AfterMethod -->
  <testcase name="@AfterClass tearDownClass" time="-1.62787224235E9" classname="TestNG_Set.Chips_TestCase">
    <skipped/>
  </testcase> <!-- @AfterClass tearDownClass -->
  <testcase name="TC_0000_앱실행과AccessToken얻기" time="60.027" classname="Chips_001_기본기능.기본기능_01_기본기능"/>
  <testcase name="TC_0009_MIC버튼호출" time="3.61" classname="Chips_001_기본기능.기본기능_01_기본기능"/>
  <testcase name="TC_0068_베터리잔량_발화체크" time="18.372" classname="Chips_001_기본기능.기본기능_01_기본기능"/>
  <testcase name="TC_0069_베터리잔량_발화체크" time="18.395" classname="Chips_001_기본기능.기본기능_01_기본기능"/>
  <testcase name="TC_0079_전원제어_발화체크" time="18.404" classname="Chips_001_기본기능.기본기능_01_기본기능"/>
  <testcase name="TC_0091_환경설정_발화체크" time="18.567" classname="Chips_001_기본기능.기본기능_01_기본기능"/>
  <testcase name="TC_0094_미디어재생중_환경설정_발화체크" time="39.245" classname="Chips_001_기본기능.기본기능_01_기본기능"/>
  <testcase name="TC_0098_홈화면변경_발화체크" time="18.423" classname="Chips_001_기본기능.기본기능_01_기본기능"/>
  <testcase name="TC_0115_나이트모드_발화체크" time="18.458" classname="Chips_001_기본기능.기본기능_01_기본기능"/>
  <testcase name="TC_0000_앱실행과AccessToken얻기" time="29.532" classname="Chips_001_기본기능.기본기능_02_홈화면최초진입"/>
  <testcase name="TC_0138_홈화면최초진입확인" time="4.127" classname="Chips_001_기본기능.기본기능_02_홈화면최초진입"/>
  <testcase name="TC_0000_앱실행과AccessToken얻기" time="58.106" classname="Chips_001_기본기능.기본기능_03_부가기능"/>
  <testcase name="TC_0145_미디어재생중_infoPlay실행" time="17.436" classname="Chips_001_기본기능.기본기능_03_부가기능">
    <failure type="org.openqa.selenium.WebDriverException" message="An unknown server-side error occurred while processing the command. Original error: &amp;apos;POST /element&amp;apos; cannot be proxied to UiAutomator2 server because the instrumentation process is not running (probably crashed). Check the server log and/or the logcat output for more details
Build info: version: &amp;apos;3.14.0&amp;apos;, revision: &amp;apos;aacccce0&amp;apos;, time: &amp;apos;2018-08-02T20:19:58.91Z&amp;apos;
System info: host: &amp;apos;SKT1112049PN002&amp;apos;, ip: &amp;apos;172.23.174.101&amp;apos;, os.name: &amp;apos;Windows 10&amp;apos;, os.arch: &amp;apos;amd64&amp;apos;, os.version: &amp;apos;10.0&amp;apos;, java.version: &amp;apos;1.8.0_191&amp;apos;
Driver info: unit.Utilities
Capabilities {appActivity: com.skt.aidev.nugufriends.u..., appPackage: com.skt.aidev.nugufriends, automationName: UIAutomator2, chromedriverArgs: {browserName: chrome, goog:chromeOptions: {args: [], extensions: [], w3c: true}}, chromedriverExecutable: C:\chromedriver_win32\chrom..., databaseEnabled: false, desired: {appActivity: com.skt.aidev.nugufriends.u..., appPackage: com.skt.aidev.nugufriends, automationName: UIAutomator2, chromedriverArgs: {browserName: chrome, goog:chromeOptions: {args: [], extensions: [], w3c: true}}, chromedriverExecutable: C:\chromedriver_win32\chrom..., deviceName: Android, extractChromeAndroidPackageFromContextName: true, focused: true, platformName: android, recreateChromeDriverSessions: false, showChromedriverLog: true, udid: ce06171633774e37027e}, deviceApiLevel: 28, deviceManufacturer: samsung, deviceModel: SM-N950N, deviceName: ce06171633774e37027e, deviceScreenDensity: 420, deviceScreenSize: 1080x2220, deviceUDID: ce06171633774e37027e, extractChromeAndroidPackageFromContextName: true, focused: true, javascriptEnabled: true, locationContextEnabled: false, networkConnectionEnabled: true, pixelRatio: 2.625, platform: LINUX, platformName: Android, platformVersion: 9, recreateChromeDriverSessions: false, showChromedriverLog: true, statBarHeight: 63, takesScreenshot: true, udid: ce06171633774e37027e, viewportRect: {height: 2031, left: 0, top: 63, width: 1080}, warnings: {}, webStorageEnabled: false}
Session ID: 700c805b-aaed-427c-b19e-df3517d1e59a
*** Element info: {Using=id, value=closeSnackbar}">
      <![CDATA[org.openqa.selenium.WebDriverException: An unknown server-side error occurred while processing the command. Original error: 'POST /element' cannot be proxied to UiAutomator2 server because the instrumentation process is not running (probably crashed). Check the server log and/or the logcat output for more details
Build info: version: '3.14.0', revision: 'aacccce0', time: '2018-08-02T20:19:58.91Z'
System info: host: 'SKT1112049PN002', ip: '172.23.174.101', os.name: 'Windows 10', os.arch: 'amd64', os.version: '10.0', java.version: '1.8.0_191'
Driver info: unit.Utilities
Capabilities {appActivity: com.skt.aidev.nugufriends.u..., appPackage: com.skt.aidev.nugufriends, automationName: UIAutomator2, chromedriverArgs: {browserName: chrome, goog:chromeOptions: {args: [], extensions: [], w3c: true}}, chromedriverExecutable: C:\chromedriver_win32\chrom..., databaseEnabled: false, desired: {appActivity: com.skt.aidev.nugufriends.u..., appPackage: com.skt.aidev.nugufriends, automationName: UIAutomator2, chromedriverArgs: {browserName: chrome, goog:chromeOptions: {args: [], extensions: [], w3c: true}}, chromedriverExecutable: C:\chromedriver_win32\chrom..., deviceName: Android, extractChromeAndroidPackageFromContextName: true, focused: true, platformName: android, recreateChromeDriverSessions: false, showChromedriverLog: true, udid: ce06171633774e37027e}, deviceApiLevel: 28, deviceManufacturer: samsung, deviceModel: SM-N950N, deviceName: ce06171633774e37027e, deviceScreenDensity: 420, deviceScreenSize: 1080x2220, deviceUDID: ce06171633774e37027e, extractChromeAndroidPackageFromContextName: true, focused: true, javascriptEnabled: true, locationContextEnabled: false, networkConnectionEnabled: true, pixelRatio: 2.625, platform: LINUX, platformName: Android, platformVersion: 9, recreateChromeDriverSessions: false, showChromedriverLog: true, statBarHeight: 63, takesScreenshot: true, udid: ce06171633774e37027e, viewportRect: {height: 2031, left: 0, top: 63, width: 1080}, warnings: {}, webStorageEnabled: false}
Session ID: 700c805b-aaed-427c-b19e-df3517d1e59a
*** Element info: {Using=id, value=closeSnackbar}
at org.openqa.selenium.remote.http.W3CHttpResponseCodec.createException(W3CHttpResponseCodec.java:187)
at org.openqa.selenium.remote.http.W3CHttpResponseCodec.decode(W3CHttpResponseCodec.java:122)
at org.openqa.selenium.remote.http.W3CHttpResponseCodec.decode(W3CHttpResponseCodec.java:49)
at org.openqa.selenium.remote.HttpCommandExecutor.execute(HttpCommandExecutor.java:158)
at io.appium.java_client.remote.AppiumCommandExecutor.execute(AppiumCommandExecutor.java:247)
at org.openqa.selenium.remote.RemoteWebDriver.execute(RemoteWebDriver.java:548)
at io.appium.java_client.DefaultGenericMobileDriver.execute(DefaultGenericMobileDriver.java:41)
at io.appium.java_client.AppiumDriver.execute(AppiumDriver.java:1)
at io.appium.java_client.android.AndroidDriver.execute(AndroidDriver.java:1)
at org.openqa.selenium.remote.RemoteWebDriver.findElement(RemoteWebDriver.java:322)
at io.appium.java_client.DefaultGenericMobileDriver.findElement(DefaultGenericMobileDriver.java:61)
at io.appium.java_client.AppiumDriver.findElement(AppiumDriver.java:1)
at io.appium.java_client.android.AndroidDriver.findElement(AndroidDriver.java:1)
at org.openqa.selenium.remote.RemoteWebDriver.findElementById(RemoteWebDriver.java:368)
at io.appium.java_client.DefaultGenericMobileDriver.findElementById(DefaultGenericMobileDriver.java:69)
at io.appium.java_client.AppiumDriver.findElementById(AppiumDriver.java:1)
at io.appium.java_client.android.AndroidDriver.findElementById(AndroidDriver.java:1)
at org.openqa.selenium.By$ById.findElement(By.java:188)
at unit.Utilities.isElementPresent(Utilities.java:912)
at Chips_001_기본기능.기본기능_03_부가기능.TC_0145_미디어재생중_infoPlay실행(기본기능_03_부가기능.java:102)
at java.util.ArrayList.forEach(ArrayList.java:1257)
at java.util.concurrent.FutureTask.run(FutureTask.java:266)
at java.util.concurrent.ThreadPoolExecutor.runWorker(ThreadPoolExecutor.java:1149)
at java.util.concurrent.ThreadPoolExecutor$Worker.run(ThreadPoolExecutor.java:624)
at java.lang.Thread.run(Thread.java:748)
... Removed 22 stack frames]]>
    </failure>
  </testcase> <!-- TC_0145_미디어재생중_infoPlay실행 -->
</testsuite> <!-- Test_Project -->
