<?xml version="1.0" encoding="UTF-8"?>
<!-- Generated by org.testng.reporters.JUnitXMLReporter -->
<testsuite ignored="0" hostname="DESKTOP-Kei" failures="0" tests="13" name="Test_Project" time="316.013" errors="0" timestamp="2021-12-01T17:15:48 KST">
  <testcase classname="Chips_001_기본기능.기본기능_01_기본기능" name="TC_0000_앱실행과AccessToken얻기" time="55.846"/>
  <testcase classname="Chips_001_기본기능.기본기능_01_기본기능" name="TC_0009_MIC버튼호출" time="3.077"/>
  <testcase classname="Chips_001_기본기능.기본기능_01_기본기능" name="TC_0068_베터리잔량_발화체크" time="5.13"/>
  <testcase classname="Chips_001_기본기능.기본기능_01_기본기능" name="TC_0069_베터리잔량_발화체크" time="5.202"/>
  <testcase classname="Chips_001_기본기능.기본기능_01_기본기능" name="TC_0079_전원제어_발화체크" time="5.114"/>
  <testcase classname="Chips_001_기본기능.기본기능_01_기본기능" name="TC_0091_환경설정_발화체크" time="9.226"/>
  <testcase classname="Chips_001_기본기능.기본기능_01_기본기능" name="TC_0094_미디어재생중_환경설정_발화체크" time="19.682"/>
  <testcase classname="Chips_001_기본기능.기본기능_01_기본기능" name="TC_0098_홈화면변경_발화체크" time="9.195"/>
  <testcase classname="Chips_001_기본기능.기본기능_01_기본기능" name="TC_0115_나이트모드_발화체크" time="5.145"/>
  <testcase classname="Chips_001_기본기능.기본기능_02_홈화면최초진입" name="TC_0000_앱실행과AccessToken얻기" time="35.734"/>
  <testcase classname="Chips_001_기본기능.기본기능_02_홈화면최초진입" name="TC_0138_홈화면최초진입확인" time="2.928"/>
  <testcase classname="Chips_001_기본기능.기본기능_03_부가기능" name="TC_0000_앱실행과AccessToken얻기" time="56.093"/>
  <testcase classname="Chips_001_기본기능.기본기능_03_부가기능" name="TC_0145_미디어재생중_infoPlay실행" time="50.808"/>
</testsuite> <!-- Test_Project -->
