<?xml version="1.0" encoding="UTF-8"?>
<!-- Generated by org.testng.reporters.JUnitXMLReporter -->
<testsuite ignored="0" hostname="DESKTOP-Kei" failures="0" tests="17" name="Test_Project" time="720.84" errors="0" timestamp="2021-11-24T00:16:28 KST">
  <testcase classname="Chips_004_생활정보.생활정보_03_날씨_일기예보" name="TC_0000_앱실행과AccessToken얻기" time="62.325"/>
  <testcase classname="Chips_004_생활정보.생활정보_03_날씨_일기예보" name="TC_0722_Chips_날씨_오늘날씨_확인" time="40.571"/>
  <testcase classname="Chips_004_생활정보.생활정보_03_날씨_일기예보" name="TC_0723_Chips_날씨_오늘날씨_확인" time="26.196"/>
  <testcase classname="Chips_004_생활정보.생활정보_03_날씨_일기예보" name="TC_0724_Chips_날씨_내일날씨_확인" time="26.091"/>
  <testcase classname="Chips_004_생활정보.생활정보_03_날씨_일기예보" name="TC_0725_Chips_날씨_내일날씨_확인" time="25.973"/>
  <testcase classname="Chips_004_생활정보.생활정보_03_날씨_일기예보" name="TC_0726_Chips_날씨_모레날씨_확인" time="26.856"/>
  <testcase classname="Chips_004_생활정보.생활정보_03_날씨_일기예보" name="TC_0727_Chips_날씨_이번주날씨_확인" time="49.266"/>
  <testcase classname="Chips_004_생활정보.생활정보_03_날씨_일기예보" name="TC_0728_Chips_날씨_다음주날씨_확인" time="41.613"/>
  <testcase classname="Chips_004_생활정보.생활정보_03_날씨_일기예보" name="TC_0729_Chips_날씨_이번주주말날씨_확인" time="10.501"/>
  <testcase classname="Chips_004_생활정보.생활정보_03_날씨_일기예보" name="TC_0730_Chips_날씨_다음주주말날씨_확인" time="10.807"/>
  <testcase classname="Chips_004_생활정보.생활정보_03_날씨_일기예보" name="TC_0731_Chips_날씨_현재요일날씨_확인" time="25.873"/>
  <testcase classname="Chips_004_생활정보.생활정보_03_날씨_일기예보" name="TC_0732_Chips_날씨_현재요일날씨_확인" time="26.057"/>
  <testcase classname="Chips_004_생활정보.생활정보_03_날씨_일기예보" name="TC_0733_Chips_날씨_제주도날씨_확인" time="26.738"/>
  <testcase classname="Chips_004_생활정보.생활정보_03_날씨_일기예보" name="TC_0734_Chips_날씨_파주시야동동날씨_확인" time="26.676"/>
  <testcase classname="Chips_004_생활정보.생활정보_05_날씨_미세먼지" name="TC_0000_앱실행과AccessToken얻기" time="64.814"/>
  <testcase classname="Chips_004_생활정보.생활정보_05_날씨_미세먼지" name="TC_0743_Chips_날씨_오늘미세먼지_확인" time="100.743"/>
  <testcase classname="Chips_004_생활정보.생활정보_05_날씨_미세먼지" name="TC_0744_Chips_날씨_내일미세먼지_확인" time="75.315"/>
</testsuite> <!-- Test_Project -->
