<?xml version="1.0" encoding="UTF-8"?>
<!-- Generated by org.testng.reporters.JUnitXMLReporter -->
<testsuite ignored="0" hostname="DESKTOP-Kei" failures="2" tests="25" name="Test_Project" time="447.246" errors="0" timestamp="2021-11-29T23:10:36 KST">
  <testcase classname="Chips_004_미디어_etc.미디어_12_팟빵" name="TC_0000_앱실행과AccessToken얻기" time="55.127"/>
  <testcase classname="Chips_004_미디어_etc.미디어_12_팟빵" name="TC_0442_Chips_팟캐스트_재생_확인" time="18.549"/>
  <testcase classname="Chips_004_미디어_etc.미디어_12_팟빵" name="TC_0443_Chips_팟빵_재생_확인" time="7.098"/>
  <testcase classname="Chips_004_미디어_etc.미디어_12_팟빵" name="TC_0444_Chips_팟빵_방송명으로팟캐스트_재생_확인" time="22.669"/>
  <testcase classname="Chips_004_미디어_etc.미디어_12_팟빵" name="TC_0445_Chips_팟빵_구독_확인" time="18.01"/>
  <testcase classname="Chips_004_미디어_etc.미디어_12_팟빵" name="TC_0446_Chips_팟빵_구독삭제_확인" time="15.278"/>
  <testcase classname="Chips_004_미디어_etc.미디어_12_팟빵" name="TC_0447_Chips_팟빵_재생시간이동_확인" time="5.027"/>
  <testcase classname="Chips_004_미디어_etc.미디어_12_팟빵" name="TC_0448_Chips_팟빵_종료예약_확인" time="5.111"/>
  <testcase classname="Chips_004_미디어_etc.미디어_12_팟빵" name="TC_0449_Chips_팟빵_종료예약_확인" time="5.158"/>
  <testcase classname="Chips_004_미디어_etc.미디어_12_팟빵" name="TC_0452_Chips_팟빵_티맵미지원컨텐츠_재생_확인" time="22.56">
    <failure type="junit.framework.AssertionFailedError">
      <![CDATA[junit.framework.AssertionFailedError
at junit.framework.Assert.fail(Assert.java:47)
at junit.framework.Assert.assertTrue(Assert.java:20)
at junit.framework.Assert.assertTrue(Assert.java:27)
at Chips_004_미디어_etc.미디어_12_팟빵.TC_0452_Chips_팟빵_티맵미지원컨텐츠_재생_확인(미디어_12_팟빵.java:317)
at java.base/java.util.ArrayList.forEach(ArrayList.java:1511)
at java.base/java.util.concurrent.FutureTask.run(FutureTask.java:264)
at java.base/java.util.concurrent.ThreadPoolExecutor.runWorker(ThreadPoolExecutor.java:1130)
at java.base/java.util.concurrent.ThreadPoolExecutor$Worker.run(ThreadPoolExecutor.java:630)
at java.base/java.lang.Thread.run(Thread.java:832)
... Removed 18 stack frames]]>
    </failure>
  </testcase> <!-- TC_0452_Chips_팟빵_티맵미지원컨텐츠_재생_확인 -->
  <testcase classname="Chips_004_미디어_etc.미디어_12_팟빵" name="TC_0453_Chips_팟빵_티맵미지원컨텐츠_재생_확인" time="5.621"/>
  <testcase classname="Chips_004_미디어_etc.미디어_12_팟빵" name="TC_0455_Chips_팟빵_컨트롤러_에피소드_재생_확인" time="13.409"/>
  <testcase classname="Chips_004_미디어_etc.미디어_12_팟빵" name="TC_0456_Chips_팟빵_컨트롤러_일시정지_확인" time="15.333"/>
  <testcase classname="Chips_004_미디어_etc.미디어_12_팟빵" name="TC_0457_Chips_팟빵_컨트롤러_일시정지취소_확인" time="8.672"/>
  <testcase classname="Chips_004_미디어_etc.미디어_12_팟빵" name="TC_0458_Chips_팟빵_컨트롤러_일시정지_확인" time="8.574"/>
  <testcase classname="Chips_004_미디어_etc.미디어_12_팟빵" name="TC_0459_Chips_팟빵_컨트롤러_일시정지취소_확인" time="8.82"/>
  <testcase classname="Chips_004_미디어_etc.미디어_12_팟빵" name="TC_0460_Chips_팟빵_구독_확인" time="26.966">
    <failure type="junit.framework.AssertionFailedError">
      <![CDATA[junit.framework.AssertionFailedError
at junit.framework.Assert.fail(Assert.java:47)
at junit.framework.Assert.assertTrue(Assert.java:20)
at junit.framework.Assert.assertTrue(Assert.java:27)
at Chips_004_미디어_etc.미디어_12_팟빵.TC_0460_Chips_팟빵_구독_확인(미디어_12_팟빵.java:433)
at java.base/java.util.ArrayList.forEach(ArrayList.java:1511)
at java.base/java.util.concurrent.FutureTask.run(FutureTask.java:264)
at java.base/java.util.concurrent.ThreadPoolExecutor.runWorker(ThreadPoolExecutor.java:1130)
at java.base/java.util.concurrent.ThreadPoolExecutor$Worker.run(ThreadPoolExecutor.java:630)
at java.base/java.lang.Thread.run(Thread.java:832)
... Removed 18 stack frames]]>
    </failure>
  </testcase> <!-- TC_0460_Chips_팟빵_구독_확인 -->
  <testcase classname="Chips_004_미디어_etc.미디어_12_팟빵" name="TC_0461_Chips_팟빵_구독해제_확인" time="14.99"/>
  <testcase classname="Chips_004_미디어_etc.미디어_12_팟빵" name="TC_0462_Chips_팟빵_이전_확인" time="41.194"/>
  <testcase classname="Chips_004_미디어_etc.미디어_12_팟빵" name="TC_0463_Chips_팟빵_다음_확인" time="17.651"/>
  <testcase classname="Chips_004_미디어_etc.미디어_12_팟빵" name="TC_0464_Chips_팟빵_이전팟캐스트_확인" time="31.262"/>
  <testcase classname="Chips_004_미디어_etc.미디어_12_팟빵" name="TC_0465_Chips_팟빵_다음팟캐스트__확인" time="28.93"/>
  <testcase classname="Chips_004_미디어_etc.미디어_12_팟빵" name="TC_0466_Chips_팟빵_재생시간앞으로이동_확인" time="9.764"/>
  <testcase classname="Chips_004_미디어_etc.미디어_12_팟빵" name="TC_0467_Chips_팟빵_재생시간뒤으로이동_확인" time="10.032"/>
  <testcase classname="Chips_004_미디어_etc.미디어_12_팟빵" name="TC_0468_Chips_팟빵_종료_확인" time="9.818"/>
</testsuite> <!-- Test_Project -->
