<?xml version="1.0" encoding="UTF-8"?>
<!-- Generated by org.testng.reporters.JUnitXMLReporter -->
<testsuite ignored="0" hostname="DESKTOP-Kei" failures="3" tests="9" name="Test_Project" time="189.136" errors="0" timestamp="2021-05-15T16:38:57 KST">
  <testcase classname="Chips_001_기본기능.기본기능_01_서비스호출" name="TC_0000_앱실행과AccessToken얻기" time="39.645"/>
  <testcase classname="Chips_001_기본기능.기본기능_01_서비스호출" name="TC_0009_MIC버튼호출" time="3.094"/>
  <testcase classname="Chips_001_기본기능.기본기능_01_서비스호출" name="TC_0068_베터리잔량_발화체크" time="17.354"/>
  <testcase classname="Chips_001_기본기능.기본기능_01_서비스호출" name="TC_0069_베터리잔량_발화체크" time="17.276"/>
  <testcase classname="Chips_001_기본기능.기본기능_01_서비스호출" name="TC_0079_전원제어_발화체크" time="14.236">
    <failure type="junit.framework.AssertionFailedError">
      <![CDATA[junit.framework.AssertionFailedError
at junit.framework.Assert.fail(Assert.java:47)
at junit.framework.Assert.assertTrue(Assert.java:20)
at junit.framework.Assert.assertTrue(Assert.java:27)
at Chips_001_기본기능.기본기능_01_서비스호출.TC_0079_전원제어_발화체크(기본기능_01_서비스호출.java:136)
at java.base/java.util.ArrayList.forEach(ArrayList.java:1511)
at java.base/java.util.concurrent.FutureTask.run(FutureTask.java:264)
at java.base/java.util.concurrent.ThreadPoolExecutor.runWorker(ThreadPoolExecutor.java:1130)
at java.base/java.util.concurrent.ThreadPoolExecutor$Worker.run(ThreadPoolExecutor.java:630)
at java.base/java.lang.Thread.run(Thread.java:832)
... Removed 18 stack frames]]>
    </failure>
  </testcase> <!-- TC_0079_전원제어_발화체크 -->
  <testcase classname="Chips_001_기본기능.기본기능_01_서비스호출" name="TC_0091_환경설정_발화체크" time="14.212">
    <failure type="junit.framework.AssertionFailedError">
      <![CDATA[junit.framework.AssertionFailedError
at junit.framework.Assert.fail(Assert.java:47)
at junit.framework.Assert.assertTrue(Assert.java:20)
at junit.framework.Assert.assertTrue(Assert.java:27)
at Chips_001_기본기능.기본기능_01_서비스호출.TC_0091_환경설정_발화체크(기본기능_01_서비스호출.java:152)
at java.base/java.util.ArrayList.forEach(ArrayList.java:1511)
at java.base/java.util.concurrent.FutureTask.run(FutureTask.java:264)
at java.base/java.util.concurrent.ThreadPoolExecutor.runWorker(ThreadPoolExecutor.java:1130)
at java.base/java.util.concurrent.ThreadPoolExecutor$Worker.run(ThreadPoolExecutor.java:630)
at java.base/java.lang.Thread.run(Thread.java:832)
... Removed 18 stack frames]]>
    </failure>
  </testcase> <!-- TC_0091_환경설정_발화체크 -->
  <testcase classname="Chips_001_기본기능.기본기능_01_서비스호출" name="TC_0094_미디어재생중_환경설정_발화체크" time="27.896">
    <failure type="junit.framework.AssertionFailedError">
      <![CDATA[junit.framework.AssertionFailedError
at junit.framework.Assert.fail(Assert.java:47)
at junit.framework.Assert.assertTrue(Assert.java:20)
at junit.framework.Assert.assertTrue(Assert.java:27)
at Chips_001_기본기능.기본기능_01_서비스호출.TC_0094_미디어재생중_환경설정_발화체크(기본기능_01_서비스호출.java:174)
at java.base/java.util.ArrayList.forEach(ArrayList.java:1511)
at java.base/java.util.concurrent.FutureTask.run(FutureTask.java:264)
at java.base/java.util.concurrent.ThreadPoolExecutor.runWorker(ThreadPoolExecutor.java:1130)
at java.base/java.util.concurrent.ThreadPoolExecutor$Worker.run(ThreadPoolExecutor.java:630)
at java.base/java.lang.Thread.run(Thread.java:832)
... Removed 18 stack frames]]>
    </failure>
  </testcase> <!-- TC_0094_미디어재생중_환경설정_발화체크 -->
  <testcase classname="Chips_001_기본기능.기본기능_01_서비스호출" name="TC_0098_홈화면변경_발화체크" time="17.222"/>
  <testcase classname="Chips_001_기본기능.기본기능_01_서비스호출" name="TC_0115_나이트모드_발화체크" time="17.288"/>
</testsuite> <!-- Test_Project -->
