<?xml version="1.0" encoding="UTF-8"?>
<!-- Generated by org.testng.reporters.JUnitXMLReporter -->
<testsuite ignored="0" hostname="DESKTOP-Kei" failures="9" tests="21" name="Test_Project" time="616.469" errors="0" timestamp="2021-11-18T18:00:30 KST">
  <testcase classname="Chips_002_미디어.미디어_08_라디오" name="TC_0000_앱실행과AccessToken얻기" time="62.546"/>
  <testcase classname="Chips_002_미디어.미디어_08_라디오" name="TC_0341_Chips_라디오_재생_확인" time="21.154">
    <failure type="junit.framework.AssertionFailedError">
      <![CDATA[junit.framework.AssertionFailedError
at junit.framework.Assert.fail(Assert.java:47)
at junit.framework.Assert.assertTrue(Assert.java:20)
at junit.framework.Assert.assertTrue(Assert.java:27)
at Chips_002_미디어.미디어_08_라디오.TC_0341_Chips_라디오_재생_확인(미디어_08_라디오.java:115)
at java.base/java.util.ArrayList.forEach(ArrayList.java:1511)
at java.base/java.util.concurrent.FutureTask.run(FutureTask.java:264)
at java.base/java.util.concurrent.ThreadPoolExecutor.runWorker(ThreadPoolExecutor.java:1130)
at java.base/java.util.concurrent.ThreadPoolExecutor$Worker.run(ThreadPoolExecutor.java:630)
at java.base/java.lang.Thread.run(Thread.java:832)
... Removed 18 stack frames]]>
    </failure>
  </testcase> <!-- TC_0341_Chips_라디오_재생_확인 -->
  <testcase classname="Chips_002_미디어.미디어_08_라디오" name="TC_0342_Chips_라디오_좋아요재생_확인" time="18.117"/>
  <testcase classname="Chips_002_미디어.미디어_08_라디오" name="TC_0343_Chips_라디오_즐겨찾기있음_재생_확인" time="68.272"/>
  <testcase classname="Chips_002_미디어.미디어_08_라디오" name="TC_0344_Chips_라디오_즐겨찾기있음_재생_확인" time="38.244"/>
  <testcase classname="Chips_002_미디어.미디어_08_라디오" name="TC_0345_Chips_라디오_듣고있는라디오_채널_확인" time="17.156"/>
  <testcase classname="Chips_002_미디어.미디어_08_라디오" name="TC_0346_Chips_라디오_듣고있는라디오_채널_확인" time="17.121"/>
  <testcase classname="Chips_002_미디어.미디어_08_라디오" name="TC_0347_Chips_라디오_다음라디오_채널_확인" time="23.164"/>
  <testcase classname="Chips_002_미디어.미디어_08_라디오" name="TC_0348_Chips_라디오_이전라디오_채널_확인" time="22.356"/>
  <testcase classname="Chips_002_미디어.미디어_08_라디오" name="TC_0349_Chips_라디오_즐겨찾기1개재생중_다음_확인" time="18.121">
    <failure type="junit.framework.AssertionFailedError">
      <![CDATA[junit.framework.AssertionFailedError
at junit.framework.Assert.fail(Assert.java:47)
at junit.framework.Assert.assertTrue(Assert.java:20)
at junit.framework.Assert.assertTrue(Assert.java:27)
at Chips_002_미디어.미디어_08_라디오.TC_0349_Chips_라디오_즐겨찾기1개재생중_다음_확인(미디어_08_라디오.java:283)
at java.base/java.util.ArrayList.forEach(ArrayList.java:1511)
at java.base/java.util.concurrent.FutureTask.run(FutureTask.java:264)
at java.base/java.util.concurrent.ThreadPoolExecutor.runWorker(ThreadPoolExecutor.java:1130)
at java.base/java.util.concurrent.ThreadPoolExecutor$Worker.run(ThreadPoolExecutor.java:630)
at java.base/java.lang.Thread.run(Thread.java:832)
... Removed 18 stack frames]]>
    </failure>
  </testcase> <!-- TC_0349_Chips_라디오_즐겨찾기1개재생중_다음_확인 -->
  <testcase classname="Chips_002_미디어.미디어_08_라디오" name="TC_0350_Chips_라디오_즐겨찾기2개재생중_다음_확인" time="21.103">
    <failure type="junit.framework.AssertionFailedError">
      <![CDATA[junit.framework.AssertionFailedError
at junit.framework.Assert.fail(Assert.java:47)
at junit.framework.Assert.assertTrue(Assert.java:20)
at junit.framework.Assert.assertTrue(Assert.java:27)
at Chips_002_미디어.미디어_08_라디오.TC_0350_Chips_라디오_즐겨찾기2개재생중_다음_확인(미디어_08_라디오.java:332)
at java.base/java.util.ArrayList.forEach(ArrayList.java:1511)
at java.base/java.util.concurrent.FutureTask.run(FutureTask.java:264)
at java.base/java.util.concurrent.ThreadPoolExecutor.runWorker(ThreadPoolExecutor.java:1130)
at java.base/java.util.concurrent.ThreadPoolExecutor$Worker.run(ThreadPoolExecutor.java:630)
at java.base/java.lang.Thread.run(Thread.java:832)
... Removed 18 stack frames]]>
    </failure>
  </testcase> <!-- TC_0350_Chips_라디오_즐겨찾기2개재생중_다음_확인 -->
  <testcase classname="Chips_002_미디어.미디어_08_라디오" name="TC_0351_Chips_라디오_종료_확인" time="43.212">
    <failure type="junit.framework.AssertionFailedError">
      <![CDATA[junit.framework.AssertionFailedError
at junit.framework.Assert.fail(Assert.java:47)
at junit.framework.Assert.assertTrue(Assert.java:20)
at junit.framework.Assert.assertTrue(Assert.java:27)
at Chips_002_미디어.미디어_08_라디오.TC_0351_Chips_라디오_종료_확인(미디어_08_라디오.java:405)
at java.base/java.util.ArrayList.forEach(ArrayList.java:1511)
at java.base/java.util.concurrent.FutureTask.run(FutureTask.java:264)
at java.base/java.util.concurrent.ThreadPoolExecutor.runWorker(ThreadPoolExecutor.java:1130)
at java.base/java.util.concurrent.ThreadPoolExecutor$Worker.run(ThreadPoolExecutor.java:630)
at java.base/java.lang.Thread.run(Thread.java:832)
... Removed 18 stack frames]]>
    </failure>
  </testcase> <!-- TC_0351_Chips_라디오_종료_확인 -->
  <testcase classname="Chips_002_미디어.미디어_08_라디오" name="TC_0352_Chips_라디오_종료_확인" time="41.232">
    <failure type="junit.framework.AssertionFailedError">
      <![CDATA[junit.framework.AssertionFailedError
at junit.framework.Assert.fail(Assert.java:47)
at junit.framework.Assert.assertTrue(Assert.java:20)
at junit.framework.Assert.assertTrue(Assert.java:27)
at Chips_002_미디어.미디어_08_라디오.TC_0352_Chips_라디오_종료_확인(미디어_08_라디오.java:440)
at java.base/java.util.ArrayList.forEach(ArrayList.java:1511)
at java.base/java.util.concurrent.FutureTask.run(FutureTask.java:264)
at java.base/java.util.concurrent.ThreadPoolExecutor.runWorker(ThreadPoolExecutor.java:1130)
at java.base/java.util.concurrent.ThreadPoolExecutor$Worker.run(ThreadPoolExecutor.java:630)
at java.base/java.lang.Thread.run(Thread.java:832)
... Removed 18 stack frames]]>
    </failure>
  </testcase> <!-- TC_0352_Chips_라디오_종료_확인 -->
  <testcase classname="Chips_002_미디어.미디어_08_라디오" name="TC_0353_Chips_라디오_일시정지상태_채널재생_확인" time="21.128">
    <failure type="junit.framework.AssertionFailedError">
      <![CDATA[junit.framework.AssertionFailedError
at junit.framework.Assert.fail(Assert.java:47)
at junit.framework.Assert.assertTrue(Assert.java:20)
at junit.framework.Assert.assertTrue(Assert.java:27)
at Chips_002_미디어.미디어_08_라디오.TC_0353_Chips_라디오_일시정지상태_채널재생_확인(미디어_08_라디오.java:467)
at java.base/java.util.ArrayList.forEach(ArrayList.java:1511)
at java.base/java.util.concurrent.FutureTask.run(FutureTask.java:264)
at java.base/java.util.concurrent.ThreadPoolExecutor.runWorker(ThreadPoolExecutor.java:1130)
at java.base/java.util.concurrent.ThreadPoolExecutor$Worker.run(ThreadPoolExecutor.java:630)
at java.base/java.lang.Thread.run(Thread.java:832)
... Removed 18 stack frames]]>
    </failure>
  </testcase> <!-- TC_0353_Chips_라디오_일시정지상태_채널재생_확인 -->
  <testcase classname="Chips_002_미디어.미디어_08_라디오" name="TC_0354_Chips_라디오_일시정지상태_채널재생_확인" time="21.129">
    <failure type="junit.framework.AssertionFailedError">
      <![CDATA[junit.framework.AssertionFailedError
at junit.framework.Assert.fail(Assert.java:47)
at junit.framework.Assert.assertTrue(Assert.java:20)
at junit.framework.Assert.assertTrue(Assert.java:27)
at Chips_002_미디어.미디어_08_라디오.TC_0354_Chips_라디오_일시정지상태_채널재생_확인(미디어_08_라디오.java:505)
at java.base/java.util.ArrayList.forEach(ArrayList.java:1511)
at java.base/java.util.concurrent.FutureTask.run(FutureTask.java:264)
at java.base/java.util.concurrent.ThreadPoolExecutor.runWorker(ThreadPoolExecutor.java:1130)
at java.base/java.util.concurrent.ThreadPoolExecutor$Worker.run(ThreadPoolExecutor.java:630)
at java.base/java.lang.Thread.run(Thread.java:832)
... Removed 18 stack frames]]>
    </failure>
  </testcase> <!-- TC_0354_Chips_라디오_일시정지상태_채널재생_확인 -->
  <testcase classname="Chips_002_미디어.미디어_08_라디오" name="TC_0355_Chips_라디오_대기상태_채널목록_확인" time="38.139"/>
  <testcase classname="Chips_002_미디어.미디어_08_라디오" name="TC_0356_Chips_라디오_대기상태_채널목록_확인" time="26.408"/>
  <testcase classname="Chips_002_미디어.미디어_08_라디오" name="TC_0357_Chips_라디오_실행중_즐겨찾기_확인" time="18.098">
    <failure type="junit.framework.AssertionFailedError">
      <![CDATA[junit.framework.AssertionFailedError
at junit.framework.Assert.fail(Assert.java:47)
at junit.framework.Assert.assertTrue(Assert.java:20)
at junit.framework.Assert.assertTrue(Assert.java:27)
at Chips_002_미디어.미디어_08_라디오.TC_0357_Chips_라디오_실행중_즐겨찾기_확인(미디어_08_라디오.java:603)
at java.base/java.util.ArrayList.forEach(ArrayList.java:1511)
at java.base/java.util.concurrent.FutureTask.run(FutureTask.java:264)
at java.base/java.util.concurrent.ThreadPoolExecutor.runWorker(ThreadPoolExecutor.java:1130)
at java.base/java.util.concurrent.ThreadPoolExecutor$Worker.run(ThreadPoolExecutor.java:630)
at java.base/java.lang.Thread.run(Thread.java:832)
... Removed 18 stack frames]]>
    </failure>
  </testcase> <!-- TC_0357_Chips_라디오_실행중_즐겨찾기_확인 -->
  <testcase classname="Chips_002_미디어.미디어_08_라디오" name="TC_0358_Chips_라디오_즐겨찾기완료_즐겨찾기실행_확인" time="17.099">
    <failure type="junit.framework.AssertionFailedError">
      <![CDATA[junit.framework.AssertionFailedError
at junit.framework.Assert.fail(Assert.java:47)
at junit.framework.Assert.assertTrue(Assert.java:20)
at junit.framework.Assert.assertTrue(Assert.java:27)
at Chips_002_미디어.미디어_08_라디오.TC_0358_Chips_라디오_즐겨찾기완료_즐겨찾기실행_확인(미디어_08_라디오.java:624)
at java.base/java.util.ArrayList.forEach(ArrayList.java:1511)
at java.base/java.util.concurrent.FutureTask.run(FutureTask.java:264)
at java.base/java.util.concurrent.ThreadPoolExecutor.runWorker(ThreadPoolExecutor.java:1130)
at java.base/java.util.concurrent.ThreadPoolExecutor$Worker.run(ThreadPoolExecutor.java:630)
at java.base/java.lang.Thread.run(Thread.java:832)
... Removed 18 stack frames]]>
    </failure>
  </testcase> <!-- TC_0358_Chips_라디오_즐겨찾기완료_즐겨찾기실행_확인 -->
  <testcase classname="Chips_002_미디어.미디어_08_라디오" name="TC_0359_Chips_라디오_실행중_즐겨찾기해제_확인" time="17.107"/>
  <testcase classname="Chips_002_미디어.미디어_08_라디오" name="TC_0360_Chips_라디오_즐겨찾기해제완료_즐겨찾기해제_확인" time="17.139"/>
</testsuite> <!-- Test_Project -->
