<?xml version="1.0" encoding="UTF-8"?>
<!-- Generated by org.testng.reporters.JUnitXMLReporter -->
<testsuite ignored="0" hostname="DESKTOP-Kei" failures="0" tests="33" name="Test_Project" time="583.951" errors="0" timestamp="2021-12-02T19:07:22 KST">
  <testcase classname="Chips_007_생활정보_뉴스.생활정보_14_뉴스" name="TC_0000_앱실행과AccessToken얻기" time="55.393"/>
  <testcase classname="Chips_007_생활정보_뉴스.생활정보_14_뉴스" name="TC_0811_Chips_뉴스_기본설정_CBS뉴스_확인" time="13.398"/>
  <testcase classname="Chips_007_생활정보_뉴스.생활정보_14_뉴스" name="TC_0812_Chips_뉴스_기본설정_CBS뉴스_확인" time="12.237"/>
  <testcase classname="Chips_007_생활정보_뉴스.생활정보_14_뉴스" name="TC_0813_Chips_뉴스_KBS뉴스_확인" time="11.618"/>
  <testcase classname="Chips_007_생활정보_뉴스.생활정보_14_뉴스" name="TC_0814_Chips_뉴스_CBS뉴스_확인" time="12.005"/>
  <testcase classname="Chips_007_생활정보_뉴스.생활정보_14_뉴스" name="TC_0815_1_Chips_뉴스_MBC뉴스_확인" time="26.943"/>
  <testcase classname="Chips_007_생활정보_뉴스.생활정보_14_뉴스" name="TC_0815_2_Chips_뉴스_TBS뉴스_확인" time="14.698"/>
  <testcase classname="Chips_007_생활정보_뉴스.생활정보_14_뉴스" name="TC_0815_2_Chips_뉴스_연합뉴스뉴스_확인" time="18.505"/>
  <testcase classname="Chips_007_생활정보_뉴스.생활정보_14_뉴스" name="TC_0815_Chips_뉴스_SBS뉴스_확인" time="13.968"/>
  <testcase classname="Chips_007_생활정보_뉴스.생활정보_14_뉴스" name="TC_0816_Chips_뉴스_오늘뉴스_확인" time="12.033"/>
  <testcase classname="Chips_007_생활정보_뉴스.생활정보_14_뉴스" name="TC_0817_Chips_뉴스_연예특정뉴스_확인" time="22.195"/>
  <testcase classname="Chips_007_생활정보_뉴스.생활정보_14_뉴스" name="TC_0818_Chips_뉴스_스포츠특정뉴스_확인" time="16.715"/>
  <testcase classname="Chips_007_생활정보_뉴스.생활정보_14_뉴스" name="TC_0819_Chips_뉴스_미지원채널_확인" time="9.224"/>
  <testcase classname="Chips_007_생활정보_뉴스.생활정보_14_뉴스" name="TC_0820_Chips_뉴스_미지원채널_확인" time="13.36"/>
  <testcase classname="Chips_007_생활정보_뉴스.생활정보_14_뉴스" name="TC_0821_Chips_뉴스_SK텔레콤_키워드뉴스_확인" time="26.697"/>
  <testcase classname="Chips_007_생활정보_뉴스.생활정보_14_뉴스" name="TC_0822_Chips_뉴스_세종병원화재_키워드뉴스_확인" time="19.554"/>
  <testcase classname="Chips_007_생활정보_뉴스.생활정보_14_뉴스" name="TC_0823_Chips_뉴스_컴퓨터_키워드뉴스_확인" time="20.72"/>
  <testcase classname="Chips_007_생활정보_뉴스.생활정보_14_뉴스" name="TC_0824_Chips_뉴스_NUGU토픽_확인" time="19.066"/>
  <testcase classname="Chips_007_생활정보_뉴스.생활정보_14_뉴스" name="TC_0825_Chips_뉴스_키워드뉴스없음_확인" time="5.126"/>
  <testcase classname="Chips_007_생활정보_뉴스.생활정보_14_뉴스" name="TC_0826_Chips_뉴스_지난주뉴스_확인" time="19.745"/>
  <testcase classname="Chips_007_생활정보_뉴스.생활정보_14_뉴스" name="TC_0827_Chips_뉴스_지난주연예뉴스_확인" time="15.968"/>
  <testcase classname="Chips_007_생활정보_뉴스.생활정보_14_뉴스" name="TC_0828_Chips_뉴스_N월첫째주스포츠뉴스_확인" time="19.313"/>
  <testcase classname="Chips_007_생활정보_뉴스.생활정보_14_뉴스" name="TC_0829_Chips_뉴스_지난주SK텔레콤뉴스_확인" time="20.3"/>
  <testcase classname="Chips_007_생활정보_뉴스.생활정보_14_뉴스" name="TC_0830_Chips_뉴스_지난달뉴스_확인" time="18.52"/>
  <testcase classname="Chips_007_생활정보_뉴스.생활정보_14_뉴스" name="TC_0831_Chips_뉴스_지난달스포츠뉴스_확인" time="23.66"/>
  <testcase classname="Chips_007_생활정보_뉴스.생활정보_14_뉴스" name="TC_0831_Chips_뉴스_지난달연예뉴스_확인" time="15.35"/>
  <testcase classname="Chips_007_생활정보_뉴스.생활정보_14_뉴스" name="TC_0832_Chips_뉴스_지난달SK텔레콤뉴스_확인" time="19.615"/>
  <testcase classname="Chips_007_생활정보_뉴스.생활정보_14_뉴스" name="TC_0834_Chips_뉴스_어제뉴스_확인" time="15.996"/>
  <testcase classname="Chips_007_생활정보_뉴스.생활정보_14_뉴스" name="TC_0835_Chips_뉴스_그제뉴스_확인" time="6.858"/>
  <testcase classname="Chips_007_생활정보_뉴스.생활정보_14_뉴스" name="TC_0836_Chips_뉴스_그제스포츠뉴스_확인" time="20.381"/>
  <testcase classname="Chips_007_생활정보_뉴스.생활정보_14_뉴스" name="TC_0837_Chips_뉴스_미지원기간뉴스_과거특정일_확인" time="7.389"/>
  <testcase classname="Chips_007_생활정보_뉴스.생활정보_14_뉴스" name="TC_0838_Chips_뉴스_미지원기간뉴스_내일_확인" time="10.993"/>
  <testcase classname="Chips_007_생활정보_뉴스.생활정보_14_뉴스" name="TC_0839_Chips_뉴스_미지원기간뉴스_모레_확인" time="6.864"/>
</testsuite> <!-- Test_Project -->
