<?xml version="1.0" encoding="UTF-8"?>
<testng-results ignored="0" total="2" passed="2" failed="0" skipped="0">
  <reporter-output>
  </reporter-output>
  <suite started-at="2021-08-01T19:19:25 KST" name="ExtentReport" finished-at="2021-08-01T19:21:01 KST" duration-ms="96303">
    <groups>
    </groups>
    <test started-at="2021-08-01T19:19:25 KST" name="Test_Project" finished-at="2021-08-01T19:21:01 KST" duration-ms="96303">
      <class name="Chips_008_CarLife.CarLife_01_스타벅스">
        <test-method is-config="true" signature="setupClass(java.lang.String,java.lang.String,java.lang.String,java.lang.String,java.lang.String,java.lang.String,java.lang.String,java.lang.String,java.lang.String,java.lang.String,java.lang.String,java.lang.String)[pri:0, instance:Chips_008_CarLife.CarLife_01_스타벅스@2d29b4ee]" started-at="2021-08-01T19:19:25 KST" name="setupClass" finished-at="2021-08-01T19:19:42 KST" duration-ms="17657" status="PASS">
          <params>
            <param index="0">
              <value>
                <![CDATA[Android]]>
              </value>
            </param>
            <param index="1">
              <value>
                <![CDATA[Chips]]>
              </value>
            </param>
            <param index="2">
              <value>
                <![CDATA[http://0.0.0.0:4723/wd/hub]]>
              </value>
            </param>
            <param index="3">
              <value>
                <![CDATA[RTG]]>
              </value>
            </param>
            <param index="4">
              <value>
                <![CDATA[Chips]]>
              </value>
            </param>
            <param index="5">
              <value>
                <![CDATA[out]]>
              </value>
            </param>
            <param index="6">
              <value>
                <![CDATA[ce06171633774e37027e]]>
              </value>
            </param>
            <param index="7">
              <value>
                <![CDATA[ALDF3NYA6C0D0C654DD2]]>
              </value>
            </param>
            <param index="8">
              <value>
                <![CDATA[ALDF5TR5SNGZ8175DA16]]>
              </value>
            </param>
            <param index="9">
              <value>
                <![CDATA[ALDFH3D1Q7W6071EFE41]]>
              </value>
            </param>
            <param index="10">
              <value>
                <![CDATA[ALDFHFMQC3RB935B4B02]]>
              </value>
            </param>
            <param index="11">
              <value>
                <![CDATA[ALDFHFMSG34WDF6CD40E]]>
              </value>
            </param>
          </params>
          <reporter-output>
          </reporter-output>
        </test-method> <!-- setupClass -->
        <test-method is-config="true" signature="BeforeMethod(java.lang.reflect.Method)[pri:0, instance:Chips_008_CarLife.CarLife_01_스타벅스@2d29b4ee]" started-at="2021-08-01T19:19:42 KST" name="BeforeMethod" finished-at="2021-08-01T19:19:42 KST" duration-ms="7" status="PASS">
          <params>
            <param index="0">
              <value>
                <![CDATA[public void Chips_008_CarLife.CarLife_01_스타벅스.TC_0000_앱실행과AccessToken얻기(java.lang.reflect.Method) throws java.lang.Exception]]>
              </value>
            </param>
          </params>
          <reporter-output>
          </reporter-output>
        </test-method> <!-- BeforeMethod -->
        <test-method signature="TC_0000_앱실행과AccessToken얻기(java.lang.reflect.Method)[pri:0, instance:Chips_008_CarLife.CarLife_01_스타벅스@2d29b4ee]" started-at="2021-08-01T19:19:42 KST" name="TC_0000_앱실행과AccessToken얻기" description="칩스 리그레이션 TC : 실행_0000" finished-at="2021-08-01T19:20:39 KST" duration-ms="56389" status="PASS">
          <params>
            <param index="0">
              <value>
                <![CDATA[public void Chips_008_CarLife.CarLife_01_스타벅스.TC_0000_앱실행과AccessToken얻기(java.lang.reflect.Method) throws java.lang.Exception]]>
              </value>
            </param>
          </params>
          <reporter-output>
          </reporter-output>
        </test-method> <!-- TC_0000_앱실행과AccessToken얻기 -->
        <test-method is-config="true" signature="AfterMethod(org.testng.ITestResult)[pri:0, instance:Chips_008_CarLife.CarLife_01_스타벅스@2d29b4ee]" started-at="2021-08-01T19:20:39 KST" name="AfterMethod" finished-at="2021-08-01T19:20:39 KST" duration-ms="6" status="PASS">
          <params>
            <param index="0">
              <value>
                <![CDATA[[TestResult name=TC_0000_앱실행과AccessToken얻기 status=SUCCESS method=CarLife_01_스타벅스.TC_0000_앱실행과AccessToken얻기(java.lang.reflect.Method)[pri:0, instance:Chips_008_CarLife.CarLife_01_스타벅스@2d29b4ee] output={null}]]]>
              </value>
            </param>
          </params>
          <reporter-output>
          </reporter-output>
        </test-method> <!-- AfterMethod -->
        <test-method signature="TC_1243_스타벅스_미지원_확인(java.lang.reflect.Method)[pri:0, instance:Chips_008_CarLife.CarLife_01_스타벅스@2d29b4ee]" started-at="2021-08-01T19:20:39 KST" name="TC_1243_스타벅스_미지원_확인" description="칩스 리그레이션 TC : 실행_1243" finished-at="2021-08-01T19:20:57 KST" duration-ms="18298" status="PASS">
          <params>
            <param index="0">
              <value>
                <![CDATA[public void Chips_008_CarLife.CarLife_01_스타벅스.TC_1243_스타벅스_미지원_확인(java.lang.reflect.Method) throws java.lang.Exception]]>
              </value>
            </param>
          </params>
          <reporter-output>
          </reporter-output>
        </test-method> <!-- TC_1243_스타벅스_미지원_확인 -->
        <test-method is-config="true" signature="BeforeMethod(java.lang.reflect.Method)[pri:0, instance:Chips_008_CarLife.CarLife_01_스타벅스@2d29b4ee]" started-at="2021-08-01T19:20:39 KST" name="BeforeMethod" finished-at="2021-08-01T19:20:39 KST" duration-ms="0" status="PASS">
          <params>
            <param index="0">
              <value>
                <![CDATA[public void Chips_008_CarLife.CarLife_01_스타벅스.TC_1243_스타벅스_미지원_확인(java.lang.reflect.Method) throws java.lang.Exception]]>
              </value>
            </param>
          </params>
          <reporter-output>
          </reporter-output>
        </test-method> <!-- BeforeMethod -->
        <test-method is-config="true" signature="AfterMethod(org.testng.ITestResult)[pri:0, instance:Chips_008_CarLife.CarLife_01_스타벅스@2d29b4ee]" started-at="2021-08-01T19:20:57 KST" name="AfterMethod" finished-at="2021-08-01T19:20:57 KST" duration-ms="11" status="PASS">
          <params>
            <param index="0">
              <value>
                <![CDATA[[TestResult name=TC_1243_스타벅스_미지원_확인 status=SUCCESS method=CarLife_01_스타벅스.TC_1243_스타벅스_미지원_확인(java.lang.reflect.Method)[pri:0, instance:Chips_008_CarLife.CarLife_01_스타벅스@2d29b4ee] output={null}]]]>
              </value>
            </param>
          </params>
          <reporter-output>
          </reporter-output>
        </test-method> <!-- AfterMethod -->
        <test-method is-config="true" signature="tearDownClass(java.lang.String,java.lang.String,java.lang.String,java.lang.String,java.lang.String,java.lang.String,java.lang.String,java.lang.String,java.lang.String)[pri:0, instance:Chips_008_CarLife.CarLife_01_스타벅스@2d29b4ee]" started-at="2021-08-01T19:20:57 KST" name="tearDownClass" finished-at="2021-08-01T19:21:01 KST" duration-ms="3899" status="PASS">
          <params>
            <param index="0">
              <value>
                <![CDATA[RTG]]>
              </value>
            </param>
            <param index="1">
              <value>
                <![CDATA[Chips]]>
              </value>
            </param>
            <param index="2">
              <value>
                <![CDATA[out]]>
              </value>
            </param>
            <param index="3">
              <value>
                <![CDATA[ce06171633774e37027e]]>
              </value>
            </param>
            <param index="4">
              <value>
                <![CDATA[ALDF3NYA6C0D0C654DD2]]>
              </value>
            </param>
            <param index="5">
              <value>
                <![CDATA[ALDF5TR5SNGZ8175DA16]]>
              </value>
            </param>
            <param index="6">
              <value>
                <![CDATA[ALDFH3D1Q7W6071EFE41]]>
              </value>
            </param>
            <param index="7">
              <value>
                <![CDATA[ALDFHFMQC3RB935B4B02]]>
              </value>
            </param>
            <param index="8">
              <value>
                <![CDATA[ALDFHFMSG34WDF6CD40E]]>
              </value>
            </param>
          </params>
          <reporter-output>
          </reporter-output>
        </test-method> <!-- tearDownClass -->
      </class> <!-- Chips_008_CarLife.CarLife_01_스타벅스 -->
    </test> <!-- Test_Project -->
  </suite> <!-- ExtentReport -->
</testng-results>
