<?xml version="1.0" encoding="UTF-8"?>
<testng-results ignored="0" total="9" passed="9" failed="0" skipped="0">
  <reporter-output>
  </reporter-output>
  <suite started-at="2021-07-30T09:28:39 KST" name="ExtentReport" finished-at="2021-07-30T09:32:38 KST" duration-ms="238757">
    <groups>
    </groups>
    <test started-at="2021-07-30T09:28:39 KST" name="Test_Project" finished-at="2021-07-30T09:32:38 KST" duration-ms="238757">
      <class name="Chips_001_기본기능.기본기능_01_기본기능">
        <test-method is-config="true" signature="setupClass(java.lang.String,java.lang.String,java.lang.String,java.lang.String,java.lang.String,java.lang.String,java.lang.String,java.lang.String,java.lang.String,java.lang.String,java.lang.String,java.lang.String)[pri:0, instance:Chips_001_기본기능.기본기능_01_기본기능@565f390]" started-at="2021-07-30T09:28:39 KST" name="setupClass" finished-at="2021-07-30T09:29:02 KST" duration-ms="23204" status="PASS">
          <params>
            <param index="0">
              <value>
                <![CDATA[Android]]>
              </value>
            </param>
            <param index="1">
              <value>
                <![CDATA[Chips]]>
              </value>
            </param>
            <param index="2">
              <value>
                <![CDATA[http://0.0.0.0:4723/wd/hub]]>
              </value>
            </param>
            <param index="3">
              <value>
                <![CDATA[RTG]]>
              </value>
            </param>
            <param index="4">
              <value>
                <![CDATA[Chips]]>
              </value>
            </param>
            <param index="5">
              <value>
                <![CDATA[out]]>
              </value>
            </param>
            <param index="6">
              <value>
                <![CDATA[ce06171633774e37027e]]>
              </value>
            </param>
            <param index="7">
              <value>
                <![CDATA[ALDF3NYA6C0D0C654DD2]]>
              </value>
            </param>
            <param index="8">
              <value>
                <![CDATA[ALDF5TR5SNGZ8175DA16]]>
              </value>
            </param>
            <param index="9">
              <value>
                <![CDATA[ALDFH3D1Q7W6071EFE41]]>
              </value>
            </param>
            <param index="10">
              <value>
                <![CDATA[ALDFHFMQC3RB935B4B02]]>
              </value>
            </param>
            <param index="11">
              <value>
                <![CDATA[ALDFHFMSG34WDF6CD40E]]>
              </value>
            </param>
          </params>
          <reporter-output>
          </reporter-output>
        </test-method> <!-- setupClass -->
        <test-method is-config="true" signature="BeforeMethod(java.lang.reflect.Method)[pri:0, instance:Chips_001_기본기능.기본기능_01_기본기능@565f390]" started-at="2021-07-30T09:29:02 KST" name="BeforeMethod" finished-at="2021-07-30T09:29:02 KST" duration-ms="7" status="PASS">
          <params>
            <param index="0">
              <value>
                <![CDATA[public void Chips_001_기본기능.기본기능_01_기본기능.TC_0000_앱실행과AccessToken얻기(java.lang.reflect.Method) throws java.lang.Exception]]>
              </value>
            </param>
          </params>
          <reporter-output>
          </reporter-output>
        </test-method> <!-- BeforeMethod -->
        <test-method signature="TC_0000_앱실행과AccessToken얻기(java.lang.reflect.Method)[pri:0, instance:Chips_001_기본기능.기본기능_01_기본기능@565f390]" started-at="2021-07-30T09:29:02 KST" name="TC_0000_앱실행과AccessToken얻기" description="칩스 리그레이션 TC : 실행_0000" finished-at="2021-07-30T09:30:02 KST" duration-ms="60155" status="PASS">
          <params>
            <param index="0">
              <value>
                <![CDATA[public void Chips_001_기본기능.기본기능_01_기본기능.TC_0000_앱실행과AccessToken얻기(java.lang.reflect.Method) throws java.lang.Exception]]>
              </value>
            </param>
          </params>
          <reporter-output>
          </reporter-output>
        </test-method> <!-- TC_0000_앱실행과AccessToken얻기 -->
        <test-method is-config="true" signature="AfterMethod(org.testng.ITestResult)[pri:0, instance:Chips_001_기본기능.기본기능_01_기본기능@565f390]" started-at="2021-07-30T09:30:02 KST" name="AfterMethod" finished-at="2021-07-30T09:30:02 KST" duration-ms="16" status="PASS">
          <params>
            <param index="0">
              <value>
                <![CDATA[[TestResult name=TC_0000_앱실행과AccessToken얻기 status=SUCCESS method=기본기능_01_기본기능.TC_0000_앱실행과AccessToken얻기(java.lang.reflect.Method)[pri:0, instance:Chips_001_기본기능.기본기능_01_기본기능@565f390] output={null}]]]>
              </value>
            </param>
          </params>
          <reporter-output>
          </reporter-output>
        </test-method> <!-- AfterMethod -->
        <test-method is-config="true" signature="BeforeMethod(java.lang.reflect.Method)[pri:0, instance:Chips_001_기본기능.기본기능_01_기본기능@565f390]" started-at="2021-07-30T09:30:02 KST" name="BeforeMethod" finished-at="2021-07-30T09:30:02 KST" duration-ms="1" status="PASS">
          <params>
            <param index="0">
              <value>
                <![CDATA[public void Chips_001_기본기능.기본기능_01_기본기능.TC_0009_MIC버튼호출(java.lang.reflect.Method) throws java.lang.Exception]]>
              </value>
            </param>
          </params>
          <reporter-output>
          </reporter-output>
        </test-method> <!-- BeforeMethod -->
        <test-method signature="TC_0009_MIC버튼호출(java.lang.reflect.Method)[pri:0, instance:Chips_001_기본기능.기본기능_01_기본기능@565f390]" started-at="2021-07-30T09:30:02 KST" name="TC_0009_MIC버튼호출" description="칩스 리그레이션 TC : 실행_0009" finished-at="2021-07-30T09:30:06 KST" duration-ms="3403" status="PASS">
          <params>
            <param index="0">
              <value>
                <![CDATA[public void Chips_001_기본기능.기본기능_01_기본기능.TC_0009_MIC버튼호출(java.lang.reflect.Method) throws java.lang.Exception]]>
              </value>
            </param>
          </params>
          <reporter-output>
          </reporter-output>
        </test-method> <!-- TC_0009_MIC버튼호출 -->
        <test-method is-config="true" signature="AfterMethod(org.testng.ITestResult)[pri:0, instance:Chips_001_기본기능.기본기능_01_기본기능@565f390]" started-at="2021-07-30T09:30:06 KST" name="AfterMethod" finished-at="2021-07-30T09:30:06 KST" duration-ms="14" status="PASS">
          <params>
            <param index="0">
              <value>
                <![CDATA[[TestResult name=TC_0009_MIC버튼호출 status=SUCCESS method=기본기능_01_기본기능.TC_0009_MIC버튼호출(java.lang.reflect.Method)[pri:0, instance:Chips_001_기본기능.기본기능_01_기본기능@565f390] output={null}]]]>
              </value>
            </param>
          </params>
          <reporter-output>
          </reporter-output>
        </test-method> <!-- AfterMethod -->
        <test-method is-config="true" signature="BeforeMethod(java.lang.reflect.Method)[pri:0, instance:Chips_001_기본기능.기본기능_01_기본기능@565f390]" started-at="2021-07-30T09:30:06 KST" name="BeforeMethod" finished-at="2021-07-30T09:30:06 KST" duration-ms="1" status="PASS">
          <params>
            <param index="0">
              <value>
                <![CDATA[public void Chips_001_기본기능.기본기능_01_기본기능.TC_0068_베터리잔량_발화체크(java.lang.reflect.Method) throws java.lang.Exception]]>
              </value>
            </param>
          </params>
          <reporter-output>
          </reporter-output>
        </test-method> <!-- BeforeMethod -->
        <test-method signature="TC_0068_베터리잔량_발화체크(java.lang.reflect.Method)[pri:0, instance:Chips_001_기본기능.기본기능_01_기본기능@565f390]" started-at="2021-07-30T09:30:06 KST" name="TC_0068_베터리잔량_발화체크" description="칩스 리그레이션 TC : 실행_0068" finished-at="2021-07-30T09:30:24 KST" duration-ms="18224" status="PASS">
          <params>
            <param index="0">
              <value>
                <![CDATA[public void Chips_001_기본기능.기본기능_01_기본기능.TC_0068_베터리잔량_발화체크(java.lang.reflect.Method) throws java.lang.Exception]]>
              </value>
            </param>
          </params>
          <reporter-output>
          </reporter-output>
        </test-method> <!-- TC_0068_베터리잔량_발화체크 -->
        <test-method is-config="true" signature="AfterMethod(org.testng.ITestResult)[pri:0, instance:Chips_001_기본기능.기본기능_01_기본기능@565f390]" started-at="2021-07-30T09:30:24 KST" name="AfterMethod" finished-at="2021-07-30T09:30:24 KST" duration-ms="9" status="PASS">
          <params>
            <param index="0">
              <value>
                <![CDATA[[TestResult name=TC_0068_베터리잔량_발화체크 status=SUCCESS method=기본기능_01_기본기능.TC_0068_베터리잔량_발화체크(java.lang.reflect.Method)[pri:0, instance:Chips_001_기본기능.기본기능_01_기본기능@565f390] output={null}]]]>
              </value>
            </param>
          </params>
          <reporter-output>
          </reporter-output>
        </test-method> <!-- AfterMethod -->
        <test-method is-config="true" signature="BeforeMethod(java.lang.reflect.Method)[pri:0, instance:Chips_001_기본기능.기본기능_01_기본기능@565f390]" started-at="2021-07-30T09:30:24 KST" name="BeforeMethod" finished-at="2021-07-30T09:30:24 KST" duration-ms="1" status="PASS">
          <params>
            <param index="0">
              <value>
                <![CDATA[public void Chips_001_기본기능.기본기능_01_기본기능.TC_0069_베터리잔량_발화체크(java.lang.reflect.Method) throws java.lang.Exception]]>
              </value>
            </param>
          </params>
          <reporter-output>
          </reporter-output>
        </test-method> <!-- BeforeMethod -->
        <test-method signature="TC_0069_베터리잔량_발화체크(java.lang.reflect.Method)[pri:0, instance:Chips_001_기본기능.기본기능_01_기본기능@565f390]" started-at="2021-07-30T09:30:24 KST" name="TC_0069_베터리잔량_발화체크" description="칩스 리그레이션 TC : 실행_0069" finished-at="2021-07-30T09:30:42 KST" duration-ms="18204" status="PASS">
          <params>
            <param index="0">
              <value>
                <![CDATA[public void Chips_001_기본기능.기본기능_01_기본기능.TC_0069_베터리잔량_발화체크(java.lang.reflect.Method) throws java.lang.Exception]]>
              </value>
            </param>
          </params>
          <reporter-output>
          </reporter-output>
        </test-method> <!-- TC_0069_베터리잔량_발화체크 -->
        <test-method is-config="true" signature="AfterMethod(org.testng.ITestResult)[pri:0, instance:Chips_001_기본기능.기본기능_01_기본기능@565f390]" started-at="2021-07-30T09:30:42 KST" name="AfterMethod" finished-at="2021-07-30T09:30:42 KST" duration-ms="17" status="PASS">
          <params>
            <param index="0">
              <value>
                <![CDATA[[TestResult name=TC_0069_베터리잔량_발화체크 status=SUCCESS method=기본기능_01_기본기능.TC_0069_베터리잔량_발화체크(java.lang.reflect.Method)[pri:0, instance:Chips_001_기본기능.기본기능_01_기본기능@565f390] output={null}]]]>
              </value>
            </param>
          </params>
          <reporter-output>
          </reporter-output>
        </test-method> <!-- AfterMethod -->
        <test-method is-config="true" signature="BeforeMethod(java.lang.reflect.Method)[pri:0, instance:Chips_001_기본기능.기본기능_01_기본기능@565f390]" started-at="2021-07-30T09:30:42 KST" name="BeforeMethod" finished-at="2021-07-30T09:30:42 KST" duration-ms="1" status="PASS">
          <params>
            <param index="0">
              <value>
                <![CDATA[public void Chips_001_기본기능.기본기능_01_기본기능.TC_0079_전원제어_발화체크(java.lang.reflect.Method) throws java.lang.Exception]]>
              </value>
            </param>
          </params>
          <reporter-output>
          </reporter-output>
        </test-method> <!-- BeforeMethod -->
        <test-method signature="TC_0079_전원제어_발화체크(java.lang.reflect.Method)[pri:0, instance:Chips_001_기본기능.기본기능_01_기본기능@565f390]" started-at="2021-07-30T09:30:42 KST" name="TC_0079_전원제어_발화체크" description="칩스 리그레이션 TC : 실행_0079" finished-at="2021-07-30T09:31:00 KST" duration-ms="18182" status="PASS">
          <params>
            <param index="0">
              <value>
                <![CDATA[public void Chips_001_기본기능.기본기능_01_기본기능.TC_0079_전원제어_발화체크(java.lang.reflect.Method) throws java.lang.Exception]]>
              </value>
            </param>
          </params>
          <reporter-output>
          </reporter-output>
        </test-method> <!-- TC_0079_전원제어_발화체크 -->
        <test-method is-config="true" signature="AfterMethod(org.testng.ITestResult)[pri:0, instance:Chips_001_기본기능.기본기능_01_기본기능@565f390]" started-at="2021-07-30T09:31:00 KST" name="AfterMethod" finished-at="2021-07-30T09:31:00 KST" duration-ms="25" status="PASS">
          <params>
            <param index="0">
              <value>
                <![CDATA[[TestResult name=TC_0079_전원제어_발화체크 status=SUCCESS method=기본기능_01_기본기능.TC_0079_전원제어_발화체크(java.lang.reflect.Method)[pri:0, instance:Chips_001_기본기능.기본기능_01_기본기능@565f390] output={null}]]]>
              </value>
            </param>
          </params>
          <reporter-output>
          </reporter-output>
        </test-method> <!-- AfterMethod -->
        <test-method is-config="true" signature="BeforeMethod(java.lang.reflect.Method)[pri:0, instance:Chips_001_기본기능.기본기능_01_기본기능@565f390]" started-at="2021-07-30T09:31:00 KST" name="BeforeMethod" finished-at="2021-07-30T09:31:00 KST" duration-ms="0" status="PASS">
          <params>
            <param index="0">
              <value>
                <![CDATA[public void Chips_001_기본기능.기본기능_01_기본기능.TC_0091_환경설정_발화체크(java.lang.reflect.Method) throws java.lang.Exception]]>
              </value>
            </param>
          </params>
          <reporter-output>
          </reporter-output>
        </test-method> <!-- BeforeMethod -->
        <test-method signature="TC_0091_환경설정_발화체크(java.lang.reflect.Method)[pri:0, instance:Chips_001_기본기능.기본기능_01_기본기능@565f390]" started-at="2021-07-30T09:31:00 KST" name="TC_0091_환경설정_발화체크" description="칩스 리그레이션 TC : 실행_0091" finished-at="2021-07-30T09:31:19 KST" duration-ms="18235" status="PASS">
          <params>
            <param index="0">
              <value>
                <![CDATA[public void Chips_001_기본기능.기본기능_01_기본기능.TC_0091_환경설정_발화체크(java.lang.reflect.Method) throws java.lang.Exception]]>
              </value>
            </param>
          </params>
          <reporter-output>
          </reporter-output>
        </test-method> <!-- TC_0091_환경설정_발화체크 -->
        <test-method is-config="true" signature="AfterMethod(org.testng.ITestResult)[pri:0, instance:Chips_001_기본기능.기본기능_01_기본기능@565f390]" started-at="2021-07-30T09:31:19 KST" name="AfterMethod" finished-at="2021-07-30T09:31:19 KST" duration-ms="12" status="PASS">
          <params>
            <param index="0">
              <value>
                <![CDATA[[TestResult name=TC_0091_환경설정_발화체크 status=SUCCESS method=기본기능_01_기본기능.TC_0091_환경설정_발화체크(java.lang.reflect.Method)[pri:0, instance:Chips_001_기본기능.기본기능_01_기본기능@565f390] output={null}]]]>
              </value>
            </param>
          </params>
          <reporter-output>
          </reporter-output>
        </test-method> <!-- AfterMethod -->
        <test-method is-config="true" signature="BeforeMethod(java.lang.reflect.Method)[pri:0, instance:Chips_001_기본기능.기본기능_01_기본기능@565f390]" started-at="2021-07-30T09:31:19 KST" name="BeforeMethod" finished-at="2021-07-30T09:31:19 KST" duration-ms="0" status="PASS">
          <params>
            <param index="0">
              <value>
                <![CDATA[public void Chips_001_기본기능.기본기능_01_기본기능.TC_0094_미디어재생중_환경설정_발화체크(java.lang.reflect.Method) throws java.lang.Exception]]>
              </value>
            </param>
          </params>
          <reporter-output>
          </reporter-output>
        </test-method> <!-- BeforeMethod -->
        <test-method signature="TC_0094_미디어재생중_환경설정_발화체크(java.lang.reflect.Method)[pri:0, instance:Chips_001_기본기능.기본기능_01_기본기능@565f390]" started-at="2021-07-30T09:31:19 KST" name="TC_0094_미디어재생중_환경설정_발화체크" description="칩스 리그레이션 TC : 실행_0094" finished-at="2021-07-30T09:31:58 KST" duration-ms="38890" status="PASS">
          <params>
            <param index="0">
              <value>
                <![CDATA[public void Chips_001_기본기능.기본기능_01_기본기능.TC_0094_미디어재생중_환경설정_발화체크(java.lang.reflect.Method) throws java.lang.Exception]]>
              </value>
            </param>
          </params>
          <reporter-output>
          </reporter-output>
        </test-method> <!-- TC_0094_미디어재생중_환경설정_발화체크 -->
        <test-method is-config="true" signature="AfterMethod(org.testng.ITestResult)[pri:0, instance:Chips_001_기본기능.기본기능_01_기본기능@565f390]" started-at="2021-07-30T09:31:58 KST" name="AfterMethod" finished-at="2021-07-30T09:31:58 KST" duration-ms="31" status="PASS">
          <params>
            <param index="0">
              <value>
                <![CDATA[[TestResult name=TC_0094_미디어재생중_환경설정_발화체크 status=SUCCESS method=기본기능_01_기본기능.TC_0094_미디어재생중_환경설정_발화체크(java.lang.reflect.Method)[pri:0, instance:Chips_001_기본기능.기본기능_01_기본기능@565f390] output={null}]]]>
              </value>
            </param>
          </params>
          <reporter-output>
          </reporter-output>
        </test-method> <!-- AfterMethod -->
        <test-method is-config="true" signature="BeforeMethod(java.lang.reflect.Method)[pri:0, instance:Chips_001_기본기능.기본기능_01_기본기능@565f390]" started-at="2021-07-30T09:31:58 KST" name="BeforeMethod" finished-at="2021-07-30T09:31:58 KST" duration-ms="1" status="PASS">
          <params>
            <param index="0">
              <value>
                <![CDATA[public void Chips_001_기본기능.기본기능_01_기본기능.TC_0098_홈화면변경_발화체크(java.lang.reflect.Method) throws java.lang.Exception]]>
              </value>
            </param>
          </params>
          <reporter-output>
          </reporter-output>
        </test-method> <!-- BeforeMethod -->
        <test-method signature="TC_0098_홈화면변경_발화체크(java.lang.reflect.Method)[pri:0, instance:Chips_001_기본기능.기본기능_01_기본기능@565f390]" started-at="2021-07-30T09:31:58 KST" name="TC_0098_홈화면변경_발화체크" description="칩스 리그레이션 TC : 실행_0098" finished-at="2021-07-30T09:32:16 KST" duration-ms="18197" status="PASS">
          <params>
            <param index="0">
              <value>
                <![CDATA[public void Chips_001_기본기능.기본기능_01_기본기능.TC_0098_홈화면변경_발화체크(java.lang.reflect.Method) throws java.lang.Exception]]>
              </value>
            </param>
          </params>
          <reporter-output>
          </reporter-output>
        </test-method> <!-- TC_0098_홈화면변경_발화체크 -->
        <test-method is-config="true" signature="AfterMethod(org.testng.ITestResult)[pri:0, instance:Chips_001_기본기능.기본기능_01_기본기능@565f390]" started-at="2021-07-30T09:32:16 KST" name="AfterMethod" finished-at="2021-07-30T09:32:16 KST" duration-ms="17" status="PASS">
          <params>
            <param index="0">
              <value>
                <![CDATA[[TestResult name=TC_0098_홈화면변경_발화체크 status=SUCCESS method=기본기능_01_기본기능.TC_0098_홈화면변경_발화체크(java.lang.reflect.Method)[pri:0, instance:Chips_001_기본기능.기본기능_01_기본기능@565f390] output={null}]]]>
              </value>
            </param>
          </params>
          <reporter-output>
          </reporter-output>
        </test-method> <!-- AfterMethod -->
        <test-method signature="TC_0115_나이트모드_발화체크(java.lang.reflect.Method)[pri:0, instance:Chips_001_기본기능.기본기능_01_기본기능@565f390]" started-at="2021-07-30T09:32:16 KST" name="TC_0115_나이트모드_발화체크" description="칩스 리그레이션 TC : 실행_0115" finished-at="2021-07-30T09:32:34 KST" duration-ms="18242" status="PASS">
          <params>
            <param index="0">
              <value>
                <![CDATA[public void Chips_001_기본기능.기본기능_01_기본기능.TC_0115_나이트모드_발화체크(java.lang.reflect.Method) throws java.lang.Exception]]>
              </value>
            </param>
          </params>
          <reporter-output>
          </reporter-output>
        </test-method> <!-- TC_0115_나이트모드_발화체크 -->
        <test-method is-config="true" signature="BeforeMethod(java.lang.reflect.Method)[pri:0, instance:Chips_001_기본기능.기본기능_01_기본기능@565f390]" started-at="2021-07-30T09:32:16 KST" name="BeforeMethod" finished-at="2021-07-30T09:32:16 KST" duration-ms="0" status="PASS">
          <params>
            <param index="0">
              <value>
                <![CDATA[public void Chips_001_기본기능.기본기능_01_기본기능.TC_0115_나이트모드_발화체크(java.lang.reflect.Method) throws java.lang.Exception]]>
              </value>
            </param>
          </params>
          <reporter-output>
          </reporter-output>
        </test-method> <!-- BeforeMethod -->
        <test-method is-config="true" signature="AfterMethod(org.testng.ITestResult)[pri:0, instance:Chips_001_기본기능.기본기능_01_기본기능@565f390]" started-at="2021-07-30T09:32:34 KST" name="AfterMethod" finished-at="2021-07-30T09:32:34 KST" duration-ms="21" status="PASS">
          <params>
            <param index="0">
              <value>
                <![CDATA[[TestResult name=TC_0115_나이트모드_발화체크 status=SUCCESS method=기본기능_01_기본기능.TC_0115_나이트모드_발화체크(java.lang.reflect.Method)[pri:0, instance:Chips_001_기본기능.기본기능_01_기본기능@565f390] output={null}]]]>
              </value>
            </param>
          </params>
          <reporter-output>
          </reporter-output>
        </test-method> <!-- AfterMethod -->
        <test-method is-config="true" signature="tearDownClass(java.lang.String,java.lang.String,java.lang.String,java.lang.String,java.lang.String,java.lang.String,java.lang.String,java.lang.String,java.lang.String)[pri:0, instance:Chips_001_기본기능.기본기능_01_기본기능@565f390]" started-at="2021-07-30T09:32:34 KST" name="tearDownClass" finished-at="2021-07-30T09:32:38 KST" duration-ms="3573" status="PASS">
          <params>
            <param index="0">
              <value>
                <![CDATA[RTG]]>
              </value>
            </param>
            <param index="1">
              <value>
                <![CDATA[Chips]]>
              </value>
            </param>
            <param index="2">
              <value>
                <![CDATA[out]]>
              </value>
            </param>
            <param index="3">
              <value>
                <![CDATA[ce06171633774e37027e]]>
              </value>
            </param>
            <param index="4">
              <value>
                <![CDATA[ALDF3NYA6C0D0C654DD2]]>
              </value>
            </param>
            <param index="5">
              <value>
                <![CDATA[ALDF5TR5SNGZ8175DA16]]>
              </value>
            </param>
            <param index="6">
              <value>
                <![CDATA[ALDFH3D1Q7W6071EFE41]]>
              </value>
            </param>
            <param index="7">
              <value>
                <![CDATA[ALDFHFMQC3RB935B4B02]]>
              </value>
            </param>
            <param index="8">
              <value>
                <![CDATA[ALDFHFMSG34WDF6CD40E]]>
              </value>
            </param>
          </params>
          <reporter-output>
          </reporter-output>
        </test-method> <!-- tearDownClass -->
      </class> <!-- Chips_001_기본기능.기본기능_01_기본기능 -->
    </test> <!-- Test_Project -->
  </suite> <!-- ExtentReport -->
</testng-results>
