<?xml version="1.0" encoding="UTF-8"?>
<testng-results ignored="0" total="3" passed="3" failed="0" skipped="0">
  <reporter-output>
  </reporter-output>
  <suite started-at="2021-07-19T21:50:42 KST" name="ExtentReport" finished-at="2021-07-19T21:52:31 KST" duration-ms="109241">
    <groups>
    </groups>
    <test started-at="2021-07-19T21:50:42 KST" name="Test_Project" finished-at="2021-07-19T21:52:31 KST" duration-ms="109241">
      <class name="Chips_004_생활정보.생활정보_06_날씨_현재기온">
        <test-method is-config="true" signature="setupClass(java.lang.String,java.lang.String,java.lang.String,java.lang.String,java.lang.String,java.lang.String,java.lang.String,java.lang.String,java.lang.String,java.lang.String,java.lang.String,java.lang.String)[pri:0, instance:Chips_004_생활정보.생활정보_06_날씨_현재기온@6e2aa843]" started-at="2021-07-19T21:50:42 KST" name="setupClass" finished-at="2021-07-19T21:50:58 KST" duration-ms="16646" status="PASS">
          <params>
            <param index="0">
              <value>
                <![CDATA[Android]]>
              </value>
            </param>
            <param index="1">
              <value>
                <![CDATA[Chips]]>
              </value>
            </param>
            <param index="2">
              <value>
                <![CDATA[http://0.0.0.0:4723/wd/hub]]>
              </value>
            </param>
            <param index="3">
              <value>
                <![CDATA[RTG]]>
              </value>
            </param>
            <param index="4">
              <value>
                <![CDATA[Chips]]>
              </value>
            </param>
            <param index="5">
              <value>
                <![CDATA[out]]>
              </value>
            </param>
            <param index="6">
              <value>
                <![CDATA[ce06171633774e37027e]]>
              </value>
            </param>
            <param index="7">
              <value>
                <![CDATA[ALDF3NYA6C0D0C654DD2]]>
              </value>
            </param>
            <param index="8">
              <value>
                <![CDATA[ALDF5TR5SNGZ8175DA16]]>
              </value>
            </param>
            <param index="9">
              <value>
                <![CDATA[ALDFH3D1Q7W6071EFE41]]>
              </value>
            </param>
            <param index="10">
              <value>
                <![CDATA[ALDFHFMQC3RB935B4B02]]>
              </value>
            </param>
            <param index="11">
              <value>
                <![CDATA[ALDFHFMSG34WDF6CD40E]]>
              </value>
            </param>
          </params>
          <reporter-output>
          </reporter-output>
        </test-method> <!-- setupClass -->
        <test-method is-config="true" signature="BeforeMethod(java.lang.reflect.Method)[pri:0, instance:Chips_004_생활정보.생활정보_06_날씨_현재기온@6e2aa843]" started-at="2021-07-19T21:50:58 KST" name="BeforeMethod" finished-at="2021-07-19T21:50:58 KST" duration-ms="7" status="PASS">
          <params>
            <param index="0">
              <value>
                <![CDATA[public void Chips_004_생활정보.생활정보_06_날씨_현재기온.TC_0000_앱실행과AccessToken얻기(java.lang.reflect.Method) throws java.lang.Exception]]>
              </value>
            </param>
          </params>
          <reporter-output>
          </reporter-output>
        </test-method> <!-- BeforeMethod -->
        <test-method signature="TC_0000_앱실행과AccessToken얻기(java.lang.reflect.Method)[pri:0, instance:Chips_004_생활정보.생활정보_06_날씨_현재기온@6e2aa843]" started-at="2021-07-19T21:50:58 KST" name="TC_0000_앱실행과AccessToken얻기" description="칩스 리그레이션 TC : 실행_0000" finished-at="2021-07-19T21:51:57 KST" duration-ms="58790" status="PASS">
          <params>
            <param index="0">
              <value>
                <![CDATA[public void Chips_004_생활정보.생활정보_06_날씨_현재기온.TC_0000_앱실행과AccessToken얻기(java.lang.reflect.Method) throws java.lang.Exception]]>
              </value>
            </param>
          </params>
          <reporter-output>
          </reporter-output>
        </test-method> <!-- TC_0000_앱실행과AccessToken얻기 -->
        <test-method is-config="true" signature="AfterMethod(org.testng.ITestResult)[pri:0, instance:Chips_004_생활정보.생활정보_06_날씨_현재기온@6e2aa843]" started-at="2021-07-19T21:51:57 KST" name="AfterMethod" finished-at="2021-07-19T21:51:57 KST" duration-ms="11" status="PASS">
          <params>
            <param index="0">
              <value>
                <![CDATA[[TestResult name=TC_0000_앱실행과AccessToken얻기 status=SUCCESS method=생활정보_06_날씨_현재기온.TC_0000_앱실행과AccessToken얻기(java.lang.reflect.Method)[pri:0, instance:Chips_004_생활정보.생활정보_06_날씨_현재기온@6e2aa843] output={null}]]]>
              </value>
            </param>
          </params>
          <reporter-output>
          </reporter-output>
        </test-method> <!-- AfterMethod -->
        <test-method is-config="true" signature="BeforeMethod(java.lang.reflect.Method)[pri:0, instance:Chips_004_생활정보.생활정보_06_날씨_현재기온@6e2aa843]" started-at="2021-07-19T21:51:57 KST" name="BeforeMethod" finished-at="2021-07-19T21:51:57 KST" duration-ms="0" status="PASS">
          <params>
            <param index="0">
              <value>
                <![CDATA[public void Chips_004_생활정보.생활정보_06_날씨_현재기온.TC_0745_Chips_날씨_현재온도_추워_확인(java.lang.reflect.Method) throws java.lang.Exception]]>
              </value>
            </param>
          </params>
          <reporter-output>
          </reporter-output>
        </test-method> <!-- BeforeMethod -->
        <test-method signature="TC_0745_Chips_날씨_현재온도_추워_확인(java.lang.reflect.Method)[pri:0, instance:Chips_004_생활정보.생활정보_06_날씨_현재기온@6e2aa843]" started-at="2021-07-19T21:51:57 KST" name="TC_0745_Chips_날씨_현재온도_추워_확인" description="칩스 리그레이션 TC : 실행_0745" finished-at="2021-07-19T21:52:12 KST" duration-ms="15159" status="PASS">
          <params>
            <param index="0">
              <value>
                <![CDATA[public void Chips_004_생활정보.생활정보_06_날씨_현재기온.TC_0745_Chips_날씨_현재온도_추워_확인(java.lang.reflect.Method) throws java.lang.Exception]]>
              </value>
            </param>
          </params>
          <reporter-output>
          </reporter-output>
        </test-method> <!-- TC_0745_Chips_날씨_현재온도_추워_확인 -->
        <test-method is-config="true" signature="AfterMethod(org.testng.ITestResult)[pri:0, instance:Chips_004_생활정보.생활정보_06_날씨_현재기온@6e2aa843]" started-at="2021-07-19T21:52:12 KST" name="AfterMethod" finished-at="2021-07-19T21:52:12 KST" duration-ms="9" status="PASS">
          <params>
            <param index="0">
              <value>
                <![CDATA[[TestResult name=TC_0745_Chips_날씨_현재온도_추워_확인 status=SUCCESS method=생활정보_06_날씨_현재기온.TC_0745_Chips_날씨_현재온도_추워_확인(java.lang.reflect.Method)[pri:0, instance:Chips_004_생활정보.생활정보_06_날씨_현재기온@6e2aa843] output={null}]]]>
              </value>
            </param>
          </params>
          <reporter-output>
          </reporter-output>
        </test-method> <!-- AfterMethod -->
        <test-method is-config="true" signature="BeforeMethod(java.lang.reflect.Method)[pri:0, instance:Chips_004_생활정보.생활정보_06_날씨_현재기온@6e2aa843]" started-at="2021-07-19T21:52:12 KST" name="BeforeMethod" finished-at="2021-07-19T21:52:12 KST" duration-ms="0" status="PASS">
          <params>
            <param index="0">
              <value>
                <![CDATA[public void Chips_004_생활정보.생활정보_06_날씨_현재기온.TC_0746_Chips_날씨_현재온도_더워_확인(java.lang.reflect.Method) throws java.lang.Exception]]>
              </value>
            </param>
          </params>
          <reporter-output>
          </reporter-output>
        </test-method> <!-- BeforeMethod -->
        <test-method signature="TC_0746_Chips_날씨_현재온도_더워_확인(java.lang.reflect.Method)[pri:0, instance:Chips_004_생활정보.생활정보_06_날씨_현재기온@6e2aa843]" started-at="2021-07-19T21:52:12 KST" name="TC_0746_Chips_날씨_현재온도_더워_확인" description="칩스 리그레이션 TC : 실행_0746" finished-at="2021-07-19T21:52:28 KST" duration-ms="15189" status="PASS">
          <params>
            <param index="0">
              <value>
                <![CDATA[public void Chips_004_생활정보.생활정보_06_날씨_현재기온.TC_0746_Chips_날씨_현재온도_더워_확인(java.lang.reflect.Method) throws java.lang.Exception]]>
              </value>
            </param>
          </params>
          <reporter-output>
          </reporter-output>
        </test-method> <!-- TC_0746_Chips_날씨_현재온도_더워_확인 -->
        <test-method is-config="true" signature="AfterMethod(org.testng.ITestResult)[pri:0, instance:Chips_004_생활정보.생활정보_06_날씨_현재기온@6e2aa843]" started-at="2021-07-19T21:52:28 KST" name="AfterMethod" finished-at="2021-07-19T21:52:28 KST" duration-ms="8" status="PASS">
          <params>
            <param index="0">
              <value>
                <![CDATA[[TestResult name=TC_0746_Chips_날씨_현재온도_더워_확인 status=SUCCESS method=생활정보_06_날씨_현재기온.TC_0746_Chips_날씨_현재온도_더워_확인(java.lang.reflect.Method)[pri:0, instance:Chips_004_생활정보.생활정보_06_날씨_현재기온@6e2aa843] output={null}]]]>
              </value>
            </param>
          </params>
          <reporter-output>
          </reporter-output>
        </test-method> <!-- AfterMethod -->
        <test-method is-config="true" signature="tearDownClass(java.lang.String,java.lang.String,java.lang.String,java.lang.String,java.lang.String,java.lang.String,java.lang.String,java.lang.String,java.lang.String)[pri:0, instance:Chips_004_생활정보.생활정보_06_날씨_현재기온@6e2aa843]" started-at="2021-07-19T21:52:28 KST" name="tearDownClass" finished-at="2021-07-19T21:52:31 KST" duration-ms="3380" status="PASS">
          <params>
            <param index="0">
              <value>
                <![CDATA[RTG]]>
              </value>
            </param>
            <param index="1">
              <value>
                <![CDATA[Chips]]>
              </value>
            </param>
            <param index="2">
              <value>
                <![CDATA[out]]>
              </value>
            </param>
            <param index="3">
              <value>
                <![CDATA[ce06171633774e37027e]]>
              </value>
            </param>
            <param index="4">
              <value>
                <![CDATA[ALDF3NYA6C0D0C654DD2]]>
              </value>
            </param>
            <param index="5">
              <value>
                <![CDATA[ALDF5TR5SNGZ8175DA16]]>
              </value>
            </param>
            <param index="6">
              <value>
                <![CDATA[ALDFH3D1Q7W6071EFE41]]>
              </value>
            </param>
            <param index="7">
              <value>
                <![CDATA[ALDFHFMQC3RB935B4B02]]>
              </value>
            </param>
            <param index="8">
              <value>
                <![CDATA[ALDFHFMSG34WDF6CD40E]]>
              </value>
            </param>
          </params>
          <reporter-output>
          </reporter-output>
        </test-method> <!-- tearDownClass -->
      </class> <!-- Chips_004_생활정보.생활정보_06_날씨_현재기온 -->
    </test> <!-- Test_Project -->
  </suite> <!-- ExtentReport -->
</testng-results>
