<?xml version="1.0" encoding="UTF-8"?>
<testng-results ignored="0" total="11" passed="8" failed="3" skipped="0">
  <reporter-output>
  </reporter-output>
  <suite started-at="2021-07-12T21:26:58 KST" name="ExtentReport" finished-at="2021-07-12T21:32:50 KST" duration-ms="351829">
    <groups>
    </groups>
    <test started-at="2021-07-12T21:26:58 KST" name="Test_Project" finished-at="2021-07-12T21:32:50 KST" duration-ms="351829">
      <class name="Chips_002_음원.음원_03_FLO_로그인">
        <test-method is-config="true" signature="setupClass(java.lang.String,java.lang.String,java.lang.String,java.lang.String,java.lang.String,java.lang.String,java.lang.String,java.lang.String,java.lang.String,java.lang.String,java.lang.String,java.lang.String)[pri:0, instance:Chips_002_음원.음원_03_FLO_로그인@2f67a4d3]" started-at="2021-07-12T21:26:58 KST" name="setupClass" finished-at="2021-07-12T21:27:16 KST" duration-ms="18082" status="PASS">
          <params>
            <param index="0">
              <value>
                <![CDATA[Android]]>
              </value>
            </param>
            <param index="1">
              <value>
                <![CDATA[Chips]]>
              </value>
            </param>
            <param index="2">
              <value>
                <![CDATA[http://0.0.0.0:4723/wd/hub]]>
              </value>
            </param>
            <param index="3">
              <value>
                <![CDATA[RTG]]>
              </value>
            </param>
            <param index="4">
              <value>
                <![CDATA[Chips]]>
              </value>
            </param>
            <param index="5">
              <value>
                <![CDATA[out]]>
              </value>
            </param>
            <param index="6">
              <value>
                <![CDATA[ce06171633774e37027e]]>
              </value>
            </param>
            <param index="7">
              <value>
                <![CDATA[ALDF3NYA6C0D0C654DD2]]>
              </value>
            </param>
            <param index="8">
              <value>
                <![CDATA[ALDF5TR5SNGZ8175DA16]]>
              </value>
            </param>
            <param index="9">
              <value>
                <![CDATA[ALDFH3D1Q7W6071EFE41]]>
              </value>
            </param>
            <param index="10">
              <value>
                <![CDATA[ALDFHFMQC3RB935B4B02]]>
              </value>
            </param>
            <param index="11">
              <value>
                <![CDATA[ALDFHFMSG34WDF6CD40E]]>
              </value>
            </param>
          </params>
          <reporter-output>
          </reporter-output>
        </test-method> <!-- setupClass -->
        <test-method is-config="true" signature="BeforeMethod(java.lang.reflect.Method)[pri:0, instance:Chips_002_음원.음원_03_FLO_로그인@2f67a4d3]" started-at="2021-07-12T21:27:16 KST" name="BeforeMethod" finished-at="2021-07-12T21:27:16 KST" duration-ms="7" status="PASS">
          <params>
            <param index="0">
              <value>
                <![CDATA[public void Chips_002_음원.음원_03_FLO_로그인.TC_0000_앱실행과AccessToken얻기(java.lang.reflect.Method) throws java.lang.Exception]]>
              </value>
            </param>
          </params>
          <reporter-output>
          </reporter-output>
        </test-method> <!-- BeforeMethod -->
        <test-method signature="TC_0000_앱실행과AccessToken얻기(java.lang.reflect.Method)[pri:0, instance:Chips_002_음원.음원_03_FLO_로그인@2f67a4d3]" started-at="2021-07-12T21:27:16 KST" name="TC_0000_앱실행과AccessToken얻기" description="칩스 리그레이션 TC : 실행_0000" finished-at="2021-07-12T21:28:14 KST" duration-ms="57761" status="PASS">
          <params>
            <param index="0">
              <value>
                <![CDATA[public void Chips_002_음원.음원_03_FLO_로그인.TC_0000_앱실행과AccessToken얻기(java.lang.reflect.Method) throws java.lang.Exception]]>
              </value>
            </param>
          </params>
          <reporter-output>
          </reporter-output>
        </test-method> <!-- TC_0000_앱실행과AccessToken얻기 -->
        <test-method is-config="true" signature="AfterMethod(org.testng.ITestResult)[pri:0, instance:Chips_002_음원.음원_03_FLO_로그인@2f67a4d3]" started-at="2021-07-12T21:28:14 KST" name="AfterMethod" finished-at="2021-07-12T21:28:14 KST" duration-ms="12" status="PASS">
          <params>
            <param index="0">
              <value>
                <![CDATA[[TestResult name=TC_0000_앱실행과AccessToken얻기 status=SUCCESS method=음원_03_FLO_로그인.TC_0000_앱실행과AccessToken얻기(java.lang.reflect.Method)[pri:0, instance:Chips_002_음원.음원_03_FLO_로그인@2f67a4d3] output={null}]]]>
              </value>
            </param>
          </params>
          <reporter-output>
          </reporter-output>
        </test-method> <!-- AfterMethod -->
        <test-method is-config="true" signature="BeforeMethod(java.lang.reflect.Method)[pri:0, instance:Chips_002_음원.음원_03_FLO_로그인@2f67a4d3]" started-at="2021-07-12T21:28:14 KST" name="BeforeMethod" finished-at="2021-07-12T21:28:14 KST" duration-ms="1" status="PASS">
          <params>
            <param index="0">
              <value>
                <![CDATA[public void Chips_002_음원.음원_03_FLO_로그인.TC_0220_Chips_FLO로그인_아티스트노래_확인(java.lang.reflect.Method) throws java.lang.Exception]]>
              </value>
            </param>
          </params>
          <reporter-output>
          </reporter-output>
        </test-method> <!-- BeforeMethod -->
        <test-method signature="TC_0220_Chips_FLO로그인_아티스트노래_확인(java.lang.reflect.Method)[pri:0, instance:Chips_002_음원.음원_03_FLO_로그인@2f67a4d3]" started-at="2021-07-12T21:28:14 KST" name="TC_0220_Chips_FLO로그인_아티스트노래_확인" description="칩스 리그레이션 TC : 실행_0220" finished-at="2021-07-12T21:28:40 KST" duration-ms="26184" status="PASS">
          <params>
            <param index="0">
              <value>
                <![CDATA[public void Chips_002_음원.음원_03_FLO_로그인.TC_0220_Chips_FLO로그인_아티스트노래_확인(java.lang.reflect.Method) throws java.lang.Exception]]>
              </value>
            </param>
          </params>
          <reporter-output>
          </reporter-output>
        </test-method> <!-- TC_0220_Chips_FLO로그인_아티스트노래_확인 -->
        <test-method is-config="true" signature="AfterMethod(org.testng.ITestResult)[pri:0, instance:Chips_002_음원.음원_03_FLO_로그인@2f67a4d3]" started-at="2021-07-12T21:28:40 KST" name="AfterMethod" finished-at="2021-07-12T21:28:40 KST" duration-ms="5" status="PASS">
          <params>
            <param index="0">
              <value>
                <![CDATA[[TestResult name=TC_0220_Chips_FLO로그인_아티스트노래_확인 status=SUCCESS method=음원_03_FLO_로그인.TC_0220_Chips_FLO로그인_아티스트노래_확인(java.lang.reflect.Method)[pri:0, instance:Chips_002_음원.음원_03_FLO_로그인@2f67a4d3] output={null}]]]>
              </value>
            </param>
          </params>
          <reporter-output>
          </reporter-output>
        </test-method> <!-- AfterMethod -->
        <test-method is-config="true" signature="BeforeMethod(java.lang.reflect.Method)[pri:0, instance:Chips_002_음원.음원_03_FLO_로그인@2f67a4d3]" started-at="2021-07-12T21:28:40 KST" name="BeforeMethod" finished-at="2021-07-12T21:28:40 KST" duration-ms="0" status="PASS">
          <params>
            <param index="0">
              <value>
                <![CDATA[public void Chips_002_음원.음원_03_FLO_로그인.TC_0221_Chips_FLO로그인_아티스트노래_확인(java.lang.reflect.Method) throws java.lang.Exception]]>
              </value>
            </param>
          </params>
          <reporter-output>
          </reporter-output>
        </test-method> <!-- BeforeMethod -->
        <test-method signature="TC_0221_Chips_FLO로그인_아티스트노래_확인(java.lang.reflect.Method)[pri:0, instance:Chips_002_음원.음원_03_FLO_로그인@2f67a4d3]" started-at="2021-07-12T21:28:40 KST" name="TC_0221_Chips_FLO로그인_아티스트노래_확인" description="칩스 리그레이션 TC : 실행_0221" finished-at="2021-07-12T21:29:07 KST" duration-ms="26763" status="PASS">
          <params>
            <param index="0">
              <value>
                <![CDATA[public void Chips_002_음원.음원_03_FLO_로그인.TC_0221_Chips_FLO로그인_아티스트노래_확인(java.lang.reflect.Method) throws java.lang.Exception]]>
              </value>
            </param>
          </params>
          <reporter-output>
          </reporter-output>
        </test-method> <!-- TC_0221_Chips_FLO로그인_아티스트노래_확인 -->
        <test-method is-config="true" signature="AfterMethod(org.testng.ITestResult)[pri:0, instance:Chips_002_음원.음원_03_FLO_로그인@2f67a4d3]" started-at="2021-07-12T21:29:07 KST" name="AfterMethod" finished-at="2021-07-12T21:29:07 KST" duration-ms="14" status="PASS">
          <params>
            <param index="0">
              <value>
                <![CDATA[[TestResult name=TC_0221_Chips_FLO로그인_아티스트노래_확인 status=SUCCESS method=음원_03_FLO_로그인.TC_0221_Chips_FLO로그인_아티스트노래_확인(java.lang.reflect.Method)[pri:0, instance:Chips_002_음원.음원_03_FLO_로그인@2f67a4d3] output={null}]]]>
              </value>
            </param>
          </params>
          <reporter-output>
          </reporter-output>
        </test-method> <!-- AfterMethod -->
        <test-method is-config="true" signature="BeforeMethod(java.lang.reflect.Method)[pri:0, instance:Chips_002_음원.음원_03_FLO_로그인@2f67a4d3]" started-at="2021-07-12T21:29:07 KST" name="BeforeMethod" finished-at="2021-07-12T21:29:07 KST" duration-ms="2" status="PASS">
          <params>
            <param index="0">
              <value>
                <![CDATA[public void Chips_002_음원.음원_03_FLO_로그인.TC_0222_Chips_FLO로그인_최신음악_확인(java.lang.reflect.Method) throws java.lang.Exception]]>
              </value>
            </param>
          </params>
          <reporter-output>
          </reporter-output>
        </test-method> <!-- BeforeMethod -->
        <test-method signature="TC_0222_Chips_FLO로그인_최신음악_확인(java.lang.reflect.Method)[pri:0, instance:Chips_002_음원.음원_03_FLO_로그인@2f67a4d3]" started-at="2021-07-12T21:29:07 KST" name="TC_0222_Chips_FLO로그인_최신음악_확인" description="칩스 리그레이션 TC : 실행_0222" finished-at="2021-07-12T21:29:32 KST" duration-ms="25723" status="PASS">
          <params>
            <param index="0">
              <value>
                <![CDATA[public void Chips_002_음원.음원_03_FLO_로그인.TC_0222_Chips_FLO로그인_최신음악_확인(java.lang.reflect.Method) throws java.lang.Exception]]>
              </value>
            </param>
          </params>
          <reporter-output>
          </reporter-output>
        </test-method> <!-- TC_0222_Chips_FLO로그인_최신음악_확인 -->
        <test-method is-config="true" signature="AfterMethod(org.testng.ITestResult)[pri:0, instance:Chips_002_음원.음원_03_FLO_로그인@2f67a4d3]" started-at="2021-07-12T21:29:32 KST" name="AfterMethod" finished-at="2021-07-12T21:29:32 KST" duration-ms="5" status="PASS">
          <params>
            <param index="0">
              <value>
                <![CDATA[[TestResult name=TC_0222_Chips_FLO로그인_최신음악_확인 status=SUCCESS method=음원_03_FLO_로그인.TC_0222_Chips_FLO로그인_최신음악_확인(java.lang.reflect.Method)[pri:0, instance:Chips_002_음원.음원_03_FLO_로그인@2f67a4d3] output={null}]]]>
              </value>
            </param>
          </params>
          <reporter-output>
          </reporter-output>
        </test-method> <!-- AfterMethod -->
        <test-method signature="TC_0223_Chips_FLO로그인_실시간차트_확인(java.lang.reflect.Method)[pri:0, instance:Chips_002_음원.음원_03_FLO_로그인@2f67a4d3]" started-at="2021-07-12T21:29:32 KST" name="TC_0223_Chips_FLO로그인_실시간차트_확인" description="칩스 리그레이션 TC : 실행_0223" finished-at="2021-07-12T21:29:58 KST" duration-ms="25808" status="PASS">
          <params>
            <param index="0">
              <value>
                <![CDATA[public void Chips_002_음원.음원_03_FLO_로그인.TC_0223_Chips_FLO로그인_실시간차트_확인(java.lang.reflect.Method) throws java.lang.Exception]]>
              </value>
            </param>
          </params>
          <reporter-output>
          </reporter-output>
        </test-method> <!-- TC_0223_Chips_FLO로그인_실시간차트_확인 -->
        <test-method is-config="true" signature="BeforeMethod(java.lang.reflect.Method)[pri:0, instance:Chips_002_음원.음원_03_FLO_로그인@2f67a4d3]" started-at="2021-07-12T21:29:32 KST" name="BeforeMethod" finished-at="2021-07-12T21:29:32 KST" duration-ms="0" status="PASS">
          <params>
            <param index="0">
              <value>
                <![CDATA[public void Chips_002_음원.음원_03_FLO_로그인.TC_0223_Chips_FLO로그인_실시간차트_확인(java.lang.reflect.Method) throws java.lang.Exception]]>
              </value>
            </param>
          </params>
          <reporter-output>
          </reporter-output>
        </test-method> <!-- BeforeMethod -->
        <test-method is-config="true" signature="AfterMethod(org.testng.ITestResult)[pri:0, instance:Chips_002_음원.음원_03_FLO_로그인@2f67a4d3]" started-at="2021-07-12T21:29:58 KST" name="AfterMethod" finished-at="2021-07-12T21:29:58 KST" duration-ms="4" status="PASS">
          <params>
            <param index="0">
              <value>
                <![CDATA[[TestResult name=TC_0223_Chips_FLO로그인_실시간차트_확인 status=SUCCESS method=음원_03_FLO_로그인.TC_0223_Chips_FLO로그인_실시간차트_확인(java.lang.reflect.Method)[pri:0, instance:Chips_002_음원.음원_03_FLO_로그인@2f67a4d3] output={null}]]]>
              </value>
            </param>
          </params>
          <reporter-output>
          </reporter-output>
        </test-method> <!-- AfterMethod -->
        <test-method is-config="true" signature="BeforeMethod(java.lang.reflect.Method)[pri:0, instance:Chips_002_음원.음원_03_FLO_로그인@2f67a4d3]" started-at="2021-07-12T21:29:58 KST" name="BeforeMethod" finished-at="2021-07-12T21:29:58 KST" duration-ms="0" status="PASS">
          <params>
            <param index="0">
              <value>
                <![CDATA[public void Chips_002_음원.음원_03_FLO_로그인.TC_0224_Chips_FLO로그인_가수곡_확인(java.lang.reflect.Method) throws java.lang.Exception]]>
              </value>
            </param>
          </params>
          <reporter-output>
          </reporter-output>
        </test-method> <!-- BeforeMethod -->
        <test-method signature="TC_0224_Chips_FLO로그인_가수곡_확인(java.lang.reflect.Method)[pri:0, instance:Chips_002_음원.음원_03_FLO_로그인@2f67a4d3]" started-at="2021-07-12T21:29:58 KST" name="TC_0224_Chips_FLO로그인_가수곡_확인" description="칩스 리그레이션 TC : 실행_0224" finished-at="2021-07-12T21:30:24 KST" duration-ms="26028" status="PASS">
          <params>
            <param index="0">
              <value>
                <![CDATA[public void Chips_002_음원.음원_03_FLO_로그인.TC_0224_Chips_FLO로그인_가수곡_확인(java.lang.reflect.Method) throws java.lang.Exception]]>
              </value>
            </param>
          </params>
          <reporter-output>
          </reporter-output>
        </test-method> <!-- TC_0224_Chips_FLO로그인_가수곡_확인 -->
        <test-method is-config="true" signature="AfterMethod(org.testng.ITestResult)[pri:0, instance:Chips_002_음원.음원_03_FLO_로그인@2f67a4d3]" started-at="2021-07-12T21:30:24 KST" name="AfterMethod" finished-at="2021-07-12T21:30:24 KST" duration-ms="11" status="PASS">
          <params>
            <param index="0">
              <value>
                <![CDATA[[TestResult name=TC_0224_Chips_FLO로그인_가수곡_확인 status=SUCCESS method=음원_03_FLO_로그인.TC_0224_Chips_FLO로그인_가수곡_확인(java.lang.reflect.Method)[pri:0, instance:Chips_002_음원.음원_03_FLO_로그인@2f67a4d3] output={null}]]]>
              </value>
            </param>
          </params>
          <reporter-output>
          </reporter-output>
        </test-method> <!-- AfterMethod -->
        <test-method is-config="true" signature="BeforeMethod(java.lang.reflect.Method)[pri:0, instance:Chips_002_음원.음원_03_FLO_로그인@2f67a4d3]" started-at="2021-07-12T21:30:24 KST" name="BeforeMethod" finished-at="2021-07-12T21:30:24 KST" duration-ms="1" status="PASS">
          <params>
            <param index="0">
              <value>
                <![CDATA[public void Chips_002_음원.음원_03_FLO_로그인.TC_0225_Chips_FLO로그인_좋아요노래_확인(java.lang.reflect.Method) throws java.lang.Exception]]>
              </value>
            </param>
          </params>
          <reporter-output>
          </reporter-output>
        </test-method> <!-- BeforeMethod -->
        <test-method signature="TC_0225_Chips_FLO로그인_좋아요노래_확인(java.lang.reflect.Method)[pri:0, instance:Chips_002_음원.음원_03_FLO_로그인@2f67a4d3]" started-at="2021-07-12T21:30:24 KST" name="TC_0225_Chips_FLO로그인_좋아요노래_확인" description="칩스 리그레이션 TC : 실행_0225" finished-at="2021-07-12T21:30:55 KST" duration-ms="30371" status="FAIL">
          <params>
            <param index="0">
              <value>
                <![CDATA[public void Chips_002_음원.음원_03_FLO_로그인.TC_0225_Chips_FLO로그인_좋아요노래_확인(java.lang.reflect.Method) throws java.lang.Exception]]>
              </value>
            </param>
          </params>
          <exception class="junit.framework.AssertionFailedError">
            <full-stacktrace>
              <![CDATA[junit.framework.AssertionFailedError
at junit.framework.Assert.fail(Assert.java:47)
at junit.framework.Assert.assertTrue(Assert.java:20)
at junit.framework.Assert.assertTrue(Assert.java:27)
at Chips_002_음원.음원_03_FLO_로그인.TC_0225_Chips_FLO로그인_좋아요노래_확인(음원_03_FLO_로그인.java:436)
at java.base/jdk.internal.reflect.NativeMethodAccessorImpl.invoke0(Native Method)
at java.base/jdk.internal.reflect.NativeMethodAccessorImpl.invoke(NativeMethodAccessorImpl.java:64)
at java.base/jdk.internal.reflect.DelegatingMethodAccessorImpl.invoke(DelegatingMethodAccessorImpl.java:43)
at java.base/java.lang.reflect.Method.invoke(Method.java:564)
at org.testng.internal.MethodInvocationHelper.invokeMethod(MethodInvocationHelper.java:133)
at org.testng.internal.TestInvoker.invokeMethod(TestInvoker.java:598)
at org.testng.internal.TestInvoker.invokeTestMethod(TestInvoker.java:173)
at org.testng.internal.MethodRunner.runInSequence(MethodRunner.java:46)
at org.testng.internal.TestInvoker$MethodInvocationAgent.invoke(TestInvoker.java:824)
at org.testng.internal.TestInvoker.invokeTestMethods(TestInvoker.java:146)
at org.testng.internal.TestMethodWorker.invokeTestMethods(TestMethodWorker.java:146)
at org.testng.internal.TestMethodWorker.run(TestMethodWorker.java:128)
at java.base/java.util.ArrayList.forEach(ArrayList.java:1511)
at org.testng.TestRunner.privateRun(TestRunner.java:794)
at org.testng.TestRunner.run(TestRunner.java:596)
at org.testng.SuiteRunner.runTest(SuiteRunner.java:377)
at org.testng.SuiteRunner.access$000(SuiteRunner.java:28)
at org.testng.SuiteRunner$SuiteWorker.run(SuiteRunner.java:418)
at org.testng.internal.thread.ThreadUtil.lambda$execute$0(ThreadUtil.java:64)
at java.base/java.util.concurrent.FutureTask.run(FutureTask.java:264)
at java.base/java.util.concurrent.ThreadPoolExecutor.runWorker(ThreadPoolExecutor.java:1130)
at java.base/java.util.concurrent.ThreadPoolExecutor$Worker.run(ThreadPoolExecutor.java:630)
at java.base/java.lang.Thread.run(Thread.java:832)
]]>
            </full-stacktrace>
          </exception> <!-- junit.framework.AssertionFailedError -->
          <reporter-output>
          </reporter-output>
        </test-method> <!-- TC_0225_Chips_FLO로그인_좋아요노래_확인 -->
        <test-method is-config="true" signature="AfterMethod(org.testng.ITestResult)[pri:0, instance:Chips_002_음원.음원_03_FLO_로그인@2f67a4d3]" started-at="2021-07-12T21:30:55 KST" name="AfterMethod" finished-at="2021-07-12T21:30:57 KST" duration-ms="2586" status="PASS">
          <params>
            <param index="0">
              <value>
                <![CDATA[[TestResult name=TC_0225_Chips_FLO로그인_좋아요노래_확인 status=FAILURE method=음원_03_FLO_로그인.TC_0225_Chips_FLO로그인_좋아요노래_확인(java.lang.reflect.Method)[pri:0, instance:Chips_002_음원.음원_03_FLO_로그인@2f67a4d3] output={null}]]]>
              </value>
            </param>
          </params>
          <reporter-output>
          </reporter-output>
        </test-method> <!-- AfterMethod -->
        <test-method is-config="true" signature="BeforeMethod(java.lang.reflect.Method)[pri:0, instance:Chips_002_음원.음원_03_FLO_로그인@2f67a4d3]" started-at="2021-07-12T21:30:57 KST" name="BeforeMethod" finished-at="2021-07-12T21:30:57 KST" duration-ms="0" status="PASS">
          <params>
            <param index="0">
              <value>
                <![CDATA[public void Chips_002_음원.음원_03_FLO_로그인.TC_0226_Chips_FLO로그인_플레이리스트_확인(java.lang.reflect.Method) throws java.lang.Exception]]>
              </value>
            </param>
          </params>
          <reporter-output>
          </reporter-output>
        </test-method> <!-- BeforeMethod -->
        <test-method signature="TC_0226_Chips_FLO로그인_플레이리스트_확인(java.lang.reflect.Method)[pri:0, instance:Chips_002_음원.음원_03_FLO_로그인@2f67a4d3]" started-at="2021-07-12T21:30:57 KST" name="TC_0226_Chips_FLO로그인_플레이리스트_확인" description="칩스 리그레이션 TC : 실행_0226" finished-at="2021-07-12T21:31:23 KST" duration-ms="25870" status="PASS">
          <params>
            <param index="0">
              <value>
                <![CDATA[public void Chips_002_음원.음원_03_FLO_로그인.TC_0226_Chips_FLO로그인_플레이리스트_확인(java.lang.reflect.Method) throws java.lang.Exception]]>
              </value>
            </param>
          </params>
          <reporter-output>
          </reporter-output>
        </test-method> <!-- TC_0226_Chips_FLO로그인_플레이리스트_확인 -->
        <test-method is-config="true" signature="AfterMethod(org.testng.ITestResult)[pri:0, instance:Chips_002_음원.음원_03_FLO_로그인@2f67a4d3]" started-at="2021-07-12T21:31:23 KST" name="AfterMethod" finished-at="2021-07-12T21:31:23 KST" duration-ms="5" status="PASS">
          <params>
            <param index="0">
              <value>
                <![CDATA[[TestResult name=TC_0226_Chips_FLO로그인_플레이리스트_확인 status=SUCCESS method=음원_03_FLO_로그인.TC_0226_Chips_FLO로그인_플레이리스트_확인(java.lang.reflect.Method)[pri:0, instance:Chips_002_음원.음원_03_FLO_로그인@2f67a4d3] output={null}]]]>
              </value>
            </param>
          </params>
          <reporter-output>
          </reporter-output>
        </test-method> <!-- AfterMethod -->
        <test-method is-config="true" signature="BeforeMethod(java.lang.reflect.Method)[pri:0, instance:Chips_002_음원.음원_03_FLO_로그인@2f67a4d3]" started-at="2021-07-12T21:31:23 KST" name="BeforeMethod" finished-at="2021-07-12T21:31:23 KST" duration-ms="1" status="PASS">
          <params>
            <param index="0">
              <value>
                <![CDATA[public void Chips_002_음원.음원_03_FLO_로그인.TC_0227_Chips_FLO로그인_최근들은음악_확인(java.lang.reflect.Method) throws java.lang.Exception]]>
              </value>
            </param>
          </params>
          <reporter-output>
          </reporter-output>
        </test-method> <!-- BeforeMethod -->
        <test-method signature="TC_0227_Chips_FLO로그인_최근들은음악_확인(java.lang.reflect.Method)[pri:0, instance:Chips_002_음원.음원_03_FLO_로그인@2f67a4d3]" started-at="2021-07-12T21:31:23 KST" name="TC_0227_Chips_FLO로그인_최근들은음악_확인" description="칩스 리그레이션 TC : 실행_0227" finished-at="2021-07-12T21:31:55 KST" duration-ms="31995" status="PASS">
          <params>
            <param index="0">
              <value>
                <![CDATA[public void Chips_002_음원.음원_03_FLO_로그인.TC_0227_Chips_FLO로그인_최근들은음악_확인(java.lang.reflect.Method) throws java.lang.Exception]]>
              </value>
            </param>
          </params>
          <reporter-output>
          </reporter-output>
        </test-method> <!-- TC_0227_Chips_FLO로그인_최근들은음악_확인 -->
        <test-method is-config="true" signature="AfterMethod(org.testng.ITestResult)[pri:0, instance:Chips_002_음원.음원_03_FLO_로그인@2f67a4d3]" started-at="2021-07-12T21:31:55 KST" name="AfterMethod" finished-at="2021-07-12T21:31:55 KST" duration-ms="10" status="PASS">
          <params>
            <param index="0">
              <value>
                <![CDATA[[TestResult name=TC_0227_Chips_FLO로그인_최근들은음악_확인 status=SUCCESS method=음원_03_FLO_로그인.TC_0227_Chips_FLO로그인_최근들은음악_확인(java.lang.reflect.Method)[pri:0, instance:Chips_002_음원.음원_03_FLO_로그인@2f67a4d3] output={null}]]]>
              </value>
            </param>
          </params>
          <reporter-output>
          </reporter-output>
        </test-method> <!-- AfterMethod -->
        <test-method is-config="true" signature="BeforeMethod(java.lang.reflect.Method)[pri:0, instance:Chips_002_음원.음원_03_FLO_로그인@2f67a4d3]" started-at="2021-07-12T21:31:55 KST" name="BeforeMethod" finished-at="2021-07-12T21:31:55 KST" duration-ms="1" status="PASS">
          <params>
            <param index="0">
              <value>
                <![CDATA[public void Chips_002_음원.음원_03_FLO_로그인.TC_0228_Chips_FLO로그인_셔플해줘_확인(java.lang.reflect.Method) throws java.lang.Exception]]>
              </value>
            </param>
          </params>
          <reporter-output>
          </reporter-output>
        </test-method> <!-- BeforeMethod -->
        <test-method signature="TC_0228_Chips_FLO로그인_셔플해줘_확인(java.lang.reflect.Method)[pri:0, instance:Chips_002_음원.음원_03_FLO_로그인@2f67a4d3]" started-at="2021-07-12T21:31:55 KST" name="TC_0228_Chips_FLO로그인_셔플해줘_확인" description="칩스 리그레이션 TC : 실행_0228" finished-at="2021-07-12T21:32:28 KST" duration-ms="33379" status="FAIL">
          <params>
            <param index="0">
              <value>
                <![CDATA[public void Chips_002_음원.음원_03_FLO_로그인.TC_0228_Chips_FLO로그인_셔플해줘_확인(java.lang.reflect.Method) throws java.lang.Exception]]>
              </value>
            </param>
          </params>
          <exception class="junit.framework.AssertionFailedError">
            <full-stacktrace>
              <![CDATA[junit.framework.AssertionFailedError
at junit.framework.Assert.fail(Assert.java:47)
at junit.framework.Assert.assertTrue(Assert.java:20)
at junit.framework.Assert.assertTrue(Assert.java:27)
at Chips_002_음원.음원_03_FLO_로그인.TC_0228_Chips_FLO로그인_셔플해줘_확인(음원_03_FLO_로그인.java:579)
at java.base/jdk.internal.reflect.NativeMethodAccessorImpl.invoke0(Native Method)
at java.base/jdk.internal.reflect.NativeMethodAccessorImpl.invoke(NativeMethodAccessorImpl.java:64)
at java.base/jdk.internal.reflect.DelegatingMethodAccessorImpl.invoke(DelegatingMethodAccessorImpl.java:43)
at java.base/java.lang.reflect.Method.invoke(Method.java:564)
at org.testng.internal.MethodInvocationHelper.invokeMethod(MethodInvocationHelper.java:133)
at org.testng.internal.TestInvoker.invokeMethod(TestInvoker.java:598)
at org.testng.internal.TestInvoker.invokeTestMethod(TestInvoker.java:173)
at org.testng.internal.MethodRunner.runInSequence(MethodRunner.java:46)
at org.testng.internal.TestInvoker$MethodInvocationAgent.invoke(TestInvoker.java:824)
at org.testng.internal.TestInvoker.invokeTestMethods(TestInvoker.java:146)
at org.testng.internal.TestMethodWorker.invokeTestMethods(TestMethodWorker.java:146)
at org.testng.internal.TestMethodWorker.run(TestMethodWorker.java:128)
at java.base/java.util.ArrayList.forEach(ArrayList.java:1511)
at org.testng.TestRunner.privateRun(TestRunner.java:794)
at org.testng.TestRunner.run(TestRunner.java:596)
at org.testng.SuiteRunner.runTest(SuiteRunner.java:377)
at org.testng.SuiteRunner.access$000(SuiteRunner.java:28)
at org.testng.SuiteRunner$SuiteWorker.run(SuiteRunner.java:418)
at org.testng.internal.thread.ThreadUtil.lambda$execute$0(ThreadUtil.java:64)
at java.base/java.util.concurrent.FutureTask.run(FutureTask.java:264)
at java.base/java.util.concurrent.ThreadPoolExecutor.runWorker(ThreadPoolExecutor.java:1130)
at java.base/java.util.concurrent.ThreadPoolExecutor$Worker.run(ThreadPoolExecutor.java:630)
at java.base/java.lang.Thread.run(Thread.java:832)
]]>
            </full-stacktrace>
          </exception> <!-- junit.framework.AssertionFailedError -->
          <reporter-output>
          </reporter-output>
        </test-method> <!-- TC_0228_Chips_FLO로그인_셔플해줘_확인 -->
        <test-method is-config="true" signature="AfterMethod(org.testng.ITestResult)[pri:0, instance:Chips_002_음원.음원_03_FLO_로그인@2f67a4d3]" started-at="2021-07-12T21:32:28 KST" name="AfterMethod" finished-at="2021-07-12T21:32:30 KST" duration-ms="1239" status="PASS">
          <params>
            <param index="0">
              <value>
                <![CDATA[[TestResult name=TC_0228_Chips_FLO로그인_셔플해줘_확인 status=FAILURE method=음원_03_FLO_로그인.TC_0228_Chips_FLO로그인_셔플해줘_확인(java.lang.reflect.Method)[pri:0, instance:Chips_002_음원.음원_03_FLO_로그인@2f67a4d3] output={null}]]]>
              </value>
            </param>
          </params>
          <reporter-output>
          </reporter-output>
        </test-method> <!-- AfterMethod -->
        <test-method is-config="true" signature="BeforeMethod(java.lang.reflect.Method)[pri:0, instance:Chips_002_음원.음원_03_FLO_로그인@2f67a4d3]" started-at="2021-07-12T21:32:30 KST" name="BeforeMethod" finished-at="2021-07-12T21:32:30 KST" duration-ms="0" status="PASS">
          <params>
            <param index="0">
              <value>
                <![CDATA[public void Chips_002_음원.음원_03_FLO_로그인.TC_0229_Chips_FLO로그인_셔플해제_확인(java.lang.reflect.Method) throws java.lang.Exception]]>
              </value>
            </param>
          </params>
          <reporter-output>
          </reporter-output>
        </test-method> <!-- BeforeMethod -->
        <test-method signature="TC_0229_Chips_FLO로그인_셔플해제_확인(java.lang.reflect.Method)[pri:0, instance:Chips_002_음원.음원_03_FLO_로그인@2f67a4d3]" started-at="2021-07-12T21:32:30 KST" name="TC_0229_Chips_FLO로그인_셔플해제_확인" description="칩스 리그레이션 TC : 실행_0229" finished-at="2021-07-12T21:32:46 KST" duration-ms="16173" status="FAIL">
          <params>
            <param index="0">
              <value>
                <![CDATA[public void Chips_002_음원.음원_03_FLO_로그인.TC_0229_Chips_FLO로그인_셔플해제_확인(java.lang.reflect.Method) throws java.lang.Exception]]>
              </value>
            </param>
          </params>
          <exception class="junit.framework.AssertionFailedError">
            <full-stacktrace>
              <![CDATA[junit.framework.AssertionFailedError
at junit.framework.Assert.fail(Assert.java:47)
at junit.framework.Assert.assertTrue(Assert.java:20)
at junit.framework.Assert.assertTrue(Assert.java:27)
at Chips_002_음원.음원_03_FLO_로그인.TC_0229_Chips_FLO로그인_셔플해제_확인(음원_03_FLO_로그인.java:598)
at java.base/jdk.internal.reflect.NativeMethodAccessorImpl.invoke0(Native Method)
at java.base/jdk.internal.reflect.NativeMethodAccessorImpl.invoke(NativeMethodAccessorImpl.java:64)
at java.base/jdk.internal.reflect.DelegatingMethodAccessorImpl.invoke(DelegatingMethodAccessorImpl.java:43)
at java.base/java.lang.reflect.Method.invoke(Method.java:564)
at org.testng.internal.MethodInvocationHelper.invokeMethod(MethodInvocationHelper.java:133)
at org.testng.internal.TestInvoker.invokeMethod(TestInvoker.java:598)
at org.testng.internal.TestInvoker.invokeTestMethod(TestInvoker.java:173)
at org.testng.internal.MethodRunner.runInSequence(MethodRunner.java:46)
at org.testng.internal.TestInvoker$MethodInvocationAgent.invoke(TestInvoker.java:824)
at org.testng.internal.TestInvoker.invokeTestMethods(TestInvoker.java:146)
at org.testng.internal.TestMethodWorker.invokeTestMethods(TestMethodWorker.java:146)
at org.testng.internal.TestMethodWorker.run(TestMethodWorker.java:128)
at java.base/java.util.ArrayList.forEach(ArrayList.java:1511)
at org.testng.TestRunner.privateRun(TestRunner.java:794)
at org.testng.TestRunner.run(TestRunner.java:596)
at org.testng.SuiteRunner.runTest(SuiteRunner.java:377)
at org.testng.SuiteRunner.access$000(SuiteRunner.java:28)
at org.testng.SuiteRunner$SuiteWorker.run(SuiteRunner.java:418)
at org.testng.internal.thread.ThreadUtil.lambda$execute$0(ThreadUtil.java:64)
at java.base/java.util.concurrent.FutureTask.run(FutureTask.java:264)
at java.base/java.util.concurrent.ThreadPoolExecutor.runWorker(ThreadPoolExecutor.java:1130)
at java.base/java.util.concurrent.ThreadPoolExecutor$Worker.run(ThreadPoolExecutor.java:630)
at java.base/java.lang.Thread.run(Thread.java:832)
]]>
            </full-stacktrace>
          </exception> <!-- junit.framework.AssertionFailedError -->
          <reporter-output>
          </reporter-output>
        </test-method> <!-- TC_0229_Chips_FLO로그인_셔플해제_확인 -->
        <test-method is-config="true" signature="AfterMethod(org.testng.ITestResult)[pri:0, instance:Chips_002_음원.음원_03_FLO_로그인@2f67a4d3]" started-at="2021-07-12T21:32:46 KST" name="AfterMethod" finished-at="2021-07-12T21:32:47 KST" duration-ms="1178" status="PASS">
          <params>
            <param index="0">
              <value>
                <![CDATA[[TestResult name=TC_0229_Chips_FLO로그인_셔플해제_확인 status=FAILURE method=음원_03_FLO_로그인.TC_0229_Chips_FLO로그인_셔플해제_확인(java.lang.reflect.Method)[pri:0, instance:Chips_002_음원.음원_03_FLO_로그인@2f67a4d3] output={null}]]]>
              </value>
            </param>
          </params>
          <reporter-output>
          </reporter-output>
        </test-method> <!-- AfterMethod -->
        <test-method is-config="true" signature="tearDownClass(java.lang.String,java.lang.String,java.lang.String,java.lang.String,java.lang.String,java.lang.String,java.lang.String,java.lang.String,java.lang.String)[pri:0, instance:Chips_002_음원.음원_03_FLO_로그인@2f67a4d3]" started-at="2021-07-12T21:32:47 KST" name="tearDownClass" finished-at="2021-07-12T21:32:50 KST" duration-ms="2556" status="PASS">
          <params>
            <param index="0">
              <value>
                <![CDATA[RTG]]>
              </value>
            </param>
            <param index="1">
              <value>
                <![CDATA[Chips]]>
              </value>
            </param>
            <param index="2">
              <value>
                <![CDATA[out]]>
              </value>
            </param>
            <param index="3">
              <value>
                <![CDATA[ce06171633774e37027e]]>
              </value>
            </param>
            <param index="4">
              <value>
                <![CDATA[ALDF3NYA6C0D0C654DD2]]>
              </value>
            </param>
            <param index="5">
              <value>
                <![CDATA[ALDF5TR5SNGZ8175DA16]]>
              </value>
            </param>
            <param index="6">
              <value>
                <![CDATA[ALDFH3D1Q7W6071EFE41]]>
              </value>
            </param>
            <param index="7">
              <value>
                <![CDATA[ALDFHFMQC3RB935B4B02]]>
              </value>
            </param>
            <param index="8">
              <value>
                <![CDATA[ALDFHFMSG34WDF6CD40E]]>
              </value>
            </param>
          </params>
          <reporter-output>
          </reporter-output>
        </test-method> <!-- tearDownClass -->
      </class> <!-- Chips_002_음원.음원_03_FLO_로그인 -->
    </test> <!-- Test_Project -->
  </suite> <!-- ExtentReport -->
</testng-results>
