<?xml version="1.0" encoding="UTF-8"?>
<testng-results ignored="0" total="149" passed="147" failed="2" skipped="0">
  <reporter-output>
  </reporter-output>
  <suite started-at="2021-11-25T21:24:31 KST" name="ExtentReport" finished-at="2021-11-25T22:12:34 KST" duration-ms="2883208">
    <groups>
    </groups>
    <test started-at="2021-11-25T21:24:31 KST" name="Test_Project" finished-at="2021-11-25T22:12:34 KST" duration-ms="2883208">
      <class name="Chips_004_생활정보.생활정보_06_날씨_현재기온">
        <test-method is-config="true" signature="setupClass(java.lang.String,java.lang.String,java.lang.String,java.lang.String,java.lang.String,java.lang.String,java.lang.String,java.lang.String,java.lang.String,java.lang.String,java.lang.String,java.lang.String,java.lang.String,java.lang.String,java.lang.String)[pri:0, instance:Chips_004_생활정보.생활정보_06_날씨_현재기온@3cfdd820]" started-at="2021-11-25T21:41:40 KST" name="setupClass" finished-at="2021-11-25T21:41:53 KST" duration-ms="13386" status="PASS">
          <params>
            <param index="0">
              <value>
                <![CDATA[Android]]>
              </value>
            </param>
            <param index="1">
              <value>
                <![CDATA[Chips]]>
              </value>
            </param>
            <param index="2">
              <value>
                <![CDATA[http://0.0.0.0:4723/wd/hub]]>
              </value>
            </param>
            <param index="3">
              <value>
                <![CDATA[STG]]>
              </value>
            </param>
            <param index="4">
              <value>
                <![CDATA[Chips]]>
              </value>
            </param>
            <param index="5">
              <value>
                <![CDATA[out]]>
              </value>
            </param>
            <param index="6">
              <value>
                <![CDATA[R33M4000CY]]>
              </value>
            </param>
            <param index="7">
              <value>
                <![CDATA[ALDF3NYA6C0D0C654DD2]]>
              </value>
            </param>
            <param index="8">
              <value>
                <![CDATA[ALDF5TR5SNGZ8175DA16]]>
              </value>
            </param>
            <param index="9">
              <value>
                <![CDATA[ALDFH3D1Q7W6071EFE41]]>
              </value>
            </param>
            <param index="10">
              <value>
                <![CDATA[ALDFH6OQ9HG79986A4FA]]>
              </value>
            </param>
            <param index="11">
              <value>
                <![CDATA[ALDFHFMQC3RB935B4B02]]>
              </value>
            </param>
            <param index="12">
              <value>
                <![CDATA[ALDFHFMSG34WDF6CD40E]]>
              </value>
            </param>
            <param index="13">
              <value>
                <![CDATA[ALDFHDFEBVOC7F098039]]>
              </value>
            </param>
            <param index="14">
              <value>
                <![CDATA[ALDG3Q4IA9EW3633F8EA]]>
              </value>
            </param>
          </params>
          <reporter-output>
          </reporter-output>
        </test-method> <!-- setupClass -->
        <test-method is-config="true" signature="BeforeMethod(java.lang.reflect.Method)[pri:0, instance:Chips_004_생활정보.생활정보_06_날씨_현재기온@3cfdd820]" started-at="2021-11-25T21:41:53 KST" name="BeforeMethod" finished-at="2021-11-25T21:41:53 KST" duration-ms="1" status="PASS">
          <params>
            <param index="0">
              <value>
                <![CDATA[public void Chips_004_생활정보.생활정보_06_날씨_현재기온.TC_0000_앱실행과AccessToken얻기(java.lang.reflect.Method) throws java.lang.Exception]]>
              </value>
            </param>
          </params>
          <reporter-output>
          </reporter-output>
        </test-method> <!-- BeforeMethod -->
        <test-method signature="TC_0000_앱실행과AccessToken얻기(java.lang.reflect.Method)[pri:0, instance:Chips_004_생활정보.생활정보_06_날씨_현재기온@3cfdd820]" started-at="2021-11-25T21:41:53 KST" name="TC_0000_앱실행과AccessToken얻기" description="칩스 리그레이션 TC : 실행_0000" finished-at="2021-11-25T21:42:47 KST" duration-ms="53635" status="PASS">
          <params>
            <param index="0">
              <value>
                <![CDATA[public void Chips_004_생활정보.생활정보_06_날씨_현재기온.TC_0000_앱실행과AccessToken얻기(java.lang.reflect.Method) throws java.lang.Exception]]>
              </value>
            </param>
          </params>
          <reporter-output>
          </reporter-output>
        </test-method> <!-- TC_0000_앱실행과AccessToken얻기 -->
        <test-method is-config="true" signature="AfterMethod(org.testng.ITestResult)[pri:0, instance:Chips_004_생활정보.생활정보_06_날씨_현재기온@3cfdd820]" started-at="2021-11-25T21:42:47 KST" name="AfterMethod" finished-at="2021-11-25T21:42:47 KST" duration-ms="1" status="PASS">
          <params>
            <param index="0">
              <value>
                <![CDATA[[TestResult name=TC_0000_앱실행과AccessToken얻기 status=SUCCESS method=생활정보_06_날씨_현재기온.TC_0000_앱실행과AccessToken얻기(java.lang.reflect.Method)[pri:0, instance:Chips_004_생활정보.생활정보_06_날씨_현재기온@3cfdd820] output={null}]]]>
              </value>
            </param>
          </params>
          <reporter-output>
          </reporter-output>
        </test-method> <!-- AfterMethod -->
        <test-method signature="TC_0745_Chips_날씨_현재온도_추워_확인(java.lang.reflect.Method)[pri:0, instance:Chips_004_생활정보.생활정보_06_날씨_현재기온@3cfdd820]" started-at="2021-11-25T21:42:47 KST" name="TC_0745_Chips_날씨_현재온도_추워_확인" description="칩스 리그레이션 TC : 실행_0745" finished-at="2021-11-25T21:42:52 KST" duration-ms="5175" status="PASS">
          <params>
            <param index="0">
              <value>
                <![CDATA[public void Chips_004_생활정보.생활정보_06_날씨_현재기온.TC_0745_Chips_날씨_현재온도_추워_확인(java.lang.reflect.Method) throws java.lang.Exception]]>
              </value>
            </param>
          </params>
          <reporter-output>
          </reporter-output>
        </test-method> <!-- TC_0745_Chips_날씨_현재온도_추워_확인 -->
        <test-method is-config="true" signature="BeforeMethod(java.lang.reflect.Method)[pri:0, instance:Chips_004_생활정보.생활정보_06_날씨_현재기온@3cfdd820]" started-at="2021-11-25T21:42:47 KST" name="BeforeMethod" finished-at="2021-11-25T21:42:47 KST" duration-ms="0" status="PASS">
          <params>
            <param index="0">
              <value>
                <![CDATA[public void Chips_004_생활정보.생활정보_06_날씨_현재기온.TC_0745_Chips_날씨_현재온도_추워_확인(java.lang.reflect.Method) throws java.lang.Exception]]>
              </value>
            </param>
          </params>
          <reporter-output>
          </reporter-output>
        </test-method> <!-- BeforeMethod -->
        <test-method is-config="true" signature="AfterMethod(org.testng.ITestResult)[pri:0, instance:Chips_004_생활정보.생활정보_06_날씨_현재기온@3cfdd820]" started-at="2021-11-25T21:42:52 KST" name="AfterMethod" finished-at="2021-11-25T21:42:52 KST" duration-ms="0" status="PASS">
          <params>
            <param index="0">
              <value>
                <![CDATA[[TestResult name=TC_0745_Chips_날씨_현재온도_추워_확인 status=SUCCESS method=생활정보_06_날씨_현재기온.TC_0745_Chips_날씨_현재온도_추워_확인(java.lang.reflect.Method)[pri:0, instance:Chips_004_생활정보.생활정보_06_날씨_현재기온@3cfdd820] output={null}]]]>
              </value>
            </param>
          </params>
          <reporter-output>
          </reporter-output>
        </test-method> <!-- AfterMethod -->
        <test-method is-config="true" signature="BeforeMethod(java.lang.reflect.Method)[pri:0, instance:Chips_004_생활정보.생활정보_06_날씨_현재기온@3cfdd820]" started-at="2021-11-25T21:42:52 KST" name="BeforeMethod" finished-at="2021-11-25T21:42:52 KST" duration-ms="0" status="PASS">
          <params>
            <param index="0">
              <value>
                <![CDATA[public void Chips_004_생활정보.생활정보_06_날씨_현재기온.TC_0746_Chips_날씨_현재온도_더워_확인(java.lang.reflect.Method) throws java.lang.Exception]]>
              </value>
            </param>
          </params>
          <reporter-output>
          </reporter-output>
        </test-method> <!-- BeforeMethod -->
        <test-method signature="TC_0746_Chips_날씨_현재온도_더워_확인(java.lang.reflect.Method)[pri:0, instance:Chips_004_생활정보.생활정보_06_날씨_현재기온@3cfdd820]" started-at="2021-11-25T21:42:52 KST" name="TC_0746_Chips_날씨_현재온도_더워_확인" description="칩스 리그레이션 TC : 실행_0746" finished-at="2021-11-25T21:42:57 KST" duration-ms="5141" status="PASS">
          <params>
            <param index="0">
              <value>
                <![CDATA[public void Chips_004_생활정보.생활정보_06_날씨_현재기온.TC_0746_Chips_날씨_현재온도_더워_확인(java.lang.reflect.Method) throws java.lang.Exception]]>
              </value>
            </param>
          </params>
          <reporter-output>
          </reporter-output>
        </test-method> <!-- TC_0746_Chips_날씨_현재온도_더워_확인 -->
        <test-method is-config="true" signature="AfterMethod(org.testng.ITestResult)[pri:0, instance:Chips_004_생활정보.생활정보_06_날씨_현재기온@3cfdd820]" started-at="2021-11-25T21:42:57 KST" name="AfterMethod" finished-at="2021-11-25T21:42:57 KST" duration-ms="1" status="PASS">
          <params>
            <param index="0">
              <value>
                <![CDATA[[TestResult name=TC_0746_Chips_날씨_현재온도_더워_확인 status=SUCCESS method=생활정보_06_날씨_현재기온.TC_0746_Chips_날씨_현재온도_더워_확인(java.lang.reflect.Method)[pri:0, instance:Chips_004_생활정보.생활정보_06_날씨_현재기온@3cfdd820] output={null}]]]>
              </value>
            </param>
          </params>
          <reporter-output>
          </reporter-output>
        </test-method> <!-- AfterMethod -->
        <test-method is-config="true" signature="tearDownClass(java.lang.String,java.lang.String,java.lang.String,java.lang.String,java.lang.String,java.lang.String,java.lang.String,java.lang.String,java.lang.String,java.lang.String,java.lang.String,java.lang.String)[pri:0, instance:Chips_004_생활정보.생활정보_06_날씨_현재기온@3cfdd820]" started-at="2021-11-25T21:42:57 KST" name="tearDownClass" finished-at="2021-11-25T21:43:01 KST" duration-ms="3961" status="PASS">
          <params>
            <param index="0">
              <value>
                <![CDATA[STG]]>
              </value>
            </param>
            <param index="1">
              <value>
                <![CDATA[Chips]]>
              </value>
            </param>
            <param index="2">
              <value>
                <![CDATA[out]]>
              </value>
            </param>
            <param index="3">
              <value>
                <![CDATA[R33M4000CY]]>
              </value>
            </param>
            <param index="4">
              <value>
                <![CDATA[ALDF3NYA6C0D0C654DD2]]>
              </value>
            </param>
            <param index="5">
              <value>
                <![CDATA[ALDF5TR5SNGZ8175DA16]]>
              </value>
            </param>
            <param index="6">
              <value>
                <![CDATA[ALDFH3D1Q7W6071EFE41]]>
              </value>
            </param>
            <param index="7">
              <value>
                <![CDATA[ALDFH6OQ9HG79986A4FA]]>
              </value>
            </param>
            <param index="8">
              <value>
                <![CDATA[ALDFHFMQC3RB935B4B02]]>
              </value>
            </param>
            <param index="9">
              <value>
                <![CDATA[ALDFHFMSG34WDF6CD40E]]>
              </value>
            </param>
            <param index="10">
              <value>
                <![CDATA[ALDFHDFEBVOC7F098039]]>
              </value>
            </param>
            <param index="11">
              <value>
                <![CDATA[ALDG3Q4IA9EW3633F8EA]]>
              </value>
            </param>
          </params>
          <reporter-output>
          </reporter-output>
        </test-method> <!-- tearDownClass -->
      </class> <!-- Chips_004_생활정보.생활정보_06_날씨_현재기온 -->
      <class name="Chips_004_생활정보.생활정보_14_뉴스">
        <test-method is-config="true" signature="setupClass(java.lang.String,java.lang.String,java.lang.String,java.lang.String,java.lang.String,java.lang.String,java.lang.String,java.lang.String,java.lang.String,java.lang.String,java.lang.String,java.lang.String,java.lang.String,java.lang.String,java.lang.String)[pri:0, instance:Chips_004_생활정보.생활정보_14_뉴스@a1f72f5]" started-at="2021-11-25T22:00:37 KST" name="setupClass" finished-at="2021-11-25T22:00:51 KST" duration-ms="13375" status="PASS">
          <params>
            <param index="0">
              <value>
                <![CDATA[Android]]>
              </value>
            </param>
            <param index="1">
              <value>
                <![CDATA[Chips]]>
              </value>
            </param>
            <param index="2">
              <value>
                <![CDATA[http://0.0.0.0:4723/wd/hub]]>
              </value>
            </param>
            <param index="3">
              <value>
                <![CDATA[STG]]>
              </value>
            </param>
            <param index="4">
              <value>
                <![CDATA[Chips]]>
              </value>
            </param>
            <param index="5">
              <value>
                <![CDATA[out]]>
              </value>
            </param>
            <param index="6">
              <value>
                <![CDATA[R33M4000CY]]>
              </value>
            </param>
            <param index="7">
              <value>
                <![CDATA[ALDF3NYA6C0D0C654DD2]]>
              </value>
            </param>
            <param index="8">
              <value>
                <![CDATA[ALDF5TR5SNGZ8175DA16]]>
              </value>
            </param>
            <param index="9">
              <value>
                <![CDATA[ALDFH3D1Q7W6071EFE41]]>
              </value>
            </param>
            <param index="10">
              <value>
                <![CDATA[ALDFH6OQ9HG79986A4FA]]>
              </value>
            </param>
            <param index="11">
              <value>
                <![CDATA[ALDFHFMQC3RB935B4B02]]>
              </value>
            </param>
            <param index="12">
              <value>
                <![CDATA[ALDFHFMSG34WDF6CD40E]]>
              </value>
            </param>
            <param index="13">
              <value>
                <![CDATA[ALDFHDFEBVOC7F098039]]>
              </value>
            </param>
            <param index="14">
              <value>
                <![CDATA[ALDG3Q4IA9EW3633F8EA]]>
              </value>
            </param>
          </params>
          <reporter-output>
          </reporter-output>
        </test-method> <!-- setupClass -->
        <test-method is-config="true" signature="BeforeMethod(java.lang.reflect.Method)[pri:0, instance:Chips_004_생활정보.생활정보_14_뉴스@a1f72f5]" started-at="2021-11-25T22:00:51 KST" name="BeforeMethod" finished-at="2021-11-25T22:00:51 KST" duration-ms="1" status="PASS">
          <params>
            <param index="0">
              <value>
                <![CDATA[public void Chips_004_생활정보.생활정보_14_뉴스.TC_0000_앱실행과AccessToken얻기(java.lang.reflect.Method) throws java.lang.Exception]]>
              </value>
            </param>
          </params>
          <reporter-output>
          </reporter-output>
        </test-method> <!-- BeforeMethod -->
        <test-method signature="TC_0000_앱실행과AccessToken얻기(java.lang.reflect.Method)[pri:0, instance:Chips_004_생활정보.생활정보_14_뉴스@a1f72f5]" started-at="2021-11-25T22:00:51 KST" name="TC_0000_앱실행과AccessToken얻기" description="칩스 리그레이션 TC : 실행_0000" finished-at="2021-11-25T22:01:48 KST" duration-ms="57002" status="PASS">
          <params>
            <param index="0">
              <value>
                <![CDATA[public void Chips_004_생활정보.생활정보_14_뉴스.TC_0000_앱실행과AccessToken얻기(java.lang.reflect.Method) throws java.lang.Exception]]>
              </value>
            </param>
          </params>
          <reporter-output>
          </reporter-output>
        </test-method> <!-- TC_0000_앱실행과AccessToken얻기 -->
        <test-method is-config="true" signature="AfterMethod(org.testng.ITestResult)[pri:0, instance:Chips_004_생활정보.생활정보_14_뉴스@a1f72f5]" started-at="2021-11-25T22:01:48 KST" name="AfterMethod" finished-at="2021-11-25T22:01:48 KST" duration-ms="1" status="PASS">
          <params>
            <param index="0">
              <value>
                <![CDATA[[TestResult name=TC_0000_앱실행과AccessToken얻기 status=SUCCESS method=생활정보_14_뉴스.TC_0000_앱실행과AccessToken얻기(java.lang.reflect.Method)[pri:0, instance:Chips_004_생활정보.생활정보_14_뉴스@a1f72f5] output={null}]]]>
              </value>
            </param>
          </params>
          <reporter-output>
          </reporter-output>
        </test-method> <!-- AfterMethod -->
        <test-method signature="TC_0811_Chips_뉴스_기본설정_CBS뉴스_확인(java.lang.reflect.Method)[pri:0, instance:Chips_004_생활정보.생활정보_14_뉴스@a1f72f5]" started-at="2021-11-25T22:01:48 KST" name="TC_0811_Chips_뉴스_기본설정_CBS뉴스_확인" description="칩스 리그레이션 TC : 실행_0811" finished-at="2021-11-25T22:02:03 KST" duration-ms="15106" status="PASS">
          <params>
            <param index="0">
              <value>
                <![CDATA[public void Chips_004_생활정보.생활정보_14_뉴스.TC_0811_Chips_뉴스_기본설정_CBS뉴스_확인(java.lang.reflect.Method) throws java.lang.Exception]]>
              </value>
            </param>
          </params>
          <reporter-output>
          </reporter-output>
        </test-method> <!-- TC_0811_Chips_뉴스_기본설정_CBS뉴스_확인 -->
        <test-method is-config="true" signature="BeforeMethod(java.lang.reflect.Method)[pri:0, instance:Chips_004_생활정보.생활정보_14_뉴스@a1f72f5]" started-at="2021-11-25T22:01:48 KST" name="BeforeMethod" finished-at="2021-11-25T22:01:48 KST" duration-ms="0" status="PASS">
          <params>
            <param index="0">
              <value>
                <![CDATA[public void Chips_004_생활정보.생활정보_14_뉴스.TC_0811_Chips_뉴스_기본설정_CBS뉴스_확인(java.lang.reflect.Method) throws java.lang.Exception]]>
              </value>
            </param>
          </params>
          <reporter-output>
          </reporter-output>
        </test-method> <!-- BeforeMethod -->
        <test-method is-config="true" signature="AfterMethod(org.testng.ITestResult)[pri:0, instance:Chips_004_생활정보.생활정보_14_뉴스@a1f72f5]" started-at="2021-11-25T22:02:03 KST" name="AfterMethod" finished-at="2021-11-25T22:02:03 KST" duration-ms="0" status="PASS">
          <params>
            <param index="0">
              <value>
                <![CDATA[[TestResult name=TC_0811_Chips_뉴스_기본설정_CBS뉴스_확인 status=SUCCESS method=생활정보_14_뉴스.TC_0811_Chips_뉴스_기본설정_CBS뉴스_확인(java.lang.reflect.Method)[pri:0, instance:Chips_004_생활정보.생활정보_14_뉴스@a1f72f5] output={null}]]]>
              </value>
            </param>
          </params>
          <reporter-output>
          </reporter-output>
        </test-method> <!-- AfterMethod -->
        <test-method signature="TC_0812_Chips_뉴스_기본설정_CBS뉴스_확인(java.lang.reflect.Method)[pri:0, instance:Chips_004_생활정보.생활정보_14_뉴스@a1f72f5]" started-at="2021-11-25T22:02:03 KST" name="TC_0812_Chips_뉴스_기본설정_CBS뉴스_확인" description="칩스 리그레이션 TC : 실행_0812" finished-at="2021-11-25T22:02:11 KST" duration-ms="8148" status="PASS">
          <params>
            <param index="0">
              <value>
                <![CDATA[public void Chips_004_생활정보.생활정보_14_뉴스.TC_0812_Chips_뉴스_기본설정_CBS뉴스_확인(java.lang.reflect.Method) throws java.lang.Exception]]>
              </value>
            </param>
          </params>
          <reporter-output>
          </reporter-output>
        </test-method> <!-- TC_0812_Chips_뉴스_기본설정_CBS뉴스_확인 -->
        <test-method is-config="true" signature="BeforeMethod(java.lang.reflect.Method)[pri:0, instance:Chips_004_생활정보.생활정보_14_뉴스@a1f72f5]" started-at="2021-11-25T22:02:03 KST" name="BeforeMethod" finished-at="2021-11-25T22:02:03 KST" duration-ms="0" status="PASS">
          <params>
            <param index="0">
              <value>
                <![CDATA[public void Chips_004_생활정보.생활정보_14_뉴스.TC_0812_Chips_뉴스_기본설정_CBS뉴스_확인(java.lang.reflect.Method) throws java.lang.Exception]]>
              </value>
            </param>
          </params>
          <reporter-output>
          </reporter-output>
        </test-method> <!-- BeforeMethod -->
        <test-method is-config="true" signature="AfterMethod(org.testng.ITestResult)[pri:0, instance:Chips_004_생활정보.생활정보_14_뉴스@a1f72f5]" started-at="2021-11-25T22:02:11 KST" name="AfterMethod" finished-at="2021-11-25T22:02:11 KST" duration-ms="1" status="PASS">
          <params>
            <param index="0">
              <value>
                <![CDATA[[TestResult name=TC_0812_Chips_뉴스_기본설정_CBS뉴스_확인 status=SUCCESS method=생활정보_14_뉴스.TC_0812_Chips_뉴스_기본설정_CBS뉴스_확인(java.lang.reflect.Method)[pri:0, instance:Chips_004_생활정보.생활정보_14_뉴스@a1f72f5] output={null}]]]>
              </value>
            </param>
          </params>
          <reporter-output>
          </reporter-output>
        </test-method> <!-- AfterMethod -->
        <test-method signature="TC_0813_Chips_뉴스_KBS뉴스_확인(java.lang.reflect.Method)[pri:0, instance:Chips_004_생활정보.생활정보_14_뉴스@a1f72f5]" started-at="2021-11-25T22:02:11 KST" name="TC_0813_Chips_뉴스_KBS뉴스_확인" description="칩스 리그레이션 TC : 실행_0813" finished-at="2021-11-25T22:02:28 KST" duration-ms="17225" status="PASS">
          <params>
            <param index="0">
              <value>
                <![CDATA[public void Chips_004_생활정보.생활정보_14_뉴스.TC_0813_Chips_뉴스_KBS뉴스_확인(java.lang.reflect.Method) throws java.lang.Exception]]>
              </value>
            </param>
          </params>
          <reporter-output>
          </reporter-output>
        </test-method> <!-- TC_0813_Chips_뉴스_KBS뉴스_확인 -->
        <test-method is-config="true" signature="BeforeMethod(java.lang.reflect.Method)[pri:0, instance:Chips_004_생활정보.생활정보_14_뉴스@a1f72f5]" started-at="2021-11-25T22:02:11 KST" name="BeforeMethod" finished-at="2021-11-25T22:02:11 KST" duration-ms="0" status="PASS">
          <params>
            <param index="0">
              <value>
                <![CDATA[public void Chips_004_생활정보.생활정보_14_뉴스.TC_0813_Chips_뉴스_KBS뉴스_확인(java.lang.reflect.Method) throws java.lang.Exception]]>
              </value>
            </param>
          </params>
          <reporter-output>
          </reporter-output>
        </test-method> <!-- BeforeMethod -->
        <test-method is-config="true" signature="AfterMethod(org.testng.ITestResult)[pri:0, instance:Chips_004_생활정보.생활정보_14_뉴스@a1f72f5]" started-at="2021-11-25T22:02:28 KST" name="AfterMethod" finished-at="2021-11-25T22:02:28 KST" duration-ms="1" status="PASS">
          <params>
            <param index="0">
              <value>
                <![CDATA[[TestResult name=TC_0813_Chips_뉴스_KBS뉴스_확인 status=SUCCESS method=생활정보_14_뉴스.TC_0813_Chips_뉴스_KBS뉴스_확인(java.lang.reflect.Method)[pri:0, instance:Chips_004_생활정보.생활정보_14_뉴스@a1f72f5] output={null}]]]>
              </value>
            </param>
          </params>
          <reporter-output>
          </reporter-output>
        </test-method> <!-- AfterMethod -->
        <test-method signature="TC_0814_Chips_뉴스_CBS뉴스_확인(java.lang.reflect.Method)[pri:0, instance:Chips_004_생활정보.생활정보_14_뉴스@a1f72f5]" started-at="2021-11-25T22:02:28 KST" name="TC_0814_Chips_뉴스_CBS뉴스_확인" description="칩스 리그레이션 TC : 실행_0814" finished-at="2021-11-25T22:02:43 KST" duration-ms="14795" status="PASS">
          <params>
            <param index="0">
              <value>
                <![CDATA[public void Chips_004_생활정보.생활정보_14_뉴스.TC_0814_Chips_뉴스_CBS뉴스_확인(java.lang.reflect.Method) throws java.lang.Exception]]>
              </value>
            </param>
          </params>
          <reporter-output>
          </reporter-output>
        </test-method> <!-- TC_0814_Chips_뉴스_CBS뉴스_확인 -->
        <test-method is-config="true" signature="BeforeMethod(java.lang.reflect.Method)[pri:0, instance:Chips_004_생활정보.생활정보_14_뉴스@a1f72f5]" started-at="2021-11-25T22:02:28 KST" name="BeforeMethod" finished-at="2021-11-25T22:02:28 KST" duration-ms="0" status="PASS">
          <params>
            <param index="0">
              <value>
                <![CDATA[public void Chips_004_생활정보.생활정보_14_뉴스.TC_0814_Chips_뉴스_CBS뉴스_확인(java.lang.reflect.Method) throws java.lang.Exception]]>
              </value>
            </param>
          </params>
          <reporter-output>
          </reporter-output>
        </test-method> <!-- BeforeMethod -->
        <test-method is-config="true" signature="AfterMethod(org.testng.ITestResult)[pri:0, instance:Chips_004_생활정보.생활정보_14_뉴스@a1f72f5]" started-at="2021-11-25T22:02:43 KST" name="AfterMethod" finished-at="2021-11-25T22:02:43 KST" duration-ms="0" status="PASS">
          <params>
            <param index="0">
              <value>
                <![CDATA[[TestResult name=TC_0814_Chips_뉴스_CBS뉴스_확인 status=SUCCESS method=생활정보_14_뉴스.TC_0814_Chips_뉴스_CBS뉴스_확인(java.lang.reflect.Method)[pri:0, instance:Chips_004_생활정보.생활정보_14_뉴스@a1f72f5] output={null}]]]>
              </value>
            </param>
          </params>
          <reporter-output>
          </reporter-output>
        </test-method> <!-- AfterMethod -->
        <test-method is-config="true" signature="BeforeMethod(java.lang.reflect.Method)[pri:0, instance:Chips_004_생활정보.생활정보_14_뉴스@a1f72f5]" started-at="2021-11-25T22:02:43 KST" name="BeforeMethod" finished-at="2021-11-25T22:02:43 KST" duration-ms="0" status="PASS">
          <params>
            <param index="0">
              <value>
                <![CDATA[public void Chips_004_생활정보.생활정보_14_뉴스.TC_0815_1_Chips_뉴스_MBC뉴스_확인(java.lang.reflect.Method) throws java.lang.Exception]]>
              </value>
            </param>
          </params>
          <reporter-output>
          </reporter-output>
        </test-method> <!-- BeforeMethod -->
        <test-method signature="TC_0815_1_Chips_뉴스_MBC뉴스_확인(java.lang.reflect.Method)[pri:0, instance:Chips_004_생활정보.생활정보_14_뉴스@a1f72f5]" started-at="2021-11-25T22:02:43 KST" name="TC_0815_1_Chips_뉴스_MBC뉴스_확인" description="칩스 리그레이션 TC : 실행_0815_1" finished-at="2021-11-25T22:03:03 KST" duration-ms="19920" status="PASS">
          <params>
            <param index="0">
              <value>
                <![CDATA[public void Chips_004_생활정보.생활정보_14_뉴스.TC_0815_1_Chips_뉴스_MBC뉴스_확인(java.lang.reflect.Method) throws java.lang.Exception]]>
              </value>
            </param>
          </params>
          <reporter-output>
          </reporter-output>
        </test-method> <!-- TC_0815_1_Chips_뉴스_MBC뉴스_확인 -->
        <test-method is-config="true" signature="AfterMethod(org.testng.ITestResult)[pri:0, instance:Chips_004_생활정보.생활정보_14_뉴스@a1f72f5]" started-at="2021-11-25T22:03:03 KST" name="AfterMethod" finished-at="2021-11-25T22:03:03 KST" duration-ms="1" status="PASS">
          <params>
            <param index="0">
              <value>
                <![CDATA[[TestResult name=TC_0815_1_Chips_뉴스_MBC뉴스_확인 status=SUCCESS method=생활정보_14_뉴스.TC_0815_1_Chips_뉴스_MBC뉴스_확인(java.lang.reflect.Method)[pri:0, instance:Chips_004_생활정보.생활정보_14_뉴스@a1f72f5] output={null}]]]>
              </value>
            </param>
          </params>
          <reporter-output>
          </reporter-output>
        </test-method> <!-- AfterMethod -->
        <test-method is-config="true" signature="BeforeMethod(java.lang.reflect.Method)[pri:0, instance:Chips_004_생활정보.생활정보_14_뉴스@a1f72f5]" started-at="2021-11-25T22:03:03 KST" name="BeforeMethod" finished-at="2021-11-25T22:03:03 KST" duration-ms="0" status="PASS">
          <params>
            <param index="0">
              <value>
                <![CDATA[public void Chips_004_생활정보.생활정보_14_뉴스.TC_0815_2_Chips_뉴스_TBS뉴스_확인(java.lang.reflect.Method) throws java.lang.Exception]]>
              </value>
            </param>
          </params>
          <reporter-output>
          </reporter-output>
        </test-method> <!-- BeforeMethod -->
        <test-method signature="TC_0815_2_Chips_뉴스_TBS뉴스_확인(java.lang.reflect.Method)[pri:0, instance:Chips_004_생활정보.생활정보_14_뉴스@a1f72f5]" started-at="2021-11-25T22:03:03 KST" name="TC_0815_2_Chips_뉴스_TBS뉴스_확인" description="칩스 리그레이션 TC : 실행_0815_2" finished-at="2021-11-25T22:03:22 KST" duration-ms="19132" status="PASS">
          <params>
            <param index="0">
              <value>
                <![CDATA[public void Chips_004_생활정보.생활정보_14_뉴스.TC_0815_2_Chips_뉴스_TBS뉴스_확인(java.lang.reflect.Method) throws java.lang.Exception]]>
              </value>
            </param>
          </params>
          <reporter-output>
          </reporter-output>
        </test-method> <!-- TC_0815_2_Chips_뉴스_TBS뉴스_확인 -->
        <test-method is-config="true" signature="AfterMethod(org.testng.ITestResult)[pri:0, instance:Chips_004_생활정보.생활정보_14_뉴스@a1f72f5]" started-at="2021-11-25T22:03:22 KST" name="AfterMethod" finished-at="2021-11-25T22:03:22 KST" duration-ms="1" status="PASS">
          <params>
            <param index="0">
              <value>
                <![CDATA[[TestResult name=TC_0815_2_Chips_뉴스_TBS뉴스_확인 status=SUCCESS method=생활정보_14_뉴스.TC_0815_2_Chips_뉴스_TBS뉴스_확인(java.lang.reflect.Method)[pri:0, instance:Chips_004_생활정보.생활정보_14_뉴스@a1f72f5] output={null}]]]>
              </value>
            </param>
          </params>
          <reporter-output>
          </reporter-output>
        </test-method> <!-- AfterMethod -->
        <test-method is-config="true" signature="BeforeMethod(java.lang.reflect.Method)[pri:0, instance:Chips_004_생활정보.생활정보_14_뉴스@a1f72f5]" started-at="2021-11-25T22:03:22 KST" name="BeforeMethod" finished-at="2021-11-25T22:03:22 KST" duration-ms="0" status="PASS">
          <params>
            <param index="0">
              <value>
                <![CDATA[public void Chips_004_생활정보.생활정보_14_뉴스.TC_0815_2_Chips_뉴스_연합뉴스뉴스_확인(java.lang.reflect.Method) throws java.lang.Exception]]>
              </value>
            </param>
          </params>
          <reporter-output>
          </reporter-output>
        </test-method> <!-- BeforeMethod -->
        <test-method signature="TC_0815_2_Chips_뉴스_연합뉴스뉴스_확인(java.lang.reflect.Method)[pri:0, instance:Chips_004_생활정보.생활정보_14_뉴스@a1f72f5]" started-at="2021-11-25T22:03:22 KST" name="TC_0815_2_Chips_뉴스_연합뉴스뉴스_확인" description="칩스 리그레이션 TC : 실행_0815_2" finished-at="2021-11-25T22:03:44 KST" duration-ms="21959" status="PASS">
          <params>
            <param index="0">
              <value>
                <![CDATA[public void Chips_004_생활정보.생활정보_14_뉴스.TC_0815_2_Chips_뉴스_연합뉴스뉴스_확인(java.lang.reflect.Method) throws java.lang.Exception]]>
              </value>
            </param>
          </params>
          <reporter-output>
          </reporter-output>
        </test-method> <!-- TC_0815_2_Chips_뉴스_연합뉴스뉴스_확인 -->
        <test-method signature="TC_0815_Chips_뉴스_SBS뉴스_확인(java.lang.reflect.Method)[pri:0, instance:Chips_004_생활정보.생활정보_14_뉴스@a1f72f5]" started-at="2021-11-25T22:03:44 KST" name="TC_0815_Chips_뉴스_SBS뉴스_확인" description="칩스 리그레이션 TC : 실행_0812" finished-at="2021-11-25T22:03:59 KST" duration-ms="14694" status="PASS">
          <params>
            <param index="0">
              <value>
                <![CDATA[public void Chips_004_생활정보.생활정보_14_뉴스.TC_0815_Chips_뉴스_SBS뉴스_확인(java.lang.reflect.Method) throws java.lang.Exception]]>
              </value>
            </param>
          </params>
          <reporter-output>
          </reporter-output>
        </test-method> <!-- TC_0815_Chips_뉴스_SBS뉴스_확인 -->
        <test-method is-config="true" signature="BeforeMethod(java.lang.reflect.Method)[pri:0, instance:Chips_004_생활정보.생활정보_14_뉴스@a1f72f5]" started-at="2021-11-25T22:03:44 KST" name="BeforeMethod" finished-at="2021-11-25T22:03:44 KST" duration-ms="0" status="PASS">
          <params>
            <param index="0">
              <value>
                <![CDATA[public void Chips_004_생활정보.생활정보_14_뉴스.TC_0815_Chips_뉴스_SBS뉴스_확인(java.lang.reflect.Method) throws java.lang.Exception]]>
              </value>
            </param>
          </params>
          <reporter-output>
          </reporter-output>
        </test-method> <!-- BeforeMethod -->
        <test-method is-config="true" signature="AfterMethod(org.testng.ITestResult)[pri:0, instance:Chips_004_생활정보.생활정보_14_뉴스@a1f72f5]" started-at="2021-11-25T22:03:44 KST" name="AfterMethod" finished-at="2021-11-25T22:03:44 KST" duration-ms="0" status="PASS">
          <params>
            <param index="0">
              <value>
                <![CDATA[[TestResult name=TC_0815_2_Chips_뉴스_연합뉴스뉴스_확인 status=SUCCESS method=생활정보_14_뉴스.TC_0815_2_Chips_뉴스_연합뉴스뉴스_확인(java.lang.reflect.Method)[pri:0, instance:Chips_004_생활정보.생활정보_14_뉴스@a1f72f5] output={null}]]]>
              </value>
            </param>
          </params>
          <reporter-output>
          </reporter-output>
        </test-method> <!-- AfterMethod -->
        <test-method signature="TC_0816_Chips_뉴스_오늘뉴스_확인(java.lang.reflect.Method)[pri:0, instance:Chips_004_생활정보.생활정보_14_뉴스@a1f72f5]" started-at="2021-11-25T22:03:59 KST" name="TC_0816_Chips_뉴스_오늘뉴스_확인" description="칩스 리그레이션 TC : 실행_0816" finished-at="2021-11-25T22:04:16 KST" duration-ms="17099" status="PASS">
          <params>
            <param index="0">
              <value>
                <![CDATA[public void Chips_004_생활정보.생활정보_14_뉴스.TC_0816_Chips_뉴스_오늘뉴스_확인(java.lang.reflect.Method) throws java.lang.Exception]]>
              </value>
            </param>
          </params>
          <reporter-output>
          </reporter-output>
        </test-method> <!-- TC_0816_Chips_뉴스_오늘뉴스_확인 -->
        <test-method is-config="true" signature="BeforeMethod(java.lang.reflect.Method)[pri:0, instance:Chips_004_생활정보.생활정보_14_뉴스@a1f72f5]" started-at="2021-11-25T22:03:59 KST" name="BeforeMethod" finished-at="2021-11-25T22:03:59 KST" duration-ms="0" status="PASS">
          <params>
            <param index="0">
              <value>
                <![CDATA[public void Chips_004_생활정보.생활정보_14_뉴스.TC_0816_Chips_뉴스_오늘뉴스_확인(java.lang.reflect.Method) throws java.lang.Exception]]>
              </value>
            </param>
          </params>
          <reporter-output>
          </reporter-output>
        </test-method> <!-- BeforeMethod -->
        <test-method is-config="true" signature="AfterMethod(org.testng.ITestResult)[pri:0, instance:Chips_004_생활정보.생활정보_14_뉴스@a1f72f5]" started-at="2021-11-25T22:03:59 KST" name="AfterMethod" finished-at="2021-11-25T22:03:59 KST" duration-ms="0" status="PASS">
          <params>
            <param index="0">
              <value>
                <![CDATA[[TestResult name=TC_0815_Chips_뉴스_SBS뉴스_확인 status=SUCCESS method=생활정보_14_뉴스.TC_0815_Chips_뉴스_SBS뉴스_확인(java.lang.reflect.Method)[pri:0, instance:Chips_004_생활정보.생활정보_14_뉴스@a1f72f5] output={null}]]]>
              </value>
            </param>
          </params>
          <reporter-output>
          </reporter-output>
        </test-method> <!-- AfterMethod -->
        <test-method signature="TC_0817_Chips_뉴스_연예특정뉴스_확인(java.lang.reflect.Method)[pri:0, instance:Chips_004_생활정보.생활정보_14_뉴스@a1f72f5]" started-at="2021-11-25T22:04:16 KST" name="TC_0817_Chips_뉴스_연예특정뉴스_확인" description="칩스 리그레이션 TC : 실행_0817" finished-at="2021-11-25T22:04:36 KST" duration-ms="20078" status="PASS">
          <params>
            <param index="0">
              <value>
                <![CDATA[public void Chips_004_생활정보.생활정보_14_뉴스.TC_0817_Chips_뉴스_연예특정뉴스_확인(java.lang.reflect.Method) throws java.lang.Exception]]>
              </value>
            </param>
          </params>
          <reporter-output>
          </reporter-output>
        </test-method> <!-- TC_0817_Chips_뉴스_연예특정뉴스_확인 -->
        <test-method is-config="true" signature="AfterMethod(org.testng.ITestResult)[pri:0, instance:Chips_004_생활정보.생활정보_14_뉴스@a1f72f5]" started-at="2021-11-25T22:04:16 KST" name="AfterMethod" finished-at="2021-11-25T22:04:16 KST" duration-ms="0" status="PASS">
          <params>
            <param index="0">
              <value>
                <![CDATA[[TestResult name=TC_0816_Chips_뉴스_오늘뉴스_확인 status=SUCCESS method=생활정보_14_뉴스.TC_0816_Chips_뉴스_오늘뉴스_확인(java.lang.reflect.Method)[pri:0, instance:Chips_004_생활정보.생활정보_14_뉴스@a1f72f5] output={null}]]]>
              </value>
            </param>
          </params>
          <reporter-output>
          </reporter-output>
        </test-method> <!-- AfterMethod -->
        <test-method is-config="true" signature="BeforeMethod(java.lang.reflect.Method)[pri:0, instance:Chips_004_생활정보.생활정보_14_뉴스@a1f72f5]" started-at="2021-11-25T22:04:16 KST" name="BeforeMethod" finished-at="2021-11-25T22:04:16 KST" duration-ms="0" status="PASS">
          <params>
            <param index="0">
              <value>
                <![CDATA[public void Chips_004_생활정보.생활정보_14_뉴스.TC_0817_Chips_뉴스_연예특정뉴스_확인(java.lang.reflect.Method) throws java.lang.Exception]]>
              </value>
            </param>
          </params>
          <reporter-output>
          </reporter-output>
        </test-method> <!-- BeforeMethod -->
        <test-method is-config="true" signature="BeforeMethod(java.lang.reflect.Method)[pri:0, instance:Chips_004_생활정보.생활정보_14_뉴스@a1f72f5]" started-at="2021-11-25T22:04:36 KST" name="BeforeMethod" finished-at="2021-11-25T22:04:36 KST" duration-ms="1" status="PASS">
          <params>
            <param index="0">
              <value>
                <![CDATA[public void Chips_004_생활정보.생활정보_14_뉴스.TC_0818_Chips_뉴스_스포츠특정뉴스_확인(java.lang.reflect.Method) throws java.lang.Exception]]>
              </value>
            </param>
          </params>
          <reporter-output>
          </reporter-output>
        </test-method> <!-- BeforeMethod -->
        <test-method is-config="true" signature="AfterMethod(org.testng.ITestResult)[pri:0, instance:Chips_004_생활정보.생활정보_14_뉴스@a1f72f5]" started-at="2021-11-25T22:04:36 KST" name="AfterMethod" finished-at="2021-11-25T22:04:36 KST" duration-ms="0" status="PASS">
          <params>
            <param index="0">
              <value>
                <![CDATA[[TestResult name=TC_0817_Chips_뉴스_연예특정뉴스_확인 status=SUCCESS method=생활정보_14_뉴스.TC_0817_Chips_뉴스_연예특정뉴스_확인(java.lang.reflect.Method)[pri:0, instance:Chips_004_생활정보.생활정보_14_뉴스@a1f72f5] output={null}]]]>
              </value>
            </param>
          </params>
          <reporter-output>
          </reporter-output>
        </test-method> <!-- AfterMethod -->
        <test-method signature="TC_0818_Chips_뉴스_스포츠특정뉴스_확인(java.lang.reflect.Method)[pri:0, instance:Chips_004_생활정보.생활정보_14_뉴스@a1f72f5]" started-at="2021-11-25T22:04:36 KST" name="TC_0818_Chips_뉴스_스포츠특정뉴스_확인" description="칩스 리그레이션 TC : 실행_0818" finished-at="2021-11-25T22:04:46 KST" duration-ms="10261" status="PASS">
          <params>
            <param index="0">
              <value>
                <![CDATA[public void Chips_004_생활정보.생활정보_14_뉴스.TC_0818_Chips_뉴스_스포츠특정뉴스_확인(java.lang.reflect.Method) throws java.lang.Exception]]>
              </value>
            </param>
          </params>
          <reporter-output>
          </reporter-output>
        </test-method> <!-- TC_0818_Chips_뉴스_스포츠특정뉴스_확인 -->
        <test-method is-config="true" signature="AfterMethod(org.testng.ITestResult)[pri:0, instance:Chips_004_생활정보.생활정보_14_뉴스@a1f72f5]" started-at="2021-11-25T22:04:46 KST" name="AfterMethod" finished-at="2021-11-25T22:04:46 KST" duration-ms="0" status="PASS">
          <params>
            <param index="0">
              <value>
                <![CDATA[[TestResult name=TC_0818_Chips_뉴스_스포츠특정뉴스_확인 status=SUCCESS method=생활정보_14_뉴스.TC_0818_Chips_뉴스_스포츠특정뉴스_확인(java.lang.reflect.Method)[pri:0, instance:Chips_004_생활정보.생활정보_14_뉴스@a1f72f5] output={null}]]]>
              </value>
            </param>
          </params>
          <reporter-output>
          </reporter-output>
        </test-method> <!-- AfterMethod -->
        <test-method is-config="true" signature="BeforeMethod(java.lang.reflect.Method)[pri:0, instance:Chips_004_생활정보.생활정보_14_뉴스@a1f72f5]" started-at="2021-11-25T22:04:46 KST" name="BeforeMethod" finished-at="2021-11-25T22:04:46 KST" duration-ms="1" status="PASS">
          <params>
            <param index="0">
              <value>
                <![CDATA[public void Chips_004_생활정보.생활정보_14_뉴스.TC_0819_Chips_뉴스_미지원채널_확인(java.lang.reflect.Method) throws java.lang.Exception]]>
              </value>
            </param>
          </params>
          <reporter-output>
          </reporter-output>
        </test-method> <!-- BeforeMethod -->
        <test-method signature="TC_0819_Chips_뉴스_미지원채널_확인(java.lang.reflect.Method)[pri:0, instance:Chips_004_생활정보.생활정보_14_뉴스@a1f72f5]" started-at="2021-11-25T22:04:46 KST" name="TC_0819_Chips_뉴스_미지원채널_확인" description="칩스 리그레이션 TC : 실행_0819" finished-at="2021-11-25T22:04:51 KST" duration-ms="5080" status="PASS">
          <params>
            <param index="0">
              <value>
                <![CDATA[public void Chips_004_생활정보.생활정보_14_뉴스.TC_0819_Chips_뉴스_미지원채널_확인(java.lang.reflect.Method) throws java.lang.Exception]]>
              </value>
            </param>
          </params>
          <reporter-output>
          </reporter-output>
        </test-method> <!-- TC_0819_Chips_뉴스_미지원채널_확인 -->
        <test-method is-config="true" signature="AfterMethod(org.testng.ITestResult)[pri:0, instance:Chips_004_생활정보.생활정보_14_뉴스@a1f72f5]" started-at="2021-11-25T22:04:51 KST" name="AfterMethod" finished-at="2021-11-25T22:04:51 KST" duration-ms="0" status="PASS">
          <params>
            <param index="0">
              <value>
                <![CDATA[[TestResult name=TC_0819_Chips_뉴스_미지원채널_확인 status=SUCCESS method=생활정보_14_뉴스.TC_0819_Chips_뉴스_미지원채널_확인(java.lang.reflect.Method)[pri:0, instance:Chips_004_생활정보.생활정보_14_뉴스@a1f72f5] output={null}]]]>
              </value>
            </param>
          </params>
          <reporter-output>
          </reporter-output>
        </test-method> <!-- AfterMethod -->
        <test-method is-config="true" signature="BeforeMethod(java.lang.reflect.Method)[pri:0, instance:Chips_004_생활정보.생활정보_14_뉴스@a1f72f5]" started-at="2021-11-25T22:04:51 KST" name="BeforeMethod" finished-at="2021-11-25T22:04:51 KST" duration-ms="0" status="PASS">
          <params>
            <param index="0">
              <value>
                <![CDATA[public void Chips_004_생활정보.생활정보_14_뉴스.TC_0820_Chips_뉴스_미지원채널_확인(java.lang.reflect.Method) throws java.lang.Exception]]>
              </value>
            </param>
          </params>
          <reporter-output>
          </reporter-output>
        </test-method> <!-- BeforeMethod -->
        <test-method signature="TC_0820_Chips_뉴스_미지원채널_확인(java.lang.reflect.Method)[pri:0, instance:Chips_004_생활정보.생활정보_14_뉴스@a1f72f5]" started-at="2021-11-25T22:04:51 KST" name="TC_0820_Chips_뉴스_미지원채널_확인" description="칩스 리그레이션 TC : 실행_0820" finished-at="2021-11-25T22:04:56 KST" duration-ms="5090" status="PASS">
          <params>
            <param index="0">
              <value>
                <![CDATA[public void Chips_004_생활정보.생활정보_14_뉴스.TC_0820_Chips_뉴스_미지원채널_확인(java.lang.reflect.Method) throws java.lang.Exception]]>
              </value>
            </param>
          </params>
          <reporter-output>
          </reporter-output>
        </test-method> <!-- TC_0820_Chips_뉴스_미지원채널_확인 -->
        <test-method is-config="true" signature="AfterMethod(org.testng.ITestResult)[pri:0, instance:Chips_004_생활정보.생활정보_14_뉴스@a1f72f5]" started-at="2021-11-25T22:04:56 KST" name="AfterMethod" finished-at="2021-11-25T22:04:56 KST" duration-ms="0" status="PASS">
          <params>
            <param index="0">
              <value>
                <![CDATA[[TestResult name=TC_0820_Chips_뉴스_미지원채널_확인 status=SUCCESS method=생활정보_14_뉴스.TC_0820_Chips_뉴스_미지원채널_확인(java.lang.reflect.Method)[pri:0, instance:Chips_004_생활정보.생활정보_14_뉴스@a1f72f5] output={null}]]]>
              </value>
            </param>
          </params>
          <reporter-output>
          </reporter-output>
        </test-method> <!-- AfterMethod -->
        <test-method is-config="true" signature="BeforeMethod(java.lang.reflect.Method)[pri:0, instance:Chips_004_생활정보.생활정보_14_뉴스@a1f72f5]" started-at="2021-11-25T22:04:56 KST" name="BeforeMethod" finished-at="2021-11-25T22:04:56 KST" duration-ms="0" status="PASS">
          <params>
            <param index="0">
              <value>
                <![CDATA[public void Chips_004_생활정보.생활정보_14_뉴스.TC_0821_Chips_뉴스_SK텔레콤_키워드뉴스_확인(java.lang.reflect.Method) throws java.lang.Exception]]>
              </value>
            </param>
          </params>
          <reporter-output>
          </reporter-output>
        </test-method> <!-- BeforeMethod -->
        <test-method signature="TC_0821_Chips_뉴스_SK텔레콤_키워드뉴스_확인(java.lang.reflect.Method)[pri:0, instance:Chips_004_생활정보.생활정보_14_뉴스@a1f72f5]" started-at="2021-11-25T22:04:56 KST" name="TC_0821_Chips_뉴스_SK텔레콤_키워드뉴스_확인" description="칩스 리그레이션 TC : 실행_0821" finished-at="2021-11-25T22:05:20 KST" duration-ms="23234" status="PASS">
          <params>
            <param index="0">
              <value>
                <![CDATA[public void Chips_004_생활정보.생활정보_14_뉴스.TC_0821_Chips_뉴스_SK텔레콤_키워드뉴스_확인(java.lang.reflect.Method) throws java.lang.Exception]]>
              </value>
            </param>
          </params>
          <reporter-output>
          </reporter-output>
        </test-method> <!-- TC_0821_Chips_뉴스_SK텔레콤_키워드뉴스_확인 -->
        <test-method is-config="true" signature="AfterMethod(org.testng.ITestResult)[pri:0, instance:Chips_004_생활정보.생활정보_14_뉴스@a1f72f5]" started-at="2021-11-25T22:05:20 KST" name="AfterMethod" finished-at="2021-11-25T22:05:20 KST" duration-ms="1" status="PASS">
          <params>
            <param index="0">
              <value>
                <![CDATA[[TestResult name=TC_0821_Chips_뉴스_SK텔레콤_키워드뉴스_확인 status=SUCCESS method=생활정보_14_뉴스.TC_0821_Chips_뉴스_SK텔레콤_키워드뉴스_확인(java.lang.reflect.Method)[pri:0, instance:Chips_004_생활정보.생활정보_14_뉴스@a1f72f5] output={null}]]]>
              </value>
            </param>
          </params>
          <reporter-output>
          </reporter-output>
        </test-method> <!-- AfterMethod -->
        <test-method is-config="true" signature="BeforeMethod(java.lang.reflect.Method)[pri:0, instance:Chips_004_생활정보.생활정보_14_뉴스@a1f72f5]" started-at="2021-11-25T22:05:20 KST" name="BeforeMethod" finished-at="2021-11-25T22:05:20 KST" duration-ms="0" status="PASS">
          <params>
            <param index="0">
              <value>
                <![CDATA[public void Chips_004_생활정보.생활정보_14_뉴스.TC_0822_Chips_뉴스_세종병원화재_키워드뉴스_확인(java.lang.reflect.Method) throws java.lang.Exception]]>
              </value>
            </param>
          </params>
          <reporter-output>
          </reporter-output>
        </test-method> <!-- BeforeMethod -->
        <test-method signature="TC_0822_Chips_뉴스_세종병원화재_키워드뉴스_확인(java.lang.reflect.Method)[pri:0, instance:Chips_004_생활정보.생활정보_14_뉴스@a1f72f5]" started-at="2021-11-25T22:05:20 KST" name="TC_0822_Chips_뉴스_세종병원화재_키워드뉴스_확인" description="칩스 리그레이션 TC : 실행_0822" finished-at="2021-11-25T22:05:30 KST" duration-ms="10000" status="PASS">
          <params>
            <param index="0">
              <value>
                <![CDATA[public void Chips_004_생활정보.생활정보_14_뉴스.TC_0822_Chips_뉴스_세종병원화재_키워드뉴스_확인(java.lang.reflect.Method) throws java.lang.Exception]]>
              </value>
            </param>
          </params>
          <reporter-output>
          </reporter-output>
        </test-method> <!-- TC_0822_Chips_뉴스_세종병원화재_키워드뉴스_확인 -->
        <test-method is-config="true" signature="AfterMethod(org.testng.ITestResult)[pri:0, instance:Chips_004_생활정보.생활정보_14_뉴스@a1f72f5]" started-at="2021-11-25T22:05:30 KST" name="AfterMethod" finished-at="2021-11-25T22:05:30 KST" duration-ms="0" status="PASS">
          <params>
            <param index="0">
              <value>
                <![CDATA[[TestResult name=TC_0822_Chips_뉴스_세종병원화재_키워드뉴스_확인 status=SUCCESS method=생활정보_14_뉴스.TC_0822_Chips_뉴스_세종병원화재_키워드뉴스_확인(java.lang.reflect.Method)[pri:0, instance:Chips_004_생활정보.생활정보_14_뉴스@a1f72f5] output={null}]]]>
              </value>
            </param>
          </params>
          <reporter-output>
          </reporter-output>
        </test-method> <!-- AfterMethod -->
        <test-method signature="TC_0823_Chips_뉴스_컴퓨터_키워드뉴스_확인(java.lang.reflect.Method)[pri:0, instance:Chips_004_생활정보.생활정보_14_뉴스@a1f72f5]" started-at="2021-11-25T22:05:30 KST" name="TC_0823_Chips_뉴스_컴퓨터_키워드뉴스_확인" description="칩스 리그레이션 TC : 실행_0823" finished-at="2021-11-25T22:05:45 KST" duration-ms="15357" status="PASS">
          <params>
            <param index="0">
              <value>
                <![CDATA[public void Chips_004_생활정보.생활정보_14_뉴스.TC_0823_Chips_뉴스_컴퓨터_키워드뉴스_확인(java.lang.reflect.Method) throws java.lang.Exception]]>
              </value>
            </param>
          </params>
          <reporter-output>
          </reporter-output>
        </test-method> <!-- TC_0823_Chips_뉴스_컴퓨터_키워드뉴스_확인 -->
        <test-method is-config="true" signature="BeforeMethod(java.lang.reflect.Method)[pri:0, instance:Chips_004_생활정보.생활정보_14_뉴스@a1f72f5]" started-at="2021-11-25T22:05:30 KST" name="BeforeMethod" finished-at="2021-11-25T22:05:30 KST" duration-ms="0" status="PASS">
          <params>
            <param index="0">
              <value>
                <![CDATA[public void Chips_004_생활정보.생활정보_14_뉴스.TC_0823_Chips_뉴스_컴퓨터_키워드뉴스_확인(java.lang.reflect.Method) throws java.lang.Exception]]>
              </value>
            </param>
          </params>
          <reporter-output>
          </reporter-output>
        </test-method> <!-- BeforeMethod -->
        <test-method is-config="true" signature="AfterMethod(org.testng.ITestResult)[pri:0, instance:Chips_004_생활정보.생활정보_14_뉴스@a1f72f5]" started-at="2021-11-25T22:05:45 KST" name="AfterMethod" finished-at="2021-11-25T22:05:45 KST" duration-ms="1" status="PASS">
          <params>
            <param index="0">
              <value>
                <![CDATA[[TestResult name=TC_0823_Chips_뉴스_컴퓨터_키워드뉴스_확인 status=SUCCESS method=생활정보_14_뉴스.TC_0823_Chips_뉴스_컴퓨터_키워드뉴스_확인(java.lang.reflect.Method)[pri:0, instance:Chips_004_생활정보.생활정보_14_뉴스@a1f72f5] output={null}]]]>
              </value>
            </param>
          </params>
          <reporter-output>
          </reporter-output>
        </test-method> <!-- AfterMethod -->
        <test-method signature="TC_0824_Chips_뉴스_NUGU토픽_확인(java.lang.reflect.Method)[pri:0, instance:Chips_004_생활정보.생활정보_14_뉴스@a1f72f5]" started-at="2021-11-25T22:05:45 KST" name="TC_0824_Chips_뉴스_NUGU토픽_확인" description="칩스 리그레이션 TC : 실행_0824" finished-at="2021-11-25T22:05:56 KST" duration-ms="11098" status="PASS">
          <params>
            <param index="0">
              <value>
                <![CDATA[public void Chips_004_생활정보.생활정보_14_뉴스.TC_0824_Chips_뉴스_NUGU토픽_확인(java.lang.reflect.Method) throws java.lang.Exception]]>
              </value>
            </param>
          </params>
          <reporter-output>
          </reporter-output>
        </test-method> <!-- TC_0824_Chips_뉴스_NUGU토픽_확인 -->
        <test-method is-config="true" signature="BeforeMethod(java.lang.reflect.Method)[pri:0, instance:Chips_004_생활정보.생활정보_14_뉴스@a1f72f5]" started-at="2021-11-25T22:05:45 KST" name="BeforeMethod" finished-at="2021-11-25T22:05:45 KST" duration-ms="0" status="PASS">
          <params>
            <param index="0">
              <value>
                <![CDATA[public void Chips_004_생활정보.생활정보_14_뉴스.TC_0824_Chips_뉴스_NUGU토픽_확인(java.lang.reflect.Method) throws java.lang.Exception]]>
              </value>
            </param>
          </params>
          <reporter-output>
          </reporter-output>
        </test-method> <!-- BeforeMethod -->
        <test-method is-config="true" signature="AfterMethod(org.testng.ITestResult)[pri:0, instance:Chips_004_생활정보.생활정보_14_뉴스@a1f72f5]" started-at="2021-11-25T22:05:56 KST" name="AfterMethod" finished-at="2021-11-25T22:05:56 KST" duration-ms="0" status="PASS">
          <params>
            <param index="0">
              <value>
                <![CDATA[[TestResult name=TC_0824_Chips_뉴스_NUGU토픽_확인 status=SUCCESS method=생활정보_14_뉴스.TC_0824_Chips_뉴스_NUGU토픽_확인(java.lang.reflect.Method)[pri:0, instance:Chips_004_생활정보.생활정보_14_뉴스@a1f72f5] output={null}]]]>
              </value>
            </param>
          </params>
          <reporter-output>
          </reporter-output>
        </test-method> <!-- AfterMethod -->
        <test-method signature="TC_0825_Chips_뉴스_키워드뉴스없음_확인(java.lang.reflect.Method)[pri:0, instance:Chips_004_생활정보.생활정보_14_뉴스@a1f72f5]" started-at="2021-11-25T22:05:56 KST" name="TC_0825_Chips_뉴스_키워드뉴스없음_확인" description="칩스 리그레이션 TC : 실행_0825" finished-at="2021-11-25T22:06:01 KST" duration-ms="5098" status="PASS">
          <params>
            <param index="0">
              <value>
                <![CDATA[public void Chips_004_생활정보.생활정보_14_뉴스.TC_0825_Chips_뉴스_키워드뉴스없음_확인(java.lang.reflect.Method) throws java.lang.Exception]]>
              </value>
            </param>
          </params>
          <reporter-output>
          </reporter-output>
        </test-method> <!-- TC_0825_Chips_뉴스_키워드뉴스없음_확인 -->
        <test-method is-config="true" signature="BeforeMethod(java.lang.reflect.Method)[pri:0, instance:Chips_004_생활정보.생활정보_14_뉴스@a1f72f5]" started-at="2021-11-25T22:05:56 KST" name="BeforeMethod" finished-at="2021-11-25T22:05:56 KST" duration-ms="0" status="PASS">
          <params>
            <param index="0">
              <value>
                <![CDATA[public void Chips_004_생활정보.생활정보_14_뉴스.TC_0825_Chips_뉴스_키워드뉴스없음_확인(java.lang.reflect.Method) throws java.lang.Exception]]>
              </value>
            </param>
          </params>
          <reporter-output>
          </reporter-output>
        </test-method> <!-- BeforeMethod -->
        <test-method is-config="true" signature="AfterMethod(org.testng.ITestResult)[pri:0, instance:Chips_004_생활정보.생활정보_14_뉴스@a1f72f5]" started-at="2021-11-25T22:06:01 KST" name="AfterMethod" finished-at="2021-11-25T22:06:01 KST" duration-ms="0" status="PASS">
          <params>
            <param index="0">
              <value>
                <![CDATA[[TestResult name=TC_0825_Chips_뉴스_키워드뉴스없음_확인 status=SUCCESS method=생활정보_14_뉴스.TC_0825_Chips_뉴스_키워드뉴스없음_확인(java.lang.reflect.Method)[pri:0, instance:Chips_004_생활정보.생활정보_14_뉴스@a1f72f5] output={null}]]]>
              </value>
            </param>
          </params>
          <reporter-output>
          </reporter-output>
        </test-method> <!-- AfterMethod -->
        <test-method is-config="true" signature="BeforeMethod(java.lang.reflect.Method)[pri:0, instance:Chips_004_생활정보.생활정보_14_뉴스@a1f72f5]" started-at="2021-11-25T22:06:01 KST" name="BeforeMethod" finished-at="2021-11-25T22:06:01 KST" duration-ms="1" status="PASS">
          <params>
            <param index="0">
              <value>
                <![CDATA[public void Chips_004_생활정보.생활정보_14_뉴스.TC_0826_Chips_뉴스_지난주뉴스_확인(java.lang.reflect.Method) throws java.lang.Exception]]>
              </value>
            </param>
          </params>
          <reporter-output>
          </reporter-output>
        </test-method> <!-- BeforeMethod -->
        <test-method signature="TC_0826_Chips_뉴스_지난주뉴스_확인(java.lang.reflect.Method)[pri:0, instance:Chips_004_생활정보.생활정보_14_뉴스@a1f72f5]" started-at="2021-11-25T22:06:01 KST" name="TC_0826_Chips_뉴스_지난주뉴스_확인" description="칩스 리그레이션 TC : 실행_0826" finished-at="2021-11-25T22:06:27 KST" duration-ms="25734" status="FAIL">
          <params>
            <param index="0">
              <value>
                <![CDATA[public void Chips_004_생활정보.생활정보_14_뉴스.TC_0826_Chips_뉴스_지난주뉴스_확인(java.lang.reflect.Method) throws java.lang.Exception]]>
              </value>
            </param>
          </params>
          <exception class="org.openqa.selenium.TimeoutException">
            <message>
              <![CDATA[Expected condition failed: waiting for presence of element located by: By.xpath: //android.webkit.WebView/android.webkit.WebView/android.view.View[2]/android.view.View/android.view.View (tried for 10 second(s) with 500 milliseconds interval)]]>
            </message>
            <full-stacktrace>
              <![CDATA[org.openqa.selenium.TimeoutException: Expected condition failed: waiting for presence of element located by: By.xpath: //android.webkit.WebView/android.webkit.WebView/android.view.View[2]/android.view.View/android.view.View (tried for 10 second(s) with 500 milliseconds interval)
at org.openqa.selenium.support.ui.WebDriverWait.timeoutException(WebDriverWait.java:95)
at org.openqa.selenium.support.ui.FluentWait.until(FluentWait.java:272)
at unit.Utilities.findElementLocated(Utilities.java:167)
at unit.Utilities.getText(Utilities.java:1382)
at unit.Utilities.getText_Assertfunc(Utilities.java:4427)
at Chips_004_생활정보.생활정보_14_뉴스.TC_0826_Chips_뉴스_지난주뉴스_확인(생활정보_14_뉴스.java:659)
at java.base/jdk.internal.reflect.NativeMethodAccessorImpl.invoke0(Native Method)
at java.base/jdk.internal.reflect.NativeMethodAccessorImpl.invoke(NativeMethodAccessorImpl.java:64)
at java.base/jdk.internal.reflect.DelegatingMethodAccessorImpl.invoke(DelegatingMethodAccessorImpl.java:43)
at java.base/java.lang.reflect.Method.invoke(Method.java:564)
at org.testng.internal.MethodInvocationHelper.invokeMethod(MethodInvocationHelper.java:133)
at org.testng.internal.TestInvoker.invokeMethod(TestInvoker.java:598)
at org.testng.internal.TestInvoker.invokeTestMethod(TestInvoker.java:173)
at org.testng.internal.MethodRunner.runInSequence(MethodRunner.java:46)
at org.testng.internal.TestInvoker$MethodInvocationAgent.invoke(TestInvoker.java:824)
at org.testng.internal.TestInvoker.invokeTestMethods(TestInvoker.java:146)
at org.testng.internal.TestMethodWorker.invokeTestMethods(TestMethodWorker.java:146)
at org.testng.internal.TestMethodWorker.run(TestMethodWorker.java:128)
at java.base/java.util.ArrayList.forEach(ArrayList.java:1511)
at org.testng.TestRunner.privateRun(TestRunner.java:794)
at org.testng.TestRunner.run(TestRunner.java:596)
at org.testng.SuiteRunner.runTest(SuiteRunner.java:377)
at org.testng.SuiteRunner.access$000(SuiteRunner.java:28)
at org.testng.SuiteRunner$SuiteWorker.run(SuiteRunner.java:418)
at org.testng.internal.thread.ThreadUtil.lambda$execute$0(ThreadUtil.java:64)
at java.base/java.util.concurrent.FutureTask.run(FutureTask.java:264)
at java.base/java.util.concurrent.ThreadPoolExecutor.runWorker(ThreadPoolExecutor.java:1130)
at java.base/java.util.concurrent.ThreadPoolExecutor$Worker.run(ThreadPoolExecutor.java:630)
at java.base/java.lang.Thread.run(Thread.java:832)
Caused by: org.openqa.selenium.NoSuchElementException: An element could not be located on the page using the given search parameters.
For documentation on this error, please visit: https://www.seleniumhq.org/exceptions/no_such_element.html
Build info: version: '3.141.59', revision: 'e82be7d358', time: '2018-11-14T08:17:03'
System info: host: 'DESKTOP-KEI', ip: '172.27.24.217', os.name: 'Windows 10', os.arch: 'amd64', os.version: '10.0', java.version: '15.0.2'
Driver info: unit.Utilities
Capabilities {appActivity: com.skt.aidev.nugufriends.u..., appPackage: com.skt.aidev.nugufriends, automationName: UIAutomator2, chromedriverArgs: {browserName: chrome, goog:chromeOptions: {args: [], extensions: [], w3c: true}}, chromedriverExecutable: C:\chromedriver_win32\chrom..., databaseEnabled: false, desired: {appActivity: com.skt.aidev.nugufriends.u..., appPackage: com.skt.aidev.nugufriends, automationName: UIAutomator2, chromedriverArgs: {browserName: chrome, goog:chromeOptions: {args: [], extensions: [], w3c: true}}, chromedriverExecutable: C:\chromedriver_win32\chrom..., deviceName: Android, extractChromeAndroidPackageFromContextName: true, focused: true, newCommandTimeout: 600000, platformName: android, recreateChromeDriverSessions: false, showChromedriverLog: true, udid: R33M4000CY}, deviceApiLevel: 29, deviceManufacturer: samsung, deviceModel: SM-N976N, deviceName: R33M4000CY, deviceScreenDensity: 420, deviceScreenSize: 1080x2280, deviceUDID: R33M4000CY, extractChromeAndroidPackageFromContextName: true, focused: true, javascriptEnabled: true, locationContextEnabled: false, networkConnectionEnabled: true, newCommandTimeout: 600000, pixelRatio: 2.625, platform: LINUX, platformName: Android, platformVersion: 10, recreateChromeDriverSessions: false, showChromedriverLog: true, statBarHeight: 85, takesScreenshot: true, udid: R33M4000CY, viewportRect: {height: 1984, left: 0, top: 85, width: 1080}, warnings: {}, webStorageEnabled: false}
Session ID: 4696c291-cdef-4ef1-a470-03f8b24de47e
*** Element info: {Using=xpath, value=//android.webkit.WebView/android.webkit.WebView/android.view.View[2]/android.view.View/android.view.View}
at jdk.internal.reflect.GeneratedConstructorAccessor13.newInstance(Unknown Source)
at java.base/jdk.internal.reflect.DelegatingConstructorAccessorImpl.newInstance(DelegatingConstructorAccessorImpl.java:45)
at java.base/java.lang.reflect.Constructor.newInstanceWithCaller(Constructor.java:500)
at java.base/java.lang.reflect.Constructor.newInstance(Constructor.java:481)
at org.openqa.selenium.remote.http.W3CHttpResponseCodec.createException(W3CHttpResponseCodec.java:187)
at org.openqa.selenium.remote.http.W3CHttpResponseCodec.decode(W3CHttpResponseCodec.java:122)
at org.openqa.selenium.remote.http.W3CHttpResponseCodec.decode(W3CHttpResponseCodec.java:49)
at org.openqa.selenium.remote.HttpCommandExecutor.execute(HttpCommandExecutor.java:158)
at io.appium.java_client.remote.AppiumCommandExecutor.execute(AppiumCommandExecutor.java:247)
at org.openqa.selenium.remote.RemoteWebDriver.execute(RemoteWebDriver.java:552)
at io.appium.java_client.DefaultGenericMobileDriver.execute(DefaultGenericMobileDriver.java:41)
at io.appium.java_client.AppiumDriver.execute(AppiumDriver.java:1)
at io.appium.java_client.android.AndroidDriver.execute(AndroidDriver.java:1)
at unit.Utilities.execute(Utilities.java:1)
at org.openqa.selenium.remote.RemoteWebDriver.findElement(RemoteWebDriver.java:323)
at io.appium.java_client.DefaultGenericMobileDriver.findElement(DefaultGenericMobileDriver.java:61)
at io.appium.java_client.AppiumDriver.findElement(AppiumDriver.java:1)
at io.appium.java_client.android.AndroidDriver.findElement(AndroidDriver.java:1)
at unit.Utilities.findElement(Utilities.java:1)
at org.openqa.selenium.remote.RemoteWebDriver.findElementByXPath(RemoteWebDriver.java:428)
at io.appium.java_client.DefaultGenericMobileDriver.findElementByXPath(DefaultGenericMobileDriver.java:151)
at io.appium.java_client.AppiumDriver.findElementByXPath(AppiumDriver.java:1)
at io.appium.java_client.android.AndroidDriver.findElementByXPath(AndroidDriver.java:1)
at unit.Utilities.findElementByXPath(Utilities.java:1)
at org.openqa.selenium.By$ByXPath.findElement(By.java:353)
at org.openqa.selenium.remote.RemoteWebDriver.findElement(RemoteWebDriver.java:315)
at io.appium.java_client.DefaultGenericMobileDriver.findElement(DefaultGenericMobileDriver.java:57)
at io.appium.java_client.AppiumDriver.findElement(AppiumDriver.java:1)
at io.appium.java_client.android.AndroidDriver.findElement(AndroidDriver.java:1)
at unit.Utilities.findElement(Utilities.java:1)
at org.openqa.selenium.support.ui.ExpectedConditions$6.apply(ExpectedConditions.java:182)
at org.openqa.selenium.support.ui.ExpectedConditions$6.apply(ExpectedConditions.java:179)
at org.openqa.selenium.support.ui.FluentWait.until(FluentWait.java:249)
... 27 more
]]>
            </full-stacktrace>
          </exception> <!-- org.openqa.selenium.TimeoutException -->
          <reporter-output>
          </reporter-output>
        </test-method> <!-- TC_0826_Chips_뉴스_지난주뉴스_확인 -->
        <test-method is-config="true" signature="AfterMethod(org.testng.ITestResult)[pri:0, instance:Chips_004_생활정보.생활정보_14_뉴스@a1f72f5]" started-at="2021-11-25T22:06:27 KST" name="AfterMethod" finished-at="2021-11-25T22:06:27 KST" duration-ms="439" status="PASS">
          <params>
            <param index="0">
              <value>
                <![CDATA[[TestResult name=TC_0826_Chips_뉴스_지난주뉴스_확인 status=FAILURE method=생활정보_14_뉴스.TC_0826_Chips_뉴스_지난주뉴스_확인(java.lang.reflect.Method)[pri:0, instance:Chips_004_생활정보.생활정보_14_뉴스@a1f72f5] output={null}]]]>
              </value>
            </param>
          </params>
          <reporter-output>
          </reporter-output>
        </test-method> <!-- AfterMethod -->
        <test-method is-config="true" signature="BeforeMethod(java.lang.reflect.Method)[pri:0, instance:Chips_004_생활정보.생활정보_14_뉴스@a1f72f5]" started-at="2021-11-25T22:06:27 KST" name="BeforeMethod" finished-at="2021-11-25T22:06:27 KST" duration-ms="0" status="PASS">
          <params>
            <param index="0">
              <value>
                <![CDATA[public void Chips_004_생활정보.생활정보_14_뉴스.TC_0827_Chips_뉴스_지난주연예뉴스_확인(java.lang.reflect.Method) throws java.lang.Exception]]>
              </value>
            </param>
          </params>
          <reporter-output>
          </reporter-output>
        </test-method> <!-- BeforeMethod -->
        <test-method signature="TC_0827_Chips_뉴스_지난주연예뉴스_확인(java.lang.reflect.Method)[pri:0, instance:Chips_004_생활정보.생활정보_14_뉴스@a1f72f5]" started-at="2021-11-25T22:06:27 KST" name="TC_0827_Chips_뉴스_지난주연예뉴스_확인" description="칩스 리그레이션 TC : 실행_0827" finished-at="2021-11-25T22:07:05 KST" duration-ms="37905" status="FAIL">
          <params>
            <param index="0">
              <value>
                <![CDATA[public void Chips_004_생활정보.생활정보_14_뉴스.TC_0827_Chips_뉴스_지난주연예뉴스_확인(java.lang.reflect.Method) throws java.lang.Exception]]>
              </value>
            </param>
          </params>
          <exception class="org.openqa.selenium.TimeoutException">
            <message>
              <![CDATA[Expected condition failed: waiting for presence of element located by: By.xpath: //android.webkit.WebView/android.webkit.WebView/android.view.View[2]/android.view.View/android.view.View (tried for 10 second(s) with 500 milliseconds interval)]]>
            </message>
            <full-stacktrace>
              <![CDATA[org.openqa.selenium.TimeoutException: Expected condition failed: waiting for presence of element located by: By.xpath: //android.webkit.WebView/android.webkit.WebView/android.view.View[2]/android.view.View/android.view.View (tried for 10 second(s) with 500 milliseconds interval)
at org.openqa.selenium.support.ui.WebDriverWait.timeoutException(WebDriverWait.java:95)
at org.openqa.selenium.support.ui.FluentWait.until(FluentWait.java:272)
at unit.Utilities.findElementLocated(Utilities.java:167)
at unit.Utilities.getText(Utilities.java:1382)
at unit.Utilities.getText_Assertfunc(Utilities.java:4427)
at Chips_004_생활정보.생활정보_14_뉴스.TC_0827_Chips_뉴스_지난주연예뉴스_확인(생활정보_14_뉴스.java:695)
at java.base/jdk.internal.reflect.NativeMethodAccessorImpl.invoke0(Native Method)
at java.base/jdk.internal.reflect.NativeMethodAccessorImpl.invoke(NativeMethodAccessorImpl.java:64)
at java.base/jdk.internal.reflect.DelegatingMethodAccessorImpl.invoke(DelegatingMethodAccessorImpl.java:43)
at java.base/java.lang.reflect.Method.invoke(Method.java:564)
at org.testng.internal.MethodInvocationHelper.invokeMethod(MethodInvocationHelper.java:133)
at org.testng.internal.TestInvoker.invokeMethod(TestInvoker.java:598)
at org.testng.internal.TestInvoker.invokeTestMethod(TestInvoker.java:173)
at org.testng.internal.MethodRunner.runInSequence(MethodRunner.java:46)
at org.testng.internal.TestInvoker$MethodInvocationAgent.invoke(TestInvoker.java:824)
at org.testng.internal.TestInvoker.invokeTestMethods(TestInvoker.java:146)
at org.testng.internal.TestMethodWorker.invokeTestMethods(TestMethodWorker.java:146)
at org.testng.internal.TestMethodWorker.run(TestMethodWorker.java:128)
at java.base/java.util.ArrayList.forEach(ArrayList.java:1511)
at org.testng.TestRunner.privateRun(TestRunner.java:794)
at org.testng.TestRunner.run(TestRunner.java:596)
at org.testng.SuiteRunner.runTest(SuiteRunner.java:377)
at org.testng.SuiteRunner.access$000(SuiteRunner.java:28)
at org.testng.SuiteRunner$SuiteWorker.run(SuiteRunner.java:418)
at org.testng.internal.thread.ThreadUtil.lambda$execute$0(ThreadUtil.java:64)
at java.base/java.util.concurrent.FutureTask.run(FutureTask.java:264)
at java.base/java.util.concurrent.ThreadPoolExecutor.runWorker(ThreadPoolExecutor.java:1130)
at java.base/java.util.concurrent.ThreadPoolExecutor$Worker.run(ThreadPoolExecutor.java:630)
at java.base/java.lang.Thread.run(Thread.java:832)
Caused by: org.openqa.selenium.NoSuchElementException: An element could not be located on the page using the given search parameters.
For documentation on this error, please visit: https://www.seleniumhq.org/exceptions/no_such_element.html
Build info: version: '3.141.59', revision: 'e82be7d358', time: '2018-11-14T08:17:03'
System info: host: 'DESKTOP-KEI', ip: '172.27.24.217', os.name: 'Windows 10', os.arch: 'amd64', os.version: '10.0', java.version: '15.0.2'
Driver info: unit.Utilities
Capabilities {appActivity: com.skt.aidev.nugufriends.u..., appPackage: com.skt.aidev.nugufriends, automationName: UIAutomator2, chromedriverArgs: {browserName: chrome, goog:chromeOptions: {args: [], extensions: [], w3c: true}}, chromedriverExecutable: C:\chromedriver_win32\chrom..., databaseEnabled: false, desired: {appActivity: com.skt.aidev.nugufriends.u..., appPackage: com.skt.aidev.nugufriends, automationName: UIAutomator2, chromedriverArgs: {browserName: chrome, goog:chromeOptions: {args: [], extensions: [], w3c: true}}, chromedriverExecutable: C:\chromedriver_win32\chrom..., deviceName: Android, extractChromeAndroidPackageFromContextName: true, focused: true, newCommandTimeout: 600000, platformName: android, recreateChromeDriverSessions: false, showChromedriverLog: true, udid: R33M4000CY}, deviceApiLevel: 29, deviceManufacturer: samsung, deviceModel: SM-N976N, deviceName: R33M4000CY, deviceScreenDensity: 420, deviceScreenSize: 1080x2280, deviceUDID: R33M4000CY, extractChromeAndroidPackageFromContextName: true, focused: true, javascriptEnabled: true, locationContextEnabled: false, networkConnectionEnabled: true, newCommandTimeout: 600000, pixelRatio: 2.625, platform: LINUX, platformName: Android, platformVersion: 10, recreateChromeDriverSessions: false, showChromedriverLog: true, statBarHeight: 85, takesScreenshot: true, udid: R33M4000CY, viewportRect: {height: 1984, left: 0, top: 85, width: 1080}, warnings: {}, webStorageEnabled: false}
Session ID: 4696c291-cdef-4ef1-a470-03f8b24de47e
*** Element info: {Using=xpath, value=//android.webkit.WebView/android.webkit.WebView/android.view.View[2]/android.view.View/android.view.View}
at jdk.internal.reflect.GeneratedConstructorAccessor13.newInstance(Unknown Source)
at java.base/jdk.internal.reflect.DelegatingConstructorAccessorImpl.newInstance(DelegatingConstructorAccessorImpl.java:45)
at java.base/java.lang.reflect.Constructor.newInstanceWithCaller(Constructor.java:500)
at java.base/java.lang.reflect.Constructor.newInstance(Constructor.java:481)
at org.openqa.selenium.remote.http.W3CHttpResponseCodec.createException(W3CHttpResponseCodec.java:187)
at org.openqa.selenium.remote.http.W3CHttpResponseCodec.decode(W3CHttpResponseCodec.java:122)
at org.openqa.selenium.remote.http.W3CHttpResponseCodec.decode(W3CHttpResponseCodec.java:49)
at org.openqa.selenium.remote.HttpCommandExecutor.execute(HttpCommandExecutor.java:158)
at io.appium.java_client.remote.AppiumCommandExecutor.execute(AppiumCommandExecutor.java:247)
at org.openqa.selenium.remote.RemoteWebDriver.execute(RemoteWebDriver.java:552)
at io.appium.java_client.DefaultGenericMobileDriver.execute(DefaultGenericMobileDriver.java:41)
at io.appium.java_client.AppiumDriver.execute(AppiumDriver.java:1)
at io.appium.java_client.android.AndroidDriver.execute(AndroidDriver.java:1)
at unit.Utilities.execute(Utilities.java:1)
at org.openqa.selenium.remote.RemoteWebDriver.findElement(RemoteWebDriver.java:323)
at io.appium.java_client.DefaultGenericMobileDriver.findElement(DefaultGenericMobileDriver.java:61)
at io.appium.java_client.AppiumDriver.findElement(AppiumDriver.java:1)
at io.appium.java_client.android.AndroidDriver.findElement(AndroidDriver.java:1)
at unit.Utilities.findElement(Utilities.java:1)
at org.openqa.selenium.remote.RemoteWebDriver.findElementByXPath(RemoteWebDriver.java:428)
at io.appium.java_client.DefaultGenericMobileDriver.findElementByXPath(DefaultGenericMobileDriver.java:151)
at io.appium.java_client.AppiumDriver.findElementByXPath(AppiumDriver.java:1)
at io.appium.java_client.android.AndroidDriver.findElementByXPath(AndroidDriver.java:1)
at unit.Utilities.findElementByXPath(Utilities.java:1)
at org.openqa.selenium.By$ByXPath.findElement(By.java:353)
at org.openqa.selenium.remote.RemoteWebDriver.findElement(RemoteWebDriver.java:315)
at io.appium.java_client.DefaultGenericMobileDriver.findElement(DefaultGenericMobileDriver.java:57)
at io.appium.java_client.AppiumDriver.findElement(AppiumDriver.java:1)
at io.appium.java_client.android.AndroidDriver.findElement(AndroidDriver.java:1)
at unit.Utilities.findElement(Utilities.java:1)
at org.openqa.selenium.support.ui.ExpectedConditions$6.apply(ExpectedConditions.java:182)
at org.openqa.selenium.support.ui.ExpectedConditions$6.apply(ExpectedConditions.java:179)
at org.openqa.selenium.support.ui.FluentWait.until(FluentWait.java:249)
... 27 more
]]>
            </full-stacktrace>
          </exception> <!-- org.openqa.selenium.TimeoutException -->
          <reporter-output>
          </reporter-output>
        </test-method> <!-- TC_0827_Chips_뉴스_지난주연예뉴스_확인 -->
        <test-method is-config="true" signature="AfterMethod(org.testng.ITestResult)[pri:0, instance:Chips_004_생활정보.생활정보_14_뉴스@a1f72f5]" started-at="2021-11-25T22:07:05 KST" name="AfterMethod" finished-at="2021-11-25T22:07:06 KST" duration-ms="401" status="PASS">
          <params>
            <param index="0">
              <value>
                <![CDATA[[TestResult name=TC_0827_Chips_뉴스_지난주연예뉴스_확인 status=FAILURE method=생활정보_14_뉴스.TC_0827_Chips_뉴스_지난주연예뉴스_확인(java.lang.reflect.Method)[pri:0, instance:Chips_004_생활정보.생활정보_14_뉴스@a1f72f5] output={null}]]]>
              </value>
            </param>
          </params>
          <reporter-output>
          </reporter-output>
        </test-method> <!-- AfterMethod -->
        <test-method is-config="true" signature="BeforeMethod(java.lang.reflect.Method)[pri:0, instance:Chips_004_생활정보.생활정보_14_뉴스@a1f72f5]" started-at="2021-11-25T22:07:06 KST" name="BeforeMethod" finished-at="2021-11-25T22:07:06 KST" duration-ms="0" status="PASS">
          <params>
            <param index="0">
              <value>
                <![CDATA[public void Chips_004_생활정보.생활정보_14_뉴스.TC_0828_Chips_뉴스_N월첫째주스포츠뉴스_확인(java.lang.reflect.Method) throws java.lang.Exception]]>
              </value>
            </param>
          </params>
          <reporter-output>
          </reporter-output>
        </test-method> <!-- BeforeMethod -->
        <test-method signature="TC_0828_Chips_뉴스_N월첫째주스포츠뉴스_확인(java.lang.reflect.Method)[pri:0, instance:Chips_004_생활정보.생활정보_14_뉴스@a1f72f5]" started-at="2021-11-25T22:07:06 KST" name="TC_0828_Chips_뉴스_N월첫째주스포츠뉴스_확인" description="칩스 리그레이션 TC : 실행_0828" finished-at="2021-11-25T22:07:19 KST" duration-ms="13663" status="PASS">
          <params>
            <param index="0">
              <value>
                <![CDATA[public void Chips_004_생활정보.생활정보_14_뉴스.TC_0828_Chips_뉴스_N월첫째주스포츠뉴스_확인(java.lang.reflect.Method) throws java.lang.Exception]]>
              </value>
            </param>
          </params>
          <reporter-output>
          </reporter-output>
        </test-method> <!-- TC_0828_Chips_뉴스_N월첫째주스포츠뉴스_확인 -->
        <test-method is-config="true" signature="BeforeMethod(java.lang.reflect.Method)[pri:0, instance:Chips_004_생활정보.생활정보_14_뉴스@a1f72f5]" started-at="2021-11-25T22:07:19 KST" name="BeforeMethod" finished-at="2021-11-25T22:07:19 KST" duration-ms="0" status="PASS">
          <params>
            <param index="0">
              <value>
                <![CDATA[public void Chips_004_생활정보.생활정보_14_뉴스.TC_0829_Chips_뉴스_지난주SK텔레콤뉴스_확인(java.lang.reflect.Method) throws java.lang.Exception]]>
              </value>
            </param>
          </params>
          <reporter-output>
          </reporter-output>
        </test-method> <!-- BeforeMethod -->
        <test-method is-config="true" signature="AfterMethod(org.testng.ITestResult)[pri:0, instance:Chips_004_생활정보.생활정보_14_뉴스@a1f72f5]" started-at="2021-11-25T22:07:19 KST" name="AfterMethod" finished-at="2021-11-25T22:07:19 KST" duration-ms="0" status="PASS">
          <params>
            <param index="0">
              <value>
                <![CDATA[[TestResult name=TC_0828_Chips_뉴스_N월첫째주스포츠뉴스_확인 status=SUCCESS method=생활정보_14_뉴스.TC_0828_Chips_뉴스_N월첫째주스포츠뉴스_확인(java.lang.reflect.Method)[pri:0, instance:Chips_004_생활정보.생활정보_14_뉴스@a1f72f5] output={null}]]]>
              </value>
            </param>
          </params>
          <reporter-output>
          </reporter-output>
        </test-method> <!-- AfterMethod -->
        <test-method signature="TC_0829_Chips_뉴스_지난주SK텔레콤뉴스_확인(java.lang.reflect.Method)[pri:0, instance:Chips_004_생활정보.생활정보_14_뉴스@a1f72f5]" started-at="2021-11-25T22:07:19 KST" name="TC_0829_Chips_뉴스_지난주SK텔레콤뉴스_확인" description="칩스 리그레이션 TC : 실행_0829" finished-at="2021-11-25T22:07:34 KST" duration-ms="15243" status="PASS">
          <params>
            <param index="0">
              <value>
                <![CDATA[public void Chips_004_생활정보.생활정보_14_뉴스.TC_0829_Chips_뉴스_지난주SK텔레콤뉴스_확인(java.lang.reflect.Method) throws java.lang.Exception]]>
              </value>
            </param>
          </params>
          <reporter-output>
          </reporter-output>
        </test-method> <!-- TC_0829_Chips_뉴스_지난주SK텔레콤뉴스_확인 -->
        <test-method is-config="true" signature="BeforeMethod(java.lang.reflect.Method)[pri:0, instance:Chips_004_생활정보.생활정보_14_뉴스@a1f72f5]" started-at="2021-11-25T22:07:34 KST" name="BeforeMethod" finished-at="2021-11-25T22:07:34 KST" duration-ms="0" status="PASS">
          <params>
            <param index="0">
              <value>
                <![CDATA[public void Chips_004_생활정보.생활정보_14_뉴스.TC_0830_Chips_뉴스_지난달뉴스_확인(java.lang.reflect.Method) throws java.lang.Exception]]>
              </value>
            </param>
          </params>
          <reporter-output>
          </reporter-output>
        </test-method> <!-- BeforeMethod -->
        <test-method is-config="true" signature="AfterMethod(org.testng.ITestResult)[pri:0, instance:Chips_004_생활정보.생활정보_14_뉴스@a1f72f5]" started-at="2021-11-25T22:07:34 KST" name="AfterMethod" finished-at="2021-11-25T22:07:34 KST" duration-ms="0" status="PASS">
          <params>
            <param index="0">
              <value>
[...]
          <params>
            <param index="0">
              <value>
                <![CDATA[public void Chips_004_생활정보.생활정보_12_날씨_세차지수.TC_0791_Chips_날씨_지정위치읍면동_세차지수_확인(java.lang.reflect.Method) throws java.lang.Exception]]>
              </value>
            </param>
          </params>
          <reporter-output>
          </reporter-output>
        </test-method> <!-- TC_0791_Chips_날씨_지정위치읍면동_세차지수_확인 -->
        <test-method is-config="true" signature="BeforeMethod(java.lang.reflect.Method)[pri:0, instance:Chips_004_생활정보.생활정보_12_날씨_세차지수@2f666ebb]" started-at="2021-11-25T21:56:13 KST" name="BeforeMethod" finished-at="2021-11-25T21:56:13 KST" duration-ms="0" status="PASS">
          <params>
            <param index="0">
              <value>
                <![CDATA[public void Chips_004_생활정보.생활정보_12_날씨_세차지수.TC_0791_Chips_날씨_지정위치읍면동_세차지수_확인(java.lang.reflect.Method) throws java.lang.Exception]]>
              </value>
            </param>
          </params>
          <reporter-output>
          </reporter-output>
        </test-method> <!-- BeforeMethod -->
        <test-method is-config="true" signature="BeforeMethod(java.lang.reflect.Method)[pri:0, instance:Chips_004_생활정보.생활정보_12_날씨_세차지수@2f666ebb]" started-at="2021-11-25T21:56:18 KST" name="BeforeMethod" finished-at="2021-11-25T21:56:18 KST" duration-ms="1" status="PASS">
          <params>
            <param index="0">
              <value>
                <![CDATA[public void Chips_004_생활정보.생활정보_12_날씨_세차지수.TC_0792_Chips_날씨_지정위치특별광역시_세차지수_확인(java.lang.reflect.Method) throws java.lang.Exception]]>
              </value>
            </param>
          </params>
          <reporter-output>
          </reporter-output>
        </test-method> <!-- BeforeMethod -->
        <test-method is-config="true" signature="AfterMethod(org.testng.ITestResult)[pri:0, instance:Chips_004_생활정보.생활정보_12_날씨_세차지수@2f666ebb]" started-at="2021-11-25T21:56:18 KST" name="AfterMethod" finished-at="2021-11-25T21:56:18 KST" duration-ms="0" status="PASS">
          <params>
            <param index="0">
              <value>
                <![CDATA[[TestResult name=TC_0791_Chips_날씨_지정위치읍면동_세차지수_확인 status=SUCCESS method=생활정보_12_날씨_세차지수.TC_0791_Chips_날씨_지정위치읍면동_세차지수_확인(java.lang.reflect.Method)[pri:0, instance:Chips_004_생활정보.생활정보_12_날씨_세차지수@2f666ebb] output={null}]]]>
              </value>
            </param>
          </params>
          <reporter-output>
          </reporter-output>
        </test-method> <!-- AfterMethod -->
        <test-method signature="TC_0792_Chips_날씨_지정위치특별광역시_세차지수_확인(java.lang.reflect.Method)[pri:0, instance:Chips_004_생활정보.생활정보_12_날씨_세차지수@2f666ebb]" started-at="2021-11-25T21:56:18 KST" name="TC_0792_Chips_날씨_지정위치특별광역시_세차지수_확인" description="칩스 리그레이션 TC : 실행_0792" finished-at="2021-11-25T21:56:29 KST" duration-ms="11277" status="PASS">
          <params>
            <param index="0">
              <value>
                <![CDATA[public void Chips_004_생활정보.생활정보_12_날씨_세차지수.TC_0792_Chips_날씨_지정위치특별광역시_세차지수_확인(java.lang.reflect.Method) throws java.lang.Exception]]>
              </value>
            </param>
          </params>
          <reporter-output>
          </reporter-output>
        </test-method> <!-- TC_0792_Chips_날씨_지정위치특별광역시_세차지수_확인 -->
        <test-method signature="TC_0793_Chips_날씨_지정위치특별광역시_세차지수_확인(java.lang.reflect.Method)[pri:0, instance:Chips_004_생활정보.생활정보_12_날씨_세차지수@2f666ebb]" started-at="2021-11-25T21:56:29 KST" name="TC_0793_Chips_날씨_지정위치특별광역시_세차지수_확인" description="칩스 리그레이션 TC : 실행_0793" finished-at="2021-11-25T21:56:38 KST" duration-ms="8204" status="PASS">
          <params>
            <param index="0">
              <value>
                <![CDATA[public void Chips_004_생활정보.생활정보_12_날씨_세차지수.TC_0793_Chips_날씨_지정위치특별광역시_세차지수_확인(java.lang.reflect.Method) throws java.lang.Exception]]>
              </value>
            </param>
          </params>
          <reporter-output>
          </reporter-output>
        </test-method> <!-- TC_0793_Chips_날씨_지정위치특별광역시_세차지수_확인 -->
        <test-method is-config="true" signature="BeforeMethod(java.lang.reflect.Method)[pri:0, instance:Chips_004_생활정보.생활정보_12_날씨_세차지수@2f666ebb]" started-at="2021-11-25T21:56:29 KST" name="BeforeMethod" finished-at="2021-11-25T21:56:29 KST" duration-ms="0" status="PASS">
          <params>
            <param index="0">
              <value>
                <![CDATA[public void Chips_004_생활정보.생활정보_12_날씨_세차지수.TC_0793_Chips_날씨_지정위치특별광역시_세차지수_확인(java.lang.reflect.Method) throws java.lang.Exception]]>
              </value>
            </param>
          </params>
          <reporter-output>
          </reporter-output>
        </test-method> <!-- BeforeMethod -->
        <test-method is-config="true" signature="AfterMethod(org.testng.ITestResult)[pri:0, instance:Chips_004_생활정보.생활정보_12_날씨_세차지수@2f666ebb]" started-at="2021-11-25T21:56:29 KST" name="AfterMethod" finished-at="2021-11-25T21:56:29 KST" duration-ms="0" status="PASS">
          <params>
            <param index="0">
              <value>
                <![CDATA[[TestResult name=TC_0792_Chips_날씨_지정위치특별광역시_세차지수_확인 status=SUCCESS method=생활정보_12_날씨_세차지수.TC_0792_Chips_날씨_지정위치특별광역시_세차지수_확인(java.lang.reflect.Method)[pri:0, instance:Chips_004_생활정보.생활정보_12_날씨_세차지수@2f666ebb] output={null}]]]>
              </value>
            </param>
          </params>
          <reporter-output>
          </reporter-output>
        </test-method> <!-- AfterMethod -->
        <test-method is-config="true" signature="AfterMethod(org.testng.ITestResult)[pri:0, instance:Chips_004_생활정보.생활정보_12_날씨_세차지수@2f666ebb]" started-at="2021-11-25T21:56:38 KST" name="AfterMethod" finished-at="2021-11-25T21:56:38 KST" duration-ms="1" status="PASS">
          <params>
            <param index="0">
              <value>
                <![CDATA[[TestResult name=TC_0793_Chips_날씨_지정위치특별광역시_세차지수_확인 status=SUCCESS method=생활정보_12_날씨_세차지수.TC_0793_Chips_날씨_지정위치특별광역시_세차지수_확인(java.lang.reflect.Method)[pri:0, instance:Chips_004_생활정보.생활정보_12_날씨_세차지수@2f666ebb] output={null}]]]>
              </value>
            </param>
          </params>
          <reporter-output>
          </reporter-output>
        </test-method> <!-- AfterMethod -->
        <test-method signature="TC_0796_Chips_날씨_세차지수부재_지역외_확인(java.lang.reflect.Method)[pri:0, instance:Chips_004_생활정보.생활정보_12_날씨_세차지수@2f666ebb]" started-at="2021-11-25T21:56:38 KST" name="TC_0796_Chips_날씨_세차지수부재_지역외_확인" description="칩스 리그레이션 TC : 실행_0796" finished-at="2021-11-25T21:56:49 KST" duration-ms="11243" status="PASS">
          <params>
            <param index="0">
              <value>
                <![CDATA[public void Chips_004_생활정보.생활정보_12_날씨_세차지수.TC_0796_Chips_날씨_세차지수부재_지역외_확인(java.lang.reflect.Method) throws java.lang.Exception]]>
              </value>
            </param>
          </params>
          <reporter-output>
          </reporter-output>
        </test-method> <!-- TC_0796_Chips_날씨_세차지수부재_지역외_확인 -->
        <test-method is-config="true" signature="BeforeMethod(java.lang.reflect.Method)[pri:0, instance:Chips_004_생활정보.생활정보_12_날씨_세차지수@2f666ebb]" started-at="2021-11-25T21:56:38 KST" name="BeforeMethod" finished-at="2021-11-25T21:56:38 KST" duration-ms="0" status="PASS">
          <params>
            <param index="0">
              <value>
                <![CDATA[public void Chips_004_생활정보.생활정보_12_날씨_세차지수.TC_0796_Chips_날씨_세차지수부재_지역외_확인(java.lang.reflect.Method) throws java.lang.Exception]]>
              </value>
            </param>
          </params>
          <reporter-output>
          </reporter-output>
        </test-method> <!-- BeforeMethod -->
        <test-method is-config="true" signature="AfterMethod(org.testng.ITestResult)[pri:0, instance:Chips_004_생활정보.생활정보_12_날씨_세차지수@2f666ebb]" started-at="2021-11-25T21:56:49 KST" name="AfterMethod" finished-at="2021-11-25T21:56:49 KST" duration-ms="0" status="PASS">
          <params>
            <param index="0">
              <value>
                <![CDATA[[TestResult name=TC_0796_Chips_날씨_세차지수부재_지역외_확인 status=SUCCESS method=생활정보_12_날씨_세차지수.TC_0796_Chips_날씨_세차지수부재_지역외_확인(java.lang.reflect.Method)[pri:0, instance:Chips_004_생활정보.생활정보_12_날씨_세차지수@2f666ebb] output={null}]]]>
              </value>
            </param>
          </params>
          <reporter-output>
          </reporter-output>
        </test-method> <!-- AfterMethod -->
        <test-method signature="TC_0797_Chips_날씨_세차지수부재_지역아님_확인(java.lang.reflect.Method)[pri:0, instance:Chips_004_생활정보.생활정보_12_날씨_세차지수@2f666ebb]" started-at="2021-11-25T21:56:49 KST" name="TC_0797_Chips_날씨_세차지수부재_지역아님_확인" description="칩스 리그레이션 TC : 실행_0797" finished-at="2021-11-25T21:56:54 KST" duration-ms="5085" status="PASS">
          <params>
            <param index="0">
              <value>
                <![CDATA[public void Chips_004_생활정보.생활정보_12_날씨_세차지수.TC_0797_Chips_날씨_세차지수부재_지역아님_확인(java.lang.reflect.Method) throws java.lang.Exception]]>
              </value>
            </param>
          </params>
          <reporter-output>
          </reporter-output>
        </test-method> <!-- TC_0797_Chips_날씨_세차지수부재_지역아님_확인 -->
        <test-method is-config="true" signature="BeforeMethod(java.lang.reflect.Method)[pri:0, instance:Chips_004_생활정보.생활정보_12_날씨_세차지수@2f666ebb]" started-at="2021-11-25T21:56:49 KST" name="BeforeMethod" finished-at="2021-11-25T21:56:49 KST" duration-ms="0" status="PASS">
          <params>
            <param index="0">
              <value>
                <![CDATA[public void Chips_004_생활정보.생활정보_12_날씨_세차지수.TC_0797_Chips_날씨_세차지수부재_지역아님_확인(java.lang.reflect.Method) throws java.lang.Exception]]>
              </value>
            </param>
          </params>
          <reporter-output>
          </reporter-output>
        </test-method> <!-- BeforeMethod -->
        <test-method is-config="true" signature="BeforeMethod(java.lang.reflect.Method)[pri:0, instance:Chips_004_생활정보.생활정보_12_날씨_세차지수@2f666ebb]" started-at="2021-11-25T21:56:54 KST" name="BeforeMethod" finished-at="2021-11-25T21:56:54 KST" duration-ms="0" status="PASS">
          <params>
            <param index="0">
              <value>
                <![CDATA[public void Chips_004_생활정보.생활정보_12_날씨_세차지수.TC_0798_Chips_날씨_세차지수부재_이번주_확인(java.lang.reflect.Method) throws java.lang.Exception]]>
              </value>
            </param>
          </params>
          <reporter-output>
          </reporter-output>
        </test-method> <!-- BeforeMethod -->
        <test-method signature="TC_0798_Chips_날씨_세차지수부재_이번주_확인(java.lang.reflect.Method)[pri:0, instance:Chips_004_생활정보.생활정보_12_날씨_세차지수@2f666ebb]" started-at="2021-11-25T21:56:54 KST" name="TC_0798_Chips_날씨_세차지수부재_이번주_확인" description="칩스 리그레이션 TC : 실행_0798" finished-at="2021-11-25T21:57:02 KST" duration-ms="8160" status="PASS">
          <params>
            <param index="0">
              <value>
                <![CDATA[public void Chips_004_생활정보.생활정보_12_날씨_세차지수.TC_0798_Chips_날씨_세차지수부재_이번주_확인(java.lang.reflect.Method) throws java.lang.Exception]]>
              </value>
            </param>
          </params>
          <reporter-output>
          </reporter-output>
        </test-method> <!-- TC_0798_Chips_날씨_세차지수부재_이번주_확인 -->
        <test-method is-config="true" signature="AfterMethod(org.testng.ITestResult)[pri:0, instance:Chips_004_생활정보.생활정보_12_날씨_세차지수@2f666ebb]" started-at="2021-11-25T21:56:54 KST" name="AfterMethod" finished-at="2021-11-25T21:56:54 KST" duration-ms="0" status="PASS">
          <params>
            <param index="0">
              <value>
                <![CDATA[[TestResult name=TC_0797_Chips_날씨_세차지수부재_지역아님_확인 status=SUCCESS method=생활정보_12_날씨_세차지수.TC_0797_Chips_날씨_세차지수부재_지역아님_확인(java.lang.reflect.Method)[pri:0, instance:Chips_004_생활정보.생활정보_12_날씨_세차지수@2f666ebb] output={null}]]]>
              </value>
            </param>
          </params>
          <reporter-output>
          </reporter-output>
        </test-method> <!-- AfterMethod -->
        <test-method signature="TC_0799_Chips_날씨_세차지수부재_다음주_확인(java.lang.reflect.Method)[pri:0, instance:Chips_004_생활정보.생활정보_12_날씨_세차지수@2f666ebb]" started-at="2021-11-25T21:57:02 KST" name="TC_0799_Chips_날씨_세차지수부재_다음주_확인" description="칩스 리그레이션 TC : 실행_0799" finished-at="2021-11-25T21:57:07 KST" duration-ms="5093" status="PASS">
          <params>
            <param index="0">
              <value>
                <![CDATA[public void Chips_004_생활정보.생활정보_12_날씨_세차지수.TC_0799_Chips_날씨_세차지수부재_다음주_확인(java.lang.reflect.Method) throws java.lang.Exception]]>
              </value>
            </param>
          </params>
          <reporter-output>
          </reporter-output>
        </test-method> <!-- TC_0799_Chips_날씨_세차지수부재_다음주_확인 -->
        <test-method is-config="true" signature="AfterMethod(org.testng.ITestResult)[pri:0, instance:Chips_004_생활정보.생활정보_12_날씨_세차지수@2f666ebb]" started-at="2021-11-25T21:57:02 KST" name="AfterMethod" finished-at="2021-11-25T21:57:02 KST" duration-ms="0" status="PASS">
          <params>
            <param index="0">
              <value>
                <![CDATA[[TestResult name=TC_0798_Chips_날씨_세차지수부재_이번주_확인 status=SUCCESS method=생활정보_12_날씨_세차지수.TC_0798_Chips_날씨_세차지수부재_이번주_확인(java.lang.reflect.Method)[pri:0, instance:Chips_004_생활정보.생활정보_12_날씨_세차지수@2f666ebb] output={null}]]]>
              </value>
            </param>
          </params>
          <reporter-output>
          </reporter-output>
        </test-method> <!-- AfterMethod -->
        <test-method is-config="true" signature="BeforeMethod(java.lang.reflect.Method)[pri:0, instance:Chips_004_생활정보.생활정보_12_날씨_세차지수@2f666ebb]" started-at="2021-11-25T21:57:02 KST" name="BeforeMethod" finished-at="2021-11-25T21:57:02 KST" duration-ms="0" status="PASS">
          <params>
            <param index="0">
              <value>
                <![CDATA[public void Chips_004_생활정보.생활정보_12_날씨_세차지수.TC_0799_Chips_날씨_세차지수부재_다음주_확인(java.lang.reflect.Method) throws java.lang.Exception]]>
              </value>
            </param>
          </params>
          <reporter-output>
          </reporter-output>
        </test-method> <!-- BeforeMethod -->
        <test-method is-config="true" signature="AfterMethod(org.testng.ITestResult)[pri:0, instance:Chips_004_생활정보.생활정보_12_날씨_세차지수@2f666ebb]" started-at="2021-11-25T21:57:07 KST" name="AfterMethod" finished-at="2021-11-25T21:57:07 KST" duration-ms="1" status="PASS">
          <params>
            <param index="0">
              <value>
                <![CDATA[[TestResult name=TC_0799_Chips_날씨_세차지수부재_다음주_확인 status=SUCCESS method=생활정보_12_날씨_세차지수.TC_0799_Chips_날씨_세차지수부재_다음주_확인(java.lang.reflect.Method)[pri:0, instance:Chips_004_생활정보.생활정보_12_날씨_세차지수@2f666ebb] output={null}]]]>
              </value>
            </param>
          </params>
          <reporter-output>
          </reporter-output>
        </test-method> <!-- AfterMethod -->
        <test-method is-config="true" signature="BeforeMethod(java.lang.reflect.Method)[pri:0, instance:Chips_004_생활정보.생활정보_12_날씨_세차지수@2f666ebb]" started-at="2021-11-25T21:57:07 KST" name="BeforeMethod" finished-at="2021-11-25T21:57:07 KST" duration-ms="0" status="PASS">
          <params>
            <param index="0">
              <value>
                <![CDATA[public void Chips_004_생활정보.생활정보_12_날씨_세차지수.TC_0800_Chips_날씨_세차지수부재_모레_확인(java.lang.reflect.Method) throws java.lang.Exception]]>
              </value>
            </param>
          </params>
          <reporter-output>
          </reporter-output>
        </test-method> <!-- BeforeMethod -->
        <test-method signature="TC_0800_Chips_날씨_세차지수부재_모레_확인(java.lang.reflect.Method)[pri:0, instance:Chips_004_생활정보.생활정보_12_날씨_세차지수@2f666ebb]" started-at="2021-11-25T21:57:07 KST" name="TC_0800_Chips_날씨_세차지수부재_모레_확인" description="칩스 리그레이션 TC : 실행_0800" finished-at="2021-11-25T21:57:12 KST" duration-ms="5083" status="PASS">
          <params>
            <param index="0">
              <value>
                <![CDATA[public void Chips_004_생활정보.생활정보_12_날씨_세차지수.TC_0800_Chips_날씨_세차지수부재_모레_확인(java.lang.reflect.Method) throws java.lang.Exception]]>
              </value>
            </param>
          </params>
          <reporter-output>
          </reporter-output>
        </test-method> <!-- TC_0800_Chips_날씨_세차지수부재_모레_확인 -->
        <test-method is-config="true" signature="AfterMethod(org.testng.ITestResult)[pri:0, instance:Chips_004_생활정보.생활정보_12_날씨_세차지수@2f666ebb]" started-at="2021-11-25T21:57:12 KST" name="AfterMethod" finished-at="2021-11-25T21:57:12 KST" duration-ms="0" status="PASS">
          <params>
            <param index="0">
              <value>
                <![CDATA[[TestResult name=TC_0800_Chips_날씨_세차지수부재_모레_확인 status=SUCCESS method=생활정보_12_날씨_세차지수.TC_0800_Chips_날씨_세차지수부재_모레_확인(java.lang.reflect.Method)[pri:0, instance:Chips_004_생활정보.생활정보_12_날씨_세차지수@2f666ebb] output={null}]]]>
              </value>
            </param>
          </params>
          <reporter-output>
          </reporter-output>
        </test-method> <!-- AfterMethod -->
        <test-method is-config="true" signature="tearDownClass(java.lang.String,java.lang.String,java.lang.String,java.lang.String,java.lang.String,java.lang.String,java.lang.String,java.lang.String,java.lang.String,java.lang.String,java.lang.String,java.lang.String)[pri:0, instance:Chips_004_생활정보.생활정보_12_날씨_세차지수@2f666ebb]" started-at="2021-11-25T21:57:12 KST" name="tearDownClass" finished-at="2021-11-25T21:57:16 KST" duration-ms="4199" status="PASS">
          <params>
            <param index="0">
              <value>
                <![CDATA[STG]]>
              </value>
            </param>
            <param index="1">
              <value>
                <![CDATA[Chips]]>
              </value>
            </param>
            <param index="2">
              <value>
                <![CDATA[out]]>
              </value>
            </param>
            <param index="3">
              <value>
                <![CDATA[R33M4000CY]]>
              </value>
            </param>
            <param index="4">
              <value>
                <![CDATA[ALDF3NYA6C0D0C654DD2]]>
              </value>
            </param>
            <param index="5">
              <value>
                <![CDATA[ALDF5TR5SNGZ8175DA16]]>
              </value>
            </param>
            <param index="6">
              <value>
                <![CDATA[ALDFH3D1Q7W6071EFE41]]>
              </value>
            </param>
            <param index="7">
              <value>
                <![CDATA[ALDFH6OQ9HG79986A4FA]]>
              </value>
            </param>
            <param index="8">
              <value>
                <![CDATA[ALDFHFMQC3RB935B4B02]]>
              </value>
            </param>
            <param index="9">
              <value>
                <![CDATA[ALDFHFMSG34WDF6CD40E]]>
              </value>
            </param>
            <param index="10">
              <value>
                <![CDATA[ALDFHDFEBVOC7F098039]]>
              </value>
            </param>
            <param index="11">
              <value>
                <![CDATA[ALDG3Q4IA9EW3633F8EA]]>
              </value>
            </param>
          </params>
          <reporter-output>
          </reporter-output>
        </test-method> <!-- tearDownClass -->
      </class> <!-- Chips_004_생활정보.생활정보_12_날씨_세차지수 -->
    </test> <!-- Test_Project -->
  </suite> <!-- ExtentReport -->
</testng-results>
