<?xml version="1.0" encoding="UTF-8"?>
<testng-results ignored="0" total="2" passed="0" failed="2" skipped="0">
  <reporter-output>
  </reporter-output>
  <suite started-at="2021-09-13T13:32:51 KST" name="ExtentReport" finished-at="2021-09-13T13:33:30 KST" duration-ms="38675">
    <groups>
    </groups>
    <test started-at="2021-09-13T13:32:51 KST" name="Test_Project" finished-at="2021-09-13T13:33:30 KST" duration-ms="38675">
      <class name="Chips_007_연령특화.연령특화_01_ZEM키즈">
        <test-method is-config="true" signature="setupClass(java.lang.String,java.lang.String,java.lang.String,java.lang.String,java.lang.String,java.lang.String,java.lang.String,java.lang.String,java.lang.String,java.lang.String,java.lang.String,java.lang.String)[pri:0, instance:Chips_007_연령특화.연령특화_01_ZEM키즈@1224144a]" started-at="2021-09-13T13:32:51 KST" name="setupClass" finished-at="2021-09-13T13:33:04 KST" duration-ms="12584" status="PASS">
          <params>
            <param index="0">
              <value>
                <![CDATA[Android]]>
              </value>
            </param>
            <param index="1">
              <value>
                <![CDATA[Chips]]>
              </value>
            </param>
            <param index="2">
              <value>
                <![CDATA[http://0.0.0.0:4723/wd/hub]]>
              </value>
            </param>
            <param index="3">
              <value>
                <![CDATA[RTG]]>
              </value>
            </param>
            <param index="4">
              <value>
                <![CDATA[Chips]]>
              </value>
            </param>
            <param index="5">
              <value>
                <![CDATA[out]]>
              </value>
            </param>
            <param index="6">
              <value>
                <![CDATA[R33M4000CY]]>
              </value>
            </param>
            <param index="7">
              <value>
                <![CDATA[ALDF3NYA6C0D0C654DD2]]>
              </value>
            </param>
            <param index="8">
              <value>
                <![CDATA[ALDF5TR5SNGZ8175DA16]]>
              </value>
            </param>
            <param index="9">
              <value>
                <![CDATA[ALDFH3D1Q7W6071EFE41]]>
              </value>
            </param>
            <param index="10">
              <value>
                <![CDATA[ALDFHFMQC3RB935B4B02]]>
              </value>
            </param>
            <param index="11">
              <value>
                <![CDATA[ALDFHFMSG34WDF6CD40E]]>
              </value>
            </param>
          </params>
          <reporter-output>
          </reporter-output>
        </test-method> <!-- setupClass -->
        <test-method is-config="true" signature="BeforeMethod(java.lang.reflect.Method)[pri:0, instance:Chips_007_연령특화.연령특화_01_ZEM키즈@1224144a]" started-at="2021-09-13T13:33:04 KST" name="BeforeMethod" finished-at="2021-09-13T13:33:04 KST" duration-ms="8" status="PASS">
          <params>
            <param index="0">
              <value>
                <![CDATA[public void Chips_007_연령특화.연령특화_01_ZEM키즈.TC_0000_앱실행과AccessToken얻기(java.lang.reflect.Method) throws java.lang.Exception]]>
              </value>
            </param>
          </params>
          <reporter-output>
          </reporter-output>
        </test-method> <!-- BeforeMethod -->
        <test-method signature="TC_0000_앱실행과AccessToken얻기(java.lang.reflect.Method)[pri:0, instance:Chips_007_연령특화.연령특화_01_ZEM키즈@1224144a]" started-at="2021-09-13T13:33:04 KST" name="TC_0000_앱실행과AccessToken얻기" description="칩스 리그레이션 TC : 실행_0000" finished-at="2021-09-13T13:33:25 KST" duration-ms="20944" status="FAIL">
          <params>
            <param index="0">
              <value>
                <![CDATA[public void Chips_007_연령특화.연령특화_01_ZEM키즈.TC_0000_앱실행과AccessToken얻기(java.lang.reflect.Method) throws java.lang.Exception]]>
              </value>
            </param>
          </params>
          <exception class="io.appium.java_client.NoSuchContextException">
            <message>
              <![CDATA[An unknown server-side error occurred while processing the command. Original error: A new session could not be created. Details: session not created: This version of ChromeDriver only supports Chrome version 91
Current browser version is 93.0.4577.62 with package name com.android.chrome
Build info: version: '3.14.0', revision: 'aacccce0', time: '2018-08-02T20:19:58.91Z'
System info: host: 'DESKTOP-KEI', ip: '172.27.24.217', os.name: 'Windows 10', os.arch: 'amd64', os.version: '10.0', java.version: '15.0.2'
Driver info: unit.Utilities
Capabilities {appActivity: com.skt.aidev.nugufriends.u..., appPackage: com.skt.aidev.nugufriends, automationName: UIAutomator2, chromedriverArgs: {browserName: chrome, goog:chromeOptions: {args: [], extensions: [], w3c: true}}, chromedriverExecutable: C:\chromedriver_win32\chrom..., databaseEnabled: false, desired: {appActivity: com.skt.aidev.nugufriends.u..., appPackage: com.skt.aidev.nugufriends, automationName: UIAutomator2, chromedriverArgs: {browserName: chrome, goog:chromeOptions: {args: [], extensions: [], w3c: true}}, chromedriverExecutable: C:\chromedriver_win32\chrom..., deviceName: Android, extractChromeAndroidPackageFromContextName: true, focused: true, platformName: android, recreateChromeDriverSessions: false, showChromedriverLog: true, udid: R33M4000CY}, deviceApiLevel: 29, deviceManufacturer: samsung, deviceModel: SM-N976N, deviceName: R33M4000CY, deviceScreenDensity: 420, deviceScreenSize: 1080x2280, deviceUDID: R33M4000CY, extractChromeAndroidPackageFromContextName: true, focused: true, javascriptEnabled: true, locationContextEnabled: false, networkConnectionEnabled: true, pixelRatio: 2.625, platform: LINUX, platformName: Android, platformVersion: 10, recreateChromeDriverSessions: false, showChromedriverLog: true, statBarHeight: 85, takesScreenshot: true, udid: R33M4000CY, viewportRect: {height: 1984, left: 0, top: 85, width: 1080}, warnings: {}, webStorageEnabled: false}
Session ID: c26c0c91-fd6b-425e-9aa8-5c1a871f7d66]]>
            </message>
            <full-stacktrace>
              <![CDATA[io.appium.java_client.NoSuchContextException: An unknown server-side error occurred while processing the command. Original error: A new session could not be created. Details: session not created: This version of ChromeDriver only supports Chrome version 91
Current browser version is 93.0.4577.62 with package name com.android.chrome
Build info: version: '3.14.0', revision: 'aacccce0', time: '2018-08-02T20:19:58.91Z'
System info: host: 'DESKTOP-KEI', ip: '172.27.24.217', os.name: 'Windows 10', os.arch: 'amd64', os.version: '10.0', java.version: '15.0.2'
Driver info: unit.Utilities
Capabilities {appActivity: com.skt.aidev.nugufriends.u..., appPackage: com.skt.aidev.nugufriends, automationName: UIAutomator2, chromedriverArgs: {browserName: chrome, goog:chromeOptions: {args: [], extensions: [], w3c: true}}, chromedriverExecutable: C:\chromedriver_win32\chrom..., databaseEnabled: false, desired: {appActivity: com.skt.aidev.nugufriends.u..., appPackage: com.skt.aidev.nugufriends, automationName: UIAutomator2, chromedriverArgs: {browserName: chrome, goog:chromeOptions: {args: [], extensions: [], w3c: true}}, chromedriverExecutable: C:\chromedriver_win32\chrom..., deviceName: Android, extractChromeAndroidPackageFromContextName: true, focused: true, platformName: android, recreateChromeDriverSessions: false, showChromedriverLog: true, udid: R33M4000CY}, deviceApiLevel: 29, deviceManufacturer: samsung, deviceModel: SM-N976N, deviceName: R33M4000CY, deviceScreenDensity: 420, deviceScreenSize: 1080x2280, deviceUDID: R33M4000CY, extractChromeAndroidPackageFromContextName: true, focused: true, javascriptEnabled: true, locationContextEnabled: false, networkConnectionEnabled: true, pixelRatio: 2.625, platform: LINUX, platformName: Android, platformVersion: 10, recreateChromeDriverSessions: false, showChromedriverLog: true, statBarHeight: 85, takesScreenshot: true, udid: R33M4000CY, viewportRect: {height: 1984, left: 0, top: 85, width: 1080}, warnings: {}, webStorageEnabled: false}
Session ID: c26c0c91-fd6b-425e-9aa8-5c1a871f7d66
at io.appium.java_client.AppiumDriver.context(AppiumDriver.java:232)
at unit.Utilities.switchContext(Utilities.java:1530)
at Chips_007_연령특화.연령특화_01_ZEM키즈.TC_0000_앱실행과AccessToken얻기(연령특화_01_ZEM키즈.java:75)
at java.base/jdk.internal.reflect.NativeMethodAccessorImpl.invoke0(Native Method)
at java.base/jdk.internal.reflect.NativeMethodAccessorImpl.invoke(NativeMethodAccessorImpl.java:64)
at java.base/jdk.internal.reflect.DelegatingMethodAccessorImpl.invoke(DelegatingMethodAccessorImpl.java:43)
at java.base/java.lang.reflect.Method.invoke(Method.java:564)
at org.testng.internal.MethodInvocationHelper.invokeMethod(MethodInvocationHelper.java:133)
at org.testng.internal.TestInvoker.invokeMethod(TestInvoker.java:598)
at org.testng.internal.TestInvoker.invokeTestMethod(TestInvoker.java:173)
at org.testng.internal.MethodRunner.runInSequence(MethodRunner.java:46)
at org.testng.internal.TestInvoker$MethodInvocationAgent.invoke(TestInvoker.java:824)
at org.testng.internal.TestInvoker.invokeTestMethods(TestInvoker.java:146)
at org.testng.internal.TestMethodWorker.invokeTestMethods(TestMethodWorker.java:146)
at org.testng.internal.TestMethodWorker.run(TestMethodWorker.java:128)
at java.base/java.util.ArrayList.forEach(ArrayList.java:1511)
at org.testng.TestRunner.privateRun(TestRunner.java:794)
at org.testng.TestRunner.run(TestRunner.java:596)
at org.testng.SuiteRunner.runTest(SuiteRunner.java:377)
at org.testng.SuiteRunner.access$000(SuiteRunner.java:28)
at org.testng.SuiteRunner$SuiteWorker.run(SuiteRunner.java:418)
at org.testng.internal.thread.ThreadUtil.lambda$execute$0(ThreadUtil.java:64)
at java.base/java.util.concurrent.FutureTask.run(FutureTask.java:264)
at java.base/java.util.concurrent.ThreadPoolExecutor.runWorker(ThreadPoolExecutor.java:1130)
at java.base/java.util.concurrent.ThreadPoolExecutor$Worker.run(ThreadPoolExecutor.java:630)
at java.base/java.lang.Thread.run(Thread.java:832)
Caused by: org.openqa.selenium.WebDriverException: An unknown server-side error occurred while processing the command. Original error: A new session could not be created. Details: session not created: This version of ChromeDriver only supports Chrome version 91
Current browser version is 93.0.4577.62 with package name com.android.chrome
Build info: version: '3.14.0', revision: 'aacccce0', time: '2018-08-02T20:19:58.91Z'
System info: host: 'DESKTOP-KEI', ip: '172.27.24.217', os.name: 'Windows 10', os.arch: 'amd64', os.version: '10.0', java.version: '15.0.2'
Driver info: unit.Utilities
Capabilities {appActivity: com.skt.aidev.nugufriends.u..., appPackage: com.skt.aidev.nugufriends, automationName: UIAutomator2, chromedriverArgs: {browserName: chrome, goog:chromeOptions: {args: [], extensions: [], w3c: true}}, chromedriverExecutable: C:\chromedriver_win32\chrom..., databaseEnabled: false, desired: {appActivity: com.skt.aidev.nugufriends.u..., appPackage: com.skt.aidev.nugufriends, automationName: UIAutomator2, chromedriverArgs: {browserName: chrome, goog:chromeOptions: {args: [], extensions: [], w3c: true}}, chromedriverExecutable: C:\chromedriver_win32\chrom..., deviceName: Android, extractChromeAndroidPackageFromContextName: true, focused: true, platformName: android, recreateChromeDriverSessions: false, showChromedriverLog: true, udid: R33M4000CY}, deviceApiLevel: 29, deviceManufacturer: samsung, deviceModel: SM-N976N, deviceName: R33M4000CY, deviceScreenDensity: 420, deviceScreenSize: 1080x2280, deviceUDID: R33M4000CY, extractChromeAndroidPackageFromContextName: true, focused: true, javascriptEnabled: true, locationContextEnabled: false, networkConnectionEnabled: true, pixelRatio: 2.625, platform: LINUX, platformName: Android, platformVersion: 10, recreateChromeDriverSessions: false, showChromedriverLog: true, statBarHeight: 85, takesScreenshot: true, udid: R33M4000CY, viewportRect: {height: 1984, left: 0, top: 85, width: 1080}, warnings: {}, webStorageEnabled: false}
Session ID: c26c0c91-fd6b-425e-9aa8-5c1a871f7d66
at java.base/jdk.internal.reflect.NativeConstructorAccessorImpl.newInstance0(Native Method)
at java.base/jdk.internal.reflect.NativeConstructorAccessorImpl.newInstance(NativeConstructorAccessorImpl.java:64)
at java.base/jdk.internal.reflect.DelegatingConstructorAccessorImpl.newInstance(DelegatingConstructorAccessorImpl.java:45)
at java.base/java.lang.reflect.Constructor.newInstanceWithCaller(Constructor.java:500)
at java.base/java.lang.reflect.Constructor.newInstance(Constructor.java:481)
at org.openqa.selenium.remote.http.W3CHttpResponseCodec.createException(W3CHttpResponseCodec.java:187)
at org.openqa.selenium.remote.http.W3CHttpResponseCodec.decode(W3CHttpResponseCodec.java:122)
at org.openqa.selenium.remote.http.W3CHttpResponseCodec.decode(W3CHttpResponseCodec.java:49)
at org.openqa.selenium.remote.HttpCommandExecutor.execute(HttpCommandExecutor.java:158)
at io.appium.java_client.remote.AppiumCommandExecutor.execute(AppiumCommandExecutor.java:247)
at org.openqa.selenium.remote.RemoteWebDriver.execute(RemoteWebDriver.java:548)
at io.appium.java_client.DefaultGenericMobileDriver.execute(DefaultGenericMobileDriver.java:41)
at io.appium.java_client.AppiumDriver.execute(AppiumDriver.java:1)
at io.appium.java_client.android.AndroidDriver.execute(AndroidDriver.java:1)
at unit.Utilities.execute(Utilities.java:1)
at io.appium.java_client.AppiumDriver.context(AppiumDriver.java:229)
... 25 more
]]>
            </full-stacktrace>
          </exception> <!-- io.appium.java_client.NoSuchContextException -->
          <reporter-output>
          </reporter-output>
        </test-method> <!-- TC_0000_앱실행과AccessToken얻기 -->
        <test-method is-config="true" signature="AfterMethod(org.testng.ITestResult)[pri:0, instance:Chips_007_연령특화.연령특화_01_ZEM키즈@1224144a]" started-at="2021-09-13T13:33:25 KST" name="AfterMethod" finished-at="2021-09-13T13:33:25 KST" duration-ms="461" status="PASS">
          <params>
            <param index="0">
              <value>
                <![CDATA[[TestResult name=TC_0000_앱실행과AccessToken얻기 status=FAILURE method=연령특화_01_ZEM키즈.TC_0000_앱실행과AccessToken얻기(java.lang.reflect.Method)[pri:0, instance:Chips_007_연령특화.연령특화_01_ZEM키즈@1224144a] output={null}]]]>
              </value>
            </param>
          </params>
          <reporter-output>
          </reporter-output>
        </test-method> <!-- AfterMethod -->
        <test-method is-config="true" signature="BeforeMethod(java.lang.reflect.Method)[pri:0, instance:Chips_007_연령특화.연령특화_01_ZEM키즈@1224144a]" started-at="2021-09-13T13:33:25 KST" name="BeforeMethod" finished-at="2021-09-13T13:33:25 KST" duration-ms="0" status="PASS">
          <params>
            <param index="0">
              <value>
                <![CDATA[public void Chips_007_연령특화.연령특화_01_ZEM키즈.TC_1062_ZEM키즈_미지원_확인(java.lang.reflect.Method) throws java.lang.Exception]]>
              </value>
            </param>
          </params>
          <reporter-output>
          </reporter-output>
        </test-method> <!-- BeforeMethod -->
        <test-method signature="TC_1062_ZEM키즈_미지원_확인(java.lang.reflect.Method)[pri:0, instance:Chips_007_연령특화.연령특화_01_ZEM키즈@1224144a]" started-at="2021-09-13T13:33:25 KST" name="TC_1062_ZEM키즈_미지원_확인" description="칩스 리그레이션 TC : 실행_1062" finished-at="2021-09-13T13:33:25 KST" duration-ms="4" status="FAIL">
          <params>
            <param index="0">
              <value>
                <![CDATA[public void Chips_007_연령특화.연령특화_01_ZEM키즈.TC_1062_ZEM키즈_미지원_확인(java.lang.reflect.Method) throws java.lang.Exception]]>
              </value>
            </param>
          </params>
          <exception class="java.lang.IllegalArgumentException">
            <message>
              <![CDATA[Parameter specified as non-null is null: method okhttp3.Request$Builder.addHeader, parameter value]]>
            </message>
            <full-stacktrace>
              <![CDATA[java.lang.IllegalArgumentException: Parameter specified as non-null is null: method okhttp3.Request$Builder.addHeader, parameter value
at okhttp3.Request$Builder.addHeader(Request.kt)
at unit.Utilities.SWFsendPost(Utilities.java:1735)
at Chips_007_연령특화.연령특화_01_ZEM키즈.TC_1062_ZEM키즈_미지원_확인(연령특화_01_ZEM키즈.java:92)
at java.base/jdk.internal.reflect.NativeMethodAccessorImpl.invoke0(Native Method)
at java.base/jdk.internal.reflect.NativeMethodAccessorImpl.invoke(NativeMethodAccessorImpl.java:64)
at java.base/jdk.internal.reflect.DelegatingMethodAccessorImpl.invoke(DelegatingMethodAccessorImpl.java:43)
at java.base/java.lang.reflect.Method.invoke(Method.java:564)
at org.testng.internal.MethodInvocationHelper.invokeMethod(MethodInvocationHelper.java:133)
at org.testng.internal.TestInvoker.invokeMethod(TestInvoker.java:598)
at org.testng.internal.TestInvoker.invokeTestMethod(TestInvoker.java:173)
at org.testng.internal.MethodRunner.runInSequence(MethodRunner.java:46)
at org.testng.internal.TestInvoker$MethodInvocationAgent.invoke(TestInvoker.java:824)
at org.testng.internal.TestInvoker.invokeTestMethods(TestInvoker.java:146)
at org.testng.internal.TestMethodWorker.invokeTestMethods(TestMethodWorker.java:146)
at org.testng.internal.TestMethodWorker.run(TestMethodWorker.java:128)
at java.base/java.util.ArrayList.forEach(ArrayList.java:1511)
at org.testng.TestRunner.privateRun(TestRunner.java:794)
at org.testng.TestRunner.run(TestRunner.java:596)
at org.testng.SuiteRunner.runTest(SuiteRunner.java:377)
at org.testng.SuiteRunner.access$000(SuiteRunner.java:28)
at org.testng.SuiteRunner$SuiteWorker.run(SuiteRunner.java:418)
at org.testng.internal.thread.ThreadUtil.lambda$execute$0(ThreadUtil.java:64)
at java.base/java.util.concurrent.FutureTask.run(FutureTask.java:264)
at java.base/java.util.concurrent.ThreadPoolExecutor.runWorker(ThreadPoolExecutor.java:1130)
at java.base/java.util.concurrent.ThreadPoolExecutor$Worker.run(ThreadPoolExecutor.java:630)
at java.base/java.lang.Thread.run(Thread.java:832)
]]>
            </full-stacktrace>
          </exception> <!-- java.lang.IllegalArgumentException -->
          <reporter-output>
          </reporter-output>
        </test-method> <!-- TC_1062_ZEM키즈_미지원_확인 -->
        <test-method is-config="true" signature="AfterMethod(org.testng.ITestResult)[pri:0, instance:Chips_007_연령특화.연령특화_01_ZEM키즈@1224144a]" started-at="2021-09-13T13:33:25 KST" name="AfterMethod" finished-at="2021-09-13T13:33:26 KST" duration-ms="427" status="PASS">
          <params>
            <param index="0">
              <value>
                <![CDATA[[TestResult name=TC_1062_ZEM키즈_미지원_확인 status=FAILURE method=연령특화_01_ZEM키즈.TC_1062_ZEM키즈_미지원_확인(java.lang.reflect.Method)[pri:0, instance:Chips_007_연령특화.연령특화_01_ZEM키즈@1224144a] output={null}]]]>
              </value>
            </param>
          </params>
          <reporter-output>
          </reporter-output>
        </test-method> <!-- AfterMethod -->
        <test-method is-config="true" signature="tearDownClass(java.lang.String,java.lang.String,java.lang.String,java.lang.String,java.lang.String,java.lang.String,java.lang.String,java.lang.String,java.lang.String)[pri:0, instance:Chips_007_연령특화.연령특화_01_ZEM키즈@1224144a]" started-at="2021-09-13T13:33:26 KST" name="tearDownClass" finished-at="2021-09-13T13:33:30 KST" duration-ms="4210" status="PASS">
          <params>
            <param index="0">
              <value>
                <![CDATA[RTG]]>
              </value>
            </param>
            <param index="1">
              <value>
                <![CDATA[Chips]]>
              </value>
            </param>
            <param index="2">
              <value>
                <![CDATA[out]]>
              </value>
            </param>
            <param index="3">
              <value>
                <![CDATA[R33M4000CY]]>
              </value>
            </param>
            <param index="4">
              <value>
                <![CDATA[ALDF3NYA6C0D0C654DD2]]>
              </value>
            </param>
            <param index="5">
              <value>
                <![CDATA[ALDF5TR5SNGZ8175DA16]]>
              </value>
            </param>
            <param index="6">
              <value>
                <![CDATA[ALDFH3D1Q7W6071EFE41]]>
              </value>
            </param>
            <param index="7">
              <value>
                <![CDATA[ALDFHFMQC3RB935B4B02]]>
              </value>
            </param>
            <param index="8">
              <value>
                <![CDATA[ALDFHFMSG34WDF6CD40E]]>
              </value>
            </param>
          </params>
          <reporter-output>
          </reporter-output>
        </test-method> <!-- tearDownClass -->
      </class> <!-- Chips_007_연령특화.연령특화_01_ZEM키즈 -->
    </test> <!-- Test_Project -->
  </suite> <!-- ExtentReport -->
</testng-results>
