<?xml version="1.0" encoding="UTF-8"?>
<testng-results ignored="0" total="13" passed="13" failed="0" skipped="0">
  <reporter-output>
  </reporter-output>
  <suite started-at="2021-12-01T17:10:32 KST" name="ExtentReport" finished-at="2021-12-01T17:15:48 KST" duration-ms="316013">
    <groups>
    </groups>
    <test started-at="2021-12-01T17:10:32 KST" name="Test_Project" finished-at="2021-12-01T17:15:48 KST" duration-ms="316013">
      <class name="Chips_001_기본기능.기본기능_02_홈화면최초진입">
        <test-method is-config="true" signature="setupClass(java.lang.String,java.lang.String,java.lang.String,java.lang.String,java.lang.String,java.lang.String,java.lang.String,java.lang.String,java.lang.String,java.lang.String,java.lang.String,java.lang.String,java.lang.String,java.lang.String,java.lang.String)[pri:0, instance:Chips_001_기본기능.기본기능_02_홈화면최초진입@4470fbd6]" started-at="2021-12-01T17:12:48 KST" name="setupClass" finished-at="2021-12-01T17:13:01 KST" duration-ms="12955" status="PASS">
          <params>
            <param index="0">
              <value>
                <![CDATA[Android]]>
              </value>
            </param>
            <param index="1">
              <value>
                <![CDATA[Chips]]>
              </value>
            </param>
            <param index="2">
              <value>
                <![CDATA[http://0.0.0.0:4723/wd/hub]]>
              </value>
            </param>
            <param index="3">
              <value>
                <![CDATA[STG]]>
              </value>
            </param>
            <param index="4">
              <value>
                <![CDATA[Chips]]>
              </value>
            </param>
            <param index="5">
              <value>
                <![CDATA[out]]>
              </value>
            </param>
            <param index="6">
              <value>
                <![CDATA[R33M4000CY]]>
              </value>
            </param>
            <param index="7">
              <value>
                <![CDATA[ALDF3NYA6C0D0C654DD2]]>
              </value>
            </param>
            <param index="8">
              <value>
                <![CDATA[ALDF5TR5SNGZ8175DA16]]>
              </value>
            </param>
            <param index="9">
              <value>
                <![CDATA[ALDFH3D1Q7W6071EFE41]]>
              </value>
            </param>
            <param index="10">
              <value>
                <![CDATA[ALDFH6OQ9HG79986A4FA]]>
              </value>
            </param>
            <param index="11">
              <value>
                <![CDATA[ALDFHFMQC3RB935B4B02]]>
              </value>
            </param>
            <param index="12">
              <value>
                <![CDATA[ALDFHFMSG34WDF6CD40E]]>
              </value>
            </param>
            <param index="13">
              <value>
                <![CDATA[ALDFHDFEBVOC7F098039]]>
              </value>
            </param>
            <param index="14">
              <value>
                <![CDATA[ALDG3Q4IA9EW3633F8EA]]>
              </value>
            </param>
          </params>
          <reporter-output>
          </reporter-output>
        </test-method> <!-- setupClass -->
        <test-method is-config="true" signature="BeforeMethod(java.lang.reflect.Method)[pri:0, instance:Chips_001_기본기능.기본기능_02_홈화면최초진입@4470fbd6]" started-at="2021-12-01T17:13:01 KST" name="BeforeMethod" finished-at="2021-12-01T17:13:01 KST" duration-ms="1" status="PASS">
          <params>
            <param index="0">
              <value>
                <![CDATA[public void Chips_001_기본기능.기본기능_02_홈화면최초진입.TC_0000_앱실행과AccessToken얻기(java.lang.reflect.Method) throws java.lang.Exception]]>
              </value>
            </param>
          </params>
          <reporter-output>
          </reporter-output>
        </test-method> <!-- BeforeMethod -->
        <test-method signature="TC_0000_앱실행과AccessToken얻기(java.lang.reflect.Method)[pri:0, instance:Chips_001_기본기능.기본기능_02_홈화면최초진입@4470fbd6]" started-at="2021-12-01T17:13:01 KST" name="TC_0000_앱실행과AccessToken얻기" description="칩스 리그레이션 TC : 실행_0000" finished-at="2021-12-01T17:13:37 KST" duration-ms="35734" status="PASS">
          <params>
            <param index="0">
              <value>
                <![CDATA[public void Chips_001_기본기능.기본기능_02_홈화면최초진입.TC_0000_앱실행과AccessToken얻기(java.lang.reflect.Method) throws java.lang.Exception]]>
              </value>
            </param>
          </params>
          <reporter-output>
          </reporter-output>
        </test-method> <!-- TC_0000_앱실행과AccessToken얻기 -->
        <test-method is-config="true" signature="AfterMethod(org.testng.ITestResult)[pri:0, instance:Chips_001_기본기능.기본기능_02_홈화면최초진입@4470fbd6]" started-at="2021-12-01T17:13:37 KST" name="AfterMethod" finished-at="2021-12-01T17:13:37 KST" duration-ms="1" status="PASS">
          <params>
            <param index="0">
              <value>
                <![CDATA[[TestResult name=TC_0000_앱실행과AccessToken얻기 status=SUCCESS method=기본기능_02_홈화면최초진입.TC_0000_앱실행과AccessToken얻기(java.lang.reflect.Method)[pri:0, instance:Chips_001_기본기능.기본기능_02_홈화면최초진입@4470fbd6] output={null}]]]>
              </value>
            </param>
          </params>
          <reporter-output>
          </reporter-output>
        </test-method> <!-- AfterMethod -->
        <test-method is-config="true" signature="BeforeMethod(java.lang.reflect.Method)[pri:0, instance:Chips_001_기본기능.기본기능_02_홈화면최초진입@4470fbd6]" started-at="2021-12-01T17:13:37 KST" name="BeforeMethod" finished-at="2021-12-01T17:13:37 KST" duration-ms="1" status="PASS">
          <params>
            <param index="0">
              <value>
                <![CDATA[public void Chips_001_기본기능.기본기능_02_홈화면최초진입.TC_0138_홈화면최초진입확인(java.lang.reflect.Method) throws java.lang.Exception]]>
              </value>
            </param>
          </params>
          <reporter-output>
          </reporter-output>
        </test-method> <!-- BeforeMethod -->
        <test-method signature="TC_0138_홈화면최초진입확인(java.lang.reflect.Method)[pri:0, instance:Chips_001_기본기능.기본기능_02_홈화면최초진입@4470fbd6]" started-at="2021-12-01T17:13:37 KST" name="TC_0138_홈화면최초진입확인" description="칩스 리그레이션 TC : 실행_0138" finished-at="2021-12-01T17:13:40 KST" duration-ms="2928" status="PASS">
          <params>
            <param index="0">
              <value>
                <![CDATA[public void Chips_001_기본기능.기본기능_02_홈화면최초진입.TC_0138_홈화면최초진입확인(java.lang.reflect.Method) throws java.lang.Exception]]>
              </value>
            </param>
          </params>
          <reporter-output>
          </reporter-output>
        </test-method> <!-- TC_0138_홈화면최초진입확인 -->
        <test-method is-config="true" signature="AfterMethod(org.testng.ITestResult)[pri:0, instance:Chips_001_기본기능.기본기능_02_홈화면최초진입@4470fbd6]" started-at="2021-12-01T17:13:40 KST" name="AfterMethod" finished-at="2021-12-01T17:13:40 KST" duration-ms="0" status="PASS">
          <params>
            <param index="0">
              <value>
                <![CDATA[[TestResult name=TC_0138_홈화면최초진입확인 status=SUCCESS method=기본기능_02_홈화면최초진입.TC_0138_홈화면최초진입확인(java.lang.reflect.Method)[pri:0, instance:Chips_001_기본기능.기본기능_02_홈화면최초진입@4470fbd6] output={null}]]]>
              </value>
            </param>
          </params>
          <reporter-output>
          </reporter-output>
        </test-method> <!-- AfterMethod -->
        <test-method is-config="true" signature="tearDownClass(java.lang.String,java.lang.String,java.lang.String,java.lang.String,java.lang.String,java.lang.String,java.lang.String,java.lang.String,java.lang.String,java.lang.String,java.lang.String,java.lang.String)[pri:0, instance:Chips_001_기본기능.기본기능_02_홈화면최초진입@4470fbd6]" started-at="2021-12-01T17:13:40 KST" name="tearDownClass" finished-at="2021-12-01T17:13:44 KST" duration-ms="3918" status="PASS">
          <params>
            <param index="0">
              <value>
                <![CDATA[STG]]>
              </value>
            </param>
            <param index="1">
              <value>
                <![CDATA[Chips]]>
              </value>
            </param>
            <param index="2">
              <value>
                <![CDATA[out]]>
              </value>
            </param>
            <param index="3">
              <value>
                <![CDATA[R33M4000CY]]>
              </value>
            </param>
            <param index="4">
              <value>
                <![CDATA[ALDF3NYA6C0D0C654DD2]]>
              </value>
            </param>
            <param index="5">
              <value>
                <![CDATA[ALDF5TR5SNGZ8175DA16]]>
              </value>
            </param>
            <param index="6">
              <value>
                <![CDATA[ALDFH3D1Q7W6071EFE41]]>
              </value>
            </param>
            <param index="7">
              <value>
                <![CDATA[ALDFH6OQ9HG79986A4FA]]>
              </value>
            </param>
            <param index="8">
              <value>
                <![CDATA[ALDFHFMQC3RB935B4B02]]>
              </value>
            </param>
            <param index="9">
              <value>
                <![CDATA[ALDFHFMSG34WDF6CD40E]]>
              </value>
            </param>
            <param index="10">
              <value>
                <![CDATA[ALDFHDFEBVOC7F098039]]>
              </value>
            </param>
            <param index="11">
              <value>
                <![CDATA[ALDG3Q4IA9EW3633F8EA]]>
              </value>
            </param>
          </params>
          <reporter-output>
          </reporter-output>
        </test-method> <!-- tearDownClass -->
      </class> <!-- Chips_001_기본기능.기본기능_02_홈화면최초진입 -->
      <class name="Chips_001_기본기능.기본기능_03_부가기능">
        <test-method is-config="true" signature="setupClass(java.lang.String,java.lang.String,java.lang.String,java.lang.String,java.lang.String,java.lang.String,java.lang.String,java.lang.String,java.lang.String,java.lang.String,java.lang.String,java.lang.String,java.lang.String,java.lang.String,java.lang.String)[pri:0, instance:Chips_001_기본기능.기본기능_03_부가기능@15d49048]" started-at="2021-12-01T17:13:44 KST" name="setupClass" finished-at="2021-12-01T17:13:57 KST" duration-ms="13125" status="PASS">
          <params>
            <param index="0">
              <value>
                <![CDATA[Android]]>
              </value>
            </param>
            <param index="1">
              <value>
                <![CDATA[Chips]]>
              </value>
            </param>
            <param index="2">
              <value>
                <![CDATA[http://0.0.0.0:4723/wd/hub]]>
              </value>
            </param>
            <param index="3">
              <value>
                <![CDATA[STG]]>
              </value>
            </param>
            <param index="4">
              <value>
                <![CDATA[Chips]]>
              </value>
            </param>
            <param index="5">
              <value>
                <![CDATA[out]]>
              </value>
            </param>
            <param index="6">
              <value>
                <![CDATA[R33M4000CY]]>
              </value>
            </param>
            <param index="7">
              <value>
                <![CDATA[ALDF3NYA6C0D0C654DD2]]>
              </value>
            </param>
            <param index="8">
              <value>
                <![CDATA[ALDF5TR5SNGZ8175DA16]]>
              </value>
            </param>
            <param index="9">
              <value>
                <![CDATA[ALDFH3D1Q7W6071EFE41]]>
              </value>
            </param>
            <param index="10">
              <value>
                <![CDATA[ALDFH6OQ9HG79986A4FA]]>
              </value>
            </param>
            <param index="11">
              <value>
                <![CDATA[ALDFHFMQC3RB935B4B02]]>
              </value>
            </param>
            <param index="12">
              <value>
                <![CDATA[ALDFHFMSG34WDF6CD40E]]>
              </value>
            </param>
            <param index="13">
              <value>
                <![CDATA[ALDFHDFEBVOC7F098039]]>
              </value>
            </param>
            <param index="14">
              <value>
                <![CDATA[ALDG3Q4IA9EW3633F8EA]]>
              </value>
            </param>
          </params>
          <reporter-output>
          </reporter-output>
        </test-method> <!-- setupClass -->
        <test-method is-config="true" signature="BeforeMethod(java.lang.reflect.Method)[pri:0, instance:Chips_001_기본기능.기본기능_03_부가기능@15d49048]" started-at="2021-12-01T17:13:57 KST" name="BeforeMethod" finished-at="2021-12-01T17:13:57 KST" duration-ms="1" status="PASS">
          <params>
            <param index="0">
              <value>
                <![CDATA[public void Chips_001_기본기능.기본기능_03_부가기능.TC_0000_앱실행과AccessToken얻기(java.lang.reflect.Method) throws java.lang.Exception]]>
              </value>
            </param>
          </params>
          <reporter-output>
          </reporter-output>
        </test-method> <!-- BeforeMethod -->
        <test-method signature="TC_0000_앱실행과AccessToken얻기(java.lang.reflect.Method)[pri:0, instance:Chips_001_기본기능.기본기능_03_부가기능@15d49048]" started-at="2021-12-01T17:13:57 KST" name="TC_0000_앱실행과AccessToken얻기" description="칩스 리그레이션 TC : 실행_0000" finished-at="2021-12-01T17:14:53 KST" duration-ms="56093" status="PASS">
          <params>
            <param index="0">
              <value>
                <![CDATA[public void Chips_001_기본기능.기본기능_03_부가기능.TC_0000_앱실행과AccessToken얻기(java.lang.reflect.Method) throws java.lang.Exception]]>
              </value>
            </param>
          </params>
          <reporter-output>
          </reporter-output>
        </test-method> <!-- TC_0000_앱실행과AccessToken얻기 -->
        <test-method is-config="true" signature="AfterMethod(org.testng.ITestResult)[pri:0, instance:Chips_001_기본기능.기본기능_03_부가기능@15d49048]" started-at="2021-12-01T17:14:53 KST" name="AfterMethod" finished-at="2021-12-01T17:14:53 KST" duration-ms="0" status="PASS">
          <params>
            <param index="0">
              <value>
                <![CDATA[[TestResult name=TC_0000_앱실행과AccessToken얻기 status=SUCCESS method=기본기능_03_부가기능.TC_0000_앱실행과AccessToken얻기(java.lang.reflect.Method)[pri:0, instance:Chips_001_기본기능.기본기능_03_부가기능@15d49048] output={null}]]]>
              </value>
            </param>
          </params>
          <reporter-output>
          </reporter-output>
        </test-method> <!-- AfterMethod -->
        <test-method is-config="true" signature="BeforeMethod(java.lang.reflect.Method)[pri:0, instance:Chips_001_기본기능.기본기능_03_부가기능@15d49048]" started-at="2021-12-01T17:14:53 KST" name="BeforeMethod" finished-at="2021-12-01T17:14:53 KST" duration-ms="1" status="PASS">
          <params>
            <param index="0">
              <value>
                <![CDATA[public void Chips_001_기본기능.기본기능_03_부가기능.TC_0145_미디어재생중_infoPlay실행(java.lang.reflect.Method) throws java.lang.Exception]]>
              </value>
            </param>
          </params>
          <reporter-output>
          </reporter-output>
        </test-method> <!-- BeforeMethod -->
        <test-method signature="TC_0145_미디어재생중_infoPlay실행(java.lang.reflect.Method)[pri:0, instance:Chips_001_기본기능.기본기능_03_부가기능@15d49048]" started-at="2021-12-01T17:14:53 KST" name="TC_0145_미디어재생중_infoPlay실행" description="칩스 리그레이션 TC : 실행_0145" finished-at="2021-12-01T17:15:44 KST" duration-ms="50808" status="PASS">
          <params>
            <param index="0">
              <value>
                <![CDATA[public void Chips_001_기본기능.기본기능_03_부가기능.TC_0145_미디어재생중_infoPlay실행(java.lang.reflect.Method) throws java.lang.Exception]]>
              </value>
            </param>
          </params>
          <reporter-output>
          </reporter-output>
        </test-method> <!-- TC_0145_미디어재생중_infoPlay실행 -->
        <test-method is-config="true" signature="tearDownClass(java.lang.String,java.lang.String,java.lang.String,java.lang.String,java.lang.String,java.lang.String,java.lang.String,java.lang.String,java.lang.String,java.lang.String,java.lang.String,java.lang.String)[pri:0, instance:Chips_001_기본기능.기본기능_03_부가기능@15d49048]" started-at="2021-12-01T17:15:44 KST" name="tearDownClass" finished-at="2021-12-01T17:15:48 KST" duration-ms="4211" status="PASS">
          <params>
            <param index="0">
              <value>
                <![CDATA[STG]]>
              </value>
            </param>
            <param index="1">
              <value>
                <![CDATA[Chips]]>
              </value>
            </param>
            <param index="2">
              <value>
                <![CDATA[out]]>
              </value>
            </param>
            <param index="3">
              <value>
                <![CDATA[R33M4000CY]]>
              </value>
            </param>
            <param index="4">
              <value>
                <![CDATA[ALDF3NYA6C0D0C654DD2]]>
              </value>
            </param>
            <param index="5">
              <value>
                <![CDATA[ALDF5TR5SNGZ8175DA16]]>
              </value>
            </param>
            <param index="6">
              <value>
                <![CDATA[ALDFH3D1Q7W6071EFE41]]>
              </value>
            </param>
            <param index="7">
              <value>
                <![CDATA[ALDFH6OQ9HG79986A4FA]]>
              </value>
            </param>
            <param index="8">
              <value>
                <![CDATA[ALDFHFMQC3RB935B4B02]]>
              </value>
            </param>
            <param index="9">
              <value>
                <![CDATA[ALDFHFMSG34WDF6CD40E]]>
              </value>
            </param>
            <param index="10">
              <value>
                <![CDATA[ALDFHDFEBVOC7F098039]]>
              </value>
            </param>
            <param index="11">
              <value>
                <![CDATA[ALDG3Q4IA9EW3633F8EA]]>
              </value>
            </param>
          </params>
          <reporter-output>
          </reporter-output>
        </test-method> <!-- tearDownClass -->
        <test-method is-config="true" signature="AfterMethod(org.testng.ITestResult)[pri:0, instance:Chips_001_기본기능.기본기능_03_부가기능@15d49048]" started-at="2021-12-01T17:15:44 KST" name="AfterMethod" finished-at="2021-12-01T17:15:44 KST" duration-ms="0" status="PASS">
          <params>
            <param index="0">
              <value>
                <![CDATA[[TestResult name=TC_0145_미디어재생중_infoPlay실행 status=SUCCESS method=기본기능_03_부가기능.TC_0145_미디어재생중_infoPlay실행(java.lang.reflect.Method)[pri:0, instance:Chips_001_기본기능.기본기능_03_부가기능@15d49048] output={null}]]]>
              </value>
            </param>
          </params>
          <reporter-output>
          </reporter-output>
        </test-method> <!-- AfterMethod -->
      </class> <!-- Chips_001_기본기능.기본기능_03_부가기능 -->
      <class name="Chips_001_기본기능.기본기능_01_기본기능">
        <test-method is-config="true" signature="setupClass(java.lang.String,java.lang.String,java.lang.String,java.lang.String,java.lang.String,java.lang.String,java.lang.String,java.lang.String,java.lang.String,java.lang.String,java.lang.String,java.lang.String,java.lang.String,java.lang.String,java.lang.String)[pri:0, instance:Chips_001_기본기능.기본기능_01_기본기능@6d5620ce]" started-at="2021-12-01T17:10:32 KST" name="setupClass" finished-at="2021-12-01T17:10:46 KST" duration-ms="14201" status="PASS">
          <params>
            <param index="0">
              <value>
                <![CDATA[Android]]>
              </value>
            </param>
            <param index="1">
              <value>
                <![CDATA[Chips]]>
              </value>
            </param>
            <param index="2">
              <value>
                <![CDATA[http://0.0.0.0:4723/wd/hub]]>
              </value>
            </param>
            <param index="3">
              <value>
                <![CDATA[STG]]>
              </value>
            </param>
            <param index="4">
              <value>
                <![CDATA[Chips]]>
              </value>
            </param>
            <param index="5">
              <value>
                <![CDATA[out]]>
              </value>
            </param>
            <param index="6">
              <value>
                <![CDATA[R33M4000CY]]>
              </value>
            </param>
            <param index="7">
              <value>
                <![CDATA[ALDF3NYA6C0D0C654DD2]]>
              </value>
            </param>
            <param index="8">
              <value>
                <![CDATA[ALDF5TR5SNGZ8175DA16]]>
              </value>
            </param>
            <param index="9">
              <value>
                <![CDATA[ALDFH3D1Q7W6071EFE41]]>
              </value>
            </param>
            <param index="10">
              <value>
                <![CDATA[ALDFH6OQ9HG79986A4FA]]>
              </value>
            </param>
            <param index="11">
              <value>
                <![CDATA[ALDFHFMQC3RB935B4B02]]>
              </value>
            </param>
            <param index="12">
              <value>
                <![CDATA[ALDFHFMSG34WDF6CD40E]]>
              </value>
            </param>
            <param index="13">
              <value>
                <![CDATA[ALDFHDFEBVOC7F098039]]>
              </value>
            </param>
            <param index="14">
              <value>
                <![CDATA[ALDG3Q4IA9EW3633F8EA]]>
              </value>
            </param>
          </params>
          <reporter-output>
          </reporter-output>
        </test-method> <!-- setupClass -->
        <test-method is-config="true" signature="BeforeMethod(java.lang.reflect.Method)[pri:0, instance:Chips_001_기본기능.기본기능_01_기본기능@6d5620ce]" started-at="2021-12-01T17:10:46 KST" name="BeforeMethod" finished-at="2021-12-01T17:10:46 KST" duration-ms="8" status="PASS">
          <params>
            <param index="0">
              <value>
                <![CDATA[public void Chips_001_기본기능.기본기능_01_기본기능.TC_0000_앱실행과AccessToken얻기(java.lang.reflect.Method) throws java.lang.Exception]]>
              </value>
            </param>
          </params>
          <reporter-output>
          </reporter-output>
        </test-method> <!-- BeforeMethod -->
        <test-method signature="TC_0000_앱실행과AccessToken얻기(java.lang.reflect.Method)[pri:0, instance:Chips_001_기본기능.기본기능_01_기본기능@6d5620ce]" started-at="2021-12-01T17:10:46 KST" name="TC_0000_앱실행과AccessToken얻기" description="칩스 리그레이션 TC : 실행_0000" finished-at="2021-12-01T17:11:42 KST" duration-ms="55846" status="PASS">
          <params>
            <param index="0">
              <value>
                <![CDATA[public void Chips_001_기본기능.기본기능_01_기본기능.TC_0000_앱실행과AccessToken얻기(java.lang.reflect.Method) throws java.lang.Exception]]>
              </value>
            </param>
          </params>
          <reporter-output>
          </reporter-output>
        </test-method> <!-- TC_0000_앱실행과AccessToken얻기 -->
        <test-method is-config="true" signature="AfterMethod(org.testng.ITestResult)[pri:0, instance:Chips_001_기본기능.기본기능_01_기본기능@6d5620ce]" started-at="2021-12-01T17:11:42 KST" name="AfterMethod" finished-at="2021-12-01T17:11:42 KST" duration-ms="1" status="PASS">
          <params>
            <param index="0">
              <value>
                <![CDATA[[TestResult name=TC_0000_앱실행과AccessToken얻기 status=SUCCESS method=기본기능_01_기본기능.TC_0000_앱실행과AccessToken얻기(java.lang.reflect.Method)[pri:0, instance:Chips_001_기본기능.기본기능_01_기본기능@6d5620ce] output={null}]]]>
              </value>
            </param>
          </params>
          <reporter-output>
          </reporter-output>
        </test-method> <!-- AfterMethod -->
        <test-method is-config="true" signature="BeforeMethod(java.lang.reflect.Method)[pri:0, instance:Chips_001_기본기능.기본기능_01_기본기능@6d5620ce]" started-at="2021-12-01T17:11:42 KST" name="BeforeMethod" finished-at="2021-12-01T17:11:42 KST" duration-ms="1" status="PASS">
          <params>
            <param index="0">
              <value>
                <![CDATA[public void Chips_001_기본기능.기본기능_01_기본기능.TC_0009_MIC버튼호출(java.lang.reflect.Method) throws java.lang.Exception]]>
              </value>
            </param>
          </params>
          <reporter-output>
          </reporter-output>
        </test-method> <!-- BeforeMethod -->
        <test-method signature="TC_0009_MIC버튼호출(java.lang.reflect.Method)[pri:0, instance:Chips_001_기본기능.기본기능_01_기본기능@6d5620ce]" started-at="2021-12-01T17:11:42 KST" name="TC_0009_MIC버튼호출" description="칩스 리그레이션 TC : 실행_0009" finished-at="2021-12-01T17:11:45 KST" duration-ms="3077" status="PASS">
          <params>
            <param index="0">
              <value>
                <![CDATA[public void Chips_001_기본기능.기본기능_01_기본기능.TC_0009_MIC버튼호출(java.lang.reflect.Method) throws java.lang.Exception]]>
              </value>
            </param>
          </params>
          <reporter-output>
          </reporter-output>
        </test-method> <!-- TC_0009_MIC버튼호출 -->
        <test-method is-config="true" signature="AfterMethod(org.testng.ITestResult)[pri:0, instance:Chips_001_기본기능.기본기능_01_기본기능@6d5620ce]" started-at="2021-12-01T17:11:45 KST" name="AfterMethod" finished-at="2021-12-01T17:11:45 KST" duration-ms="1" status="PASS">
          <params>
            <param index="0">
              <value>
                <![CDATA[[TestResult name=TC_0009_MIC버튼호출 status=SUCCESS method=기본기능_01_기본기능.TC_0009_MIC버튼호출(java.lang.reflect.Method)[pri:0, instance:Chips_001_기본기능.기본기능_01_기본기능@6d5620ce] output={null}]]]>
              </value>
            </param>
          </params>
          <reporter-output>
          </reporter-output>
        </test-method> <!-- AfterMethod -->
        <test-method is-config="true" signature="BeforeMethod(java.lang.reflect.Method)[pri:0, instance:Chips_001_기본기능.기본기능_01_기본기능@6d5620ce]" started-at="2021-12-01T17:11:45 KST" name="BeforeMethod" finished-at="2021-12-01T17:11:45 KST" duration-ms="0" status="PASS">
          <params>
            <param index="0">
              <value>
                <![CDATA[public void Chips_001_기본기능.기본기능_01_기본기능.TC_0068_베터리잔량_발화체크(java.lang.reflect.Method) throws java.lang.Exception]]>
              </value>
            </param>
          </params>
          <reporter-output>
          </reporter-output>
        </test-method> <!-- BeforeMethod -->
        <test-method signature="TC_0068_베터리잔량_발화체크(java.lang.reflect.Method)[pri:0, instance:Chips_001_기본기능.기본기능_01_기본기능@6d5620ce]" started-at="2021-12-01T17:11:45 KST" name="TC_0068_베터리잔량_발화체크" description="칩스 리그레이션 TC : 실행_0068" finished-at="2021-12-01T17:11:50 KST" duration-ms="5130" status="PASS">
          <params>
            <param index="0">
              <value>
                <![CDATA[public void Chips_001_기본기능.기본기능_01_기본기능.TC_0068_베터리잔량_발화체크(java.lang.reflect.Method) throws java.lang.Exception]]>
              </value>
            </param>
          </params>
          <reporter-output>
          </reporter-output>
        </test-method> <!-- TC_0068_베터리잔량_발화체크 -->
        <test-method is-config="true" signature="AfterMethod(org.testng.ITestResult)[pri:0, instance:Chips_001_기본기능.기본기능_01_기본기능@6d5620ce]" started-at="2021-12-01T17:11:50 KST" name="AfterMethod" finished-at="2021-12-01T17:11:50 KST" duration-ms="0" status="PASS">
          <params>
            <param index="0">
              <value>
                <![CDATA[[TestResult name=TC_0068_베터리잔량_발화체크 status=SUCCESS method=기본기능_01_기본기능.TC_0068_베터리잔량_발화체크(java.lang.reflect.Method)[pri:0, instance:Chips_001_기본기능.기본기능_01_기본기능@6d5620ce] output={null}]]]>
              </value>
            </param>
          </params>
          <reporter-output>
          </reporter-output>
        </test-method> <!-- AfterMethod -->
        <test-method is-config="true" signature="BeforeMethod(java.lang.reflect.Method)[pri:0, instance:Chips_001_기본기능.기본기능_01_기본기능@6d5620ce]" started-at="2021-12-01T17:11:50 KST" name="BeforeMethod" finished-at="2021-12-01T17:11:50 KST" duration-ms="0" status="PASS">
          <params>
            <param index="0">
              <value>
                <![CDATA[public void Chips_001_기본기능.기본기능_01_기본기능.TC_0069_베터리잔량_발화체크(java.lang.reflect.Method) throws java.lang.Exception]]>
              </value>
            </param>
          </params>
          <reporter-output>
          </reporter-output>
        </test-method> <!-- BeforeMethod -->
        <test-method signature="TC_0069_베터리잔량_발화체크(java.lang.reflect.Method)[pri:0, instance:Chips_001_기본기능.기본기능_01_기본기능@6d5620ce]" started-at="2021-12-01T17:11:50 KST" name="TC_0069_베터리잔량_발화체크" description="칩스 리그레이션 TC : 실행_0069" finished-at="2021-12-01T17:11:56 KST" duration-ms="5202" status="PASS">
          <params>
            <param index="0">
              <value>
                <![CDATA[public void Chips_001_기본기능.기본기능_01_기본기능.TC_0069_베터리잔량_발화체크(java.lang.reflect.Method) throws java.lang.Exception]]>
              </value>
            </param>
          </params>
          <reporter-output>
          </reporter-output>
        </test-method> <!-- TC_0069_베터리잔량_발화체크 -->
        <test-method is-config="true" signature="AfterMethod(org.testng.ITestResult)[pri:0, instance:Chips_001_기본기능.기본기능_01_기본기능@6d5620ce]" started-at="2021-12-01T17:11:56 KST" name="AfterMethod" finished-at="2021-12-01T17:11:56 KST" duration-ms="0" status="PASS">
          <params>
            <param index="0">
              <value>
                <![CDATA[[TestResult name=TC_0069_베터리잔량_발화체크 status=SUCCESS method=기본기능_01_기본기능.TC_0069_베터리잔량_발화체크(java.lang.reflect.Method)[pri:0, instance:Chips_001_기본기능.기본기능_01_기본기능@6d5620ce] output={null}]]]>
              </value>
            </param>
          </params>
          <reporter-output>
          </reporter-output>
        </test-method> <!-- AfterMethod -->
        <test-method signature="TC_0079_전원제어_발화체크(java.lang.reflect.Method)[pri:0, instance:Chips_001_기본기능.기본기능_01_기본기능@6d5620ce]" started-at="2021-12-01T17:11:56 KST" name="TC_0079_전원제어_발화체크" description="칩스 리그레이션 TC : 실행_0079" finished-at="2021-12-01T17:12:01 KST" duration-ms="5114" status="PASS">
          <params>
            <param index="0">
              <value>
                <![CDATA[public void Chips_001_기본기능.기본기능_01_기본기능.TC_0079_전원제어_발화체크(java.lang.reflect.Method) throws java.lang.Exception]]>
              </value>
            </param>
          </params>
          <reporter-output>
          </reporter-output>
        </test-method> <!-- TC_0079_전원제어_발화체크 -->
        <test-method is-config="true" signature="BeforeMethod(java.lang.reflect.Method)[pri:0, instance:Chips_001_기본기능.기본기능_01_기본기능@6d5620ce]" started-at="2021-12-01T17:11:56 KST" name="BeforeMethod" finished-at="2021-12-01T17:11:56 KST" duration-ms="0" status="PASS">
          <params>
            <param index="0">
              <value>
                <![CDATA[public void Chips_001_기본기능.기본기능_01_기본기능.TC_0079_전원제어_발화체크(java.lang.reflect.Method) throws java.lang.Exception]]>
              </value>
            </param>
          </params>
          <reporter-output>
          </reporter-output>
        </test-method> <!-- BeforeMethod -->
        <test-method is-config="true" signature="AfterMethod(org.testng.ITestResult)[pri:0, instance:Chips_001_기본기능.기본기능_01_기본기능@6d5620ce]" started-at="2021-12-01T17:12:01 KST" name="AfterMethod" finished-at="2021-12-01T17:12:01 KST" duration-ms="1" status="PASS">
          <params>
            <param index="0">
              <value>
                <![CDATA[[TestResult name=TC_0079_전원제어_발화체크 status=SUCCESS method=기본기능_01_기본기능.TC_0079_전원제어_발화체크(java.lang.reflect.Method)[pri:0, instance:Chips_001_기본기능.기본기능_01_기본기능@6d5620ce] output={null}]]]>
              </value>
            </param>
          </params>
          <reporter-output>
          </reporter-output>
        </test-method> <!-- AfterMethod -->
        <test-method is-config="true" signature="BeforeMethod(java.lang.reflect.Method)[pri:0, instance:Chips_001_기본기능.기본기능_01_기본기능@6d5620ce]" started-at="2021-12-01T17:12:01 KST" name="BeforeMethod" finished-at="2021-12-01T17:12:01 KST" duration-ms="1" status="PASS">
          <params>
            <param index="0">
              <value>
                <![CDATA[public void Chips_001_기본기능.기본기능_01_기본기능.TC_0091_환경설정_발화체크(java.lang.reflect.Method) throws java.lang.Exception]]>
              </value>
            </param>
          </params>
          <reporter-output>
          </reporter-output>
        </test-method> <!-- BeforeMethod -->
        <test-method signature="TC_0091_환경설정_발화체크(java.lang.reflect.Method)[pri:0, instance:Chips_001_기본기능.기본기능_01_기본기능@6d5620ce]" started-at="2021-12-01T17:12:01 KST" name="TC_0091_환경설정_발화체크" description="칩스 리그레이션 TC : 실행_0091" finished-at="2021-12-01T17:12:10 KST" duration-ms="9226" status="PASS">
          <params>
            <param index="0">
              <value>
                <![CDATA[public void Chips_001_기본기능.기본기능_01_기본기능.TC_0091_환경설정_발화체크(java.lang.reflect.Method) throws java.lang.Exception]]>
              </value>
            </param>
          </params>
          <reporter-output>
          </reporter-output>
        </test-method> <!-- TC_0091_환경설정_발화체크 -->
        <test-method is-config="true" signature="AfterMethod(org.testng.ITestResult)[pri:0, instance:Chips_001_기본기능.기본기능_01_기본기능@6d5620ce]" started-at="2021-12-01T17:12:10 KST" name="AfterMethod" finished-at="2021-12-01T17:12:10 KST" duration-ms="0" status="PASS">
          <params>
            <param index="0">
              <value>
                <![CDATA[[TestResult name=TC_0091_환경설정_발화체크 status=SUCCESS method=기본기능_01_기본기능.TC_0091_환경설정_발화체크(java.lang.reflect.Method)[pri:0, instance:Chips_001_기본기능.기본기능_01_기본기능@6d5620ce] output={null}]]]>
              </value>
            </param>
          </params>
          <reporter-output>
          </reporter-output>
        </test-method> <!-- AfterMethod -->
        <test-method is-config="true" signature="BeforeMethod(java.lang.reflect.Method)[pri:0, instance:Chips_001_기본기능.기본기능_01_기본기능@6d5620ce]" started-at="2021-12-01T17:12:10 KST" name="BeforeMethod" finished-at="2021-12-01T17:12:10 KST" duration-ms="1" status="PASS">
          <params>
            <param index="0">
              <value>
                <![CDATA[public void Chips_001_기본기능.기본기능_01_기본기능.TC_0094_미디어재생중_환경설정_발화체크(java.lang.reflect.Method) throws java.lang.Exception]]>
              </value>
            </param>
          </params>
          <reporter-output>
          </reporter-output>
        </test-method> <!-- BeforeMethod -->
        <test-method signature="TC_0094_미디어재생중_환경설정_발화체크(java.lang.reflect.Method)[pri:0, instance:Chips_001_기본기능.기본기능_01_기본기능@6d5620ce]" started-at="2021-12-01T17:12:10 KST" name="TC_0094_미디어재생중_환경설정_발화체크" description="칩스 리그레이션 TC : 실행_0094" finished-at="2021-12-01T17:12:30 KST" duration-ms="19682" status="PASS">
          <params>
            <param index="0">
              <value>
                <![CDATA[public void Chips_001_기본기능.기본기능_01_기본기능.TC_0094_미디어재생중_환경설정_발화체크(java.lang.reflect.Method) throws java.lang.Exception]]>
              </value>
            </param>
          </params>
          <reporter-output>
          </reporter-output>
        </test-method> <!-- TC_0094_미디어재생중_환경설정_발화체크 -->
        <test-method is-config="true" signature="AfterMethod(org.testng.ITestResult)[pri:0, instance:Chips_001_기본기능.기본기능_01_기본기능@6d5620ce]" started-at="2021-12-01T17:12:30 KST" name="AfterMethod" finished-at="2021-12-01T17:12:30 KST" duration-ms="0" status="PASS">
          <params>
            <param index="0">
              <value>
                <![CDATA[[TestResult name=TC_0094_미디어재생중_환경설정_발화체크 status=SUCCESS method=기본기능_01_기본기능.TC_0094_미디어재생중_환경설정_발화체크(java.lang.reflect.Method)[pri:0, instance:Chips_001_기본기능.기본기능_01_기본기능@6d5620ce] output={null}]]]>
              </value>
            </param>
          </params>
          <reporter-output>
          </reporter-output>
        </test-method> <!-- AfterMethod -->
        <test-method is-config="true" signature="BeforeMethod(java.lang.reflect.Method)[pri:0, instance:Chips_001_기본기능.기본기능_01_기본기능@6d5620ce]" started-at="2021-12-01T17:12:30 KST" name="BeforeMethod" finished-at="2021-12-01T17:12:30 KST" duration-ms="1" status="PASS">
          <params>
            <param index="0">
              <value>
                <![CDATA[public void Chips_001_기본기능.기본기능_01_기본기능.TC_0098_홈화면변경_발화체크(java.lang.reflect.Method) throws java.lang.Exception]]>
              </value>
            </param>
          </params>
          <reporter-output>
          </reporter-output>
        </test-method> <!-- BeforeMethod -->
        <test-method signature="TC_0098_홈화면변경_발화체크(java.lang.reflect.Method)[pri:0, instance:Chips_001_기본기능.기본기능_01_기본기능@6d5620ce]" started-at="2021-12-01T17:12:30 KST" name="TC_0098_홈화면변경_발화체크" description="칩스 리그레이션 TC : 실행_0098" finished-at="2021-12-01T17:12:39 KST" duration-ms="9195" status="PASS">
          <params>
            <param index="0">
              <value>
                <![CDATA[public void Chips_001_기본기능.기본기능_01_기본기능.TC_0098_홈화면변경_발화체크(java.lang.reflect.Method) throws java.lang.Exception]]>
              </value>
            </param>
          </params>
          <reporter-output>
          </reporter-output>
        </test-method> <!-- TC_0098_홈화면변경_발화체크 -->
        <test-method is-config="true" signature="AfterMethod(org.testng.ITestResult)[pri:0, instance:Chips_001_기본기능.기본기능_01_기본기능@6d5620ce]" started-at="2021-12-01T17:12:39 KST" name="AfterMethod" finished-at="2021-12-01T17:12:39 KST" duration-ms="0" status="PASS">
          <params>
            <param index="0">
              <value>
                <![CDATA[[TestResult name=TC_0098_홈화면변경_발화체크 status=SUCCESS method=기본기능_01_기본기능.TC_0098_홈화면변경_발화체크(java.lang.reflect.Method)[pri:0, instance:Chips_001_기본기능.기본기능_01_기본기능@6d5620ce] output={null}]]]>
              </value>
            </param>
          </params>
          <reporter-output>
          </reporter-output>
        </test-method> <!-- AfterMethod -->
        <test-method signature="TC_0115_나이트모드_발화체크(java.lang.reflect.Method)[pri:0, instance:Chips_001_기본기능.기본기능_01_기본기능@6d5620ce]" started-at="2021-12-01T17:12:39 KST" name="TC_0115_나이트모드_발화체크" description="칩스 리그레이션 TC : 실행_0115" finished-at="2021-12-01T17:12:44 KST" duration-ms="5145" status="PASS">
          <params>
            <param index="0">
              <value>
                <![CDATA[public void Chips_001_기본기능.기본기능_01_기본기능.TC_0115_나이트모드_발화체크(java.lang.reflect.Method) throws java.lang.Exception]]>
              </value>
            </param>
          </params>
          <reporter-output>
          </reporter-output>
        </test-method> <!-- TC_0115_나이트모드_발화체크 -->
        <test-method is-config="true" signature="BeforeMethod(java.lang.reflect.Method)[pri:0, instance:Chips_001_기본기능.기본기능_01_기본기능@6d5620ce]" started-at="2021-12-01T17:12:39 KST" name="BeforeMethod" finished-at="2021-12-01T17:12:39 KST" duration-ms="0" status="PASS">
          <params>
            <param index="0">
              <value>
                <![CDATA[public void Chips_001_기본기능.기본기능_01_기본기능.TC_0115_나이트모드_발화체크(java.lang.reflect.Method) throws java.lang.Exception]]>
              </value>
            </param>
          </params>
          <reporter-output>
          </reporter-output>
        </test-method> <!-- BeforeMethod -->
        <test-method is-config="true" signature="AfterMethod(org.testng.ITestResult)[pri:0, instance:Chips_001_기본기능.기본기능_01_기본기능@6d5620ce]" started-at="2021-12-01T17:12:44 KST" name="AfterMethod" finished-at="2021-12-01T17:12:44 KST" duration-ms="0" status="PASS">
          <params>
            <param index="0">
              <value>
                <![CDATA[[TestResult name=TC_0115_나이트모드_발화체크 status=SUCCESS method=기본기능_01_기본기능.TC_0115_나이트모드_발화체크(java.lang.reflect.Method)[pri:0, instance:Chips_001_기본기능.기본기능_01_기본기능@6d5620ce] output={null}]]]>
              </value>
            </param>
          </params>
          <reporter-output>
          </reporter-output>
        </test-method> <!-- AfterMethod -->
        <test-method is-config="true" signature="tearDownClass(java.lang.String,java.lang.String,java.lang.String,java.lang.String,java.lang.String,java.lang.String,java.lang.String,java.lang.String,java.lang.String,java.lang.String,java.lang.String,java.lang.String)[pri:0, instance:Chips_001_기본기능.기본기능_01_기본기능@6d5620ce]" started-at="2021-12-01T17:12:44 KST" name="tearDownClass" finished-at="2021-12-01T17:12:48 KST" duration-ms="4307" status="PASS">
          <params>
            <param index="0">
              <value>
                <![CDATA[STG]]>
              </value>
            </param>
            <param index="1">
              <value>
                <![CDATA[Chips]]>
              </value>
            </param>
            <param index="2">
              <value>
                <![CDATA[out]]>
              </value>
            </param>
            <param index="3">
              <value>
                <![CDATA[R33M4000CY]]>
              </value>
            </param>
            <param index="4">
              <value>
                <![CDATA[ALDF3NYA6C0D0C654DD2]]>
              </value>
            </param>
            <param index="5">
              <value>
                <![CDATA[ALDF5TR5SNGZ8175DA16]]>
              </value>
            </param>
            <param index="6">
              <value>
                <![CDATA[ALDFH3D1Q7W6071EFE41]]>
              </value>
            </param>
            <param index="7">
              <value>
                <![CDATA[ALDFH6OQ9HG79986A4FA]]>
              </value>
            </param>
            <param index="8">
              <value>
                <![CDATA[ALDFHFMQC3RB935B4B02]]>
              </value>
            </param>
            <param index="9">
              <value>
                <![CDATA[ALDFHFMSG34WDF6CD40E]]>
              </value>
            </param>
            <param index="10">
              <value>
                <![CDATA[ALDFHDFEBVOC7F098039]]>
              </value>
            </param>
            <param index="11">
              <value>
                <![CDATA[ALDG3Q4IA9EW3633F8EA]]>
              </value>
            </param>
          </params>
          <reporter-output>
          </reporter-output>
        </test-method> <!-- tearDownClass -->
      </class> <!-- Chips_001_기본기능.기본기능_01_기본기능 -->
    </test> <!-- Test_Project -->
  </suite> <!-- ExtentReport -->
</testng-results>
