<?xml version="1.0" encoding="UTF-8"?>
<testng-results ignored="0" total="33" passed="31" failed="2" skipped="0">
  <reporter-output>
  </reporter-output>
  <suite started-at="2021-11-24T18:14:41 KST" name="ExtentReport" finished-at="2021-11-24T18:32:41 KST" duration-ms="1079807">
    <groups>
    </groups>
    <test started-at="2021-11-24T18:14:41 KST" name="Test_Project" finished-at="2021-11-24T18:32:41 KST" duration-ms="1079807">
      <class name="Chips_004_생활정보.생활정보_14_뉴스">
        <test-method is-config="true" signature="setupClass(java.lang.String,java.lang.String,java.lang.String,java.lang.String,java.lang.String,java.lang.String,java.lang.String,java.lang.String,java.lang.String,java.lang.String,java.lang.String,java.lang.String,java.lang.String,java.lang.String,java.lang.String)[pri:0, instance:Chips_004_생활정보.생활정보_14_뉴스@730d2164]" started-at="2021-11-24T18:14:41 KST" name="setupClass" finished-at="2021-11-24T18:14:56 KST" duration-ms="14827" status="PASS">
          <params>
            <param index="0">
              <value>
                <![CDATA[Android]]>
              </value>
            </param>
            <param index="1">
              <value>
                <![CDATA[Chips]]>
              </value>
            </param>
            <param index="2">
              <value>
                <![CDATA[http://0.0.0.0:4723/wd/hub]]>
              </value>
            </param>
            <param index="3">
              <value>
                <![CDATA[STG]]>
              </value>
            </param>
            <param index="4">
              <value>
                <![CDATA[Chips]]>
              </value>
            </param>
            <param index="5">
              <value>
                <![CDATA[out]]>
              </value>
            </param>
            <param index="6">
              <value>
                <![CDATA[R33M4000CY]]>
              </value>
            </param>
            <param index="7">
              <value>
                <![CDATA[ALDF3NYA6C0D0C654DD2]]>
              </value>
            </param>
            <param index="8">
              <value>
                <![CDATA[ALDF5TR5SNGZ8175DA16]]>
              </value>
            </param>
            <param index="9">
              <value>
                <![CDATA[ALDFH3D1Q7W6071EFE41]]>
              </value>
            </param>
            <param index="10">
              <value>
                <![CDATA[ALDFH6OQ9HG79986A4FA]]>
              </value>
            </param>
            <param index="11">
              <value>
                <![CDATA[ALDFHFMQC3RB935B4B02]]>
              </value>
            </param>
            <param index="12">
              <value>
                <![CDATA[ALDFHFMSG34WDF6CD40E]]>
              </value>
            </param>
            <param index="13">
              <value>
                <![CDATA[ALDFHDFEBVOC7F098039]]>
              </value>
            </param>
            <param index="14">
              <value>
                <![CDATA[ALDG3Q4IA9EW3633F8EA]]>
              </value>
            </param>
          </params>
          <reporter-output>
          </reporter-output>
        </test-method> <!-- setupClass -->
        <test-method is-config="true" signature="BeforeMethod(java.lang.reflect.Method)[pri:0, instance:Chips_004_생활정보.생활정보_14_뉴스@730d2164]" started-at="2021-11-24T18:14:56 KST" name="BeforeMethod" finished-at="2021-11-24T18:14:56 KST" duration-ms="9" status="PASS">
          <params>
            <param index="0">
              <value>
                <![CDATA[public void Chips_004_생활정보.생활정보_14_뉴스.TC_0000_앱실행과AccessToken얻기(java.lang.reflect.Method) throws java.lang.Exception]]>
              </value>
            </param>
          </params>
          <reporter-output>
          </reporter-output>
        </test-method> <!-- BeforeMethod -->
        <test-method signature="TC_0000_앱실행과AccessToken얻기(java.lang.reflect.Method)[pri:0, instance:Chips_004_생활정보.생활정보_14_뉴스@730d2164]" started-at="2021-11-24T18:14:56 KST" name="TC_0000_앱실행과AccessToken얻기" description="칩스 리그레이션 TC : 실행_0000" finished-at="2021-11-24T18:15:59 KST" duration-ms="62594" status="PASS">
          <params>
            <param index="0">
              <value>
                <![CDATA[public void Chips_004_생활정보.생활정보_14_뉴스.TC_0000_앱실행과AccessToken얻기(java.lang.reflect.Method) throws java.lang.Exception]]>
              </value>
            </param>
          </params>
          <reporter-output>
          </reporter-output>
        </test-method> <!-- TC_0000_앱실행과AccessToken얻기 -->
        <test-method is-config="true" signature="AfterMethod(org.testng.ITestResult)[pri:0, instance:Chips_004_생활정보.생활정보_14_뉴스@730d2164]" started-at="2021-11-24T18:15:59 KST" name="AfterMethod" finished-at="2021-11-24T18:15:59 KST" duration-ms="13" status="PASS">
          <params>
            <param index="0">
              <value>
                <![CDATA[[TestResult name=TC_0000_앱실행과AccessToken얻기 status=SUCCESS method=생활정보_14_뉴스.TC_0000_앱실행과AccessToken얻기(java.lang.reflect.Method)[pri:0, instance:Chips_004_생활정보.생활정보_14_뉴스@730d2164] output={null}]]]>
              </value>
            </param>
          </params>
          <reporter-output>
          </reporter-output>
        </test-method> <!-- AfterMethod -->
        <test-method is-config="true" signature="BeforeMethod(java.lang.reflect.Method)[pri:0, instance:Chips_004_생활정보.생활정보_14_뉴스@730d2164]" started-at="2021-11-24T18:15:59 KST" name="BeforeMethod" finished-at="2021-11-24T18:15:59 KST" duration-ms="1" status="PASS">
          <params>
            <param index="0">
              <value>
                <![CDATA[public void Chips_004_생활정보.생활정보_14_뉴스.TC_0811_Chips_뉴스_기본설정_CBS뉴스_확인(java.lang.reflect.Method) throws java.lang.Exception]]>
              </value>
            </param>
          </params>
          <reporter-output>
          </reporter-output>
        </test-method> <!-- BeforeMethod -->
        <test-method signature="TC_0811_Chips_뉴스_기본설정_CBS뉴스_확인(java.lang.reflect.Method)[pri:0, instance:Chips_004_생활정보.생활정보_14_뉴스@730d2164]" started-at="2021-11-24T18:15:59 KST" name="TC_0811_Chips_뉴스_기본설정_CBS뉴스_확인" description="칩스 리그레이션 TC : 실행_0811" finished-at="2021-11-24T18:16:29 KST" duration-ms="30194" status="PASS">
          <params>
            <param index="0">
              <value>
                <![CDATA[public void Chips_004_생활정보.생활정보_14_뉴스.TC_0811_Chips_뉴스_기본설정_CBS뉴스_확인(java.lang.reflect.Method) throws java.lang.Exception]]>
              </value>
            </param>
          </params>
          <reporter-output>
          </reporter-output>
        </test-method> <!-- TC_0811_Chips_뉴스_기본설정_CBS뉴스_확인 -->
        <test-method is-config="true" signature="AfterMethod(org.testng.ITestResult)[pri:0, instance:Chips_004_생활정보.생활정보_14_뉴스@730d2164]" started-at="2021-11-24T18:16:29 KST" name="AfterMethod" finished-at="2021-11-24T18:16:29 KST" duration-ms="5" status="PASS">
          <params>
            <param index="0">
              <value>
                <![CDATA[[TestResult name=TC_0811_Chips_뉴스_기본설정_CBS뉴스_확인 status=SUCCESS method=생활정보_14_뉴스.TC_0811_Chips_뉴스_기본설정_CBS뉴스_확인(java.lang.reflect.Method)[pri:0, instance:Chips_004_생활정보.생활정보_14_뉴스@730d2164] output={null}]]]>
              </value>
            </param>
          </params>
          <reporter-output>
          </reporter-output>
        </test-method> <!-- AfterMethod -->
        <test-method is-config="true" signature="BeforeMethod(java.lang.reflect.Method)[pri:0, instance:Chips_004_생활정보.생활정보_14_뉴스@730d2164]" started-at="2021-11-24T18:16:29 KST" name="BeforeMethod" finished-at="2021-11-24T18:16:29 KST" duration-ms="0" status="PASS">
          <params>
            <param index="0">
              <value>
                <![CDATA[public void Chips_004_생활정보.생활정보_14_뉴스.TC_0812_Chips_뉴스_기본설정_CBS뉴스_확인(java.lang.reflect.Method) throws java.lang.Exception]]>
              </value>
            </param>
          </params>
          <reporter-output>
          </reporter-output>
        </test-method> <!-- BeforeMethod -->
        <test-method signature="TC_0812_Chips_뉴스_기본설정_CBS뉴스_확인(java.lang.reflect.Method)[pri:0, instance:Chips_004_생활정보.생활정보_14_뉴스@730d2164]" started-at="2021-11-24T18:16:29 KST" name="TC_0812_Chips_뉴스_기본설정_CBS뉴스_확인" description="칩스 리그레이션 TC : 실행_0812" finished-at="2021-11-24T18:16:59 KST" duration-ms="29979" status="PASS">
          <params>
            <param index="0">
              <value>
                <![CDATA[public void Chips_004_생활정보.생활정보_14_뉴스.TC_0812_Chips_뉴스_기본설정_CBS뉴스_확인(java.lang.reflect.Method) throws java.lang.Exception]]>
              </value>
            </param>
          </params>
          <reporter-output>
          </reporter-output>
        </test-method> <!-- TC_0812_Chips_뉴스_기본설정_CBS뉴스_확인 -->
        <test-method is-config="true" signature="AfterMethod(org.testng.ITestResult)[pri:0, instance:Chips_004_생활정보.생활정보_14_뉴스@730d2164]" started-at="2021-11-24T18:16:59 KST" name="AfterMethod" finished-at="2021-11-24T18:16:59 KST" duration-ms="5" status="PASS">
          <params>
            <param index="0">
              <value>
                <![CDATA[[TestResult name=TC_0812_Chips_뉴스_기본설정_CBS뉴스_확인 status=SUCCESS method=생활정보_14_뉴스.TC_0812_Chips_뉴스_기본설정_CBS뉴스_확인(java.lang.reflect.Method)[pri:0, instance:Chips_004_생활정보.생활정보_14_뉴스@730d2164] output={null}]]]>
              </value>
            </param>
          </params>
          <reporter-output>
          </reporter-output>
        </test-method> <!-- AfterMethod -->
        <test-method is-config="true" signature="BeforeMethod(java.lang.reflect.Method)[pri:0, instance:Chips_004_생활정보.생활정보_14_뉴스@730d2164]" started-at="2021-11-24T18:16:59 KST" name="BeforeMethod" finished-at="2021-11-24T18:16:59 KST" duration-ms="1" status="PASS">
          <params>
            <param index="0">
              <value>
                <![CDATA[public void Chips_004_생활정보.생활정보_14_뉴스.TC_0813_Chips_뉴스_KBS뉴스_확인(java.lang.reflect.Method) throws java.lang.Exception]]>
              </value>
            </param>
          </params>
          <reporter-output>
          </reporter-output>
        </test-method> <!-- BeforeMethod -->
        <test-method signature="TC_0813_Chips_뉴스_KBS뉴스_확인(java.lang.reflect.Method)[pri:0, instance:Chips_004_생활정보.생활정보_14_뉴스@730d2164]" started-at="2021-11-24T18:16:59 KST" name="TC_0813_Chips_뉴스_KBS뉴스_확인" description="칩스 리그레이션 TC : 실행_0813" finished-at="2021-11-24T18:17:29 KST" duration-ms="30078" status="PASS">
          <params>
            <param index="0">
              <value>
                <![CDATA[public void Chips_004_생활정보.생활정보_14_뉴스.TC_0813_Chips_뉴스_KBS뉴스_확인(java.lang.reflect.Method) throws java.lang.Exception]]>
              </value>
            </param>
          </params>
          <reporter-output>
          </reporter-output>
        </test-method> <!-- TC_0813_Chips_뉴스_KBS뉴스_확인 -->
        <test-method is-config="true" signature="AfterMethod(org.testng.ITestResult)[pri:0, instance:Chips_004_생활정보.생활정보_14_뉴스@730d2164]" started-at="2021-11-24T18:17:29 KST" name="AfterMethod" finished-at="2021-11-24T18:17:29 KST" duration-ms="5" status="PASS">
          <params>
            <param index="0">
              <value>
                <![CDATA[[TestResult name=TC_0813_Chips_뉴스_KBS뉴스_확인 status=SUCCESS method=생활정보_14_뉴스.TC_0813_Chips_뉴스_KBS뉴스_확인(java.lang.reflect.Method)[pri:0, instance:Chips_004_생활정보.생활정보_14_뉴스@730d2164] output={null}]]]>
              </value>
            </param>
          </params>
          <reporter-output>
          </reporter-output>
        </test-method> <!-- AfterMethod -->
        <test-method is-config="true" signature="BeforeMethod(java.lang.reflect.Method)[pri:0, instance:Chips_004_생활정보.생활정보_14_뉴스@730d2164]" started-at="2021-11-24T18:17:29 KST" name="BeforeMethod" finished-at="2021-11-24T18:17:29 KST" duration-ms="0" status="PASS">
          <params>
            <param index="0">
              <value>
                <![CDATA[public void Chips_004_생활정보.생활정보_14_뉴스.TC_0814_Chips_뉴스_CBS뉴스_확인(java.lang.reflect.Method) throws java.lang.Exception]]>
              </value>
            </param>
          </params>
          <reporter-output>
          </reporter-output>
        </test-method> <!-- BeforeMethod -->
        <test-method signature="TC_0814_Chips_뉴스_CBS뉴스_확인(java.lang.reflect.Method)[pri:0, instance:Chips_004_생활정보.생활정보_14_뉴스@730d2164]" started-at="2021-11-24T18:17:29 KST" name="TC_0814_Chips_뉴스_CBS뉴스_확인" description="칩스 리그레이션 TC : 실행_0814" finished-at="2021-11-24T18:18:00 KST" duration-ms="30651" status="PASS">
          <params>
            <param index="0">
              <value>
                <![CDATA[public void Chips_004_생활정보.생활정보_14_뉴스.TC_0814_Chips_뉴스_CBS뉴스_확인(java.lang.reflect.Method) throws java.lang.Exception]]>
              </value>
            </param>
          </params>
          <reporter-output>
          </reporter-output>
        </test-method> <!-- TC_0814_Chips_뉴스_CBS뉴스_확인 -->
        <test-method is-config="true" signature="AfterMethod(org.testng.ITestResult)[pri:0, instance:Chips_004_생활정보.생활정보_14_뉴스@730d2164]" started-at="2021-11-24T18:18:00 KST" name="AfterMethod" finished-at="2021-11-24T18:18:00 KST" duration-ms="5" status="PASS">
          <params>
            <param index="0">
              <value>
                <![CDATA[[TestResult name=TC_0814_Chips_뉴스_CBS뉴스_확인 status=SUCCESS method=생활정보_14_뉴스.TC_0814_Chips_뉴스_CBS뉴스_확인(java.lang.reflect.Method)[pri:0, instance:Chips_004_생활정보.생활정보_14_뉴스@730d2164] output={null}]]]>
              </value>
            </param>
          </params>
          <reporter-output>
          </reporter-output>
        </test-method> <!-- AfterMethod -->
        <test-method signature="TC_0815_1_Chips_뉴스_MBC뉴스_확인(java.lang.reflect.Method)[pri:0, instance:Chips_004_생활정보.생활정보_14_뉴스@730d2164]" started-at="2021-11-24T18:18:00 KST" name="TC_0815_1_Chips_뉴스_MBC뉴스_확인" description="칩스 리그레이션 TC : 실행_0815_1" finished-at="2021-11-24T18:18:37 KST" duration-ms="37034" status="PASS">
          <params>
            <param index="0">
              <value>
                <![CDATA[public void Chips_004_생활정보.생활정보_14_뉴스.TC_0815_1_Chips_뉴스_MBC뉴스_확인(java.lang.reflect.Method) throws java.lang.Exception]]>
              </value>
            </param>
          </params>
          <reporter-output>
          </reporter-output>
        </test-method> <!-- TC_0815_1_Chips_뉴스_MBC뉴스_확인 -->
        <test-method is-config="true" signature="BeforeMethod(java.lang.reflect.Method)[pri:0, instance:Chips_004_생활정보.생활정보_14_뉴스@730d2164]" started-at="2021-11-24T18:18:00 KST" name="BeforeMethod" finished-at="2021-11-24T18:18:00 KST" duration-ms="0" status="PASS">
          <params>
            <param index="0">
              <value>
                <![CDATA[public void Chips_004_생활정보.생활정보_14_뉴스.TC_0815_1_Chips_뉴스_MBC뉴스_확인(java.lang.reflect.Method) throws java.lang.Exception]]>
              </value>
            </param>
          </params>
          <reporter-output>
          </reporter-output>
        </test-method> <!-- BeforeMethod -->
        <test-method is-config="true" signature="AfterMethod(org.testng.ITestResult)[pri:0, instance:Chips_004_생활정보.생활정보_14_뉴스@730d2164]" started-at="2021-11-24T18:18:37 KST" name="AfterMethod" finished-at="2021-11-24T18:18:37 KST" duration-ms="10" status="PASS">
          <params>
            <param index="0">
              <value>
                <![CDATA[[TestResult name=TC_0815_1_Chips_뉴스_MBC뉴스_확인 status=SUCCESS method=생활정보_14_뉴스.TC_0815_1_Chips_뉴스_MBC뉴스_확인(java.lang.reflect.Method)[pri:0, instance:Chips_004_생활정보.생활정보_14_뉴스@730d2164] output={null}]]]>
              </value>
            </param>
          </params>
          <reporter-output>
          </reporter-output>
        </test-method> <!-- AfterMethod -->
        <test-method signature="TC_0815_2_Chips_뉴스_TBS뉴스_확인(java.lang.reflect.Method)[pri:0, instance:Chips_004_생활정보.생활정보_14_뉴스@730d2164]" started-at="2021-11-24T18:18:37 KST" name="TC_0815_2_Chips_뉴스_TBS뉴스_확인" description="칩스 리그레이션 TC : 실행_0815_2" finished-at="2021-11-24T18:19:09 KST" duration-ms="32601" status="FAIL">
          <params>
            <param index="0">
              <value>
                <![CDATA[public void Chips_004_생활정보.생활정보_14_뉴스.TC_0815_2_Chips_뉴스_TBS뉴스_확인(java.lang.reflect.Method) throws java.lang.Exception]]>
              </value>
            </param>
          </params>
          <exception class="junit.framework.AssertionFailedError">
            <full-stacktrace>
              <![CDATA[junit.framework.AssertionFailedError
at junit.framework.Assert.fail(Assert.java:47)
at junit.framework.Assert.assertTrue(Assert.java:20)
at junit.framework.Assert.assertTrue(Assert.java:27)
at Chips_004_생활정보.생활정보_14_뉴스.TC_0815_2_Chips_뉴스_TBS뉴스_확인(생활정보_14_뉴스.java:313)
at java.base/jdk.internal.reflect.NativeMethodAccessorImpl.invoke0(Native Method)
at java.base/jdk.internal.reflect.NativeMethodAccessorImpl.invoke(NativeMethodAccessorImpl.java:64)
at java.base/jdk.internal.reflect.DelegatingMethodAccessorImpl.invoke(DelegatingMethodAccessorImpl.java:43)
at java.base/java.lang.reflect.Method.invoke(Method.java:564)
at org.testng.internal.MethodInvocationHelper.invokeMethod(MethodInvocationHelper.java:133)
at org.testng.internal.TestInvoker.invokeMethod(TestInvoker.java:598)
at org.testng.internal.TestInvoker.invokeTestMethod(TestInvoker.java:173)
at org.testng.internal.MethodRunner.runInSequence(MethodRunner.java:46)
at org.testng.internal.TestInvoker$MethodInvocationAgent.invoke(TestInvoker.java:824)
at org.testng.internal.TestInvoker.invokeTestMethods(TestInvoker.java:146)
at org.testng.internal.TestMethodWorker.invokeTestMethods(TestMethodWorker.java:146)
at org.testng.internal.TestMethodWorker.run(TestMethodWorker.java:128)
at java.base/java.util.ArrayList.forEach(ArrayList.java:1511)
at org.testng.TestRunner.privateRun(TestRunner.java:794)
at org.testng.TestRunner.run(TestRunner.java:596)
at org.testng.SuiteRunner.runTest(SuiteRunner.java:377)
at org.testng.SuiteRunner.access$000(SuiteRunner.java:28)
at org.testng.SuiteRunner$SuiteWorker.run(SuiteRunner.java:418)
at org.testng.internal.thread.ThreadUtil.lambda$execute$0(ThreadUtil.java:64)
at java.base/java.util.concurrent.FutureTask.run(FutureTask.java:264)
at java.base/java.util.concurrent.ThreadPoolExecutor.runWorker(ThreadPoolExecutor.java:1130)
at java.base/java.util.concurrent.ThreadPoolExecutor$Worker.run(ThreadPoolExecutor.java:630)
at java.base/java.lang.Thread.run(Thread.java:832)
]]>
            </full-stacktrace>
          </exception> <!-- junit.framework.AssertionFailedError -->
          <reporter-output>
          </reporter-output>
        </test-method> <!-- TC_0815_2_Chips_뉴스_TBS뉴스_확인 -->
        <test-method is-config="true" signature="BeforeMethod(java.lang.reflect.Method)[pri:0, instance:Chips_004_생활정보.생활정보_14_뉴스@730d2164]" started-at="2021-11-24T18:18:37 KST" name="BeforeMethod" finished-at="2021-11-24T18:18:37 KST" duration-ms="0" status="PASS">
          <params>
            <param index="0">
              <value>
                <![CDATA[public void Chips_004_생활정보.생활정보_14_뉴스.TC_0815_2_Chips_뉴스_TBS뉴스_확인(java.lang.reflect.Method) throws java.lang.Exception]]>
              </value>
            </param>
          </params>
          <reporter-output>
          </reporter-output>
        </test-method> <!-- BeforeMethod -->
        <test-method is-config="true" signature="AfterMethod(org.testng.ITestResult)[pri:0, instance:Chips_004_생활정보.생활정보_14_뉴스@730d2164]" started-at="2021-11-24T18:19:09 KST" name="AfterMethod" finished-at="2021-11-24T18:19:10 KST" duration-ms="457" status="PASS">
          <params>
            <param index="0">
              <value>
                <![CDATA[[TestResult name=TC_0815_2_Chips_뉴스_TBS뉴스_확인 status=FAILURE method=생활정보_14_뉴스.TC_0815_2_Chips_뉴스_TBS뉴스_확인(java.lang.reflect.Method)[pri:0, instance:Chips_004_생활정보.생활정보_14_뉴스@730d2164] output={null}]]]>
              </value>
            </param>
          </params>
          <reporter-output>
          </reporter-output>
        </test-method> <!-- AfterMethod -->
        <test-method is-config="true" signature="BeforeMethod(java.lang.reflect.Method)[pri:0, instance:Chips_004_생활정보.생활정보_14_뉴스@730d2164]" started-at="2021-11-24T18:19:10 KST" name="BeforeMethod" finished-at="2021-11-24T18:19:10 KST" duration-ms="0" status="PASS">
          <params>
            <param index="0">
              <value>
                <![CDATA[public void Chips_004_생활정보.생활정보_14_뉴스.TC_0815_2_Chips_뉴스_연합뉴스뉴스_확인(java.lang.reflect.Method) throws java.lang.Exception]]>
              </value>
            </param>
          </params>
          <reporter-output>
          </reporter-output>
        </test-method> <!-- BeforeMethod -->
        <test-method signature="TC_0815_2_Chips_뉴스_연합뉴스뉴스_확인(java.lang.reflect.Method)[pri:0, instance:Chips_004_생활정보.생활정보_14_뉴스@730d2164]" started-at="2021-11-24T18:19:10 KST" name="TC_0815_2_Chips_뉴스_연합뉴스뉴스_확인" description="칩스 리그레이션 TC : 실행_0815_2" finished-at="2021-11-24T18:19:42 KST" duration-ms="32643" status="FAIL">
          <params>
            <param index="0">
              <value>
                <![CDATA[public void Chips_004_생활정보.생활정보_14_뉴스.TC_0815_2_Chips_뉴스_연합뉴스뉴스_확인(java.lang.reflect.Method) throws java.lang.Exception]]>
              </value>
            </param>
          </params>
          <exception class="junit.framework.AssertionFailedError">
            <full-stacktrace>
              <![CDATA[junit.framework.AssertionFailedError
at junit.framework.Assert.fail(Assert.java:47)
at junit.framework.Assert.assertTrue(Assert.java:20)
at junit.framework.Assert.assertTrue(Assert.java:27)
at Chips_004_생활정보.생활정보_14_뉴스.TC_0815_2_Chips_뉴스_연합뉴스뉴스_확인(생활정보_14_뉴스.java:346)
at java.base/jdk.internal.reflect.NativeMethodAccessorImpl.invoke0(Native Method)
at java.base/jdk.internal.reflect.NativeMethodAccessorImpl.invoke(NativeMethodAccessorImpl.java:64)
at java.base/jdk.internal.reflect.DelegatingMethodAccessorImpl.invoke(DelegatingMethodAccessorImpl.java:43)
at java.base/java.lang.reflect.Method.invoke(Method.java:564)
at org.testng.internal.MethodInvocationHelper.invokeMethod(MethodInvocationHelper.java:133)
at org.testng.internal.TestInvoker.invokeMethod(TestInvoker.java:598)
at org.testng.internal.TestInvoker.invokeTestMethod(TestInvoker.java:173)
at org.testng.internal.MethodRunner.runInSequence(MethodRunner.java:46)
at org.testng.internal.TestInvoker$MethodInvocationAgent.invoke(TestInvoker.java:824)
at org.testng.internal.TestInvoker.invokeTestMethods(TestInvoker.java:146)
at org.testng.internal.TestMethodWorker.invokeTestMethods(TestMethodWorker.java:146)
at org.testng.internal.TestMethodWorker.run(TestMethodWorker.java:128)
at java.base/java.util.ArrayList.forEach(ArrayList.java:1511)
at org.testng.TestRunner.privateRun(TestRunner.java:794)
at org.testng.TestRunner.run(TestRunner.java:596)
at org.testng.SuiteRunner.runTest(SuiteRunner.java:377)
at org.testng.SuiteRunner.access$000(SuiteRunner.java:28)
at org.testng.SuiteRunner$SuiteWorker.run(SuiteRunner.java:418)
at org.testng.internal.thread.ThreadUtil.lambda$execute$0(ThreadUtil.java:64)
at java.base/java.util.concurrent.FutureTask.run(FutureTask.java:264)
at java.base/java.util.concurrent.ThreadPoolExecutor.runWorker(ThreadPoolExecutor.java:1130)
at java.base/java.util.concurrent.ThreadPoolExecutor$Worker.run(ThreadPoolExecutor.java:630)
at java.base/java.lang.Thread.run(Thread.java:832)
]]>
            </full-stacktrace>
          </exception> <!-- junit.framework.AssertionFailedError -->
          <reporter-output>
          </reporter-output>
        </test-method> <!-- TC_0815_2_Chips_뉴스_연합뉴스뉴스_확인 -->
        <test-method is-config="true" signature="AfterMethod(org.testng.ITestResult)[pri:0, instance:Chips_004_생활정보.생활정보_14_뉴스@730d2164]" started-at="2021-11-24T18:19:42 KST" name="AfterMethod" finished-at="2021-11-24T18:19:43 KST" duration-ms="420" status="PASS">
          <params>
            <param index="0">
              <value>
                <![CDATA[[TestResult name=TC_0815_2_Chips_뉴스_연합뉴스뉴스_확인 status=FAILURE method=생활정보_14_뉴스.TC_0815_2_Chips_뉴스_연합뉴스뉴스_확인(java.lang.reflect.Method)[pri:0, instance:Chips_004_생활정보.생활정보_14_뉴스@730d2164] output={null}]]]>
              </value>
            </param>
          </params>
          <reporter-output>
          </reporter-output>
        </test-method> <!-- AfterMethod -->
        <test-method is-config="true" signature="BeforeMethod(java.lang.reflect.Method)[pri:0, instance:Chips_004_생활정보.생활정보_14_뉴스@730d2164]" started-at="2021-11-24T18:19:43 KST" name="BeforeMethod" finished-at="2021-11-24T18:19:43 KST" duration-ms="1" status="PASS">
          <params>
            <param index="0">
              <value>
                <![CDATA[public void Chips_004_생활정보.생활정보_14_뉴스.TC_0815_Chips_뉴스_SBS뉴스_확인(java.lang.reflect.Method) throws java.lang.Exception]]>
              </value>
            </param>
          </params>
          <reporter-output>
          </reporter-output>
        </test-method> <!-- BeforeMethod -->
        <test-method signature="TC_0815_Chips_뉴스_SBS뉴스_확인(java.lang.reflect.Method)[pri:0, instance:Chips_004_생활정보.생활정보_14_뉴스@730d2164]" started-at="2021-11-24T18:19:43 KST" name="TC_0815_Chips_뉴스_SBS뉴스_확인" description="칩스 리그레이션 TC : 실행_0812" finished-at="2021-11-24T18:20:11 KST" duration-ms="28538" status="PASS">
          <params>
            <param index="0">
              <value>
                <![CDATA[public void Chips_004_생활정보.생활정보_14_뉴스.TC_0815_Chips_뉴스_SBS뉴스_확인(java.lang.reflect.Method) throws java.lang.Exception]]>
              </value>
            </param>
          </params>
          <reporter-output>
          </reporter-output>
        </test-method> <!-- TC_0815_Chips_뉴스_SBS뉴스_확인 -->
        <test-method is-config="true" signature="AfterMethod(org.testng.ITestResult)[pri:0, instance:Chips_004_생활정보.생활정보_14_뉴스@730d2164]" started-at="2021-11-24T18:20:11 KST" name="AfterMethod" finished-at="2021-11-24T18:20:11 KST" duration-ms="5" status="PASS">
          <params>
            <param index="0">
              <value>
                <![CDATA[[TestResult name=TC_0815_Chips_뉴스_SBS뉴스_확인 status=SUCCESS method=생활정보_14_뉴스.TC_0815_Chips_뉴스_SBS뉴스_확인(java.lang.reflect.Method)[pri:0, instance:Chips_004_생활정보.생활정보_14_뉴스@730d2164] output={null}]]]>
              </value>
            </param>
          </params>
          <reporter-output>
          </reporter-output>
        </test-method> <!-- AfterMethod -->
        <test-method is-config="true" signature="BeforeMethod(java.lang.reflect.Method)[pri:0, instance:Chips_004_생활정보.생활정보_14_뉴스@730d2164]" started-at="2021-11-24T18:20:11 KST" name="BeforeMethod" finished-at="2021-11-24T18:20:11 KST" duration-ms="1" status="PASS">
          <params>
            <param index="0">
              <value>
                <![CDATA[public void Chips_004_생활정보.생활정보_14_뉴스.TC_0816_Chips_뉴스_오늘뉴스_확인(java.lang.reflect.Method) throws java.lang.Exception]]>
              </value>
            </param>
          </params>
          <reporter-output>
          </reporter-output>
        </test-method> <!-- BeforeMethod -->
        <test-method signature="TC_0816_Chips_뉴스_오늘뉴스_확인(java.lang.reflect.Method)[pri:0, instance:Chips_004_생활정보.생활정보_14_뉴스@730d2164]" started-at="2021-11-24T18:20:11 KST" name="TC_0816_Chips_뉴스_오늘뉴스_확인" description="칩스 리그레이션 TC : 실행_0816" finished-at="2021-11-24T18:20:41 KST" duration-ms="29382" status="PASS">
          <params>
            <param index="0">
              <value>
                <![CDATA[public void Chips_004_생활정보.생활정보_14_뉴스.TC_0816_Chips_뉴스_오늘뉴스_확인(java.lang.reflect.Method) throws java.lang.Exception]]>
              </value>
            </param>
          </params>
          <reporter-output>
          </reporter-output>
        </test-method> <!-- TC_0816_Chips_뉴스_오늘뉴스_확인 -->
        <test-method is-config="true" signature="AfterMethod(org.testng.ITestResult)[pri:0, instance:Chips_004_생활정보.생활정보_14_뉴스@730d2164]" started-at="2021-11-24T18:20:41 KST" name="AfterMethod" finished-at="2021-11-24T18:20:41 KST" duration-ms="4" status="PASS">
          <params>
            <param index="0">
              <value>
                <![CDATA[[TestResult name=TC_0816_Chips_뉴스_오늘뉴스_확인 status=SUCCESS method=생활정보_14_뉴스.TC_0816_Chips_뉴스_오늘뉴스_확인(java.lang.reflect.Method)[pri:0, instance:Chips_004_생활정보.생활정보_14_뉴스@730d2164] output={null}]]]>
              </value>
            </param>
          </params>
          <reporter-output>
          </reporter-output>
        </test-method> <!-- AfterMethod -->
        <test-method is-config="true" signature="BeforeMethod(java.lang.reflect.Method)[pri:0, instance:Chips_004_생활정보.생활정보_14_뉴스@730d2164]" started-at="2021-11-24T18:20:41 KST" name="BeforeMethod" finished-at="2021-11-24T18:20:41 KST" duration-ms="0" status="PASS">
          <params>
            <param index="0">
              <value>
                <![CDATA[public void Chips_004_생활정보.생활정보_14_뉴스.TC_0817_Chips_뉴스_연예특정뉴스_확인(java.lang.reflect.Method) throws java.lang.Exception]]>
              </value>
            </param>
          </params>
          <reporter-output>
          </reporter-output>
        </test-method> <!-- BeforeMethod -->
        <test-method signature="TC_0817_Chips_뉴스_연예특정뉴스_확인(java.lang.reflect.Method)[pri:0, instance:Chips_004_생활정보.생활정보_14_뉴스@730d2164]" started-at="2021-11-24T18:20:41 KST" name="TC_0817_Chips_뉴스_연예특정뉴스_확인" description="칩스 리그레이션 TC : 실행_0817" finished-at="2021-11-24T18:21:13 KST" duration-ms="31881" status="PASS">
          <params>
            <param index="0">
              <value>
                <![CDATA[public void Chips_004_생활정보.생활정보_14_뉴스.TC_0817_Chips_뉴스_연예특정뉴스_확인(java.lang.reflect.Method) throws java.lang.Exception]]>
              </value>
            </param>
          </params>
          <reporter-output>
          </reporter-output>
        </test-method> <!-- TC_0817_Chips_뉴스_연예특정뉴스_확인 -->
        <test-method is-config="true" signature="AfterMethod(org.testng.ITestResult)[pri:0, instance:Chips_004_생활정보.생활정보_14_뉴스@730d2164]" started-at="2021-11-24T18:21:13 KST" name="AfterMethod" finished-at="2021-11-24T18:21:13 KST" duration-ms="5" status="PASS">
          <params>
            <param index="0">
              <value>
                <![CDATA[[TestResult name=TC_0817_Chips_뉴스_연예특정뉴스_확인 status=SUCCESS method=생활정보_14_뉴스.TC_0817_Chips_뉴스_연예특정뉴스_확인(java.lang.reflect.Method)[pri:0, instance:Chips_004_생활정보.생활정보_14_뉴스@730d2164] output={null}]]]>
              </value>
            </param>
          </params>
          <reporter-output>
          </reporter-output>
        </test-method> <!-- AfterMethod -->
        <test-method is-config="true" signature="BeforeMethod(java.lang.reflect.Method)[pri:0, instance:Chips_004_생활정보.생활정보_14_뉴스@730d2164]" started-at="2021-11-24T18:21:13 KST" name="BeforeMethod" finished-at="2021-11-24T18:21:13 KST" duration-ms="0" status="PASS">
          <params>
            <param index="0">
              <value>
                <![CDATA[public void Chips_004_생활정보.생활정보_14_뉴스.TC_0818_Chips_뉴스_스포츠특정뉴스_확인(java.lang.reflect.Method) throws java.lang.Exception]]>
              </value>
            </param>
          </params>
          <reporter-output>
          </reporter-output>
        </test-method> <!-- BeforeMethod -->
        <test-method signature="TC_0818_Chips_뉴스_스포츠특정뉴스_확인(java.lang.reflect.Method)[pri:0, instance:Chips_004_생활정보.생활정보_14_뉴스@730d2164]" started-at="2021-11-24T18:21:13 KST" name="TC_0818_Chips_뉴스_스포츠특정뉴스_확인" description="칩스 리그레이션 TC : 실행_0818" finished-at="2021-11-24T18:21:40 KST" duration-ms="27381" status="PASS">
          <params>
            <param index="0">
              <value>
                <![CDATA[public void Chips_004_생활정보.생활정보_14_뉴스.TC_0818_Chips_뉴스_스포츠특정뉴스_확인(java.lang.reflect.Method) throws java.lang.Exception]]>
              </value>
            </param>
          </params>
          <reporter-output>
          </reporter-output>
        </test-method> <!-- TC_0818_Chips_뉴스_스포츠특정뉴스_확인 -->
        <test-method is-config="true" signature="AfterMethod(org.testng.ITestResult)[pri:0, instance:Chips_004_생활정보.생활정보_14_뉴스@730d2164]" started-at="2021-11-24T18:21:40 KST" name="AfterMethod" finished-at="2021-11-24T18:21:40 KST" duration-ms="4" status="PASS">
          <params>
            <param index="0">
              <value>
                <![CDATA[[TestResult name=TC_0818_Chips_뉴스_스포츠특정뉴스_확인 status=SUCCESS method=생활정보_14_뉴스.TC_0818_Chips_뉴스_스포츠특정뉴스_확인(java.lang.reflect.Method)[pri:0, instance:Chips_004_생활정보.생활정보_14_뉴스@730d2164] output={null}]]]>
              </value>
            </param>
          </params>
          <reporter-output>
          </reporter-output>
        </test-method> <!-- AfterMethod -->
        <test-method is-config="true" signature="BeforeMethod(java.lang.reflect.Method)[pri:0, instance:Chips_004_생활정보.생활정보_14_뉴스@730d2164]" started-at="2021-11-24T18:21:40 KST" name="BeforeMethod" finished-at="2021-11-24T18:21:40 KST" duration-ms="1" status="PASS">
          <params>
            <param index="0">
              <value>
                <![CDATA[public void Chips_004_생활정보.생활정보_14_뉴스.TC_0819_Chips_뉴스_미지원채널_확인(java.lang.reflect.Method) throws java.lang.Exception]]>
              </value>
            </param>
          </params>
          <reporter-output>
          </reporter-output>
        </test-method> <!-- BeforeMethod -->
        <test-method signature="TC_0819_Chips_뉴스_미지원채널_확인(java.lang.reflect.Method)[pri:0, instance:Chips_004_생활정보.생활정보_14_뉴스@730d2164]" started-at="2021-11-24T18:21:40 KST" name="TC_0819_Chips_뉴스_미지원채널_확인" description="칩스 리그레이션 TC : 실행_0819" finished-at="2021-11-24T18:22:02 KST" duration-ms="22109" status="PASS">
          <params>
            <param index="0">
              <value>
                <![CDATA[public void Chips_004_생활정보.생활정보_14_뉴스.TC_0819_Chips_뉴스_미지원채널_확인(java.lang.reflect.Method) throws java.lang.Exception]]>
              </value>
            </param>
          </params>
          <reporter-output>
          </reporter-output>
        </test-method> <!-- TC_0819_Chips_뉴스_미지원채널_확인 -->
        <test-method is-config="true" signature="AfterMethod(org.testng.ITestResult)[pri:0, instance:Chips_004_생활정보.생활정보_14_뉴스@730d2164]" started-at="2021-11-24T18:22:02 KST" name="AfterMethod" finished-at="2021-11-24T18:22:02 KST" duration-ms="5" status="PASS">
          <params>
            <param index="0">
              <value>
                <![CDATA[[TestResult name=TC_0819_Chips_뉴스_미지원채널_확인 status=SUCCESS method=생활정보_14_뉴스.TC_0819_Chips_뉴스_미지원채널_확인(java.lang.reflect.Method)[pri:0, instance:Chips_004_생활정보.생활정보_14_뉴스@730d2164] output={null}]]]>
              </value>
            </param>
          </params>
          <reporter-output>
          </reporter-output>
        </test-method> <!-- AfterMethod -->
        <test-method is-config="true" signature="BeforeMethod(java.lang.reflect.Method)[pri:0, instance:Chips_004_생활정보.생활정보_14_뉴스@730d2164]" started-at="2021-11-24T18:22:02 KST" name="BeforeMethod" finished-at="2021-11-24T18:22:02 KST" duration-ms="1" status="PASS">
          <params>
            <param index="0">
              <value>
                <![CDATA[public void Chips_004_생활정보.생활정보_14_뉴스.TC_0820_Chips_뉴스_미지원채널_확인(java.lang.reflect.Method) throws java.lang.Exception]]>
              </value>
            </param>
          </params>
          <reporter-output>
          </reporter-output>
        </test-method> <!-- BeforeMethod -->
        <test-method signature="TC_0820_Chips_뉴스_미지원채널_확인(java.lang.reflect.Method)[pri:0, instance:Chips_004_생활정보.생활정보_14_뉴스@730d2164]" started-at="2021-11-24T18:22:02 KST" name="TC_0820_Chips_뉴스_미지원채널_확인" description="칩스 리그레이션 TC : 실행_0820" finished-at="2021-11-24T18:22:24 KST" duration-ms="22107" status="PASS">
          <params>
            <param index="0">
              <value>
                <![CDATA[public void Chips_004_생활정보.생활정보_14_뉴스.TC_0820_Chips_뉴스_미지원채널_확인(java.lang.reflect.Method) throws java.lang.Exception]]>
              </value>
            </param>
          </params>
          <reporter-output>
          </reporter-output>
        </test-method> <!-- TC_0820_Chips_뉴스_미지원채널_확인 -->
        <test-method is-config="true" signature="AfterMethod(org.testng.ITestResult)[pri:0, instance:Chips_004_생활정보.생활정보_14_뉴스@730d2164]" started-at="2021-11-24T18:22:24 KST" name="AfterMethod" finished-at="2021-11-24T18:22:24 KST" duration-ms="6" status="PASS">
          <params>
            <param index="0">
              <value>
                <![CDATA[[TestResult name=TC_0820_Chips_뉴스_미지원채널_확인 status=SUCCESS method=생활정보_14_뉴스.TC_0820_Chips_뉴스_미지원채널_확인(java.lang.reflect.Method)[pri:0, instance:Chips_004_생활정보.생활정보_14_뉴스@730d2164] output={null}]]]>
              </value>
            </param>
          </params>
          <reporter-output>
          </reporter-output>
        </test-method> <!-- AfterMethod -->
        <test-method signature="TC_0821_Chips_뉴스_SK텔레콤_키워드뉴스_확인(java.lang.reflect.Method)[pri:0, instance:Chips_004_생활정보.생활정보_14_뉴스@730d2164]" started-at="2021-11-24T18:22:24 KST" name="TC_0821_Chips_뉴스_SK텔레콤_키워드뉴스_확인" description="칩스 리그레이션 TC : 실행_0821" finished-at="2021-11-24T18:23:09 KST" duration-ms="44881" status="PASS">
          <params>
            <param index="0">
              <value>
                <![CDATA[public void Chips_004_생활정보.생활정보_14_뉴스.TC_0821_Chips_뉴스_SK텔레콤_키워드뉴스_확인(java.lang.reflect.Method) throws java.lang.Exception]]>
              </value>
            </param>
          </params>
          <reporter-output>
          </reporter-output>
        </test-method> <!-- TC_0821_Chips_뉴스_SK텔레콤_키워드뉴스_확인 -->
        <test-method is-config="true" signature="BeforeMethod(java.lang.reflect.Method)[pri:0, instance:Chips_004_생활정보.생활정보_14_뉴스@730d2164]" started-at="2021-11-24T18:22:24 KST" name="BeforeMethod" finished-at="2021-11-24T18:22:24 KST" duration-ms="0" status="PASS">
          <params>
            <param index="0">
              <value>
                <![CDATA[public void Chips_004_생활정보.생활정보_14_뉴스.TC_0821_Chips_뉴스_SK텔레콤_키워드뉴스_확인(java.lang.reflect.Method) throws java.lang.Exception]]>
              </value>
            </param>
          </params>
          <reporter-output>
          </reporter-output>
        </test-method> <!-- BeforeMethod -->
        <test-method is-config="true" signature="AfterMethod(org.testng.ITestResult)[pri:0, instance:Chips_004_생활정보.생활정보_14_뉴스@730d2164]" started-at="2021-11-24T18:23:09 KST" name="AfterMethod" finished-at="2021-11-24T18:23:09 KST" duration-ms="3" status="PASS">
          <params>
            <param index="0">
              <value>
                <![CDATA[[TestResult name=TC_0821_Chips_뉴스_SK텔레콤_키워드뉴스_확인 status=SUCCESS method=생활정보_14_뉴스.TC_0821_Chips_뉴스_SK텔레콤_키워드뉴스_확인(java.lang.reflect.Method)[pri:0, instance:Chips_004_생활정보.생활정보_14_뉴스@730d2164] output={null}]]]>
              </value>
            </param>
          </params>
          <reporter-output>
          </reporter-output>
        </test-method> <!-- AfterMethod -->
        <test-method is-config="true" signature="BeforeMethod(java.lang.reflect.Method)[pri:0, instance:Chips_004_생활정보.생활정보_14_뉴스@730d2164]" started-at="2021-11-24T18:23:09 KST" name="BeforeMethod" finished-at="2021-11-24T18:23:09 KST" duration-ms="1" status="PASS">
          <params>
            <param index="0">
              <value>
                <![CDATA[public void Chips_004_생활정보.생활정보_14_뉴스.TC_0822_Chips_뉴스_세종병원화재_키워드뉴스_확인(java.lang.reflect.Method) throws java.lang.Exception]]>
              </value>
            </param>
          </params>
          <reporter-output>
          </reporter-output>
        </test-method> <!-- BeforeMethod -->
        <test-method signature="TC_0822_Chips_뉴스_세종병원화재_키워드뉴스_확인(java.lang.reflect.Method)[pri:0, instance:Chips_004_생활정보.생활정보_14_뉴스@730d2164]" started-at="2021-11-24T18:23:09 KST" name="TC_0822_Chips_뉴스_세종병원화재_키워드뉴스_확인" description="칩스 리그레이션 TC : 실행_0822" finished-at="2021-11-24T18:23:59 KST" duration-ms="49567" status="PASS">
          <params>
            <param index="0">
              <value>
                <![CDATA[public void Chips_004_생활정보.생활정보_14_뉴스.TC_0822_Chips_뉴스_세종병원화재_키워드뉴스_확인(java.lang.reflect.Method) throws java.lang.Exception]]>
              </value>
            </param>
          </params>
          <reporter-output>
          </reporter-output>
        </test-method> <!-- TC_0822_Chips_뉴스_세종병원화재_키워드뉴스_확인 -->
        <test-method is-config="true" signature="AfterMethod(org.testng.ITestResult)[pri:0, instance:Chips_004_생활정보.생활정보_14_뉴스@730d2164]" started-at="2021-11-24T18:23:59 KST" name="AfterMethod" finished-at="2021-11-24T18:23:59 KST" duration-ms="4" status="PASS">
          <params>
            <param index="0">
              <value>
                <![CDATA[[TestResult name=TC_0822_Chips_뉴스_세종병원화재_키워드뉴스_확인 status=SUCCESS method=생활정보_14_뉴스.TC_0822_Chips_뉴스_세종병원화재_키워드뉴스_확인(java.lang.reflect.Method)[pri:0, instance:Chips_004_생활정보.생활정보_14_뉴스@730d2164] output={null}]]]>
              </value>
            </param>
          </params>
          <reporter-output>
          </reporter-output>
        </test-method> <!-- AfterMethod -->
        <test-method is-config="true" signature="BeforeMethod(java.lang.reflect.Method)[pri:0, instance:Chips_004_생활정보.생활정보_14_뉴스@730d2164]" started-at="2021-11-24T18:23:59 KST" name="BeforeMethod" finished-at="2021-11-24T18:23:59 KST" duration-ms="0" status="PASS">
          <params>
            <param index="0">
              <value>
                <![CDATA[public void Chips_004_생활정보.생활정보_14_뉴스.TC_0823_Chips_뉴스_컴퓨터_키워드뉴스_확인(java.lang.reflect.Method) throws java.lang.Exception]]>
              </value>
            </param>
          </params>
          <reporter-output>
          </reporter-output>
        </test-method> <!-- BeforeMethod -->
        <test-method signature="TC_0823_Chips_뉴스_컴퓨터_키워드뉴스_확인(java.lang.reflect.Method)[pri:0, instance:Chips_004_생활정보.생활정보_14_뉴스@730d2164]" started-at="2021-11-24T18:23:59 KST" name="TC_0823_Chips_뉴스_컴퓨터_키워드뉴스_확인" description="칩스 리그레이션 TC : 실행_0823" finished-at="2021-11-24T18:24:26 KST" duration-ms="27435" status="PASS">
          <params>
            <param index="0">
              <value>
                <![CDATA[public void Chips_004_생활정보.생활정보_14_뉴스.TC_0823_Chips_뉴스_컴퓨터_키워드뉴스_확인(java.lang.reflect.Method) throws java.lang.Exception]]>
              </value>
            </param>
          </params>
          <reporter-output>
          </reporter-output>
        </test-method> <!-- TC_0823_Chips_뉴스_컴퓨터_키워드뉴스_확인 -->
        <test-method is-config="true" signature="AfterMethod(org.testng.ITestResult)[pri:0, instance:Chips_004_생활정보.생활정보_14_뉴스@730d2164]" started-at="2021-11-24T18:24:26 KST" name="AfterMethod" finished-at="2021-11-24T18:24:26 KST" duration-ms="4" status="PASS">
          <params>
            <param index="0">
              <value>
                <![CDATA[[TestResult name=TC_0823_Chips_뉴스_컴퓨터_키워드뉴스_확인 status=SUCCESS method=생활정보_14_뉴스.TC_0823_Chips_뉴스_컴퓨터_키워드뉴스_확인(java.lang.reflect.Method)[pri:0, instance:Chips_004_생활정보.생활정보_14_뉴스@730d2164] output={null}]]]>
              </value>
            </param>
          </params>
          <reporter-output>
          </reporter-output>
        </test-method> <!-- AfterMethod -->
        <test-method signature="TC_0824_Chips_뉴스_NUGU토픽_확인(java.lang.reflect.Method)[pri:0, instance:Chips_004_생활정보.생활정보_14_뉴스@730d2164]" started-at="2021-11-24T18:24:26 KST" name="TC_0824_Chips_뉴스_NUGU토픽_확인" description="칩스 리그레이션 TC : 실행_0824" finished-at="2021-11-24T18:24:54 KST" duration-ms="27424" status="PASS">
          <params>
            <param index="0">
              <value>
                <![CDATA[public void Chips_004_생활정보.생활정보_14_뉴스.TC_0824_Chips_뉴스_NUGU토픽_확인(java.lang.reflect.Method) throws java.lang.Exception]]>
              </value>
            </param>
          </params>
          <reporter-output>
          </reporter-output>
        </test-method> <!-- TC_0824_Chips_뉴스_NUGU토픽_확인 -->
        <test-method is-config="true" signature="BeforeMethod(java.lang.reflect.Method)[pri:0, instance:Chips_004_생활정보.생활정보_14_뉴스@730d2164]" started-at="2021-11-24T18:24:26 KST" name="BeforeMethod" finished-at="2021-11-24T18:24:26 KST" duration-ms="0" status="PASS">
          <params>
            <param index="0">
              <value>
                <![CDATA[public void Chips_004_생활정보.생활정보_14_뉴스.TC_0824_Chips_뉴스_NUGU토픽_확인(java.lang.reflect.Method) throws java.lang.Exception]]>
              </value>
            </param>
          </params>
          <reporter-output>
          </reporter-output>
        </test-method> <!-- BeforeMethod -->
        <test-method is-config="true" signature="AfterMethod(org.testng.ITestResult)[pri:0, instance:Chips_004_생활정보.생활정보_14_뉴스@730d2164]" started-at="2021-11-24T18:24:54 KST" name="AfterMethod" finished-at="2021-11-24T18:24:54 KST" duration-ms="4" status="PASS">
          <params>
            <param index="0">
              <value>
                <![CDATA[[TestResult name=TC_0824_Chips_뉴스_NUGU토픽_확인 status=SUCCESS method=생활정보_14_뉴스.TC_0824_Chips_뉴스_NUGU토픽_확인(java.lang.reflect.Method)[pri:0, instance:Chips_004_생활정보.생활정보_14_뉴스@730d2164] output={null}]]]>
              </value>
            </param>
          </params>
          <reporter-output>
          </reporter-output>
        </test-method> <!-- AfterMethod -->
        <test-method signature="TC_0825_Chips_뉴스_키워드뉴스없음_확인(java.lang.reflect.Method)[pri:0, instance:Chips_004_생활정보.생활정보_14_뉴스@730d2164]" started-at="2021-11-24T18:24:54 KST" name="TC_0825_Chips_뉴스_키워드뉴스없음_확인" description="칩스 리그레이션 TC : 실행_0825" finished-at="2021-11-24T18:25:16 KST" duration-ms="22106" status="PASS">
          <params>
            <param index="0">
              <value>
                <![CDATA[public void Chips_004_생활정보.생활정보_14_뉴스.TC_0825_Chips_뉴스_키워드뉴스없음_확인(java.lang.reflect.Method) throws java.lang.Exception]]>
              </value>
            </param>
          </params>
          <reporter-output>
          </reporter-output>
        </test-method> <!-- TC_0825_Chips_뉴스_키워드뉴스없음_확인 -->
        <test-method is-config="true" signature="BeforeMethod(java.lang.reflect.Method)[pri:0, instance:Chips_004_생활정보.생활정보_14_뉴스@730d2164]" started-at="2021-11-24T18:24:54 KST" name="BeforeMethod" finished-at="2021-11-24T18:24:54 KST" duration-ms="0" status="PASS">
          <params>
            <param index="0">
              <value>
                <![CDATA[public void Chips_004_생활정보.생활정보_14_뉴스.TC_0825_Chips_뉴스_키워드뉴스없음_확인(java.lang.reflect.Method) throws java.lang.Exception]]>
              </value>
            </param>
          </params>
          <reporter-output>
          </reporter-output>
        </test-method> <!-- BeforeMethod -->
        <test-method is-config="true" signature="AfterMethod(org.testng.ITestResult)[pri:0, instance:Chips_004_생활정보.생활정보_14_뉴스@730d2164]" started-at="2021-11-24T18:25:16 KST" name="AfterMethod" finished-at="2021-11-24T18:25:16 KST" duration-ms="5" status="PASS">
          <params>
            <param index="0">
              <value>
                <![CDATA[[TestResult name=TC_0825_Chips_뉴스_키워드뉴스없음_확인 status=SUCCESS method=생활정보_14_뉴스.TC_0825_Chips_뉴스_키워드뉴스없음_확인(java.lang.reflect.Method)[pri:0, instance:Chips_004_생활정보.생활정보_14_뉴스@730d2164] output={null}]]]>
              </value>
            </param>
          </params>
          <reporter-output>
          </reporter-output>
        </test-method> <!-- AfterMethod -->
        <test-method signature="TC_0826_Chips_뉴스_지난주뉴스_확인(java.lang.reflect.Method)[pri:0, instance:Chips_004_생활정보.생활정보_14_뉴스@730d2164]" started-at="2021-11-24T18:25:16 KST" name="TC_0826_Chips_뉴스_지난주뉴스_확인" description="칩스 리그레이션 TC : 실행_0826" finished-at="2021-11-24T18:25:45 KST" duration-ms="29383" status="PASS">
          <params>
            <param index="0">
              <value>
                <![CDATA[public void Chips_004_생활정보.생활정보_14_뉴스.TC_0826_Chips_뉴스_지난주뉴스_확인(java.lang.reflect.Method) throws java.lang.Exception]]>
              </value>
            </param>
          </params>
          <reporter-output>
          </reporter-output>
        </test-method> <!-- TC_0826_Chips_뉴스_지난주뉴스_확인 -->
        <test-method is-config="true" signature="BeforeMethod(java.lang.reflect.Method)[pri:0, instance:Chips_004_생활정보.생활정보_14_뉴스@730d2164]" started-at="2021-11-24T18:25:16 KST" name="BeforeMethod" finished-at="2021-11-24T18:25:16 KST" duration-ms="0" status="PASS">
          <params>
            <param index="0">
              <value>
                <![CDATA[public void Chips_004_생활정보.생활정보_14_뉴스.TC_0826_Chips_뉴스_지난주뉴스_확인(java.lang.reflect.Method) throws java.lang.Exception]]>
              </value>
            </param>
          </params>
          <reporter-output>
          </reporter-output>
        </test-method> <!-- BeforeMethod -->
        <test-method is-config="true" signature="AfterMethod(org.testng.ITestResult)[pri:0, instance:Chips_004_생활정보.생활정보_14_뉴스@730d2164]" started-at="2021-11-24T18:25:45 KST" name="AfterMethod" finished-at="2021-11-24T18:25:45 KST" duration-ms="4" status="PASS">
          <params>
            <param index="0">
              <value>
                <![CDATA[[TestResult name=TC_0826_Chips_뉴스_지난주뉴스_확인 status=SUCCESS method=생활정보_14_뉴스.TC_0826_Chips_뉴스_지난주뉴스_확인(java.lang.reflect.Method)[pri:0, instance:Chips_004_생활정보.생활정보_14_뉴스@730d2164] output={null}]]]>
              </value>
            </param>
          </params>
          <reporter-output>
          </reporter-output>
        </test-method> <!-- AfterMethod -->
        <test-method is-config="true" signature="BeforeMethod(java.lang.reflect.Method)[pri:0, instance:Chips_004_생활정보.생활정보_14_뉴스@730d2164]" started-at="2021-11-24T18:25:45 KST" name="BeforeMethod" finished-at="2021-11-24T18:25:45 KST" duration-ms="0" status="PASS">
          <params>
            <param index="0">
              <value>
                <![CDATA[public void Chips_004_생활정보.생활정보_14_뉴스.TC_0827_Chips_뉴스_지난주연예뉴스_확인(java.lang.reflect.Method) throws java.lang.Exception]]>
              </value>
            </param>
          </params>
          <reporter-output>
          </reporter-output>
        </test-method> <!-- BeforeMethod -->
        <test-method signature="TC_0827_Chips_뉴스_지난주연예뉴스_확인(java.lang.reflect.Method)[pri:0, instance:Chips_004_생활정보.생활정보_14_뉴스@730d2164]" started-at="2021-11-24T18:25:45 KST" name="TC_0827_Chips_뉴스_지난주연예뉴스_확인" description="칩스 리그레이션 TC : 실행_0827" finished-at="2021-11-24T18:26:27 KST" duration-ms="41878" status="PASS">
          <params>
            <param index="0">
              <value>
                <![CDATA[public void Chips_004_생활정보.생활정보_14_뉴스.TC_0827_Chips_뉴스_지난주연예뉴스_확인(java.lang.reflect.Method) throws java.lang.Exception]]>
              </value>
            </param>
          </params>
          <reporter-output>
          </reporter-output>
        </test-method> <!-- TC_0827_Chips_뉴스_지난주연예뉴스_확인 -->
        <test-method is-config="true" signature="AfterMethod(org.testng.ITestResult)[pri:0, instance:Chips_004_생활정보.생활정보_14_뉴스@730d2164]" started-at="2021-11-24T18:26:27 KST" name="AfterMethod" finished-at="2021-11-24T18:26:27 KST" duration-ms="4" status="PASS">
          <params>
            <param index="0">
              <value>
                <![CDATA[[TestResult name=TC_0827_Chips_뉴스_지난주연예뉴스_확인 status=SUCCESS method=생활정보_14_뉴스.TC_0827_Chips_뉴스_지난주연예뉴스_확인(java.lang.reflect.Method)[pri:0, instance:Chips_004_생활정보.생활정보_14_뉴스@730d2164] output={null}]]]>
              </value>
            </param>
          </params>
          <reporter-output>
          </reporter-output>
        </test-method> <!-- AfterMethod -->
        <test-method is-config="true" signature="BeforeMethod(java.lang.reflect.Method)[pri:0, instance:Chips_004_생활정보.생활정보_14_뉴스@730d2164]" started-at="2021-11-24T18:26:27 KST" name="BeforeMethod" finished-at="2021-11-24T18:26:27 KST" duration-ms="0" status="PASS">
          <params>
            <param index="0">
              <value>
                <![CDATA[public void Chips_004_생활정보.생활정보_14_뉴스.TC_0828_Chips_뉴스_N월첫째주스포츠뉴스_확인(java.lang.reflect.Method) throws java.lang.Exception]]>
              </value>
            </param>
          </params>
          <reporter-output>
          </reporter-output>
        </test-method> <!-- BeforeMethod -->
        <test-method signature="TC_0828_Chips_뉴스_N월첫째주스포츠뉴스_확인(java.lang.reflect.Method)[pri:0, instance:Chips_004_생활정보.생활정보_14_뉴스@730d2164]" started-at="2021-11-24T18:26:27 KST" name="TC_0828_Chips_뉴스_N월첫째주스포츠뉴스_확인" description="칩스 리그레이션 TC : 실행_0828" finished-at="2021-11-24T18:26:54 KST" duration-ms="27396" status="PASS">
          <params>
            <param index="0">
              <value>
                <![CDATA[public void Chips_004_생활정보.생활정보_14_뉴스.TC_0828_Chips_뉴스_N월첫째주스포츠뉴스_확인(java.lang.reflect.Method) throws java.lang.Exception]]>
              </value>
            </param>
          </params>
          <reporter-output>
          </reporter-output>
        </test-method> <!-- TC_0828_Chips_뉴스_N월첫째주스포츠뉴스_확인 -->
        <test-method is-config="true" signature="AfterMethod(org.testng.ITestResult)[pri:0, instance:Chips_004_생활정보.생활정보_14_뉴스@730d2164]" started-at="2021-11-24T18:26:54 KST" name="AfterMethod" finished-at="2021-11-24T18:26:54 KST" duration-ms="5" status="PASS">
          <params>
            <param index="0">
              <value>
                <![CDATA[[TestResult name=TC_0828_Chips_뉴스_N월첫째주스포츠뉴스_확인 status=SUCCESS method=생활정보_14_뉴스.TC_0828_Chips_뉴스_N월첫째주스포츠뉴스_확인(java.lang.reflect.Method)[pri:0, instance:Chips_004_생활정보.생활정보_14_뉴스@730d2164] output={null}]]]>
              </value>
            </param>
          </params>
          <reporter-output>
          </reporter-output>
        </test-method> <!-- AfterMethod -->
        <test-method signature="TC_0829_Chips_뉴스_지난주SK텔레콤뉴스_확인(java.lang.reflect.Method)[pri:0, instance:Chips_004_생활정보.생활정보_14_뉴스@730d2164]" started-at="2021-11-24T18:26:54 KST" name="TC_0829_Chips_뉴스_지난주SK텔레콤뉴스_확인" description="칩스 리그레이션 TC : 실행_0829" finished-at="2021-11-24T18:27:22 KST" duration-ms="27401" status="PASS">
          <params>
            <param index="0">
              <value>
                <![CDATA[public void Chips_004_생활정보.생활정보_14_뉴스.TC_0829_Chips_뉴스_지난주SK텔레콤뉴스_확인(java.lang.reflect.Method) throws java.lang.Exception]]>
              </value>
            </param>
          </params>
          <reporter-output>
          </reporter-output>
        </test-method> <!-- TC_0829_Chips_뉴스_지난주SK텔레콤뉴스_확인 -->
        <test-method is-config="true" signature="BeforeMethod(java.lang.reflect.Method)[pri:0, instance:Chips_004_생활정보.생활정보_14_뉴스@730d2164]" started-at="2021-11-24T18:26:54 KST" name="BeforeMethod" finished-at="2021-11-24T18:26:54 KST" duration-ms="0" status="PASS">
          <params>
            <param index="0">
              <value>
                <![CDATA[public void Chips_004_생활정보.생활정보_14_뉴스.TC_0829_Chips_뉴스_지난주SK텔레콤뉴스_확인(java.lang.reflect.Method) throws java.lang.Exception]]>
              </value>
            </param>
          </params>
          <reporter-output>
          </reporter-output>
        </test-method> <!-- BeforeMethod -->
        <test-method is-config="true" signature="AfterMethod(org.testng.ITestResult)[pri:0, instance:Chips_004_생활정보.생활정보_14_뉴스@730d2164]" started-at="2021-11-24T18:27:22 KST" name="AfterMethod" finished-at="2021-11-24T18:27:22 KST" duration-ms="5" status="PASS">
          <params>
            <param index="0">
              <value>
                <![CDATA[[TestResult name=TC_0829_Chips_뉴스_지난주SK텔레콤뉴스_확인 status=SUCCESS method=생활정보_14_뉴스.TC_0829_Chips_뉴스_지난주SK텔레콤뉴스_확인(java.lang.reflect.Method)[pri:0, instance:Chips_004_생활정보.생활정보_14_뉴스@730d2164] output={null}]]]>
              </value>
            </param>
          </params>
          <reporter-output>
          </reporter-output>
        </test-method> <!-- AfterMethod -->
        <test-method signature="TC_0830_Chips_뉴스_지난달뉴스_확인(java.lang.reflect.Method)[pri:0, instance:Chips_004_생활정보.생활정보_14_뉴스@730d2164]" started-at="2021-11-24T18:27:22 KST" name="TC_0830_Chips_뉴스_지난달뉴스_확인" description="칩스 리그레이션 TC : 실행_0830" finished-at="2021-11-24T18:27:51 KST" duration-ms="29280" status="PASS">
          <params>
            <param index="0">
              <value>
                <![CDATA[public void Chips_004_생활정보.생활정보_14_뉴스.TC_0830_Chips_뉴스_지난달뉴스_확인(java.lang.reflect.Method) throws java.lang.Exception]]>
              </value>
            </param>
          </params>
          <reporter-output>
          </reporter-output>
        </test-method> <!-- TC_0830_Chips_뉴스_지난달뉴스_확인 -->
        <test-method is-config="true" signature="BeforeMethod(java.lang.reflect.Method)[pri:0, instance:Chips_004_생활정보.생활정보_14_뉴스@730d2164]" started-at="2021-11-24T18:27:22 KST" name="BeforeMethod" finished-at="2021-11-24T18:27:22 KST" duration-ms="0" status="PASS">
          <params>
            <param index="0">
              <value>
                <![CDATA[public void Chips_004_생활정보.생활정보_14_뉴스.TC_0830_Chips_뉴스_지난달뉴스_확인(java.lang.reflect.Method) throws java.lang.Exception]]>
              </value>
            </param>
          </params>
          <reporter-output>
          </reporter-output>
        </test-method> <!-- BeforeMethod -->
        <test-method is-config="true" signature="AfterMethod(org.testng.ITestResult)[pri:0, instance:Chips_004_생활정보.생활정보_14_뉴스@730d2164]" started-at="2021-11-24T18:27:51 KST" name="AfterMethod" finished-at="2021-11-24T18:27:51 KST" duration-ms="4" status="PASS">
          <params>
            <param index="0">
              <value>
                <![CDATA[[TestResult name=TC_0830_Chips_뉴스_지난달뉴스_확인 status=SUCCESS method=생활정보_14_뉴스.TC_0830_Chips_뉴스_지난달뉴스_확인(java.lang.reflect.Method)[pri:0, instance:Chips_004_생활정보.생활정보_14_뉴스@730d2164] output={null}]]]>
              </value>
            </param>
          </params>
          <reporter-output>
          </reporter-output>
        </test-method> <!-- AfterMethod -->
        <test-method is-config="true" signature="BeforeMethod(java.lang.reflect.Method)[pri:0, instance:Chips_004_생활정보.생활정보_14_뉴스@730d2164]" started-at="2021-11-24T18:27:51 KST" name="BeforeMethod" finished-at="2021-11-24T18:27:51 KST" duration-ms="0" status="PASS">
          <params>
            <param index="0">
              <value>
                <![CDATA[public void Chips_004_생활정보.생활정보_14_뉴스.TC_0831_Chips_뉴스_지난달스포츠뉴스_확인(java.lang.reflect.Method) throws java.lang.Exception]]>
              </value>
            </param>
          </params>
          <reporter-output>
          </reporter-output>
        </test-method> <!-- BeforeMethod -->
        <test-method signature="TC_0831_Chips_뉴스_지난달스포츠뉴스_확인(java.lang.reflect.Method)[pri:0, instance:Chips_004_생활정보.생활정보_14_뉴스@730d2164]" started-at="2021-11-24T18:27:51 KST" name="TC_0831_Chips_뉴스_지난달스포츠뉴스_확인" description="칩스 리그레이션 TC : 실행_0831" finished-at="2021-11-24T18:28:30 KST" duration-ms="38436" status="PASS">
          <params>
            <param index="0">
              <value>
                <![CDATA[public void Chips_004_생활정보.생활정보_14_뉴스.TC_0831_Chips_뉴스_지난달스포츠뉴스_확인(java.lang.reflect.Method) throws java.lang.Exception]]>
              </value>
            </param>
          </params>
          <reporter-output>
          </reporter-output>
        </test-method> <!-- TC_0831_Chips_뉴스_지난달스포츠뉴스_확인 -->
        <test-method is-config="true" signature="AfterMethod(org.testng.ITestResult)[pri:0, instance:Chips_004_생활정보.생활정보_14_뉴스@730d2164]" started-at="2021-11-24T18:28:30 KST" name="AfterMethod" finished-at="2021-11-24T18:28:30 KST" duration-ms="4" status="PASS">
          <params>
            <param index="0">
              <value>
                <![CDATA[[TestResult name=TC_0831_Chips_뉴스_지난달스포츠뉴스_확인 status=SUCCESS method=생활정보_14_뉴스.TC_0831_Chips_뉴스_지난달스포츠뉴스_확인(java.lang.reflect.Method)[pri:0, instance:Chips_004_생활정보.생활정보_14_뉴스@730d2164] output={null}]]]>
              </value>
            </param>
          </params>
          <reporter-output>
          </reporter-output>
        </test-method> <!-- AfterMethod -->
        <test-method is-config="true" signature="BeforeMethod(java.lang.reflect.Method)[pri:0, instance:Chips_004_생활정보.생활정보_14_뉴스@730d2164]" started-at="2021-11-24T18:28:30 KST" name="BeforeMethod" finished-at="2021-11-24T18:28:30 KST" duration-ms="0" status="PASS">
          <params>
            <param index="0">
              <value>
                <![CDATA[public void Chips_004_생활정보.생활정보_14_뉴스.TC_0831_Chips_뉴스_지난달연예뉴스_확인(java.lang.reflect.Method) throws java.lang.Exception]]>
              </value>
            </param>
          </params>
          <reporter-output>
          </reporter-output>
        </test-method> <!-- BeforeMethod -->
        <test-method signature="TC_0831_Chips_뉴스_지난달연예뉴스_확인(java.lang.reflect.Method)[pri:0, instance:Chips_004_생활정보.생활정보_14_뉴스@730d2164]" started-at="2021-11-24T18:28:30 KST" name="TC_0831_Chips_뉴스_지난달연예뉴스_확인" description="칩스 리그레이션 TC : 실행_0831" finished-at="2021-11-24T18:29:07 KST" duration-ms="37387" status="PASS">
          <params>
            <param index="0">
              <value>
                <![CDATA[public void Chips_004_생활정보.생활정보_14_뉴스.TC_0831_Chips_뉴스_지난달연예뉴스_확인(java.lang.reflect.Method) throws java.lang.Exception]]>
              </value>
            </param>
          </params>
          <reporter-output>
          </reporter-output>
        </test-method> <!-- TC_0831_Chips_뉴스_지난달연예뉴스_확인 -->
        <test-method is-config="true" signature="AfterMethod(org.testng.ITestResult)[pri:0, instance:Chips_004_생활정보.생활정보_14_뉴스@730d2164]" started-at="2021-11-24T18:29:07 KST" name="AfterMethod" finished-at="2021-11-24T18:29:07 KST" duration-ms="4" status="PASS">
          <params>
            <param index="0">
              <value>
                <![CDATA[[TestResult name=TC_0831_Chips_뉴스_지난달연예뉴스_확인 status=SUCCESS method=생활정보_14_뉴스.TC_0831_Chips_뉴스_지난달연예뉴스_확인(java.lang.reflect.Method)[pri:0, instance:Chips_004_생활정보.생활정보_14_뉴스@730d2164] output={null}]]]>
              </value>
            </param>
          </params>
          <reporter-output>
          </reporter-output>
        </test-method> <!-- AfterMethod -->
        <test-method is-config="true" signature="BeforeMethod(java.lang.reflect.Method)[pri:0, instance:Chips_004_생활정보.생활정보_14_뉴스@730d2164]" started-at="2021-11-24T18:29:07 KST" name="BeforeMethod" finished-at="2021-11-24T18:29:07 KST" duration-ms="1" status="PASS">
          <params>
            <param index="0">
              <value>
                <![CDATA[public void Chips_004_생활정보.생활정보_14_뉴스.TC_0832_Chips_뉴스_지난달SK텔레콤뉴스_확인(java.lang.reflect.Method) throws java.lang.Exception]]>
              </value>
            </param>
          </params>
          <reporter-output>
          </reporter-output>
        </test-method> <!-- BeforeMethod -->
        <test-method signature="TC_0832_Chips_뉴스_지난달SK텔레콤뉴스_확인(java.lang.reflect.Method)[pri:0, instance:Chips_004_생활정보.생활정보_14_뉴스@730d2164]" started-at="2021-11-24T18:29:07 KST" name="TC_0832_Chips_뉴스_지난달SK텔레콤뉴스_확인" description="칩스 리그레이션 TC : 실행_0832" finished-at="2021-11-24T18:29:44 KST" duration-ms="37484" status="PASS">
          <params>
            <param index="0">
              <value>
                <![CDATA[public void Chips_004_생활정보.생활정보_14_뉴스.TC_0832_Chips_뉴스_지난달SK텔레콤뉴스_확인(java.lang.reflect.Method) throws java.lang.Exception]]>
              </value>
            </param>
          </params>
          <reporter-output>
          </reporter-output>
        </test-method> <!-- TC_0832_Chips_뉴스_지난달SK텔레콤뉴스_확인 -->
        <test-method is-config="true" signature="AfterMethod(org.testng.ITestResult)[pri:0, instance:Chips_004_생활정보.생활정보_14_뉴스@730d2164]" started-at="2021-11-24T18:29:44 KST" name="AfterMethod" finished-at="2021-11-24T18:29:44 KST" duration-ms="4" status="PASS">
          <params>
            <param index="0">
              <value>
                <![CDATA[[TestResult name=TC_0832_Chips_뉴스_지난달SK텔레콤뉴스_확인 status=SUCCESS method=생활정보_14_뉴스.TC_0832_Chips_뉴스_지난달SK텔레콤뉴스_확인(java.lang.reflect.Method)[pri:0, instance:Chips_004_생활정보.생활정보_14_뉴스@730d2164] output={null}]]]>
              </value>
            </param>
          </params>
          <reporter-output>
          </reporter-output>
        </test-method> <!-- AfterMethod -->
        <test-method signature="TC_0834_Chips_뉴스_어제뉴스_확인(java.lang.reflect.Method)[pri:0, instance:Chips_004_생활정보.생활정보_14_뉴스@730d2164]" started-at="2021-11-24T18:29:44 KST" name="TC_0834_Chips_뉴스_어제뉴스_확인" description="칩스 리그레이션 TC : 실행_0834" finished-at="2021-11-24T18:30:13 KST" duration-ms="28811" status="PASS">
          <params>
            <param index="0">
              <value>
                <![CDATA[public void Chips_004_생활정보.생활정보_14_뉴스.TC_0834_Chips_뉴스_어제뉴스_확인(java.lang.reflect.Method) throws java.lang.Exception]]>
              </value>
            </param>
          </params>
          <reporter-output>
          </reporter-output>
        </test-method> <!-- TC_0834_Chips_뉴스_어제뉴스_확인 -->
        <test-method is-config="true" signature="BeforeMethod(java.lang.reflect.Method)[pri:0, instance:Chips_004_생활정보.생활정보_14_뉴스@730d2164]" started-at="2021-11-24T18:29:44 KST" name="BeforeMethod" finished-at="2021-11-24T18:29:44 KST" duration-ms="0" status="PASS">
          <params>
            <param index="0">
              <value>
                <![CDATA[public void Chips_004_생활정보.생활정보_14_뉴스.TC_0834_Chips_뉴스_어제뉴스_확인(java.lang.reflect.Method) throws java.lang.Exception]]>
              </value>
            </param>
          </params>
          <reporter-output>
          </reporter-output>
        </test-method> <!-- BeforeMethod -->
        <test-method is-config="true" signature="AfterMethod(org.testng.ITestResult)[pri:0, instance:Chips_004_생활정보.생활정보_14_뉴스@730d2164]" started-at="2021-11-24T18:30:13 KST" name="AfterMethod" finished-at="2021-11-24T18:30:13 KST" duration-ms="8" status="PASS">
          <params>
            <param index="0">
              <value>
                <![CDATA[[TestResult name=TC_0834_Chips_뉴스_어제뉴스_확인 status=SUCCESS method=생활정보_14_뉴스.TC_0834_Chips_뉴스_어제뉴스_확인(java.lang.reflect.Method)[pri:0, instance:Chips_004_생활정보.생활정보_14_뉴스@730d2164] output={null}]]]>
              </value>
            </param>
          </params>
          <reporter-output>
          </reporter-output>
        </test-method> <!-- AfterMethod -->
        <test-method is-config="true" signature="BeforeMethod(java.lang.reflect.Method)[pri:0, instance:Chips_004_생활정보.생활정보_14_뉴스@730d2164]" started-at="2021-11-24T18:30:13 KST" name="BeforeMethod" finished-at="2021-11-24T18:30:13 KST" duration-ms="1" status="PASS">
          <params>
            <param index="0">
              <value>
                <![CDATA[public void Chips_004_생활정보.생활정보_14_뉴스.TC_0835_Chips_뉴스_그저께뉴스_확인(java.lang.reflect.Method) throws java.lang.Exception]]>
              </value>
            </param>
          </params>
          <reporter-output>
          </reporter-output>
        </test-method> <!-- BeforeMethod -->
        <test-method signature="TC_0835_Chips_뉴스_그저께뉴스_확인(java.lang.reflect.Method)[pri:0, instance:Chips_004_생활정보.생활정보_14_뉴스@730d2164]" started-at="2021-11-24T18:30:13 KST" name="TC_0835_Chips_뉴스_그저께뉴스_확인" description="칩스 리그레이션 TC : 실행_0835" finished-at="2021-11-24T18:30:42 KST" duration-ms="29126" status="PASS">
          <params>
            <param index="0">
              <value>
                <![CDATA[public void Chips_004_생활정보.생활정보_14_뉴스.TC_0835_Chips_뉴스_그저께뉴스_확인(java.lang.reflect.Method) throws java.lang.Exception]]>
              </value>
            </param>
          </params>
          <reporter-output>
          </reporter-output>
        </test-method> <!-- TC_0835_Chips_뉴스_그저께뉴스_확인 -->
        <test-method is-config="true" signature="AfterMethod(org.testng.ITestResult)[pri:0, instance:Chips_004_생활정보.생활정보_14_뉴스@730d2164]" started-at="2021-11-24T18:30:42 KST" name="AfterMethod" finished-at="2021-11-24T18:30:42 KST" duration-ms="4" status="PASS">
          <params>
            <param index="0">
              <value>
                <![CDATA[[TestResult name=TC_0835_Chips_뉴스_그저께뉴스_확인 status=SUCCESS method=생활정보_14_뉴스.TC_0835_Chips_뉴스_그저께뉴스_확인(java.lang.reflect.Method)[pri:0, instance:Chips_004_생활정보.생활정보_14_뉴스@730d2164] output={null}]]]>
              </value>
            </param>
          </params>
          <reporter-output>
          </reporter-output>
        </test-method> <!-- AfterMethod -->
        <test-method is-config="true" signature="BeforeMethod(java.lang.reflect.Method)[pri:0, instance:Chips_004_생활정보.생활정보_14_뉴스@730d2164]" started-at="2021-11-24T18:30:42 KST" name="BeforeMethod" finished-at="2021-11-24T18:30:42 KST" duration-ms="0" status="PASS">
          <params>
            <param index="0">
              <value>
                <![CDATA[public void Chips_004_생활정보.생활정보_14_뉴스.TC_0836_Chips_뉴스_그저께스포츠뉴스_확인(java.lang.reflect.Method) throws java.lang.Exception]]>
              </value>
            </param>
          </params>
          <reporter-output>
          </reporter-output>
        </test-method> <!-- BeforeMethod -->
        <test-method signature="TC_0836_Chips_뉴스_그저께스포츠뉴스_확인(java.lang.reflect.Method)[pri:0, instance:Chips_004_생활정보.생활정보_14_뉴스@730d2164]" started-at="2021-11-24T18:30:42 KST" name="TC_0836_Chips_뉴스_그저께스포츠뉴스_확인" description="칩스 리그레이션 TC : 실행_0836" finished-at="2021-11-24T18:31:10 KST" duration-ms="27512" status="PASS">
          <params>
            <param index="0">
              <value>
                <![CDATA[public void Chips_004_생활정보.생활정보_14_뉴스.TC_0836_Chips_뉴스_그저께스포츠뉴스_확인(java.lang.reflect.Method) throws java.lang.Exception]]>
              </value>
            </param>
          </params>
          <reporter-output>
          </reporter-output>
        </test-method> <!-- TC_0836_Chips_뉴스_그저께스포츠뉴스_확인 -->
        <test-method is-config="true" signature="AfterMethod(org.testng.ITestResult)[pri:0, instance:Chips_004_생활정보.생활정보_14_뉴스@730d2164]" started-at="2021-11-24T18:31:10 KST" name="AfterMethod" finished-at="2021-11-24T18:31:10 KST" duration-ms="4" status="PASS">
          <params>
            <param index="0">
              <value>
                <![CDATA[[TestResult name=TC_0836_Chips_뉴스_그저께스포츠뉴스_확인 status=SUCCESS method=생활정보_14_뉴스.TC_0836_Chips_뉴스_그저께스포츠뉴스_확인(java.lang.reflect.Method)[pri:0, instance:Chips_004_생활정보.생활정보_14_뉴스@730d2164] output={null}]]]>
              </value>
            </param>
          </params>
          <reporter-output>
          </reporter-output>
        </test-method> <!-- AfterMethod -->
        <test-method signature="TC_0837_Chips_뉴스_미지원기간뉴스_과거특정일_확인(java.lang.reflect.Method)[pri:0, instance:Chips_004_생활정보.생활정보_14_뉴스@730d2164]" started-at="2021-11-24T18:31:10 KST" name="TC_0837_Chips_뉴스_미지원기간뉴스_과거특정일_확인" description="칩스 리그레이션 TC : 실행_0837" finished-at="2021-11-24T18:31:39 KST" duration-ms="28840" status="PASS">
          <params>
            <param index="0">
              <value>
                <![CDATA[public void Chips_004_생활정보.생활정보_14_뉴스.TC_0837_Chips_뉴스_미지원기간뉴스_과거특정일_확인(java.lang.reflect.Method) throws java.lang.Exception]]>
              </value>
            </param>
          </params>
          <reporter-output>
          </reporter-output>
        </test-method> <!-- TC_0837_Chips_뉴스_미지원기간뉴스_과거특정일_확인 -->
        <test-method is-config="true" signature="BeforeMethod(java.lang.reflect.Method)[pri:0, instance:Chips_004_생활정보.생활정보_14_뉴스@730d2164]" started-at="2021-11-24T18:31:10 KST" name="BeforeMethod" finished-at="2021-11-24T18:31:10 KST" duration-ms="0" status="PASS">
          <params>
            <param index="0">
              <value>
                <![CDATA[public void Chips_004_생활정보.생활정보_14_뉴스.TC_0837_Chips_뉴스_미지원기간뉴스_과거특정일_확인(java.lang.reflect.Method) throws java.lang.Exception]]>
              </value>
            </param>
          </params>
          <reporter-output>
          </reporter-output>
        </test-method> <!-- BeforeMethod -->
        <test-method is-config="true" signature="AfterMethod(org.testng.ITestResult)[pri:0, instance:Chips_004_생활정보.생활정보_14_뉴스@730d2164]" started-at="2021-11-24T18:31:39 KST" name="AfterMethod" finished-at="2021-11-24T18:31:39 KST" duration-ms="4" status="PASS">
          <params>
            <param index="0">
              <value>
                <![CDATA[[TestResult name=TC_0837_Chips_뉴스_미지원기간뉴스_과거특정일_확인 status=SUCCESS method=생활정보_14_뉴스.TC_0837_Chips_뉴스_미지원기간뉴스_과거특정일_확인(java.lang.reflect.Method)[pri:0, instance:Chips_004_생활정보.생활정보_14_뉴스@730d2164] output={null}]]]>
              </value>
            </param>
          </params>
          <reporter-output>
          </reporter-output>
        </test-method> <!-- AfterMethod -->
        <test-method is-config="true" signature="BeforeMethod(java.lang.reflect.Method)[pri:0, instance:Chips_004_생활정보.생활정보_14_뉴스@730d2164]" started-at="2021-11-24T18:31:39 KST" name="BeforeMethod" finished-at="2021-11-24T18:31:39 KST" duration-ms="0" status="PASS">
          <params>
            <param index="0">
              <value>
                <![CDATA[public void Chips_004_생활정보.생활정보_14_뉴스.TC_0838_Chips_뉴스_미지원기간뉴스_내일_확인(java.lang.reflect.Method) throws java.lang.Exception]]>
              </value>
            </param>
          </params>
          <reporter-output>
          </reporter-output>
        </test-method> <!-- BeforeMethod -->
        <test-method signature="TC_0838_Chips_뉴스_미지원기간뉴스_내일_확인(java.lang.reflect.Method)[pri:0, instance:Chips_004_생활정보.생활정보_14_뉴스@730d2164]" started-at="2021-11-24T18:31:39 KST" name="TC_0838_Chips_뉴스_미지원기간뉴스_내일_확인" description="칩스 리그레이션 TC : 실행_0838" finished-at="2021-11-24T18:32:08 KST" duration-ms="28865" status="PASS">
          <params>
            <param index="0">
              <value>
                <![CDATA[public void Chips_004_생활정보.생활정보_14_뉴스.TC_0838_Chips_뉴스_미지원기간뉴스_내일_확인(java.lang.reflect.Method) throws java.lang.Exception]]>
              </value>
            </param>
          </params>
          <reporter-output>
          </reporter-output>
        </test-method> <!-- TC_0838_Chips_뉴스_미지원기간뉴스_내일_확인 -->
        <test-method is-config="true" signature="AfterMethod(org.testng.ITestResult)[pri:0, instance:Chips_004_생활정보.생활정보_14_뉴스@730d2164]" started-at="2021-11-24T18:32:08 KST" name="AfterMethod" finished-at="2021-11-24T18:32:08 KST" duration-ms="5" status="PASS">
          <params>
            <param index="0">
              <value>
                <![CDATA[[TestResult name=TC_0838_Chips_뉴스_미지원기간뉴스_내일_확인 status=SUCCESS method=생활정보_14_뉴스.TC_0838_Chips_뉴스_미지원기간뉴스_내일_확인(java.lang.reflect.Method)[pri:0, instance:Chips_004_생활정보.생활정보_14_뉴스@730d2164] output={null}]]]>
              </value>
            </param>
          </params>
          <reporter-output>
          </reporter-output>
        </test-method> <!-- AfterMethod -->
        <test-method is-config="true" signature="BeforeMethod(java.lang.reflect.Method)[pri:0, instance:Chips_004_생활정보.생활정보_14_뉴스@730d2164]" started-at="2021-11-24T18:32:08 KST" name="BeforeMethod" finished-at="2021-11-24T18:32:08 KST" duration-ms="1" status="PASS">
          <params>
            <param index="0">
              <value>
                <![CDATA[public void Chips_004_생활정보.생활정보_14_뉴스.TC_0839_Chips_뉴스_미지원기간뉴스_모레_확인(java.lang.reflect.Method) throws java.lang.Exception]]>
              </value>
            </param>
          </params>
          <reporter-output>
          </reporter-output>
        </test-method> <!-- BeforeMethod -->
        <test-method signature="TC_0839_Chips_뉴스_미지원기간뉴스_모레_확인(java.lang.reflect.Method)[pri:0, instance:Chips_004_생활정보.생활정보_14_뉴스@730d2164]" started-at="2021-11-24T18:32:08 KST" name="TC_0839_Chips_뉴스_미지원기간뉴스_모레_확인" description="칩스 리그레이션 TC : 실행_0839" finished-at="2021-11-24T18:32:36 KST" duration-ms="28851" status="PASS">
          <params>
            <param index="0">
              <value>
                <![CDATA[public void Chips_004_생활정보.생활정보_14_뉴스.TC_0839_Chips_뉴스_미지원기간뉴스_모레_확인(java.lang.reflect.Method) throws java.lang.Exception]]>
              </value>
            </param>
          </params>
          <reporter-output>
          </reporter-output>
        </test-method> <!-- TC_0839_Chips_뉴스_미지원기간뉴스_모레_확인 -->
        <test-method is-config="true" signature="AfterMethod(org.testng.ITestResult)[pri:0, instance:Chips_004_생활정보.생활정보_14_뉴스@730d2164]" started-at="2021-11-24T18:32:36 KST" name="AfterMethod" finished-at="2021-11-24T18:32:36 KST" duration-ms="5" status="PASS">
          <params>
            <param index="0">
              <value>
                <![CDATA[[TestResult name=TC_0839_Chips_뉴스_미지원기간뉴스_모레_확인 status=SUCCESS method=생활정보_14_뉴스.TC_0839_Chips_뉴스_미지원기간뉴스_모레_확인(java.lang.reflect.Method)[pri:0, instance:Chips_004_생활정보.생활정보_14_뉴스@730d2164] output={null}]]]>
              </value>
            </param>
          </params>
          <reporter-output>
          </reporter-output>
        </test-method> <!-- AfterMethod -->
        <test-method is-config="true" signature="tearDownClass(java.lang.String,java.lang.String,java.lang.String,java.lang.String,java.lang.String,java.lang.String,java.lang.String,java.lang.String,java.lang.String,java.lang.String,java.lang.String,java.lang.String)[pri:0, instance:Chips_004_생활정보.생활정보_14_뉴스@730d2164]" started-at="2021-11-24T18:32:36 KST" name="tearDownClass" finished-at="2021-11-24T18:32:41 KST" duration-ms="4600" status="PASS">
          <params>
            <param index="0">
              <value>
                <![CDATA[STG]]>
              </value>
            </param>
            <param index="1">
              <value>
                <![CDATA[Chips]]>
              </value>
            </param>
            <param index="2">
              <value>
                <![CDATA[out]]>
              </value>
            </param>
            <param index="3">
              <value>
                <![CDATA[R33M4000CY]]>
              </value>
            </param>
            <param index="4">
              <value>
                <![CDATA[ALDF3NYA6C0D0C654DD2]]>
              </value>
            </param>
            <param index="5">
              <value>
                <![CDATA[ALDF5TR5SNGZ8175DA16]]>
              </value>
            </param>
            <param index="6">
              <value>
                <![CDATA[ALDFH3D1Q7W6071EFE41]]>
              </value>
            </param>
            <param index="7">
              <value>
                <![CDATA[ALDFH6OQ9HG79986A4FA]]>
              </value>
            </param>
            <param index="8">
              <value>
                <![CDATA[ALDFHFMQC3RB935B4B02]]>
              </value>
            </param>
            <param index="9">
              <value>
                <![CDATA[ALDFHFMSG34WDF6CD40E]]>
              </value>
            </param>
            <param index="10">
              <value>
                <![CDATA[ALDFHDFEBVOC7F098039]]>
              </value>
            </param>
            <param index="11">
              <value>
                <![CDATA[ALDG3Q4IA9EW3633F8EA]]>
              </value>
            </param>
          </params>
          <reporter-output>
          </reporter-output>
        </test-method> <!-- tearDownClass -->
      </class> <!-- Chips_004_생활정보.생활정보_14_뉴스 -->
    </test> <!-- Test_Project -->
  </suite> <!-- ExtentReport -->
</testng-results>
