<?xml version="1.0" encoding="UTF-8"?>
<testng-results ignored="0" total="66" passed="65" failed="1" skipped="0">
  <reporter-output>
  </reporter-output>
  <suite started-at="2021-11-30T01:20:11 KST" name="ExtentReport" finished-at="2021-11-30T01:38:00 KST" duration-ms="1068997">
    <groups>
    </groups>
    <test started-at="2021-11-30T01:20:11 KST" name="Test_Project" finished-at="2021-11-30T01:38:00 KST" duration-ms="1068997">
      <class name="Chips_004_미디어_etc.미디어_06_자체소싱">
        <test-method is-config="true" signature="setupClass(java.lang.String,java.lang.String,java.lang.String,java.lang.String,java.lang.String,java.lang.String,java.lang.String,java.lang.String,java.lang.String,java.lang.String,java.lang.String,java.lang.String,java.lang.String,java.lang.String,java.lang.String)[pri:0, instance:Chips_004_미디어_etc.미디어_06_자체소싱@61710c6]" started-at="2021-11-30T01:20:11 KST" name="setupClass" finished-at="2021-11-30T01:20:25 KST" duration-ms="14246" status="PASS">
          <params>
            <param index="0">
              <value>
                <![CDATA[Android]]>
              </value>
            </param>
            <param index="1">
              <value>
                <![CDATA[Chips]]>
              </value>
            </param>
            <param index="2">
              <value>
                <![CDATA[http://0.0.0.0:4723/wd/hub]]>
              </value>
            </param>
            <param index="3">
              <value>
                <![CDATA[STG]]>
              </value>
            </param>
            <param index="4">
              <value>
                <![CDATA[Chips]]>
              </value>
            </param>
            <param index="5">
              <value>
                <![CDATA[out]]>
              </value>
            </param>
            <param index="6">
              <value>
                <![CDATA[R33M4000CY]]>
              </value>
            </param>
            <param index="7">
              <value>
                <![CDATA[ALDF3NYA6C0D0C654DD2]]>
              </value>
            </param>
            <param index="8">
              <value>
                <![CDATA[ALDF5TR5SNGZ8175DA16]]>
              </value>
            </param>
            <param index="9">
              <value>
                <![CDATA[ALDFH3D1Q7W6071EFE41]]>
              </value>
            </param>
            <param index="10">
              <value>
                <![CDATA[ALDFH6OQ9HG79986A4FA]]>
              </value>
            </param>
            <param index="11">
              <value>
                <![CDATA[ALDFHFMQC3RB935B4B02]]>
              </value>
            </param>
            <param index="12">
              <value>
                <![CDATA[ALDFHFMSG34WDF6CD40E]]>
              </value>
            </param>
            <param index="13">
              <value>
                <![CDATA[ALDFHDFEBVOC7F098039]]>
              </value>
            </param>
            <param index="14">
              <value>
                <![CDATA[ALDG3Q4IA9EW3633F8EA]]>
              </value>
            </param>
          </params>
          <reporter-output>
          </reporter-output>
        </test-method> <!-- setupClass -->
        <test-method is-config="true" signature="BeforeMethod(java.lang.reflect.Method)[pri:0, instance:Chips_004_미디어_etc.미디어_06_자체소싱@61710c6]" started-at="2021-11-30T01:20:25 KST" name="BeforeMethod" finished-at="2021-11-30T01:20:25 KST" duration-ms="8" status="PASS">
          <params>
            <param index="0">
              <value>
                <![CDATA[public void Chips_004_미디어_etc.미디어_06_자체소싱.TC_0000_앱실행과AccessToken얻기(java.lang.reflect.Method) throws java.lang.Exception]]>
              </value>
            </param>
          </params>
          <reporter-output>
          </reporter-output>
        </test-method> <!-- BeforeMethod -->
        <test-method signature="TC_0000_앱실행과AccessToken얻기(java.lang.reflect.Method)[pri:0, instance:Chips_004_미디어_etc.미디어_06_자체소싱@61710c6]" started-at="2021-11-30T01:20:25 KST" name="TC_0000_앱실행과AccessToken얻기" description="칩스 리그레이션 TC : 실행_0000" finished-at="2021-11-30T01:21:19 KST" duration-ms="54118" status="PASS">
          <params>
            <param index="0">
              <value>
                <![CDATA[public void Chips_004_미디어_etc.미디어_06_자체소싱.TC_0000_앱실행과AccessToken얻기(java.lang.reflect.Method) throws java.lang.Exception]]>
              </value>
            </param>
          </params>
          <reporter-output>
          </reporter-output>
        </test-method> <!-- TC_0000_앱실행과AccessToken얻기 -->
        <test-method is-config="true" signature="AfterMethod(org.testng.ITestResult)[pri:0, instance:Chips_004_미디어_etc.미디어_06_자체소싱@61710c6]" started-at="2021-11-30T01:21:19 KST" name="AfterMethod" finished-at="2021-11-30T01:21:19 KST" duration-ms="0" status="PASS">
          <params>
            <param index="0">
              <value>
                <![CDATA[[TestResult name=TC_0000_앱실행과AccessToken얻기 status=SUCCESS method=미디어_06_자체소싱.TC_0000_앱실행과AccessToken얻기(java.lang.reflect.Method)[pri:0, instance:Chips_004_미디어_etc.미디어_06_자체소싱@61710c6] output={null}]]]>
              </value>
            </param>
          </params>
          <reporter-output>
          </reporter-output>
        </test-method> <!-- AfterMethod -->
        <test-method is-config="true" signature="BeforeMethod(java.lang.reflect.Method)[pri:0, instance:Chips_004_미디어_etc.미디어_06_자체소싱@61710c6]" started-at="2021-11-30T01:21:19 KST" name="BeforeMethod" finished-at="2021-11-30T01:21:19 KST" duration-ms="1" status="PASS">
          <params>
            <param index="0">
              <value>
                <![CDATA[public void Chips_004_미디어_etc.미디어_06_자체소싱.TC_0300_Chips_자체소싱_재생_확인(java.lang.reflect.Method) throws java.lang.Exception]]>
              </value>
            </param>
          </params>
          <reporter-output>
          </reporter-output>
        </test-method> <!-- BeforeMethod -->
        <test-method signature="TC_0300_Chips_자체소싱_재생_확인(java.lang.reflect.Method)[pri:0, instance:Chips_004_미디어_etc.미디어_06_자체소싱@61710c6]" started-at="2021-11-30T01:21:19 KST" name="TC_0300_Chips_자체소싱_재생_확인" description="칩스 리그레이션 TC : 실행_0300" finished-at="2021-11-30T01:21:41 KST" duration-ms="21710" status="PASS">
          <params>
            <param index="0">
              <value>
                <![CDATA[public void Chips_004_미디어_etc.미디어_06_자체소싱.TC_0300_Chips_자체소싱_재생_확인(java.lang.reflect.Method) throws java.lang.Exception]]>
              </value>
            </param>
          </params>
          <reporter-output>
          </reporter-output>
        </test-method> <!-- TC_0300_Chips_자체소싱_재생_확인 -->
        <test-method is-config="true" signature="AfterMethod(org.testng.ITestResult)[pri:0, instance:Chips_004_미디어_etc.미디어_06_자체소싱@61710c6]" started-at="2021-11-30T01:21:41 KST" name="AfterMethod" finished-at="2021-11-30T01:21:41 KST" duration-ms="1" status="PASS">
          <params>
            <param index="0">
              <value>
                <![CDATA[[TestResult name=TC_0300_Chips_자체소싱_재생_확인 status=SUCCESS method=미디어_06_자체소싱.TC_0300_Chips_자체소싱_재생_확인(java.lang.reflect.Method)[pri:0, instance:Chips_004_미디어_etc.미디어_06_자체소싱@61710c6] output={null}]]]>
              </value>
            </param>
          </params>
          <reporter-output>
          </reporter-output>
        </test-method> <!-- AfterMethod -->
        <test-method signature="TC_0301_Chips_자체소싱_재생_확인(java.lang.reflect.Method)[pri:0, instance:Chips_004_미디어_etc.미디어_06_자체소싱@61710c6]" started-at="2021-11-30T01:21:41 KST" name="TC_0301_Chips_자체소싱_재생_확인" description="칩스 리그레이션 TC : 실행_0301" finished-at="2021-11-30T01:21:57 KST" duration-ms="15855" status="PASS">
          <params>
            <param index="0">
              <value>
                <![CDATA[public void Chips_004_미디어_etc.미디어_06_자체소싱.TC_0301_Chips_자체소싱_재생_확인(java.lang.reflect.Method) throws java.lang.Exception]]>
              </value>
            </param>
          </params>
          <reporter-output>
          </reporter-output>
        </test-method> <!-- TC_0301_Chips_자체소싱_재생_확인 -->
        <test-method is-config="true" signature="BeforeMethod(java.lang.reflect.Method)[pri:0, instance:Chips_004_미디어_etc.미디어_06_자체소싱@61710c6]" started-at="2021-11-30T01:21:41 KST" name="BeforeMethod" finished-at="2021-11-30T01:21:41 KST" duration-ms="0" status="PASS">
          <params>
            <param index="0">
              <value>
                <![CDATA[public void Chips_004_미디어_etc.미디어_06_자체소싱.TC_0301_Chips_자체소싱_재생_확인(java.lang.reflect.Method) throws java.lang.Exception]]>
              </value>
            </param>
          </params>
          <reporter-output>
          </reporter-output>
        </test-method> <!-- BeforeMethod -->
        <test-method is-config="true" signature="AfterMethod(org.testng.ITestResult)[pri:0, instance:Chips_004_미디어_etc.미디어_06_자체소싱@61710c6]" started-at="2021-11-30T01:21:57 KST" name="AfterMethod" finished-at="2021-11-30T01:21:57 KST" duration-ms="1" status="PASS">
          <params>
            <param index="0">
              <value>
                <![CDATA[[TestResult name=TC_0301_Chips_자체소싱_재생_확인 status=SUCCESS method=미디어_06_자체소싱.TC_0301_Chips_자체소싱_재생_확인(java.lang.reflect.Method)[pri:0, instance:Chips_004_미디어_etc.미디어_06_자체소싱@61710c6] output={null}]]]>
              </value>
            </param>
          </params>
          <reporter-output>
          </reporter-output>
        </test-method> <!-- AfterMethod -->
        <test-method signature="TC_0302_Chips_자체소싱_일시정지_확인(java.lang.reflect.Method)[pri:0, instance:Chips_004_미디어_etc.미디어_06_자체소싱@61710c6]" started-at="2021-11-30T01:21:57 KST" name="TC_0302_Chips_자체소싱_일시정지_확인" description="칩스 리그레이션 TC : 실행_0302" finished-at="2021-11-30T01:22:06 KST" duration-ms="9048" status="PASS">
          <params>
            <param index="0">
              <value>
                <![CDATA[public void Chips_004_미디어_etc.미디어_06_자체소싱.TC_0302_Chips_자체소싱_일시정지_확인(java.lang.reflect.Method) throws java.lang.Exception]]>
              </value>
            </param>
          </params>
          <reporter-output>
          </reporter-output>
        </test-method> <!-- TC_0302_Chips_자체소싱_일시정지_확인 -->
        <test-method is-config="true" signature="BeforeMethod(java.lang.reflect.Method)[pri:0, instance:Chips_004_미디어_etc.미디어_06_자체소싱@61710c6]" started-at="2021-11-30T01:21:57 KST" name="BeforeMethod" finished-at="2021-11-30T01:21:57 KST" duration-ms="0" status="PASS">
          <params>
            <param index="0">
              <value>
                <![CDATA[public void Chips_004_미디어_etc.미디어_06_자체소싱.TC_0302_Chips_자체소싱_일시정지_확인(java.lang.reflect.Method) throws java.lang.Exception]]>
              </value>
            </param>
          </params>
          <reporter-output>
          </reporter-output>
        </test-method> <!-- BeforeMethod -->
        <test-method is-config="true" signature="AfterMethod(org.testng.ITestResult)[pri:0, instance:Chips_004_미디어_etc.미디어_06_자체소싱@61710c6]" started-at="2021-11-30T01:22:06 KST" name="AfterMethod" finished-at="2021-11-30T01:22:06 KST" duration-ms="0" status="PASS">
          <params>
            <param index="0">
              <value>
                <![CDATA[[TestResult name=TC_0302_Chips_자체소싱_일시정지_확인 status=SUCCESS method=미디어_06_자체소싱.TC_0302_Chips_자체소싱_일시정지_확인(java.lang.reflect.Method)[pri:0, instance:Chips_004_미디어_etc.미디어_06_자체소싱@61710c6] output={null}]]]>
              </value>
            </param>
          </params>
          <reporter-output>
          </reporter-output>
        </test-method> <!-- AfterMethod -->
        <test-method is-config="true" signature="BeforeMethod(java.lang.reflect.Method)[pri:0, instance:Chips_004_미디어_etc.미디어_06_자체소싱@61710c6]" started-at="2021-11-30T01:22:06 KST" name="BeforeMethod" finished-at="2021-11-30T01:22:06 KST" duration-ms="0" status="PASS">
          <params>
            <param index="0">
              <value>
                <![CDATA[public void Chips_004_미디어_etc.미디어_06_자체소싱.TC_0303_Chips_자체소싱_일시정지취소_확인(java.lang.reflect.Method) throws java.lang.Exception]]>
              </value>
            </param>
          </params>
          <reporter-output>
          </reporter-output>
        </test-method> <!-- BeforeMethod -->
        <test-method signature="TC_0303_Chips_자체소싱_일시정지취소_확인(java.lang.reflect.Method)[pri:0, instance:Chips_004_미디어_etc.미디어_06_자체소싱@61710c6]" started-at="2021-11-30T01:22:06 KST" name="TC_0303_Chips_자체소싱_일시정지취소_확인" description="칩스 리그레이션 TC : 실행_0241" finished-at="2021-11-30T01:22:16 KST" duration-ms="10635" status="PASS">
          <params>
            <param index="0">
              <value>
                <![CDATA[public void Chips_004_미디어_etc.미디어_06_자체소싱.TC_0303_Chips_자체소싱_일시정지취소_확인(java.lang.reflect.Method) throws java.lang.Exception]]>
              </value>
            </param>
          </params>
          <reporter-output>
          </reporter-output>
        </test-method> <!-- TC_0303_Chips_자체소싱_일시정지취소_확인 -->
        <test-method is-config="true" signature="AfterMethod(org.testng.ITestResult)[pri:0, instance:Chips_004_미디어_etc.미디어_06_자체소싱@61710c6]" started-at="2021-11-30T01:22:16 KST" name="AfterMethod" finished-at="2021-11-30T01:22:16 KST" duration-ms="0" status="PASS">
          <params>
            <param index="0">
              <value>
                <![CDATA[[TestResult name=TC_0303_Chips_자체소싱_일시정지취소_확인 status=SUCCESS method=미디어_06_자체소싱.TC_0303_Chips_자체소싱_일시정지취소_확인(java.lang.reflect.Method)[pri:0, instance:Chips_004_미디어_etc.미디어_06_자체소싱@61710c6] output={null}]]]>
              </value>
            </param>
          </params>
          <reporter-output>
          </reporter-output>
        </test-method> <!-- AfterMethod -->
        <test-method is-config="true" signature="BeforeMethod(java.lang.reflect.Method)[pri:0, instance:Chips_004_미디어_etc.미디어_06_자체소싱@61710c6]" started-at="2021-11-30T01:22:16 KST" name="BeforeMethod" finished-at="2021-11-30T01:22:16 KST" duration-ms="0" status="PASS">
          <params>
            <param index="0">
              <value>
                <![CDATA[public void Chips_004_미디어_etc.미디어_06_자체소싱.TC_0304_Chips_컨트롤러_좋아요_확인(java.lang.reflect.Method) throws java.lang.Exception]]>
              </value>
            </param>
          </params>
          <reporter-output>
          </reporter-output>
        </test-method> <!-- BeforeMethod -->
        <test-method signature="TC_0304_Chips_컨트롤러_좋아요_확인(java.lang.reflect.Method)[pri:0, instance:Chips_004_미디어_etc.미디어_06_자체소싱@61710c6]" started-at="2021-11-30T01:22:16 KST" name="TC_0304_Chips_컨트롤러_좋아요_확인" description="칩스 리그레이션 TC : 실행_0304" finished-at="2021-11-30T01:22:28 KST" duration-ms="11858" status="PASS">
          <params>
            <param index="0">
              <value>
                <![CDATA[public void Chips_004_미디어_etc.미디어_06_자체소싱.TC_0304_Chips_컨트롤러_좋아요_확인(java.lang.reflect.Method) throws java.lang.Exception]]>
              </value>
            </param>
          </params>
          <reporter-output>
          </reporter-output>
        </test-method> <!-- TC_0304_Chips_컨트롤러_좋아요_확인 -->
        <test-method is-config="true" signature="AfterMethod(org.testng.ITestResult)[pri:0, instance:Chips_004_미디어_etc.미디어_06_자체소싱@61710c6]" started-at="2021-11-30T01:22:28 KST" name="AfterMethod" finished-at="2021-11-30T01:22:28 KST" duration-ms="0" status="PASS">
          <params>
            <param index="0">
              <value>
                <![CDATA[[TestResult name=TC_0304_Chips_컨트롤러_좋아요_확인 status=SUCCESS method=미디어_06_자체소싱.TC_0304_Chips_컨트롤러_좋아요_확인(java.lang.reflect.Method)[pri:0, instance:Chips_004_미디어_etc.미디어_06_자체소싱@61710c6] output={null}]]]>
              </value>
            </param>
          </params>
          <reporter-output>
          </reporter-output>
        </test-method> <!-- AfterMethod -->
        <test-method is-config="true" signature="BeforeMethod(java.lang.reflect.Method)[pri:0, instance:Chips_004_미디어_etc.미디어_06_자체소싱@61710c6]" started-at="2021-11-30T01:22:28 KST" name="BeforeMethod" finished-at="2021-11-30T01:22:28 KST" duration-ms="0" status="PASS">
          <params>
            <param index="0">
              <value>
                <![CDATA[public void Chips_004_미디어_etc.미디어_06_자체소싱.TC_0305_Chips_컨트롤러_좋아요취소_확인(java.lang.reflect.Method) throws java.lang.Exception]]>
              </value>
            </param>
          </params>
          <reporter-output>
          </reporter-output>
        </test-method> <!-- BeforeMethod -->
        <test-method signature="TC_0305_Chips_컨트롤러_좋아요취소_확인(java.lang.reflect.Method)[pri:0, instance:Chips_004_미디어_etc.미디어_06_자체소싱@61710c6]" started-at="2021-11-30T01:22:28 KST" name="TC_0305_Chips_컨트롤러_좋아요취소_확인" description="칩스 리그레이션 TC : 실행_0305" finished-at="2021-11-30T01:22:37 KST" duration-ms="8808" status="PASS">
          <params>
            <param index="0">
              <value>
                <![CDATA[public void Chips_004_미디어_etc.미디어_06_자체소싱.TC_0305_Chips_컨트롤러_좋아요취소_확인(java.lang.reflect.Method) throws java.lang.Exception]]>
              </value>
            </param>
          </params>
          <reporter-output>
          </reporter-output>
        </test-method> <!-- TC_0305_Chips_컨트롤러_좋아요취소_확인 -->
        <test-method is-config="true" signature="AfterMethod(org.testng.ITestResult)[pri:0, instance:Chips_004_미디어_etc.미디어_06_자체소싱@61710c6]" started-at="2021-11-30T01:22:37 KST" name="AfterMethod" finished-at="2021-11-30T01:22:37 KST" duration-ms="0" status="PASS">
          <params>
            <param index="0">
              <value>
                <![CDATA[[TestResult name=TC_0305_Chips_컨트롤러_좋아요취소_확인 status=SUCCESS method=미디어_06_자체소싱.TC_0305_Chips_컨트롤러_좋아요취소_확인(java.lang.reflect.Method)[pri:0, instance:Chips_004_미디어_etc.미디어_06_자체소싱@61710c6] output={null}]]]>
              </value>
            </param>
          </params>
          <reporter-output>
          </reporter-output>
        </test-method> <!-- AfterMethod -->
        <test-method signature="TC_0306_Chips_자체소싱_다음_확인(java.lang.reflect.Method)[pri:0, instance:Chips_004_미디어_etc.미디어_06_자체소싱@61710c6]" started-at="2021-11-30T01:22:37 KST" name="TC_0306_Chips_자체소싱_다음_확인" description="칩스 리그레이션 TC : 실행_0306" finished-at="2021-11-30T01:22:49 KST" duration-ms="11711" status="PASS">
          <params>
            <param index="0">
              <value>
                <![CDATA[public void Chips_004_미디어_etc.미디어_06_자체소싱.TC_0306_Chips_자체소싱_다음_확인(java.lang.reflect.Method) throws java.lang.Exception]]>
              </value>
            </param>
          </params>
          <reporter-output>
          </reporter-output>
        </test-method> <!-- TC_0306_Chips_자체소싱_다음_확인 -->
        <test-method is-config="true" signature="BeforeMethod(java.lang.reflect.Method)[pri:0, instance:Chips_004_미디어_etc.미디어_06_자체소싱@61710c6]" started-at="2021-11-30T01:22:37 KST" name="BeforeMethod" finished-at="2021-11-30T01:22:37 KST" duration-ms="0" status="PASS">
          <params>
            <param index="0">
              <value>
                <![CDATA[public void Chips_004_미디어_etc.미디어_06_자체소싱.TC_0306_Chips_자체소싱_다음_확인(java.lang.reflect.Method) throws java.lang.Exception]]>
              </value>
            </param>
          </params>
          <reporter-output>
          </reporter-output>
        </test-method> <!-- BeforeMethod -->
        <test-method is-config="true" signature="AfterMethod(org.testng.ITestResult)[pri:0, instance:Chips_004_미디어_etc.미디어_06_자체소싱@61710c6]" started-at="2021-11-30T01:22:49 KST" name="AfterMethod" finished-at="2021-11-30T01:22:49 KST" duration-ms="1" status="PASS">
          <params>
            <param index="0">
              <value>
                <![CDATA[[TestResult name=TC_0306_Chips_자체소싱_다음_확인 status=SUCCESS method=미디어_06_자체소싱.TC_0306_Chips_자체소싱_다음_확인(java.lang.reflect.Method)[pri:0, instance:Chips_004_미디어_etc.미디어_06_자체소싱@61710c6] output={null}]]]>
              </value>
            </param>
          </params>
          <reporter-output>
          </reporter-output>
        </test-method> <!-- AfterMethod -->
        <test-method is-config="true" signature="BeforeMethod(java.lang.reflect.Method)[pri:0, instance:Chips_004_미디어_etc.미디어_06_자체소싱@61710c6]" started-at="2021-11-30T01:22:49 KST" name="BeforeMethod" finished-at="2021-11-30T01:22:49 KST" duration-ms="1" status="PASS">
          <params>
            <param index="0">
              <value>
                <![CDATA[public void Chips_004_미디어_etc.미디어_06_자체소싱.TC_0307_Chips_자체소싱_이전_확인(java.lang.reflect.Method) throws java.lang.Exception]]>
              </value>
            </param>
          </params>
          <reporter-output>
          </reporter-output>
        </test-method> <!-- BeforeMethod -->
        <test-method signature="TC_0307_Chips_자체소싱_이전_확인(java.lang.reflect.Method)[pri:0, instance:Chips_004_미디어_etc.미디어_06_자체소싱@61710c6]" started-at="2021-11-30T01:22:49 KST" name="TC_0307_Chips_자체소싱_이전_확인" description="칩스 리그레이션 TC : 실행_0307" finished-at="2021-11-30T01:22:56 KST" duration-ms="7109" status="PASS">
          <params>
            <param index="0">
              <value>
                <![CDATA[public void Chips_004_미디어_etc.미디어_06_자체소싱.TC_0307_Chips_자체소싱_이전_확인(java.lang.reflect.Method) throws java.lang.Exception]]>
              </value>
            </param>
          </params>
          <reporter-output>
          </reporter-output>
        </test-method> <!-- TC_0307_Chips_자체소싱_이전_확인 -->
        <test-method is-config="true" signature="AfterMethod(org.testng.ITestResult)[pri:0, instance:Chips_004_미디어_etc.미디어_06_자체소싱@61710c6]" started-at="2021-11-30T01:22:56 KST" name="AfterMethod" finished-at="2021-11-30T01:22:56 KST" duration-ms="0" status="PASS">
          <params>
            <param index="0">
              <value>
                <![CDATA[[TestResult name=TC_0307_Chips_자체소싱_이전_확인 status=SUCCESS method=미디어_06_자체소싱.TC_0307_Chips_자체소싱_이전_확인(java.lang.reflect.Method)[pri:0, instance:Chips_004_미디어_etc.미디어_06_자체소싱@61710c6] output={null}]]]>
              </value>
            </param>
          </params>
          <reporter-output>
          </reporter-output>
        </test-method> <!-- AfterMethod -->
        <test-method signature="TC_0308_Chips_자체소싱_셔플_확인(java.lang.reflect.Method)[pri:0, instance:Chips_004_미디어_etc.미디어_06_자체소싱@61710c6]" started-at="2021-11-30T01:22:56 KST" name="TC_0308_Chips_자체소싱_셔플_확인" description="칩스 리그레이션 TC : 실행_0308" finished-at="2021-11-30T01:22:59 KST" duration-ms="3605" status="PASS">
          <params>
            <param index="0">
              <value>
                <![CDATA[public void Chips_004_미디어_etc.미디어_06_자체소싱.TC_0308_Chips_자체소싱_셔플_확인(java.lang.reflect.Method) throws java.lang.Exception]]>
              </value>
            </param>
          </params>
          <reporter-output>
          </reporter-output>
        </test-method> <!-- TC_0308_Chips_자체소싱_셔플_확인 -->
        <test-method is-config="true" signature="BeforeMethod(java.lang.reflect.Method)[pri:0, instance:Chips_004_미디어_etc.미디어_06_자체소싱@61710c6]" started-at="2021-11-30T01:22:56 KST" name="BeforeMethod" finished-at="2021-11-30T01:22:56 KST" duration-ms="0" status="PASS">
          <params>
            <param index="0">
              <value>
                <![CDATA[public void Chips_004_미디어_etc.미디어_06_자체소싱.TC_0308_Chips_자체소싱_셔플_확인(java.lang.reflect.Method) throws java.lang.Exception]]>
              </value>
            </param>
          </params>
          <reporter-output>
          </reporter-output>
        </test-method> <!-- BeforeMethod -->
        <test-method is-config="true" signature="AfterMethod(org.testng.ITestResult)[pri:0, instance:Chips_004_미디어_etc.미디어_06_자체소싱@61710c6]" started-at="2021-11-30T01:22:59 KST" name="AfterMethod" finished-at="2021-11-30T01:22:59 KST" duration-ms="0" status="PASS">
          <params>
            <param index="0">
              <value>
                <![CDATA[[TestResult name=TC_0308_Chips_자체소싱_셔플_확인 status=SUCCESS method=미디어_06_자체소싱.TC_0308_Chips_자체소싱_셔플_확인(java.lang.reflect.Method)[pri:0, instance:Chips_004_미디어_etc.미디어_06_자체소싱@61710c6] output={null}]]]>
              </value>
            </param>
          </params>
          <reporter-output>
          </reporter-output>
        </test-method> <!-- AfterMethod -->
        <test-method is-config="true" signature="BeforeMethod(java.lang.reflect.Method)[pri:0, instance:Chips_004_미디어_etc.미디어_06_자체소싱@61710c6]" started-at="2021-11-30T01:22:59 KST" name="BeforeMethod" finished-at="2021-11-30T01:22:59 KST" duration-ms="0" status="PASS">
          <params>
            <param index="0">
              <value>
                <![CDATA[public void Chips_004_미디어_etc.미디어_06_자체소싱.TC_0309_Chips_자체소싱_이전_확인(java.lang.reflect.Method) throws java.lang.Exception]]>
              </value>
            </param>
          </params>
          <reporter-output>
          </reporter-output>
        </test-method> <!-- BeforeMethod -->
        <test-method signature="TC_0309_Chips_자체소싱_이전_확인(java.lang.reflect.Method)[pri:0, instance:Chips_004_미디어_etc.미디어_06_자체소싱@61710c6]" started-at="2021-11-30T01:22:59 KST" name="TC_0309_Chips_자체소싱_이전_확인" description="칩스 리그레이션 TC : 실행_0309" finished-at="2021-11-30T01:23:07 KST" duration-ms="7159" status="PASS">
          <params>
            <param index="0">
              <value>
                <![CDATA[public void Chips_004_미디어_etc.미디어_06_자체소싱.TC_0309_Chips_자체소싱_이전_확인(java.lang.reflect.Method) throws java.lang.Exception]]>
              </value>
            </param>
          </params>
          <reporter-output>
          </reporter-output>
        </test-method> <!-- TC_0309_Chips_자체소싱_이전_확인 -->
        <test-method is-config="true" signature="AfterMethod(org.testng.ITestResult)[pri:0, instance:Chips_004_미디어_etc.미디어_06_자체소싱@61710c6]" started-at="2021-11-30T01:23:07 KST" name="AfterMethod" finished-at="2021-11-30T01:23:07 KST" duration-ms="1" status="PASS">
          <params>
            <param index="0">
              <value>
                <![CDATA[[TestResult name=TC_0309_Chips_자체소싱_이전_확인 status=SUCCESS method=미디어_06_자체소싱.TC_0309_Chips_자체소싱_이전_확인(java.lang.reflect.Method)[pri:0, instance:Chips_004_미디어_etc.미디어_06_자체소싱@61710c6] output={null}]]]>
              </value>
            </param>
          </params>
          <reporter-output>
          </reporter-output>
        </test-method> <!-- AfterMethod -->
        <test-method signature="TC_0310_Chips_자체소싱_셔플_확인(java.lang.reflect.Method)[pri:0, instance:Chips_004_미디어_etc.미디어_06_자체소싱@61710c6]" started-at="2021-11-30T01:23:07 KST" name="TC_0310_Chips_자체소싱_셔플_확인" description="칩스 리그레이션 TC : 실행_0310" finished-at="2021-11-30T01:23:11 KST" duration-ms="4295" status="PASS">
          <params>
            <param index="0">
              <value>
                <![CDATA[public void Chips_004_미디어_etc.미디어_06_자체소싱.TC_0310_Chips_자체소싱_셔플_확인(java.lang.reflect.Method) throws java.lang.Exception]]>
              </value>
            </param>
          </params>
          <reporter-output>
          </reporter-output>
        </test-method> <!-- TC_0310_Chips_자체소싱_셔플_확인 -->
        <test-method is-config="true" signature="BeforeMethod(java.lang.reflect.Method)[pri:0, instance:Chips_004_미디어_etc.미디어_06_자체소싱@61710c6]" started-at="2021-11-30T01:23:07 KST" name="BeforeMethod" finished-at="2021-11-30T01:23:07 KST" duration-ms="0" status="PASS">
          <params>
            <param index="0">
              <value>
                <![CDATA[public void Chips_004_미디어_etc.미디어_06_자체소싱.TC_0310_Chips_자체소싱_셔플_확인(java.lang.reflect.Method) throws java.lang.Exception]]>
              </value>
            </param>
          </params>
          <reporter-output>
          </reporter-output>
        </test-method> <!-- BeforeMethod -->
        <test-method is-config="true" signature="BeforeMethod(java.lang.reflect.Method)[pri:0, instance:Chips_004_미디어_etc.미디어_06_자체소싱@61710c6]" started-at="2021-11-30T01:23:11 KST" name="BeforeMethod" finished-at="2021-11-30T01:23:11 KST" duration-ms="1" status="PASS">
          <params>
            <param index="0">
              <value>
                <![CDATA[public void Chips_004_미디어_etc.미디어_06_자체소싱.TC_0311_Chips_자체소싱_다음_확인(java.lang.reflect.Method) throws java.lang.Exception]]>
              </value>
            </param>
          </params>
          <reporter-output>
          </reporter-output>
        </test-method> <!-- BeforeMethod -->
        <test-method is-config="true" signature="AfterMethod(org.testng.ITestResult)[pri:0, instance:Chips_004_미디어_etc.미디어_06_자체소싱@61710c6]" started-at="2021-11-30T01:23:11 KST" name="AfterMethod" finished-at="2021-11-30T01:23:11 KST" duration-ms="0" status="PASS">
          <params>
            <param index="0">
              <value>
                <![CDATA[[TestResult name=TC_0310_Chips_자체소싱_셔플_확인 status=SUCCESS method=미디어_06_자체소싱.TC_0310_Chips_자체소싱_셔플_확인(java.lang.reflect.Method)[pri:0, instance:Chips_004_미디어_etc.미디어_06_자체소싱@61710c6] output={null}]]]>
              </value>
            </param>
          </params>
          <reporter-output>
          </reporter-output>
        </test-method> <!-- AfterMethod -->
        <test-method signature="TC_0311_Chips_자체소싱_다음_확인(java.lang.reflect.Method)[pri:0, instance:Chips_004_미디어_etc.미디어_06_자체소싱@61710c6]" started-at="2021-11-30T01:23:11 KST" name="TC_0311_Chips_자체소싱_다음_확인" description="칩스 리그레이션 TC : 실행_0311" finished-at="2021-11-30T01:23:18 KST" duration-ms="7107" status="PASS">
          <params>
            <param index="0">
              <value>
                <![CDATA[public void Chips_004_미디어_etc.미디어_06_자체소싱.TC_0311_Chips_자체소싱_다음_확인(java.lang.reflect.Method) throws java.lang.Exception]]>
              </value>
            </param>
          </params>
          <reporter-output>
          </reporter-output>
        </test-method> <!-- TC_0311_Chips_자체소싱_다음_확인 -->
        <test-method is-config="true" signature="AfterMethod(org.testng.ITestResult)[pri:0, instance:Chips_004_미디어_etc.미디어_06_자체소싱@61710c6]" started-at="2021-11-30T01:23:18 KST" name="AfterMethod" finished-at="2021-11-30T01:23:18 KST" duration-ms="0" status="PASS">
          <params>
            <param index="0">
              <value>
                <![CDATA[[TestResult name=TC_0311_Chips_자체소싱_다음_확인 status=SUCCESS method=미디어_06_자체소싱.TC_0311_Chips_자체소싱_다음_확인(java.lang.reflect.Method)[pri:0, instance:Chips_004_미디어_etc.미디어_06_자체소싱@61710c6] output={null}]]]>
              </value>
            </param>
          </params>
          <reporter-output>
          </reporter-output>
        </test-method> <!-- AfterMethod -->
        <test-method is-config="true" signature="BeforeMethod(java.lang.reflect.Method)[pri:0, instance:Chips_004_미디어_etc.미디어_06_자체소싱@61710c6]" started-at="2021-11-30T01:23:18 KST" name="BeforeMethod" finished-at="2021-11-30T01:23:18 KST" duration-ms="0" status="PASS">
          <params>
            <param index="0">
              <value>
                <![CDATA[public void Chips_004_미디어_etc.미디어_06_자체소싱.TC_0312_Chips_자체소싱_20초뒤로_확인(java.lang.reflect.Method) throws java.lang.Exception]]>
              </value>
            </param>
          </params>
          <reporter-output>
          </reporter-output>
        </test-method> <!-- BeforeMethod -->
        <test-method signature="TC_0312_Chips_자체소싱_20초뒤로_확인(java.lang.reflect.Method)[pri:0, instance:Chips_004_미디어_etc.미디어_06_자체소싱@61710c6]" started-at="2021-11-30T01:23:18 KST" name="TC_0312_Chips_자체소싱_20초뒤로_확인" description="칩스 리그레이션 TC : 실행_0312" finished-at="2021-11-30T01:23:23 KST" duration-ms="5099" status="PASS">
          <params>
            <param index="0">
              <value>
                <![CDATA[public void Chips_004_미디어_etc.미디어_06_자체소싱.TC_0312_Chips_자체소싱_20초뒤로_확인(java.lang.reflect.Method) throws java.lang.Exception]]>
              </value>
            </param>
          </params>
          <reporter-output>
          </reporter-output>
        </test-method> <!-- TC_0312_Chips_자체소싱_20초뒤로_확인 -->
        <test-method is-config="true" signature="AfterMethod(org.testng.ITestResult)[pri:0, instance:Chips_004_미디어_etc.미디어_06_자체소싱@61710c6]" started-at="2021-11-30T01:23:23 KST" name="AfterMethod" finished-at="2021-11-30T01:23:23 KST" duration-ms="1" status="PASS">
          <params>
            <param index="0">
              <value>
                <![CDATA[[TestResult name=TC_0312_Chips_자체소싱_20초뒤로_확인 status=SUCCESS method=미디어_06_자체소싱.TC_0312_Chips_자체소싱_20초뒤로_확인(java.lang.reflect.Method)[pri:0, instance:Chips_004_미디어_etc.미디어_06_자체소싱@61710c6] output={null}]]]>
              </value>
            </param>
          </params>
          <reporter-output>
          </reporter-output>
        </test-method> <!-- AfterMethod -->
        <test-method is-config="true" signature="BeforeMethod(java.lang.reflect.Method)[pri:0, instance:Chips_004_미디어_etc.미디어_06_자체소싱@61710c6]" started-at="2021-11-30T01:23:23 KST" name="BeforeMethod" finished-at="2021-11-30T01:23:23 KST" duration-ms="1" status="PASS">
          <params>
            <param index="0">
              <value>
                <![CDATA[public void Chips_004_미디어_etc.미디어_06_자체소싱.TC_0313_Chips_자체소싱_15초앞으로_확인(java.lang.reflect.Method) throws java.lang.Exception]]>
              </value>
            </param>
          </params>
          <reporter-output>
          </reporter-output>
        </test-method> <!-- BeforeMethod -->
        <test-method signature="TC_0313_Chips_자체소싱_15초앞으로_확인(java.lang.reflect.Method)[pri:0, instance:Chips_004_미디어_etc.미디어_06_자체소싱@61710c6]" started-at="2021-11-30T01:23:23 KST" name="TC_0313_Chips_자체소싱_15초앞으로_확인" description="칩스 리그레이션 TC : 실행_0313" finished-at="2021-11-30T01:23:28 KST" duration-ms="5118" status="PASS">
          <params>
            <param index="0">
              <value>
                <![CDATA[public void Chips_004_미디어_etc.미디어_06_자체소싱.TC_0313_Chips_자체소싱_15초앞으로_확인(java.lang.reflect.Method) throws java.lang.Exception]]>
              </value>
            </param>
          </params>
          <reporter-output>
          </reporter-output>
        </test-method> <!-- TC_0313_Chips_자체소싱_15초앞으로_확인 -->
        <test-method is-config="true" signature="AfterMethod(org.testng.ITestResult)[pri:0, instance:Chips_004_미디어_etc.미디어_06_자체소싱@61710c6]" started-at="2021-11-30T01:23:28 KST" name="AfterMethod" finished-at="2021-11-30T01:23:28 KST" duration-ms="1" status="PASS">
          <params>
            <param index="0">
              <value>
                <![CDATA[[TestResult name=TC_0313_Chips_자체소싱_15초앞으로_확인 status=SUCCESS method=미디어_06_자체소싱.TC_0313_Chips_자체소싱_15초앞으로_확인(java.lang.reflect.Method)[pri:0, instance:Chips_004_미디어_etc.미디어_06_자체소싱@61710c6] output={null}]]]>
              </value>
            </param>
          </params>
          <reporter-output>
          </reporter-output>
        </test-method> <!-- AfterMethod -->
        <test-method is-config="true" signature="tearDownClass(java.lang.String,java.lang.String,java.lang.String,java.lang.String,java.lang.String,java.lang.String,java.lang.String,java.lang.String,java.lang.String,java.lang.String,java.lang.String,java.lang.String)[pri:0, instance:Chips_004_미디어_etc.미디어_06_자체소싱@61710c6]" started-at="2021-11-30T01:23:28 KST" name="tearDownClass" finished-at="2021-11-30T01:23:33 KST" duration-ms="4363" status="PASS">
          <params>
            <param index="0">
              <value>
                <![CDATA[STG]]>
              </value>
            </param>
            <param index="1">
              <value>
                <![CDATA[Chips]]>
              </value>
            </param>
            <param index="2">
              <value>
                <![CDATA[out]]>
              </value>
            </param>
            <param index="3">
              <value>
                <![CDATA[R33M4000CY]]>
              </value>
            </param>
            <param index="4">
              <value>
                <![CDATA[ALDF3NYA6C0D0C654DD2]]>
              </value>
            </param>
            <param index="5">
              <value>
                <![CDATA[ALDF5TR5SNGZ8175DA16]]>
              </value>
            </param>
            <param index="6">
              <value>
                <![CDATA[ALDFH3D1Q7W6071EFE41]]>
              </value>
            </param>
            <param index="7">
              <value>
                <![CDATA[ALDFH6OQ9HG79986A4FA]]>
              </value>
            </param>
            <param index="8">
              <value>
                <![CDATA[ALDFHFMQC3RB935B4B02]]>
              </value>
            </param>
            <param index="9">
              <value>
                <![CDATA[ALDFHFMSG34WDF6CD40E]]>
              </value>
            </param>
            <param index="10">
              <value>
                <![CDATA[ALDFHDFEBVOC7F098039]]>
              </value>
            </param>
            <param index="11">
              <value>
                <![CDATA[ALDG3Q4IA9EW3633F8EA]]>
              </value>
            </param>
          </params>
          <reporter-output>
          </reporter-output>
        </test-method> <!-- tearDownClass -->
      </class> <!-- Chips_004_미디어_etc.미디어_06_자체소싱 -->
      <class name="Chips_004_미디어_etc.미디어_11_오디오북">
        <test-method is-config="true" signature="setupClass(java.lang.String,java.lang.String,java.lang.String,java.lang.String,java.lang.String,java.lang.String,java.lang.String,java.lang.String,java.lang.String,java.lang.String,java.lang.String,java.lang.String,java.lang.String,java.lang.String,java.lang.String)[pri:0, instance:Chips_004_미디어_etc.미디어_11_오디오북@68878f6d]" started-at="2021-11-30T01:29:47 KST" name="setupClass" finished-at="2021-11-30T01:30:00 KST" duration-ms="13052" status="PASS">
          <params>
            <param index="0">
              <value>
                <![CDATA[Android]]>
              </value>
            </param>
            <param index="1">
              <value>
                <![CDATA[Chips]]>
              </value>
            </param>
            <param index="2">
              <value>
                <![CDATA[http://0.0.0.0:4723/wd/hub]]>
              </value>
            </param>
            <param index="3">
              <value>
                <![CDATA[STG]]>
              </value>
            </param>
            <param index="4">
              <value>
                <![CDATA[Chips]]>
              </value>
            </param>
            <param index="5">
              <value>
                <![CDATA[out]]>
              </value>
            </param>
            <param index="6">
              <value>
                <![CDATA[R33M4000CY]]>
              </value>
            </param>
            <param index="7">
              <value>
                <![CDATA[ALDF3NYA6C0D0C654DD2]]>
              </value>
            </param>
            <param index="8">
              <value>
                <![CDATA[ALDF5TR5SNGZ8175DA16]]>
              </value>
            </param>
            <param index="9">
              <value>
                <![CDATA[ALDFH3D1Q7W6071EFE41]]>
              </value>
            </param>
            <param index="10">
              <value>
                <![CDATA[ALDFH6OQ9HG79986A4FA]]>
              </value>
            </param>
            <param index="11">
              <value>
                <![CDATA[ALDFHFMQC3RB935B4B02]]>
              </value>
            </param>
            <param index="12">
              <value>
                <![CDATA[ALDFHFMSG34WDF6CD40E]]>
              </value>
            </param>
            <param index="13">
              <value>
                <![CDATA[ALDFHDFEBVOC7F098039]]>
              </value>
            </param>
            <param index="14">
              <value>
                <![CDATA[ALDG3Q4IA9EW3633F8EA]]>
              </value>
            </param>
          </params>
          <reporter-output>
          </reporter-output>
        </test-method> <!-- setupClass -->
        <test-method is-config="true" signature="BeforeMethod(java.lang.reflect.Method)[pri:0, instance:Chips_004_미디어_etc.미디어_11_오디오북@68878f6d]" started-at="2021-11-30T01:30:00 KST" name="BeforeMethod" finished-at="2021-11-30T01:30:00 KST" duration-ms="0" status="PASS">
          <params>
            <param index="0">
              <value>
                <![CDATA[public void Chips_004_미디어_etc.미디어_11_오디오북.TC_0000_앱실행과AccessToken얻기(java.lang.reflect.Method) throws java.lang.Exception]]>
              </value>
            </param>
          </params>
          <reporter-output>
          </reporter-output>
        </test-method> <!-- BeforeMethod -->
        <test-method signature="TC_0000_앱실행과AccessToken얻기(java.lang.reflect.Method)[pri:0, instance:Chips_004_미디어_etc.미디어_11_오디오북@68878f6d]" started-at="2021-11-30T01:30:00 KST" name="TC_0000_앱실행과AccessToken얻기" description="칩스 리그레이션 TC : 실행_0000" finished-at="2021-11-30T01:30:53 KST" duration-ms="52498" status="PASS">
          <params>
            <param index="0">
              <value>
                <![CDATA[public void Chips_004_미디어_etc.미디어_11_오디오북.TC_0000_앱실행과AccessToken얻기(java.lang.reflect.Method) throws java.lang.Exception]]>
              </value>
            </param>
          </params>
          <reporter-output>
          </reporter-output>
        </test-method> <!-- TC_0000_앱실행과AccessToken얻기 -->
        <test-method is-config="true" signature="AfterMethod(org.testng.ITestResult)[pri:0, instance:Chips_004_미디어_etc.미디어_11_오디오북@68878f6d]" started-at="2021-11-30T01:30:53 KST" name="AfterMethod" finished-at="2021-11-30T01:30:53 KST" duration-ms="1" status="PASS">
          <params>
            <param index="0">
              <value>
                <![CDATA[[TestResult name=TC_0000_앱실행과AccessToken얻기 status=SUCCESS method=미디어_11_오디오북.TC_0000_앱실행과AccessToken얻기(java.lang.reflect.Method)[pri:0, instance:Chips_004_미디어_etc.미디어_11_오디오북@68878f6d] output={null}]]]>
              </value>
            </param>
          </params>
          <reporter-output>
          </reporter-output>
        </test-method> <!-- AfterMethod -->
        <test-method is-config="true" signature="BeforeMethod(java.lang.reflect.Method)[pri:0, instance:Chips_004_미디어_etc.미디어_11_오디오북@68878f6d]" started-at="2021-11-30T01:30:53 KST" name="BeforeMethod" finished-at="2021-11-30T01:30:53 KST" duration-ms="1" status="PASS">
          <params>
            <param index="0">
              <value>
                <![CDATA[public void Chips_004_미디어_etc.미디어_11_오디오북.TC_0415_Chips_오디오북_미지원_확인(java.lang.reflect.Method) throws java.lang.Exception]]>
              </value>
            </param>
          </params>
          <reporter-output>
          </reporter-output>
        </test-method> <!-- BeforeMethod -->
        <test-method signature="TC_0415_Chips_오디오북_미지원_확인(java.lang.reflect.Method)[pri:0, instance:Chips_004_미디어_etc.미디어_11_오디오북@68878f6d]" started-at="2021-11-30T01:30:53 KST" name="TC_0415_Chips_오디오북_미지원_확인" description="칩스 리그레이션 TC : 실행_0415" finished-at="2021-11-30T01:30:58 KST" duration-ms="5159" status="PASS">
          <params>
            <param index="0">
              <value>
                <![CDATA[public void Chips_004_미디어_etc.미디어_11_오디오북.TC_0415_Chips_오디오북_미지원_확인(java.lang.reflect.Method) throws java.lang.Exception]]>
              </value>
            </param>
          </params>
          <reporter-output>
          </reporter-output>
        </test-method> <!-- TC_0415_Chips_오디오북_미지원_확인 -->
        <test-method is-config="true" signature="AfterMethod(org.testng.ITestResult)[pri:0, instance:Chips_004_미디어_etc.미디어_11_오디오북@68878f6d]" started-at="2021-11-30T01:30:58 KST" name="AfterMethod" finished-at="2021-11-30T01:30:58 KST" duration-ms="1" status="PASS">
          <params>
            <param index="0">
              <value>
                <![CDATA[[TestResult name=TC_0415_Chips_오디오북_미지원_확인 status=SUCCESS method=미디어_11_오디오북.TC_0415_Chips_오디오북_미지원_확인(java.lang.reflect.Method)[pri:0, instance:Chips_004_미디어_etc.미디어_11_오디오북@68878f6d] output={null}]]]>
              </value>
            </param>
          </params>
          <reporter-output>
          </reporter-output>
        </test-method> <!-- AfterMethod -->
        <test-method is-config="true" signature="tearDownClass(java.lang.String,java.lang.String,java.lang.String,java.lang.String,java.lang.String,java.lang.String,java.lang.String,java.lang.String,java.lang.String,java.lang.String,java.lang.String,java.lang.String)[pri:0, instance:Chips_004_미디어_etc.미디어_11_오디오북@68878f6d]" started-at="2021-11-30T01:30:58 KST" name="tearDownClass" finished-at="2021-11-30T01:31:02 KST" duration-ms="4025" status="PASS">
          <params>
            <param index="0">
              <value>
                <![CDATA[STG]]>
              </value>
            </param>
            <param index="1">
              <value>
                <![CDATA[Chips]]>
              </value>
            </param>
            <param index="2">
              <value>
                <![CDATA[out]]>
              </value>
            </param>
            <param index="3">
              <value>
                <![CDATA[R33M4000CY]]>
              </value>
            </param>
            <param index="4">
              <value>
                <![CDATA[ALDF3NYA6C0D0C654DD2]]>
              </value>
            </param>
            <param index="5">
              <value>
                <![CDATA[ALDF5TR5SNGZ8175DA16]]>
              </value>
            </param>
            <param index="6">
              <value>
                <![CDATA[ALDFH3D1Q7W6071EFE41]]>
              </value>
            </param>
            <param index="7">
              <value>
                <![CDATA[ALDFH6OQ9HG79986A4FA]]>
              </value>
            </param>
            <param index="8">
              <value>
                <![CDATA[ALDFHFMQC3RB935B4B02]]>
              </value>
            </param>
            <param index="9">
              <value>
                <![CDATA[ALDFHFMSG34WDF6CD40E]]>
              </value>
            </param>
            <param index="10">
              <value>
                <![CDATA[ALDFHDFEBVOC7F098039]]>
              </value>
            </param>
            <param index="11">
              <value>
                <![CDATA[ALDG3Q4IA9EW3633F8EA]]>
              </value>
            </param>
          </params>
          <reporter-output>
          </reporter-output>
        </test-method> <!-- tearDownClass -->
      </class> <!-- Chips_004_미디어_etc.미디어_11_오디오북 -->
      <class name="Chips_004_미디어_etc.미디어_12_팟빵">
        <test-method is-config="true" signature="setupClass(java.lang.String,java.lang.String,java.lang.String,java.lang.String,java.lang.String,java.lang.String,java.lang.String,java.lang.String,java.lang.String,java.lang.String,java.lang.String,java.lang.String,java.lang.String,java.lang.String,java.lang.String)[pri:0, instance:Chips_004_미디어_etc.미디어_12_팟빵@41488b16]" started-at="2021-11-30T01:31:02 KST" name="setupClass" finished-at="2021-11-30T01:31:15 KST" duration-ms="13209" status="PASS">
          <params>
            <param index="0">
              <value>
                <![CDATA[Android]]>
              </value>
            </param>
            <param index="1">
              <value>
                <![CDATA[Chips]]>
              </value>
            </param>
            <param index="2">
              <value>
                <![CDATA[http://0.0.0.0:4723/wd/hub]]>
              </value>
            </param>
            <param index="3">
              <value>
                <![CDATA[STG]]>
              </value>
            </param>
            <param index="4">
              <value>
                <![CDATA[Chips]]>
              </value>
            </param>
            <param index="5">
              <value>
                <![CDATA[out]]>
              </value>
            </param>
            <param index="6">
              <value>
                <![CDATA[R33M4000CY]]>
              </value>
            </param>
            <param index="7">
              <value>
                <![CDATA[ALDF3NYA6C0D0C654DD2]]>
              </value>
            </param>
            <param index="8">
              <value>
                <![CDATA[ALDF5TR5SNGZ8175DA16]]>
              </value>
            </param>
            <param index="9">
              <value>
                <![CDATA[ALDFH3D1Q7W6071EFE41]]>
              </value>
            </param>
            <param index="10">
              <value>
                <![CDATA[ALDFH6OQ9HG79986A4FA]]>
              </value>
            </param>
            <param index="11">
              <value>
                <![CDATA[ALDFHFMQC3RB935B4B02]]>
              </value>
            </param>
            <param index="12">
              <value>
                <![CDATA[ALDFHFMSG34WDF6CD40E]]>
              </value>
            </param>
            <param index="13">
              <value>
                <![CDATA[ALDFHDFEBVOC7F098039]]>
              </value>
            </param>
            <param index="14">
              <value>
                <![CDATA[ALDG3Q4IA9EW3633F8EA]]>
              </value>
            </param>
          </params>
          <reporter-output>
          </reporter-output>
        </test-method> <!-- setupClass -->
        <test-method is-config="true" signature="BeforeMethod(java.lang.reflect.Method)[pri:0, instance:Chips_004_미디어_etc.미디어_12_팟빵@41488b16]" started-at="2021-11-30T01:31:15 KST" name="BeforeMethod" finished-at="2021-11-30T01:31:15 KST" duration-ms="1" status="PASS">
          <params>
            <param index="0">
              <value>
                <![CDATA[public void Chips_004_미디어_etc.미디어_12_팟빵.TC_0000_앱실행과AccessToken얻기(java.lang.reflect.Method) throws java.lang.Exception]]>
              </value>
            </param>
          </params>
          <reporter-output>
          </reporter-output>
        </test-method> <!-- BeforeMethod -->
        <test-method signature="TC_0000_앱실행과AccessToken얻기(java.lang.reflect.Method)[pri:0, instance:Chips_004_미디어_etc.미디어_12_팟빵@41488b16]" started-at="2021-11-30T01:31:15 KST" name="TC_0000_앱실행과AccessToken얻기" description="칩스 리그레이션 TC : 실행_0000" finished-at="2021-11-30T01:32:08 KST" duration-ms="52618" status="PASS">
          <params>
            <param index="0">
              <value>
                <![CDATA[public void Chips_004_미디어_etc.미디어_12_팟빵.TC_0000_앱실행과AccessToken얻기(java.lang.reflect.Method) throws java.lang.Exception]]>
              </value>
            </param>
          </params>
          <reporter-output>
          </reporter-output>
        </test-method> <!-- TC_0000_앱실행과AccessToken얻기 -->
        <test-method is-config="true" signature="AfterMethod(org.testng.ITestResult)[pri:0, instance:Chips_004_미디어_etc.미디어_12_팟빵@41488b16]" started-at="2021-11-30T01:32:08 KST" name="AfterMethod" finished-at="2021-11-30T01:32:08 KST" duration-ms="1" status="PASS">
          <params>
            <param index="0">
              <value>
                <![CDATA[[TestResult name=TC_0000_앱실행과AccessToken얻기 status=SUCCESS method=미디어_12_팟빵.TC_0000_앱실행과AccessToken얻기(java.lang.reflect.Method)[pri:0, instance:Chips_004_미디어_etc.미디어_12_팟빵@41488b16] output={null}]]]>
              </value>
            </param>
          </params>
          <reporter-output>
          </reporter-output>
        </test-method> <!-- AfterMethod -->
        <test-method is-config="true" signature="BeforeMethod(java.lang.reflect.Method)[pri:0, instance:Chips_004_미디어_etc.미디어_12_팟빵@41488b16]" started-at="2021-11-30T01:32:08 KST" name="BeforeMethod" finished-at="2021-11-30T01:32:08 KST" duration-ms="1" status="PASS">
          <params>
            <param index="0">
              <value>
                <![CDATA[public void Chips_004_미디어_etc.미디어_12_팟빵.TC_0442_Chips_팟캐스트_재생_확인(java.lang.reflect.Method) throws java.lang.Exception]]>
              </value>
            </param>
          </params>
          <reporter-output>
          </reporter-output>
        </test-method> <!-- BeforeMethod -->
        <test-method signature="TC_0442_Chips_팟캐스트_재생_확인(java.lang.reflect.Method)[pri:0, instance:Chips_004_미디어_etc.미디어_12_팟빵@41488b16]" started-at="2021-11-30T01:32:08 KST" name="TC_0442_Chips_팟캐스트_재생_확인" description="칩스 리그레이션 TC : 실행_0442" finished-at="2021-11-30T01:32:27 KST" duration-ms="18827" status="PASS">
          <params>
            <param index="0">
              <value>
                <![CDATA[public void Chips_004_미디어_etc.미디어_12_팟빵.TC_0442_Chips_팟캐스트_재생_확인(java.lang.reflect.Method) throws java.lang.Exception]]>
              </value>
            </param>
          </params>
          <reporter-output>
          </reporter-output>
        </test-method> <!-- TC_0442_Chips_팟캐스트_재생_확인 -->
        <test-method is-config="true" signature="AfterMethod(org.testng.ITestResult)[pri:0, instance:Chips_004_미디어_etc.미디어_12_팟빵@41488b16]" started-at="2021-11-30T01:32:27 KST" name="AfterMethod" finished-at="2021-11-30T01:32:27 KST" duration-ms="1" status="PASS">
          <params>
            <param index="0">
              <value>
                <![CDATA[[TestResult name=TC_0442_Chips_팟캐스트_재생_확인 status=SUCCESS method=미디어_12_팟빵.TC_0442_Chips_팟캐스트_재생_확인(java.lang.reflect.Method)[pri:0, instance:Chips_004_미디어_etc.미디어_12_팟빵@41488b16] output={null}]]]>
              </value>
            </param>
          </params>
          <reporter-output>
          </reporter-output>
        </test-method> <!-- AfterMethod -->
        <test-method signature="TC_0443_Chips_팟빵_재생_확인(java.lang.reflect.Method)[pri:0, instance:Chips_004_미디어_etc.미디어_12_팟빵@41488b16]" started-at="2021-11-30T01:32:27 KST" name="TC_0443_Chips_팟빵_재생_확인" description="칩스 리그레이션 TC : 실행_0443" finished-at="2021-11-30T01:32:33 KST" duration-ms="6578" status="PASS">
          <params>
            <param index="0">
              <value>
                <![CDATA[public void Chips_004_미디어_etc.미디어_12_팟빵.TC_0443_Chips_팟빵_재생_확인(java.lang.reflect.Method) throws java.lang.Exception]]>
              </value>
            </param>
          </params>
          <reporter-output>
          </reporter-output>
        </test-method> <!-- TC_0443_Chips_팟빵_재생_확인 -->
        <test-method is-config="true" signature="BeforeMethod(java.lang.reflect.Method)[pri:0, instance:Chips_004_미디어_etc.미디어_12_팟빵@41488b16]" started-at="2021-11-30T01:32:27 KST" name="BeforeMethod" finished-at="2021-11-30T01:32:27 KST" duration-ms="0" status="PASS">
          <params>
            <param index="0">
              <value>
                <![CDATA[public void Chips_004_미디어_etc.미디어_12_팟빵.TC_0443_Chips_팟빵_재생_확인(java.lang.reflect.Method) throws java.lang.Exception]]>
              </value>
            </param>
          </params>
          <reporter-output>
          </reporter-output>
        </test-method> <!-- BeforeMethod -->
        <test-method signature="TC_0444_Chips_팟빵_방송명으로팟캐스트_재생_확인(java.lang.reflect.Method)[pri:0, instance:Chips_004_미디어_etc.미디어_12_팟빵@41488b16]" started-at="2021-11-30T01:32:33 KST" name="TC_0444_Chips_팟빵_방송명으로팟캐스트_재생_확인" description="칩스 리그레이션 TC : 실행_0444" finished-at="2021-11-30T01:32:59 KST" duration-ms="25902" status="PASS">
          <params>
            <param index="0">
              <value>
                <![CDATA[public void Chips_004_미디어_etc.미디어_12_팟빵.TC_0444_Chips_팟빵_방송명으로팟캐스트_재생_확인(java.lang.reflect.Method) throws java.lang.Exception]]>
              </value>
            </param>
          </params>
          <reporter-output>
          </reporter-output>
        </test-method> <!-- TC_0444_Chips_팟빵_방송명으로팟캐스트_재생_확인 -->
        <test-method is-config="true" signature="BeforeMethod(java.lang.reflect.Method)[pri:0, instance:Chips_004_미디어_etc.미디어_12_팟빵@41488b16]" started-at="2021-11-30T01:32:33 KST" name="BeforeMethod" finished-at="2021-11-30T01:32:33 KST" duration-ms="0" status="PASS">
          <params>
            <param index="0">
              <value>
                <![CDATA[public void Chips_004_미디어_etc.미디어_12_팟빵.TC_0444_Chips_팟빵_방송명으로팟캐스트_재생_확인(java.lang.reflect.Method) throws java.lang.Exception]]>
              </value>
            </param>
          </params>
          <reporter-output>
          </reporter-output>
        </test-method> <!-- BeforeMethod -->
        <test-method is-config="true" signature="AfterMethod(org.testng.ITestResult)[pri:0, instance:Chips_004_미디어_etc.미디어_12_팟빵@41488b16]" started-at="2021-11-30T01:32:33 KST" name="AfterMethod" finished-at="2021-11-30T01:32:33 KST" duration-ms="0" status="PASS">
          <params>
            <param index="0">
              <value>
                <![CDATA[[TestResult name=TC_0443_Chips_팟빵_재생_확인 status=SUCCESS method=미디어_12_팟빵.TC_0443_Chips_팟빵_재생_확인(java.lang.reflect.Method)[pri:0, instance:Chips_004_미디어_etc.미디어_12_팟빵@41488b16] output={null}]]]>
              </value>
            </param>
          </params>
          <reporter-output>
          </reporter-output>
        </test-method> <!-- AfterMethod -->
        <test-method signature="TC_0445_Chips_팟빵_구독_확인(java.lang.reflect.Method)[pri:0, instance:Chips_004_미디어_etc.미디어_12_팟빵@41488b16]" started-at="2021-11-30T01:32:59 KST" name="TC_0445_Chips_팟빵_구독_확인" description="칩스 리그레이션 TC : 실행_0445" finished-at="2021-11-30T01:33:17 KST" duration-ms="18014" status="PASS">
          <params>
            <param index="0">
              <value>
                <![CDATA[public void Chips_004_미디어_etc.미디어_12_팟빵.TC_0445_Chips_팟빵_구독_확인(java.lang.reflect.Method) throws java.lang.Exception]]>
              </value>
            </param>
          </params>
          <reporter-output>
          </reporter-output>
        </test-method> <!-- TC_0445_Chips_팟빵_구독_확인 -->
        <test-method is-config="true" signature="AfterMethod(org.testng.ITestResult)[pri:0, instance:Chips_004_미디어_etc.미디어_12_팟빵@41488b16]" started-at="2021-11-30T01:32:59 KST" name="AfterMethod" finished-at="2021-11-30T01:32:59 KST" duration-ms="0" status="PASS">
          <params>
            <param index="0">
              <value>
                <![CDATA[[TestResult name=TC_0444_Chips_팟빵_방송명으로팟캐스트_재생_확인 status=SUCCESS method=미디어_12_팟빵.TC_0444_Chips_팟빵_방송명으로팟캐스트_재생_확인(java.lang.reflect.Method)[pri:0, instance:Chips_004_미디어_etc.미디어_12_팟빵@41488b16] output={null}]]]>
              </value>
            </param>
          </params>
          <reporter-output>
          </reporter-output>
        </test-method> <!-- AfterMethod -->
        <test-method is-config="true" signature="BeforeMethod(java.lang.reflect.Method)[pri:0, instance:Chips_004_미디어_etc.미디어_12_팟빵@41488b16]" started-at="2021-11-30T01:32:59 KST" name="BeforeMethod" finished-at="2021-11-30T01:32:59 KST" duration-ms="0" status="PASS">
          <params>
            <param index="0">
              <value>
                <![CDATA[public void Chips_004_미디어_etc.미디어_12_팟빵.TC_0445_Chips_팟빵_구독_확인(java.lang.reflect.Method) throws java.lang.Exception]]>
              </value>
            </param>
          </params>
          <reporter-output>
          </reporter-output>
        </test-method> <!-- BeforeMethod -->
        <test-method is-config="true" signature="AfterMethod(org.testng.ITestResult)[pri:0, instance:Chips_004_미디어_etc.미디어_12_팟빵@41488b16]" started-at="2021-11-30T01:33:17 KST" name="AfterMethod" finished-at="2021-11-30T01:33:17 KST" duration-ms="1" status="PASS">
          <params>
            <param index="0">
              <value>
                <![CDATA[[TestResult name=TC_0445_Chips_팟빵_구독_확인 status=SUCCESS method=미디어_12_팟빵.TC_0445_Chips_팟빵_구독_확인(java.lang.reflect.Method)[pri:0, instance:Chips_004_미디어_etc.미디어_12_팟빵@41488b16] output={null}]]]>
              </value>
            </param>
          </params>
          <reporter-output>
          </reporter-output>
        </test-method> <!-- AfterMethod -->
        <test-method signature="TC_0446_Chips_팟빵_구독삭제_확인(java.lang.reflect.Method)[pri:0, instance:Chips_004_미디어_etc.미디어_12_팟빵@41488b16]" started-at="2021-11-30T01:33:17 KST" name="TC_0446_Chips_팟빵_구독삭제_확인" description="칩스 리그레이션 TC : 실행_0446" finished-at="2021-11-30T01:33:29 KST" duration-ms="12048" status="PASS">
          <params>
            <param index="0">
              <value>
                <![CDATA[public void Chips_004_미디어_etc.미디어_12_팟빵.TC_0446_Chips_팟빵_구독삭제_확인(java.lang.reflect.Method) throws java.lang.Exception]]>
              </value>
            </param>
          </params>
          <reporter-output>
          </reporter-output>
        </test-method> <!-- TC_0446_Chips_팟빵_구독삭제_확인 -->
        <test-method is-config="true" signature="BeforeMethod(java.lang.reflect.Method)[pri:0, instance:Chips_004_미디어_etc.미디어_12_팟빵@41488b16]" started-at="2021-11-30T01:33:17 KST" name="BeforeMethod" finished-at="2021-11-30T01:33:17 KST" duration-ms="0" status="PASS">
          <params>
            <param index="0">
              <value>
                <![CDATA[public void Chips_004_미디어_etc.미디어_12_팟빵.TC_0446_Chips_팟빵_구독삭제_확인(java.lang.reflect.Method) throws java.lang.Exception]]>
              </value>
            </param>
          </params>
          <reporter-output>
          </reporter-output>
        </test-method> <!-- BeforeMethod -->
        <test-method is-config="true" signature="AfterMethod(org.testng.ITestResult)[pri:0, instance:Chips_004_미디어_etc.미디어_12_팟빵@41488b16]" started-at="2021-11-30T01:33:29 KST" name="AfterMethod" finished-at="2021-11-30T01:33:29 KST" duration-ms="1" status="PASS">
          <params>
            <param index="0">
              <value>
                <![CDATA[[TestResult name=TC_0446_Chips_팟빵_구독삭제_확인 status=SUCCESS method=미디어_12_팟빵.TC_0446_Chips_팟빵_구독삭제_확인(java.lang.reflect.Method)[pri:0, instance:Chips_004_미디어_etc.미디어_12_팟빵@41488b16] output={null}]]]>
              </value>
            </param>
          </params>
          <reporter-output>
          </reporter-output>
        </test-method> <!-- AfterMethod -->
        <test-method signature="TC_0447_Chips_팟빵_재생시간이동_확인(java.lang.reflect.Method)[pri:0, instance:Chips_004_미디어_etc.미디어_12_팟빵@41488b16]" started-at="2021-11-30T01:33:29 KST" name="TC_0447_Chips_팟빵_재생시간이동_확인" description="칩스 리그레이션 TC : 실행_0447" finished-at="2021-11-30T01:33:34 KST" duration-ms="5029" status="PASS">
          <params>
            <param index="0">
              <value>
                <![CDATA[public void Chips_004_미디어_etc.미디어_12_팟빵.TC_0447_Chips_팟빵_재생시간이동_확인(java.lang.reflect.Method) throws java.lang.Exception]]>
              </value>
            </param>
          </params>
          <reporter-output>
          </reporter-output>
        </test-method> <!-- TC_0447_Chips_팟빵_재생시간이동_확인 -->
        <test-method is-config="true" signature="BeforeMethod(java.lang.reflect.Method)[pri:0, instance:Chips_004_미디어_etc.미디어_12_팟빵@41488b16]" started-at="2021-11-30T01:33:29 KST" name="BeforeMethod" finished-at="2021-11-30T01:33:29 KST" duration-ms="0" status="PASS">
          <params>
            <param index="0">
              <value>
                <![CDATA[public void Chips_004_미디어_etc.미디어_12_팟빵.TC_0447_Chips_팟빵_재생시간이동_확인(java.lang.reflect.Method) throws java.lang.Exception]]>
              </value>
            </param>
          </params>
          <reporter-output>
          </reporter-output>
        </test-method> <!-- BeforeMethod -->
        <test-method is-config="true" signature="AfterMethod(org.testng.ITestResult)[pri:0, instance:Chips_004_미디어_etc.미디어_12_팟빵@41488b16]" started-at="2021-11-30T01:33:34 KST" name="AfterMethod" finished-at="2021-11-30T01:33:34 KST" duration-ms="0" status="PASS">
          <params>
            <param index="0">
              <value>
                <![CDATA[[TestResult name=TC_0447_Chips_팟빵_재생시간이동_확인 status=SUCCESS method=미디어_12_팟빵.TC_0447_Chips_팟빵_재생시간이동_확인(java.lang.reflect.Method)[pri:0, instance:Chips_004_미디어_etc.미디어_12_팟빵@41488b16] output={null}]]]>
              </value>
            </param>
          </params>
          <reporter-output>
          </reporter-output>
        </test-method> <!-- AfterMethod -->
        <test-method signature="TC_0448_Chips_팟빵_종료예약_확인(java.lang.reflect.Method)[pri:0, instance:Chips_004_미디어_etc.미디어_12_팟빵@41488b16]" started-at="2021-11-30T01:33:34 KST" name="TC_0448_Chips_팟빵_종료예약_확인" description="칩스 리그레이션 TC : 실행_0448" finished-at="2021-11-30T01:33:39 KST" duration-ms="5088" status="PASS">
          <params>
            <param index="0">
              <value>
                <![CDATA[public void Chips_004_미디어_etc.미디어_12_팟빵.TC_0448_Chips_팟빵_종료예약_확인(java.lang.reflect.Method) throws java.lang.Exception]]>
              </value>
            </param>
          </params>
          <reporter-output>
          </reporter-output>
        </test-method> <!-- TC_0448_Chips_팟빵_종료예약_확인 -->
        <test-method is-config="true" signature="BeforeMethod(java.lang.reflect.Method)[pri:0, instance:Chips_004_미디어_etc.미디어_12_팟빵@41488b16]" started-at="2021-11-30T01:33:34 KST" name="BeforeMethod" finished-at="2021-11-30T01:33:34 KST" duration-ms="0" status="PASS">
          <params>
            <param index="0">
              <value>
                <![CDATA[public void Chips_004_미디어_etc.미디어_12_팟빵.TC_0448_Chips_팟빵_종료예약_확인(java.lang.reflect.Method) throws java.lang.Exception]]>
              </value>
            </param>
          </params>
          <reporter-output>
          </reporter-output>
        </test-method> <!-- BeforeMethod -->
        <test-method is-config="true" signature="BeforeMethod(java.lang.reflect.Method)[pri:0, instance:Chips_004_미디어_etc.미디어_12_팟빵@41488b16]" started-at="2021-11-30T01:33:39 KST" name="BeforeMethod" finished-at="2021-11-30T01:33:39 KST" duration-ms="1" status="PASS">
          <params>
            <param index="0">
              <value>
                <![CDATA[public void Chips_004_미디어_etc.미디어_12_팟빵.TC_0449_Chips_팟빵_종료예약_확인(java.lang.reflect.Method) throws java.lang.Exception]]>
              </value>
            </param>
          </params>
          <reporter-output>
          </reporter-output>
        </test-method> <!-- BeforeMethod -->
        <test-method is-config="true" signature="AfterMethod(org.testng.ITestResult)[pri:0, instance:Chips_004_미디어_etc.미디어_12_팟빵@41488b16]" started-at="2021-11-30T01:33:39 KST" name="AfterMethod" finished-at="2021-11-30T01:33:39 KST" duration-ms="0" status="PASS">
          <params>
            <param index="0">
              <value>
                <![CDATA[[TestResult name=TC_0448_Chips_팟빵_종료예약_확인 status=SUCCESS method=미디어_12_팟빵.TC_0448_Chips_팟빵_종료예약_확인(java.lang.reflect.Method)[pri:0, instance:Chips_004_미디어_etc.미디어_12_팟빵@41488b16] output={null}]]]>
              </value>
            </param>
          </params>
          <reporter-output>
          </reporter-output>
        </test-method> <!-- AfterMethod -->
        <test-method signature="TC_0449_Chips_팟빵_종료예약_확인(java.lang.reflect.Method)[pri:0, instance:Chips_004_미디어_etc.미디어_12_팟빵@41488b16]" started-at="2021-11-30T01:33:39 KST" name="TC_0449_Chips_팟빵_종료예약_확인" description="칩스 리그레이션 TC : 실행_0449" finished-at="2021-11-30T01:33:44 KST" duration-ms="5108" status="PASS">
          <params>
            <param index="0">
              <value>
                <![CDATA[public void Chips_004_미디어_etc.미디어_12_팟빵.TC_0449_Chips_팟빵_종료예약_확인(java.lang.reflect.Method) throws java.lang.Exception]]>
              </value>
            </param>
          </params>
          <reporter-output>
          </reporter-output>
        </test-method> <!-- TC_0449_Chips_팟빵_종료예약_확인 -->
        <test-method is-config="true" signature="AfterMethod(org.testng.ITestResult)[pri:0, instance:Chips_004_미디어_etc.미디어_12_팟빵@41488b16]" started-at="2021-11-30T01:33:44 KST" name="AfterMethod" finished-at="2021-11-30T01:33:44 KST" duration-ms="1" status="PASS">
          <params>
            <param index="0">
              <value>
                <![CDATA[[TestResult name=TC_0449_Chips_팟빵_종료예약_확인 status=SUCCESS method=미디어_12_팟빵.TC_0449_Chips_팟빵_종료예약_확인(java.lang.reflect.Method)[pri:0, instance:Chips_004_미디어_etc.미디어_12_팟빵@41488b16] output={null}]]]>
              </value>
            </param>
          </params>
          <reporter-output>
          </reporter-output>
        </test-method> <!-- AfterMethod -->
        <test-method signature="TC_0455_Chips_팟빵_컨트롤러_에피소드_재생_확인(java.lang.reflect.Method)[pri:0, instance:Chips_004_미디어_etc.미디어_12_팟빵@41488b16]" started-at="2021-11-30T01:33:44 KST" name="TC_0455_Chips_팟빵_컨트롤러_에피소드_재생_확인" description="칩스 리그레이션 TC : 실행_0455" finished-at="2021-11-30T01:33:59 KST" duration-ms="14244" status="PASS">
          <params>
            <param index="0">
              <value>
                <![CDATA[public void Chips_004_미디어_etc.미디어_12_팟빵.TC_0455_Chips_팟빵_컨트롤러_에피소드_재생_확인(java.lang.reflect.Method) throws java.lang.Exception]]>
              </value>
            </param>
          </params>
          <reporter-output>
          </reporter-output>
        </test-method> <!-- TC_0455_Chips_팟빵_컨트롤러_에피소드_재생_확인 -->
        <test-method is-config="true" signature="BeforeMethod(java.lang.reflect.Method)[pri:0, instance:Chips_004_미디어_etc.미디어_12_팟빵@41488b16]" started-at="2021-11-30T01:33:44 KST" name="BeforeMethod" finished-at="2021-11-30T01:33:44 KST" duration-ms="0" status="PASS">
          <params>
            <param index="0">
              <value>
                <![CDATA[public void Chips_004_미디어_etc.미디어_12_팟빵.TC_0455_Chips_팟빵_컨트롤러_에피소드_재생_확인(java.lang.reflect.Method) throws java.lang.Exception]]>
              </value>
            </param>
          </params>
          <reporter-output>
          </reporter-output>
        </test-method> <!-- BeforeMethod -->
        <test-method is-config="true" signature="BeforeMethod(java.lang.reflect.Method)[pri:0, instance:Chips_004_미디어_etc.미디어_12_팟빵@41488b16]" started-at="2021-11-30T01:33:59 KST" name="BeforeMethod" finished-at="2021-11-30T01:33:59 KST" duration-ms="1" status="PASS">
          <params>
            <param index="0">
              <value>
                <![CDATA[public void Chips_004_미디어_etc.미디어_12_팟빵.TC_0456_Chips_팟빵_컨트롤러_일시정지_확인(java.lang.reflect.Method) throws java.lang.Exception]]>
              </value>
            </param>
          </params>
          <reporter-output>
          </reporter-output>
        </test-method> <!-- BeforeMethod -->
        <test-method is-config="true" signature="AfterMethod(org.testng.ITestResult)[pri:0, instance:Chips_004_미디어_etc.미디어_12_팟빵@41488b16]" started-at="2021-11-30T01:33:59 KST" name="AfterMethod" finished-at="2021-11-30T01:33:59 KST" duration-ms="0" status="PASS">
          <params>
            <param index="0">
              <value>
                <![CDATA[[TestResult name=TC_0455_Chips_팟빵_컨트롤러_에피소드_재생_확인 status=SUCCESS method=미디어_12_팟빵.TC_0455_Chips_팟빵_컨트롤러_에피소드_재생_확인(java.lang.reflect.Method)[pri:0, instance:Chips_004_미디어_etc.미디어_12_팟빵@41488b16] output={null}]]]>
              </value>
            </param>
          </params>
          <reporter-output>
          </reporter-output>
        </test-method> <!-- AfterMethod -->
        <test-method signature="TC_0456_Chips_팟빵_컨트롤러_일시정지_확인(java.lang.reflect.Method)[pri:0, instance:Chips_004_미디어_etc.미디어_12_팟빵@41488b16]" started-at="2021-11-30T01:33:59 KST" name="TC_0456_Chips_팟빵_컨트롤러_일시정지_확인" description="칩스 리그레이션 TC : 실행_0456" finished-at="2021-11-30T01:34:14 KST" duration-ms="15315" status="PASS">
          <params>
            <param index="0">
              <value>
                <![CDATA[public void Chips_004_미디어_etc.미디어_12_팟빵.TC_0456_Chips_팟빵_컨트롤러_일시정지_확인(java.lang.reflect.Method) throws java.lang.Exception]]>
              </value>
            </param>
          </params>
          <reporter-output>
          </reporter-output>
        </test-method> <!-- TC_0456_Chips_팟빵_컨트롤러_일시정지_확인 -->
        <test-method is-config="true" signature="BeforeMethod(java.lang.reflect.Method)[pri:0, instance:Chips_004_미디어_etc.미디어_12_팟빵@41488b16]" started-at="2021-11-30T01:34:14 KST" name="BeforeMethod" finished-at="2021-11-30T01:34:14 KST" duration-ms="0" status="PASS">
          <params>
            <param index="0">
              <value>
                <![CDATA[public void Chips_004_미디어_etc.미디어_12_팟빵.TC_0457_Chips_팟빵_컨트롤러_일시정지취소_확인(java.lang.reflect.Method) throws java.lang.Exception]]>
              </value>
            </param>
          </params>
          <reporter-output>
          </reporter-output>
        </test-method> <!-- BeforeMethod -->
        <test-method is-config="true" signature="AfterMethod(org.testng.ITestResult)[pri:0, instance:Chips_004_미디어_etc.미디어_12_팟빵@41488b16]" started-at="2021-11-30T01:34:14 KST" name="AfterMethod" finished-at="2021-11-30T01:34:14 KST" duration-ms="0" status="PASS">
          <params>
            <param index="0">
              <value>
                <![CDATA[[TestResult name=TC_0456_Chips_팟빵_컨트롤러_일시정지_확인 status=SUCCESS method=미디어_12_팟빵.TC_0456_Chips_팟빵_컨트롤러_일시정지_확인(java.lang.reflect.Method)[pri:0, instance:Chips_004_미디어_etc.미디어_12_팟빵@41488b16] output={null}]]]>
              </value>
            </param>
          </params>
          <reporter-output>
          </reporter-output>
        </test-method> <!-- AfterMethod -->
        <test-method signature="TC_0457_Chips_팟빵_컨트롤러_일시정지취소_확인(java.lang.reflect.Method)[pri:0, instance:Chips_004_미디어_etc.미디어_12_팟빵@41488b16]" started-at="2021-11-30T01:34:14 KST" name="TC_0457_Chips_팟빵_컨트롤러_일시정지취소_확인" description="칩스 리그레이션 TC : 실행_0457" finished-at="2021-11-30T01:34:23 KST" duration-ms="8649" status="PASS">
          <params>
            <param index="0">
              <value>
                <![CDATA[public void Chips_004_미디어_etc.미디어_12_팟빵.TC_0457_Chips_팟빵_컨트롤러_일시정지취소_확인(java.lang.reflect.Method) throws java.lang.Exception]]>
              </value>
            </param>
          </params>
          <reporter-output>
          </reporter-output>
        </test-method> <!-- TC_0457_Chips_팟빵_컨트롤러_일시정지취소_확인 -->
        <test-method is-config="true" signature="AfterMethod(org.testng.ITestResult)[pri:0, instance:Chips_004_미디어_etc.미디어_12_팟빵@41488b16]" started-at="2021-11-30T01:34:23 KST" name="AfterMethod" finished-at="2021-11-30T01:34:23 KST" duration-ms="0" status="PASS">
          <params>
            <param index="0">
              <value>
                <![CDATA[[TestResult name=TC_0457_Chips_팟빵_컨트롤러_일시정지취소_확인 status=SUCCESS method=미디어_12_팟빵.TC_0457_Chips_팟빵_컨트롤러_일시정지취소_확인(java.lang.reflect.Method)[pri:0, instance:Chips_004_미디어_etc.미디어_12_팟빵@41488b16] output={null}]]]>
              </value>
            </param>
          </params>
          <reporter-output>
          </reporter-output>
        </test-method> <!-- AfterMethod -->
        <test-method signature="TC_0458_Chips_팟빵_컨트롤러_일시정지_확인(java.lang.reflect.Method)[pri:0, instance:Chips_004_미디어_etc.미디어_12_팟빵@41488b16]" started-at="2021-11-30T01:34:23 KST" name="TC_0458_Chips_팟빵_컨트롤러_일시정지_확인" description="칩스 리그레이션 TC : 실행_0458" finished-at="2021-11-30T01:34:31 KST" duration-ms="8547" status="PASS">
          <params>
            <param index="0">
              <value>
                <![CDATA[public void Chips_004_미디어_etc.미디어_12_팟빵.TC_0458_Chips_팟빵_컨트롤러_일시정지_확인(java.lang.reflect.Method) throws java.lang.Exception]]>
              </value>
            </param>
          </params>
          <reporter-output>
          </reporter-output>
        </test-method> <!-- TC_0458_Chips_팟빵_컨트롤러_일시정지_확인 -->
        <test-method is-config="true" signature="BeforeMethod(java.lang.reflect.Method)[pri:0, instance:Chips_004_미디어_etc.미디어_12_팟빵@41488b16]" started-at="2021-11-30T01:34:23 KST" name="BeforeMethod" finished-at="2021-11-30T01:34:23 KST" duration-ms="0" status="PASS">
          <params>
            <param index="0">
              <value>
                <![CDATA[public void Chips_004_미디어_etc.미디어_12_팟빵.TC_0458_Chips_팟빵_컨트롤러_일시정지_확인(java.lang.reflect.Method) throws java.lang.Exception]]>
              </value>
            </param>
          </params>
          <reporter-output>
          </reporter-output>
        </test-method> <!-- BeforeMethod -->
        <test-method is-config="true" signature="AfterMethod(org.testng.ITestResult)[pri:0, instance:Chips_004_미디어_etc.미디어_12_팟빵@41488b16]" started-at="2021-11-30T01:34:31 KST" name="AfterMethod" finished-at="2021-11-30T01:34:31 KST" duration-ms="1" status="PASS">
          <params>
            <param index="0">
              <value>
                <![CDATA[[TestResult name=TC_0458_Chips_팟빵_컨트롤러_일시정지_확인 status=SUCCESS method=미디어_12_팟빵.TC_0458_Chips_팟빵_컨트롤러_일시정지_확인(java.lang.reflect.Method)[pri:0, instance:Chips_004_미디어_etc.미디어_12_팟빵@41488b16] output={null}]]]>
              </value>
            </param>
          </params>
          <reporter-output>
          </reporter-output>
        </test-method> <!-- AfterMethod -->
        <test-method is-config="true" signature="BeforeMethod(java.lang.reflect.Method)[pri:0, instance:Chips_004_미디어_etc.미디어_12_팟빵@41488b16]" started-at="2021-11-30T01:34:31 KST" name="BeforeMethod" finished-at="2021-11-30T01:34:31 KST" duration-ms="0" status="PASS">
          <params>
            <param index="0">
              <value>
                <![CDATA[public void Chips_004_미디어_etc.미디어_12_팟빵.TC_0459_Chips_팟빵_컨트롤러_일시정지취소_확인(java.lang.reflect.Method) throws java.lang.Exception]]>
              </value>
            </param>
          </params>
          <reporter-output>
          </reporter-output>
        </test-method> <!-- BeforeMethod -->
        <test-method signature="TC_0459_Chips_팟빵_컨트롤러_일시정지취소_확인(java.lang.reflect.Method)[pri:0, instance:Chips_004_미디어_etc.미디어_12_팟빵@41488b16]" started-at="2021-11-30T01:34:31 KST" name="TC_0459_Chips_팟빵_컨트롤러_일시정지취소_확인" description="칩스 리그레이션 TC : 실행_0459" finished-at="2021-11-30T01:34:41 KST" duration-ms="9897" status="PASS">
          <params>
            <param index="0">
              <value>
                <![CDATA[public void Chips_004_미디어_etc.미디어_12_팟빵.TC_0459_Chips_팟빵_컨트롤러_일시정지취소_확인(java.lang.reflect.Method) throws java.lang.Exception]]>
              </value>
            </param>
          </params>
          <reporter-output>
          </reporter-output>
        </test-method> <!-- TC_0459_Chips_팟빵_컨트롤러_일시정지취소_확인 -->
        <test-method is-config="true" signature="AfterMethod(org.testng.ITestResult)[pri:0, instance:Chips_004_미디어_etc.미디어_12_팟빵@41488b16]" started-at="2021-11-30T01:34:41 KST" name="AfterMethod" finished-at="2021-11-30T01:34:41 KST" duration-ms="1" status="PASS">
          <params>
            <param index="0">
              <value>
                <![CDATA[[TestResult name=TC_0459_Chips_팟빵_컨트롤러_일시정지취소_확인 status=SUCCESS method=미디어_12_팟빵.TC_0459_Chips_팟빵_컨트롤러_일시정지취소_확인(java.lang.reflect.Method)[pri:0, instance:Chips_004_미디어_etc.미디어_12_팟빵@41488b16] output={null}]]]>
              </value>
            </param>
[...]
              </value>
            </param>
          </params>
          <reporter-output>
          </reporter-output>
        </test-method> <!-- AfterMethod -->
        <test-method is-config="true" signature="BeforeMethod(java.lang.reflect.Method)[pri:0, instance:Chips_004_미디어_etc.미디어_07_ASMR@2f01783a]" started-at="2021-11-30T01:28:14 KST" name="BeforeMethod" finished-at="2021-11-30T01:28:14 KST" duration-ms="1" status="PASS">
          <params>
            <param index="0">
              <value>
                <![CDATA[public void Chips_004_미디어_etc.미디어_07_ASMR.TC_0333_Chips_ASMR_셔플_확인(java.lang.reflect.Method) throws java.lang.Exception]]>
              </value>
            </param>
          </params>
          <reporter-output>
          </reporter-output>
        </test-method> <!-- BeforeMethod -->
        <test-method signature="TC_0333_Chips_ASMR_셔플_확인(java.lang.reflect.Method)[pri:0, instance:Chips_004_미디어_etc.미디어_07_ASMR@2f01783a]" started-at="2021-11-30T01:28:14 KST" name="TC_0333_Chips_ASMR_셔플_확인" description="칩스 리그레이션 TC : 실행_0333" finished-at="2021-11-30T01:28:23 KST" duration-ms="8457" status="PASS">
          <params>
            <param index="0">
              <value>
                <![CDATA[public void Chips_004_미디어_etc.미디어_07_ASMR.TC_0333_Chips_ASMR_셔플_확인(java.lang.reflect.Method) throws java.lang.Exception]]>
              </value>
            </param>
          </params>
          <reporter-output>
          </reporter-output>
        </test-method> <!-- TC_0333_Chips_ASMR_셔플_확인 -->
        <test-method is-config="true" signature="AfterMethod(org.testng.ITestResult)[pri:0, instance:Chips_004_미디어_etc.미디어_07_ASMR@2f01783a]" started-at="2021-11-30T01:28:23 KST" name="AfterMethod" finished-at="2021-11-30T01:28:23 KST" duration-ms="0" status="PASS">
          <params>
            <param index="0">
              <value>
                <![CDATA[[TestResult name=TC_0333_Chips_ASMR_셔플_확인 status=SUCCESS method=미디어_07_ASMR.TC_0333_Chips_ASMR_셔플_확인(java.lang.reflect.Method)[pri:0, instance:Chips_004_미디어_etc.미디어_07_ASMR@2f01783a] output={null}]]]>
              </value>
            </param>
          </params>
          <reporter-output>
          </reporter-output>
        </test-method> <!-- AfterMethod -->
        <test-method is-config="true" signature="BeforeMethod(java.lang.reflect.Method)[pri:0, instance:Chips_004_미디어_etc.미디어_07_ASMR@2f01783a]" started-at="2021-11-30T01:28:23 KST" name="BeforeMethod" finished-at="2021-11-30T01:28:23 KST" duration-ms="1" status="PASS">
          <params>
            <param index="0">
              <value>
                <![CDATA[public void Chips_004_미디어_etc.미디어_07_ASMR.TC_0334_Chips_ASMR_다음ASMR_확인(java.lang.reflect.Method) throws java.lang.Exception]]>
              </value>
            </param>
          </params>
          <reporter-output>
          </reporter-output>
        </test-method> <!-- BeforeMethod -->
        <test-method signature="TC_0334_Chips_ASMR_다음ASMR_확인(java.lang.reflect.Method)[pri:0, instance:Chips_004_미디어_etc.미디어_07_ASMR@2f01783a]" started-at="2021-11-30T01:28:23 KST" name="TC_0334_Chips_ASMR_다음ASMR_확인" description="칩스 리그레이션 TC : 실행_0334" finished-at="2021-11-30T01:28:40 KST" duration-ms="16949" status="PASS">
          <params>
            <param index="0">
              <value>
                <![CDATA[public void Chips_004_미디어_etc.미디어_07_ASMR.TC_0334_Chips_ASMR_다음ASMR_확인(java.lang.reflect.Method) throws java.lang.Exception]]>
              </value>
            </param>
          </params>
          <reporter-output>
          </reporter-output>
        </test-method> <!-- TC_0334_Chips_ASMR_다음ASMR_확인 -->
        <test-method is-config="true" signature="AfterMethod(org.testng.ITestResult)[pri:0, instance:Chips_004_미디어_etc.미디어_07_ASMR@2f01783a]" started-at="2021-11-30T01:28:40 KST" name="AfterMethod" finished-at="2021-11-30T01:28:40 KST" duration-ms="0" status="PASS">
          <params>
            <param index="0">
              <value>
                <![CDATA[[TestResult name=TC_0334_Chips_ASMR_다음ASMR_확인 status=SUCCESS method=미디어_07_ASMR.TC_0334_Chips_ASMR_다음ASMR_확인(java.lang.reflect.Method)[pri:0, instance:Chips_004_미디어_etc.미디어_07_ASMR@2f01783a] output={null}]]]>
              </value>
            </param>
          </params>
          <reporter-output>
          </reporter-output>
        </test-method> <!-- AfterMethod -->
        <test-method is-config="true" signature="BeforeMethod(java.lang.reflect.Method)[pri:0, instance:Chips_004_미디어_etc.미디어_07_ASMR@2f01783a]" started-at="2021-11-30T01:28:40 KST" name="BeforeMethod" finished-at="2021-11-30T01:28:40 KST" duration-ms="0" status="PASS">
          <params>
            <param index="0">
              <value>
                <![CDATA[public void Chips_004_미디어_etc.미디어_07_ASMR.TC_0335_Chips_ASMR_이전ASMR_확인(java.lang.reflect.Method) throws java.lang.Exception]]>
              </value>
            </param>
          </params>
          <reporter-output>
          </reporter-output>
        </test-method> <!-- BeforeMethod -->
        <test-method signature="TC_0335_Chips_ASMR_이전ASMR_확인(java.lang.reflect.Method)[pri:0, instance:Chips_004_미디어_etc.미디어_07_ASMR@2f01783a]" started-at="2021-11-30T01:28:40 KST" name="TC_0335_Chips_ASMR_이전ASMR_확인" description="칩스 리그레이션 TC : 실행_0335" finished-at="2021-11-30T01:28:55 KST" duration-ms="15434" status="PASS">
          <params>
            <param index="0">
              <value>
                <![CDATA[public void Chips_004_미디어_etc.미디어_07_ASMR.TC_0335_Chips_ASMR_이전ASMR_확인(java.lang.reflect.Method) throws java.lang.Exception]]>
              </value>
            </param>
          </params>
          <reporter-output>
          </reporter-output>
        </test-method> <!-- TC_0335_Chips_ASMR_이전ASMR_확인 -->
        <test-method is-config="true" signature="AfterMethod(org.testng.ITestResult)[pri:0, instance:Chips_004_미디어_etc.미디어_07_ASMR@2f01783a]" started-at="2021-11-30T01:28:55 KST" name="AfterMethod" finished-at="2021-11-30T01:28:55 KST" duration-ms="1" status="PASS">
          <params>
            <param index="0">
              <value>
                <![CDATA[[TestResult name=TC_0335_Chips_ASMR_이전ASMR_확인 status=SUCCESS method=미디어_07_ASMR.TC_0335_Chips_ASMR_이전ASMR_확인(java.lang.reflect.Method)[pri:0, instance:Chips_004_미디어_etc.미디어_07_ASMR@2f01783a] output={null}]]]>
              </value>
            </param>
          </params>
          <reporter-output>
          </reporter-output>
        </test-method> <!-- AfterMethod -->
        <test-method is-config="true" signature="BeforeMethod(java.lang.reflect.Method)[pri:0, instance:Chips_004_미디어_etc.미디어_07_ASMR@2f01783a]" started-at="2021-11-30T01:28:55 KST" name="BeforeMethod" finished-at="2021-11-30T01:28:55 KST" duration-ms="0" status="PASS">
          <params>
            <param index="0">
              <value>
                <![CDATA[public void Chips_004_미디어_etc.미디어_07_ASMR.TC_0336_Chips_ASMR_셔플해제_확인(java.lang.reflect.Method) throws java.lang.Exception]]>
              </value>
            </param>
          </params>
          <reporter-output>
          </reporter-output>
        </test-method> <!-- BeforeMethod -->
        <test-method signature="TC_0336_Chips_ASMR_셔플해제_확인(java.lang.reflect.Method)[pri:0, instance:Chips_004_미디어_etc.미디어_07_ASMR@2f01783a]" started-at="2021-11-30T01:28:55 KST" name="TC_0336_Chips_ASMR_셔플해제_확인" description="칩스 리그레이션 TC : 실행_0336" finished-at="2021-11-30T01:29:13 KST" duration-ms="17560" status="PASS">
          <params>
            <param index="0">
              <value>
                <![CDATA[public void Chips_004_미디어_etc.미디어_07_ASMR.TC_0336_Chips_ASMR_셔플해제_확인(java.lang.reflect.Method) throws java.lang.Exception]]>
              </value>
            </param>
          </params>
          <reporter-output>
          </reporter-output>
        </test-method> <!-- TC_0336_Chips_ASMR_셔플해제_확인 -->
        <test-method signature="TC_0337_Chips_ASMR_다음ASMR_확인(java.lang.reflect.Method)[pri:0, instance:Chips_004_미디어_etc.미디어_07_ASMR@2f01783a]" started-at="2021-11-30T01:29:13 KST" name="TC_0337_Chips_ASMR_다음ASMR_확인" description="칩스 리그레이션 TC : 실행_0337" finished-at="2021-11-30T01:29:24 KST" duration-ms="11615" status="PASS">
          <params>
            <param index="0">
              <value>
                <![CDATA[public void Chips_004_미디어_etc.미디어_07_ASMR.TC_0337_Chips_ASMR_다음ASMR_확인(java.lang.reflect.Method) throws java.lang.Exception]]>
              </value>
            </param>
          </params>
          <reporter-output>
          </reporter-output>
        </test-method> <!-- TC_0337_Chips_ASMR_다음ASMR_확인 -->
        <test-method is-config="true" signature="BeforeMethod(java.lang.reflect.Method)[pri:0, instance:Chips_004_미디어_etc.미디어_07_ASMR@2f01783a]" started-at="2021-11-30T01:29:13 KST" name="BeforeMethod" finished-at="2021-11-30T01:29:13 KST" duration-ms="0" status="PASS">
          <params>
            <param index="0">
              <value>
                <![CDATA[public void Chips_004_미디어_etc.미디어_07_ASMR.TC_0337_Chips_ASMR_다음ASMR_확인(java.lang.reflect.Method) throws java.lang.Exception]]>
              </value>
            </param>
          </params>
          <reporter-output>
          </reporter-output>
        </test-method> <!-- BeforeMethod -->
        <test-method is-config="true" signature="AfterMethod(org.testng.ITestResult)[pri:0, instance:Chips_004_미디어_etc.미디어_07_ASMR@2f01783a]" started-at="2021-11-30T01:29:13 KST" name="AfterMethod" finished-at="2021-11-30T01:29:13 KST" duration-ms="0" status="PASS">
          <params>
            <param index="0">
              <value>
                <![CDATA[[TestResult name=TC_0336_Chips_ASMR_셔플해제_확인 status=SUCCESS method=미디어_07_ASMR.TC_0336_Chips_ASMR_셔플해제_확인(java.lang.reflect.Method)[pri:0, instance:Chips_004_미디어_etc.미디어_07_ASMR@2f01783a] output={null}]]]>
              </value>
            </param>
          </params>
          <reporter-output>
          </reporter-output>
        </test-method> <!-- AfterMethod -->
        <test-method is-config="true" signature="AfterMethod(org.testng.ITestResult)[pri:0, instance:Chips_004_미디어_etc.미디어_07_ASMR@2f01783a]" started-at="2021-11-30T01:29:24 KST" name="AfterMethod" finished-at="2021-11-30T01:29:24 KST" duration-ms="1" status="PASS">
          <params>
            <param index="0">
              <value>
                <![CDATA[[TestResult name=TC_0337_Chips_ASMR_다음ASMR_확인 status=SUCCESS method=미디어_07_ASMR.TC_0337_Chips_ASMR_다음ASMR_확인(java.lang.reflect.Method)[pri:0, instance:Chips_004_미디어_etc.미디어_07_ASMR@2f01783a] output={null}]]]>
              </value>
            </param>
          </params>
          <reporter-output>
          </reporter-output>
        </test-method> <!-- AfterMethod -->
        <test-method is-config="true" signature="BeforeMethod(java.lang.reflect.Method)[pri:0, instance:Chips_004_미디어_etc.미디어_07_ASMR@2f01783a]" started-at="2021-11-30T01:29:24 KST" name="BeforeMethod" finished-at="2021-11-30T01:29:24 KST" duration-ms="0" status="PASS">
          <params>
            <param index="0">
              <value>
                <![CDATA[public void Chips_004_미디어_etc.미디어_07_ASMR.TC_0338_Chips_ASMR_20초뒤로_확인(java.lang.reflect.Method) throws java.lang.Exception]]>
              </value>
            </param>
          </params>
          <reporter-output>
          </reporter-output>
        </test-method> <!-- BeforeMethod -->
        <test-method signature="TC_0338_Chips_ASMR_20초뒤로_확인(java.lang.reflect.Method)[pri:0, instance:Chips_004_미디어_etc.미디어_07_ASMR@2f01783a]" started-at="2021-11-30T01:29:24 KST" name="TC_0338_Chips_ASMR_20초뒤로_확인" description="칩스 리그레이션 TC : 실행_0312" finished-at="2021-11-30T01:29:30 KST" duration-ms="5141" status="PASS">
          <params>
            <param index="0">
              <value>
                <![CDATA[public void Chips_004_미디어_etc.미디어_07_ASMR.TC_0338_Chips_ASMR_20초뒤로_확인(java.lang.reflect.Method) throws java.lang.Exception]]>
              </value>
            </param>
          </params>
          <reporter-output>
          </reporter-output>
        </test-method> <!-- TC_0338_Chips_ASMR_20초뒤로_확인 -->
        <test-method is-config="true" signature="AfterMethod(org.testng.ITestResult)[pri:0, instance:Chips_004_미디어_etc.미디어_07_ASMR@2f01783a]" started-at="2021-11-30T01:29:30 KST" name="AfterMethod" finished-at="2021-11-30T01:29:30 KST" duration-ms="0" status="PASS">
          <params>
            <param index="0">
              <value>
                <![CDATA[[TestResult name=TC_0338_Chips_ASMR_20초뒤로_확인 status=SUCCESS method=미디어_07_ASMR.TC_0338_Chips_ASMR_20초뒤로_확인(java.lang.reflect.Method)[pri:0, instance:Chips_004_미디어_etc.미디어_07_ASMR@2f01783a] output={null}]]]>
              </value>
            </param>
          </params>
          <reporter-output>
          </reporter-output>
        </test-method> <!-- AfterMethod -->
        <test-method is-config="true" signature="BeforeMethod(java.lang.reflect.Method)[pri:0, instance:Chips_004_미디어_etc.미디어_07_ASMR@2f01783a]" started-at="2021-11-30T01:29:30 KST" name="BeforeMethod" finished-at="2021-11-30T01:29:30 KST" duration-ms="0" status="PASS">
          <params>
            <param index="0">
              <value>
                <![CDATA[public void Chips_004_미디어_etc.미디어_07_ASMR.TC_0339_Chips_ASMR_15초앞으로_확인(java.lang.reflect.Method) throws java.lang.Exception]]>
              </value>
            </param>
          </params>
          <reporter-output>
          </reporter-output>
        </test-method> <!-- BeforeMethod -->
        <test-method signature="TC_0339_Chips_ASMR_15초앞으로_확인(java.lang.reflect.Method)[pri:0, instance:Chips_004_미디어_etc.미디어_07_ASMR@2f01783a]" started-at="2021-11-30T01:29:30 KST" name="TC_0339_Chips_ASMR_15초앞으로_확인" description="칩스 리그레이션 TC : 실행_0313" finished-at="2021-11-30T01:29:35 KST" duration-ms="5095" status="PASS">
          <params>
            <param index="0">
              <value>
                <![CDATA[public void Chips_004_미디어_etc.미디어_07_ASMR.TC_0339_Chips_ASMR_15초앞으로_확인(java.lang.reflect.Method) throws java.lang.Exception]]>
              </value>
            </param>
          </params>
          <reporter-output>
          </reporter-output>
        </test-method> <!-- TC_0339_Chips_ASMR_15초앞으로_확인 -->
        <test-method is-config="true" signature="BeforeMethod(java.lang.reflect.Method)[pri:0, instance:Chips_004_미디어_etc.미디어_07_ASMR@2f01783a]" started-at="2021-11-30T01:29:35 KST" name="BeforeMethod" finished-at="2021-11-30T01:29:35 KST" duration-ms="1" status="PASS">
          <params>
            <param index="0">
              <value>
                <![CDATA[public void Chips_004_미디어_etc.미디어_07_ASMR.TC_0340_Chips_ASMR_종료_확인(java.lang.reflect.Method) throws java.lang.Exception]]>
              </value>
            </param>
          </params>
          <reporter-output>
          </reporter-output>
        </test-method> <!-- BeforeMethod -->
        <test-method is-config="true" signature="AfterMethod(org.testng.ITestResult)[pri:0, instance:Chips_004_미디어_etc.미디어_07_ASMR@2f01783a]" started-at="2021-11-30T01:29:35 KST" name="AfterMethod" finished-at="2021-11-30T01:29:35 KST" duration-ms="0" status="PASS">
          <params>
            <param index="0">
              <value>
                <![CDATA[[TestResult name=TC_0339_Chips_ASMR_15초앞으로_확인 status=SUCCESS method=미디어_07_ASMR.TC_0339_Chips_ASMR_15초앞으로_확인(java.lang.reflect.Method)[pri:0, instance:Chips_004_미디어_etc.미디어_07_ASMR@2f01783a] output={null}]]]>
              </value>
            </param>
          </params>
          <reporter-output>
          </reporter-output>
        </test-method> <!-- AfterMethod -->
        <test-method signature="TC_0340_Chips_ASMR_종료_확인(java.lang.reflect.Method)[pri:0, instance:Chips_004_미디어_etc.미디어_07_ASMR@2f01783a]" started-at="2021-11-30T01:29:35 KST" name="TC_0340_Chips_ASMR_종료_확인" description="칩스 리그레이션 TC : 실행_0340" finished-at="2021-11-30T01:29:43 KST" duration-ms="8287" status="PASS">
          <params>
            <param index="0">
              <value>
                <![CDATA[public void Chips_004_미디어_etc.미디어_07_ASMR.TC_0340_Chips_ASMR_종료_확인(java.lang.reflect.Method) throws java.lang.Exception]]>
              </value>
            </param>
          </params>
          <reporter-output>
          </reporter-output>
        </test-method> <!-- TC_0340_Chips_ASMR_종료_확인 -->
        <test-method is-config="true" signature="AfterMethod(org.testng.ITestResult)[pri:0, instance:Chips_004_미디어_etc.미디어_07_ASMR@2f01783a]" started-at="2021-11-30T01:29:43 KST" name="AfterMethod" finished-at="2021-11-30T01:29:43 KST" duration-ms="0" status="PASS">
          <params>
            <param index="0">
              <value>
                <![CDATA[[TestResult name=TC_0340_Chips_ASMR_종료_확인 status=SUCCESS method=미디어_07_ASMR.TC_0340_Chips_ASMR_종료_확인(java.lang.reflect.Method)[pri:0, instance:Chips_004_미디어_etc.미디어_07_ASMR@2f01783a] output={null}]]]>
              </value>
            </param>
          </params>
          <reporter-output>
          </reporter-output>
        </test-method> <!-- AfterMethod -->
        <test-method is-config="true" signature="tearDownClass(java.lang.String,java.lang.String,java.lang.String,java.lang.String,java.lang.String,java.lang.String,java.lang.String,java.lang.String,java.lang.String,java.lang.String,java.lang.String,java.lang.String)[pri:0, instance:Chips_004_미디어_etc.미디어_07_ASMR@2f01783a]" started-at="2021-11-30T01:29:43 KST" name="tearDownClass" finished-at="2021-11-30T01:29:47 KST" duration-ms="4243" status="PASS">
          <params>
            <param index="0">
              <value>
                <![CDATA[STG]]>
              </value>
            </param>
            <param index="1">
              <value>
                <![CDATA[Chips]]>
              </value>
            </param>
            <param index="2">
              <value>
                <![CDATA[out]]>
              </value>
            </param>
            <param index="3">
              <value>
                <![CDATA[R33M4000CY]]>
              </value>
            </param>
            <param index="4">
              <value>
                <![CDATA[ALDF3NYA6C0D0C654DD2]]>
              </value>
            </param>
            <param index="5">
              <value>
                <![CDATA[ALDF5TR5SNGZ8175DA16]]>
              </value>
            </param>
            <param index="6">
              <value>
                <![CDATA[ALDFH3D1Q7W6071EFE41]]>
              </value>
            </param>
            <param index="7">
              <value>
                <![CDATA[ALDFH6OQ9HG79986A4FA]]>
              </value>
            </param>
            <param index="8">
              <value>
                <![CDATA[ALDFHFMQC3RB935B4B02]]>
              </value>
            </param>
            <param index="9">
              <value>
                <![CDATA[ALDFHFMSG34WDF6CD40E]]>
              </value>
            </param>
            <param index="10">
              <value>
                <![CDATA[ALDFHDFEBVOC7F098039]]>
              </value>
            </param>
            <param index="11">
              <value>
                <![CDATA[ALDG3Q4IA9EW3633F8EA]]>
              </value>
            </param>
          </params>
          <reporter-output>
          </reporter-output>
        </test-method> <!-- tearDownClass -->
      </class> <!-- Chips_004_미디어_etc.미디어_07_ASMR -->
    </test> <!-- Test_Project -->
  </suite> <!-- ExtentReport -->
</testng-results>
