<?xml version="1.0" encoding="UTF-8"?>
<testng-results ignored="0" total="17" passed="17" failed="0" skipped="0">
  <reporter-output>
  </reporter-output>
  <suite started-at="2021-11-24T00:04:27 KST" name="ExtentReport" finished-at="2021-11-24T00:16:28 KST" duration-ms="720840">
    <groups>
    </groups>
    <test started-at="2021-11-24T00:04:27 KST" name="Test_Project" finished-at="2021-11-24T00:16:28 KST" duration-ms="720840">
      <class name="Chips_004_생활정보.생활정보_03_날씨_일기예보">
        <test-method is-config="true" signature="setupClass(java.lang.String,java.lang.String,java.lang.String,java.lang.String,java.lang.String,java.lang.String,java.lang.String,java.lang.String,java.lang.String,java.lang.String,java.lang.String,java.lang.String,java.lang.String,java.lang.String,java.lang.String)[pri:0, instance:Chips_004_생활정보.생활정보_03_날씨_일기예보@21be3395]" started-at="2021-11-24T00:04:27 KST" name="setupClass" finished-at="2021-11-24T00:04:39 KST" duration-ms="12603" status="PASS">
          <params>
            <param index="0">
              <value>
                <![CDATA[Android]]>
              </value>
            </param>
            <param index="1">
              <value>
                <![CDATA[Chips]]>
              </value>
            </param>
            <param index="2">
              <value>
                <![CDATA[http://0.0.0.0:4723/wd/hub]]>
              </value>
            </param>
            <param index="3">
              <value>
                <![CDATA[STG]]>
              </value>
            </param>
            <param index="4">
              <value>
                <![CDATA[Chips]]>
              </value>
            </param>
            <param index="5">
              <value>
                <![CDATA[out]]>
              </value>
            </param>
            <param index="6">
              <value>
                <![CDATA[R33M4000CY]]>
              </value>
            </param>
            <param index="7">
              <value>
                <![CDATA[ALDF3NYA6C0D0C654DD2]]>
              </value>
            </param>
            <param index="8">
              <value>
                <![CDATA[ALDF5TR5SNGZ8175DA16]]>
              </value>
            </param>
            <param index="9">
              <value>
                <![CDATA[ALDFH3D1Q7W6071EFE41]]>
              </value>
            </param>
            <param index="10">
              <value>
                <![CDATA[ALDFH6OQ9HG79986A4FA]]>
              </value>
            </param>
            <param index="11">
              <value>
                <![CDATA[ALDFHFMQC3RB935B4B02]]>
              </value>
            </param>
            <param index="12">
              <value>
                <![CDATA[ALDFHFMSG34WDF6CD40E]]>
              </value>
            </param>
            <param index="13">
              <value>
                <![CDATA[ALDFHDFEBVOC7F098039]]>
              </value>
            </param>
            <param index="14">
              <value>
                <![CDATA[ALDG3Q4IA9EW3633F8EA]]>
              </value>
            </param>
          </params>
          <reporter-output>
          </reporter-output>
        </test-method> <!-- setupClass -->
        <test-method is-config="true" signature="BeforeMethod(java.lang.reflect.Method)[pri:0, instance:Chips_004_생활정보.생활정보_03_날씨_일기예보@21be3395]" started-at="2021-11-24T00:04:39 KST" name="BeforeMethod" finished-at="2021-11-24T00:04:39 KST" duration-ms="8" status="PASS">
          <params>
            <param index="0">
              <value>
                <![CDATA[public void Chips_004_생활정보.생활정보_03_날씨_일기예보.TC_0000_앱실행과AccessToken얻기(java.lang.reflect.Method) throws java.lang.Exception]]>
              </value>
            </param>
          </params>
          <reporter-output>
          </reporter-output>
        </test-method> <!-- BeforeMethod -->
        <test-method signature="TC_0000_앱실행과AccessToken얻기(java.lang.reflect.Method)[pri:0, instance:Chips_004_생활정보.생활정보_03_날씨_일기예보@21be3395]" started-at="2021-11-24T00:04:39 KST" name="TC_0000_앱실행과AccessToken얻기" description="칩스 리그레이션 TC : 실행_0000" finished-at="2021-11-24T00:05:42 KST" duration-ms="62325" status="PASS">
          <params>
            <param index="0">
              <value>
                <![CDATA[public void Chips_004_생활정보.생활정보_03_날씨_일기예보.TC_0000_앱실행과AccessToken얻기(java.lang.reflect.Method) throws java.lang.Exception]]>
              </value>
            </param>
          </params>
          <reporter-output>
          </reporter-output>
        </test-method> <!-- TC_0000_앱실행과AccessToken얻기 -->
        <test-method is-config="true" signature="AfterMethod(org.testng.ITestResult)[pri:0, instance:Chips_004_생활정보.생활정보_03_날씨_일기예보@21be3395]" started-at="2021-11-24T00:05:42 KST" name="AfterMethod" finished-at="2021-11-24T00:05:42 KST" duration-ms="13" status="PASS">
          <params>
            <param index="0">
              <value>
                <![CDATA[[TestResult name=TC_0000_앱실행과AccessToken얻기 status=SUCCESS method=생활정보_03_날씨_일기예보.TC_0000_앱실행과AccessToken얻기(java.lang.reflect.Method)[pri:0, instance:Chips_004_생활정보.생활정보_03_날씨_일기예보@21be3395] output={null}]]]>
              </value>
            </param>
          </params>
          <reporter-output>
          </reporter-output>
        </test-method> <!-- AfterMethod -->
        <test-method is-config="true" signature="BeforeMethod(java.lang.reflect.Method)[pri:0, instance:Chips_004_생활정보.생활정보_03_날씨_일기예보@21be3395]" started-at="2021-11-24T00:05:42 KST" name="BeforeMethod" finished-at="2021-11-24T00:05:42 KST" duration-ms="1" status="PASS">
          <params>
            <param index="0">
              <value>
                <![CDATA[public void Chips_004_생활정보.생활정보_03_날씨_일기예보.TC_0722_Chips_날씨_오늘날씨_확인(java.lang.reflect.Method) throws java.lang.Exception]]>
              </value>
            </param>
          </params>
          <reporter-output>
          </reporter-output>
        </test-method> <!-- BeforeMethod -->
        <test-method signature="TC_0722_Chips_날씨_오늘날씨_확인(java.lang.reflect.Method)[pri:0, instance:Chips_004_생활정보.생활정보_03_날씨_일기예보@21be3395]" started-at="2021-11-24T00:05:42 KST" name="TC_0722_Chips_날씨_오늘날씨_확인" description="칩스 리그레이션 TC : 실행_0722" finished-at="2021-11-24T00:06:22 KST" duration-ms="40571" status="PASS">
          <params>
            <param index="0">
              <value>
                <![CDATA[public void Chips_004_생활정보.생활정보_03_날씨_일기예보.TC_0722_Chips_날씨_오늘날씨_확인(java.lang.reflect.Method) throws java.lang.Exception]]>
              </value>
            </param>
          </params>
          <reporter-output>
          </reporter-output>
        </test-method> <!-- TC_0722_Chips_날씨_오늘날씨_확인 -->
        <test-method is-config="true" signature="AfterMethod(org.testng.ITestResult)[pri:0, instance:Chips_004_생활정보.생활정보_03_날씨_일기예보@21be3395]" started-at="2021-11-24T00:06:22 KST" name="AfterMethod" finished-at="2021-11-24T00:06:24 KST" duration-ms="1558" status="PASS">
          <params>
            <param index="0">
              <value>
                <![CDATA[[TestResult name=TC_0722_Chips_날씨_오늘날씨_확인 status=SUCCESS method=생활정보_03_날씨_일기예보.TC_0722_Chips_날씨_오늘날씨_확인(java.lang.reflect.Method)[pri:0, instance:Chips_004_생활정보.생활정보_03_날씨_일기예보@21be3395] output={null}]]]>
              </value>
            </param>
          </params>
          <reporter-output>
          </reporter-output>
        </test-method> <!-- AfterMethod -->
        <test-method signature="TC_0723_Chips_날씨_오늘날씨_확인(java.lang.reflect.Method)[pri:0, instance:Chips_004_생활정보.생활정보_03_날씨_일기예보@21be3395]" started-at="2021-11-24T00:06:24 KST" name="TC_0723_Chips_날씨_오늘날씨_확인" description="칩스 리그레이션 TC : 실행_0723" finished-at="2021-11-24T00:06:50 KST" duration-ms="26196" status="PASS">
          <params>
            <param index="0">
              <value>
                <![CDATA[public void Chips_004_생활정보.생활정보_03_날씨_일기예보.TC_0723_Chips_날씨_오늘날씨_확인(java.lang.reflect.Method) throws java.lang.Exception]]>
              </value>
            </param>
          </params>
          <reporter-output>
          </reporter-output>
        </test-method> <!-- TC_0723_Chips_날씨_오늘날씨_확인 -->
        <test-method is-config="true" signature="BeforeMethod(java.lang.reflect.Method)[pri:0, instance:Chips_004_생활정보.생활정보_03_날씨_일기예보@21be3395]" started-at="2021-11-24T00:06:24 KST" name="BeforeMethod" finished-at="2021-11-24T00:06:24 KST" duration-ms="0" status="PASS">
          <params>
            <param index="0">
              <value>
                <![CDATA[public void Chips_004_생활정보.생활정보_03_날씨_일기예보.TC_0723_Chips_날씨_오늘날씨_확인(java.lang.reflect.Method) throws java.lang.Exception]]>
              </value>
            </param>
          </params>
          <reporter-output>
          </reporter-output>
        </test-method> <!-- BeforeMethod -->
        <test-method is-config="true" signature="AfterMethod(org.testng.ITestResult)[pri:0, instance:Chips_004_생활정보.생활정보_03_날씨_일기예보@21be3395]" started-at="2021-11-24T00:06:50 KST" name="AfterMethod" finished-at="2021-11-24T00:06:52 KST" duration-ms="1519" status="PASS">
          <params>
            <param index="0">
              <value>
                <![CDATA[[TestResult name=TC_0723_Chips_날씨_오늘날씨_확인 status=SUCCESS method=생활정보_03_날씨_일기예보.TC_0723_Chips_날씨_오늘날씨_확인(java.lang.reflect.Method)[pri:0, instance:Chips_004_생활정보.생활정보_03_날씨_일기예보@21be3395] output={null}]]]>
              </value>
            </param>
          </params>
          <reporter-output>
          </reporter-output>
        </test-method> <!-- AfterMethod -->
        <test-method is-config="true" signature="BeforeMethod(java.lang.reflect.Method)[pri:0, instance:Chips_004_생활정보.생활정보_03_날씨_일기예보@21be3395]" started-at="2021-11-24T00:06:52 KST" name="BeforeMethod" finished-at="2021-11-24T00:06:52 KST" duration-ms="0" status="PASS">
          <params>
            <param index="0">
              <value>
                <![CDATA[public void Chips_004_생활정보.생활정보_03_날씨_일기예보.TC_0724_Chips_날씨_내일날씨_확인(java.lang.reflect.Method) throws java.lang.Exception]]>
              </value>
            </param>
          </params>
          <reporter-output>
          </reporter-output>
        </test-method> <!-- BeforeMethod -->
        <test-method signature="TC_0724_Chips_날씨_내일날씨_확인(java.lang.reflect.Method)[pri:0, instance:Chips_004_생활정보.생활정보_03_날씨_일기예보@21be3395]" started-at="2021-11-24T00:06:52 KST" name="TC_0724_Chips_날씨_내일날씨_확인" description="칩스 리그레이션 TC : 실행_0724" finished-at="2021-11-24T00:07:18 KST" duration-ms="26091" status="PASS">
          <params>
            <param index="0">
              <value>
                <![CDATA[public void Chips_004_생활정보.생활정보_03_날씨_일기예보.TC_0724_Chips_날씨_내일날씨_확인(java.lang.reflect.Method) throws java.lang.Exception]]>
              </value>
            </param>
          </params>
          <reporter-output>
          </reporter-output>
        </test-method> <!-- TC_0724_Chips_날씨_내일날씨_확인 -->
        <test-method is-config="true" signature="AfterMethod(org.testng.ITestResult)[pri:0, instance:Chips_004_생활정보.생활정보_03_날씨_일기예보@21be3395]" started-at="2021-11-24T00:07:18 KST" name="AfterMethod" finished-at="2021-11-24T00:07:19 KST" duration-ms="1573" status="PASS">
          <params>
            <param index="0">
              <value>
                <![CDATA[[TestResult name=TC_0724_Chips_날씨_내일날씨_확인 status=SUCCESS method=생활정보_03_날씨_일기예보.TC_0724_Chips_날씨_내일날씨_확인(java.lang.reflect.Method)[pri:0, instance:Chips_004_생활정보.생활정보_03_날씨_일기예보@21be3395] output={null}]]]>
              </value>
            </param>
          </params>
          <reporter-output>
          </reporter-output>
        </test-method> <!-- AfterMethod -->
        <test-method signature="TC_0725_Chips_날씨_내일날씨_확인(java.lang.reflect.Method)[pri:0, instance:Chips_004_생활정보.생활정보_03_날씨_일기예보@21be3395]" started-at="2021-11-24T00:07:19 KST" name="TC_0725_Chips_날씨_내일날씨_확인" description="칩스 리그레이션 TC : 실행_0725" finished-at="2021-11-24T00:07:45 KST" duration-ms="25973" status="PASS">
          <params>
            <param index="0">
              <value>
                <![CDATA[public void Chips_004_생활정보.생활정보_03_날씨_일기예보.TC_0725_Chips_날씨_내일날씨_확인(java.lang.reflect.Method) throws java.lang.Exception]]>
              </value>
            </param>
          </params>
          <reporter-output>
          </reporter-output>
        </test-method> <!-- TC_0725_Chips_날씨_내일날씨_확인 -->
        <test-method is-config="true" signature="BeforeMethod(java.lang.reflect.Method)[pri:0, instance:Chips_004_생활정보.생활정보_03_날씨_일기예보@21be3395]" started-at="2021-11-24T00:07:19 KST" name="BeforeMethod" finished-at="2021-11-24T00:07:19 KST" duration-ms="0" status="PASS">
          <params>
            <param index="0">
              <value>
                <![CDATA[public void Chips_004_생활정보.생활정보_03_날씨_일기예보.TC_0725_Chips_날씨_내일날씨_확인(java.lang.reflect.Method) throws java.lang.Exception]]>
              </value>
            </param>
          </params>
          <reporter-output>
          </reporter-output>
        </test-method> <!-- BeforeMethod -->
        <test-method is-config="true" signature="AfterMethod(org.testng.ITestResult)[pri:0, instance:Chips_004_생활정보.생활정보_03_날씨_일기예보@21be3395]" started-at="2021-11-24T00:07:45 KST" name="AfterMethod" finished-at="2021-11-24T00:07:47 KST" duration-ms="1545" status="PASS">
          <params>
            <param index="0">
              <value>
                <![CDATA[[TestResult name=TC_0725_Chips_날씨_내일날씨_확인 status=SUCCESS method=생활정보_03_날씨_일기예보.TC_0725_Chips_날씨_내일날씨_확인(java.lang.reflect.Method)[pri:0, instance:Chips_004_생활정보.생활정보_03_날씨_일기예보@21be3395] output={null}]]]>
              </value>
            </param>
          </params>
          <reporter-output>
          </reporter-output>
        </test-method> <!-- AfterMethod -->
        <test-method is-config="true" signature="BeforeMethod(java.lang.reflect.Method)[pri:0, instance:Chips_004_생활정보.생활정보_03_날씨_일기예보@21be3395]" started-at="2021-11-24T00:07:47 KST" name="BeforeMethod" finished-at="2021-11-24T00:07:47 KST" duration-ms="1" status="PASS">
          <params>
            <param index="0">
              <value>
                <![CDATA[public void Chips_004_생활정보.생활정보_03_날씨_일기예보.TC_0726_Chips_날씨_모레날씨_확인(java.lang.reflect.Method) throws java.lang.Exception]]>
              </value>
            </param>
          </params>
          <reporter-output>
          </reporter-output>
        </test-method> <!-- BeforeMethod -->
        <test-method signature="TC_0726_Chips_날씨_모레날씨_확인(java.lang.reflect.Method)[pri:0, instance:Chips_004_생활정보.생활정보_03_날씨_일기예보@21be3395]" started-at="2021-11-24T00:07:47 KST" name="TC_0726_Chips_날씨_모레날씨_확인" description="칩스 리그레이션 TC : 실행_0725" finished-at="2021-11-24T00:08:14 KST" duration-ms="26856" status="PASS">
          <params>
            <param index="0">
              <value>
                <![CDATA[public void Chips_004_생활정보.생활정보_03_날씨_일기예보.TC_0726_Chips_날씨_모레날씨_확인(java.lang.reflect.Method) throws java.lang.Exception]]>
              </value>
            </param>
          </params>
          <reporter-output>
          </reporter-output>
        </test-method> <!-- TC_0726_Chips_날씨_모레날씨_확인 -->
        <test-method is-config="true" signature="AfterMethod(org.testng.ITestResult)[pri:0, instance:Chips_004_생활정보.생활정보_03_날씨_일기예보@21be3395]" started-at="2021-11-24T00:08:14 KST" name="AfterMethod" finished-at="2021-11-24T00:08:15 KST" duration-ms="1488" status="PASS">
          <params>
            <param index="0">
              <value>
                <![CDATA[[TestResult name=TC_0726_Chips_날씨_모레날씨_확인 status=SUCCESS method=생활정보_03_날씨_일기예보.TC_0726_Chips_날씨_모레날씨_확인(java.lang.reflect.Method)[pri:0, instance:Chips_004_생활정보.생활정보_03_날씨_일기예보@21be3395] output={null}]]]>
              </value>
            </param>
          </params>
          <reporter-output>
          </reporter-output>
        </test-method> <!-- AfterMethod -->
        <test-method signature="TC_0727_Chips_날씨_이번주날씨_확인(java.lang.reflect.Method)[pri:0, instance:Chips_004_생활정보.생활정보_03_날씨_일기예보@21be3395]" started-at="2021-11-24T00:08:15 KST" name="TC_0727_Chips_날씨_이번주날씨_확인" description="칩스 리그레이션 TC : 실행_0727" finished-at="2021-11-24T00:09:04 KST" duration-ms="49266" status="PASS">
          <params>
            <param index="0">
              <value>
                <![CDATA[public void Chips_004_생활정보.생활정보_03_날씨_일기예보.TC_0727_Chips_날씨_이번주날씨_확인(java.lang.reflect.Method) throws java.lang.Exception]]>
              </value>
            </param>
          </params>
          <reporter-output>
          </reporter-output>
        </test-method> <!-- TC_0727_Chips_날씨_이번주날씨_확인 -->
        <test-method is-config="true" signature="BeforeMethod(java.lang.reflect.Method)[pri:0, instance:Chips_004_생활정보.생활정보_03_날씨_일기예보@21be3395]" started-at="2021-11-24T00:08:15 KST" name="BeforeMethod" finished-at="2021-11-24T00:08:15 KST" duration-ms="0" status="PASS">
          <params>
            <param index="0">
              <value>
                <![CDATA[public void Chips_004_생활정보.생활정보_03_날씨_일기예보.TC_0727_Chips_날씨_이번주날씨_확인(java.lang.reflect.Method) throws java.lang.Exception]]>
              </value>
            </param>
          </params>
          <reporter-output>
          </reporter-output>
        </test-method> <!-- BeforeMethod -->
        <test-method is-config="true" signature="AfterMethod(org.testng.ITestResult)[pri:0, instance:Chips_004_생활정보.생활정보_03_날씨_일기예보@21be3395]" started-at="2021-11-24T00:09:04 KST" name="AfterMethod" finished-at="2021-11-24T00:09:06 KST" duration-ms="1535" status="PASS">
          <params>
            <param index="0">
              <value>
                <![CDATA[[TestResult name=TC_0727_Chips_날씨_이번주날씨_확인 status=SUCCESS method=생활정보_03_날씨_일기예보.TC_0727_Chips_날씨_이번주날씨_확인(java.lang.reflect.Method)[pri:0, instance:Chips_004_생활정보.생활정보_03_날씨_일기예보@21be3395] output={null}]]]>
              </value>
            </param>
          </params>
          <reporter-output>
          </reporter-output>
        </test-method> <!-- AfterMethod -->
        <test-method signature="TC_0728_Chips_날씨_다음주날씨_확인(java.lang.reflect.Method)[pri:0, instance:Chips_004_생활정보.생활정보_03_날씨_일기예보@21be3395]" started-at="2021-11-24T00:09:06 KST" name="TC_0728_Chips_날씨_다음주날씨_확인" description="칩스 리그레이션 TC : 실행_0728" finished-at="2021-11-24T00:09:48 KST" duration-ms="41613" status="PASS">
          <params>
            <param index="0">
              <value>
                <![CDATA[public void Chips_004_생활정보.생활정보_03_날씨_일기예보.TC_0728_Chips_날씨_다음주날씨_확인(java.lang.reflect.Method) throws java.lang.Exception]]>
              </value>
            </param>
          </params>
          <reporter-output>
          </reporter-output>
        </test-method> <!-- TC_0728_Chips_날씨_다음주날씨_확인 -->
        <test-method is-config="true" signature="BeforeMethod(java.lang.reflect.Method)[pri:0, instance:Chips_004_생활정보.생활정보_03_날씨_일기예보@21be3395]" started-at="2021-11-24T00:09:06 KST" name="BeforeMethod" finished-at="2021-11-24T00:09:06 KST" duration-ms="0" status="PASS">
          <params>
            <param index="0">
              <value>
                <![CDATA[public void Chips_004_생활정보.생활정보_03_날씨_일기예보.TC_0728_Chips_날씨_다음주날씨_확인(java.lang.reflect.Method) throws java.lang.Exception]]>
              </value>
            </param>
          </params>
          <reporter-output>
          </reporter-output>
        </test-method> <!-- BeforeMethod -->
        <test-method is-config="true" signature="AfterMethod(org.testng.ITestResult)[pri:0, instance:Chips_004_생활정보.생활정보_03_날씨_일기예보@21be3395]" started-at="2021-11-24T00:09:48 KST" name="AfterMethod" finished-at="2021-11-24T00:09:49 KST" duration-ms="1683" status="PASS">
          <params>
            <param index="0">
              <value>
                <![CDATA[[TestResult name=TC_0728_Chips_날씨_다음주날씨_확인 status=SUCCESS method=생활정보_03_날씨_일기예보.TC_0728_Chips_날씨_다음주날씨_확인(java.lang.reflect.Method)[pri:0, instance:Chips_004_생활정보.생활정보_03_날씨_일기예보@21be3395] output={null}]]]>
              </value>
            </param>
          </params>
          <reporter-output>
          </reporter-output>
        </test-method> <!-- AfterMethod -->
        <test-method is-config="true" signature="BeforeMethod(java.lang.reflect.Method)[pri:0, instance:Chips_004_생활정보.생활정보_03_날씨_일기예보@21be3395]" started-at="2021-11-24T00:09:49 KST" name="BeforeMethod" finished-at="2021-11-24T00:09:49 KST" duration-ms="0" status="PASS">
          <params>
            <param index="0">
              <value>
                <![CDATA[public void Chips_004_생활정보.생활정보_03_날씨_일기예보.TC_0729_Chips_날씨_이번주주말날씨_확인(java.lang.reflect.Method) throws java.lang.Exception]]>
              </value>
            </param>
          </params>
          <reporter-output>
          </reporter-output>
        </test-method> <!-- BeforeMethod -->
        <test-method signature="TC_0729_Chips_날씨_이번주주말날씨_확인(java.lang.reflect.Method)[pri:0, instance:Chips_004_생활정보.생활정보_03_날씨_일기예보@21be3395]" started-at="2021-11-24T00:09:49 KST" name="TC_0729_Chips_날씨_이번주주말날씨_확인" description="칩스 리그레이션 TC : 실행_0729" finished-at="2021-11-24T00:10:00 KST" duration-ms="10501" status="PASS">
          <params>
            <param index="0">
              <value>
                <![CDATA[public void Chips_004_생활정보.생활정보_03_날씨_일기예보.TC_0729_Chips_날씨_이번주주말날씨_확인(java.lang.reflect.Method) throws java.lang.Exception]]>
              </value>
            </param>
          </params>
          <reporter-output>
          </reporter-output>
        </test-method> <!-- TC_0729_Chips_날씨_이번주주말날씨_확인 -->
        <test-method is-config="true" signature="AfterMethod(org.testng.ITestResult)[pri:0, instance:Chips_004_생활정보.생활정보_03_날씨_일기예보@21be3395]" started-at="2021-11-24T00:10:00 KST" name="AfterMethod" finished-at="2021-11-24T00:10:00 KST" duration-ms="4" status="PASS">
          <params>
            <param index="0">
              <value>
                <![CDATA[[TestResult name=TC_0729_Chips_날씨_이번주주말날씨_확인 status=SUCCESS method=생활정보_03_날씨_일기예보.TC_0729_Chips_날씨_이번주주말날씨_확인(java.lang.reflect.Method)[pri:0, instance:Chips_004_생활정보.생활정보_03_날씨_일기예보@21be3395] output={null}]]]>
              </value>
            </param>
          </params>
          <reporter-output>
          </reporter-output>
        </test-method> <!-- AfterMethod -->
        <test-method is-config="true" signature="BeforeMethod(java.lang.reflect.Method)[pri:0, instance:Chips_004_생활정보.생활정보_03_날씨_일기예보@21be3395]" started-at="2021-11-24T00:10:00 KST" name="BeforeMethod" finished-at="2021-11-24T00:10:00 KST" duration-ms="1" status="PASS">
          <params>
            <param index="0">
              <value>
                <![CDATA[public void Chips_004_생활정보.생활정보_03_날씨_일기예보.TC_0730_Chips_날씨_다음주주말날씨_확인(java.lang.reflect.Method) throws java.lang.Exception]]>
              </value>
            </param>
          </params>
          <reporter-output>
          </reporter-output>
        </test-method> <!-- BeforeMethod -->
        <test-method signature="TC_0730_Chips_날씨_다음주주말날씨_확인(java.lang.reflect.Method)[pri:0, instance:Chips_004_생활정보.생활정보_03_날씨_일기예보@21be3395]" started-at="2021-11-24T00:10:00 KST" name="TC_0730_Chips_날씨_다음주주말날씨_확인" description="칩스 리그레이션 TC : 실행_0730" finished-at="2021-11-24T00:10:11 KST" duration-ms="10807" status="PASS">
          <params>
            <param index="0">
              <value>
                <![CDATA[public void Chips_004_생활정보.생활정보_03_날씨_일기예보.TC_0730_Chips_날씨_다음주주말날씨_확인(java.lang.reflect.Method) throws java.lang.Exception]]>
              </value>
            </param>
          </params>
          <reporter-output>
          </reporter-output>
        </test-method> <!-- TC_0730_Chips_날씨_다음주주말날씨_확인 -->
        <test-method is-config="true" signature="AfterMethod(org.testng.ITestResult)[pri:0, instance:Chips_004_생활정보.생활정보_03_날씨_일기예보@21be3395]" started-at="2021-11-24T00:10:11 KST" name="AfterMethod" finished-at="2021-11-24T00:10:11 KST" duration-ms="6" status="PASS">
          <params>
            <param index="0">
              <value>
                <![CDATA[[TestResult name=TC_0730_Chips_날씨_다음주주말날씨_확인 status=SUCCESS method=생활정보_03_날씨_일기예보.TC_0730_Chips_날씨_다음주주말날씨_확인(java.lang.reflect.Method)[pri:0, instance:Chips_004_생활정보.생활정보_03_날씨_일기예보@21be3395] output={null}]]]>
              </value>
            </param>
          </params>
          <reporter-output>
          </reporter-output>
        </test-method> <!-- AfterMethod -->
        <test-method is-config="true" signature="BeforeMethod(java.lang.reflect.Method)[pri:0, instance:Chips_004_생활정보.생활정보_03_날씨_일기예보@21be3395]" started-at="2021-11-24T00:10:11 KST" name="BeforeMethod" finished-at="2021-11-24T00:10:11 KST" duration-ms="0" status="PASS">
          <params>
            <param index="0">
              <value>
                <![CDATA[public void Chips_004_생활정보.생활정보_03_날씨_일기예보.TC_0731_Chips_날씨_현재요일날씨_확인(java.lang.reflect.Method) throws java.lang.Exception]]>
              </value>
            </param>
          </params>
          <reporter-output>
          </reporter-output>
        </test-method> <!-- BeforeMethod -->
        <test-method signature="TC_0731_Chips_날씨_현재요일날씨_확인(java.lang.reflect.Method)[pri:0, instance:Chips_004_생활정보.생활정보_03_날씨_일기예보@21be3395]" started-at="2021-11-24T00:10:11 KST" name="TC_0731_Chips_날씨_현재요일날씨_확인" description="칩스 리그레이션 TC : 실행_0731" finished-at="2021-11-24T00:10:37 KST" duration-ms="25873" status="PASS">
          <params>
            <param index="0">
              <value>
                <![CDATA[public void Chips_004_생활정보.생활정보_03_날씨_일기예보.TC_0731_Chips_날씨_현재요일날씨_확인(java.lang.reflect.Method) throws java.lang.Exception]]>
              </value>
            </param>
          </params>
          <reporter-output>
          </reporter-output>
        </test-method> <!-- TC_0731_Chips_날씨_현재요일날씨_확인 -->
        <test-method is-config="true" signature="AfterMethod(org.testng.ITestResult)[pri:0, instance:Chips_004_생활정보.생활정보_03_날씨_일기예보@21be3395]" started-at="2021-11-24T00:10:37 KST" name="AfterMethod" finished-at="2021-11-24T00:10:38 KST" duration-ms="1538" status="PASS">
          <params>
            <param index="0">
              <value>
                <![CDATA[[TestResult name=TC_0731_Chips_날씨_현재요일날씨_확인 status=SUCCESS method=생활정보_03_날씨_일기예보.TC_0731_Chips_날씨_현재요일날씨_확인(java.lang.reflect.Method)[pri:0, instance:Chips_004_생활정보.생활정보_03_날씨_일기예보@21be3395] output={null}]]]>
              </value>
            </param>
          </params>
          <reporter-output>
          </reporter-output>
        </test-method> <!-- AfterMethod -->
        <test-method signature="TC_0732_Chips_날씨_현재요일날씨_확인(java.lang.reflect.Method)[pri:0, instance:Chips_004_생활정보.생활정보_03_날씨_일기예보@21be3395]" started-at="2021-11-24T00:10:38 KST" name="TC_0732_Chips_날씨_현재요일날씨_확인" description="칩스 리그레이션 TC : 실행_0732" finished-at="2021-11-24T00:11:04 KST" duration-ms="26057" status="PASS">
          <params>
            <param index="0">
              <value>
                <![CDATA[public void Chips_004_생활정보.생활정보_03_날씨_일기예보.TC_0732_Chips_날씨_현재요일날씨_확인(java.lang.reflect.Method) throws java.lang.Exception]]>
              </value>
            </param>
          </params>
          <reporter-output>
          </reporter-output>
        </test-method> <!-- TC_0732_Chips_날씨_현재요일날씨_확인 -->
        <test-method is-config="true" signature="BeforeMethod(java.lang.reflect.Method)[pri:0, instance:Chips_004_생활정보.생활정보_03_날씨_일기예보@21be3395]" started-at="2021-11-24T00:10:38 KST" name="BeforeMethod" finished-at="2021-11-24T00:10:38 KST" duration-ms="0" status="PASS">
          <params>
            <param index="0">
              <value>
                <![CDATA[public void Chips_004_생활정보.생활정보_03_날씨_일기예보.TC_0732_Chips_날씨_현재요일날씨_확인(java.lang.reflect.Method) throws java.lang.Exception]]>
              </value>
            </param>
          </params>
          <reporter-output>
          </reporter-output>
        </test-method> <!-- BeforeMethod -->
        <test-method is-config="true" signature="AfterMethod(org.testng.ITestResult)[pri:0, instance:Chips_004_생활정보.생활정보_03_날씨_일기예보@21be3395]" started-at="2021-11-24T00:11:04 KST" name="AfterMethod" finished-at="2021-11-24T00:11:06 KST" duration-ms="1520" status="PASS">
          <params>
            <param index="0">
              <value>
                <![CDATA[[TestResult name=TC_0732_Chips_날씨_현재요일날씨_확인 status=SUCCESS method=생활정보_03_날씨_일기예보.TC_0732_Chips_날씨_현재요일날씨_확인(java.lang.reflect.Method)[pri:0, instance:Chips_004_생활정보.생활정보_03_날씨_일기예보@21be3395] output={null}]]]>
              </value>
            </param>
          </params>
          <reporter-output>
          </reporter-output>
        </test-method> <!-- AfterMethod -->
        <test-method is-config="true" signature="BeforeMethod(java.lang.reflect.Method)[pri:0, instance:Chips_004_생활정보.생활정보_03_날씨_일기예보@21be3395]" started-at="2021-11-24T00:11:06 KST" name="BeforeMethod" finished-at="2021-11-24T00:11:06 KST" duration-ms="0" status="PASS">
          <params>
            <param index="0">
              <value>
                <![CDATA[public void Chips_004_생활정보.생활정보_03_날씨_일기예보.TC_0733_Chips_날씨_제주도날씨_확인(java.lang.reflect.Method) throws java.lang.Exception]]>
              </value>
            </param>
          </params>
          <reporter-output>
          </reporter-output>
        </test-method> <!-- BeforeMethod -->
        <test-method signature="TC_0733_Chips_날씨_제주도날씨_확인(java.lang.reflect.Method)[pri:0, instance:Chips_004_생활정보.생활정보_03_날씨_일기예보@21be3395]" started-at="2021-11-24T00:11:06 KST" name="TC_0733_Chips_날씨_제주도날씨_확인" description="칩스 리그레이션 TC : 실행_0733" finished-at="2021-11-24T00:11:32 KST" duration-ms="26738" status="PASS">
          <params>
            <param index="0">
              <value>
                <![CDATA[public void Chips_004_생활정보.생활정보_03_날씨_일기예보.TC_0733_Chips_날씨_제주도날씨_확인(java.lang.reflect.Method) throws java.lang.Exception]]>
              </value>
            </param>
          </params>
          <reporter-output>
          </reporter-output>
        </test-method> <!-- TC_0733_Chips_날씨_제주도날씨_확인 -->
        <test-method is-config="true" signature="AfterMethod(org.testng.ITestResult)[pri:0, instance:Chips_004_생활정보.생활정보_03_날씨_일기예보@21be3395]" started-at="2021-11-24T00:11:32 KST" name="AfterMethod" finished-at="2021-11-24T00:11:34 KST" duration-ms="1587" status="PASS">
          <params>
            <param index="0">
              <value>
                <![CDATA[[TestResult name=TC_0733_Chips_날씨_제주도날씨_확인 status=SUCCESS method=생활정보_03_날씨_일기예보.TC_0733_Chips_날씨_제주도날씨_확인(java.lang.reflect.Method)[pri:0, instance:Chips_004_생활정보.생활정보_03_날씨_일기예보@21be3395] output={null}]]]>
              </value>
            </param>
          </params>
          <reporter-output>
          </reporter-output>
        </test-method> <!-- AfterMethod -->
        <test-method is-config="true" signature="BeforeMethod(java.lang.reflect.Method)[pri:0, instance:Chips_004_생활정보.생활정보_03_날씨_일기예보@21be3395]" started-at="2021-11-24T00:11:34 KST" name="BeforeMethod" finished-at="2021-11-24T00:11:34 KST" duration-ms="0" status="PASS">
          <params>
            <param index="0">
              <value>
                <![CDATA[public void Chips_004_생활정보.생활정보_03_날씨_일기예보.TC_0734_Chips_날씨_파주시야동동날씨_확인(java.lang.reflect.Method) throws java.lang.Exception]]>
              </value>
            </param>
          </params>
          <reporter-output>
          </reporter-output>
        </test-method> <!-- BeforeMethod -->
        <test-method signature="TC_0734_Chips_날씨_파주시야동동날씨_확인(java.lang.reflect.Method)[pri:0, instance:Chips_004_생활정보.생활정보_03_날씨_일기예보@21be3395]" started-at="2021-11-24T00:11:34 KST" name="TC_0734_Chips_날씨_파주시야동동날씨_확인" description="칩스 리그레이션 TC : 실행_0734" finished-at="2021-11-24T00:12:01 KST" duration-ms="26676" status="PASS">
          <params>
            <param index="0">
              <value>
                <![CDATA[public void Chips_004_생활정보.생활정보_03_날씨_일기예보.TC_0734_Chips_날씨_파주시야동동날씨_확인(java.lang.reflect.Method) throws java.lang.Exception]]>
              </value>
            </param>
          </params>
          <reporter-output>
          </reporter-output>
        </test-method> <!-- TC_0734_Chips_날씨_파주시야동동날씨_확인 -->
        <test-method is-config="true" signature="AfterMethod(org.testng.ITestResult)[pri:0, instance:Chips_004_생활정보.생활정보_03_날씨_일기예보@21be3395]" started-at="2021-11-24T00:12:01 KST" name="AfterMethod" finished-at="2021-11-24T00:12:02 KST" duration-ms="1631" status="PASS">
          <params>
            <param index="0">
              <value>
                <![CDATA[[TestResult name=TC_0734_Chips_날씨_파주시야동동날씨_확인 status=SUCCESS method=생활정보_03_날씨_일기예보.TC_0734_Chips_날씨_파주시야동동날씨_확인(java.lang.reflect.Method)[pri:0, instance:Chips_004_생활정보.생활정보_03_날씨_일기예보@21be3395] output={null}]]]>
              </value>
            </param>
          </params>
          <reporter-output>
          </reporter-output>
        </test-method> <!-- AfterMethod -->
        <test-method is-config="true" signature="tearDownClass(java.lang.String,java.lang.String,java.lang.String,java.lang.String,java.lang.String,java.lang.String,java.lang.String,java.lang.String,java.lang.String,java.lang.String,java.lang.String,java.lang.String)[pri:0, instance:Chips_004_생활정보.생활정보_03_날씨_일기예보@21be3395]" started-at="2021-11-24T00:12:02 KST" name="tearDownClass" finished-at="2021-11-24T00:12:07 KST" duration-ms="4386" status="PASS">
          <params>
            <param index="0">
              <value>
                <![CDATA[STG]]>
              </value>
            </param>
            <param index="1">
              <value>
                <![CDATA[Chips]]>
              </value>
            </param>
            <param index="2">
              <value>
                <![CDATA[out]]>
              </value>
            </param>
            <param index="3">
              <value>
                <![CDATA[R33M4000CY]]>
              </value>
            </param>
            <param index="4">
              <value>
                <![CDATA[ALDF3NYA6C0D0C654DD2]]>
              </value>
            </param>
            <param index="5">
              <value>
                <![CDATA[ALDF5TR5SNGZ8175DA16]]>
              </value>
            </param>
            <param index="6">
              <value>
                <![CDATA[ALDFH3D1Q7W6071EFE41]]>
              </value>
            </param>
            <param index="7">
              <value>
                <![CDATA[ALDFH6OQ9HG79986A4FA]]>
              </value>
            </param>
            <param index="8">
              <value>
                <![CDATA[ALDFHFMQC3RB935B4B02]]>
              </value>
            </param>
            <param index="9">
              <value>
                <![CDATA[ALDFHFMSG34WDF6CD40E]]>
              </value>
            </param>
            <param index="10">
              <value>
                <![CDATA[ALDFHDFEBVOC7F098039]]>
              </value>
            </param>
            <param index="11">
              <value>
                <![CDATA[ALDG3Q4IA9EW3633F8EA]]>
              </value>
            </param>
          </params>
          <reporter-output>
          </reporter-output>
        </test-method> <!-- tearDownClass -->
      </class> <!-- Chips_004_생활정보.생활정보_03_날씨_일기예보 -->
      <class name="Chips_004_생활정보.생활정보_05_날씨_미세먼지">
        <test-method is-config="true" signature="setupClass(java.lang.String,java.lang.String,java.lang.String,java.lang.String,java.lang.String,java.lang.String,java.lang.String,java.lang.String,java.lang.String,java.lang.String,java.lang.String,java.lang.String,java.lang.String,java.lang.String,java.lang.String)[pri:0, instance:Chips_004_생활정보.생활정보_05_날씨_미세먼지@13526e59]" started-at="2021-11-24T00:12:07 KST" name="setupClass" finished-at="2021-11-24T00:12:20 KST" duration-ms="13256" status="PASS">
          <params>
            <param index="0">
              <value>
                <![CDATA[Android]]>
              </value>
            </param>
            <param index="1">
              <value>
                <![CDATA[Chips]]>
              </value>
            </param>
            <param index="2">
              <value>
                <![CDATA[http://0.0.0.0:4723/wd/hub]]>
              </value>
            </param>
            <param index="3">
              <value>
                <![CDATA[STG]]>
              </value>
            </param>
            <param index="4">
              <value>
                <![CDATA[Chips]]>
              </value>
            </param>
            <param index="5">
              <value>
                <![CDATA[out]]>
              </value>
            </param>
            <param index="6">
              <value>
                <![CDATA[R33M4000CY]]>
              </value>
            </param>
            <param index="7">
              <value>
                <![CDATA[ALDF3NYA6C0D0C654DD2]]>
              </value>
            </param>
            <param index="8">
              <value>
                <![CDATA[ALDF5TR5SNGZ8175DA16]]>
              </value>
            </param>
            <param index="9">
              <value>
                <![CDATA[ALDFH3D1Q7W6071EFE41]]>
              </value>
            </param>
            <param index="10">
              <value>
                <![CDATA[ALDFH6OQ9HG79986A4FA]]>
              </value>
            </param>
            <param index="11">
              <value>
                <![CDATA[ALDFHFMQC3RB935B4B02]]>
              </value>
            </param>
            <param index="12">
              <value>
                <![CDATA[ALDFHFMSG34WDF6CD40E]]>
              </value>
            </param>
            <param index="13">
              <value>
                <![CDATA[ALDFHDFEBVOC7F098039]]>
              </value>
            </param>
            <param index="14">
              <value>
                <![CDATA[ALDG3Q4IA9EW3633F8EA]]>
              </value>
            </param>
          </params>
          <reporter-output>
          </reporter-output>
        </test-method> <!-- setupClass -->
        <test-method signature="TC_0000_앱실행과AccessToken얻기(java.lang.reflect.Method)[pri:0, instance:Chips_004_생활정보.생활정보_05_날씨_미세먼지@13526e59]" started-at="2021-11-24T00:12:20 KST" name="TC_0000_앱실행과AccessToken얻기" description="칩스 리그레이션 TC : 실행_0000" finished-at="2021-11-24T00:13:25 KST" duration-ms="64814" status="PASS">
          <params>
            <param index="0">
              <value>
                <![CDATA[public void Chips_004_생활정보.생활정보_05_날씨_미세먼지.TC_0000_앱실행과AccessToken얻기(java.lang.reflect.Method) throws java.lang.Exception]]>
              </value>
            </param>
          </params>
          <reporter-output>
          </reporter-output>
        </test-method> <!-- TC_0000_앱실행과AccessToken얻기 -->
        <test-method is-config="true" signature="BeforeMethod(java.lang.reflect.Method)[pri:0, instance:Chips_004_생활정보.생활정보_05_날씨_미세먼지@13526e59]" started-at="2021-11-24T00:12:20 KST" name="BeforeMethod" finished-at="2021-11-24T00:12:20 KST" duration-ms="0" status="PASS">
          <params>
            <param index="0">
              <value>
                <![CDATA[public void Chips_004_생활정보.생활정보_05_날씨_미세먼지.TC_0000_앱실행과AccessToken얻기(java.lang.reflect.Method) throws java.lang.Exception]]>
              </value>
            </param>
          </params>
          <reporter-output>
          </reporter-output>
        </test-method> <!-- BeforeMethod -->
        <test-method is-config="true" signature="AfterMethod(org.testng.ITestResult)[pri:0, instance:Chips_004_생활정보.생활정보_05_날씨_미세먼지@13526e59]" started-at="2021-11-24T00:13:25 KST" name="AfterMethod" finished-at="2021-11-24T00:13:25 KST" duration-ms="7" status="PASS">
          <params>
            <param index="0">
              <value>
                <![CDATA[[TestResult name=TC_0000_앱실행과AccessToken얻기 status=SUCCESS method=생활정보_05_날씨_미세먼지.TC_0000_앱실행과AccessToken얻기(java.lang.reflect.Method)[pri:0, instance:Chips_004_생활정보.생활정보_05_날씨_미세먼지@13526e59] output={null}]]]>
              </value>
            </param>
          </params>
          <reporter-output>
          </reporter-output>
        </test-method> <!-- AfterMethod -->
        <test-method is-config="true" signature="BeforeMethod(java.lang.reflect.Method)[pri:0, instance:Chips_004_생활정보.생활정보_05_날씨_미세먼지@13526e59]" started-at="2021-11-24T00:13:25 KST" name="BeforeMethod" finished-at="2021-11-24T00:13:25 KST" duration-ms="1" status="PASS">
          <params>
            <param index="0">
              <value>
                <![CDATA[public void Chips_004_생활정보.생활정보_05_날씨_미세먼지.TC_0743_Chips_날씨_오늘미세먼지_확인(java.lang.reflect.Method) throws java.lang.Exception]]>
              </value>
            </param>
          </params>
          <reporter-output>
          </reporter-output>
        </test-method> <!-- BeforeMethod -->
        <test-method signature="TC_0743_Chips_날씨_오늘미세먼지_확인(java.lang.reflect.Method)[pri:0, instance:Chips_004_생활정보.생활정보_05_날씨_미세먼지@13526e59]" started-at="2021-11-24T00:13:25 KST" name="TC_0743_Chips_날씨_오늘미세먼지_확인" description="칩스 리그레이션 TC : 실행_0743" finished-at="2021-11-24T00:15:05 KST" duration-ms="100743" status="PASS">
          <params>
            <param index="0">
              <value>
                <![CDATA[public void Chips_004_생활정보.생활정보_05_날씨_미세먼지.TC_0743_Chips_날씨_오늘미세먼지_확인(java.lang.reflect.Method) throws java.lang.Exception]]>
              </value>
            </param>
          </params>
          <reporter-output>
          </reporter-output>
        </test-method> <!-- TC_0743_Chips_날씨_오늘미세먼지_확인 -->
        <test-method is-config="true" signature="AfterMethod(org.testng.ITestResult)[pri:0, instance:Chips_004_생활정보.생활정보_05_날씨_미세먼지@13526e59]" started-at="2021-11-24T00:15:05 KST" name="AfterMethod" finished-at="2021-11-24T00:15:07 KST" duration-ms="1514" status="PASS">
          <params>
            <param index="0">
              <value>
                <![CDATA[[TestResult name=TC_0743_Chips_날씨_오늘미세먼지_확인 status=SUCCESS method=생활정보_05_날씨_미세먼지.TC_0743_Chips_날씨_오늘미세먼지_확인(java.lang.reflect.Method)[pri:0, instance:Chips_004_생활정보.생활정보_05_날씨_미세먼지@13526e59] output={null}]]]>
              </value>
            </param>
          </params>
          <reporter-output>
          </reporter-output>
        </test-method> <!-- AfterMethod -->
        <test-method is-config="true" signature="BeforeMethod(java.lang.reflect.Method)[pri:0, instance:Chips_004_생활정보.생활정보_05_날씨_미세먼지@13526e59]" started-at="2021-11-24T00:15:07 KST" name="BeforeMethod" finished-at="2021-11-24T00:15:07 KST" duration-ms="0" status="PASS">
          <params>
            <param index="0">
              <value>
                <![CDATA[public void Chips_004_생활정보.생활정보_05_날씨_미세먼지.TC_0744_Chips_날씨_내일미세먼지_확인(java.lang.reflect.Method) throws java.lang.Exception]]>
              </value>
            </param>
          </params>
          <reporter-output>
          </reporter-output>
        </test-method> <!-- BeforeMethod -->
        <test-method signature="TC_0744_Chips_날씨_내일미세먼지_확인(java.lang.reflect.Method)[pri:0, instance:Chips_004_생활정보.생활정보_05_날씨_미세먼지@13526e59]" started-at="2021-11-24T00:15:07 KST" name="TC_0744_Chips_날씨_내일미세먼지_확인" description="칩스 리그레이션 TC : 실행_0744" finished-at="2021-11-24T00:16:22 KST" duration-ms="75315" status="PASS">
          <params>
            <param index="0">
              <value>
                <![CDATA[public void Chips_004_생활정보.생활정보_05_날씨_미세먼지.TC_0744_Chips_날씨_내일미세먼지_확인(java.lang.reflect.Method) throws java.lang.Exception]]>
              </value>
            </param>
          </params>
          <reporter-output>
          </reporter-output>
        </test-method> <!-- TC_0744_Chips_날씨_내일미세먼지_확인 -->
        <test-method is-config="true" signature="AfterMethod(org.testng.ITestResult)[pri:0, instance:Chips_004_생활정보.생활정보_05_날씨_미세먼지@13526e59]" started-at="2021-11-24T00:16:22 KST" name="AfterMethod" finished-at="2021-11-24T00:16:24 KST" duration-ms="1521" status="PASS">
          <params>
            <param index="0">
              <value>
                <![CDATA[[TestResult name=TC_0744_Chips_날씨_내일미세먼지_확인 status=SUCCESS method=생활정보_05_날씨_미세먼지.TC_0744_Chips_날씨_내일미세먼지_확인(java.lang.reflect.Method)[pri:0, instance:Chips_004_생활정보.생활정보_05_날씨_미세먼지@13526e59] output={null}]]]>
              </value>
            </param>
          </params>
          <reporter-output>
          </reporter-output>
        </test-method> <!-- AfterMethod -->
        <test-method is-config="true" signature="tearDownClass(java.lang.String,java.lang.String,java.lang.String,java.lang.String,java.lang.String,java.lang.String,java.lang.String,java.lang.String,java.lang.String,java.lang.String,java.lang.String,java.lang.String)[pri:0, instance:Chips_004_생활정보.생활정보_05_날씨_미세먼지@13526e59]" started-at="2021-11-24T00:16:24 KST" name="tearDownClass" finished-at="2021-11-24T00:16:28 KST" duration-ms="3860" status="PASS">
          <params>
            <param index="0">
              <value>
                <![CDATA[STG]]>
              </value>
            </param>
            <param index="1">
              <value>
                <![CDATA[Chips]]>
              </value>
            </param>
            <param index="2">
              <value>
                <![CDATA[out]]>
              </value>
            </param>
            <param index="3">
              <value>
                <![CDATA[R33M4000CY]]>
              </value>
            </param>
            <param index="4">
              <value>
                <![CDATA[ALDF3NYA6C0D0C654DD2]]>
              </value>
            </param>
            <param index="5">
              <value>
                <![CDATA[ALDF5TR5SNGZ8175DA16]]>
              </value>
            </param>
            <param index="6">
              <value>
                <![CDATA[ALDFH3D1Q7W6071EFE41]]>
              </value>
            </param>
            <param index="7">
              <value>
                <![CDATA[ALDFH6OQ9HG79986A4FA]]>
              </value>
            </param>
            <param index="8">
              <value>
                <![CDATA[ALDFHFMQC3RB935B4B02]]>
              </value>
            </param>
            <param index="9">
              <value>
                <![CDATA[ALDFHFMSG34WDF6CD40E]]>
              </value>
            </param>
            <param index="10">
              <value>
                <![CDATA[ALDFHDFEBVOC7F098039]]>
              </value>
            </param>
            <param index="11">
              <value>
                <![CDATA[ALDG3Q4IA9EW3633F8EA]]>
              </value>
            </param>
          </params>
          <reporter-output>
          </reporter-output>
        </test-method> <!-- tearDownClass -->
      </class> <!-- Chips_004_생활정보.생활정보_05_날씨_미세먼지 -->
    </test> <!-- Test_Project -->
  </suite> <!-- ExtentReport -->
</testng-results>
