<?xml version="1.0" encoding="UTF-8"?>
<testng-results skipped="0" failed="0" ignored="0" total="13" passed="13">
  <reporter-output>
  </reporter-output>
  <suite name="ExtentReport" duration-ms="462325" started-at="2021-07-30T12:25:28 KST" finished-at="2021-07-30T12:33:10 KST">
    <groups>
    </groups>
    <test name="Test_Project" duration-ms="462325" started-at="2021-07-30T12:25:28 KST" finished-at="2021-07-30T12:33:10 KST">
      <class name="Chips_001_기본기능.기본기능_02_홈화면최초진입">
        <test-method status="PASS" signature="setupClass(java.lang.String,java.lang.String,java.lang.String,java.lang.String,java.lang.String,java.lang.String,java.lang.String,java.lang.String,java.lang.String,java.lang.String,java.lang.String,java.lang.String)[pri:0, instance:Chips_001_기본기능.기본기능_02_홈화면최초진입@1d548a08]" name="setupClass" is-config="true" duration-ms="24037" started-at="2021-07-30T12:29:51 KST" finished-at="2021-07-30T12:30:15 KST">
          <params>
            <param index="0">
              <value>
                <![CDATA[Android]]>
              </value>
            </param>
            <param index="1">
              <value>
                <![CDATA[Chips]]>
              </value>
            </param>
            <param index="2">
              <value>
                <![CDATA[http://0.0.0.0:4723/wd/hub]]>
              </value>
            </param>
            <param index="3">
              <value>
                <![CDATA[RTG]]>
              </value>
            </param>
            <param index="4">
              <value>
                <![CDATA[Chips]]>
              </value>
            </param>
            <param index="5">
              <value>
                <![CDATA[in]]>
              </value>
            </param>
            <param index="6">
              <value>
                <![CDATA[ce06171633774e37027e]]>
              </value>
            </param>
            <param index="7">
              <value>
                <![CDATA[ALDF3NYA6C0D0C654DD2]]>
              </value>
            </param>
            <param index="8">
              <value>
                <![CDATA[ALDF5TR5SNGZ8175DA16]]>
              </value>
            </param>
            <param index="9">
              <value>
                <![CDATA[ALDFH3D1Q7W6071EFE41]]>
              </value>
            </param>
            <param index="10">
              <value>
                <![CDATA[ALDFHFMQC3RB935B4B02]]>
              </value>
            </param>
            <param index="11">
              <value>
                <![CDATA[ALDFHFMSG34WDF6CD40E]]>
              </value>
            </param>
          </params>
          <reporter-output>
          </reporter-output>
        </test-method> <!-- setupClass -->
        <test-method status="PASS" signature="BeforeMethod(java.lang.reflect.Method)[pri:0, instance:Chips_001_기본기능.기본기능_02_홈화면최초진입@1d548a08]" name="BeforeMethod" is-config="true" duration-ms="0" started-at="2021-07-30T12:30:15 KST" finished-at="2021-07-30T12:30:15 KST">
          <params>
            <param index="0">
              <value>
                <![CDATA[public void Chips_001_기본기능.기본기능_02_홈화면최초진입.TC_0000_앱실행과AccessToken얻기(java.lang.reflect.Method) throws java.lang.Exception]]>
              </value>
            </param>
          </params>
          <reporter-output>
          </reporter-output>
        </test-method> <!-- BeforeMethod -->
        <test-method status="PASS" signature="TC_0000_앱실행과AccessToken얻기(java.lang.reflect.Method)[pri:0, instance:Chips_001_기본기능.기본기능_02_홈화면최초진입@1d548a08]" name="TC_0000_앱실행과AccessToken얻기" duration-ms="29277" started-at="2021-07-30T12:30:15 KST" description="칩스 리그레이션 TC : 실행_0000" finished-at="2021-07-30T12:30:44 KST">
          <params>
            <param index="0">
              <value>
                <![CDATA[public void Chips_001_기본기능.기본기능_02_홈화면최초진입.TC_0000_앱실행과AccessToken얻기(java.lang.reflect.Method) throws java.lang.Exception]]>
              </value>
            </param>
          </params>
          <reporter-output>
          </reporter-output>
        </test-method> <!-- TC_0000_앱실행과AccessToken얻기 -->
        <test-method status="PASS" signature="AfterMethod(org.testng.ITestResult)[pri:0, instance:Chips_001_기본기능.기본기능_02_홈화면최초진입@1d548a08]" name="AfterMethod" is-config="true" duration-ms="21" started-at="2021-07-30T12:30:44 KST" finished-at="2021-07-30T12:30:44 KST">
          <params>
            <param index="0">
              <value>
                <![CDATA[[TestResult name=TC_0000_앱실행과AccessToken얻기 status=SUCCESS method=기본기능_02_홈화면최초진입.TC_0000_앱실행과AccessToken얻기(java.lang.reflect.Method)[pri:0, instance:Chips_001_기본기능.기본기능_02_홈화면최초진입@1d548a08] output={null}]]]>
              </value>
            </param>
          </params>
          <reporter-output>
          </reporter-output>
        </test-method> <!-- AfterMethod -->
        <test-method status="PASS" signature="BeforeMethod(java.lang.reflect.Method)[pri:0, instance:Chips_001_기본기능.기본기능_02_홈화면최초진입@1d548a08]" name="BeforeMethod" is-config="true" duration-ms="1" started-at="2021-07-30T12:30:44 KST" finished-at="2021-07-30T12:30:44 KST">
          <params>
            <param index="0">
              <value>
                <![CDATA[public void Chips_001_기본기능.기본기능_02_홈화면최초진입.TC_0138_홈화면최초진입확인(java.lang.reflect.Method) throws java.lang.Exception]]>
              </value>
            </param>
          </params>
          <reporter-output>
          </reporter-output>
        </test-method> <!-- BeforeMethod -->
        <test-method status="PASS" signature="TC_0138_홈화면최초진입확인(java.lang.reflect.Method)[pri:0, instance:Chips_001_기본기능.기본기능_02_홈화면최초진입@1d548a08]" name="TC_0138_홈화면최초진입확인" duration-ms="3942" started-at="2021-07-30T12:30:44 KST" description="칩스 리그레이션 TC : 실행_0138" finished-at="2021-07-30T12:30:48 KST">
          <params>
            <param index="0">
              <value>
                <![CDATA[public void Chips_001_기본기능.기본기능_02_홈화면최초진입.TC_0138_홈화면최초진입확인(java.lang.reflect.Method) throws java.lang.Exception]]>
              </value>
            </param>
          </params>
          <reporter-output>
          </reporter-output>
        </test-method> <!-- TC_0138_홈화면최초진입확인 -->
        <test-method status="PASS" signature="AfterMethod(org.testng.ITestResult)[pri:0, instance:Chips_001_기본기능.기본기능_02_홈화면최초진입@1d548a08]" name="AfterMethod" is-config="true" duration-ms="12" started-at="2021-07-30T12:30:48 KST" finished-at="2021-07-30T12:30:48 KST">
          <params>
            <param index="0">
              <value>
                <![CDATA[[TestResult name=TC_0138_홈화면최초진입확인 status=SUCCESS method=기본기능_02_홈화면최초진입.TC_0138_홈화면최초진입확인(java.lang.reflect.Method)[pri:0, instance:Chips_001_기본기능.기본기능_02_홈화면최초진입@1d548a08] output={null}]]]>
              </value>
            </param>
          </params>
          <reporter-output>
          </reporter-output>
        </test-method> <!-- AfterMethod -->
        <test-method status="PASS" signature="tearDownClass(java.lang.String,java.lang.String,java.lang.String,java.lang.String,java.lang.String,java.lang.String,java.lang.String,java.lang.String,java.lang.String)[pri:0, instance:Chips_001_기본기능.기본기능_02_홈화면최초진입@1d548a08]" name="tearDownClass" is-config="true" duration-ms="4164" started-at="2021-07-30T12:30:48 KST" finished-at="2021-07-30T12:30:52 KST">
          <params>
            <param index="0">
              <value>
                <![CDATA[RTG]]>
              </value>
            </param>
            <param index="1">
              <value>
                <![CDATA[Chips]]>
              </value>
            </param>
            <param index="2">
              <value>
                <![CDATA[in]]>
              </value>
            </param>
            <param index="3">
              <value>
                <![CDATA[ce06171633774e37027e]]>
              </value>
            </param>
            <param index="4">
              <value>
                <![CDATA[ALDF3NYA6C0D0C654DD2]]>
              </value>
            </param>
            <param index="5">
              <value>
                <![CDATA[ALDF5TR5SNGZ8175DA16]]>
              </value>
            </param>
            <param index="6">
              <value>
                <![CDATA[ALDFH3D1Q7W6071EFE41]]>
              </value>
            </param>
            <param index="7">
              <value>
                <![CDATA[ALDFHFMQC3RB935B4B02]]>
              </value>
            </param>
            <param index="8">
              <value>
                <![CDATA[ALDFHFMSG34WDF6CD40E]]>
              </value>
            </param>
          </params>
          <reporter-output>
          </reporter-output>
        </test-method> <!-- tearDownClass -->
      </class> <!-- Chips_001_기본기능.기본기능_02_홈화면최초진입 -->
      <class name="Chips_001_기본기능.기본기능_03_부가기능">
        <test-method status="PASS" signature="setupClass(java.lang.String,java.lang.String,java.lang.String,java.lang.String,java.lang.String,java.lang.String,java.lang.String,java.lang.String,java.lang.String,java.lang.String,java.lang.String,java.lang.String)[pri:0, instance:Chips_001_기본기능.기본기능_03_부가기능@16aa0a0a]" name="setupClass" is-config="true" duration-ms="25030" started-at="2021-07-30T12:30:52 KST" finished-at="2021-07-30T12:31:17 KST">
          <params>
            <param index="0">
              <value>
                <![CDATA[Android]]>
              </value>
            </param>
            <param index="1">
              <value>
                <![CDATA[Chips]]>
              </value>
            </param>
            <param index="2">
              <value>
                <![CDATA[http://0.0.0.0:4723/wd/hub]]>
              </value>
            </param>
            <param index="3">
              <value>
                <![CDATA[RTG]]>
              </value>
            </param>
            <param index="4">
              <value>
                <![CDATA[Chips]]>
              </value>
            </param>
            <param index="5">
              <value>
                <![CDATA[in]]>
              </value>
            </param>
            <param index="6">
              <value>
                <![CDATA[ce06171633774e37027e]]>
              </value>
            </param>
            <param index="7">
              <value>
                <![CDATA[ALDF3NYA6C0D0C654DD2]]>
              </value>
            </param>
            <param index="8">
              <value>
                <![CDATA[ALDF5TR5SNGZ8175DA16]]>
              </value>
            </param>
            <param index="9">
              <value>
                <![CDATA[ALDFH3D1Q7W6071EFE41]]>
              </value>
            </param>
            <param index="10">
              <value>
                <![CDATA[ALDFHFMQC3RB935B4B02]]>
              </value>
            </param>
            <param index="11">
              <value>
                <![CDATA[ALDFHFMSG34WDF6CD40E]]>
              </value>
            </param>
          </params>
          <reporter-output>
          </reporter-output>
        </test-method> <!-- setupClass -->
        <test-method status="PASS" signature="BeforeMethod(java.lang.reflect.Method)[pri:0, instance:Chips_001_기본기능.기본기능_03_부가기능@16aa0a0a]" name="BeforeMethod" is-config="true" duration-ms="0" started-at="2021-07-30T12:31:17 KST" finished-at="2021-07-30T12:31:17 KST">
          <params>
            <param index="0">
              <value>
                <![CDATA[public void Chips_001_기본기능.기본기능_03_부가기능.TC_0000_앱실행과AccessToken얻기(java.lang.reflect.Method) throws java.lang.Exception]]>
              </value>
            </param>
          </params>
          <reporter-output>
          </reporter-output>
        </test-method> <!-- BeforeMethod -->
        <test-method status="PASS" signature="TC_0000_앱실행과AccessToken얻기(java.lang.reflect.Method)[pri:0, instance:Chips_001_기본기능.기본기능_03_부가기능@16aa0a0a]" name="TC_0000_앱실행과AccessToken얻기" duration-ms="60567" started-at="2021-07-30T12:31:17 KST" description="칩스 리그레이션 TC : 실행_0000" finished-at="2021-07-30T12:32:18 KST">
          <params>
            <param index="0">
              <value>
                <![CDATA[public void Chips_001_기본기능.기본기능_03_부가기능.TC_0000_앱실행과AccessToken얻기(java.lang.reflect.Method) throws java.lang.Exception]]>
              </value>
            </param>
          </params>
          <reporter-output>
          </reporter-output>
        </test-method> <!-- TC_0000_앱실행과AccessToken얻기 -->
        <test-method status="PASS" signature="AfterMethod(org.testng.ITestResult)[pri:0, instance:Chips_001_기본기능.기본기능_03_부가기능@16aa0a0a]" name="AfterMethod" is-config="true" duration-ms="17" started-at="2021-07-30T12:32:18 KST" finished-at="2021-07-30T12:32:18 KST">
          <params>
            <param index="0">
              <value>
                <![CDATA[[TestResult name=TC_0000_앱실행과AccessToken얻기 status=SUCCESS method=기본기능_03_부가기능.TC_0000_앱실행과AccessToken얻기(java.lang.reflect.Method)[pri:0, instance:Chips_001_기본기능.기본기능_03_부가기능@16aa0a0a] output={null}]]]>
              </value>
            </param>
          </params>
          <reporter-output>
          </reporter-output>
        </test-method> <!-- AfterMethod -->
        <test-method status="PASS" signature="BeforeMethod(java.lang.reflect.Method)[pri:0, instance:Chips_001_기본기능.기본기능_03_부가기능@16aa0a0a]" name="BeforeMethod" is-config="true" duration-ms="1" started-at="2021-07-30T12:32:18 KST" finished-at="2021-07-30T12:32:18 KST">
          <params>
            <param index="0">
              <value>
                <![CDATA[public void Chips_001_기본기능.기본기능_03_부가기능.TC_0145_미디어재생중_infoPlay실행(java.lang.reflect.Method) throws java.lang.Exception]]>
              </value>
            </param>
          </params>
          <reporter-output>
          </reporter-output>
        </test-method> <!-- BeforeMethod -->
        <test-method status="PASS" signature="TC_0145_미디어재생중_infoPlay실행(java.lang.reflect.Method)[pri:0, instance:Chips_001_기본기능.기본기능_03_부가기능@16aa0a0a]" name="TC_0145_미디어재생중_infoPlay실행" duration-ms="47166" started-at="2021-07-30T12:32:18 KST" description="칩스 리그레이션 TC : 실행_0145" finished-at="2021-07-30T12:33:05 KST">
          <params>
            <param index="0">
              <value>
                <![CDATA[public void Chips_001_기본기능.기본기능_03_부가기능.TC_0145_미디어재생중_infoPlay실행(java.lang.reflect.Method) throws java.lang.Exception]]>
              </value>
            </param>
          </params>
          <reporter-output>
          </reporter-output>
        </test-method> <!-- TC_0145_미디어재생중_infoPlay실행 -->
        <test-method status="PASS" signature="AfterMethod(org.testng.ITestResult)[pri:0, instance:Chips_001_기본기능.기본기능_03_부가기능@16aa0a0a]" name="AfterMethod" is-config="true" duration-ms="1525" started-at="2021-07-30T12:33:05 KST" finished-at="2021-07-30T12:33:06 KST">
          <params>
            <param index="0">
              <value>
                <![CDATA[[TestResult name=TC_0145_미디어재생중_infoPlay실행 status=SUCCESS method=기본기능_03_부가기능.TC_0145_미디어재생중_infoPlay실행(java.lang.reflect.Method)[pri:0, instance:Chips_001_기본기능.기본기능_03_부가기능@16aa0a0a] output={null}]]]>
              </value>
            </param>
          </params>
          <reporter-output>
          </reporter-output>
        </test-method> <!-- AfterMethod -->
        <test-method status="PASS" signature="tearDownClass(java.lang.String,java.lang.String,java.lang.String,java.lang.String,java.lang.String,java.lang.String,java.lang.String,java.lang.String,java.lang.String)[pri:0, instance:Chips_001_기본기능.기본기능_03_부가기능@16aa0a0a]" name="tearDownClass" is-config="true" duration-ms="3620" started-at="2021-07-30T12:33:06 KST" finished-at="2021-07-30T12:33:10 KST">
          <params>
            <param index="0">
              <value>
                <![CDATA[RTG]]>
              </value>
            </param>
            <param index="1">
              <value>
                <![CDATA[Chips]]>
              </value>
            </param>
            <param index="2">
              <value>
                <![CDATA[in]]>
              </value>
            </param>
            <param index="3">
              <value>
                <![CDATA[ce06171633774e37027e]]>
              </value>
            </param>
            <param index="4">
              <value>
                <![CDATA[ALDF3NYA6C0D0C654DD2]]>
              </value>
            </param>
            <param index="5">
              <value>
                <![CDATA[ALDF5TR5SNGZ8175DA16]]>
              </value>
            </param>
            <param index="6">
              <value>
                <![CDATA[ALDFH3D1Q7W6071EFE41]]>
              </value>
            </param>
            <param index="7">
              <value>
                <![CDATA[ALDFHFMQC3RB935B4B02]]>
              </value>
            </param>
            <param index="8">
              <value>
                <![CDATA[ALDFHFMSG34WDF6CD40E]]>
              </value>
            </param>
          </params>
          <reporter-output>
          </reporter-output>
        </test-method> <!-- tearDownClass -->
      </class> <!-- Chips_001_기본기능.기본기능_03_부가기능 -->
      <class name="Chips_001_기본기능.기본기능_01_기본기능">
        <test-method status="PASS" signature="setupClass(java.lang.String,java.lang.String,java.lang.String,java.lang.String,java.lang.String,java.lang.String,java.lang.String,java.lang.String,java.lang.String,java.lang.String,java.lang.String,java.lang.String)[pri:0, instance:Chips_001_기본기능.기본기능_01_기본기능@3c87521]" name="setupClass" is-config="true" duration-ms="38764" started-at="2021-07-30T12:25:28 KST" finished-at="2021-07-30T12:26:07 KST">
          <params>
            <param index="0">
              <value>
                <![CDATA[Android]]>
              </value>
            </param>
            <param index="1">
              <value>
                <![CDATA[Chips]]>
              </value>
            </param>
            <param index="2">
              <value>
                <![CDATA[http://0.0.0.0:4723/wd/hub]]>
              </value>
            </param>
            <param index="3">
              <value>
                <![CDATA[RTG]]>
              </value>
            </param>
            <param index="4">
              <value>
                <![CDATA[Chips]]>
              </value>
            </param>
            <param index="5">
              <value>
                <![CDATA[in]]>
              </value>
            </param>
            <param index="6">
              <value>
                <![CDATA[ce06171633774e37027e]]>
              </value>
            </param>
            <param index="7">
              <value>
                <![CDATA[ALDF3NYA6C0D0C654DD2]]>
              </value>
            </param>
            <param index="8">
              <value>
                <![CDATA[ALDF5TR5SNGZ8175DA16]]>
              </value>
            </param>
            <param index="9">
              <value>
                <![CDATA[ALDFH3D1Q7W6071EFE41]]>
              </value>
            </param>
            <param index="10">
              <value>
                <![CDATA[ALDFHFMQC3RB935B4B02]]>
              </value>
            </param>
            <param index="11">
              <value>
                <![CDATA[ALDFHFMSG34WDF6CD40E]]>
              </value>
            </param>
          </params>
          <reporter-output>
          </reporter-output>
        </test-method> <!-- setupClass -->
        <test-method status="PASS" signature="BeforeMethod(java.lang.reflect.Method)[pri:0, instance:Chips_001_기본기능.기본기능_01_기본기능@3c87521]" name="BeforeMethod" is-config="true" duration-ms="15" started-at="2021-07-30T12:26:07 KST" finished-at="2021-07-30T12:26:07 KST">
          <params>
            <param index="0">
              <value>
                <![CDATA[public void Chips_001_기본기능.기본기능_01_기본기능.TC_0000_앱실행과AccessToken얻기(java.lang.reflect.Method) throws java.lang.Exception]]>
              </value>
            </param>
          </params>
          <reporter-output>
          </reporter-output>
        </test-method> <!-- BeforeMethod -->
        <test-method status="PASS" signature="TC_0000_앱실행과AccessToken얻기(java.lang.reflect.Method)[pri:0, instance:Chips_001_기본기능.기본기능_01_기본기능@3c87521]" name="TC_0000_앱실행과AccessToken얻기" duration-ms="65740" started-at="2021-07-30T12:26:07 KST" description="칩스 리그레이션 TC : 실행_0000" finished-at="2021-07-30T12:27:12 KST">
          <params>
            <param index="0">
              <value>
                <![CDATA[public void Chips_001_기본기능.기본기능_01_기본기능.TC_0000_앱실행과AccessToken얻기(java.lang.reflect.Method) throws java.lang.Exception]]>
              </value>
            </param>
          </params>
          <reporter-output>
          </reporter-output>
        </test-method> <!-- TC_0000_앱실행과AccessToken얻기 -->
        <test-method status="PASS" signature="AfterMethod(org.testng.ITestResult)[pri:0, instance:Chips_001_기본기능.기본기능_01_기본기능@3c87521]" name="AfterMethod" is-config="true" duration-ms="26" started-at="2021-07-30T12:27:12 KST" finished-at="2021-07-30T12:27:12 KST">
          <params>
            <param index="0">
              <value>
                <![CDATA[[TestResult name=TC_0000_앱실행과AccessToken얻기 status=SUCCESS method=기본기능_01_기본기능.TC_0000_앱실행과AccessToken얻기(java.lang.reflect.Method)[pri:0, instance:Chips_001_기본기능.기본기능_01_기본기능@3c87521] output={null}]]]>
              </value>
            </param>
          </params>
          <reporter-output>
          </reporter-output>
        </test-method> <!-- AfterMethod -->
        <test-method status="PASS" signature="BeforeMethod(java.lang.reflect.Method)[pri:0, instance:Chips_001_기본기능.기본기능_01_기본기능@3c87521]" name="BeforeMethod" is-config="true" duration-ms="1" started-at="2021-07-30T12:27:12 KST" finished-at="2021-07-30T12:27:12 KST">
          <params>
            <param index="0">
              <value>
                <![CDATA[public void Chips_001_기본기능.기본기능_01_기본기능.TC_0009_MIC버튼호출(java.lang.reflect.Method) throws java.lang.Exception]]>
              </value>
            </param>
          </params>
          <reporter-output>
          </reporter-output>
        </test-method> <!-- BeforeMethod -->
        <test-method status="PASS" signature="TC_0009_MIC버튼호출(java.lang.reflect.Method)[pri:0, instance:Chips_001_기본기능.기본기능_01_기본기능@3c87521]" name="TC_0009_MIC버튼호출" duration-ms="3781" started-at="2021-07-30T12:27:12 KST" description="칩스 리그레이션 TC : 실행_0009" finished-at="2021-07-30T12:27:16 KST">
          <params>
            <param index="0">
              <value>
                <![CDATA[public void Chips_001_기본기능.기본기능_01_기본기능.TC_0009_MIC버튼호출(java.lang.reflect.Method) throws java.lang.Exception]]>
              </value>
            </param>
          </params>
          <reporter-output>
          </reporter-output>
        </test-method> <!-- TC_0009_MIC버튼호출 -->
        <test-method status="PASS" signature="AfterMethod(org.testng.ITestResult)[pri:0, instance:Chips_001_기본기능.기본기능_01_기본기능@3c87521]" name="AfterMethod" is-config="true" duration-ms="17" started-at="2021-07-30T12:27:16 KST" finished-at="2021-07-30T12:27:16 KST">
          <params>
            <param index="0">
              <value>
                <![CDATA[[TestResult name=TC_0009_MIC버튼호출 status=SUCCESS method=기본기능_01_기본기능.TC_0009_MIC버튼호출(java.lang.reflect.Method)[pri:0, instance:Chips_001_기본기능.기본기능_01_기본기능@3c87521] output={null}]]]>
              </value>
            </param>
          </params>
          <reporter-output>
          </reporter-output>
        </test-method> <!-- AfterMethod -->
        <test-method status="PASS" signature="BeforeMethod(java.lang.reflect.Method)[pri:0, instance:Chips_001_기본기능.기본기능_01_기본기능@3c87521]" name="BeforeMethod" is-config="true" duration-ms="0" started-at="2021-07-30T12:27:16 KST" finished-at="2021-07-30T12:27:16 KST">
          <params>
            <param index="0">
              <value>
                <![CDATA[public void Chips_001_기본기능.기본기능_01_기본기능.TC_0068_베터리잔량_발화체크(java.lang.reflect.Method) throws java.lang.Exception]]>
              </value>
            </param>
          </params>
          <reporter-output>
          </reporter-output>
        </test-method> <!-- BeforeMethod -->
        <test-method status="PASS" signature="TC_0068_베터리잔량_발화체크(java.lang.reflect.Method)[pri:0, instance:Chips_001_기본기능.기본기능_01_기본기능@3c87521]" name="TC_0068_베터리잔량_발화체크" duration-ms="18384" started-at="2021-07-30T12:27:16 KST" description="칩스 리그레이션 TC : 실행_0068" finished-at="2021-07-30T12:27:35 KST">
          <params>
            <param index="0">
              <value>
                <![CDATA[public void Chips_001_기본기능.기본기능_01_기본기능.TC_0068_베터리잔량_발화체크(java.lang.reflect.Method) throws java.lang.Exception]]>
              </value>
            </param>
          </params>
          <reporter-output>
          </reporter-output>
        </test-method> <!-- TC_0068_베터리잔량_발화체크 -->
        <test-method status="PASS" signature="AfterMethod(org.testng.ITestResult)[pri:0, instance:Chips_001_기본기능.기본기능_01_기본기능@3c87521]" name="AfterMethod" is-config="true" duration-ms="16" started-at="2021-07-30T12:27:35 KST" finished-at="2021-07-30T12:27:35 KST">
          <params>
            <param index="0">
              <value>
                <![CDATA[[TestResult name=TC_0068_베터리잔량_발화체크 status=SUCCESS method=기본기능_01_기본기능.TC_0068_베터리잔량_발화체크(java.lang.reflect.Method)[pri:0, instance:Chips_001_기본기능.기본기능_01_기본기능@3c87521] output={null}]]]>
              </value>
            </param>
          </params>
          <reporter-output>
          </reporter-output>
        </test-method> <!-- AfterMethod -->
        <test-method status="PASS" signature="BeforeMethod(java.lang.reflect.Method)[pri:0, instance:Chips_001_기본기능.기본기능_01_기본기능@3c87521]" name="BeforeMethod" is-config="true" duration-ms="1" started-at="2021-07-30T12:27:35 KST" finished-at="2021-07-30T12:27:35 KST">
          <params>
            <param index="0">
              <value>
                <![CDATA[public void Chips_001_기본기능.기본기능_01_기본기능.TC_0069_베터리잔량_발화체크(java.lang.reflect.Method) throws java.lang.Exception]]>
              </value>
            </param>
          </params>
          <reporter-output>
          </reporter-output>
        </test-method> <!-- BeforeMethod -->
        <test-method status="PASS" signature="TC_0069_베터리잔량_발화체크(java.lang.reflect.Method)[pri:0, instance:Chips_001_기본기능.기본기능_01_기본기능@3c87521]" name="TC_0069_베터리잔량_발화체크" duration-ms="18382" started-at="2021-07-30T12:27:35 KST" description="칩스 리그레이션 TC : 실행_0069" finished-at="2021-07-30T12:27:53 KST">
          <params>
            <param index="0">
              <value>
                <![CDATA[public void Chips_001_기본기능.기본기능_01_기본기능.TC_0069_베터리잔량_발화체크(java.lang.reflect.Method) throws java.lang.Exception]]>
              </value>
            </param>
          </params>
          <reporter-output>
          </reporter-output>
        </test-method> <!-- TC_0069_베터리잔량_발화체크 -->
        <test-method status="PASS" signature="AfterMethod(org.testng.ITestResult)[pri:0, instance:Chips_001_기본기능.기본기능_01_기본기능@3c87521]" name="AfterMethod" is-config="true" duration-ms="16" started-at="2021-07-30T12:27:53 KST" finished-at="2021-07-30T12:27:53 KST">
          <params>
            <param index="0">
              <value>
                <![CDATA[[TestResult name=TC_0069_베터리잔량_발화체크 status=SUCCESS method=기본기능_01_기본기능.TC_0069_베터리잔량_발화체크(java.lang.reflect.Method)[pri:0, instance:Chips_001_기본기능.기본기능_01_기본기능@3c87521] output={null}]]]>
              </value>
            </param>
          </params>
          <reporter-output>
          </reporter-output>
        </test-method> <!-- AfterMethod -->
        <test-method status="PASS" signature="BeforeMethod(java.lang.reflect.Method)[pri:0, instance:Chips_001_기본기능.기본기능_01_기본기능@3c87521]" name="BeforeMethod" is-config="true" duration-ms="1" started-at="2021-07-30T12:27:53 KST" finished-at="2021-07-30T12:27:53 KST">
          <params>
            <param index="0">
              <value>
                <![CDATA[public void Chips_001_기본기능.기본기능_01_기본기능.TC_0079_전원제어_발화체크(java.lang.reflect.Method) throws java.lang.Exception]]>
              </value>
            </param>
          </params>
          <reporter-output>
          </reporter-output>
        </test-method> <!-- BeforeMethod -->
        <test-method status="PASS" signature="TC_0079_전원제어_발화체크(java.lang.reflect.Method)[pri:0, instance:Chips_001_기본기능.기본기능_01_기본기능@3c87521]" name="TC_0079_전원제어_발화체크" duration-ms="18406" started-at="2021-07-30T12:27:53 KST" description="칩스 리그레이션 TC : 실행_0079" finished-at="2021-07-30T12:28:11 KST">
          <params>
            <param index="0">
              <value>
                <![CDATA[public void Chips_001_기본기능.기본기능_01_기본기능.TC_0079_전원제어_발화체크(java.lang.reflect.Method) throws java.lang.Exception]]>
              </value>
            </param>
          </params>
          <reporter-output>
          </reporter-output>
        </test-method> <!-- TC_0079_전원제어_발화체크 -->
        <test-method status="PASS" signature="AfterMethod(org.testng.ITestResult)[pri:0, instance:Chips_001_기본기능.기본기능_01_기본기능@3c87521]" name="AfterMethod" is-config="true" duration-ms="17" started-at="2021-07-30T12:28:11 KST" finished-at="2021-07-30T12:28:11 KST">
          <params>
            <param index="0">
              <value>
                <![CDATA[[TestResult name=TC_0079_전원제어_발화체크 status=SUCCESS method=기본기능_01_기본기능.TC_0079_전원제어_발화체크(java.lang.reflect.Method)[pri:0, instance:Chips_001_기본기능.기본기능_01_기본기능@3c87521] output={null}]]]>
              </value>
            </param>
          </params>
          <reporter-output>
          </reporter-output>
        </test-method> <!-- AfterMethod -->
        <test-method status="PASS" signature="BeforeMethod(java.lang.reflect.Method)[pri:0, instance:Chips_001_기본기능.기본기능_01_기본기능@3c87521]" name="BeforeMethod" is-config="true" duration-ms="1" started-at="2021-07-30T12:28:11 KST" finished-at="2021-07-30T12:28:11 KST">
          <params>
            <param index="0">
              <value>
                <![CDATA[public void Chips_001_기본기능.기본기능_01_기본기능.TC_0091_환경설정_발화체크(java.lang.reflect.Method) throws java.lang.Exception]]>
              </value>
            </param>
          </params>
          <reporter-output>
          </reporter-output>
        </test-method> <!-- BeforeMethod -->
        <test-method status="PASS" signature="TC_0091_환경설정_발화체크(java.lang.reflect.Method)[pri:0, instance:Chips_001_기본기능.기본기능_01_기본기능@3c87521]" name="TC_0091_환경설정_발화체크" duration-ms="18397" started-at="2021-07-30T12:28:11 KST" description="칩스 리그레이션 TC : 실행_0091" finished-at="2021-07-30T12:28:30 KST">
          <params>
            <param index="0">
              <value>
                <![CDATA[public void Chips_001_기본기능.기본기능_01_기본기능.TC_0091_환경설정_발화체크(java.lang.reflect.Method) throws java.lang.Exception]]>
              </value>
            </param>
          </params>
          <reporter-output>
          </reporter-output>
        </test-method> <!-- TC_0091_환경설정_발화체크 -->
        <test-method status="PASS" signature="AfterMethod(org.testng.ITestResult)[pri:0, instance:Chips_001_기본기능.기본기능_01_기본기능@3c87521]" name="AfterMethod" is-config="true" duration-ms="17" started-at="2021-07-30T12:28:30 KST" finished-at="2021-07-30T12:28:30 KST">
          <params>
            <param index="0">
              <value>
                <![CDATA[[TestResult name=TC_0091_환경설정_발화체크 status=SUCCESS method=기본기능_01_기본기능.TC_0091_환경설정_발화체크(java.lang.reflect.Method)[pri:0, instance:Chips_001_기본기능.기본기능_01_기본기능@3c87521] output={null}]]]>
              </value>
            </param>
          </params>
          <reporter-output>
          </reporter-output>
        </test-method> <!-- AfterMethod -->
        <test-method status="PASS" signature="TC_0094_미디어재생중_환경설정_발화체크(java.lang.reflect.Method)[pri:0, instance:Chips_001_기본기능.기본기능_01_기본기능@3c87521]" name="TC_0094_미디어재생중_환경설정_발화체크" duration-ms="39149" started-at="2021-07-30T12:28:30 KST" description="칩스 리그레이션 TC : 실행_0094" finished-at="2021-07-30T12:29:09 KST">
          <params>
            <param index="0">
              <value>
                <![CDATA[public void Chips_001_기본기능.기본기능_01_기본기능.TC_0094_미디어재생중_환경설정_발화체크(java.lang.reflect.Method) throws java.lang.Exception]]>
              </value>
            </param>
          </params>
          <reporter-output>
          </reporter-output>
        </test-method> <!-- TC_0094_미디어재생중_환경설정_발화체크 -->
        <test-method status="PASS" signature="BeforeMethod(java.lang.reflect.Method)[pri:0, instance:Chips_001_기본기능.기본기능_01_기본기능@3c87521]" name="BeforeMethod" is-config="true" duration-ms="0" started-at="2021-07-30T12:28:30 KST" finished-at="2021-07-30T12:28:30 KST">
          <params>
            <param index="0">
              <value>
                <![CDATA[public void Chips_001_기본기능.기본기능_01_기본기능.TC_0094_미디어재생중_환경설정_발화체크(java.lang.reflect.Method) throws java.lang.Exception]]>
              </value>
            </param>
          </params>
          <reporter-output>
          </reporter-output>
        </test-method> <!-- BeforeMethod -->
        <test-method status="PASS" signature="AfterMethod(org.testng.ITestResult)[pri:0, instance:Chips_001_기본기능.기본기능_01_기본기능@3c87521]" name="AfterMethod" is-config="true" duration-ms="22" started-at="2021-07-30T12:29:09 KST" finished-at="2021-07-30T12:29:09 KST">
          <params>
            <param index="0">
              <value>
                <![CDATA[[TestResult name=TC_0094_미디어재생중_환경설정_발화체크 status=SUCCESS method=기본기능_01_기본기능.TC_0094_미디어재생중_환경설정_발화체크(java.lang.reflect.Method)[pri:0, instance:Chips_001_기본기능.기본기능_01_기본기능@3c87521] output={null}]]]>
              </value>
            </param>
          </params>
          <reporter-output>
          </reporter-output>
        </test-method> <!-- AfterMethod -->
        <test-method status="PASS" signature="BeforeMethod(java.lang.reflect.Method)[pri:0, instance:Chips_001_기본기능.기본기능_01_기본기능@3c87521]" name="BeforeMethod" is-config="true" duration-ms="0" started-at="2021-07-30T12:29:09 KST" finished-at="2021-07-30T12:29:09 KST">
          <params>
            <param index="0">
              <value>
                <![CDATA[public void Chips_001_기본기능.기본기능_01_기본기능.TC_0098_홈화면변경_발화체크(java.lang.reflect.Method) throws java.lang.Exception]]>
              </value>
            </param>
          </params>
          <reporter-output>
          </reporter-output>
        </test-method> <!-- BeforeMethod -->
        <test-method status="PASS" signature="TC_0098_홈화면변경_발화체크(java.lang.reflect.Method)[pri:0, instance:Chips_001_기본기능.기본기능_01_기본기능@3c87521]" name="TC_0098_홈화면변경_발화체크" duration-ms="18350" started-at="2021-07-30T12:29:09 KST" description="칩스 리그레이션 TC : 실행_0098" finished-at="2021-07-30T12:29:27 KST">
          <params>
            <param index="0">
              <value>
                <![CDATA[public void Chips_001_기본기능.기본기능_01_기본기능.TC_0098_홈화면변경_발화체크(java.lang.reflect.Method) throws java.lang.Exception]]>
              </value>
            </param>
          </params>
          <reporter-output>
          </reporter-output>
        </test-method> <!-- TC_0098_홈화면변경_발화체크 -->
        <test-method status="PASS" signature="AfterMethod(org.testng.ITestResult)[pri:0, instance:Chips_001_기본기능.기본기능_01_기본기능@3c87521]" name="AfterMethod" is-config="true" duration-ms="16" started-at="2021-07-30T12:29:27 KST" finished-at="2021-07-30T12:29:27 KST">
          <params>
            <param index="0">
              <value>
                <![CDATA[[TestResult name=TC_0098_홈화면변경_발화체크 status=SUCCESS method=기본기능_01_기본기능.TC_0098_홈화면변경_발화체크(java.lang.reflect.Method)[pri:0, instance:Chips_001_기본기능.기본기능_01_기본기능@3c87521] output={null}]]]>
              </value>
            </param>
          </params>
          <reporter-output>
          </reporter-output>
        </test-method> <!-- AfterMethod -->
        <test-method status="PASS" signature="BeforeMethod(java.lang.reflect.Method)[pri:0, instance:Chips_001_기본기능.기본기능_01_기본기능@3c87521]" name="BeforeMethod" is-config="true" duration-ms="0" started-at="2021-07-30T12:29:27 KST" finished-at="2021-07-30T12:29:27 KST">
          <params>
            <param index="0">
              <value>
                <![CDATA[public void Chips_001_기본기능.기본기능_01_기본기능.TC_0115_나이트모드_발화체크(java.lang.reflect.Method) throws java.lang.Exception]]>
              </value>
            </param>
          </params>
          <reporter-output>
          </reporter-output>
        </test-method> <!-- BeforeMethod -->
        <test-method status="PASS" signature="TC_0115_나이트모드_발화체크(java.lang.reflect.Method)[pri:0, instance:Chips_001_기본기능.기본기능_01_기본기능@3c87521]" name="TC_0115_나이트모드_발화체크" duration-ms="18435" started-at="2021-07-30T12:29:27 KST" description="칩스 리그레이션 TC : 실행_0115" finished-at="2021-07-30T12:29:46 KST">
          <params>
            <param index="0">
              <value>
                <![CDATA[public void Chips_001_기본기능.기본기능_01_기본기능.TC_0115_나이트모드_발화체크(java.lang.reflect.Method) throws java.lang.Exception]]>
              </value>
            </param>
          </params>
          <reporter-output>
          </reporter-output>
        </test-method> <!-- TC_0115_나이트모드_발화체크 -->
        <test-method status="PASS" signature="AfterMethod(org.testng.ITestResult)[pri:0, instance:Chips_001_기본기능.기본기능_01_기본기능@3c87521]" name="AfterMethod" is-config="true" duration-ms="17" started-at="2021-07-30T12:29:46 KST" finished-at="2021-07-30T12:29:46 KST">
          <params>
            <param index="0">
              <value>
                <![CDATA[[TestResult name=TC_0115_나이트모드_발화체크 status=SUCCESS method=기본기능_01_기본기능.TC_0115_나이트모드_발화체크(java.lang.reflect.Method)[pri:0, instance:Chips_001_기본기능.기본기능_01_기본기능@3c87521] output={null}]]]>
              </value>
            </param>
          </params>
          <reporter-output>
          </reporter-output>
        </test-method> <!-- AfterMethod -->
        <test-method status="PASS" signature="tearDownClass(java.lang.String,java.lang.String,java.lang.String,java.lang.String,java.lang.String,java.lang.String,java.lang.String,java.lang.String,java.lang.String)[pri:0, instance:Chips_001_기본기능.기본기능_01_기본기능@3c87521]" name="tearDownClass" is-config="true" duration-ms="4839" started-at="2021-07-30T12:29:46 KST" finished-at="2021-07-30T12:29:51 KST">
          <params>
            <param index="0">
              <value>
                <![CDATA[RTG]]>
              </value>
            </param>
            <param index="1">
              <value>
                <![CDATA[Chips]]>
              </value>
            </param>
            <param index="2">
              <value>
                <![CDATA[in]]>
              </value>
            </param>
            <param index="3">
              <value>
                <![CDATA[ce06171633774e37027e]]>
              </value>
            </param>
            <param index="4">
              <value>
                <![CDATA[ALDF3NYA6C0D0C654DD2]]>
              </value>
            </param>
            <param index="5">
              <value>
                <![CDATA[ALDF5TR5SNGZ8175DA16]]>
              </value>
            </param>
            <param index="6">
              <value>
                <![CDATA[ALDFH3D1Q7W6071EFE41]]>
              </value>
            </param>
            <param index="7">
              <value>
                <![CDATA[ALDFHFMQC3RB935B4B02]]>
              </value>
            </param>
            <param index="8">
              <value>
                <![CDATA[ALDFHFMSG34WDF6CD40E]]>
              </value>
            </param>
          </params>
          <reporter-output>
          </reporter-output>
        </test-method> <!-- tearDownClass -->
      </class> <!-- Chips_001_기본기능.기본기능_01_기본기능 -->
    </test> <!-- Test_Project -->
  </suite> <!-- ExtentReport -->
</testng-results>
