<?xml version="1.0" encoding="UTF-8"?>
<testng-results ignored="0" total="13" passed="13" failed="0" skipped="0">
  <reporter-output>
  </reporter-output>
  <suite started-at="2021-12-02T11:55:22 KST" name="ExtentReport" finished-at="2021-12-02T11:58:43 KST" duration-ms="200579">
    <groups>
    </groups>
    <test started-at="2021-12-02T11:55:22 KST" name="Test_Project" finished-at="2021-12-02T11:58:43 KST" duration-ms="200579">
      <class name="Chips_009_검색.검색_02_누구백과">
        <test-method is-config="true" signature="setupClass(java.lang.String,java.lang.String,java.lang.String,java.lang.String,java.lang.String,java.lang.String,java.lang.String,java.lang.String,java.lang.String,java.lang.String,java.lang.String,java.lang.String,java.lang.String,java.lang.String,java.lang.String)[pri:0, instance:Chips_009_검색.검색_02_누구백과@6d5620ce]" started-at="2021-12-02T11:55:22 KST" name="setupClass" finished-at="2021-12-02T11:55:36 KST" duration-ms="14075" status="PASS">
          <params>
            <param index="0">
              <value>
                <![CDATA[Android]]>
              </value>
            </param>
            <param index="1">
              <value>
                <![CDATA[Chips]]>
              </value>
            </param>
            <param index="2">
              <value>
                <![CDATA[http://0.0.0.0:4723/wd/hub]]>
              </value>
            </param>
            <param index="3">
              <value>
                <![CDATA[STG]]>
              </value>
            </param>
            <param index="4">
              <value>
                <![CDATA[Chips]]>
              </value>
            </param>
            <param index="5">
              <value>
                <![CDATA[out]]>
              </value>
            </param>
            <param index="6">
              <value>
                <![CDATA[R33M4000CY]]>
              </value>
            </param>
            <param index="7">
              <value>
                <![CDATA[ALDF3NYA6C0D0C654DD2]]>
              </value>
            </param>
            <param index="8">
              <value>
                <![CDATA[ALDF5TR5SNGZ8175DA16]]>
              </value>
            </param>
            <param index="9">
              <value>
                <![CDATA[ALDFH3D1Q7W6071EFE41]]>
              </value>
            </param>
            <param index="10">
              <value>
                <![CDATA[ALDFH6OQ9HG79986A4FA]]>
              </value>
            </param>
            <param index="11">
              <value>
                <![CDATA[ALDFHFMQC3RB935B4B02]]>
              </value>
            </param>
            <param index="12">
              <value>
                <![CDATA[ALDFHFMSG34WDF6CD40E]]>
              </value>
            </param>
            <param index="13">
              <value>
                <![CDATA[ALDFHDFEBVOC7F098039]]>
              </value>
            </param>
            <param index="14">
              <value>
                <![CDATA[ALDG3Q4IA9EW3633F8EA]]>
              </value>
            </param>
          </params>
          <reporter-output>
          </reporter-output>
        </test-method> <!-- setupClass -->
        <test-method is-config="true" signature="BeforeMethod(java.lang.reflect.Method)[pri:0, instance:Chips_009_검색.검색_02_누구백과@6d5620ce]" started-at="2021-12-02T11:55:36 KST" name="BeforeMethod" finished-at="2021-12-02T11:55:36 KST" duration-ms="9" status="PASS">
          <params>
            <param index="0">
              <value>
                <![CDATA[public void Chips_009_검색.검색_02_누구백과.TC_0000_앱실행과AccessToken얻기(java.lang.reflect.Method) throws java.lang.Exception]]>
              </value>
            </param>
          </params>
          <reporter-output>
          </reporter-output>
        </test-method> <!-- BeforeMethod -->
        <test-method signature="TC_0000_앱실행과AccessToken얻기(java.lang.reflect.Method)[pri:0, instance:Chips_009_검색.검색_02_누구백과@6d5620ce]" started-at="2021-12-02T11:55:36 KST" name="TC_0000_앱실행과AccessToken얻기" description="칩스 리그레이션 TC : 실행_0000" finished-at="2021-12-02T11:56:28 KST" duration-ms="51962" status="PASS">
          <params>
            <param index="0">
              <value>
                <![CDATA[public void Chips_009_검색.검색_02_누구백과.TC_0000_앱실행과AccessToken얻기(java.lang.reflect.Method) throws java.lang.Exception]]>
              </value>
            </param>
          </params>
          <reporter-output>
          </reporter-output>
        </test-method> <!-- TC_0000_앱실행과AccessToken얻기 -->
        <test-method is-config="true" signature="AfterMethod(org.testng.ITestResult)[pri:0, instance:Chips_009_검색.검색_02_누구백과@6d5620ce]" started-at="2021-12-02T11:56:28 KST" name="AfterMethod" finished-at="2021-12-02T11:56:28 KST" duration-ms="0" status="PASS">
          <params>
            <param index="0">
              <value>
                <![CDATA[[TestResult name=TC_0000_앱실행과AccessToken얻기 status=SUCCESS method=검색_02_누구백과.TC_0000_앱실행과AccessToken얻기(java.lang.reflect.Method)[pri:0, instance:Chips_009_검색.검색_02_누구백과@6d5620ce] output={null}]]]>
              </value>
            </param>
          </params>
          <reporter-output>
          </reporter-output>
        </test-method> <!-- AfterMethod -->
        <test-method is-config="true" signature="BeforeMethod(java.lang.reflect.Method)[pri:0, instance:Chips_009_검색.검색_02_누구백과@6d5620ce]" started-at="2021-12-02T11:56:28 KST" name="BeforeMethod" finished-at="2021-12-02T11:56:28 KST" duration-ms="1" status="PASS">
          <params>
            <param index="0">
              <value>
                <![CDATA[public void Chips_009_검색.검색_02_누구백과.TC_0909_Chips_누구백과_도움말_확인(java.lang.reflect.Method) throws java.lang.Exception]]>
              </value>
            </param>
          </params>
          <reporter-output>
          </reporter-output>
        </test-method> <!-- BeforeMethod -->
        <test-method signature="TC_0909_Chips_누구백과_도움말_확인(java.lang.reflect.Method)[pri:0, instance:Chips_009_검색.검색_02_누구백과@6d5620ce]" started-at="2021-12-02T11:56:28 KST" name="TC_0909_Chips_누구백과_도움말_확인" description="칩스 리그레이션 TC : 실행_0909" finished-at="2021-12-02T11:56:37 KST" duration-ms="9196" status="PASS">
          <params>
            <param index="0">
              <value>
                <![CDATA[public void Chips_009_검색.검색_02_누구백과.TC_0909_Chips_누구백과_도움말_확인(java.lang.reflect.Method) throws java.lang.Exception]]>
              </value>
            </param>
          </params>
          <reporter-output>
          </reporter-output>
        </test-method> <!-- TC_0909_Chips_누구백과_도움말_확인 -->
        <test-method is-config="true" signature="AfterMethod(org.testng.ITestResult)[pri:0, instance:Chips_009_검색.검색_02_누구백과@6d5620ce]" started-at="2021-12-02T11:56:37 KST" name="AfterMethod" finished-at="2021-12-02T11:56:37 KST" duration-ms="1" status="PASS">
          <params>
            <param index="0">
              <value>
                <![CDATA[[TestResult name=TC_0909_Chips_누구백과_도움말_확인 status=SUCCESS method=검색_02_누구백과.TC_0909_Chips_누구백과_도움말_확인(java.lang.reflect.Method)[pri:0, instance:Chips_009_검색.검색_02_누구백과@6d5620ce] output={null}]]]>
              </value>
            </param>
          </params>
          <reporter-output>
          </reporter-output>
        </test-method> <!-- AfterMethod -->
        <test-method is-config="true" signature="BeforeMethod(java.lang.reflect.Method)[pri:0, instance:Chips_009_검색.검색_02_누구백과@6d5620ce]" started-at="2021-12-02T11:56:37 KST" name="BeforeMethod" finished-at="2021-12-02T11:56:37 KST" duration-ms="1" status="PASS">
          <params>
            <param index="0">
              <value>
                <![CDATA[public void Chips_009_검색.검색_02_누구백과.TC_0910_Chips_누구백과_도움말_확인(java.lang.reflect.Method) throws java.lang.Exception]]>
              </value>
            </param>
          </params>
          <reporter-output>
          </reporter-output>
        </test-method> <!-- BeforeMethod -->
        <test-method signature="TC_0910_Chips_누구백과_도움말_확인(java.lang.reflect.Method)[pri:0, instance:Chips_009_검색.검색_02_누구백과@6d5620ce]" started-at="2021-12-02T11:56:37 KST" name="TC_0910_Chips_누구백과_도움말_확인" description="칩스 리그레이션 TC : 실행_0910" finished-at="2021-12-02T11:56:43 KST" duration-ms="5113" status="PASS">
          <params>
            <param index="0">
              <value>
                <![CDATA[public void Chips_009_검색.검색_02_누구백과.TC_0910_Chips_누구백과_도움말_확인(java.lang.reflect.Method) throws java.lang.Exception]]>
              </value>
            </param>
          </params>
          <reporter-output>
          </reporter-output>
        </test-method> <!-- TC_0910_Chips_누구백과_도움말_확인 -->
        <test-method is-config="true" signature="AfterMethod(org.testng.ITestResult)[pri:0, instance:Chips_009_검색.검색_02_누구백과@6d5620ce]" started-at="2021-12-02T11:56:43 KST" name="AfterMethod" finished-at="2021-12-02T11:56:43 KST" duration-ms="1" status="PASS">
          <params>
            <param index="0">
              <value>
                <![CDATA[[TestResult name=TC_0910_Chips_누구백과_도움말_확인 status=SUCCESS method=검색_02_누구백과.TC_0910_Chips_누구백과_도움말_확인(java.lang.reflect.Method)[pri:0, instance:Chips_009_검색.검색_02_누구백과@6d5620ce] output={null}]]]>
              </value>
            </param>
          </params>
          <reporter-output>
          </reporter-output>
        </test-method> <!-- AfterMethod -->
        <test-method is-config="true" signature="BeforeMethod(java.lang.reflect.Method)[pri:0, instance:Chips_009_검색.검색_02_누구백과@6d5620ce]" started-at="2021-12-02T11:56:43 KST" name="BeforeMethod" finished-at="2021-12-02T11:56:43 KST" duration-ms="1" status="PASS">
          <params>
            <param index="0">
              <value>
                <![CDATA[public void Chips_009_검색.검색_02_누구백과.TC_0911_Chips_누구백과_도움말_확인(java.lang.reflect.Method) throws java.lang.Exception]]>
              </value>
            </param>
          </params>
          <reporter-output>
          </reporter-output>
        </test-method> <!-- BeforeMethod -->
        <test-method signature="TC_0911_Chips_누구백과_도움말_확인(java.lang.reflect.Method)[pri:0, instance:Chips_009_검색.검색_02_누구백과@6d5620ce]" started-at="2021-12-02T11:56:43 KST" name="TC_0911_Chips_누구백과_도움말_확인" description="칩스 리그레이션 TC : 실행_0911" finished-at="2021-12-02T11:56:48 KST" duration-ms="5104" status="PASS">
          <params>
            <param index="0">
              <value>
                <![CDATA[public void Chips_009_검색.검색_02_누구백과.TC_0911_Chips_누구백과_도움말_확인(java.lang.reflect.Method) throws java.lang.Exception]]>
              </value>
            </param>
          </params>
          <reporter-output>
          </reporter-output>
        </test-method> <!-- TC_0911_Chips_누구백과_도움말_확인 -->
        <test-method is-config="true" signature="AfterMethod(org.testng.ITestResult)[pri:0, instance:Chips_009_검색.검색_02_누구백과@6d5620ce]" started-at="2021-12-02T11:56:48 KST" name="AfterMethod" finished-at="2021-12-02T11:56:48 KST" duration-ms="2" status="PASS">
          <params>
            <param index="0">
              <value>
                <![CDATA[[TestResult name=TC_0911_Chips_누구백과_도움말_확인 status=SUCCESS method=검색_02_누구백과.TC_0911_Chips_누구백과_도움말_확인(java.lang.reflect.Method)[pri:0, instance:Chips_009_검색.검색_02_누구백과@6d5620ce] output={null}]]]>
              </value>
            </param>
          </params>
          <reporter-output>
          </reporter-output>
        </test-method> <!-- AfterMethod -->
        <test-method is-config="true" signature="BeforeMethod(java.lang.reflect.Method)[pri:0, instance:Chips_009_검색.검색_02_누구백과@6d5620ce]" started-at="2021-12-02T11:56:48 KST" name="BeforeMethod" finished-at="2021-12-02T11:56:48 KST" duration-ms="1" status="PASS">
          <params>
            <param index="0">
              <value>
                <![CDATA[public void Chips_009_검색.검색_02_누구백과.TC_0912_Chips_누구백과_도움말_확인(java.lang.reflect.Method) throws java.lang.Exception]]>
              </value>
            </param>
          </params>
          <reporter-output>
          </reporter-output>
        </test-method> <!-- BeforeMethod -->
        <test-method signature="TC_0912_Chips_누구백과_도움말_확인(java.lang.reflect.Method)[pri:0, instance:Chips_009_검색.검색_02_누구백과@6d5620ce]" started-at="2021-12-02T11:56:48 KST" name="TC_0912_Chips_누구백과_도움말_확인" description="칩스 리그레이션 TC : 실행_0912" finished-at="2021-12-02T11:56:53 KST" duration-ms="5115" status="PASS">
          <params>
            <param index="0">
              <value>
                <![CDATA[public void Chips_009_검색.검색_02_누구백과.TC_0912_Chips_누구백과_도움말_확인(java.lang.reflect.Method) throws java.lang.Exception]]>
              </value>
            </param>
          </params>
          <reporter-output>
          </reporter-output>
        </test-method> <!-- TC_0912_Chips_누구백과_도움말_확인 -->
        <test-method is-config="true" signature="AfterMethod(org.testng.ITestResult)[pri:0, instance:Chips_009_검색.검색_02_누구백과@6d5620ce]" started-at="2021-12-02T11:56:53 KST" name="AfterMethod" finished-at="2021-12-02T11:56:53 KST" duration-ms="1" status="PASS">
          <params>
            <param index="0">
              <value>
                <![CDATA[[TestResult name=TC_0912_Chips_누구백과_도움말_확인 status=SUCCESS method=검색_02_누구백과.TC_0912_Chips_누구백과_도움말_확인(java.lang.reflect.Method)[pri:0, instance:Chips_009_검색.검색_02_누구백과@6d5620ce] output={null}]]]>
              </value>
            </param>
          </params>
          <reporter-output>
          </reporter-output>
        </test-method> <!-- AfterMethod -->
        <test-method signature="TC_0913_Chips_누구백과_위키에서_확인(java.lang.reflect.Method)[pri:0, instance:Chips_009_검색.검색_02_누구백과@6d5620ce]" started-at="2021-12-02T11:56:53 KST" name="TC_0913_Chips_누구백과_위키에서_확인" description="칩스 리그레이션 TC : 실행_0913" finished-at="2021-12-02T11:57:05 KST" duration-ms="12224" status="PASS">
          <params>
            <param index="0">
              <value>
                <![CDATA[public void Chips_009_검색.검색_02_누구백과.TC_0913_Chips_누구백과_위키에서_확인(java.lang.reflect.Method) throws java.lang.Exception]]>
              </value>
            </param>
          </params>
          <reporter-output>
          </reporter-output>
        </test-method> <!-- TC_0913_Chips_누구백과_위키에서_확인 -->
        <test-method is-config="true" signature="BeforeMethod(java.lang.reflect.Method)[pri:0, instance:Chips_009_검색.검색_02_누구백과@6d5620ce]" started-at="2021-12-02T11:56:53 KST" name="BeforeMethod" finished-at="2021-12-02T11:56:53 KST" duration-ms="0" status="PASS">
          <params>
            <param index="0">
              <value>
                <![CDATA[public void Chips_009_검색.검색_02_누구백과.TC_0913_Chips_누구백과_위키에서_확인(java.lang.reflect.Method) throws java.lang.Exception]]>
              </value>
            </param>
          </params>
          <reporter-output>
          </reporter-output>
        </test-method> <!-- BeforeMethod -->
        <test-method is-config="true" signature="AfterMethod(org.testng.ITestResult)[pri:0, instance:Chips_009_검색.검색_02_누구백과@6d5620ce]" started-at="2021-12-02T11:57:05 KST" name="AfterMethod" finished-at="2021-12-02T11:57:05 KST" duration-ms="0" status="PASS">
          <params>
            <param index="0">
              <value>
                <![CDATA[[TestResult name=TC_0913_Chips_누구백과_위키에서_확인 status=SUCCESS method=검색_02_누구백과.TC_0913_Chips_누구백과_위키에서_확인(java.lang.reflect.Method)[pri:0, instance:Chips_009_검색.검색_02_누구백과@6d5620ce] output={null}]]]>
              </value>
            </param>
          </params>
          <reporter-output>
          </reporter-output>
        </test-method> <!-- AfterMethod -->
        <test-method is-config="true" signature="BeforeMethod(java.lang.reflect.Method)[pri:0, instance:Chips_009_검색.검색_02_누구백과@6d5620ce]" started-at="2021-12-02T11:57:05 KST" name="BeforeMethod" finished-at="2021-12-02T11:57:05 KST" duration-ms="1" status="PASS">
          <params>
            <param index="0">
              <value>
                <![CDATA[public void Chips_009_검색.검색_02_누구백과.TC_0914_Chips_누구백과_위키에서_확인(java.lang.reflect.Method) throws java.lang.Exception]]>
              </value>
            </param>
          </params>
          <reporter-output>
          </reporter-output>
        </test-method> <!-- BeforeMethod -->
        <test-method signature="TC_0914_Chips_누구백과_위키에서_확인(java.lang.reflect.Method)[pri:0, instance:Chips_009_검색.검색_02_누구백과@6d5620ce]" started-at="2021-12-02T11:57:05 KST" name="TC_0914_Chips_누구백과_위키에서_확인" description="칩스 리그레이션 TC : 실행_0914" finished-at="2021-12-02T11:57:18 KST" duration-ms="13272" status="PASS">
          <params>
            <param index="0">
              <value>
                <![CDATA[public void Chips_009_검색.검색_02_누구백과.TC_0914_Chips_누구백과_위키에서_확인(java.lang.reflect.Method) throws java.lang.Exception]]>
              </value>
            </param>
          </params>
          <reporter-output>
          </reporter-output>
        </test-method> <!-- TC_0914_Chips_누구백과_위키에서_확인 -->
        <test-method is-config="true" signature="AfterMethod(org.testng.ITestResult)[pri:0, instance:Chips_009_검색.검색_02_누구백과@6d5620ce]" started-at="2021-12-02T11:57:18 KST" name="AfterMethod" finished-at="2021-12-02T11:57:18 KST" duration-ms="0" status="PASS">
          <params>
            <param index="0">
              <value>
                <![CDATA[[TestResult name=TC_0914_Chips_누구백과_위키에서_확인 status=SUCCESS method=검색_02_누구백과.TC_0914_Chips_누구백과_위키에서_확인(java.lang.reflect.Method)[pri:0, instance:Chips_009_검색.검색_02_누구백과@6d5620ce] output={null}]]]>
              </value>
            </param>
          </params>
          <reporter-output>
          </reporter-output>
        </test-method> <!-- AfterMethod -->
        <test-method is-config="true" signature="BeforeMethod(java.lang.reflect.Method)[pri:0, instance:Chips_009_검색.검색_02_누구백과@6d5620ce]" started-at="2021-12-02T11:57:18 KST" name="BeforeMethod" finished-at="2021-12-02T11:57:18 KST" duration-ms="1" status="PASS">
          <params>
            <param index="0">
              <value>
                <![CDATA[public void Chips_009_검색.검색_02_누구백과.TC_0915_Chips_누구백과_누구백과에서_확인(java.lang.reflect.Method) throws java.lang.Exception]]>
              </value>
            </param>
          </params>
          <reporter-output>
          </reporter-output>
        </test-method> <!-- BeforeMethod -->
        <test-method signature="TC_0915_Chips_누구백과_누구백과에서_확인(java.lang.reflect.Method)[pri:0, instance:Chips_009_검색.검색_02_누구백과@6d5620ce]" started-at="2021-12-02T11:57:18 KST" name="TC_0915_Chips_누구백과_누구백과에서_확인" description="칩스 리그레이션 TC : 실행_0915" finished-at="2021-12-02T11:57:29 KST" duration-ms="11213" status="PASS">
          <params>
            <param index="0">
              <value>
                <![CDATA[public void Chips_009_검색.검색_02_누구백과.TC_0915_Chips_누구백과_누구백과에서_확인(java.lang.reflect.Method) throws java.lang.Exception]]>
              </value>
            </param>
          </params>
          <reporter-output>
          </reporter-output>
        </test-method> <!-- TC_0915_Chips_누구백과_누구백과에서_확인 -->
        <test-method is-config="true" signature="AfterMethod(org.testng.ITestResult)[pri:0, instance:Chips_009_검색.검색_02_누구백과@6d5620ce]" started-at="2021-12-02T11:57:29 KST" name="AfterMethod" finished-at="2021-12-02T11:57:29 KST" duration-ms="0" status="PASS">
          <params>
            <param index="0">
              <value>
                <![CDATA[[TestResult name=TC_0915_Chips_누구백과_누구백과에서_확인 status=SUCCESS method=검색_02_누구백과.TC_0915_Chips_누구백과_누구백과에서_확인(java.lang.reflect.Method)[pri:0, instance:Chips_009_검색.검색_02_누구백과@6d5620ce] output={null}]]]>
              </value>
            </param>
          </params>
          <reporter-output>
          </reporter-output>
        </test-method> <!-- AfterMethod -->
        <test-method signature="TC_0916_Chips_누구백과_누구백과에서_확인(java.lang.reflect.Method)[pri:0, instance:Chips_009_검색.검색_02_누구백과@6d5620ce]" started-at="2021-12-02T11:57:29 KST" name="TC_0916_Chips_누구백과_누구백과에서_확인" description="칩스 리그레이션 TC : 실행_0916" finished-at="2021-12-02T11:57:41 KST" duration-ms="11305" status="PASS">
          <params>
            <param index="0">
              <value>
                <![CDATA[public void Chips_009_검색.검색_02_누구백과.TC_0916_Chips_누구백과_누구백과에서_확인(java.lang.reflect.Method) throws java.lang.Exception]]>
              </value>
            </param>
          </params>
          <reporter-output>
          </reporter-output>
        </test-method> <!-- TC_0916_Chips_누구백과_누구백과에서_확인 -->
        <test-method is-config="true" signature="BeforeMethod(java.lang.reflect.Method)[pri:0, instance:Chips_009_검색.검색_02_누구백과@6d5620ce]" started-at="2021-12-02T11:57:29 KST" name="BeforeMethod" finished-at="2021-12-02T11:57:29 KST" duration-ms="0" status="PASS">
          <params>
            <param index="0">
              <value>
                <![CDATA[public void Chips_009_검색.검색_02_누구백과.TC_0916_Chips_누구백과_누구백과에서_확인(java.lang.reflect.Method) throws java.lang.Exception]]>
              </value>
            </param>
          </params>
          <reporter-output>
          </reporter-output>
        </test-method> <!-- BeforeMethod -->
        <test-method is-config="true" signature="AfterMethod(org.testng.ITestResult)[pri:0, instance:Chips_009_검색.검색_02_누구백과@6d5620ce]" started-at="2021-12-02T11:57:41 KST" name="AfterMethod" finished-at="2021-12-02T11:57:41 KST" duration-ms="1" status="PASS">
          <params>
            <param index="0">
              <value>
                <![CDATA[[TestResult name=TC_0916_Chips_누구백과_누구백과에서_확인 status=SUCCESS method=검색_02_누구백과.TC_0916_Chips_누구백과_누구백과에서_확인(java.lang.reflect.Method)[pri:0, instance:Chips_009_검색.검색_02_누구백과@6d5620ce] output={null}]]]>
              </value>
            </param>
          </params>
          <reporter-output>
          </reporter-output>
        </test-method> <!-- AfterMethod -->
        <test-method is-config="true" signature="BeforeMethod(java.lang.reflect.Method)[pri:0, instance:Chips_009_검색.검색_02_누구백과@6d5620ce]" started-at="2021-12-02T11:57:41 KST" name="BeforeMethod" finished-at="2021-12-02T11:57:41 KST" duration-ms="1" status="PASS">
          <params>
            <param index="0">
              <value>
                <![CDATA[public void Chips_009_검색.검색_02_누구백과.TC_0917_Chips_누구백과_호출어생략_키워드_확인(java.lang.reflect.Method) throws java.lang.Exception]]>
              </value>
            </param>
          </params>
          <reporter-output>
          </reporter-output>
        </test-method> <!-- BeforeMethod -->
        <test-method signature="TC_0917_Chips_누구백과_호출어생략_키워드_확인(java.lang.reflect.Method)[pri:0, instance:Chips_009_검색.검색_02_누구백과@6d5620ce]" started-at="2021-12-02T11:57:41 KST" name="TC_0917_Chips_누구백과_호출어생략_키워드_확인" description="칩스 리그레이션 TC : 실행_0917" finished-at="2021-12-02T11:57:56 KST" duration-ms="15176" status="PASS">
          <params>
            <param index="0">
              <value>
                <![CDATA[public void Chips_009_검색.검색_02_누구백과.TC_0917_Chips_누구백과_호출어생략_키워드_확인(java.lang.reflect.Method) throws java.lang.Exception]]>
              </value>
            </param>
          </params>
          <reporter-output>
          </reporter-output>
        </test-method> <!-- TC_0917_Chips_누구백과_호출어생략_키워드_확인 -->
        <test-method is-config="true" signature="AfterMethod(org.testng.ITestResult)[pri:0, instance:Chips_009_검색.검색_02_누구백과@6d5620ce]" started-at="2021-12-02T11:57:56 KST" name="AfterMethod" finished-at="2021-12-02T11:57:56 KST" duration-ms="1" status="PASS">
          <params>
            <param index="0">
              <value>
                <![CDATA[[TestResult name=TC_0917_Chips_누구백과_호출어생략_키워드_확인 status=SUCCESS method=검색_02_누구백과.TC_0917_Chips_누구백과_호출어생략_키워드_확인(java.lang.reflect.Method)[pri:0, instance:Chips_009_검색.검색_02_누구백과@6d5620ce] output={null}]]]>
              </value>
            </param>
          </params>
          <reporter-output>
          </reporter-output>
        </test-method> <!-- AfterMethod -->
        <test-method is-config="true" signature="BeforeMethod(java.lang.reflect.Method)[pri:0, instance:Chips_009_검색.검색_02_누구백과@6d5620ce]" started-at="2021-12-02T11:57:56 KST" name="BeforeMethod" finished-at="2021-12-02T11:57:56 KST" duration-ms="0" status="PASS">
          <params>
            <param index="0">
              <value>
                <![CDATA[public void Chips_009_검색.검색_02_누구백과.TC_0918_Chips_누구백과_호출어생략_키워드_확인(java.lang.reflect.Method) throws java.lang.Exception]]>
              </value>
            </param>
          </params>
          <reporter-output>
          </reporter-output>
        </test-method> <!-- BeforeMethod -->
        <test-method signature="TC_0918_Chips_누구백과_호출어생략_키워드_확인(java.lang.reflect.Method)[pri:0, instance:Chips_009_검색.검색_02_누구백과@6d5620ce]" started-at="2021-12-02T11:57:56 KST" name="TC_0918_Chips_누구백과_호출어생략_키워드_확인" description="칩스 리그레이션 TC : 실행_0918" finished-at="2021-12-02T11:58:11 KST" duration-ms="15251" status="PASS">
          <params>
            <param index="0">
              <value>
                <![CDATA[public void Chips_009_검색.검색_02_누구백과.TC_0918_Chips_누구백과_호출어생략_키워드_확인(java.lang.reflect.Method) throws java.lang.Exception]]>
              </value>
            </param>
          </params>
          <reporter-output>
          </reporter-output>
        </test-method> <!-- TC_0918_Chips_누구백과_호출어생략_키워드_확인 -->
        <test-method is-config="true" signature="AfterMethod(org.testng.ITestResult)[pri:0, instance:Chips_009_검색.검색_02_누구백과@6d5620ce]" started-at="2021-12-02T11:58:11 KST" name="AfterMethod" finished-at="2021-12-02T11:58:11 KST" duration-ms="1" status="PASS">
          <params>
            <param index="0">
              <value>
                <![CDATA[[TestResult name=TC_0918_Chips_누구백과_호출어생략_키워드_확인 status=SUCCESS method=검색_02_누구백과.TC_0918_Chips_누구백과_호출어생략_키워드_확인(java.lang.reflect.Method)[pri:0, instance:Chips_009_검색.검색_02_누구백과@6d5620ce] output={null}]]]>
              </value>
            </param>
          </params>
          <reporter-output>
          </reporter-output>
        </test-method> <!-- AfterMethod -->
        <test-method is-config="true" signature="BeforeMethod(java.lang.reflect.Method)[pri:0, instance:Chips_009_검색.검색_02_누구백과@6d5620ce]" started-at="2021-12-02T11:58:11 KST" name="BeforeMethod" finished-at="2021-12-02T11:58:11 KST" duration-ms="1" status="PASS">
          <params>
            <param index="0">
              <value>
                <![CDATA[public void Chips_009_검색.검색_02_누구백과.TC_0919_Chips_누구백과_호출어생략_속성검색_확인(java.lang.reflect.Method) throws java.lang.Exception]]>
              </value>
            </param>
          </params>
          <reporter-output>
          </reporter-output>
        </test-method> <!-- BeforeMethod -->
        <test-method signature="TC_0919_Chips_누구백과_호출어생략_속성검색_확인(java.lang.reflect.Method)[pri:0, instance:Chips_009_검색.검색_02_누구백과@6d5620ce]" started-at="2021-12-02T11:58:11 KST" name="TC_0919_Chips_누구백과_호출어생략_속성검색_확인" description="칩스 리그레이션 TC : 실행_0919" finished-at="2021-12-02T11:58:23 KST" duration-ms="11417" status="PASS">
          <params>
            <param index="0">
              <value>
                <![CDATA[public void Chips_009_검색.검색_02_누구백과.TC_0919_Chips_누구백과_호출어생략_속성검색_확인(java.lang.reflect.Method) throws java.lang.Exception]]>
              </value>
            </param>
          </params>
          <reporter-output>
          </reporter-output>
        </test-method> <!-- TC_0919_Chips_누구백과_호출어생략_속성검색_확인 -->
        <test-method is-config="true" signature="AfterMethod(org.testng.ITestResult)[pri:0, instance:Chips_009_검색.검색_02_누구백과@6d5620ce]" started-at="2021-12-02T11:58:23 KST" name="AfterMethod" finished-at="2021-12-02T11:58:23 KST" duration-ms="1" status="PASS">
          <params>
            <param index="0">
              <value>
                <![CDATA[[TestResult name=TC_0919_Chips_누구백과_호출어생략_속성검색_확인 status=SUCCESS method=검색_02_누구백과.TC_0919_Chips_누구백과_호출어생략_속성검색_확인(java.lang.reflect.Method)[pri:0, instance:Chips_009_검색.검색_02_누구백과@6d5620ce] output={null}]]]>
              </value>
            </param>
          </params>
          <reporter-output>
          </reporter-output>
        </test-method> <!-- AfterMethod -->
        <test-method is-config="true" signature="BeforeMethod(java.lang.reflect.Method)[pri:0, instance:Chips_009_검색.검색_02_누구백과@6d5620ce]" started-at="2021-12-02T11:58:23 KST" name="BeforeMethod" finished-at="2021-12-02T11:58:23 KST" duration-ms="1" status="PASS">
          <params>
            <param index="0">
              <value>
                <![CDATA[public void Chips_009_검색.검색_02_누구백과.TC_0920_Chips_누구백과_호출어생략_속성검색_확인(java.lang.reflect.Method) throws java.lang.Exception]]>
              </value>
            </param>
          </params>
          <reporter-output>
          </reporter-output>
        </test-method> <!-- BeforeMethod -->
        <test-method signature="TC_0920_Chips_누구백과_호출어생략_속성검색_확인(java.lang.reflect.Method)[pri:0, instance:Chips_009_검색.검색_02_누구백과@6d5620ce]" started-at="2021-12-02T11:58:23 KST" name="TC_0920_Chips_누구백과_호출어생략_속성검색_확인" description="칩스 리그레이션 TC : 실행_0920" finished-at="2021-12-02T11:58:38 KST" duration-ms="15306" status="PASS">
          <params>
            <param index="0">
              <value>
                <![CDATA[public void Chips_009_검색.검색_02_누구백과.TC_0920_Chips_누구백과_호출어생략_속성검색_확인(java.lang.reflect.Method) throws java.lang.Exception]]>
              </value>
            </param>
          </params>
          <reporter-output>
          </reporter-output>
        </test-method> <!-- TC_0920_Chips_누구백과_호출어생략_속성검색_확인 -->
        <test-method is-config="true" signature="AfterMethod(org.testng.ITestResult)[pri:0, instance:Chips_009_검색.검색_02_누구백과@6d5620ce]" started-at="2021-12-02T11:58:38 KST" name="AfterMethod" finished-at="2021-12-02T11:58:38 KST" duration-ms="0" status="PASS">
          <params>
            <param index="0">
              <value>
                <![CDATA[[TestResult name=TC_0920_Chips_누구백과_호출어생략_속성검색_확인 status=SUCCESS method=검색_02_누구백과.TC_0920_Chips_누구백과_호출어생략_속성검색_확인(java.lang.reflect.Method)[pri:0, instance:Chips_009_검색.검색_02_누구백과@6d5620ce] output={null}]]]>
              </value>
            </param>
          </params>
          <reporter-output>
          </reporter-output>
        </test-method> <!-- AfterMethod -->
        <test-method is-config="true" signature="tearDownClass(java.lang.String,java.lang.String,java.lang.String,java.lang.String,java.lang.String,java.lang.String,java.lang.String,java.lang.String,java.lang.String,java.lang.String,java.lang.String,java.lang.String)[pri:0, instance:Chips_009_검색.검색_02_누구백과@6d5620ce]" started-at="2021-12-02T11:58:38 KST" name="tearDownClass" finished-at="2021-12-02T11:58:43 KST" duration-ms="4767" status="PASS">
          <params>
            <param index="0">
              <value>
                <![CDATA[STG]]>
              </value>
            </param>
            <param index="1">
              <value>
                <![CDATA[Chips]]>
              </value>
            </param>
            <param index="2">
              <value>
                <![CDATA[out]]>
              </value>
            </param>
            <param index="3">
              <value>
                <![CDATA[R33M4000CY]]>
              </value>
            </param>
            <param index="4">
              <value>
                <![CDATA[ALDF3NYA6C0D0C654DD2]]>
              </value>
            </param>
            <param index="5">
              <value>
                <![CDATA[ALDF5TR5SNGZ8175DA16]]>
              </value>
            </param>
            <param index="6">
              <value>
                <![CDATA[ALDFH3D1Q7W6071EFE41]]>
              </value>
            </param>
            <param index="7">
              <value>
                <![CDATA[ALDFH6OQ9HG79986A4FA]]>
              </value>
            </param>
            <param index="8">
              <value>
                <![CDATA[ALDFHFMQC3RB935B4B02]]>
              </value>
            </param>
            <param index="9">
              <value>
                <![CDATA[ALDFHFMSG34WDF6CD40E]]>
              </value>
            </param>
            <param index="10">
              <value>
                <![CDATA[ALDFHDFEBVOC7F098039]]>
              </value>
            </param>
            <param index="11">
              <value>
                <![CDATA[ALDG3Q4IA9EW3633F8EA]]>
              </value>
            </param>
          </params>
          <reporter-output>
          </reporter-output>
        </test-method> <!-- tearDownClass -->
      </class> <!-- Chips_009_검색.검색_02_누구백과 -->
    </test> <!-- Test_Project -->
  </suite> <!-- ExtentReport -->
</testng-results>
