<?xml version="1.0" encoding="UTF-8"?>
<testng-results ignored="0" total="46" passed="29" failed="2" skipped="15">
  <reporter-output>
  </reporter-output>
  <suite started-at="2021-07-27T11:36:41 KST" name="ExtentReport" finished-at="2021-07-27T11:46:44 KST" duration-ms="603066">
    <groups>
    </groups>
    <test started-at="2021-07-27T11:36:41 KST" name="Test_Project" finished-at="2021-07-27T11:46:44 KST" duration-ms="603066">
      <class name="Chips_006_금융.금융_01_삼성증권">
        <test-method is-config="true" signature="setupClass(java.lang.String,java.lang.String,java.lang.String,java.lang.String,java.lang.String,java.lang.String,java.lang.String,java.lang.String,java.lang.String,java.lang.String,java.lang.String,java.lang.String)[pri:0, instance:Chips_006_금융.금융_01_삼성증권@3e78b6a5]" started-at="2021-07-27T11:36:41 KST" name="setupClass" finished-at="2021-07-27T11:36:59 KST" duration-ms="17448" status="PASS">
          <params>
            <param index="0">
              <value>
                <![CDATA[Android]]>
              </value>
            </param>
            <param index="1">
              <value>
                <![CDATA[Chips]]>
              </value>
            </param>
            <param index="2">
              <value>
                <![CDATA[http://0.0.0.0:4723/wd/hub]]>
              </value>
            </param>
            <param index="3">
              <value>
                <![CDATA[RTG]]>
              </value>
            </param>
            <param index="4">
              <value>
                <![CDATA[Chips]]>
              </value>
            </param>
            <param index="5">
              <value>
                <![CDATA[out]]>
              </value>
            </param>
            <param index="6">
              <value>
                <![CDATA[ce06171633774e37027e]]>
              </value>
            </param>
            <param index="7">
              <value>
                <![CDATA[ALDF3NYA6C0D0C654DD2]]>
              </value>
            </param>
            <param index="8">
              <value>
                <![CDATA[ALDF5TR5SNGZ8175DA16]]>
              </value>
            </param>
            <param index="9">
              <value>
                <![CDATA[ALDFH3D1Q7W6071EFE41]]>
              </value>
            </param>
            <param index="10">
              <value>
                <![CDATA[ALDFHFMQC3RB935B4B02]]>
              </value>
            </param>
            <param index="11">
              <value>
                <![CDATA[ALDFHFMSG34WDF6CD40E]]>
              </value>
            </param>
          </params>
          <reporter-output>
          </reporter-output>
        </test-method> <!-- setupClass -->
        <test-method is-config="true" signature="BeforeMethod(java.lang.reflect.Method)[pri:0, instance:Chips_006_금융.금융_01_삼성증권@3e78b6a5]" started-at="2021-07-27T11:36:59 KST" name="BeforeMethod" finished-at="2021-07-27T11:36:59 KST" duration-ms="7" status="PASS">
          <params>
            <param index="0">
              <value>
                <![CDATA[public void Chips_006_금융.금융_01_삼성증권.TC_0000_앱실행과AccessToken얻기(java.lang.reflect.Method) throws java.lang.Exception]]>
              </value>
            </param>
          </params>
          <reporter-output>
          </reporter-output>
        </test-method> <!-- BeforeMethod -->
        <test-method signature="TC_0000_앱실행과AccessToken얻기(java.lang.reflect.Method)[pri:0, instance:Chips_006_금융.금융_01_삼성증권@3e78b6a5]" started-at="2021-07-27T11:36:59 KST" name="TC_0000_앱실행과AccessToken얻기" description="칩스 리그레이션 TC : 실행_0000" finished-at="2021-07-27T11:38:00 KST" duration-ms="61296" status="PASS">
          <params>
            <param index="0">
              <value>
                <![CDATA[public void Chips_006_금융.금융_01_삼성증권.TC_0000_앱실행과AccessToken얻기(java.lang.reflect.Method) throws java.lang.Exception]]>
              </value>
            </param>
          </params>
          <reporter-output>
          </reporter-output>
        </test-method> <!-- TC_0000_앱실행과AccessToken얻기 -->
        <test-method is-config="true" signature="AfterMethod(org.testng.ITestResult)[pri:0, instance:Chips_006_금융.금융_01_삼성증권@3e78b6a5]" started-at="2021-07-27T11:38:00 KST" name="AfterMethod" finished-at="2021-07-27T11:38:00 KST" duration-ms="10" status="PASS">
          <params>
            <param index="0">
              <value>
                <![CDATA[[TestResult name=TC_0000_앱실행과AccessToken얻기 status=SUCCESS method=금융_01_삼성증권.TC_0000_앱실행과AccessToken얻기(java.lang.reflect.Method)[pri:0, instance:Chips_006_금융.금융_01_삼성증권@3e78b6a5] output={null}]]]>
              </value>
            </param>
          </params>
          <reporter-output>
          </reporter-output>
        </test-method> <!-- AfterMethod -->
        <test-method signature="TC_0953_Chips_삼성증권_도움말_확인(java.lang.reflect.Method)[pri:0, instance:Chips_006_금융.금융_01_삼성증권@3e78b6a5]" started-at="2021-07-27T11:38:00 KST" name="TC_0953_Chips_삼성증권_도움말_확인" description="칩스 리그레이션 TC : 실행_0953" finished-at="2021-07-27T11:38:17 KST" duration-ms="17191" status="PASS">
          <params>
            <param index="0">
              <value>
                <![CDATA[public void Chips_006_금융.금융_01_삼성증권.TC_0953_Chips_삼성증권_도움말_확인(java.lang.reflect.Method) throws java.lang.Exception]]>
              </value>
            </param>
          </params>
          <reporter-output>
          </reporter-output>
        </test-method> <!-- TC_0953_Chips_삼성증권_도움말_확인 -->
        <test-method is-config="true" signature="BeforeMethod(java.lang.reflect.Method)[pri:0, instance:Chips_006_금융.금융_01_삼성증권@3e78b6a5]" started-at="2021-07-27T11:38:00 KST" name="BeforeMethod" finished-at="2021-07-27T11:38:00 KST" duration-ms="0" status="PASS">
          <params>
            <param index="0">
              <value>
                <![CDATA[public void Chips_006_금융.금융_01_삼성증권.TC_0953_Chips_삼성증권_도움말_확인(java.lang.reflect.Method) throws java.lang.Exception]]>
              </value>
            </param>
          </params>
          <reporter-output>
          </reporter-output>
        </test-method> <!-- BeforeMethod -->
        <test-method is-config="true" signature="AfterMethod(org.testng.ITestResult)[pri:0, instance:Chips_006_금융.금융_01_삼성증권@3e78b6a5]" started-at="2021-07-27T11:38:17 KST" name="AfterMethod" finished-at="2021-07-27T11:38:17 KST" duration-ms="6" status="PASS">
          <params>
            <param index="0">
              <value>
                <![CDATA[[TestResult name=TC_0953_Chips_삼성증권_도움말_확인 status=SUCCESS method=금융_01_삼성증권.TC_0953_Chips_삼성증권_도움말_확인(java.lang.reflect.Method)[pri:0, instance:Chips_006_금융.금융_01_삼성증권@3e78b6a5] output={null}]]]>
              </value>
            </param>
          </params>
          <reporter-output>
          </reporter-output>
        </test-method> <!-- AfterMethod -->
        <test-method is-config="true" signature="BeforeMethod(java.lang.reflect.Method)[pri:0, instance:Chips_006_금융.금융_01_삼성증권@3e78b6a5]" started-at="2021-07-27T11:38:17 KST" name="BeforeMethod" finished-at="2021-07-27T11:38:17 KST" duration-ms="1" status="PASS">
          <params>
            <param index="0">
              <value>
                <![CDATA[public void Chips_006_금융.금융_01_삼성증권.TC_0954_Chips_삼성증권_도움말_확인(java.lang.reflect.Method) throws java.lang.Exception]]>
              </value>
            </param>
          </params>
          <reporter-output>
          </reporter-output>
        </test-method> <!-- BeforeMethod -->
        <test-method signature="TC_0954_Chips_삼성증권_도움말_확인(java.lang.reflect.Method)[pri:0, instance:Chips_006_금융.금융_01_삼성증권@3e78b6a5]" started-at="2021-07-27T11:38:17 KST" name="TC_0954_Chips_삼성증권_도움말_확인" description="칩스 리그레이션 TC : 실행_0954" finished-at="2021-07-27T11:38:35 KST" duration-ms="17196" status="PASS">
          <params>
            <param index="0">
              <value>
                <![CDATA[public void Chips_006_금융.금융_01_삼성증권.TC_0954_Chips_삼성증권_도움말_확인(java.lang.reflect.Method) throws java.lang.Exception]]>
              </value>
            </param>
          </params>
          <reporter-output>
          </reporter-output>
        </test-method> <!-- TC_0954_Chips_삼성증권_도움말_확인 -->
        <test-method is-config="true" signature="AfterMethod(org.testng.ITestResult)[pri:0, instance:Chips_006_금융.금융_01_삼성증권@3e78b6a5]" started-at="2021-07-27T11:38:35 KST" name="AfterMethod" finished-at="2021-07-27T11:38:35 KST" duration-ms="11" status="PASS">
          <params>
            <param index="0">
              <value>
                <![CDATA[[TestResult name=TC_0954_Chips_삼성증권_도움말_확인 status=SUCCESS method=금융_01_삼성증권.TC_0954_Chips_삼성증권_도움말_확인(java.lang.reflect.Method)[pri:0, instance:Chips_006_금융.금융_01_삼성증권@3e78b6a5] output={null}]]]>
              </value>
            </param>
          </params>
          <reporter-output>
          </reporter-output>
        </test-method> <!-- AfterMethod -->
        <test-method signature="TC_0955_Chips_삼성증권_도움말_확인(java.lang.reflect.Method)[pri:0, instance:Chips_006_금융.금융_01_삼성증권@3e78b6a5]" started-at="2021-07-27T11:38:35 KST" name="TC_0955_Chips_삼성증권_도움말_확인" description="칩스 리그레이션 TC : 실행_0955" finished-at="2021-07-27T11:38:52 KST" duration-ms="17178" status="PASS">
          <params>
            <param index="0">
              <value>
                <![CDATA[public void Chips_006_금융.금융_01_삼성증권.TC_0955_Chips_삼성증권_도움말_확인(java.lang.reflect.Method) throws java.lang.Exception]]>
              </value>
            </param>
          </params>
          <reporter-output>
          </reporter-output>
        </test-method> <!-- TC_0955_Chips_삼성증권_도움말_확인 -->
        <test-method is-config="true" signature="BeforeMethod(java.lang.reflect.Method)[pri:0, instance:Chips_006_금융.금융_01_삼성증권@3e78b6a5]" started-at="2021-07-27T11:38:35 KST" name="BeforeMethod" finished-at="2021-07-27T11:38:35 KST" duration-ms="0" status="PASS">
          <params>
            <param index="0">
              <value>
                <![CDATA[public void Chips_006_금융.금융_01_삼성증권.TC_0955_Chips_삼성증권_도움말_확인(java.lang.reflect.Method) throws java.lang.Exception]]>
              </value>
            </param>
          </params>
          <reporter-output>
          </reporter-output>
        </test-method> <!-- BeforeMethod -->
        <test-method is-config="true" signature="AfterMethod(org.testng.ITestResult)[pri:0, instance:Chips_006_금융.금융_01_삼성증권@3e78b6a5]" started-at="2021-07-27T11:38:52 KST" name="AfterMethod" finished-at="2021-07-27T11:38:52 KST" duration-ms="9" status="PASS">
          <params>
            <param index="0">
              <value>
                <![CDATA[[TestResult name=TC_0955_Chips_삼성증권_도움말_확인 status=SUCCESS method=금융_01_삼성증권.TC_0955_Chips_삼성증권_도움말_확인(java.lang.reflect.Method)[pri:0, instance:Chips_006_금융.금융_01_삼성증권@3e78b6a5] output={null}]]]>
              </value>
            </param>
          </params>
          <reporter-output>
          </reporter-output>
        </test-method> <!-- AfterMethod -->
        <test-method is-config="true" signature="BeforeMethod(java.lang.reflect.Method)[pri:0, instance:Chips_006_금융.금융_01_삼성증권@3e78b6a5]" started-at="2021-07-27T11:38:52 KST" name="BeforeMethod" finished-at="2021-07-27T11:38:52 KST" duration-ms="1" status="PASS">
          <params>
            <param index="0">
              <value>
                <![CDATA[public void Chips_006_금융.금융_01_삼성증권.TC_0956_Chips_삼성증권_도움말_확인(java.lang.reflect.Method) throws java.lang.Exception]]>
              </value>
            </param>
          </params>
          <reporter-output>
          </reporter-output>
        </test-method> <!-- BeforeMethod -->
        <test-method signature="TC_0956_Chips_삼성증권_도움말_확인(java.lang.reflect.Method)[pri:0, instance:Chips_006_금융.금융_01_삼성증권@3e78b6a5]" started-at="2021-07-27T11:38:52 KST" name="TC_0956_Chips_삼성증권_도움말_확인" description="칩스 리그레이션 TC : 실행_0956" finished-at="2021-07-27T11:39:09 KST" duration-ms="17174" status="PASS">
          <params>
            <param index="0">
              <value>
                <![CDATA[public void Chips_006_금융.금융_01_삼성증권.TC_0956_Chips_삼성증권_도움말_확인(java.lang.reflect.Method) throws java.lang.Exception]]>
              </value>
            </param>
          </params>
          <reporter-output>
          </reporter-output>
        </test-method> <!-- TC_0956_Chips_삼성증권_도움말_확인 -->
        <test-method is-config="true" signature="AfterMethod(org.testng.ITestResult)[pri:0, instance:Chips_006_금융.금융_01_삼성증권@3e78b6a5]" started-at="2021-07-27T11:39:09 KST" name="AfterMethod" finished-at="2021-07-27T11:39:09 KST" duration-ms="6" status="PASS">
          <params>
            <param index="0">
              <value>
                <![CDATA[[TestResult name=TC_0956_Chips_삼성증권_도움말_확인 status=SUCCESS method=금융_01_삼성증권.TC_0956_Chips_삼성증권_도움말_확인(java.lang.reflect.Method)[pri:0, instance:Chips_006_금융.금융_01_삼성증권@3e78b6a5] output={null}]]]>
              </value>
            </param>
          </params>
          <reporter-output>
          </reporter-output>
        </test-method> <!-- AfterMethod -->
        <test-method is-config="true" signature="BeforeMethod(java.lang.reflect.Method)[pri:0, instance:Chips_006_금융.금융_01_삼성증권@3e78b6a5]" started-at="2021-07-27T11:39:09 KST" name="BeforeMethod" finished-at="2021-07-27T11:39:09 KST" duration-ms="0" status="PASS">
          <params>
            <param index="0">
              <value>
                <![CDATA[public void Chips_006_금융.금융_01_삼성증권.TC_0957_Chips_삼성증권_TmapPOI발화_확인(java.lang.reflect.Method) throws java.lang.Exception]]>
              </value>
            </param>
          </params>
          <reporter-output>
          </reporter-output>
        </test-method> <!-- BeforeMethod -->
        <test-method signature="TC_0957_Chips_삼성증권_TmapPOI발화_확인(java.lang.reflect.Method)[pri:0, instance:Chips_006_금융.금융_01_삼성증권@3e78b6a5]" started-at="2021-07-27T11:39:09 KST" name="TC_0957_Chips_삼성증권_TmapPOI발화_확인" description="칩스 리그레이션 TC : 실행_0957" finished-at="2021-07-27T11:39:26 KST" duration-ms="17228" status="PASS">
          <params>
            <param index="0">
              <value>
                <![CDATA[public void Chips_006_금융.금융_01_삼성증권.TC_0957_Chips_삼성증권_TmapPOI발화_확인(java.lang.reflect.Method) throws java.lang.Exception]]>
              </value>
            </param>
          </params>
          <reporter-output>
          </reporter-output>
        </test-method> <!-- TC_0957_Chips_삼성증권_TmapPOI발화_확인 -->
        <test-method is-config="true" signature="AfterMethod(org.testng.ITestResult)[pri:0, instance:Chips_006_금융.금융_01_삼성증권@3e78b6a5]" started-at="2021-07-27T11:39:26 KST" name="AfterMethod" finished-at="2021-07-27T11:39:26 KST" duration-ms="10" status="PASS">
          <params>
            <param index="0">
              <value>
                <![CDATA[[TestResult name=TC_0957_Chips_삼성증권_TmapPOI발화_확인 status=SUCCESS method=금융_01_삼성증권.TC_0957_Chips_삼성증권_TmapPOI발화_확인(java.lang.reflect.Method)[pri:0, instance:Chips_006_금융.금융_01_삼성증권@3e78b6a5] output={null}]]]>
              </value>
            </param>
          </params>
          <reporter-output>
          </reporter-output>
        </test-method> <!-- AfterMethod -->
        <test-method is-config="true" signature="BeforeMethod(java.lang.reflect.Method)[pri:0, instance:Chips_006_금융.금융_01_삼성증권@3e78b6a5]" started-at="2021-07-27T11:39:26 KST" name="BeforeMethod" finished-at="2021-07-27T11:39:26 KST" duration-ms="1" status="PASS">
          <params>
            <param index="0">
              <value>
                <![CDATA[public void Chips_006_금융.금융_01_삼성증권.TC_0958_Chips_삼성증권_TmapPOI발화_확인(java.lang.reflect.Method) throws java.lang.Exception]]>
              </value>
            </param>
          </params>
          <reporter-output>
          </reporter-output>
        </test-method> <!-- BeforeMethod -->
        <test-method signature="TC_0958_Chips_삼성증권_TmapPOI발화_확인(java.lang.reflect.Method)[pri:0, instance:Chips_006_금융.금융_01_삼성증권@3e78b6a5]" started-at="2021-07-27T11:39:26 KST" name="TC_0958_Chips_삼성증권_TmapPOI발화_확인" description="칩스 리그레이션 TC : 실행_0958" finished-at="2021-07-27T11:39:43 KST" duration-ms="17156" status="PASS">
          <params>
            <param index="0">
              <value>
                <![CDATA[public void Chips_006_금융.금융_01_삼성증권.TC_0958_Chips_삼성증권_TmapPOI발화_확인(java.lang.reflect.Method) throws java.lang.Exception]]>
              </value>
            </param>
          </params>
          <reporter-output>
          </reporter-output>
        </test-method> <!-- TC_0958_Chips_삼성증권_TmapPOI발화_확인 -->
        <test-method is-config="true" signature="AfterMethod(org.testng.ITestResult)[pri:0, instance:Chips_006_금융.금융_01_삼성증권@3e78b6a5]" started-at="2021-07-27T11:39:43 KST" name="AfterMethod" finished-at="2021-07-27T11:39:43 KST" duration-ms="7" status="PASS">
          <params>
            <param index="0">
              <value>
                <![CDATA[[TestResult name=TC_0958_Chips_삼성증권_TmapPOI발화_확인 status=SUCCESS method=금융_01_삼성증권.TC_0958_Chips_삼성증권_TmapPOI발화_확인(java.lang.reflect.Method)[pri:0, instance:Chips_006_금융.금융_01_삼성증권@3e78b6a5] output={null}]]]>
              </value>
            </param>
          </params>
          <reporter-output>
          </reporter-output>
        </test-method> <!-- AfterMethod -->
        <test-method is-config="true" signature="BeforeMethod(java.lang.reflect.Method)[pri:0, instance:Chips_006_금융.금융_01_삼성증권@3e78b6a5]" started-at="2021-07-27T11:39:43 KST" name="BeforeMethod" finished-at="2021-07-27T11:39:43 KST" duration-ms="0" status="PASS">
          <params>
            <param index="0">
              <value>
                <![CDATA[public void Chips_006_금융.금융_01_삼성증권.TC_0959_1_Chips_삼성증권_종합주가지수_장전_확인(java.lang.reflect.Method) throws java.lang.Exception]]>
              </value>
            </param>
          </params>
          <reporter-output>
          </reporter-output>
        </test-method> <!-- BeforeMethod -->
        <test-method signature="TC_0959_1_Chips_삼성증권_종합주가지수_장전_확인(java.lang.reflect.Method)[pri:0, instance:Chips_006_금융.금융_01_삼성증권@3e78b6a5]" started-at="2021-07-27T11:39:43 KST" name="TC_0959_1_Chips_삼성증권_종합주가지수_장전_확인" description="칩스 리그레이션 TC : 실행_0959" finished-at="2021-07-27T11:39:43 KST" duration-ms="1" status="SKIP">
          <params>
            <param index="0">
              <value>
                <![CDATA[public void Chips_006_금융.금융_01_삼성증권.TC_0959_1_Chips_삼성증권_종합주가지수_장전_확인(java.lang.reflect.Method) throws java.lang.Exception]]>
              </value>
            </param>
          </params>
          <exception class="org.testng.SkipException">
            <message>
              <![CDATA[현재 [장중]상태로 장전상태 Test Skip]]>
            </message>
            <full-stacktrace>
              <![CDATA[org.testng.SkipException: 현재 [장중]상태로 장전상태 Test Skip
at Chips_006_금융.금융_01_삼성증권.TC_0959_1_Chips_삼성증권_종합주가지수_장전_확인(금융_01_삼성증권.java:188)
at java.base/jdk.internal.reflect.NativeMethodAccessorImpl.invoke0(Native Method)
at java.base/jdk.internal.reflect.NativeMethodAccessorImpl.invoke(NativeMethodAccessorImpl.java:64)
at java.base/jdk.internal.reflect.DelegatingMethodAccessorImpl.invoke(DelegatingMethodAccessorImpl.java:43)
at java.base/java.lang.reflect.Method.invoke(Method.java:564)
at org.testng.internal.MethodInvocationHelper.invokeMethod(MethodInvocationHelper.java:133)
at org.testng.internal.TestInvoker.invokeMethod(TestInvoker.java:598)
at org.testng.internal.TestInvoker.invokeTestMethod(TestInvoker.java:173)
at org.testng.internal.MethodRunner.runInSequence(MethodRunner.java:46)
at org.testng.internal.TestInvoker$MethodInvocationAgent.invoke(TestInvoker.java:824)
at org.testng.internal.TestInvoker.invokeTestMethods(TestInvoker.java:146)
at org.testng.internal.TestMethodWorker.invokeTestMethods(TestMethodWorker.java:146)
at org.testng.internal.TestMethodWorker.run(TestMethodWorker.java:128)
at java.base/java.util.ArrayList.forEach(ArrayList.java:1511)
at org.testng.TestRunner.privateRun(TestRunner.java:794)
at org.testng.TestRunner.run(TestRunner.java:596)
at org.testng.SuiteRunner.runTest(SuiteRunner.java:377)
at org.testng.SuiteRunner.access$000(SuiteRunner.java:28)
at org.testng.SuiteRunner$SuiteWorker.run(SuiteRunner.java:418)
at org.testng.internal.thread.ThreadUtil.lambda$execute$0(ThreadUtil.java:64)
at java.base/java.util.concurrent.FutureTask.run(FutureTask.java:264)
at java.base/java.util.concurrent.ThreadPoolExecutor.runWorker(ThreadPoolExecutor.java:1130)
at java.base/java.util.concurrent.ThreadPoolExecutor$Worker.run(ThreadPoolExecutor.java:630)
at java.base/java.lang.Thread.run(Thread.java:832)
]]>
            </full-stacktrace>
          </exception> <!-- org.testng.SkipException -->
          <reporter-output>
          </reporter-output>
        </test-method> <!-- TC_0959_1_Chips_삼성증권_종합주가지수_장전_확인 -->
        <test-method is-config="true" signature="AfterMethod(org.testng.ITestResult)[pri:0, instance:Chips_006_금융.금융_01_삼성증권@3e78b6a5]" started-at="2021-07-27T11:39:43 KST" name="AfterMethod" finished-at="2021-07-27T11:39:43 KST" duration-ms="4" status="PASS">
          <params>
            <param index="0">
              <value>
                <![CDATA[[TestResult name=TC_0959_1_Chips_삼성증권_종합주가지수_장전_확인 status=SKIP method=금융_01_삼성증권.TC_0959_1_Chips_삼성증권_종합주가지수_장전_확인(java.lang.reflect.Method)[pri:0, instance:Chips_006_금융.금융_01_삼성증권@3e78b6a5] output={null}]]]>
              </value>
            </param>
          </params>
          <reporter-output>
          </reporter-output>
        </test-method> <!-- AfterMethod -->
        <test-method is-config="true" signature="BeforeMethod(java.lang.reflect.Method)[pri:0, instance:Chips_006_금융.금융_01_삼성증권@3e78b6a5]" started-at="2021-07-27T11:39:43 KST" name="BeforeMethod" finished-at="2021-07-27T11:39:43 KST" duration-ms="0" status="PASS">
          <params>
            <param index="0">
              <value>
                <![CDATA[public void Chips_006_금융.금융_01_삼성증권.TC_0959_2_Chips_삼성증권_종합주가지수_장중_확인(java.lang.reflect.Method) throws java.lang.Exception]]>
              </value>
            </param>
          </params>
          <reporter-output>
          </reporter-output>
        </test-method> <!-- BeforeMethod -->
        <test-method signature="TC_0959_2_Chips_삼성증권_종합주가지수_장중_확인(java.lang.reflect.Method)[pri:0, instance:Chips_006_금융.금융_01_삼성증권@3e78b6a5]" started-at="2021-07-27T11:39:43 KST" name="TC_0959_2_Chips_삼성증권_종합주가지수_장중_확인" description="칩스 리그레이션 TC : 실행_0959" finished-at="2021-07-27T11:40:01 KST" duration-ms="17251" status="PASS">
          <params>
            <param index="0">
              <value>
                <![CDATA[public void Chips_006_금융.금융_01_삼성증권.TC_0959_2_Chips_삼성증권_종합주가지수_장중_확인(java.lang.reflect.Method) throws java.lang.Exception]]>
              </value>
            </param>
          </params>
          <reporter-output>
          </reporter-output>
        </test-method> <!-- TC_0959_2_Chips_삼성증권_종합주가지수_장중_확인 -->
        <test-method is-config="true" signature="AfterMethod(org.testng.ITestResult)[pri:0, instance:Chips_006_금융.금융_01_삼성증권@3e78b6a5]" started-at="2021-07-27T11:40:01 KST" name="AfterMethod" finished-at="2021-07-27T11:40:01 KST" duration-ms="12" status="PASS">
          <params>
            <param index="0">
              <value>
                <![CDATA[[TestResult name=TC_0959_2_Chips_삼성증권_종합주가지수_장중_확인 status=SUCCESS method=금융_01_삼성증권.TC_0959_2_Chips_삼성증권_종합주가지수_장중_확인(java.lang.reflect.Method)[pri:0, instance:Chips_006_금융.금융_01_삼성증권@3e78b6a5] output={null}]]]>
              </value>
            </param>
          </params>
          <reporter-output>
          </reporter-output>
        </test-method> <!-- AfterMethod -->
        <test-method is-config="true" signature="BeforeMethod(java.lang.reflect.Method)[pri:0, instance:Chips_006_금융.금융_01_삼성증권@3e78b6a5]" started-at="2021-07-27T11:40:01 KST" name="BeforeMethod" finished-at="2021-07-27T11:40:01 KST" duration-ms="0" status="PASS">
          <params>
            <param index="0">
              <value>
                <![CDATA[public void Chips_006_금융.금융_01_삼성증권.TC_0959_3_Chips_삼성증권_종합주가지수_장종_확인(java.lang.reflect.Method) throws java.lang.Exception]]>
              </value>
            </param>
          </params>
          <reporter-output>
          </reporter-output>
        </test-method> <!-- BeforeMethod -->
        <test-method signature="TC_0959_3_Chips_삼성증권_종합주가지수_장종_확인(java.lang.reflect.Method)[pri:0, instance:Chips_006_금융.금융_01_삼성증권@3e78b6a5]" started-at="2021-07-27T11:40:01 KST" name="TC_0959_3_Chips_삼성증권_종합주가지수_장종_확인" description="칩스 리그레이션 TC : 실행_0959" finished-at="2021-07-27T11:40:01 KST" duration-ms="5" status="SKIP">
          <params>
            <param index="0">
              <value>
                <![CDATA[public void Chips_006_금융.금융_01_삼성증권.TC_0959_3_Chips_삼성증권_종합주가지수_장종_확인(java.lang.reflect.Method) throws java.lang.Exception]]>
              </value>
            </param>
          </params>
          <exception class="org.testng.SkipException">
            <message>
              <![CDATA[현재 [장중]상태로 장종상태 Test Skip]]>
            </message>
            <full-stacktrace>
              <![CDATA[org.testng.SkipException: 현재 [장중]상태로 장종상태 Test Skip
at Chips_006_금융.금융_01_삼성증권.TC_0959_3_Chips_삼성증권_종합주가지수_장종_확인(금융_01_삼성증권.java:236)
at java.base/jdk.internal.reflect.NativeMethodAccessorImpl.invoke0(Native Method)
at java.base/jdk.internal.reflect.NativeMethodAccessorImpl.invoke(NativeMethodAccessorImpl.java:64)
at java.base/jdk.internal.reflect.DelegatingMethodAccessorImpl.invoke(DelegatingMethodAccessorImpl.java:43)
at java.base/java.lang.reflect.Method.invoke(Method.java:564)
at org.testng.internal.MethodInvocationHelper.invokeMethod(MethodInvocationHelper.java:133)
at org.testng.internal.TestInvoker.invokeMethod(TestInvoker.java:598)
at org.testng.internal.TestInvoker.invokeTestMethod(TestInvoker.java:173)
at org.testng.internal.MethodRunner.runInSequence(MethodRunner.java:46)
at org.testng.internal.TestInvoker$MethodInvocationAgent.invoke(TestInvoker.java:824)
at org.testng.internal.TestInvoker.invokeTestMethods(TestInvoker.java:146)
at org.testng.internal.TestMethodWorker.invokeTestMethods(TestMethodWorker.java:146)
at org.testng.internal.TestMethodWorker.run(TestMethodWorker.java:128)
at java.base/java.util.ArrayList.forEach(ArrayList.java:1511)
at org.testng.TestRunner.privateRun(TestRunner.java:794)
at org.testng.TestRunner.run(TestRunner.java:596)
at org.testng.SuiteRunner.runTest(SuiteRunner.java:377)
at org.testng.SuiteRunner.access$000(SuiteRunner.java:28)
at org.testng.SuiteRunner$SuiteWorker.run(SuiteRunner.java:418)
at org.testng.internal.thread.ThreadUtil.lambda$execute$0(ThreadUtil.java:64)
at java.base/java.util.concurrent.FutureTask.run(FutureTask.java:264)
at java.base/java.util.concurrent.ThreadPoolExecutor.runWorker(ThreadPoolExecutor.java:1130)
at java.base/java.util.concurrent.ThreadPoolExecutor$Worker.run(ThreadPoolExecutor.java:630)
at java.base/java.lang.Thread.run(Thread.java:832)
]]>
            </full-stacktrace>
          </exception> <!-- org.testng.SkipException -->
          <reporter-output>
          </reporter-output>
        </test-method> <!-- TC_0959_3_Chips_삼성증권_종합주가지수_장종_확인 -->
        <test-method is-config="true" signature="AfterMethod(org.testng.ITestResult)[pri:0, instance:Chips_006_금융.금융_01_삼성증권@3e78b6a5]" started-at="2021-07-27T11:40:01 KST" name="AfterMethod" finished-at="2021-07-27T11:40:01 KST" duration-ms="7" status="PASS">
          <params>
            <param index="0">
              <value>
                <![CDATA[[TestResult name=TC_0959_3_Chips_삼성증권_종합주가지수_장종_확인 status=SKIP method=금융_01_삼성증권.TC_0959_3_Chips_삼성증권_종합주가지수_장종_확인(java.lang.reflect.Method)[pri:0, instance:Chips_006_금융.금융_01_삼성증권@3e78b6a5] output={null}]]]>
              </value>
            </param>
          </params>
          <reporter-output>
          </reporter-output>
        </test-method> <!-- AfterMethod -->
        <test-method is-config="true" signature="BeforeMethod(java.lang.reflect.Method)[pri:0, instance:Chips_006_금융.금융_01_삼성증권@3e78b6a5]" started-at="2021-07-27T11:40:01 KST" name="BeforeMethod" finished-at="2021-07-27T11:40:01 KST" duration-ms="0" status="PASS">
          <params>
            <param index="0">
              <value>
                <![CDATA[public void Chips_006_금융.금융_01_삼성증권.TC_0960_1_Chips_삼성증권_종합주가지수_장전_확인(java.lang.reflect.Method) throws java.lang.Exception]]>
              </value>
            </param>
          </params>
          <reporter-output>
          </reporter-output>
        </test-method> <!-- BeforeMethod -->
        <test-method signature="TC_0960_1_Chips_삼성증권_종합주가지수_장전_확인(java.lang.reflect.Method)[pri:0, instance:Chips_006_금융.금융_01_삼성증권@3e78b6a5]" started-at="2021-07-27T11:40:01 KST" name="TC_0960_1_Chips_삼성증권_종합주가지수_장전_확인" description="칩스 리그레이션 TC : 실행_0960" finished-at="2021-07-27T11:40:01 KST" duration-ms="2" status="SKIP">
          <params>
            <param index="0">
              <value>
                <![CDATA[public void Chips_006_금융.금융_01_삼성증권.TC_0960_1_Chips_삼성증권_종합주가지수_장전_확인(java.lang.reflect.Method) throws java.lang.Exception]]>
              </value>
            </param>
          </params>
          <exception class="org.testng.SkipException">
            <message>
              <![CDATA[현재 [장중]상태로 장전상태 Test Skip]]>
            </message>
            <full-stacktrace>
              <![CDATA[org.testng.SkipException: 현재 [장중]상태로 장전상태 Test Skip
at Chips_006_금융.금융_01_삼성증권.TC_0960_1_Chips_삼성증권_종합주가지수_장전_확인(금융_01_삼성증권.java:276)
at java.base/jdk.internal.reflect.NativeMethodAccessorImpl.invoke0(Native Method)
at java.base/jdk.internal.reflect.NativeMethodAccessorImpl.invoke(NativeMethodAccessorImpl.java:64)
at java.base/jdk.internal.reflect.DelegatingMethodAccessorImpl.invoke(DelegatingMethodAccessorImpl.java:43)
at java.base/java.lang.reflect.Method.invoke(Method.java:564)
at org.testng.internal.MethodInvocationHelper.invokeMethod(MethodInvocationHelper.java:133)
at org.testng.internal.TestInvoker.invokeMethod(TestInvoker.java:598)
at org.testng.internal.TestInvoker.invokeTestMethod(TestInvoker.java:173)
at org.testng.internal.MethodRunner.runInSequence(MethodRunner.java:46)
at org.testng.internal.TestInvoker$MethodInvocationAgent.invoke(TestInvoker.java:824)
at org.testng.internal.TestInvoker.invokeTestMethods(TestInvoker.java:146)
at org.testng.internal.TestMethodWorker.invokeTestMethods(TestMethodWorker.java:146)
at org.testng.internal.TestMethodWorker.run(TestMethodWorker.java:128)
at java.base/java.util.ArrayList.forEach(ArrayList.java:1511)
at org.testng.TestRunner.privateRun(TestRunner.java:794)
at org.testng.TestRunner.run(TestRunner.java:596)
at org.testng.SuiteRunner.runTest(SuiteRunner.java:377)
at org.testng.SuiteRunner.access$000(SuiteRunner.java:28)
at org.testng.SuiteRunner$SuiteWorker.run(SuiteRunner.java:418)
at org.testng.internal.thread.ThreadUtil.lambda$execute$0(ThreadUtil.java:64)
at java.base/java.util.concurrent.FutureTask.run(FutureTask.java:264)
at java.base/java.util.concurrent.ThreadPoolExecutor.runWorker(ThreadPoolExecutor.java:1130)
at java.base/java.util.concurrent.ThreadPoolExecutor$Worker.run(ThreadPoolExecutor.java:630)
at java.base/java.lang.Thread.run(Thread.java:832)
]]>
            </full-stacktrace>
          </exception> <!-- org.testng.SkipException -->
          <reporter-output>
          </reporter-output>
        </test-method> <!-- TC_0960_1_Chips_삼성증권_종합주가지수_장전_확인 -->
        <test-method is-config="true" signature="AfterMethod(org.testng.ITestResult)[pri:0, instance:Chips_006_금융.금융_01_삼성증권@3e78b6a5]" started-at="2021-07-27T11:40:01 KST" name="AfterMethod" finished-at="2021-07-27T11:40:01 KST" duration-ms="5" status="PASS">
          <params>
            <param index="0">
              <value>
                <![CDATA[[TestResult name=TC_0960_1_Chips_삼성증권_종합주가지수_장전_확인 status=SKIP method=금융_01_삼성증권.TC_0960_1_Chips_삼성증권_종합주가지수_장전_확인(java.lang.reflect.Method)[pri:0, instance:Chips_006_금융.금융_01_삼성증권@3e78b6a5] output={null}]]]>
              </value>
            </param>
          </params>
          <reporter-output>
          </reporter-output>
        </test-method> <!-- AfterMethod -->
        <test-method is-config="true" signature="BeforeMethod(java.lang.reflect.Method)[pri:0, instance:Chips_006_금융.금융_01_삼성증권@3e78b6a5]" started-at="2021-07-27T11:40:01 KST" name="BeforeMethod" finished-at="2021-07-27T11:40:01 KST" duration-ms="0" status="PASS">
          <params>
            <param index="0">
              <value>
                <![CDATA[public void Chips_006_금융.금융_01_삼성증권.TC_0960_2_Chips_삼성증권_종합주가지수_장중_확인(java.lang.reflect.Method) throws java.lang.Exception]]>
              </value>
            </param>
          </params>
          <reporter-output>
          </reporter-output>
        </test-method> <!-- BeforeMethod -->
        <test-method signature="TC_0960_2_Chips_삼성증권_종합주가지수_장중_확인(java.lang.reflect.Method)[pri:0, instance:Chips_006_금융.금융_01_삼성증권@3e78b6a5]" started-at="2021-07-27T11:40:01 KST" name="TC_0960_2_Chips_삼성증권_종합주가지수_장중_확인" description="칩스 리그레이션 TC : 실행_0960" finished-at="2021-07-27T11:40:18 KST" duration-ms="17253" status="PASS">
          <params>
            <param index="0">
              <value>
                <![CDATA[public void Chips_006_금융.금융_01_삼성증권.TC_0960_2_Chips_삼성증권_종합주가지수_장중_확인(java.lang.reflect.Method) throws java.lang.Exception]]>
              </value>
            </param>
          </params>
          <reporter-output>
          </reporter-output>
        </test-method> <!-- TC_0960_2_Chips_삼성증권_종합주가지수_장중_확인 -->
        <test-method is-config="true" signature="AfterMethod(org.testng.ITestResult)[pri:0, instance:Chips_006_금융.금융_01_삼성증권@3e78b6a5]" started-at="2021-07-27T11:40:18 KST" name="AfterMethod" finished-at="2021-07-27T11:40:18 KST" duration-ms="12" status="PASS">
          <params>
            <param index="0">
              <value>
                <![CDATA[[TestResult name=TC_0960_2_Chips_삼성증권_종합주가지수_장중_확인 status=SUCCESS method=금융_01_삼성증권.TC_0960_2_Chips_삼성증권_종합주가지수_장중_확인(java.lang.reflect.Method)[pri:0, instance:Chips_006_금융.금융_01_삼성증권@3e78b6a5] output={null}]]]>
              </value>
            </param>
          </params>
          <reporter-output>
          </reporter-output>
        </test-method> <!-- AfterMethod -->
        <test-method is-config="true" signature="BeforeMethod(java.lang.reflect.Method)[pri:0, instance:Chips_006_금융.금융_01_삼성증권@3e78b6a5]" started-at="2021-07-27T11:40:18 KST" name="BeforeMethod" finished-at="2021-07-27T11:40:18 KST" duration-ms="0" status="PASS">
          <params>
            <param index="0">
              <value>
                <![CDATA[public void Chips_006_금융.금융_01_삼성증권.TC_0960_3_Chips_삼성증권_종합주가지수_장종_확인(java.lang.reflect.Method) throws java.lang.Exception]]>
              </value>
            </param>
          </params>
          <reporter-output>
          </reporter-output>
        </test-method> <!-- BeforeMethod -->
        <test-method signature="TC_0960_3_Chips_삼성증권_종합주가지수_장종_확인(java.lang.reflect.Method)[pri:0, instance:Chips_006_금융.금융_01_삼성증권@3e78b6a5]" started-at="2021-07-27T11:40:18 KST" name="TC_0960_3_Chips_삼성증권_종합주가지수_장종_확인" description="칩스 리그레이션 TC : 실행_0960" finished-at="2021-07-27T11:40:18 KST" duration-ms="2" status="SKIP">
          <params>
            <param index="0">
              <value>
                <![CDATA[public void Chips_006_금융.금융_01_삼성증권.TC_0960_3_Chips_삼성증권_종합주가지수_장종_확인(java.lang.reflect.Method) throws java.lang.Exception]]>
              </value>
            </param>
          </params>
          <exception class="org.testng.SkipException">
            <message>
              <![CDATA[현재 [장중]상태로 장종상태 Test Skip]]>
            </message>
            <full-stacktrace>
              <![CDATA[org.testng.SkipException: 현재 [장중]상태로 장종상태 Test Skip
at Chips_006_금융.금융_01_삼성증권.TC_0960_3_Chips_삼성증권_종합주가지수_장종_확인(금융_01_삼성증권.java:324)
at java.base/jdk.internal.reflect.NativeMethodAccessorImpl.invoke0(Native Method)
at java.base/jdk.internal.reflect.NativeMethodAccessorImpl.invoke(NativeMethodAccessorImpl.java:64)
at java.base/jdk.internal.reflect.DelegatingMethodAccessorImpl.invoke(DelegatingMethodAccessorImpl.java:43)
at java.base/java.lang.reflect.Method.invoke(Method.java:564)
at org.testng.internal.MethodInvocationHelper.invokeMethod(MethodInvocationHelper.java:133)
at org.testng.internal.TestInvoker.invokeMethod(TestInvoker.java:598)
at org.testng.internal.TestInvoker.invokeTestMethod(TestInvoker.java:173)
at org.testng.internal.MethodRunner.runInSequence(MethodRunner.java:46)
at org.testng.internal.TestInvoker$MethodInvocationAgent.invoke(TestInvoker.java:824)
at org.testng.internal.TestInvoker.invokeTestMethods(TestInvoker.java:146)
at org.testng.internal.TestMethodWorker.invokeTestMethods(TestMethodWorker.java:146)
at org.testng.internal.TestMethodWorker.run(TestMethodWorker.java:128)
at java.base/java.util.ArrayList.forEach(ArrayList.java:1511)
at org.testng.TestRunner.privateRun(TestRunner.java:794)
at org.testng.TestRunner.run(TestRunner.java:596)
at org.testng.SuiteRunner.runTest(SuiteRunner.java:377)
at org.testng.SuiteRunner.access$000(SuiteRunner.java:28)
at org.testng.SuiteRunner$SuiteWorker.run(SuiteRunner.java:418)
at org.testng.internal.thread.ThreadUtil.lambda$execute$0(ThreadUtil.java:64)
at java.base/java.util.concurrent.FutureTask.run(FutureTask.java:264)
at java.base/java.util.concurrent.ThreadPoolExecutor.runWorker(ThreadPoolExecutor.java:1130)
at java.base/java.util.concurrent.ThreadPoolExecutor$Worker.run(ThreadPoolExecutor.java:630)
at java.base/java.lang.Thread.run(Thread.java:832)
]]>
            </full-stacktrace>
          </exception> <!-- org.testng.SkipException -->
          <reporter-output>
          </reporter-output>
        </test-method> <!-- TC_0960_3_Chips_삼성증권_종합주가지수_장종_확인 -->
        <test-method is-config="true" signature="AfterMethod(org.testng.ITestResult)[pri:0, instance:Chips_006_금융.금융_01_삼성증권@3e78b6a5]" started-at="2021-07-27T11:40:18 KST" name="AfterMethod" finished-at="2021-07-27T11:40:18 KST" duration-ms="5" status="PASS">
          <params>
            <param index="0">
              <value>
                <![CDATA[[TestResult name=TC_0960_3_Chips_삼성증권_종합주가지수_장종_확인 status=SKIP method=금융_01_삼성증권.TC_0960_3_Chips_삼성증권_종합주가지수_장종_확인(java.lang.reflect.Method)[pri:0, instance:Chips_006_금융.금융_01_삼성증권@3e78b6a5] output={null}]]]>
              </value>
            </param>
          </params>
          <reporter-output>
          </reporter-output>
        </test-method> <!-- AfterMethod -->
        <test-method is-config="true" signature="BeforeMethod(java.lang.reflect.Method)[pri:0, instance:Chips_006_금융.금융_01_삼성증권@3e78b6a5]" started-at="2021-07-27T11:40:18 KST" name="BeforeMethod" finished-at="2021-07-27T11:40:18 KST" duration-ms="0" status="PASS">
          <params>
            <param index="0">
              <value>
                <![CDATA[public void Chips_006_금융.금융_01_삼성증권.TC_0961_1_Chips_삼성증권_종합주가지수_장전_확인(java.lang.reflect.Method) throws java.lang.Exception]]>
              </value>
            </param>
          </params>
          <reporter-output>
          </reporter-output>
        </test-method> <!-- BeforeMethod -->
        <test-method signature="TC_0961_1_Chips_삼성증권_종합주가지수_장전_확인(java.lang.reflect.Method)[pri:0, instance:Chips_006_금융.금융_01_삼성증권@3e78b6a5]" started-at="2021-07-27T11:40:18 KST" name="TC_0961_1_Chips_삼성증권_종합주가지수_장전_확인" description="칩스 리그레이션 TC : 실행_0961" finished-at="2021-07-27T11:40:18 KST" duration-ms="1" status="SKIP">
          <params>
            <param index="0">
              <value>
                <![CDATA[public void Chips_006_금융.금융_01_삼성증권.TC_0961_1_Chips_삼성증권_종합주가지수_장전_확인(java.lang.reflect.Method) throws java.lang.Exception]]>
              </value>
            </param>
          </params>
          <exception class="org.testng.SkipException">
            <message>
              <![CDATA[현재 [장중]상태로 장전상태 Test Skip]]>
            </message>
            <full-stacktrace>
              <![CDATA[org.testng.SkipException: 현재 [장중]상태로 장전상태 Test Skip
at Chips_006_금융.금융_01_삼성증권.TC_0961_1_Chips_삼성증권_종합주가지수_장전_확인(금융_01_삼성증권.java:367)
at java.base/jdk.internal.reflect.NativeMethodAccessorImpl.invoke0(Native Method)
at java.base/jdk.internal.reflect.NativeMethodAccessorImpl.invoke(NativeMethodAccessorImpl.java:64)
at java.base/jdk.internal.reflect.DelegatingMethodAccessorImpl.invoke(DelegatingMethodAccessorImpl.java:43)
at java.base/java.lang.reflect.Method.invoke(Method.java:564)
at org.testng.internal.MethodInvocationHelper.invokeMethod(MethodInvocationHelper.java:133)
at org.testng.internal.TestInvoker.invokeMethod(TestInvoker.java:598)
at org.testng.internal.TestInvoker.invokeTestMethod(TestInvoker.java:173)
at org.testng.internal.MethodRunner.runInSequence(MethodRunner.java:46)
at org.testng.internal.TestInvoker$MethodInvocationAgent.invoke(TestInvoker.java:824)
at org.testng.internal.TestInvoker.invokeTestMethods(TestInvoker.java:146)
at org.testng.internal.TestMethodWorker.invokeTestMethods(TestMethodWorker.java:146)
at org.testng.internal.TestMethodWorker.run(TestMethodWorker.java:128)
at java.base/java.util.ArrayList.forEach(ArrayList.java:1511)
at org.testng.TestRunner.privateRun(TestRunner.java:794)
at org.testng.TestRunner.run(TestRunner.java:596)
at org.testng.SuiteRunner.runTest(SuiteRunner.java:377)
at org.testng.SuiteRunner.access$000(SuiteRunner.java:28)
at org.testng.SuiteRunner$SuiteWorker.run(SuiteRunner.java:418)
at org.testng.internal.thread.ThreadUtil.lambda$execute$0(ThreadUtil.java:64)
at java.base/java.util.concurrent.FutureTask.run(FutureTask.java:264)
at java.base/java.util.concurrent.ThreadPoolExecutor.runWorker(ThreadPoolExecutor.java:1130)
at java.base/java.util.concurrent.ThreadPoolExecutor$Worker.run(ThreadPoolExecutor.java:630)
at java.base/java.lang.Thread.run(Thread.java:832)
]]>
            </full-stacktrace>
          </exception> <!-- org.testng.SkipException -->
          <reporter-output>
          </reporter-output>
        </test-method> <!-- TC_0961_1_Chips_삼성증권_종합주가지수_장전_확인 -->
        <test-method is-config="true" signature="AfterMethod(org.testng.ITestResult)[pri:0, instance:Chips_006_금융.금융_01_삼성증권@3e78b6a5]" started-at="2021-07-27T11:40:18 KST" name="AfterMethod" finished-at="2021-07-27T11:40:18 KST" duration-ms="6" status="PASS">
          <params>
            <param index="0">
              <value>
                <![CDATA[[TestResult name=TC_0961_1_Chips_삼성증권_종합주가지수_장전_확인 status=SKIP method=금융_01_삼성증권.TC_0961_1_Chips_삼성증권_종합주가지수_장전_확인(java.lang.reflect.Method)[pri:0, instance:Chips_006_금융.금융_01_삼성증권@3e78b6a5] output={null}]]]>
              </value>
            </param>
          </params>
          <reporter-output>
          </reporter-output>
        </test-method> <!-- AfterMethod -->
        <test-method signature="TC_0961_2_Chips_삼성증권_종합주가지수_장중_확인(java.lang.reflect.Method)[pri:0, instance:Chips_006_금융.금융_01_삼성증권@3e78b6a5]" started-at="2021-07-27T11:40:18 KST" name="TC_0961_2_Chips_삼성증권_종합주가지수_장중_확인" description="칩스 리그레이션 TC : 실행_0961" finished-at="2021-07-27T11:40:35 KST" duration-ms="17278" status="PASS">
          <params>
            <param index="0">
              <value>
                <![CDATA[public void Chips_006_금융.금융_01_삼성증권.TC_0961_2_Chips_삼성증권_종합주가지수_장중_확인(java.lang.reflect.Method) throws java.lang.Exception]]>
              </value>
            </param>
          </params>
          <reporter-output>
          </reporter-output>
        </test-method> <!-- TC_0961_2_Chips_삼성증권_종합주가지수_장중_확인 -->
        <test-method is-config="true" signature="BeforeMethod(java.lang.reflect.Method)[pri:0, instance:Chips_006_금융.금융_01_삼성증권@3e78b6a5]" started-at="2021-07-27T11:40:18 KST" name="BeforeMethod" finished-at="2021-07-27T11:40:18 KST" duration-ms="0" status="PASS">
          <params>
            <param index="0">
              <value>
                <![CDATA[public void Chips_006_금융.금융_01_삼성증권.TC_0961_2_Chips_삼성증권_종합주가지수_장중_확인(java.lang.reflect.Method) throws java.lang.Exception]]>
              </value>
            </param>
          </params>
          <reporter-output>
          </reporter-output>
        </test-method> <!-- BeforeMethod -->
        <test-method is-config="true" signature="AfterMethod(org.testng.ITestResult)[pri:0, instance:Chips_006_금융.금융_01_삼성증권@3e78b6a5]" started-at="2021-07-27T11:40:35 KST" name="AfterMethod" finished-at="2021-07-27T11:40:35 KST" duration-ms="13" status="PASS">
          <params>
            <param index="0">
              <value>
                <![CDATA[[TestResult name=TC_0961_2_Chips_삼성증권_종합주가지수_장중_확인 status=SUCCESS method=금융_01_삼성증권.TC_0961_2_Chips_삼성증권_종합주가지수_장중_확인(java.lang.reflect.Method)[pri:0, instance:Chips_006_금융.금융_01_삼성증권@3e78b6a5] output={null}]]]>
              </value>
            </param>
          </params>
          <reporter-output>
          </reporter-output>
        </test-method> <!-- AfterMethod -->
        <test-method is-config="true" signature="BeforeMethod(java.lang.reflect.Method)[pri:0, instance:Chips_006_금융.금융_01_삼성증권@3e78b6a5]" started-at="2021-07-27T11:40:35 KST" name="BeforeMethod" finished-at="2021-07-27T11:40:35 KST" duration-ms="1" status="PASS">
          <params>
            <param index="0">
              <value>
                <![CDATA[public void Chips_006_금융.금융_01_삼성증권.TC_0961_3_Chips_삼성증권_종합주가지수_장종_확인(java.lang.reflect.Method) throws java.lang.Exception]]>
              </value>
            </param>
          </params>
          <reporter-output>
          </reporter-output>
        </test-method> <!-- BeforeMethod -->
        <test-method signature="TC_0961_3_Chips_삼성증권_종합주가지수_장종_확인(java.lang.reflect.Method)[pri:0, instance:Chips_006_금융.금융_01_삼성증권@3e78b6a5]" started-at="2021-07-27T11:40:35 KST" name="TC_0961_3_Chips_삼성증권_종합주가지수_장종_확인" description="칩스 리그레이션 TC : 실행_0961" finished-at="2021-07-27T11:40:35 KST" duration-ms="2" status="SKIP">
          <params>
            <param index="0">
              <value>
                <![CDATA[public void Chips_006_금융.금융_01_삼성증권.TC_0961_3_Chips_삼성증권_종합주가지수_장종_확인(java.lang.reflect.Method) throws java.lang.Exception]]>
              </value>
            </param>
          </params>
          <exception class="org.testng.SkipException">
            <message>
              <![CDATA[현재 [장중]상태로 장종상태 Test Skip]]>
            </message>
            <full-stacktrace>
              <![CDATA[org.testng.SkipException: 현재 [장중]상태로 장종상태 Test Skip
at Chips_006_금융.금융_01_삼성증권.TC_0961_3_Chips_삼성증권_종합주가지수_장종_확인(금융_01_삼성증권.java:421)
at java.base/jdk.internal.reflect.NativeMethodAccessorImpl.invoke0(Native Method)
at java.base/jdk.internal.reflect.NativeMethodAccessorImpl.invoke(NativeMethodAccessorImpl.java:64)
at java.base/jdk.internal.reflect.DelegatingMethodAccessorImpl.invoke(DelegatingMethodAccessorImpl.java:43)
at java.base/java.lang.reflect.Method.invoke(Method.java:564)
at org.testng.internal.MethodInvocationHelper.invokeMethod(MethodInvocationHelper.java:133)
at org.testng.internal.TestInvoker.invokeMethod(TestInvoker.java:598)
at org.testng.internal.TestInvoker.invokeTestMethod(TestInvoker.java:173)
at org.testng.internal.MethodRunner.runInSequence(MethodRunner.java:46)
at org.testng.internal.TestInvoker$MethodInvocationAgent.invoke(TestInvoker.java:824)
at org.testng.internal.TestInvoker.invokeTestMethods(TestInvoker.java:146)
at org.testng.internal.TestMethodWorker.invokeTestMethods(TestMethodWorker.java:146)
at org.testng.internal.TestMethodWorker.run(TestMethodWorker.java:128)
at java.base/java.util.ArrayList.forEach(ArrayList.java:1511)
at org.testng.TestRunner.privateRun(TestRunner.java:794)
at org.testng.TestRunner.run(TestRunner.java:596)
at org.testng.SuiteRunner.runTest(SuiteRunner.java:377)
at org.testng.SuiteRunner.access$000(SuiteRunner.java:28)
at org.testng.SuiteRunner$SuiteWorker.run(SuiteRunner.java:418)
at org.testng.internal.thread.ThreadUtil.lambda$execute$0(ThreadUtil.java:64)
at java.base/java.util.concurrent.FutureTask.run(FutureTask.java:264)
at java.base/java.util.concurrent.ThreadPoolExecutor.runWorker(ThreadPoolExecutor.java:1130)
at java.base/java.util.concurrent.ThreadPoolExecutor$Worker.run(ThreadPoolExecutor.java:630)
at java.base/java.lang.Thread.run(Thread.java:832)
]]>
            </full-stacktrace>
          </exception> <!-- org.testng.SkipException -->
          <reporter-output>
          </reporter-output>
        </test-method> <!-- TC_0961_3_Chips_삼성증권_종합주가지수_장종_확인 -->
        <test-method is-config="true" signature="AfterMethod(org.testng.ITestResult)[pri:0, instance:Chips_006_금융.금융_01_삼성증권@3e78b6a5]" started-at="2021-07-27T11:40:35 KST" name="AfterMethod" finished-at="2021-07-27T11:40:35 KST" duration-ms="7" status="PASS">
          <params>
            <param index="0">
              <value>
                <![CDATA[[TestResult name=TC_0961_3_Chips_삼성증권_종합주가지수_장종_확인 status=SKIP method=금융_01_삼성증권.TC_0961_3_Chips_삼성증권_종합주가지수_장종_확인(java.lang.reflect.Method)[pri:0, instance:Chips_006_금융.금융_01_삼성증권@3e78b6a5] output={null}]]]>
              </value>
            </param>
          </params>
          <reporter-output>
          </reporter-output>
        </test-method> <!-- AfterMethod -->
        <test-method is-config="true" signature="BeforeMethod(java.lang.reflect.Method)[pri:0, instance:Chips_006_금융.금융_01_삼성증권@3e78b6a5]" started-at="2021-07-27T11:40:35 KST" name="BeforeMethod" finished-at="2021-07-27T11:40:35 KST" duration-ms="0" status="PASS">
          <params>
            <param index="0">
              <value>
                <![CDATA[public void Chips_006_금융.금융_01_삼성증권.TC_0962_1_Chips_삼성증권_종합주가지수_장전_확인(java.lang.reflect.Method) throws java.lang.Exception]]>
              </value>
            </param>
          </params>
          <reporter-output>
          </reporter-output>
        </test-method> <!-- BeforeMethod -->
        <test-method signature="TC_0962_1_Chips_삼성증권_종합주가지수_장전_확인(java.lang.reflect.Method)[pri:0, instance:Chips_006_금융.금융_01_삼성증권@3e78b6a5]" started-at="2021-07-27T11:40:35 KST" name="TC_0962_1_Chips_삼성증권_종합주가지수_장전_확인" description="칩스 리그레이션 TC : 실행_0961" finished-at="2021-07-27T11:40:35 KST" duration-ms="4" status="SKIP">
          <params>
            <param index="0">
              <value>
                <![CDATA[public void Chips_006_금융.금융_01_삼성증권.TC_0962_1_Chips_삼성증권_종합주가지수_장전_확인(java.lang.reflect.Method) throws java.lang.Exception]]>
              </value>
            </param>
          </params>
          <exception class="org.testng.SkipException">
            <message>
              <![CDATA[현재 [장중]상태로 장전상태 Test Skip]]>
            </message>
            <full-stacktrace>
              <![CDATA[org.testng.SkipException: 현재 [장중]상태로 장전상태 Test Skip
at Chips_006_금융.금융_01_삼성증권.TC_0962_1_Chips_삼성증권_종합주가지수_장전_확인(금융_01_삼성증권.java:461)
at java.base/jdk.internal.reflect.NativeMethodAccessorImpl.invoke0(Native Method)
at java.base/jdk.internal.reflect.NativeMethodAccessorImpl.invoke(NativeMethodAccessorImpl.java:64)
at java.base/jdk.internal.reflect.DelegatingMethodAccessorImpl.invoke(DelegatingMethodAccessorImpl.java:43)
at java.base/java.lang.reflect.Method.invoke(Method.java:564)
at org.testng.internal.MethodInvocationHelper.invokeMethod(MethodInvocationHelper.java:133)
at org.testng.internal.TestInvoker.invokeMethod(TestInvoker.java:598)
at org.testng.internal.TestInvoker.invokeTestMethod(TestInvoker.java:173)
at org.testng.internal.MethodRunner.runInSequence(MethodRunner.java:46)
at org.testng.internal.TestInvoker$MethodInvocationAgent.invoke(TestInvoker.java:824)
at org.testng.internal.TestInvoker.invokeTestMethods(TestInvoker.java:146)
at org.testng.internal.TestMethodWorker.invokeTestMethods(TestMethodWorker.java:146)
at org.testng.internal.TestMethodWorker.run(TestMethodWorker.java:128)
at java.base/java.util.ArrayList.forEach(ArrayList.java:1511)
at org.testng.TestRunner.privateRun(TestRunner.java:794)
at org.testng.TestRunner.run(TestRunner.java:596)
at org.testng.SuiteRunner.runTest(SuiteRunner.java:377)
at org.testng.SuiteRunner.access$000(SuiteRunner.java:28)
at org.testng.SuiteRunner$SuiteWorker.run(SuiteRunner.java:418)
at org.testng.internal.thread.ThreadUtil.lambda$execute$0(ThreadUtil.java:64)
at java.base/java.util.concurrent.FutureTask.run(FutureTask.java:264)
at java.base/java.util.concurrent.ThreadPoolExecutor.runWorker(ThreadPoolExecutor.java:1130)
at java.base/java.util.concurrent.ThreadPoolExecutor$Worker.run(ThreadPoolExecutor.java:630)
at java.base/java.lang.Thread.run(Thread.java:832)
]]>
            </full-stacktrace>
          </exception> <!-- org.testng.SkipException -->
          <reporter-output>
          </reporter-output>
        </test-method> <!-- TC_0962_1_Chips_삼성증권_종합주가지수_장전_확인 -->
        <test-method is-config="true" signature="AfterMethod(org.testng.ITestResult)[pri:0, instance:Chips_006_금융.금융_01_삼성증권@3e78b6a5]" started-at="2021-07-27T11:40:35 KST" name="AfterMethod" finished-at="2021-07-27T11:40:35 KST" duration-ms="8" status="PASS">
          <params>
            <param index="0">
              <value>
                <![CDATA[[TestResult name=TC_0962_1_Chips_삼성증권_종합주가지수_장전_확인 status=SKIP method=금융_01_삼성증권.TC_0962_1_Chips_삼성증권_종합주가지수_장전_확인(java.lang.reflect.Method)[pri:0, instance:Chips_006_금융.금융_01_삼성증권@3e78b6a5] output={null}]]]>
              </value>
            </param>
          </params>
          <reporter-output>
          </reporter-output>
        </test-method> <!-- AfterMethod -->
        <test-method is-config="true" signature="BeforeMethod(java.lang.reflect.Method)[pri:0, instance:Chips_006_금융.금융_01_삼성증권@3e78b6a5]" started-at="2021-07-27T11:40:35 KST" name="BeforeMethod" finished-at="2021-07-27T11:40:35 KST" duration-ms="0" status="PASS">
          <params>
            <param index="0">
              <value>
                <![CDATA[public void Chips_006_금융.금융_01_삼성증권.TC_0962_2_Chips_삼성증권_종합주가지수_장중_확인(java.lang.reflect.Method) throws java.lang.Exception]]>
              </value>
            </param>
          </params>
          <reporter-output>
          </reporter-output>
        </test-method> <!-- BeforeMethod -->
        <test-method signature="TC_0962_2_Chips_삼성증권_종합주가지수_장중_확인(java.lang.reflect.Method)[pri:0, instance:Chips_006_금융.금융_01_삼성증권@3e78b6a5]" started-at="2021-07-27T11:40:35 KST" name="TC_0962_2_Chips_삼성증권_종합주가지수_장중_확인" description="칩스 리그레이션 TC : 실행_0961" finished-at="2021-07-27T11:40:52 KST" duration-ms="17238" status="PASS">
          <params>
            <param index="0">
              <value>
                <![CDATA[public void Chips_006_금융.금융_01_삼성증권.TC_0962_2_Chips_삼성증권_종합주가지수_장중_확인(java.lang.reflect.Method) throws java.lang.Exception]]>
              </value>
            </param>
          </params>
          <reporter-output>
          </reporter-output>
        </test-method> <!-- TC_0962_2_Chips_삼성증권_종합주가지수_장중_확인 -->
        <test-method is-config="true" signature="AfterMethod(org.testng.ITestResult)[pri:0, instance:Chips_006_금융.금융_01_삼성증권@3e78b6a5]" started-at="2021-07-27T11:40:52 KST" name="AfterMethod" finished-at="2021-07-27T11:40:52 KST" duration-ms="9" status="PASS">
          <params>
            <param index="0">
              <value>
                <![CDATA[[TestResult name=TC_0962_2_Chips_삼성증권_종합주가지수_장중_확인 status=SUCCESS method=금융_01_삼성증권.TC_0962_2_Chips_삼성증권_종합주가지수_장중_확인(java.lang.reflect.Method)[pri:0, instance:Chips_006_금융.금융_01_삼성증권@3e78b6a5] output={null}]]]>
              </value>
            </param>
          </params>
          <reporter-output>
          </reporter-output>
        </test-method> <!-- AfterMethod -->
        <test-method is-config="true" signature="BeforeMethod(java.lang.reflect.Method)[pri:0, instance:Chips_006_금융.금융_01_삼성증권@3e78b6a5]" started-at="2021-07-27T11:40:52 KST" name="BeforeMethod" finished-at="2021-07-27T11:40:52 KST" duration-ms="1" status="PASS">
          <params>
            <param index="0">
              <value>
                <![CDATA[public void Chips_006_금융.금융_01_삼성증권.TC_0962_3_Chips_삼성증권_종합주가지수_장종_확인(java.lang.reflect.Method) throws java.lang.Exception]]>
              </value>
            </param>
          </params>
          <reporter-output>
          </reporter-output>
        </test-method> <!-- BeforeMethod -->
        <test-method signature="TC_0962_3_Chips_삼성증권_종합주가지수_장종_확인(java.lang.reflect.Method)[pri:0, instance:Chips_006_금융.금융_01_삼성증권@3e78b6a5]" started-at="2021-07-27T11:40:52 KST" name="TC_0962_3_Chips_삼성증권_종합주가지수_장종_확인" description="칩스 리그레이션 TC : 실행_0961" finished-at="2021-07-27T11:40:52 KST" duration-ms="2" status="SKIP">
          <params>
            <param index="0">
              <value>
                <![CDATA[public void Chips_006_금융.금융_01_삼성증권.TC_0962_3_Chips_삼성증권_종합주가지수_장종_확인(java.lang.reflect.Method) throws java.lang.Exception]]>
              </value>
            </param>
          </params>
          <exception class="org.testng.SkipException">
            <message>
              <![CDATA[현재 [장중]상태로 장종상태 Test Skip]]>
            </message>
            <full-stacktrace>
              <![CDATA[org.testng.SkipException: 현재 [장중]상태로 장종상태 Test Skip
at Chips_006_금융.금융_01_삼성증권.TC_0962_3_Chips_삼성증권_종합주가지수_장종_확인(금융_01_삼성증권.java:509)
at java.base/jdk.internal.reflect.NativeMethodAccessorImpl.invoke0(Native Method)
at java.base/jdk.internal.reflect.NativeMethodAccessorImpl.invoke(NativeMethodAccessorImpl.java:64)
at java.base/jdk.internal.reflect.DelegatingMethodAccessorImpl.invoke(DelegatingMethodAccessorImpl.java:43)
at java.base/java.lang.reflect.Method.invoke(Method.java:564)
at org.testng.internal.MethodInvocationHelper.invokeMethod(MethodInvocationHelper.java:133)
at org.testng.internal.TestInvoker.invokeMethod(TestInvoker.java:598)
at org.testng.internal.TestInvoker.invokeTestMethod(TestInvoker.java:173)
at org.testng.internal.MethodRunner.runInSequence(MethodRunner.java:46)
at org.testng.internal.TestInvoker$MethodInvocationAgent.invoke(TestInvoker.java:824)
at org.testng.internal.TestInvoker.invokeTestMethods(TestInvoker.java:146)
at org.testng.internal.TestMethodWorker.invokeTestMethods(TestMethodWorker.java:146)
at org.testng.internal.TestMethodWorker.run(TestMethodWorker.java:128)
at java.base/java.util.ArrayList.forEach(ArrayList.java:1511)
at org.testng.TestRunner.privateRun(TestRunner.java:794)
at org.testng.TestRunner.run(TestRunner.java:596)
at org.testng.SuiteRunner.runTest(SuiteRunner.java:377)
at org.testng.SuiteRunner.access$000(SuiteRunner.java:28)
at org.testng.SuiteRunner$SuiteWorker.run(SuiteRunner.java:418)
at org.testng.internal.thread.ThreadUtil.lambda$execute$0(ThreadUtil.java:64)
at java.base/java.util.concurrent.FutureTask.run(FutureTask.java:264)
at java.base/java.util.concurrent.ThreadPoolExecutor.runWorker(ThreadPoolExecutor.java:1130)
at java.base/java.util.concurrent.ThreadPoolExecutor$Worker.run(ThreadPoolExecutor.java:630)
at java.base/java.lang.Thread.run(Thread.java:832)
]]>
            </full-stacktrace>
          </exception> <!-- org.testng.SkipException -->
          <reporter-output>
          </reporter-output>
        </test-method> <!-- TC_0962_3_Chips_삼성증권_종합주가지수_장종_확인 -->
        <test-method is-config="true" signature="AfterMethod(org.testng.ITestResult)[pri:0, instance:Chips_006_금융.금융_01_삼성증권@3e78b6a5]" started-at="2021-07-27T11:40:52 KST" name="AfterMethod" finished-at="2021-07-27T11:40:52 KST" duration-ms="6" status="PASS">
          <params>
            <param index="0">
              <value>
                <![CDATA[[TestResult name=TC_0962_3_Chips_삼성증권_종합주가지수_장종_확인 status=SKIP method=금융_01_삼성증권.TC_0962_3_Chips_삼성증권_종합주가지수_장종_확인(java.lang.reflect.Method)[pri:0, instance:Chips_006_금융.금융_01_삼성증권@3e78b6a5] output={null}]]]>
              </value>
            </param>
          </params>
          <reporter-output>
          </reporter-output>
        </test-method> <!-- AfterMethod -->
        <test-method is-config="true" signature="BeforeMethod(java.lang.reflect.Method)[pri:0, instance:Chips_006_금융.금융_01_삼성증권@3e78b6a5]" started-at="2021-07-27T11:40:52 KST" name="BeforeMethod" finished-at="2021-07-27T11:40:52 KST" duration-ms="0" status="PASS">
          <params>
            <param index="0">
              <value>
                <![CDATA[public void Chips_006_금융.금융_01_삼성증권.TC_0963_Chips_삼성증권_종합주가지수_어제_확인(java.lang.reflect.Method) throws java.lang.Exception]]>
              </value>
            </param>
          </params>
          <reporter-output>
          </reporter-output>
        </test-method> <!-- BeforeMethod -->
        <test-method signature="TC_0963_Chips_삼성증권_종합주가지수_어제_확인(java.lang.reflect.Method)[pri:0, instance:Chips_006_금융.금융_01_삼성증권@3e78b6a5]" started-at="2021-07-27T11:40:52 KST" name="TC_0963_Chips_삼성증권_종합주가지수_어제_확인" description="칩스 리그레이션 TC : 실행_0963" finished-at="2021-07-27T11:41:10 KST" duration-ms="17253" status="PASS">
          <params>
            <param index="0">
              <value>
                <![CDATA[public void Chips_006_금융.금융_01_삼성증권.TC_0963_Chips_삼성증권_종합주가지수_어제_확인(java.lang.reflect.Method) throws java.lang.Exception]]>
              </value>
            </param>
          </params>
          <reporter-output>
          </reporter-output>
        </test-method> <!-- TC_0963_Chips_삼성증권_종합주가지수_어제_확인 -->
        <test-method is-config="true" signature="AfterMethod(org.testng.ITestResult)[pri:0, instance:Chips_006_금융.금융_01_삼성증권@3e78b6a5]" started-at="2021-07-27T11:41:10 KST" name="AfterMethod" finished-at="2021-07-27T11:41:10 KST" duration-ms="8" status="PASS">
          <params>
            <param index="0">
              <value>
                <![CDATA[[TestResult name=TC_0963_Chips_삼성증권_종합주가지수_어제_확인 status=SUCCESS method=금융_01_삼성증권.TC_0963_Chips_삼성증권_종합주가지수_어제_확인(java.lang.reflect.Method)[pri:0, instance:Chips_006_금융.금융_01_삼성증권@3e78b6a5] output={null}]]]>
              </value>
            </param>
          </params>
          <reporter-output>
          </reporter-output>
        </test-method> <!-- AfterMethod -->
        <test-method is-config="true" signature="BeforeMethod(java.lang.reflect.Method)[pri:0, instance:Chips_006_금융.금융_01_삼성증권@3e78b6a5]" started-at="2021-07-27T11:41:10 KST" name="BeforeMethod" finished-at="2021-07-27T11:41:10 KST" duration-ms="1" status="PASS">
          <params>
            <param index="0">
              <value>
                <![CDATA[public void Chips_006_금융.금융_01_삼성증권.TC_0964_Chips_삼성증권_종합주가지수_어제_확인(java.lang.reflect.Method) throws java.lang.Exception]]>
              </value>
            </param>
          </params>
          <reporter-output>
          </reporter-output>
        </test-method> <!-- BeforeMethod -->
        <test-method signature="TC_0964_Chips_삼성증권_종합주가지수_어제_확인(java.lang.reflect.Method)[pri:0, instance:Chips_006_금융.금융_01_삼성증권@3e78b6a5]" started-at="2021-07-27T11:41:10 KST" name="TC_0964_Chips_삼성증권_종합주가지수_어제_확인" description="칩스 리그레이션 TC : 실행_0963" finished-at="2021-07-27T11:41:27 KST" duration-ms="17266" status="PASS">
          <params>
            <param index="0">
              <value>
                <![CDATA[public void Chips_006_금융.금융_01_삼성증권.TC_0964_Chips_삼성증권_종합주가지수_어제_확인(java.lang.reflect.Method) throws java.lang.Exception]]>
              </value>
            </param>
          </params>
          <reporter-output>
          </reporter-output>
        </test-method> <!-- TC_0964_Chips_삼성증권_종합주가지수_어제_확인 -->
        <test-method is-config="true" signature="AfterMethod(org.testng.ITestResult)[pri:0, instance:Chips_006_금융.금융_01_삼성증권@3e78b6a5]" started-at="2021-07-27T11:41:27 KST" name="AfterMethod" finished-at="2021-07-27T11:41:27 KST" duration-ms="6" status="PASS">
          <params>
            <param index="0">
              <value>
                <![CDATA[[TestResult name=TC_0964_Chips_삼성증권_종합주가지수_어제_확인 status=SUCCESS method=금융_01_삼성증권.TC_0964_Chips_삼성증권_종합주가지수_어제_확인(java.lang.reflect.Method)[pri:0, instance:Chips_006_금융.금융_01_삼성증권@3e78b6a5] output={null}]]]>
              </value>
            </param>
          </params>
          <reporter-output>
          </reporter-output>
        </test-method> <!-- AfterMethod -->
        <test-method is-config="true" signature="BeforeMethod(java.lang.reflect.Method)[pri:0, instance:Chips_006_금융.금융_01_삼성증권@3e78b6a5]" started-at="2021-07-27T11:41:27 KST" name="BeforeMethod" finished-at="2021-07-27T11:41:27 KST" duration-ms="0" status="PASS">
          <params>
            <param index="0">
              <value>
                <![CDATA[public void Chips_006_금융.금융_01_삼성증권.TC_0965_Chips_삼성증권_종합주가지수_코스닥_확인(java.lang.reflect.Method) throws java.lang.Exception]]>
              </value>
            </param>
          </params>
          <reporter-output>
          </reporter-output>
        </test-method> <!-- BeforeMethod -->
        <test-method signature="TC_0965_Chips_삼성증권_종합주가지수_코스닥_확인(java.lang.reflect.Method)[pri:0, instance:Chips_006_금융.금융_01_삼성증권@3e78b6a5]" started-at="2021-07-27T11:41:27 KST" name="TC_0965_Chips_삼성증권_종합주가지수_코스닥_확인" description="칩스 리그레이션 TC : 실행_0965" finished-at="2021-07-27T11:41:44 KST" duration-ms="17204" status="PASS">
          <params>
            <param index="0">
              <value>
                <![CDATA[public void Chips_006_금융.금융_01_삼성증권.TC_0965_Chips_삼성증권_종합주가지수_코스닥_확인(java.lang.reflect.Method) throws java.lang.Exception]]>
              </value>
            </param>
          </params>
          <reporter-output>
          </reporter-output>
        </test-method> <!-- TC_0965_Chips_삼성증권_종합주가지수_코스닥_확인 -->
        <test-method is-config="true" signature="AfterMethod(org.testng.ITestResult)[pri:0, instance:Chips_006_금융.금융_01_삼성증권@3e78b6a5]" started-at="2021-07-27T11:41:44 KST" name="AfterMethod" finished-at="2021-07-27T11:41:44 KST" duration-ms="11" status="PASS">
          <params>
            <param index="0">
              <value>
                <![CDATA[[TestResult name=TC_0965_Chips_삼성증권_종합주가지수_코스닥_확인 status=SUCCESS method=금융_01_삼성증권.TC_0965_Chips_삼성증권_종합주가지수_코스닥_확인(java.lang.reflect.Method)[pri:0, instance:Chips_006_금융.금융_01_삼성증권@3e78b6a5] output={null}]]]>
              </value>
            </param>
          </params>
          <reporter-output>
          </reporter-output>
        </test-method> <!-- AfterMethod -->
        <test-method is-config="true" signature="BeforeMethod(java.lang.reflect.Method)[pri:0, instance:Chips_006_금융.금융_01_삼성증권@3e78b6a5]" started-at="2021-07-27T11:41:44 KST" name="BeforeMethod" finished-at="2021-07-27T11:41:44 KST" duration-ms="1" status="PASS">
          <params>
            <param index="0">
              <value>
                <![CDATA[public void Chips_006_금융.금융_01_삼성증권.TC_0966_Chips_삼성증권_종합주가지수_코스닥_확인(java.lang.reflect.Method) throws java.lang.Exception]]>
              </value>
            </param>
          </params>
          <reporter-output>
          </reporter-output>
        </test-method> <!-- BeforeMethod -->
        <test-method signature="TC_0966_Chips_삼성증권_종합주가지수_코스닥_확인(java.lang.reflect.Method)[pri:0, instance:Chips_006_금융.금융_01_삼성증권@3e78b6a5]" started-at="2021-07-27T11:41:44 KST" name="TC_0966_Chips_삼성증권_종합주가지수_코스닥_확인" description="칩스 리그레이션 TC : 실행_0966" finished-at="2021-07-27T11:42:01 KST" duration-ms="17207" status="FAIL">
          <params>
            <param index="0">
              <value>
                <![CDATA[public void Chips_006_금융.금융_01_삼성증권.TC_0966_Chips_삼성증권_종합주가지수_코스닥_확인(java.lang.reflect.Method) throws java.lang.Exception]]>
              </value>
            </param>
          </params>
          <exception class="junit.framework.AssertionFailedError">
            <full-stacktrace>
              <![CDATA[junit.framework.AssertionFailedError
at junit.framework.Assert.fail(Assert.java:47)
at junit.framework.Assert.assertTrue(Assert.java:20)
at junit.framework.Assert.assertTrue(Assert.java:27)
at Chips_006_금융.금융_01_삼성증권.TC_0966_Chips_삼성증권_종합주가지수_코스닥_확인(금융_01_삼성증권.java:637)
at java.base/jdk.internal.reflect.NativeMethodAccessorImpl.invoke0(Native Method)
at java.base/jdk.internal.reflect.NativeMethodAccessorImpl.invoke(NativeMethodAccessorImpl.java:64)
at java.base/jdk.internal.reflect.DelegatingMethodAccessorImpl.invoke(DelegatingMethodAccessorImpl.java:43)
at java.base/java.lang.reflect.Method.invoke(Method.java:564)
at org.testng.internal.MethodInvocationHelper.invokeMethod(MethodInvocationHelper.java:133)
at org.testng.internal.TestInvoker.invokeMethod(TestInvoker.java:598)
at org.testng.internal.TestInvoker.invokeTestMethod(TestInvoker.java:173)
at org.testng.internal.MethodRunner.runInSequence(MethodRunner.java:46)
at org.testng.internal.TestInvoker$MethodInvocationAgent.invoke(TestInvoker.java:824)
at org.testng.internal.TestInvoker.invokeTestMethods(TestInvoker.java:146)
at org.testng.internal.TestMethodWorker.invokeTestMethods(TestMethodWorker.java:146)
at org.testng.internal.TestMethodWorker.run(TestMethodWorker.java:128)
at java.base/java.util.ArrayList.forEach(ArrayList.java:1511)
at org.testng.TestRunner.privateRun(TestRunner.java:794)
at org.testng.TestRunner.run(TestRunner.java:596)
at org.testng.SuiteRunner.runTest(SuiteRunner.java:377)
at org.testng.SuiteRunner.access$000(SuiteRunner.java:28)
at org.testng.SuiteRunner$SuiteWorker.run(SuiteRunner.java:418)
at org.testng.internal.thread.ThreadUtil.lambda$execute$0(ThreadUtil.java:64)
at java.base/java.util.concurrent.FutureTask.run(FutureTask.java:264)
at java.base/java.util.concurrent.ThreadPoolExecutor.runWorker(ThreadPoolExecutor.java:1130)
at java.base/java.util.concurrent.ThreadPoolExecutor$Worker.run(ThreadPoolExecutor.java:630)
at java.base/java.lang.Thread.run(Thread.java:832)
]]>
            </full-stacktrace>
          </exception> <!-- junit.framework.AssertionFailedError -->
          <reporter-output>
          </reporter-output>
        </test-method> <!-- TC_0966_Chips_삼성증권_종합주가지수_코스닥_확인 -->
        <test-method is-config="true" signature="AfterMethod(org.testng.ITestResult)[pri:0, instance:Chips_006_금융.금융_01_삼성증권@3e78b6a5]" started-at="2021-07-27T11:42:01 KST" name="AfterMethod" finished-at="2021-07-27T11:42:02 KST" duration-ms="829" status="PASS">
          <params>
            <param index="0">
              <value>
                <![CDATA[[TestResult name=TC_0966_Chips_삼성증권_종합주가지수_코스닥_확인 status=FAILURE method=금융_01_삼성증권.TC_0966_Chips_삼성증권_종합주가지수_코스닥_확인(java.lang.reflect.Method)[pri:0, instance:Chips_006_금융.금융_01_삼성증권@3e78b6a5] output={null}]]]>
              </value>
            </param>
          </params>
          <reporter-output>
          </reporter-output>
        </test-method> <!-- AfterMethod -->
        <test-method is-config="true" signature="BeforeMethod(java.lang.reflect.Method)[pri:0, instance:Chips_006_금융.금융_01_삼성증권@3e78b6a5]" started-at="2021-07-27T11:42:02 KST" name="BeforeMethod" finished-at="2021-07-27T11:42:02 KST" duration-ms="1" status="PASS">
          <params>
            <param index="0">
              <value>
                <![CDATA[public void Chips_006_금융.금융_01_삼성증권.TC_0969_Chips_삼성증권_미지원기간_과거_확인(java.lang.reflect.Method) throws java.lang.Exception]]>
              </value>
            </param>
          </params>
          <reporter-output>
          </reporter-output>
        </test-method> <!-- BeforeMethod -->
        <test-method signature="TC_0969_Chips_삼성증권_미지원기간_과거_확인(java.lang.reflect.Method)[pri:0, instance:Chips_006_금융.금융_01_삼성증권@3e78b6a5]" started-at="2021-07-27T11:42:02 KST" name="TC_0969_Chips_삼성증권_미지원기간_과거_확인" description="칩스 리그레이션 TC : 실행_0969" finished-at="2021-07-27T11:42:19 KST" duration-ms="17205" status="PASS">
          <params>
            <param index="0">
              <value>
                <![CDATA[public void Chips_006_금융.금융_01_삼성증권.TC_0969_Chips_삼성증권_미지원기간_과거_확인(java.lang.reflect.Method) throws java.lang.Exception]]>
              </value>
            </param>
          </params>
          <reporter-output>
          </reporter-output>
        </test-method> <!-- TC_0969_Chips_삼성증권_미지원기간_과거_확인 -->
        <test-method is-config="true" signature="AfterMethod(org.testng.ITestResult)[pri:0, instance:Chips_006_금융.금융_01_삼성증권@3e78b6a5]" started-at="2021-07-27T11:42:19 KST" name="AfterMethod" finished-at="2021-07-27T11:42:19 KST" duration-ms="6" status="PASS">
          <params>
            <param index="0">
              <value>
                <![CDATA[[TestResult name=TC_0969_Chips_삼성증권_미지원기간_과거_확인 status=SUCCESS method=금융_01_삼성증권.TC_0969_Chips_삼성증권_미지원기간_과거_확인(java.lang.reflect.Method)[pri:0, instance:Chips_006_금융.금융_01_삼성증권@3e78b6a5] output={null}]]]>
              </value>
            </param>
          </params>
          <reporter-output>
          </reporter-output>
        </test-method> <!-- AfterMethod -->
        <test-method is-config="true" signature="BeforeMethod(java.lang.reflect.Method)[pri:0, instance:Chips_006_금융.금융_01_삼성증권@3e78b6a5]" started-at="2021-07-27T11:42:19 KST" name="BeforeMethod" finished-at="2021-07-27T11:42:19 KST" duration-ms="1" status="PASS">
          <params>
            <param index="0">
              <value>
                <![CDATA[public void Chips_006_금융.금융_01_삼성증권.TC_0970_Chips_삼성증권_미지원기간_과거_확인(java.lang.reflect.Method) throws java.lang.Exception]]>
              </value>
            </param>
          </params>
          <reporter-output>
          </reporter-output>
        </test-method> <!-- BeforeMethod -->
        <test-method signature="TC_0970_Chips_삼성증권_미지원기간_과거_확인(java.lang.reflect.Method)[pri:0, instance:Chips_006_금융.금융_01_삼성증권@3e78b6a5]" started-at="2021-07-27T11:42:19 KST" name="TC_0970_Chips_삼성증권_미지원기간_과거_확인" description="칩스 리그레이션 TC : 실행_0970" finished-at="2021-07-27T11:42:37 KST" duration-ms="17248" status="PASS">
          <params>
            <param index="0">
              <value>
                <![CDATA[public void Chips_006_금융.금융_01_삼성증권.TC_0970_Chips_삼성증권_미지원기간_과거_확인(java.lang.reflect.Method) throws java.lang.Exception]]>
              </value>
            </param>
          </params>
          <reporter-output>
          </reporter-output>
        </test-method> <!-- TC_0970_Chips_삼성증권_미지원기간_과거_확인 -->
        <test-method is-config="true" signature="AfterMethod(org.testng.ITestResult)[pri:0, instance:Chips_006_금융.금융_01_삼성증권@3e78b6a5]" started-at="2021-07-27T11:42:37 KST" name="AfterMethod" finished-at="2021-07-27T11:42:37 KST" duration-ms="17" status="PASS">
          <params>
            <param index="0">
              <value>
                <![CDATA[[TestResult name=TC_0970_Chips_삼성증권_미지원기간_과거_확인 status=SUCCESS method=금융_01_삼성증권.TC_0970_Chips_삼성증권_미지원기간_과거_확인(java.lang.reflect.Method)[pri:0, instance:Chips_006_금융.금융_01_삼성증권@3e78b6a5] output={null}]]]>
              </value>
            </param>
          </params>
          <reporter-output>
          </reporter-output>
        </test-method> <!-- AfterMethod -->
        <test-method is-config="true" signature="BeforeMethod(java.lang.reflect.Method)[pri:0, instance:Chips_006_금융.금융_01_삼성증권@3e78b6a5]" started-at="2021-07-27T11:42:37 KST" name="BeforeMethod" finished-at="2021-07-27T11:42:37 KST" duration-ms="0" status="PASS">
          <params>
            <param index="0">
              <value>
                <![CDATA[public void Chips_006_금융.금융_01_삼성증권.TC_0971_Chips_삼성증권_미지원기간_과거_확인(java.lang.reflect.Method) throws java.lang.Exception]]>
              </value>
            </param>
          </params>
          <reporter-output>
          </reporter-output>
        </test-method> <!-- BeforeMethod -->
        <test-method signature="TC_0971_Chips_삼성증권_미지원기간_과거_확인(java.lang.reflect.Method)[pri:0, instance:Chips_006_금융.금융_01_삼성증권@3e78b6a5]" started-at="2021-07-27T11:42:37 KST" name="TC_0971_Chips_삼성증권_미지원기간_과거_확인" description="칩스 리그레이션 TC : 실행_0971" finished-at="2021-07-27T11:42:54 KST" duration-ms="17288" status="PASS">
          <params>
            <param index="0">
              <value>
                <![CDATA[public void Chips_006_금융.금융_01_삼성증권.TC_0971_Chips_삼성증권_미지원기간_과거_확인(java.lang.reflect.Method) throws java.lang.Exception]]>
              </value>
            </param>
          </params>
          <reporter-output>
          </reporter-output>
        </test-method> <!-- TC_0971_Chips_삼성증권_미지원기간_과거_확인 -->
        <test-method is-config="true" signature="AfterMethod(org.testng.ITestResult)[pri:0, instance:Chips_006_금융.금융_01_삼성증권@3e78b6a5]" started-at="2021-07-27T11:42:54 KST" name="AfterMethod" finished-at="2021-07-27T11:42:54 KST" duration-ms="9" status="PASS">
          <params>
            <param index="0">
              <value>
                <![CDATA[[TestResult name=TC_0971_Chips_삼성증권_미지원기간_과거_확인 status=SUCCESS method=금융_01_삼성증권.TC_0971_Chips_삼성증권_미지원기간_과거_확인(java.lang.reflect.Method)[pri:0, instance:Chips_006_금융.금융_01_삼성증권@3e78b6a5] output={null}]]]>
              </value>
            </param>
          </params>
          <reporter-output>
          </reporter-output>
        </test-method> <!-- AfterMethod -->
        <test-method is-config="true" signature="BeforeMethod(java.lang.reflect.Method)[pri:0, instance:Chips_006_금융.금융_01_삼성증권@3e78b6a5]" started-at="2021-07-27T11:42:54 KST" name="BeforeMethod" finished-at="2021-07-27T11:42:54 KST" duration-ms="1" status="PASS">
          <params>
            <param index="0">
              <value>
                <![CDATA[public void Chips_006_금융.금융_01_삼성증권.TC_0972_Chips_삼성증권_미지원기간_미래_확인(java.lang.reflect.Method) throws java.lang.Exception]]>
              </value>
            </param>
          </params>
          <reporter-output>
          </reporter-output>
        </test-method> <!-- BeforeMethod -->
        <test-method signature="TC_0972_Chips_삼성증권_미지원기간_미래_확인(java.lang.reflect.Method)[pri:0, instance:Chips_006_금융.금융_01_삼성증권@3e78b6a5]" started-at="2021-07-27T11:42:54 KST" name="TC_0972_Chips_삼성증권_미지원기간_미래_확인" description="칩스 리그레이션 TC : 실행_0972" finished-at="2021-07-27T11:43:11 KST" duration-ms="17263" status="PASS">
          <params>
            <param index="0">
              <value>
                <![CDATA[public void Chips_006_금융.금융_01_삼성증권.TC_0972_Chips_삼성증권_미지원기간_미래_확인(java.lang.reflect.Method) throws java.lang.Exception]]>
              </value>
            </param>
          </params>
          <reporter-output>
          </reporter-output>
        </test-method> <!-- TC_0972_Chips_삼성증권_미지원기간_미래_확인 -->
        <test-method is-config="true" signature="AfterMethod(org.testng.ITestResult)[pri:0, instance:Chips_006_금융.금융_01_삼성증권@3e78b6a5]" started-at="2021-07-27T11:43:11 KST" name="AfterMethod" finished-at="2021-07-27T11:43:11 KST" duration-ms="7" status="PASS">
          <params>
            <param index="0">
              <value>
[...]
          <params>
            <param index="0">
              <value>
                <![CDATA[[TestResult name=TC_0987_Chips_삼성증권_종목별주가_장종_보합_확인 status=SKIP method=금융_01_삼성증권.TC_0987_Chips_삼성증권_종목별주가_장종_보합_확인(java.lang.reflect.Method)[pri:0, instance:Chips_006_금융.금융_01_삼성증권@3e78b6a5] output={null}]]]>
              </value>
            </param>
          </params>
          <reporter-output>
          </reporter-output>
        </test-method> <!-- AfterMethod -->
        <test-method is-config="true" signature="BeforeMethod(java.lang.reflect.Method)[pri:0, instance:Chips_006_금융.금융_01_삼성증권@3e78b6a5]" started-at="2021-07-27T11:46:41 KST" name="BeforeMethod" finished-at="2021-07-27T11:46:41 KST" duration-ms="0" status="PASS">
          <params>
            <param index="0">
              <value>
                <![CDATA[public void Chips_006_금융.금융_01_삼성증권.TC_0988_Chips_삼성증권_종목별주가_장종_정지_확인(java.lang.reflect.Method) throws java.lang.Exception]]>
              </value>
            </param>
          </params>
          <reporter-output>
          </reporter-output>
        </test-method> <!-- BeforeMethod -->
        <test-method signature="TC_0988_Chips_삼성증권_종목별주가_장종_정지_확인(java.lang.reflect.Method)[pri:0, instance:Chips_006_금융.금융_01_삼성증권@3e78b6a5]" started-at="2021-07-27T11:46:41 KST" name="TC_0988_Chips_삼성증권_종목별주가_장종_정지_확인" description="칩스 리그레이션 TC : 실행_0988" finished-at="2021-07-27T11:46:41 KST" duration-ms="51" status="SKIP">
          <params>
            <param index="0">
              <value>
                <![CDATA[public void Chips_006_금융.금융_01_삼성증권.TC_0988_Chips_삼성증권_종목별주가_장종_정지_확인(java.lang.reflect.Method) throws java.lang.Exception]]>
              </value>
            </param>
          </params>
          <exception class="org.testng.SkipException">
            <message>
              <![CDATA[현재 [장중]상태로 장종상태 Test Skip]]>
            </message>
            <full-stacktrace>
              <![CDATA[org.testng.SkipException: 현재 [장중]상태로 장종상태 Test Skip
at Chips_006_금융.금융_01_삼성증권.TC_0988_Chips_삼성증권_종목별주가_장종_정지_확인(금융_01_삼성증권.java:1029)
at java.base/jdk.internal.reflect.NativeMethodAccessorImpl.invoke0(Native Method)
at java.base/jdk.internal.reflect.NativeMethodAccessorImpl.invoke(NativeMethodAccessorImpl.java:64)
at java.base/jdk.internal.reflect.DelegatingMethodAccessorImpl.invoke(DelegatingMethodAccessorImpl.java:43)
at java.base/java.lang.reflect.Method.invoke(Method.java:564)
at org.testng.internal.MethodInvocationHelper.invokeMethod(MethodInvocationHelper.java:133)
at org.testng.internal.TestInvoker.invokeMethod(TestInvoker.java:598)
at org.testng.internal.TestInvoker.invokeTestMethod(TestInvoker.java:173)
at org.testng.internal.MethodRunner.runInSequence(MethodRunner.java:46)
at org.testng.internal.TestInvoker$MethodInvocationAgent.invoke(TestInvoker.java:824)
at org.testng.internal.TestInvoker.invokeTestMethods(TestInvoker.java:146)
at org.testng.internal.TestMethodWorker.invokeTestMethods(TestMethodWorker.java:146)
at org.testng.internal.TestMethodWorker.run(TestMethodWorker.java:128)
at java.base/java.util.ArrayList.forEach(ArrayList.java:1511)
at org.testng.TestRunner.privateRun(TestRunner.java:794)
at org.testng.TestRunner.run(TestRunner.java:596)
at org.testng.SuiteRunner.runTest(SuiteRunner.java:377)
at org.testng.SuiteRunner.access$000(SuiteRunner.java:28)
at org.testng.SuiteRunner$SuiteWorker.run(SuiteRunner.java:418)
at org.testng.internal.thread.ThreadUtil.lambda$execute$0(ThreadUtil.java:64)
at java.base/java.util.concurrent.FutureTask.run(FutureTask.java:264)
at java.base/java.util.concurrent.ThreadPoolExecutor.runWorker(ThreadPoolExecutor.java:1130)
at java.base/java.util.concurrent.ThreadPoolExecutor$Worker.run(ThreadPoolExecutor.java:630)
at java.base/java.lang.Thread.run(Thread.java:832)
]]>
            </full-stacktrace>
          </exception> <!-- org.testng.SkipException -->
          <reporter-output>
          </reporter-output>
        </test-method> <!-- TC_0988_Chips_삼성증권_종목별주가_장종_정지_확인 -->
        <test-method is-config="true" signature="AfterMethod(org.testng.ITestResult)[pri:0, instance:Chips_006_금융.금융_01_삼성증권@3e78b6a5]" started-at="2021-07-27T11:46:41 KST" name="AfterMethod" finished-at="2021-07-27T11:46:41 KST" duration-ms="8" status="PASS">
          <params>
            <param index="0">
              <value>
                <![CDATA[[TestResult name=TC_0988_Chips_삼성증권_종목별주가_장종_정지_확인 status=SKIP method=금융_01_삼성증권.TC_0988_Chips_삼성증권_종목별주가_장종_정지_확인(java.lang.reflect.Method)[pri:0, instance:Chips_006_금융.금융_01_삼성증권@3e78b6a5] output={null}]]]>
              </value>
            </param>
          </params>
          <reporter-output>
          </reporter-output>
        </test-method> <!-- AfterMethod -->
        <test-method is-config="true" signature="BeforeMethod(java.lang.reflect.Method)[pri:0, instance:Chips_006_금융.금융_01_삼성증권@3e78b6a5]" started-at="2021-07-27T11:46:41 KST" name="BeforeMethod" finished-at="2021-07-27T11:46:41 KST" duration-ms="1" status="PASS">
          <params>
            <param index="0">
              <value>
                <![CDATA[public void Chips_006_금융.금융_01_삼성증권.TC_0989_Chips_삼성증권_종목별주가_장전_확인(java.lang.reflect.Method) throws java.lang.Exception]]>
              </value>
            </param>
          </params>
          <reporter-output>
          </reporter-output>
        </test-method> <!-- BeforeMethod -->
        <test-method signature="TC_0989_Chips_삼성증권_종목별주가_장전_확인(java.lang.reflect.Method)[pri:0, instance:Chips_006_금융.금융_01_삼성증권@3e78b6a5]" started-at="2021-07-27T11:46:41 KST" name="TC_0989_Chips_삼성증권_종목별주가_장전_확인" description="칩스 리그레이션 TC : 실행_0989" finished-at="2021-07-27T11:46:41 KST" duration-ms="1" status="SKIP">
          <params>
            <param index="0">
              <value>
                <![CDATA[public void Chips_006_금융.금융_01_삼성증권.TC_0989_Chips_삼성증권_종목별주가_장전_확인(java.lang.reflect.Method) throws java.lang.Exception]]>
              </value>
            </param>
          </params>
          <exception class="org.testng.SkipException">
            <message>
              <![CDATA[현재 [장전]상태로 장전상태 Test Skip]]>
            </message>
            <full-stacktrace>
              <![CDATA[org.testng.SkipException: 현재 [장전]상태로 장전상태 Test Skip
at Chips_006_금융.금융_01_삼성증권.TC_0989_Chips_삼성증권_종목별주가_장전_확인(금융_01_삼성증권.java:1062)
at java.base/jdk.internal.reflect.NativeMethodAccessorImpl.invoke0(Native Method)
at java.base/jdk.internal.reflect.NativeMethodAccessorImpl.invoke(NativeMethodAccessorImpl.java:64)
at java.base/jdk.internal.reflect.DelegatingMethodAccessorImpl.invoke(DelegatingMethodAccessorImpl.java:43)
at java.base/java.lang.reflect.Method.invoke(Method.java:564)
at org.testng.internal.MethodInvocationHelper.invokeMethod(MethodInvocationHelper.java:133)
at org.testng.internal.TestInvoker.invokeMethod(TestInvoker.java:598)
at org.testng.internal.TestInvoker.invokeTestMethod(TestInvoker.java:173)
at org.testng.internal.MethodRunner.runInSequence(MethodRunner.java:46)
at org.testng.internal.TestInvoker$MethodInvocationAgent.invoke(TestInvoker.java:824)
at org.testng.internal.TestInvoker.invokeTestMethods(TestInvoker.java:146)
at org.testng.internal.TestMethodWorker.invokeTestMethods(TestMethodWorker.java:146)
at org.testng.internal.TestMethodWorker.run(TestMethodWorker.java:128)
at java.base/java.util.ArrayList.forEach(ArrayList.java:1511)
at org.testng.TestRunner.privateRun(TestRunner.java:794)
at org.testng.TestRunner.run(TestRunner.java:596)
at org.testng.SuiteRunner.runTest(SuiteRunner.java:377)
at org.testng.SuiteRunner.access$000(SuiteRunner.java:28)
at org.testng.SuiteRunner$SuiteWorker.run(SuiteRunner.java:418)
at org.testng.internal.thread.ThreadUtil.lambda$execute$0(ThreadUtil.java:64)
at java.base/java.util.concurrent.FutureTask.run(FutureTask.java:264)
at java.base/java.util.concurrent.ThreadPoolExecutor.runWorker(ThreadPoolExecutor.java:1130)
at java.base/java.util.concurrent.ThreadPoolExecutor$Worker.run(ThreadPoolExecutor.java:630)
at java.base/java.lang.Thread.run(Thread.java:832)
]]>
            </full-stacktrace>
          </exception> <!-- org.testng.SkipException -->
          <reporter-output>
          </reporter-output>
        </test-method> <!-- TC_0989_Chips_삼성증권_종목별주가_장전_확인 -->
        <test-method is-config="true" signature="AfterMethod(org.testng.ITestResult)[pri:0, instance:Chips_006_금융.금융_01_삼성증권@3e78b6a5]" started-at="2021-07-27T11:46:41 KST" name="AfterMethod" finished-at="2021-07-27T11:46:41 KST" duration-ms="7" status="PASS">
          <params>
            <param index="0">
              <value>
                <![CDATA[[TestResult name=TC_0989_Chips_삼성증권_종목별주가_장전_확인 status=SKIP method=금융_01_삼성증권.TC_0989_Chips_삼성증권_종목별주가_장전_확인(java.lang.reflect.Method)[pri:0, instance:Chips_006_금융.금융_01_삼성증권@3e78b6a5] output={null}]]]>
              </value>
            </param>
          </params>
          <reporter-output>
          </reporter-output>
        </test-method> <!-- AfterMethod -->
        <test-method is-config="true" signature="BeforeMethod(java.lang.reflect.Method)[pri:0, instance:Chips_006_금융.금융_01_삼성증권@3e78b6a5]" started-at="2021-07-27T11:46:41 KST" name="BeforeMethod" finished-at="2021-07-27T11:46:41 KST" duration-ms="0" status="PASS">
          <params>
            <param index="0">
              <value>
                <![CDATA[public void Chips_006_금융.금융_01_삼성증권.TC_0990_Chips_삼성증권_종목별주가_장전_전일휴일_확인(java.lang.reflect.Method) throws java.lang.Exception]]>
              </value>
            </param>
          </params>
          <reporter-output>
          </reporter-output>
        </test-method> <!-- BeforeMethod -->
        <test-method signature="TC_0990_Chips_삼성증권_종목별주가_장전_전일휴일_확인(java.lang.reflect.Method)[pri:0, instance:Chips_006_금융.금융_01_삼성증권@3e78b6a5]" started-at="2021-07-27T11:46:41 KST" name="TC_0990_Chips_삼성증권_종목별주가_장전_전일휴일_확인" description="칩스 리그레이션 TC : 실행_0990" finished-at="2021-07-27T11:46:41 KST" duration-ms="1" status="SKIP">
          <params>
            <param index="0">
              <value>
                <![CDATA[public void Chips_006_금융.금융_01_삼성증권.TC_0990_Chips_삼성증권_종목별주가_장전_전일휴일_확인(java.lang.reflect.Method) throws java.lang.Exception]]>
              </value>
            </param>
          </params>
          <exception class="org.testng.SkipException">
            <message>
              <![CDATA[현재 [장전]상태로 장전상태 Test Skip]]>
            </message>
            <full-stacktrace>
              <![CDATA[org.testng.SkipException: 현재 [장전]상태로 장전상태 Test Skip
at Chips_006_금융.금융_01_삼성증권.TC_0990_Chips_삼성증권_종목별주가_장전_전일휴일_확인(금융_01_삼성증권.java:1091)
at java.base/jdk.internal.reflect.NativeMethodAccessorImpl.invoke0(Native Method)
at java.base/jdk.internal.reflect.NativeMethodAccessorImpl.invoke(NativeMethodAccessorImpl.java:64)
at java.base/jdk.internal.reflect.DelegatingMethodAccessorImpl.invoke(DelegatingMethodAccessorImpl.java:43)
at java.base/java.lang.reflect.Method.invoke(Method.java:564)
at org.testng.internal.MethodInvocationHelper.invokeMethod(MethodInvocationHelper.java:133)
at org.testng.internal.TestInvoker.invokeMethod(TestInvoker.java:598)
at org.testng.internal.TestInvoker.invokeTestMethod(TestInvoker.java:173)
at org.testng.internal.MethodRunner.runInSequence(MethodRunner.java:46)
at org.testng.internal.TestInvoker$MethodInvocationAgent.invoke(TestInvoker.java:824)
at org.testng.internal.TestInvoker.invokeTestMethods(TestInvoker.java:146)
at org.testng.internal.TestMethodWorker.invokeTestMethods(TestMethodWorker.java:146)
at org.testng.internal.TestMethodWorker.run(TestMethodWorker.java:128)
at java.base/java.util.ArrayList.forEach(ArrayList.java:1511)
at org.testng.TestRunner.privateRun(TestRunner.java:794)
at org.testng.TestRunner.run(TestRunner.java:596)
at org.testng.SuiteRunner.runTest(SuiteRunner.java:377)
at org.testng.SuiteRunner.access$000(SuiteRunner.java:28)
at org.testng.SuiteRunner$SuiteWorker.run(SuiteRunner.java:418)
at org.testng.internal.thread.ThreadUtil.lambda$execute$0(ThreadUtil.java:64)
at java.base/java.util.concurrent.FutureTask.run(FutureTask.java:264)
at java.base/java.util.concurrent.ThreadPoolExecutor.runWorker(ThreadPoolExecutor.java:1130)
at java.base/java.util.concurrent.ThreadPoolExecutor$Worker.run(ThreadPoolExecutor.java:630)
at java.base/java.lang.Thread.run(Thread.java:832)
]]>
            </full-stacktrace>
          </exception> <!-- org.testng.SkipException -->
          <reporter-output>
          </reporter-output>
        </test-method> <!-- TC_0990_Chips_삼성증권_종목별주가_장전_전일휴일_확인 -->
        <test-method is-config="true" signature="AfterMethod(org.testng.ITestResult)[pri:0, instance:Chips_006_금융.금융_01_삼성증권@3e78b6a5]" started-at="2021-07-27T11:46:41 KST" name="AfterMethod" finished-at="2021-07-27T11:46:41 KST" duration-ms="6" status="PASS">
          <params>
            <param index="0">
              <value>
                <![CDATA[[TestResult name=TC_0990_Chips_삼성증권_종목별주가_장전_전일휴일_확인 status=SKIP method=금융_01_삼성증권.TC_0990_Chips_삼성증권_종목별주가_장전_전일휴일_확인(java.lang.reflect.Method)[pri:0, instance:Chips_006_금융.금융_01_삼성증권@3e78b6a5] output={null}]]]>
              </value>
            </param>
          </params>
          <reporter-output>
          </reporter-output>
        </test-method> <!-- AfterMethod -->
        <test-method is-config="true" signature="BeforeMethod(java.lang.reflect.Method)[pri:0, instance:Chips_006_금융.금융_01_삼성증권@3e78b6a5]" started-at="2021-07-27T11:46:41 KST" name="BeforeMethod" finished-at="2021-07-27T11:46:41 KST" duration-ms="1" status="PASS">
          <params>
            <param index="0">
              <value>
                <![CDATA[public void Chips_006_금융.금융_01_삼성증권.TC_0991_Chips_삼성증권_종목별주가_휴장일_확인(java.lang.reflect.Method) throws java.lang.Exception]]>
              </value>
            </param>
          </params>
          <reporter-output>
          </reporter-output>
        </test-method> <!-- BeforeMethod -->
        <test-method signature="TC_0991_Chips_삼성증권_종목별주가_휴장일_확인(java.lang.reflect.Method)[pri:0, instance:Chips_006_금융.금융_01_삼성증권@3e78b6a5]" started-at="2021-07-27T11:46:41 KST" name="TC_0991_Chips_삼성증권_종목별주가_휴장일_확인" description="칩스 리그레이션 TC : 실행_0991" finished-at="2021-07-27T11:46:41 KST" duration-ms="1" status="SKIP">
          <params>
            <param index="0">
              <value>
                <![CDATA[public void Chips_006_금융.금융_01_삼성증권.TC_0991_Chips_삼성증권_종목별주가_휴장일_확인(java.lang.reflect.Method) throws java.lang.Exception]]>
              </value>
            </param>
          </params>
          <exception class="org.testng.SkipException">
            <message>
              <![CDATA[현재 휴장일 상태가 아님 Test Skip]]>
            </message>
            <full-stacktrace>
              <![CDATA[org.testng.SkipException: 현재 휴장일 상태가 아님 Test Skip
at Chips_006_금융.금융_01_삼성증권.TC_0991_Chips_삼성증권_종목별주가_휴장일_확인(금융_01_삼성증권.java:1123)
at java.base/jdk.internal.reflect.NativeMethodAccessorImpl.invoke0(Native Method)
at java.base/jdk.internal.reflect.NativeMethodAccessorImpl.invoke(NativeMethodAccessorImpl.java:64)
at java.base/jdk.internal.reflect.DelegatingMethodAccessorImpl.invoke(DelegatingMethodAccessorImpl.java:43)
at java.base/java.lang.reflect.Method.invoke(Method.java:564)
at org.testng.internal.MethodInvocationHelper.invokeMethod(MethodInvocationHelper.java:133)
at org.testng.internal.TestInvoker.invokeMethod(TestInvoker.java:598)
at org.testng.internal.TestInvoker.invokeTestMethod(TestInvoker.java:173)
at org.testng.internal.MethodRunner.runInSequence(MethodRunner.java:46)
at org.testng.internal.TestInvoker$MethodInvocationAgent.invoke(TestInvoker.java:824)
at org.testng.internal.TestInvoker.invokeTestMethods(TestInvoker.java:146)
at org.testng.internal.TestMethodWorker.invokeTestMethods(TestMethodWorker.java:146)
at org.testng.internal.TestMethodWorker.run(TestMethodWorker.java:128)
at java.base/java.util.ArrayList.forEach(ArrayList.java:1511)
at org.testng.TestRunner.privateRun(TestRunner.java:794)
at org.testng.TestRunner.run(TestRunner.java:596)
at org.testng.SuiteRunner.runTest(SuiteRunner.java:377)
at org.testng.SuiteRunner.access$000(SuiteRunner.java:28)
at org.testng.SuiteRunner$SuiteWorker.run(SuiteRunner.java:418)
at org.testng.internal.thread.ThreadUtil.lambda$execute$0(ThreadUtil.java:64)
at java.base/java.util.concurrent.FutureTask.run(FutureTask.java:264)
at java.base/java.util.concurrent.ThreadPoolExecutor.runWorker(ThreadPoolExecutor.java:1130)
at java.base/java.util.concurrent.ThreadPoolExecutor$Worker.run(ThreadPoolExecutor.java:630)
at java.base/java.lang.Thread.run(Thread.java:832)
]]>
            </full-stacktrace>
          </exception> <!-- org.testng.SkipException -->
          <reporter-output>
          </reporter-output>
        </test-method> <!-- TC_0991_Chips_삼성증권_종목별주가_휴장일_확인 -->
        <test-method is-config="true" signature="AfterMethod(org.testng.ITestResult)[pri:0, instance:Chips_006_금융.금융_01_삼성증권@3e78b6a5]" started-at="2021-07-27T11:46:41 KST" name="AfterMethod" finished-at="2021-07-27T11:46:41 KST" duration-ms="5" status="PASS">
          <params>
            <param index="0">
              <value>
                <![CDATA[[TestResult name=TC_0991_Chips_삼성증권_종목별주가_휴장일_확인 status=SKIP method=금융_01_삼성증권.TC_0991_Chips_삼성증권_종목별주가_휴장일_확인(java.lang.reflect.Method)[pri:0, instance:Chips_006_금융.금융_01_삼성증권@3e78b6a5] output={null}]]]>
              </value>
            </param>
          </params>
          <reporter-output>
          </reporter-output>
        </test-method> <!-- AfterMethod -->
        <test-method is-config="true" signature="tearDownClass(java.lang.String,java.lang.String,java.lang.String,java.lang.String,java.lang.String,java.lang.String,java.lang.String,java.lang.String,java.lang.String)[pri:0, instance:Chips_006_금융.금융_01_삼성증권@3e78b6a5]" started-at="2021-07-27T11:46:41 KST" name="tearDownClass" finished-at="2021-07-27T11:46:44 KST" duration-ms="3590" status="PASS">
          <params>
            <param index="0">
              <value>
                <![CDATA[RTG]]>
              </value>
            </param>
            <param index="1">
              <value>
                <![CDATA[Chips]]>
              </value>
            </param>
            <param index="2">
              <value>
                <![CDATA[out]]>
              </value>
            </param>
            <param index="3">
              <value>
                <![CDATA[ce06171633774e37027e]]>
              </value>
            </param>
            <param index="4">
              <value>
                <![CDATA[ALDF3NYA6C0D0C654DD2]]>
              </value>
            </param>
            <param index="5">
              <value>
                <![CDATA[ALDF5TR5SNGZ8175DA16]]>
              </value>
            </param>
            <param index="6">
              <value>
                <![CDATA[ALDFH3D1Q7W6071EFE41]]>
              </value>
            </param>
            <param index="7">
              <value>
                <![CDATA[ALDFHFMQC3RB935B4B02]]>
              </value>
            </param>
            <param index="8">
              <value>
                <![CDATA[ALDFHFMSG34WDF6CD40E]]>
              </value>
            </param>
          </params>
          <reporter-output>
          </reporter-output>
        </test-method> <!-- tearDownClass -->
      </class> <!-- Chips_006_금융.금융_01_삼성증권 -->
    </test> <!-- Test_Project -->
  </suite> <!-- ExtentReport -->
</testng-results>
