<?xml version="1.0" encoding="UTF-8"?>
<testng-results ignored="0" total="25" passed="23" failed="2" skipped="0">
  <reporter-output>
  </reporter-output>
  <suite started-at="2021-11-29T22:55:21 KST" name="ExtentReport" finished-at="2021-11-29T23:03:09 KST" duration-ms="467412">
    <groups>
    </groups>
    <test started-at="2021-11-29T22:55:21 KST" name="Test_Project" finished-at="2021-11-29T23:03:09 KST" duration-ms="467412">
      <class name="Chips_004_미디어_etc.미디어_12_팟빵">
        <test-method is-config="true" signature="setupClass(java.lang.String,java.lang.String,java.lang.String,java.lang.String,java.lang.String,java.lang.String,java.lang.String,java.lang.String,java.lang.String,java.lang.String,java.lang.String,java.lang.String,java.lang.String,java.lang.String,java.lang.String)[pri:0, instance:Chips_004_미디어_etc.미디어_12_팟빵@503f91c3]" started-at="2021-11-29T22:55:21 KST" name="setupClass" finished-at="2021-11-29T22:55:37 KST" duration-ms="15457" status="PASS">
          <params>
            <param index="0">
              <value>
                <![CDATA[Android]]>
              </value>
            </param>
            <param index="1">
              <value>
                <![CDATA[Chips]]>
              </value>
            </param>
            <param index="2">
              <value>
                <![CDATA[http://0.0.0.0:4723/wd/hub]]>
              </value>
            </param>
            <param index="3">
              <value>
                <![CDATA[STG]]>
              </value>
            </param>
            <param index="4">
              <value>
                <![CDATA[Chips]]>
              </value>
            </param>
            <param index="5">
              <value>
                <![CDATA[out]]>
              </value>
            </param>
            <param index="6">
              <value>
                <![CDATA[R33M4000CY]]>
              </value>
            </param>
            <param index="7">
              <value>
                <![CDATA[ALDF3NYA6C0D0C654DD2]]>
              </value>
            </param>
            <param index="8">
              <value>
                <![CDATA[ALDF5TR5SNGZ8175DA16]]>
              </value>
            </param>
            <param index="9">
              <value>
                <![CDATA[ALDFH3D1Q7W6071EFE41]]>
              </value>
            </param>
            <param index="10">
              <value>
                <![CDATA[ALDFH6OQ9HG79986A4FA]]>
              </value>
            </param>
            <param index="11">
              <value>
                <![CDATA[ALDFHFMQC3RB935B4B02]]>
              </value>
            </param>
            <param index="12">
              <value>
                <![CDATA[ALDFHFMSG34WDF6CD40E]]>
              </value>
            </param>
            <param index="13">
              <value>
                <![CDATA[ALDFHDFEBVOC7F098039]]>
              </value>
            </param>
            <param index="14">
              <value>
                <![CDATA[ALDG3Q4IA9EW3633F8EA]]>
              </value>
            </param>
          </params>
          <reporter-output>
          </reporter-output>
        </test-method> <!-- setupClass -->
        <test-method is-config="true" signature="BeforeMethod(java.lang.reflect.Method)[pri:0, instance:Chips_004_미디어_etc.미디어_12_팟빵@503f91c3]" started-at="2021-11-29T22:55:37 KST" name="BeforeMethod" finished-at="2021-11-29T22:55:37 KST" duration-ms="8" status="PASS">
          <params>
            <param index="0">
              <value>
                <![CDATA[public void Chips_004_미디어_etc.미디어_12_팟빵.TC_0000_앱실행과AccessToken얻기(java.lang.reflect.Method) throws java.lang.Exception]]>
              </value>
            </param>
          </params>
          <reporter-output>
          </reporter-output>
        </test-method> <!-- BeforeMethod -->
        <test-method signature="TC_0000_앱실행과AccessToken얻기(java.lang.reflect.Method)[pri:0, instance:Chips_004_미디어_etc.미디어_12_팟빵@503f91c3]" started-at="2021-11-29T22:55:37 KST" name="TC_0000_앱실행과AccessToken얻기" description="칩스 리그레이션 TC : 실행_0000" finished-at="2021-11-29T22:56:34 KST" duration-ms="56847" status="PASS">
          <params>
            <param index="0">
              <value>
                <![CDATA[public void Chips_004_미디어_etc.미디어_12_팟빵.TC_0000_앱실행과AccessToken얻기(java.lang.reflect.Method) throws java.lang.Exception]]>
              </value>
            </param>
          </params>
          <reporter-output>
          </reporter-output>
        </test-method> <!-- TC_0000_앱실행과AccessToken얻기 -->
        <test-method is-config="true" signature="AfterMethod(org.testng.ITestResult)[pri:0, instance:Chips_004_미디어_etc.미디어_12_팟빵@503f91c3]" started-at="2021-11-29T22:56:34 KST" name="AfterMethod" finished-at="2021-11-29T22:56:34 KST" duration-ms="2" status="PASS">
          <params>
            <param index="0">
              <value>
                <![CDATA[[TestResult name=TC_0000_앱실행과AccessToken얻기 status=SUCCESS method=미디어_12_팟빵.TC_0000_앱실행과AccessToken얻기(java.lang.reflect.Method)[pri:0, instance:Chips_004_미디어_etc.미디어_12_팟빵@503f91c3] output={null}]]]>
              </value>
            </param>
          </params>
          <reporter-output>
          </reporter-output>
        </test-method> <!-- AfterMethod -->
        <test-method is-config="true" signature="BeforeMethod(java.lang.reflect.Method)[pri:0, instance:Chips_004_미디어_etc.미디어_12_팟빵@503f91c3]" started-at="2021-11-29T22:56:34 KST" name="BeforeMethod" finished-at="2021-11-29T22:56:34 KST" duration-ms="4" status="PASS">
          <params>
            <param index="0">
              <value>
                <![CDATA[public void Chips_004_미디어_etc.미디어_12_팟빵.TC_0442_Chips_팟캐스트_재생_확인(java.lang.reflect.Method) throws java.lang.Exception]]>
              </value>
            </param>
          </params>
          <reporter-output>
          </reporter-output>
        </test-method> <!-- BeforeMethod -->
        <test-method signature="TC_0442_Chips_팟캐스트_재생_확인(java.lang.reflect.Method)[pri:0, instance:Chips_004_미디어_etc.미디어_12_팟빵@503f91c3]" started-at="2021-11-29T22:56:34 KST" name="TC_0442_Chips_팟캐스트_재생_확인" description="칩스 리그레이션 TC : 실행_0442" finished-at="2021-11-29T22:56:55 KST" duration-ms="21381" status="PASS">
          <params>
            <param index="0">
              <value>
                <![CDATA[public void Chips_004_미디어_etc.미디어_12_팟빵.TC_0442_Chips_팟캐스트_재생_확인(java.lang.reflect.Method) throws java.lang.Exception]]>
              </value>
            </param>
          </params>
          <reporter-output>
          </reporter-output>
        </test-method> <!-- TC_0442_Chips_팟캐스트_재생_확인 -->
        <test-method is-config="true" signature="AfterMethod(org.testng.ITestResult)[pri:0, instance:Chips_004_미디어_etc.미디어_12_팟빵@503f91c3]" started-at="2021-11-29T22:56:55 KST" name="AfterMethod" finished-at="2021-11-29T22:56:55 KST" duration-ms="1" status="PASS">
          <params>
            <param index="0">
              <value>
                <![CDATA[[TestResult name=TC_0442_Chips_팟캐스트_재생_확인 status=SUCCESS method=미디어_12_팟빵.TC_0442_Chips_팟캐스트_재생_확인(java.lang.reflect.Method)[pri:0, instance:Chips_004_미디어_etc.미디어_12_팟빵@503f91c3] output={null}]]]>
              </value>
            </param>
          </params>
          <reporter-output>
          </reporter-output>
        </test-method> <!-- AfterMethod -->
        <test-method is-config="true" signature="BeforeMethod(java.lang.reflect.Method)[pri:0, instance:Chips_004_미디어_etc.미디어_12_팟빵@503f91c3]" started-at="2021-11-29T22:56:55 KST" name="BeforeMethod" finished-at="2021-11-29T22:56:55 KST" duration-ms="0" status="PASS">
          <params>
            <param index="0">
              <value>
                <![CDATA[public void Chips_004_미디어_etc.미디어_12_팟빵.TC_0443_Chips_팟빵_재생_확인(java.lang.reflect.Method) throws java.lang.Exception]]>
              </value>
            </param>
          </params>
          <reporter-output>
          </reporter-output>
        </test-method> <!-- BeforeMethod -->
        <test-method signature="TC_0443_Chips_팟빵_재생_확인(java.lang.reflect.Method)[pri:0, instance:Chips_004_미디어_etc.미디어_12_팟빵@503f91c3]" started-at="2021-11-29T22:56:55 KST" name="TC_0443_Chips_팟빵_재생_확인" description="칩스 리그레이션 TC : 실행_0443" finished-at="2021-11-29T22:57:02 KST" duration-ms="7378" status="PASS">
          <params>
            <param index="0">
              <value>
                <![CDATA[public void Chips_004_미디어_etc.미디어_12_팟빵.TC_0443_Chips_팟빵_재생_확인(java.lang.reflect.Method) throws java.lang.Exception]]>
              </value>
            </param>
          </params>
          <reporter-output>
          </reporter-output>
        </test-method> <!-- TC_0443_Chips_팟빵_재생_확인 -->
        <test-method is-config="true" signature="AfterMethod(org.testng.ITestResult)[pri:0, instance:Chips_004_미디어_etc.미디어_12_팟빵@503f91c3]" started-at="2021-11-29T22:57:02 KST" name="AfterMethod" finished-at="2021-11-29T22:57:02 KST" duration-ms="0" status="PASS">
          <params>
            <param index="0">
              <value>
                <![CDATA[[TestResult name=TC_0443_Chips_팟빵_재생_확인 status=SUCCESS method=미디어_12_팟빵.TC_0443_Chips_팟빵_재생_확인(java.lang.reflect.Method)[pri:0, instance:Chips_004_미디어_etc.미디어_12_팟빵@503f91c3] output={null}]]]>
              </value>
            </param>
          </params>
          <reporter-output>
          </reporter-output>
        </test-method> <!-- AfterMethod -->
        <test-method is-config="true" signature="BeforeMethod(java.lang.reflect.Method)[pri:0, instance:Chips_004_미디어_etc.미디어_12_팟빵@503f91c3]" started-at="2021-11-29T22:57:02 KST" name="BeforeMethod" finished-at="2021-11-29T22:57:02 KST" duration-ms="0" status="PASS">
          <params>
            <param index="0">
              <value>
                <![CDATA[public void Chips_004_미디어_etc.미디어_12_팟빵.TC_0444_Chips_팟빵_방송명으로팟캐스트_재생_확인(java.lang.reflect.Method) throws java.lang.Exception]]>
              </value>
            </param>
          </params>
          <reporter-output>
          </reporter-output>
        </test-method> <!-- BeforeMethod -->
        <test-method signature="TC_0444_Chips_팟빵_방송명으로팟캐스트_재생_확인(java.lang.reflect.Method)[pri:0, instance:Chips_004_미디어_etc.미디어_12_팟빵@503f91c3]" started-at="2021-11-29T22:57:02 KST" name="TC_0444_Chips_팟빵_방송명으로팟캐스트_재생_확인" description="칩스 리그레이션 TC : 실행_0444" finished-at="2021-11-29T22:57:28 KST" duration-ms="25167" status="PASS">
          <params>
            <param index="0">
              <value>
                <![CDATA[public void Chips_004_미디어_etc.미디어_12_팟빵.TC_0444_Chips_팟빵_방송명으로팟캐스트_재생_확인(java.lang.reflect.Method) throws java.lang.Exception]]>
              </value>
            </param>
          </params>
          <reporter-output>
          </reporter-output>
        </test-method> <!-- TC_0444_Chips_팟빵_방송명으로팟캐스트_재생_확인 -->
        <test-method is-config="true" signature="AfterMethod(org.testng.ITestResult)[pri:0, instance:Chips_004_미디어_etc.미디어_12_팟빵@503f91c3]" started-at="2021-11-29T22:57:28 KST" name="AfterMethod" finished-at="2021-11-29T22:57:28 KST" duration-ms="1" status="PASS">
          <params>
            <param index="0">
              <value>
                <![CDATA[[TestResult name=TC_0444_Chips_팟빵_방송명으로팟캐스트_재생_확인 status=SUCCESS method=미디어_12_팟빵.TC_0444_Chips_팟빵_방송명으로팟캐스트_재생_확인(java.lang.reflect.Method)[pri:0, instance:Chips_004_미디어_etc.미디어_12_팟빵@503f91c3] output={null}]]]>
              </value>
            </param>
          </params>
          <reporter-output>
          </reporter-output>
        </test-method> <!-- AfterMethod -->
        <test-method is-config="true" signature="BeforeMethod(java.lang.reflect.Method)[pri:0, instance:Chips_004_미디어_etc.미디어_12_팟빵@503f91c3]" started-at="2021-11-29T22:57:28 KST" name="BeforeMethod" finished-at="2021-11-29T22:57:28 KST" duration-ms="1" status="PASS">
          <params>
            <param index="0">
              <value>
                <![CDATA[public void Chips_004_미디어_etc.미디어_12_팟빵.TC_0445_Chips_팟빵_구독_확인(java.lang.reflect.Method) throws java.lang.Exception]]>
              </value>
            </param>
          </params>
          <reporter-output>
          </reporter-output>
        </test-method> <!-- BeforeMethod -->
        <test-method signature="TC_0445_Chips_팟빵_구독_확인(java.lang.reflect.Method)[pri:0, instance:Chips_004_미디어_etc.미디어_12_팟빵@503f91c3]" started-at="2021-11-29T22:57:28 KST" name="TC_0445_Chips_팟빵_구독_확인" description="칩스 리그레이션 TC : 실행_0445" finished-at="2021-11-29T22:57:40 KST" duration-ms="11940" status="PASS">
          <params>
            <param index="0">
              <value>
                <![CDATA[public void Chips_004_미디어_etc.미디어_12_팟빵.TC_0445_Chips_팟빵_구독_확인(java.lang.reflect.Method) throws java.lang.Exception]]>
              </value>
            </param>
          </params>
          <reporter-output>
          </reporter-output>
        </test-method> <!-- TC_0445_Chips_팟빵_구독_확인 -->
        <test-method is-config="true" signature="AfterMethod(org.testng.ITestResult)[pri:0, instance:Chips_004_미디어_etc.미디어_12_팟빵@503f91c3]" started-at="2021-11-29T22:57:40 KST" name="AfterMethod" finished-at="2021-11-29T22:57:40 KST" duration-ms="1" status="PASS">
          <params>
            <param index="0">
              <value>
                <![CDATA[[TestResult name=TC_0445_Chips_팟빵_구독_확인 status=SUCCESS method=미디어_12_팟빵.TC_0445_Chips_팟빵_구독_확인(java.lang.reflect.Method)[pri:0, instance:Chips_004_미디어_etc.미디어_12_팟빵@503f91c3] output={null}]]]>
              </value>
            </param>
          </params>
          <reporter-output>
          </reporter-output>
        </test-method> <!-- AfterMethod -->
        <test-method is-config="true" signature="BeforeMethod(java.lang.reflect.Method)[pri:0, instance:Chips_004_미디어_etc.미디어_12_팟빵@503f91c3]" started-at="2021-11-29T22:57:40 KST" name="BeforeMethod" finished-at="2021-11-29T22:57:40 KST" duration-ms="1" status="PASS">
          <params>
            <param index="0">
              <value>
                <![CDATA[public void Chips_004_미디어_etc.미디어_12_팟빵.TC_0446_Chips_팟빵_구독삭제_확인(java.lang.reflect.Method) throws java.lang.Exception]]>
              </value>
            </param>
          </params>
          <reporter-output>
          </reporter-output>
        </test-method> <!-- BeforeMethod -->
        <test-method signature="TC_0446_Chips_팟빵_구독삭제_확인(java.lang.reflect.Method)[pri:0, instance:Chips_004_미디어_etc.미디어_12_팟빵@503f91c3]" started-at="2021-11-29T22:57:40 KST" name="TC_0446_Chips_팟빵_구독삭제_확인" description="칩스 리그레이션 TC : 실행_0446" finished-at="2021-11-29T22:57:58 KST" duration-ms="18149" status="PASS">
          <params>
            <param index="0">
              <value>
                <![CDATA[public void Chips_004_미디어_etc.미디어_12_팟빵.TC_0446_Chips_팟빵_구독삭제_확인(java.lang.reflect.Method) throws java.lang.Exception]]>
              </value>
            </param>
          </params>
          <reporter-output>
          </reporter-output>
        </test-method> <!-- TC_0446_Chips_팟빵_구독삭제_확인 -->
        <test-method is-config="true" signature="AfterMethod(org.testng.ITestResult)[pri:0, instance:Chips_004_미디어_etc.미디어_12_팟빵@503f91c3]" started-at="2021-11-29T22:57:58 KST" name="AfterMethod" finished-at="2021-11-29T22:57:58 KST" duration-ms="1" status="PASS">
          <params>
            <param index="0">
              <value>
                <![CDATA[[TestResult name=TC_0446_Chips_팟빵_구독삭제_확인 status=SUCCESS method=미디어_12_팟빵.TC_0446_Chips_팟빵_구독삭제_확인(java.lang.reflect.Method)[pri:0, instance:Chips_004_미디어_etc.미디어_12_팟빵@503f91c3] output={null}]]]>
              </value>
            </param>
          </params>
          <reporter-output>
          </reporter-output>
        </test-method> <!-- AfterMethod -->
        <test-method is-config="true" signature="BeforeMethod(java.lang.reflect.Method)[pri:0, instance:Chips_004_미디어_etc.미디어_12_팟빵@503f91c3]" started-at="2021-11-29T22:57:58 KST" name="BeforeMethod" finished-at="2021-11-29T22:57:58 KST" duration-ms="0" status="PASS">
          <params>
            <param index="0">
              <value>
                <![CDATA[public void Chips_004_미디어_etc.미디어_12_팟빵.TC_0447_Chips_팟빵_재생시간이동_확인(java.lang.reflect.Method) throws java.lang.Exception]]>
              </value>
            </param>
          </params>
          <reporter-output>
          </reporter-output>
        </test-method> <!-- BeforeMethod -->
        <test-method signature="TC_0447_Chips_팟빵_재생시간이동_확인(java.lang.reflect.Method)[pri:0, instance:Chips_004_미디어_etc.미디어_12_팟빵@503f91c3]" started-at="2021-11-29T22:57:58 KST" name="TC_0447_Chips_팟빵_재생시간이동_확인" description="칩스 리그레이션 TC : 실행_0447" finished-at="2021-11-29T22:58:03 KST" duration-ms="5025" status="PASS">
          <params>
            <param index="0">
              <value>
                <![CDATA[public void Chips_004_미디어_etc.미디어_12_팟빵.TC_0447_Chips_팟빵_재생시간이동_확인(java.lang.reflect.Method) throws java.lang.Exception]]>
              </value>
            </param>
          </params>
          <reporter-output>
          </reporter-output>
        </test-method> <!-- TC_0447_Chips_팟빵_재생시간이동_확인 -->
        <test-method is-config="true" signature="AfterMethod(org.testng.ITestResult)[pri:0, instance:Chips_004_미디어_etc.미디어_12_팟빵@503f91c3]" started-at="2021-11-29T22:58:03 KST" name="AfterMethod" finished-at="2021-11-29T22:58:03 KST" duration-ms="1" status="PASS">
          <params>
            <param index="0">
              <value>
                <![CDATA[[TestResult name=TC_0447_Chips_팟빵_재생시간이동_확인 status=SUCCESS method=미디어_12_팟빵.TC_0447_Chips_팟빵_재생시간이동_확인(java.lang.reflect.Method)[pri:0, instance:Chips_004_미디어_etc.미디어_12_팟빵@503f91c3] output={null}]]]>
              </value>
            </param>
          </params>
          <reporter-output>
          </reporter-output>
        </test-method> <!-- AfterMethod -->
        <test-method is-config="true" signature="BeforeMethod(java.lang.reflect.Method)[pri:0, instance:Chips_004_미디어_etc.미디어_12_팟빵@503f91c3]" started-at="2021-11-29T22:58:03 KST" name="BeforeMethod" finished-at="2021-11-29T22:58:03 KST" duration-ms="1" status="PASS">
          <params>
            <param index="0">
              <value>
                <![CDATA[public void Chips_004_미디어_etc.미디어_12_팟빵.TC_0448_Chips_팟빵_종료예약_확인(java.lang.reflect.Method) throws java.lang.Exception]]>
              </value>
            </param>
          </params>
          <reporter-output>
          </reporter-output>
        </test-method> <!-- BeforeMethod -->
        <test-method signature="TC_0448_Chips_팟빵_종료예약_확인(java.lang.reflect.Method)[pri:0, instance:Chips_004_미디어_etc.미디어_12_팟빵@503f91c3]" started-at="2021-11-29T22:58:03 KST" name="TC_0448_Chips_팟빵_종료예약_확인" description="칩스 리그레이션 TC : 실행_0448" finished-at="2021-11-29T22:58:14 KST" duration-ms="11262" status="PASS">
          <params>
            <param index="0">
              <value>
                <![CDATA[public void Chips_004_미디어_etc.미디어_12_팟빵.TC_0448_Chips_팟빵_종료예약_확인(java.lang.reflect.Method) throws java.lang.Exception]]>
              </value>
            </param>
          </params>
          <reporter-output>
          </reporter-output>
        </test-method> <!-- TC_0448_Chips_팟빵_종료예약_확인 -->
        <test-method is-config="true" signature="AfterMethod(org.testng.ITestResult)[pri:0, instance:Chips_004_미디어_etc.미디어_12_팟빵@503f91c3]" started-at="2021-11-29T22:58:14 KST" name="AfterMethod" finished-at="2021-11-29T22:58:14 KST" duration-ms="1" status="PASS">
          <params>
            <param index="0">
              <value>
                <![CDATA[[TestResult name=TC_0448_Chips_팟빵_종료예약_확인 status=SUCCESS method=미디어_12_팟빵.TC_0448_Chips_팟빵_종료예약_확인(java.lang.reflect.Method)[pri:0, instance:Chips_004_미디어_etc.미디어_12_팟빵@503f91c3] output={null}]]]>
              </value>
            </param>
          </params>
          <reporter-output>
          </reporter-output>
        </test-method> <!-- AfterMethod -->
        <test-method is-config="true" signature="BeforeMethod(java.lang.reflect.Method)[pri:0, instance:Chips_004_미디어_etc.미디어_12_팟빵@503f91c3]" started-at="2021-11-29T22:58:14 KST" name="BeforeMethod" finished-at="2021-11-29T22:58:14 KST" duration-ms="1" status="PASS">
          <params>
            <param index="0">
              <value>
                <![CDATA[public void Chips_004_미디어_etc.미디어_12_팟빵.TC_0449_Chips_팟빵_종료예약_확인(java.lang.reflect.Method) throws java.lang.Exception]]>
              </value>
            </param>
          </params>
          <reporter-output>
          </reporter-output>
        </test-method> <!-- BeforeMethod -->
        <test-method signature="TC_0449_Chips_팟빵_종료예약_확인(java.lang.reflect.Method)[pri:0, instance:Chips_004_미디어_etc.미디어_12_팟빵@503f91c3]" started-at="2021-11-29T22:58:14 KST" name="TC_0449_Chips_팟빵_종료예약_확인" description="칩스 리그레이션 TC : 실행_0449" finished-at="2021-11-29T22:58:19 KST" duration-ms="5094" status="PASS">
          <params>
            <param index="0">
              <value>
                <![CDATA[public void Chips_004_미디어_etc.미디어_12_팟빵.TC_0449_Chips_팟빵_종료예약_확인(java.lang.reflect.Method) throws java.lang.Exception]]>
              </value>
            </param>
          </params>
          <reporter-output>
          </reporter-output>
        </test-method> <!-- TC_0449_Chips_팟빵_종료예약_확인 -->
        <test-method is-config="true" signature="AfterMethod(org.testng.ITestResult)[pri:0, instance:Chips_004_미디어_etc.미디어_12_팟빵@503f91c3]" started-at="2021-11-29T22:58:19 KST" name="AfterMethod" finished-at="2021-11-29T22:58:19 KST" duration-ms="1" status="PASS">
          <params>
            <param index="0">
              <value>
                <![CDATA[[TestResult name=TC_0449_Chips_팟빵_종료예약_확인 status=SUCCESS method=미디어_12_팟빵.TC_0449_Chips_팟빵_종료예약_확인(java.lang.reflect.Method)[pri:0, instance:Chips_004_미디어_etc.미디어_12_팟빵@503f91c3] output={null}]]]>
              </value>
            </param>
          </params>
          <reporter-output>
          </reporter-output>
        </test-method> <!-- AfterMethod -->
        <test-method is-config="true" signature="BeforeMethod(java.lang.reflect.Method)[pri:0, instance:Chips_004_미디어_etc.미디어_12_팟빵@503f91c3]" started-at="2021-11-29T22:58:19 KST" name="BeforeMethod" finished-at="2021-11-29T22:58:19 KST" duration-ms="0" status="PASS">
          <params>
            <param index="0">
              <value>
                <![CDATA[public void Chips_004_미디어_etc.미디어_12_팟빵.TC_0452_Chips_팟빵_티맵미지원컨텐츠_재생_확인(java.lang.reflect.Method) throws java.lang.Exception]]>
              </value>
            </param>
          </params>
          <reporter-output>
          </reporter-output>
        </test-method> <!-- BeforeMethod -->
        <test-method signature="TC_0452_Chips_팟빵_티맵미지원컨텐츠_재생_확인(java.lang.reflect.Method)[pri:0, instance:Chips_004_미디어_etc.미디어_12_팟빵@503f91c3]" started-at="2021-11-29T22:58:19 KST" name="TC_0452_Chips_팟빵_티맵미지원컨텐츠_재생_확인" description="칩스 리그레이션 TC : 실행_0452" finished-at="2021-11-29T22:58:33 KST" duration-ms="13778" status="PASS">
          <params>
            <param index="0">
              <value>
                <![CDATA[public void Chips_004_미디어_etc.미디어_12_팟빵.TC_0452_Chips_팟빵_티맵미지원컨텐츠_재생_확인(java.lang.reflect.Method) throws java.lang.Exception]]>
              </value>
            </param>
          </params>
          <reporter-output>
          </reporter-output>
        </test-method> <!-- TC_0452_Chips_팟빵_티맵미지원컨텐츠_재생_확인 -->
        <test-method is-config="true" signature="AfterMethod(org.testng.ITestResult)[pri:0, instance:Chips_004_미디어_etc.미디어_12_팟빵@503f91c3]" started-at="2021-11-29T22:58:33 KST" name="AfterMethod" finished-at="2021-11-29T22:58:33 KST" duration-ms="0" status="PASS">
          <params>
            <param index="0">
              <value>
                <![CDATA[[TestResult name=TC_0452_Chips_팟빵_티맵미지원컨텐츠_재생_확인 status=SUCCESS method=미디어_12_팟빵.TC_0452_Chips_팟빵_티맵미지원컨텐츠_재생_확인(java.lang.reflect.Method)[pri:0, instance:Chips_004_미디어_etc.미디어_12_팟빵@503f91c3] output={null}]]]>
              </value>
            </param>
          </params>
          <reporter-output>
          </reporter-output>
        </test-method> <!-- AfterMethod -->
        <test-method signature="TC_0453_Chips_팟빵_티맵미지원컨텐츠_재생_확인(java.lang.reflect.Method)[pri:0, instance:Chips_004_미디어_etc.미디어_12_팟빵@503f91c3]" started-at="2021-11-29T22:58:33 KST" name="TC_0453_Chips_팟빵_티맵미지원컨텐츠_재생_확인" description="칩스 리그레이션 TC : 실행_0453" finished-at="2021-11-29T22:58:54 KST" duration-ms="20869" status="FAIL">
          <params>
            <param index="0">
              <value>
                <![CDATA[public void Chips_004_미디어_etc.미디어_12_팟빵.TC_0453_Chips_팟빵_티맵미지원컨텐츠_재생_확인(java.lang.reflect.Method) throws java.lang.Exception]]>
              </value>
            </param>
          </params>
          <exception class="junit.framework.AssertionFailedError">
            <full-stacktrace>
              <![CDATA[junit.framework.AssertionFailedError
at junit.framework.Assert.fail(Assert.java:47)
at junit.framework.Assert.assertTrue(Assert.java:20)
at junit.framework.Assert.assertTrue(Assert.java:27)
at Chips_004_미디어_etc.미디어_12_팟빵.TC_0453_Chips_팟빵_티맵미지원컨텐츠_재생_확인(미디어_12_팟빵.java:332)
at java.base/jdk.internal.reflect.NativeMethodAccessorImpl.invoke0(Native Method)
at java.base/jdk.internal.reflect.NativeMethodAccessorImpl.invoke(NativeMethodAccessorImpl.java:64)
at java.base/jdk.internal.reflect.DelegatingMethodAccessorImpl.invoke(DelegatingMethodAccessorImpl.java:43)
at java.base/java.lang.reflect.Method.invoke(Method.java:564)
at org.testng.internal.MethodInvocationHelper.invokeMethod(MethodInvocationHelper.java:133)
at org.testng.internal.TestInvoker.invokeMethod(TestInvoker.java:598)
at org.testng.internal.TestInvoker.invokeTestMethod(TestInvoker.java:173)
at org.testng.internal.MethodRunner.runInSequence(MethodRunner.java:46)
at org.testng.internal.TestInvoker$MethodInvocationAgent.invoke(TestInvoker.java:824)
at org.testng.internal.TestInvoker.invokeTestMethods(TestInvoker.java:146)
at org.testng.internal.TestMethodWorker.invokeTestMethods(TestMethodWorker.java:146)
at org.testng.internal.TestMethodWorker.run(TestMethodWorker.java:128)
at java.base/java.util.ArrayList.forEach(ArrayList.java:1511)
at org.testng.TestRunner.privateRun(TestRunner.java:794)
at org.testng.TestRunner.run(TestRunner.java:596)
at org.testng.SuiteRunner.runTest(SuiteRunner.java:377)
at org.testng.SuiteRunner.access$000(SuiteRunner.java:28)
at org.testng.SuiteRunner$SuiteWorker.run(SuiteRunner.java:418)
at org.testng.internal.thread.ThreadUtil.lambda$execute$0(ThreadUtil.java:64)
at java.base/java.util.concurrent.FutureTask.run(FutureTask.java:264)
at java.base/java.util.concurrent.ThreadPoolExecutor.runWorker(ThreadPoolExecutor.java:1130)
at java.base/java.util.concurrent.ThreadPoolExecutor$Worker.run(ThreadPoolExecutor.java:630)
at java.base/java.lang.Thread.run(Thread.java:832)
]]>
            </full-stacktrace>
          </exception> <!-- junit.framework.AssertionFailedError -->
          <reporter-output>
          </reporter-output>
        </test-method> <!-- TC_0453_Chips_팟빵_티맵미지원컨텐츠_재생_확인 -->
        <test-method is-config="true" signature="BeforeMethod(java.lang.reflect.Method)[pri:0, instance:Chips_004_미디어_etc.미디어_12_팟빵@503f91c3]" started-at="2021-11-29T22:58:33 KST" name="BeforeMethod" finished-at="2021-11-29T22:58:33 KST" duration-ms="0" status="PASS">
          <params>
            <param index="0">
              <value>
                <![CDATA[public void Chips_004_미디어_etc.미디어_12_팟빵.TC_0453_Chips_팟빵_티맵미지원컨텐츠_재생_확인(java.lang.reflect.Method) throws java.lang.Exception]]>
              </value>
            </param>
          </params>
          <reporter-output>
          </reporter-output>
        </test-method> <!-- BeforeMethod -->
        <test-method is-config="true" signature="AfterMethod(org.testng.ITestResult)[pri:0, instance:Chips_004_미디어_etc.미디어_12_팟빵@503f91c3]" started-at="2021-11-29T22:58:54 KST" name="AfterMethod" finished-at="2021-11-29T22:58:55 KST" duration-ms="730" status="PASS">
          <params>
            <param index="0">
              <value>
                <![CDATA[[TestResult name=TC_0453_Chips_팟빵_티맵미지원컨텐츠_재생_확인 status=FAILURE method=미디어_12_팟빵.TC_0453_Chips_팟빵_티맵미지원컨텐츠_재생_확인(java.lang.reflect.Method)[pri:0, instance:Chips_004_미디어_etc.미디어_12_팟빵@503f91c3] output={null}]]]>
              </value>
            </param>
          </params>
          <reporter-output>
          </reporter-output>
        </test-method> <!-- AfterMethod -->
        <test-method signature="TC_0455_Chips_팟빵_컨트롤러_에피소드_재생_확인(java.lang.reflect.Method)[pri:0, instance:Chips_004_미디어_etc.미디어_12_팟빵@503f91c3]" started-at="2021-11-29T22:58:55 KST" name="TC_0455_Chips_팟빵_컨트롤러_에피소드_재생_확인" description="칩스 리그레이션 TC : 실행_0455" finished-at="2021-11-29T22:59:07 KST" duration-ms="12603" status="PASS">
          <params>
            <param index="0">
              <value>
                <![CDATA[public void Chips_004_미디어_etc.미디어_12_팟빵.TC_0455_Chips_팟빵_컨트롤러_에피소드_재생_확인(java.lang.reflect.Method) throws java.lang.Exception]]>
              </value>
            </param>
          </params>
          <reporter-output>
          </reporter-output>
        </test-method> <!-- TC_0455_Chips_팟빵_컨트롤러_에피소드_재생_확인 -->
        <test-method is-config="true" signature="BeforeMethod(java.lang.reflect.Method)[pri:0, instance:Chips_004_미디어_etc.미디어_12_팟빵@503f91c3]" started-at="2021-11-29T22:58:55 KST" name="BeforeMethod" finished-at="2021-11-29T22:58:55 KST" duration-ms="0" status="PASS">
          <params>
            <param index="0">
              <value>
                <![CDATA[public void Chips_004_미디어_etc.미디어_12_팟빵.TC_0455_Chips_팟빵_컨트롤러_에피소드_재생_확인(java.lang.reflect.Method) throws java.lang.Exception]]>
              </value>
            </param>
          </params>
          <reporter-output>
          </reporter-output>
        </test-method> <!-- BeforeMethod -->
        <test-method is-config="true" signature="AfterMethod(org.testng.ITestResult)[pri:0, instance:Chips_004_미디어_etc.미디어_12_팟빵@503f91c3]" started-at="2021-11-29T22:59:07 KST" name="AfterMethod" finished-at="2021-11-29T22:59:07 KST" duration-ms="0" status="PASS">
          <params>
            <param index="0">
              <value>
                <![CDATA[[TestResult name=TC_0455_Chips_팟빵_컨트롤러_에피소드_재생_확인 status=SUCCESS method=미디어_12_팟빵.TC_0455_Chips_팟빵_컨트롤러_에피소드_재생_확인(java.lang.reflect.Method)[pri:0, instance:Chips_004_미디어_etc.미디어_12_팟빵@503f91c3] output={null}]]]>
              </value>
            </param>
          </params>
          <reporter-output>
          </reporter-output>
        </test-method> <!-- AfterMethod -->
        <test-method signature="TC_0456_Chips_팟빵_컨트롤러_일시정지_확인(java.lang.reflect.Method)[pri:0, instance:Chips_004_미디어_etc.미디어_12_팟빵@503f91c3]" started-at="2021-11-29T22:59:07 KST" name="TC_0456_Chips_팟빵_컨트롤러_일시정지_확인" description="칩스 리그레이션 TC : 실행_0456" finished-at="2021-11-29T22:59:23 KST" duration-ms="15525" status="PASS">
          <params>
            <param index="0">
              <value>
                <![CDATA[public void Chips_004_미디어_etc.미디어_12_팟빵.TC_0456_Chips_팟빵_컨트롤러_일시정지_확인(java.lang.reflect.Method) throws java.lang.Exception]]>
              </value>
            </param>
          </params>
          <reporter-output>
          </reporter-output>
        </test-method> <!-- TC_0456_Chips_팟빵_컨트롤러_일시정지_확인 -->
        <test-method is-config="true" signature="BeforeMethod(java.lang.reflect.Method)[pri:0, instance:Chips_004_미디어_etc.미디어_12_팟빵@503f91c3]" started-at="2021-11-29T22:59:07 KST" name="BeforeMethod" finished-at="2021-11-29T22:59:07 KST" duration-ms="0" status="PASS">
          <params>
            <param index="0">
              <value>
                <![CDATA[public void Chips_004_미디어_etc.미디어_12_팟빵.TC_0456_Chips_팟빵_컨트롤러_일시정지_확인(java.lang.reflect.Method) throws java.lang.Exception]]>
              </value>
            </param>
          </params>
          <reporter-output>
          </reporter-output>
        </test-method> <!-- BeforeMethod -->
        <test-method is-config="true" signature="AfterMethod(org.testng.ITestResult)[pri:0, instance:Chips_004_미디어_etc.미디어_12_팟빵@503f91c3]" started-at="2021-11-29T22:59:23 KST" name="AfterMethod" finished-at="2021-11-29T22:59:23 KST" duration-ms="0" status="PASS">
          <params>
            <param index="0">
              <value>
                <![CDATA[[TestResult name=TC_0456_Chips_팟빵_컨트롤러_일시정지_확인 status=SUCCESS method=미디어_12_팟빵.TC_0456_Chips_팟빵_컨트롤러_일시정지_확인(java.lang.reflect.Method)[pri:0, instance:Chips_004_미디어_etc.미디어_12_팟빵@503f91c3] output={null}]]]>
              </value>
            </param>
          </params>
          <reporter-output>
          </reporter-output>
        </test-method> <!-- AfterMethod -->
        <test-method is-config="true" signature="BeforeMethod(java.lang.reflect.Method)[pri:0, instance:Chips_004_미디어_etc.미디어_12_팟빵@503f91c3]" started-at="2021-11-29T22:59:23 KST" name="BeforeMethod" finished-at="2021-11-29T22:59:23 KST" duration-ms="0" status="PASS">
          <params>
            <param index="0">
              <value>
                <![CDATA[public void Chips_004_미디어_etc.미디어_12_팟빵.TC_0457_Chips_팟빵_컨트롤러_일시정지취소_확인(java.lang.reflect.Method) throws java.lang.Exception]]>
              </value>
            </param>
          </params>
          <reporter-output>
          </reporter-output>
        </test-method> <!-- BeforeMethod -->
        <test-method signature="TC_0457_Chips_팟빵_컨트롤러_일시정지취소_확인(java.lang.reflect.Method)[pri:0, instance:Chips_004_미디어_etc.미디어_12_팟빵@503f91c3]" started-at="2021-11-29T22:59:23 KST" name="TC_0457_Chips_팟빵_컨트롤러_일시정지취소_확인" description="칩스 리그레이션 TC : 실행_0457" finished-at="2021-11-29T22:59:31 KST" duration-ms="8684" status="PASS">
          <params>
            <param index="0">
              <value>
                <![CDATA[public void Chips_004_미디어_etc.미디어_12_팟빵.TC_0457_Chips_팟빵_컨트롤러_일시정지취소_확인(java.lang.reflect.Method) throws java.lang.Exception]]>
              </value>
            </param>
          </params>
          <reporter-output>
          </reporter-output>
        </test-method> <!-- TC_0457_Chips_팟빵_컨트롤러_일시정지취소_확인 -->
        <test-method is-config="true" signature="AfterMethod(org.testng.ITestResult)[pri:0, instance:Chips_004_미디어_etc.미디어_12_팟빵@503f91c3]" started-at="2021-11-29T22:59:31 KST" name="AfterMethod" finished-at="2021-11-29T22:59:31 KST" duration-ms="0" status="PASS">
          <params>
            <param index="0">
              <value>
                <![CDATA[[TestResult name=TC_0457_Chips_팟빵_컨트롤러_일시정지취소_확인 status=SUCCESS method=미디어_12_팟빵.TC_0457_Chips_팟빵_컨트롤러_일시정지취소_확인(java.lang.reflect.Method)[pri:0, instance:Chips_004_미디어_etc.미디어_12_팟빵@503f91c3] output={null}]]]>
              </value>
            </param>
          </params>
          <reporter-output>
          </reporter-output>
        </test-method> <!-- AfterMethod -->
        <test-method is-config="true" signature="BeforeMethod(java.lang.reflect.Method)[pri:0, instance:Chips_004_미디어_etc.미디어_12_팟빵@503f91c3]" started-at="2021-11-29T22:59:31 KST" name="BeforeMethod" finished-at="2021-11-29T22:59:31 KST" duration-ms="1" status="PASS">
          <params>
            <param index="0">
              <value>
                <![CDATA[public void Chips_004_미디어_etc.미디어_12_팟빵.TC_0458_Chips_팟빵_컨트롤러_일시정지_확인(java.lang.reflect.Method) throws java.lang.Exception]]>
              </value>
            </param>
          </params>
          <reporter-output>
          </reporter-output>
        </test-method> <!-- BeforeMethod -->
        <test-method signature="TC_0458_Chips_팟빵_컨트롤러_일시정지_확인(java.lang.reflect.Method)[pri:0, instance:Chips_004_미디어_etc.미디어_12_팟빵@503f91c3]" started-at="2021-11-29T22:59:31 KST" name="TC_0458_Chips_팟빵_컨트롤러_일시정지_확인" description="칩스 리그레이션 TC : 실행_0458" finished-at="2021-11-29T22:59:40 KST" duration-ms="8590" status="PASS">
          <params>
            <param index="0">
              <value>
                <![CDATA[public void Chips_004_미디어_etc.미디어_12_팟빵.TC_0458_Chips_팟빵_컨트롤러_일시정지_확인(java.lang.reflect.Method) throws java.lang.Exception]]>
              </value>
            </param>
          </params>
          <reporter-output>
          </reporter-output>
        </test-method> <!-- TC_0458_Chips_팟빵_컨트롤러_일시정지_확인 -->
        <test-method is-config="true" signature="AfterMethod(org.testng.ITestResult)[pri:0, instance:Chips_004_미디어_etc.미디어_12_팟빵@503f91c3]" started-at="2021-11-29T22:59:40 KST" name="AfterMethod" finished-at="2021-11-29T22:59:40 KST" duration-ms="0" status="PASS">
          <params>
            <param index="0">
              <value>
                <![CDATA[[TestResult name=TC_0458_Chips_팟빵_컨트롤러_일시정지_확인 status=SUCCESS method=미디어_12_팟빵.TC_0458_Chips_팟빵_컨트롤러_일시정지_확인(java.lang.reflect.Method)[pri:0, instance:Chips_004_미디어_etc.미디어_12_팟빵@503f91c3] output={null}]]]>
              </value>
            </param>
          </params>
          <reporter-output>
          </reporter-output>
        </test-method> <!-- AfterMethod -->
        <test-method is-config="true" signature="BeforeMethod(java.lang.reflect.Method)[pri:0, instance:Chips_004_미디어_etc.미디어_12_팟빵@503f91c3]" started-at="2021-11-29T22:59:40 KST" name="BeforeMethod" finished-at="2021-11-29T22:59:40 KST" duration-ms="1" status="PASS">
          <params>
            <param index="0">
              <value>
                <![CDATA[public void Chips_004_미디어_etc.미디어_12_팟빵.TC_0459_Chips_팟빵_컨트롤러_일시정지취소_확인(java.lang.reflect.Method) throws java.lang.Exception]]>
              </value>
            </param>
          </params>
          <reporter-output>
          </reporter-output>
        </test-method> <!-- BeforeMethod -->
        <test-method signature="TC_0459_Chips_팟빵_컨트롤러_일시정지취소_확인(java.lang.reflect.Method)[pri:0, instance:Chips_004_미디어_etc.미디어_12_팟빵@503f91c3]" started-at="2021-11-29T22:59:40 KST" name="TC_0459_Chips_팟빵_컨트롤러_일시정지취소_확인" description="칩스 리그레이션 TC : 실행_0459" finished-at="2021-11-29T22:59:49 KST" duration-ms="8867" status="PASS">
          <params>
            <param index="0">
              <value>
                <![CDATA[public void Chips_004_미디어_etc.미디어_12_팟빵.TC_0459_Chips_팟빵_컨트롤러_일시정지취소_확인(java.lang.reflect.Method) throws java.lang.Exception]]>
              </value>
            </param>
          </params>
          <reporter-output>
          </reporter-output>
        </test-method> <!-- TC_0459_Chips_팟빵_컨트롤러_일시정지취소_확인 -->
        <test-method is-config="true" signature="AfterMethod(org.testng.ITestResult)[pri:0, instance:Chips_004_미디어_etc.미디어_12_팟빵@503f91c3]" started-at="2021-11-29T22:59:49 KST" name="AfterMethod" finished-at="2021-11-29T22:59:49 KST" duration-ms="2" status="PASS">
          <params>
            <param index="0">
              <value>
                <![CDATA[[TestResult name=TC_0459_Chips_팟빵_컨트롤러_일시정지취소_확인 status=SUCCESS method=미디어_12_팟빵.TC_0459_Chips_팟빵_컨트롤러_일시정지취소_확인(java.lang.reflect.Method)[pri:0, instance:Chips_004_미디어_etc.미디어_12_팟빵@503f91c3] output={null}]]]>
              </value>
            </param>
          </params>
          <reporter-output>
          </reporter-output>
        </test-method> <!-- AfterMethod -->
        <test-method is-config="true" signature="BeforeMethod(java.lang.reflect.Method)[pri:0, instance:Chips_004_미디어_etc.미디어_12_팟빵@503f91c3]" started-at="2021-11-29T22:59:49 KST" name="BeforeMethod" finished-at="2021-11-29T22:59:49 KST" duration-ms="0" status="PASS">
          <params>
            <param index="0">
              <value>
                <![CDATA[public void Chips_004_미디어_etc.미디어_12_팟빵.TC_0460_Chips_팟빵_구독_확인(java.lang.reflect.Method) throws java.lang.Exception]]>
              </value>
            </param>
          </params>
          <reporter-output>
          </reporter-output>
        </test-method> <!-- BeforeMethod -->
        <test-method signature="TC_0460_Chips_팟빵_구독_확인(java.lang.reflect.Method)[pri:0, instance:Chips_004_미디어_etc.미디어_12_팟빵@503f91c3]" started-at="2021-11-29T22:59:49 KST" name="TC_0460_Chips_팟빵_구독_확인" description="칩스 리그레이션 TC : 실행_0460" finished-at="2021-11-29T23:00:19 KST" duration-ms="30208" status="FAIL">
          <params>
            <param index="0">
              <value>
                <![CDATA[public void Chips_004_미디어_etc.미디어_12_팟빵.TC_0460_Chips_팟빵_구독_확인(java.lang.reflect.Method) throws java.lang.Exception]]>
              </value>
            </param>
          </params>
          <exception class="junit.framework.AssertionFailedError">
            <full-stacktrace>
              <![CDATA[junit.framework.AssertionFailedError
at junit.framework.Assert.fail(Assert.java:47)
at junit.framework.Assert.assertTrue(Assert.java:20)
at junit.framework.Assert.assertTrue(Assert.java:27)
at Chips_004_미디어_etc.미디어_12_팟빵.TC_0460_Chips_팟빵_구독_확인(미디어_12_팟빵.java:433)
at java.base/jdk.internal.reflect.NativeMethodAccessorImpl.invoke0(Native Method)
at java.base/jdk.internal.reflect.NativeMethodAccessorImpl.invoke(NativeMethodAccessorImpl.java:64)
at java.base/jdk.internal.reflect.DelegatingMethodAccessorImpl.invoke(DelegatingMethodAccessorImpl.java:43)
at java.base/java.lang.reflect.Method.invoke(Method.java:564)
at org.testng.internal.MethodInvocationHelper.invokeMethod(MethodInvocationHelper.java:133)
at org.testng.internal.TestInvoker.invokeMethod(TestInvoker.java:598)
at org.testng.internal.TestInvoker.invokeTestMethod(TestInvoker.java:173)
at org.testng.internal.MethodRunner.runInSequence(MethodRunner.java:46)
at org.testng.internal.TestInvoker$MethodInvocationAgent.invoke(TestInvoker.java:824)
at org.testng.internal.TestInvoker.invokeTestMethods(TestInvoker.java:146)
at org.testng.internal.TestMethodWorker.invokeTestMethods(TestMethodWorker.java:146)
at org.testng.internal.TestMethodWorker.run(TestMethodWorker.java:128)
at java.base/java.util.ArrayList.forEach(ArrayList.java:1511)
at org.testng.TestRunner.privateRun(TestRunner.java:794)
at org.testng.TestRunner.run(TestRunner.java:596)
at org.testng.SuiteRunner.runTest(SuiteRunner.java:377)
at org.testng.SuiteRunner.access$000(SuiteRunner.java:28)
at org.testng.SuiteRunner$SuiteWorker.run(SuiteRunner.java:418)
at org.testng.internal.thread.ThreadUtil.lambda$execute$0(ThreadUtil.java:64)
at java.base/java.util.concurrent.FutureTask.run(FutureTask.java:264)
at java.base/java.util.concurrent.ThreadPoolExecutor.runWorker(ThreadPoolExecutor.java:1130)
at java.base/java.util.concurrent.ThreadPoolExecutor$Worker.run(ThreadPoolExecutor.java:630)
at java.base/java.lang.Thread.run(Thread.java:832)
]]>
            </full-stacktrace>
          </exception> <!-- junit.framework.AssertionFailedError -->
          <reporter-output>
          </reporter-output>
        </test-method> <!-- TC_0460_Chips_팟빵_구독_확인 -->
        <test-method is-config="true" signature="AfterMethod(org.testng.ITestResult)[pri:0, instance:Chips_004_미디어_etc.미디어_12_팟빵@503f91c3]" started-at="2021-11-29T23:00:19 KST" name="AfterMethod" finished-at="2021-11-29T23:00:21 KST" duration-ms="2188" status="PASS">
          <params>
            <param index="0">
              <value>
                <![CDATA[[TestResult name=TC_0460_Chips_팟빵_구독_확인 status=FAILURE method=미디어_12_팟빵.TC_0460_Chips_팟빵_구독_확인(java.lang.reflect.Method)[pri:0, instance:Chips_004_미디어_etc.미디어_12_팟빵@503f91c3] output={null}]]]>
              </value>
            </param>
          </params>
          <reporter-output>
          </reporter-output>
        </test-method> <!-- AfterMethod -->
        <test-method is-config="true" signature="BeforeMethod(java.lang.reflect.Method)[pri:0, instance:Chips_004_미디어_etc.미디어_12_팟빵@503f91c3]" started-at="2021-11-29T23:00:21 KST" name="BeforeMethod" finished-at="2021-11-29T23:00:21 KST" duration-ms="0" status="PASS">
          <params>
            <param index="0">
              <value>
                <![CDATA[public void Chips_004_미디어_etc.미디어_12_팟빵.TC_0461_Chips_팟빵_구독해제_확인(java.lang.reflect.Method) throws java.lang.Exception]]>
              </value>
            </param>
          </params>
          <reporter-output>
          </reporter-output>
        </test-method> <!-- BeforeMethod -->
        <test-method signature="TC_0461_Chips_팟빵_구독해제_확인(java.lang.reflect.Method)[pri:0, instance:Chips_004_미디어_etc.미디어_12_팟빵@503f91c3]" started-at="2021-11-29T23:00:21 KST" name="TC_0461_Chips_팟빵_구독해제_확인" description="칩스 리그레이션 TC : 실행_0461" finished-at="2021-11-29T23:00:33 KST" duration-ms="12093" status="PASS">
          <params>
            <param index="0">
              <value>
                <![CDATA[public void Chips_004_미디어_etc.미디어_12_팟빵.TC_0461_Chips_팟빵_구독해제_확인(java.lang.reflect.Method) throws java.lang.Exception]]>
              </value>
            </param>
          </params>
          <reporter-output>
          </reporter-output>
        </test-method> <!-- TC_0461_Chips_팟빵_구독해제_확인 -->
        <test-method is-config="true" signature="AfterMethod(org.testng.ITestResult)[pri:0, instance:Chips_004_미디어_etc.미디어_12_팟빵@503f91c3]" started-at="2021-11-29T23:00:33 KST" name="AfterMethod" finished-at="2021-11-29T23:00:33 KST" duration-ms="0" status="PASS">
          <params>
            <param index="0">
              <value>
                <![CDATA[[TestResult name=TC_0461_Chips_팟빵_구독해제_확인 status=SUCCESS method=미디어_12_팟빵.TC_0461_Chips_팟빵_구독해제_확인(java.lang.reflect.Method)[pri:0, instance:Chips_004_미디어_etc.미디어_12_팟빵@503f91c3] output={null}]]]>
              </value>
            </param>
          </params>
          <reporter-output>
          </reporter-output>
        </test-method> <!-- AfterMethod -->
        <test-method is-config="true" signature="BeforeMethod(java.lang.reflect.Method)[pri:0, instance:Chips_004_미디어_etc.미디어_12_팟빵@503f91c3]" started-at="2021-11-29T23:00:33 KST" name="BeforeMethod" finished-at="2021-11-29T23:00:33 KST" duration-ms="0" status="PASS">
          <params>
            <param index="0">
              <value>
                <![CDATA[public void Chips_004_미디어_etc.미디어_12_팟빵.TC_0462_Chips_팟빵_이전_확인(java.lang.reflect.Method) throws java.lang.Exception]]>
              </value>
            </param>
          </params>
          <reporter-output>
          </reporter-output>
        </test-method> <!-- BeforeMethod -->
        <test-method signature="TC_0462_Chips_팟빵_이전_확인(java.lang.reflect.Method)[pri:0, instance:Chips_004_미디어_etc.미디어_12_팟빵@503f91c3]" started-at="2021-11-29T23:00:33 KST" name="TC_0462_Chips_팟빵_이전_확인" description="칩스 리그레이션 TC : 실행_0462" finished-at="2021-11-29T23:01:16 KST" duration-ms="42358" status="PASS">
          <params>
            <param index="0">
              <value>
                <![CDATA[public void Chips_004_미디어_etc.미디어_12_팟빵.TC_0462_Chips_팟빵_이전_확인(java.lang.reflect.Method) throws java.lang.Exception]]>
              </value>
            </param>
          </params>
          <reporter-output>
          </reporter-output>
        </test-method> <!-- TC_0462_Chips_팟빵_이전_확인 -->
        <test-method is-config="true" signature="AfterMethod(org.testng.ITestResult)[pri:0, instance:Chips_004_미디어_etc.미디어_12_팟빵@503f91c3]" started-at="2021-11-29T23:01:16 KST" name="AfterMethod" finished-at="2021-11-29T23:01:16 KST" duration-ms="0" status="PASS">
          <params>
            <param index="0">
              <value>
                <![CDATA[[TestResult name=TC_0462_Chips_팟빵_이전_확인 status=SUCCESS method=미디어_12_팟빵.TC_0462_Chips_팟빵_이전_확인(java.lang.reflect.Method)[pri:0, instance:Chips_004_미디어_etc.미디어_12_팟빵@503f91c3] output={null}]]]>
              </value>
            </param>
          </params>
          <reporter-output>
          </reporter-output>
        </test-method> <!-- AfterMethod -->
        <test-method signature="TC_0463_Chips_팟빵_다음_확인(java.lang.reflect.Method)[pri:0, instance:Chips_004_미디어_etc.미디어_12_팟빵@503f91c3]" started-at="2021-11-29T23:01:16 KST" name="TC_0463_Chips_팟빵_다음_확인" description="칩스 리그레이션 TC : 실행_0463" finished-at="2021-11-29T23:01:32 KST" duration-ms="16425" status="PASS">
          <params>
            <param index="0">
              <value>
                <![CDATA[public void Chips_004_미디어_etc.미디어_12_팟빵.TC_0463_Chips_팟빵_다음_확인(java.lang.reflect.Method) throws java.lang.Exception]]>
              </value>
            </param>
          </params>
          <reporter-output>
          </reporter-output>
        </test-method> <!-- TC_0463_Chips_팟빵_다음_확인 -->
        <test-method is-config="true" signature="BeforeMethod(java.lang.reflect.Method)[pri:0, instance:Chips_004_미디어_etc.미디어_12_팟빵@503f91c3]" started-at="2021-11-29T23:01:16 KST" name="BeforeMethod" finished-at="2021-11-29T23:01:16 KST" duration-ms="0" status="PASS">
          <params>
            <param index="0">
              <value>
                <![CDATA[public void Chips_004_미디어_etc.미디어_12_팟빵.TC_0463_Chips_팟빵_다음_확인(java.lang.reflect.Method) throws java.lang.Exception]]>
              </value>
            </param>
          </params>
          <reporter-output>
          </reporter-output>
        </test-method> <!-- BeforeMethod -->
        <test-method is-config="true" signature="AfterMethod(org.testng.ITestResult)[pri:0, instance:Chips_004_미디어_etc.미디어_12_팟빵@503f91c3]" started-at="2021-11-29T23:01:32 KST" name="AfterMethod" finished-at="2021-11-29T23:01:32 KST" duration-ms="1" status="PASS">
          <params>
            <param index="0">
              <value>
                <![CDATA[[TestResult name=TC_0463_Chips_팟빵_다음_확인 status=SUCCESS method=미디어_12_팟빵.TC_0463_Chips_팟빵_다음_확인(java.lang.reflect.Method)[pri:0, instance:Chips_004_미디어_etc.미디어_12_팟빵@503f91c3] output={null}]]]>
              </value>
            </param>
          </params>
          <reporter-output>
          </reporter-output>
        </test-method> <!-- AfterMethod -->
        <test-method is-config="true" signature="BeforeMethod(java.lang.reflect.Method)[pri:0, instance:Chips_004_미디어_etc.미디어_12_팟빵@503f91c3]" started-at="2021-11-29T23:01:32 KST" name="BeforeMethod" finished-at="2021-11-29T23:01:32 KST" duration-ms="1" status="PASS">
          <params>
            <param index="0">
              <value>
                <![CDATA[public void Chips_004_미디어_etc.미디어_12_팟빵.TC_0464_Chips_팟빵_이전팟캐스트_확인(java.lang.reflect.Method) throws java.lang.Exception]]>
              </value>
            </param>
          </params>
          <reporter-output>
          </reporter-output>
        </test-method> <!-- BeforeMethod -->
        <test-method signature="TC_0464_Chips_팟빵_이전팟캐스트_확인(java.lang.reflect.Method)[pri:0, instance:Chips_004_미디어_etc.미디어_12_팟빵@503f91c3]" started-at="2021-11-29T23:01:32 KST" name="TC_0464_Chips_팟빵_이전팟캐스트_확인" description="칩스 리그레이션 TC : 실행_0463" finished-at="2021-11-29T23:02:05 KST" duration-ms="33209" status="PASS">
          <params>
            <param index="0">
              <value>
                <![CDATA[public void Chips_004_미디어_etc.미디어_12_팟빵.TC_0464_Chips_팟빵_이전팟캐스트_확인(java.lang.reflect.Method) throws java.lang.Exception]]>
              </value>
            </param>
          </params>
          <reporter-output>
          </reporter-output>
        </test-method> <!-- TC_0464_Chips_팟빵_이전팟캐스트_확인 -->
        <test-method is-config="true" signature="AfterMethod(org.testng.ITestResult)[pri:0, instance:Chips_004_미디어_etc.미디어_12_팟빵@503f91c3]" started-at="2021-11-29T23:02:05 KST" name="AfterMethod" finished-at="2021-11-29T23:02:05 KST" duration-ms="1" status="PASS">
          <params>
            <param index="0">
              <value>
                <![CDATA[[TestResult name=TC_0464_Chips_팟빵_이전팟캐스트_확인 status=SUCCESS method=미디어_12_팟빵.TC_0464_Chips_팟빵_이전팟캐스트_확인(java.lang.reflect.Method)[pri:0, instance:Chips_004_미디어_etc.미디어_12_팟빵@503f91c3] output={null}]]]>
              </value>
            </param>
          </params>
          <reporter-output>
          </reporter-output>
        </test-method> <!-- AfterMethod -->
        <test-method is-config="true" signature="BeforeMethod(java.lang.reflect.Method)[pri:0, instance:Chips_004_미디어_etc.미디어_12_팟빵@503f91c3]" started-at="2021-11-29T23:02:05 KST" name="BeforeMethod" finished-at="2021-11-29T23:02:05 KST" duration-ms="0" status="PASS">
          <params>
            <param index="0">
              <value>
                <![CDATA[public void Chips_004_미디어_etc.미디어_12_팟빵.TC_0465_Chips_팟빵_다음팟캐스트__확인(java.lang.reflect.Method) throws java.lang.Exception]]>
              </value>
            </param>
          </params>
          <reporter-output>
          </reporter-output>
        </test-method> <!-- BeforeMethod -->
        <test-method signature="TC_0465_Chips_팟빵_다음팟캐스트__확인(java.lang.reflect.Method)[pri:0, instance:Chips_004_미디어_etc.미디어_12_팟빵@503f91c3]" started-at="2021-11-29T23:02:05 KST" name="TC_0465_Chips_팟빵_다음팟캐스트__확인" description="칩스 리그레이션 TC : 실행_0465" finished-at="2021-11-29T23:02:34 KST" duration-ms="29034" status="PASS">
          <params>
            <param index="0">
              <value>
                <![CDATA[public void Chips_004_미디어_etc.미디어_12_팟빵.TC_0465_Chips_팟빵_다음팟캐스트__확인(java.lang.reflect.Method) throws java.lang.Exception]]>
              </value>
            </param>
          </params>
          <reporter-output>
          </reporter-output>
        </test-method> <!-- TC_0465_Chips_팟빵_다음팟캐스트__확인 -->
        <test-method is-config="true" signature="AfterMethod(org.testng.ITestResult)[pri:0, instance:Chips_004_미디어_etc.미디어_12_팟빵@503f91c3]" started-at="2021-11-29T23:02:34 KST" name="AfterMethod" finished-at="2021-11-29T23:02:34 KST" duration-ms="1" status="PASS">
          <params>
            <param index="0">
              <value>
                <![CDATA[[TestResult name=TC_0465_Chips_팟빵_다음팟캐스트__확인 status=SUCCESS method=미디어_12_팟빵.TC_0465_Chips_팟빵_다음팟캐스트__확인(java.lang.reflect.Method)[pri:0, instance:Chips_004_미디어_etc.미디어_12_팟빵@503f91c3] output={null}]]]>
              </value>
            </param>
          </params>
          <reporter-output>
          </reporter-output>
        </test-method> <!-- AfterMethod -->
        <test-method is-config="true" signature="BeforeMethod(java.lang.reflect.Method)[pri:0, instance:Chips_004_미디어_etc.미디어_12_팟빵@503f91c3]" started-at="2021-11-29T23:02:34 KST" name="BeforeMethod" finished-at="2021-11-29T23:02:34 KST" duration-ms="0" status="PASS">
          <params>
            <param index="0">
              <value>
                <![CDATA[public void Chips_004_미디어_etc.미디어_12_팟빵.TC_0466_Chips_팟빵_재생시간앞으로이동_확인(java.lang.reflect.Method) throws java.lang.Exception]]>
              </value>
            </param>
          </params>
          <reporter-output>
          </reporter-output>
        </test-method> <!-- BeforeMethod -->
        <test-method signature="TC_0466_Chips_팟빵_재생시간앞으로이동_확인(java.lang.reflect.Method)[pri:0, instance:Chips_004_미디어_etc.미디어_12_팟빵@503f91c3]" started-at="2021-11-29T23:02:34 KST" name="TC_0466_Chips_팟빵_재생시간앞으로이동_확인" description="칩스 리그레이션 TC : 실행_0466" finished-at="2021-11-29T23:02:44 KST" duration-ms="9836" status="PASS">
          <params>
            <param index="0">
              <value>
                <![CDATA[public void Chips_004_미디어_etc.미디어_12_팟빵.TC_0466_Chips_팟빵_재생시간앞으로이동_확인(java.lang.reflect.Method) throws java.lang.Exception]]>
              </value>
            </param>
          </params>
          <reporter-output>
          </reporter-output>
        </test-method> <!-- TC_0466_Chips_팟빵_재생시간앞으로이동_확인 -->
        <test-method is-config="true" signature="AfterMethod(org.testng.ITestResult)[pri:0, instance:Chips_004_미디어_etc.미디어_12_팟빵@503f91c3]" started-at="2021-11-29T23:02:44 KST" name="AfterMethod" finished-at="2021-11-29T23:02:44 KST" duration-ms="0" status="PASS">
          <params>
            <param index="0">
              <value>
                <![CDATA[[TestResult name=TC_0466_Chips_팟빵_재생시간앞으로이동_확인 status=SUCCESS method=미디어_12_팟빵.TC_0466_Chips_팟빵_재생시간앞으로이동_확인(java.lang.reflect.Method)[pri:0, instance:Chips_004_미디어_etc.미디어_12_팟빵@503f91c3] output={null}]]]>
              </value>
            </param>
          </params>
          <reporter-output>
          </reporter-output>
        </test-method> <!-- AfterMethod -->
        <test-method is-config="true" signature="BeforeMethod(java.lang.reflect.Method)[pri:0, instance:Chips_004_미디어_etc.미디어_12_팟빵@503f91c3]" started-at="2021-11-29T23:02:44 KST" name="BeforeMethod" finished-at="2021-11-29T23:02:44 KST" duration-ms="0" status="PASS">
          <params>
            <param index="0">
              <value>
                <![CDATA[public void Chips_004_미디어_etc.미디어_12_팟빵.TC_0467_Chips_팟빵_재생시간뒤으로이동_확인(java.lang.reflect.Method) throws java.lang.Exception]]>
              </value>
            </param>
          </params>
          <reporter-output>
          </reporter-output>
        </test-method> <!-- BeforeMethod -->
        <test-method signature="TC_0467_Chips_팟빵_재생시간뒤으로이동_확인(java.lang.reflect.Method)[pri:0, instance:Chips_004_미디어_etc.미디어_12_팟빵@503f91c3]" started-at="2021-11-29T23:02:44 KST" name="TC_0467_Chips_팟빵_재생시간뒤으로이동_확인" description="칩스 리그레이션 TC : 실행_0467" finished-at="2021-11-29T23:02:54 KST" duration-ms="9696" status="PASS">
          <params>
            <param index="0">
              <value>
                <![CDATA[public void Chips_004_미디어_etc.미디어_12_팟빵.TC_0467_Chips_팟빵_재생시간뒤으로이동_확인(java.lang.reflect.Method) throws java.lang.Exception]]>
              </value>
            </param>
          </params>
          <reporter-output>
          </reporter-output>
        </test-method> <!-- TC_0467_Chips_팟빵_재생시간뒤으로이동_확인 -->
        <test-method is-config="true" signature="AfterMethod(org.testng.ITestResult)[pri:0, instance:Chips_004_미디어_etc.미디어_12_팟빵@503f91c3]" started-at="2021-11-29T23:02:54 KST" name="AfterMethod" finished-at="2021-11-29T23:02:54 KST" duration-ms="1" status="PASS">
          <params>
            <param index="0">
              <value>
                <![CDATA[[TestResult name=TC_0467_Chips_팟빵_재생시간뒤으로이동_확인 status=SUCCESS method=미디어_12_팟빵.TC_0467_Chips_팟빵_재생시간뒤으로이동_확인(java.lang.reflect.Method)[pri:0, instance:Chips_004_미디어_etc.미디어_12_팟빵@503f91c3] output={null}]]]>
              </value>
            </param>
          </params>
          <reporter-output>
          </reporter-output>
        </test-method> <!-- AfterMethod -->
        <test-method signature="TC_0468_Chips_팟빵_종료_확인(java.lang.reflect.Method)[pri:0, instance:Chips_004_미디어_etc.미디어_12_팟빵@503f91c3]" started-at="2021-11-29T23:02:54 KST" name="TC_0468_Chips_팟빵_종료_확인" description="칩스 리그레이션 TC : 실행_0468" finished-at="2021-11-29T23:03:04 KST" duration-ms="9786" status="PASS">
          <params>
            <param index="0">
              <value>
                <![CDATA[public void Chips_004_미디어_etc.미디어_12_팟빵.TC_0468_Chips_팟빵_종료_확인(java.lang.reflect.Method) throws java.lang.Exception]]>
              </value>
            </param>
          </params>
          <reporter-output>
          </reporter-output>
        </test-method> <!-- TC_0468_Chips_팟빵_종료_확인 -->
        <test-method is-config="true" signature="BeforeMethod(java.lang.reflect.Method)[pri:0, instance:Chips_004_미디어_etc.미디어_12_팟빵@503f91c3]" started-at="2021-11-29T23:02:54 KST" name="BeforeMethod" finished-at="2021-11-29T23:02:54 KST" duration-ms="0" status="PASS">
          <params>
            <param index="0">
              <value>
                <![CDATA[public void Chips_004_미디어_etc.미디어_12_팟빵.TC_0468_Chips_팟빵_종료_확인(java.lang.reflect.Method) throws java.lang.Exception]]>
              </value>
            </param>
          </params>
          <reporter-output>
          </reporter-output>
        </test-method> <!-- BeforeMethod -->
        <test-method is-config="true" signature="AfterMethod(org.testng.ITestResult)[pri:0, instance:Chips_004_미디어_etc.미디어_12_팟빵@503f91c3]" started-at="2021-11-29T23:03:04 KST" name="AfterMethod" finished-at="2021-11-29T23:03:04 KST" duration-ms="0" status="PASS">
          <params>
            <param index="0">
              <value>
                <![CDATA[[TestResult name=TC_0468_Chips_팟빵_종료_확인 status=SUCCESS method=미디어_12_팟빵.TC_0468_Chips_팟빵_종료_확인(java.lang.reflect.Method)[pri:0, instance:Chips_004_미디어_etc.미디어_12_팟빵@503f91c3] output={null}]]]>
              </value>
            </param>
          </params>
          <reporter-output>
          </reporter-output>
        </test-method> <!-- AfterMethod -->
        <test-method is-config="true" signature="tearDownClass(java.lang.String,java.lang.String,java.lang.String,java.lang.String,java.lang.String,java.lang.String,java.lang.String,java.lang.String,java.lang.String,java.lang.String,java.lang.String,java.lang.String)[pri:0, instance:Chips_004_미디어_etc.미디어_12_팟빵@503f91c3]" started-at="2021-11-29T23:03:04 KST" name="tearDownClass" finished-at="2021-11-29T23:03:09 KST" duration-ms="5117" status="PASS">
          <params>
            <param index="0">
              <value>
                <![CDATA[STG]]>
              </value>
            </param>
            <param index="1">
              <value>
                <![CDATA[Chips]]>
              </value>
            </param>
            <param index="2">
              <value>
                <![CDATA[out]]>
              </value>
            </param>
            <param index="3">
              <value>
                <![CDATA[R33M4000CY]]>
              </value>
            </param>
            <param index="4">
              <value>
                <![CDATA[ALDF3NYA6C0D0C654DD2]]>
              </value>
            </param>
            <param index="5">
              <value>
                <![CDATA[ALDF5TR5SNGZ8175DA16]]>
              </value>
            </param>
            <param index="6">
              <value>
                <![CDATA[ALDFH3D1Q7W6071EFE41]]>
              </value>
            </param>
            <param index="7">
              <value>
                <![CDATA[ALDFH6OQ9HG79986A4FA]]>
              </value>
            </param>
            <param index="8">
              <value>
                <![CDATA[ALDFHFMQC3RB935B4B02]]>
              </value>
            </param>
            <param index="9">
              <value>
                <![CDATA[ALDFHFMSG34WDF6CD40E]]>
              </value>
            </param>
            <param index="10">
              <value>
                <![CDATA[ALDFHDFEBVOC7F098039]]>
              </value>
            </param>
            <param index="11">
              <value>
                <![CDATA[ALDG3Q4IA9EW3633F8EA]]>
              </value>
            </param>
          </params>
          <reporter-output>
          </reporter-output>
        </test-method> <!-- tearDownClass -->
      </class> <!-- Chips_004_미디어_etc.미디어_12_팟빵 -->
    </test> <!-- Test_Project -->
  </suite> <!-- ExtentReport -->
</testng-results>
