<?xml version="1.0" encoding="UTF-8"?>
<testng-results ignored="0" total="14" passed="10" failed="4" skipped="0">
  <reporter-output>
  </reporter-output>
  <suite started-at="2021-07-27T19:39:02 KST" name="ExtentReport" finished-at="2021-07-27T19:48:08 KST" duration-ms="546157">
    <groups>
    </groups>
    <test started-at="2021-07-27T19:39:02 KST" name="Test_Project" finished-at="2021-07-27T19:48:08 KST" duration-ms="546157">
      <class name="Chips_004_생활정보.생활정보_03_날씨_일기예보">
        <test-method is-config="true" signature="setupClass(java.lang.String,java.lang.String,java.lang.String,java.lang.String,java.lang.String,java.lang.String,java.lang.String,java.lang.String,java.lang.String,java.lang.String,java.lang.String,java.lang.String)[pri:0, instance:Chips_004_생활정보.생활정보_03_날씨_일기예보@49b2a47d]" started-at="2021-07-27T19:39:02 KST" name="setupClass" finished-at="2021-07-27T19:39:20 KST" duration-ms="17537" status="PASS">
          <params>
            <param index="0">
              <value>
                <![CDATA[Android]]>
              </value>
            </param>
            <param index="1">
              <value>
                <![CDATA[Chips]]>
              </value>
            </param>
            <param index="2">
              <value>
                <![CDATA[http://0.0.0.0:4723/wd/hub]]>
              </value>
            </param>
            <param index="3">
              <value>
                <![CDATA[RTG]]>
              </value>
            </param>
            <param index="4">
              <value>
                <![CDATA[Chips]]>
              </value>
            </param>
            <param index="5">
              <value>
                <![CDATA[out]]>
              </value>
            </param>
            <param index="6">
              <value>
                <![CDATA[ce06171633774e37027e]]>
              </value>
            </param>
            <param index="7">
              <value>
                <![CDATA[ALDF3NYA6C0D0C654DD2]]>
              </value>
            </param>
            <param index="8">
              <value>
                <![CDATA[ALDF5TR5SNGZ8175DA16]]>
              </value>
            </param>
            <param index="9">
              <value>
                <![CDATA[ALDFH3D1Q7W6071EFE41]]>
              </value>
            </param>
            <param index="10">
              <value>
                <![CDATA[ALDFHFMQC3RB935B4B02]]>
              </value>
            </param>
            <param index="11">
              <value>
                <![CDATA[ALDFHFMSG34WDF6CD40E]]>
              </value>
            </param>
          </params>
          <reporter-output>
          </reporter-output>
        </test-method> <!-- setupClass -->
        <test-method is-config="true" signature="BeforeMethod(java.lang.reflect.Method)[pri:0, instance:Chips_004_생활정보.생활정보_03_날씨_일기예보@49b2a47d]" started-at="2021-07-27T19:39:20 KST" name="BeforeMethod" finished-at="2021-07-27T19:39:20 KST" duration-ms="6" status="PASS">
          <params>
            <param index="0">
              <value>
                <![CDATA[public void Chips_004_생활정보.생활정보_03_날씨_일기예보.TC_0000_앱실행과AccessToken얻기(java.lang.reflect.Method) throws java.lang.Exception]]>
              </value>
            </param>
          </params>
          <reporter-output>
          </reporter-output>
        </test-method> <!-- BeforeMethod -->
        <test-method signature="TC_0000_앱실행과AccessToken얻기(java.lang.reflect.Method)[pri:0, instance:Chips_004_생활정보.생활정보_03_날씨_일기예보@49b2a47d]" started-at="2021-07-27T19:39:20 KST" name="TC_0000_앱실행과AccessToken얻기" description="칩스 리그레이션 TC : 실행_0000" finished-at="2021-07-27T19:40:22 KST" duration-ms="62307" status="PASS">
          <params>
            <param index="0">
              <value>
                <![CDATA[public void Chips_004_생활정보.생활정보_03_날씨_일기예보.TC_0000_앱실행과AccessToken얻기(java.lang.reflect.Method) throws java.lang.Exception]]>
              </value>
            </param>
          </params>
          <reporter-output>
          </reporter-output>
        </test-method> <!-- TC_0000_앱실행과AccessToken얻기 -->
        <test-method is-config="true" signature="AfterMethod(org.testng.ITestResult)[pri:0, instance:Chips_004_생활정보.생활정보_03_날씨_일기예보@49b2a47d]" started-at="2021-07-27T19:40:22 KST" name="AfterMethod" finished-at="2021-07-27T19:40:22 KST" duration-ms="17" status="PASS">
          <params>
            <param index="0">
              <value>
                <![CDATA[[TestResult name=TC_0000_앱실행과AccessToken얻기 status=SUCCESS method=생활정보_03_날씨_일기예보.TC_0000_앱실행과AccessToken얻기(java.lang.reflect.Method)[pri:0, instance:Chips_004_생활정보.생활정보_03_날씨_일기예보@49b2a47d] output={null}]]]>
              </value>
            </param>
          </params>
          <reporter-output>
          </reporter-output>
        </test-method> <!-- AfterMethod -->
        <test-method is-config="true" signature="BeforeMethod(java.lang.reflect.Method)[pri:0, instance:Chips_004_생활정보.생활정보_03_날씨_일기예보@49b2a47d]" started-at="2021-07-27T19:40:22 KST" name="BeforeMethod" finished-at="2021-07-27T19:40:22 KST" duration-ms="1" status="PASS">
          <params>
            <param index="0">
              <value>
                <![CDATA[public void Chips_004_생활정보.생활정보_03_날씨_일기예보.TC_0722_Chips_날씨_오늘날씨_확인(java.lang.reflect.Method) throws java.lang.Exception]]>
              </value>
            </param>
          </params>
          <reporter-output>
          </reporter-output>
        </test-method> <!-- BeforeMethod -->
        <test-method signature="TC_0722_Chips_날씨_오늘날씨_확인(java.lang.reflect.Method)[pri:0, instance:Chips_004_생활정보.생활정보_03_날씨_일기예보@49b2a47d]" started-at="2021-07-27T19:40:22 KST" name="TC_0722_Chips_날씨_오늘날씨_확인" description="칩스 리그레이션 TC : 실행_0722" finished-at="2021-07-27T19:41:00 KST" duration-ms="38085" status="PASS">
          <params>
            <param index="0">
              <value>
                <![CDATA[public void Chips_004_생활정보.생활정보_03_날씨_일기예보.TC_0722_Chips_날씨_오늘날씨_확인(java.lang.reflect.Method) throws java.lang.Exception]]>
              </value>
            </param>
          </params>
          <reporter-output>
          </reporter-output>
        </test-method> <!-- TC_0722_Chips_날씨_오늘날씨_확인 -->
        <test-method is-config="true" signature="AfterMethod(org.testng.ITestResult)[pri:0, instance:Chips_004_생활정보.생활정보_03_날씨_일기예보@49b2a47d]" started-at="2021-07-27T19:41:00 KST" name="AfterMethod" finished-at="2021-07-27T19:41:01 KST" duration-ms="1417" status="PASS">
          <params>
            <param index="0">
              <value>
                <![CDATA[[TestResult name=TC_0722_Chips_날씨_오늘날씨_확인 status=SUCCESS method=생활정보_03_날씨_일기예보.TC_0722_Chips_날씨_오늘날씨_확인(java.lang.reflect.Method)[pri:0, instance:Chips_004_생활정보.생활정보_03_날씨_일기예보@49b2a47d] output={null}]]]>
              </value>
            </param>
          </params>
          <reporter-output>
          </reporter-output>
        </test-method> <!-- AfterMethod -->
        <test-method signature="TC_0723_Chips_날씨_오늘날씨_확인(java.lang.reflect.Method)[pri:0, instance:Chips_004_생활정보.생활정보_03_날씨_일기예보@49b2a47d]" started-at="2021-07-27T19:41:01 KST" name="TC_0723_Chips_날씨_오늘날씨_확인" description="칩스 리그레이션 TC : 실행_0723" finished-at="2021-07-27T19:41:45 KST" duration-ms="43989" status="PASS">
          <params>
            <param index="0">
              <value>
                <![CDATA[public void Chips_004_생활정보.생활정보_03_날씨_일기예보.TC_0723_Chips_날씨_오늘날씨_확인(java.lang.reflect.Method) throws java.lang.Exception]]>
              </value>
            </param>
          </params>
          <reporter-output>
          </reporter-output>
        </test-method> <!-- TC_0723_Chips_날씨_오늘날씨_확인 -->
        <test-method is-config="true" signature="BeforeMethod(java.lang.reflect.Method)[pri:0, instance:Chips_004_생활정보.생활정보_03_날씨_일기예보@49b2a47d]" started-at="2021-07-27T19:41:01 KST" name="BeforeMethod" finished-at="2021-07-27T19:41:01 KST" duration-ms="0" status="PASS">
          <params>
            <param index="0">
              <value>
                <![CDATA[public void Chips_004_생활정보.생활정보_03_날씨_일기예보.TC_0723_Chips_날씨_오늘날씨_확인(java.lang.reflect.Method) throws java.lang.Exception]]>
              </value>
            </param>
          </params>
          <reporter-output>
          </reporter-output>
        </test-method> <!-- BeforeMethod -->
        <test-method is-config="true" signature="AfterMethod(org.testng.ITestResult)[pri:0, instance:Chips_004_생활정보.생활정보_03_날씨_일기예보@49b2a47d]" started-at="2021-07-27T19:41:45 KST" name="AfterMethod" finished-at="2021-07-27T19:41:47 KST" duration-ms="1496" status="PASS">
          <params>
            <param index="0">
              <value>
                <![CDATA[[TestResult name=TC_0723_Chips_날씨_오늘날씨_확인 status=SUCCESS method=생활정보_03_날씨_일기예보.TC_0723_Chips_날씨_오늘날씨_확인(java.lang.reflect.Method)[pri:0, instance:Chips_004_생활정보.생활정보_03_날씨_일기예보@49b2a47d] output={null}]]]>
              </value>
            </param>
          </params>
          <reporter-output>
          </reporter-output>
        </test-method> <!-- AfterMethod -->
        <test-method is-config="true" signature="BeforeMethod(java.lang.reflect.Method)[pri:0, instance:Chips_004_생활정보.생활정보_03_날씨_일기예보@49b2a47d]" started-at="2021-07-27T19:41:47 KST" name="BeforeMethod" finished-at="2021-07-27T19:41:47 KST" duration-ms="0" status="PASS">
          <params>
            <param index="0">
              <value>
                <![CDATA[public void Chips_004_생활정보.생활정보_03_날씨_일기예보.TC_0724_Chips_날씨_내일날씨_확인(java.lang.reflect.Method) throws java.lang.Exception]]>
              </value>
            </param>
          </params>
          <reporter-output>
          </reporter-output>
        </test-method> <!-- BeforeMethod -->
        <test-method signature="TC_0724_Chips_날씨_내일날씨_확인(java.lang.reflect.Method)[pri:0, instance:Chips_004_생활정보.생활정보_03_날씨_일기예보@49b2a47d]" started-at="2021-07-27T19:41:47 KST" name="TC_0724_Chips_날씨_내일날씨_확인" description="칩스 리그레이션 TC : 실행_0724" finished-at="2021-07-27T19:42:32 KST" duration-ms="45362" status="PASS">
          <params>
            <param index="0">
              <value>
                <![CDATA[public void Chips_004_생활정보.생활정보_03_날씨_일기예보.TC_0724_Chips_날씨_내일날씨_확인(java.lang.reflect.Method) throws java.lang.Exception]]>
              </value>
            </param>
          </params>
          <reporter-output>
          </reporter-output>
        </test-method> <!-- TC_0724_Chips_날씨_내일날씨_확인 -->
        <test-method is-config="true" signature="AfterMethod(org.testng.ITestResult)[pri:0, instance:Chips_004_생활정보.생활정보_03_날씨_일기예보@49b2a47d]" started-at="2021-07-27T19:42:32 KST" name="AfterMethod" finished-at="2021-07-27T19:42:34 KST" duration-ms="1506" status="PASS">
          <params>
            <param index="0">
              <value>
                <![CDATA[[TestResult name=TC_0724_Chips_날씨_내일날씨_확인 status=SUCCESS method=생활정보_03_날씨_일기예보.TC_0724_Chips_날씨_내일날씨_확인(java.lang.reflect.Method)[pri:0, instance:Chips_004_생활정보.생활정보_03_날씨_일기예보@49b2a47d] output={null}]]]>
              </value>
            </param>
          </params>
          <reporter-output>
          </reporter-output>
        </test-method> <!-- AfterMethod -->
        <test-method signature="TC_0725_Chips_날씨_내일날씨_확인(java.lang.reflect.Method)[pri:0, instance:Chips_004_생활정보.생활정보_03_날씨_일기예보@49b2a47d]" started-at="2021-07-27T19:42:34 KST" name="TC_0725_Chips_날씨_내일날씨_확인" description="칩스 리그레이션 TC : 실행_0725" finished-at="2021-07-27T19:43:18 KST" duration-ms="44096" status="PASS">
          <params>
            <param index="0">
              <value>
                <![CDATA[public void Chips_004_생활정보.생활정보_03_날씨_일기예보.TC_0725_Chips_날씨_내일날씨_확인(java.lang.reflect.Method) throws java.lang.Exception]]>
              </value>
            </param>
          </params>
          <reporter-output>
          </reporter-output>
        </test-method> <!-- TC_0725_Chips_날씨_내일날씨_확인 -->
        <test-method is-config="true" signature="BeforeMethod(java.lang.reflect.Method)[pri:0, instance:Chips_004_생활정보.생활정보_03_날씨_일기예보@49b2a47d]" started-at="2021-07-27T19:42:34 KST" name="BeforeMethod" finished-at="2021-07-27T19:42:34 KST" duration-ms="0" status="PASS">
          <params>
            <param index="0">
              <value>
                <![CDATA[public void Chips_004_생활정보.생활정보_03_날씨_일기예보.TC_0725_Chips_날씨_내일날씨_확인(java.lang.reflect.Method) throws java.lang.Exception]]>
              </value>
            </param>
          </params>
          <reporter-output>
          </reporter-output>
        </test-method> <!-- BeforeMethod -->
        <test-method is-config="true" signature="AfterMethod(org.testng.ITestResult)[pri:0, instance:Chips_004_생활정보.생활정보_03_날씨_일기예보@49b2a47d]" started-at="2021-07-27T19:43:18 KST" name="AfterMethod" finished-at="2021-07-27T19:43:19 KST" duration-ms="1447" status="PASS">
          <params>
            <param index="0">
              <value>
                <![CDATA[[TestResult name=TC_0725_Chips_날씨_내일날씨_확인 status=SUCCESS method=생활정보_03_날씨_일기예보.TC_0725_Chips_날씨_내일날씨_확인(java.lang.reflect.Method)[pri:0, instance:Chips_004_생활정보.생활정보_03_날씨_일기예보@49b2a47d] output={null}]]]>
              </value>
            </param>
          </params>
          <reporter-output>
          </reporter-output>
        </test-method> <!-- AfterMethod -->
        <test-method is-config="true" signature="BeforeMethod(java.lang.reflect.Method)[pri:0, instance:Chips_004_생활정보.생활정보_03_날씨_일기예보@49b2a47d]" started-at="2021-07-27T19:43:19 KST" name="BeforeMethod" finished-at="2021-07-27T19:43:19 KST" duration-ms="1" status="PASS">
          <params>
            <param index="0">
              <value>
                <![CDATA[public void Chips_004_생활정보.생활정보_03_날씨_일기예보.TC_0726_Chips_날씨_모레날씨_확인(java.lang.reflect.Method) throws java.lang.Exception]]>
              </value>
            </param>
          </params>
          <reporter-output>
          </reporter-output>
        </test-method> <!-- BeforeMethod -->
        <test-method signature="TC_0726_Chips_날씨_모레날씨_확인(java.lang.reflect.Method)[pri:0, instance:Chips_004_생활정보.생활정보_03_날씨_일기예보@49b2a47d]" started-at="2021-07-27T19:43:19 KST" name="TC_0726_Chips_날씨_모레날씨_확인" description="칩스 리그레이션 TC : 실행_0725" finished-at="2021-07-27T19:44:08 KST" duration-ms="48701" status="PASS">
          <params>
            <param index="0">
              <value>
                <![CDATA[public void Chips_004_생활정보.생활정보_03_날씨_일기예보.TC_0726_Chips_날씨_모레날씨_확인(java.lang.reflect.Method) throws java.lang.Exception]]>
              </value>
            </param>
          </params>
          <reporter-output>
          </reporter-output>
        </test-method> <!-- TC_0726_Chips_날씨_모레날씨_확인 -->
        <test-method is-config="true" signature="AfterMethod(org.testng.ITestResult)[pri:0, instance:Chips_004_생활정보.생활정보_03_날씨_일기예보@49b2a47d]" started-at="2021-07-27T19:44:08 KST" name="AfterMethod" finished-at="2021-07-27T19:44:08 KST" duration-ms="5" status="PASS">
          <params>
            <param index="0">
              <value>
                <![CDATA[[TestResult name=TC_0726_Chips_날씨_모레날씨_확인 status=SUCCESS method=생활정보_03_날씨_일기예보.TC_0726_Chips_날씨_모레날씨_확인(java.lang.reflect.Method)[pri:0, instance:Chips_004_생활정보.생활정보_03_날씨_일기예보@49b2a47d] output={null}]]]>
              </value>
            </param>
          </params>
          <reporter-output>
          </reporter-output>
        </test-method> <!-- AfterMethod -->
        <test-method is-config="true" signature="BeforeMethod(java.lang.reflect.Method)[pri:0, instance:Chips_004_생활정보.생활정보_03_날씨_일기예보@49b2a47d]" started-at="2021-07-27T19:44:08 KST" name="BeforeMethod" finished-at="2021-07-27T19:44:08 KST" duration-ms="0" status="PASS">
          <params>
            <param index="0">
              <value>
                <![CDATA[public void Chips_004_생활정보.생활정보_03_날씨_일기예보.TC_0727_Chips_날씨_이번주날씨_확인(java.lang.reflect.Method) throws java.lang.Exception]]>
              </value>
            </param>
          </params>
          <reporter-output>
          </reporter-output>
        </test-method> <!-- BeforeMethod -->
        <test-method signature="TC_0727_Chips_날씨_이번주날씨_확인(java.lang.reflect.Method)[pri:0, instance:Chips_004_생활정보.생활정보_03_날씨_일기예보@49b2a47d]" started-at="2021-07-27T19:44:08 KST" name="TC_0727_Chips_날씨_이번주날씨_확인" description="칩스 리그레이션 TC : 실행_0727" finished-at="2021-07-27T19:45:06 KST" duration-ms="58470" status="PASS">
          <params>
            <param index="0">
              <value>
                <![CDATA[public void Chips_004_생활정보.생활정보_03_날씨_일기예보.TC_0727_Chips_날씨_이번주날씨_확인(java.lang.reflect.Method) throws java.lang.Exception]]>
              </value>
            </param>
          </params>
          <reporter-output>
          </reporter-output>
        </test-method> <!-- TC_0727_Chips_날씨_이번주날씨_확인 -->
        <test-method is-config="true" signature="AfterMethod(org.testng.ITestResult)[pri:0, instance:Chips_004_생활정보.생활정보_03_날씨_일기예보@49b2a47d]" started-at="2021-07-27T19:45:06 KST" name="AfterMethod" finished-at="2021-07-27T19:45:06 KST" duration-ms="5" status="PASS">
          <params>
            <param index="0">
              <value>
                <![CDATA[[TestResult name=TC_0727_Chips_날씨_이번주날씨_확인 status=SUCCESS method=생활정보_03_날씨_일기예보.TC_0727_Chips_날씨_이번주날씨_확인(java.lang.reflect.Method)[pri:0, instance:Chips_004_생활정보.생활정보_03_날씨_일기예보@49b2a47d] output={null}]]]>
              </value>
            </param>
          </params>
          <reporter-output>
          </reporter-output>
        </test-method> <!-- AfterMethod -->
        <test-method signature="TC_0728_Chips_날씨_다음주날씨_확인(java.lang.reflect.Method)[pri:0, instance:Chips_004_생활정보.생활정보_03_날씨_일기예보@49b2a47d]" started-at="2021-07-27T19:45:06 KST" name="TC_0728_Chips_날씨_다음주날씨_확인" description="칩스 리그레이션 TC : 실행_0728" finished-at="2021-07-27T19:46:03 KST" duration-ms="56303" status="PASS">
          <params>
            <param index="0">
              <value>
                <![CDATA[public void Chips_004_생활정보.생활정보_03_날씨_일기예보.TC_0728_Chips_날씨_다음주날씨_확인(java.lang.reflect.Method) throws java.lang.Exception]]>
              </value>
            </param>
          </params>
          <reporter-output>
          </reporter-output>
        </test-method> <!-- TC_0728_Chips_날씨_다음주날씨_확인 -->
        <test-method is-config="true" signature="BeforeMethod(java.lang.reflect.Method)[pri:0, instance:Chips_004_생활정보.생활정보_03_날씨_일기예보@49b2a47d]" started-at="2021-07-27T19:45:06 KST" name="BeforeMethod" finished-at="2021-07-27T19:45:06 KST" duration-ms="0" status="PASS">
          <params>
            <param index="0">
              <value>
                <![CDATA[public void Chips_004_생활정보.생활정보_03_날씨_일기예보.TC_0728_Chips_날씨_다음주날씨_확인(java.lang.reflect.Method) throws java.lang.Exception]]>
              </value>
            </param>
          </params>
          <reporter-output>
          </reporter-output>
        </test-method> <!-- BeforeMethod -->
        <test-method is-config="true" signature="AfterMethod(org.testng.ITestResult)[pri:0, instance:Chips_004_생활정보.생활정보_03_날씨_일기예보@49b2a47d]" started-at="2021-07-27T19:46:03 KST" name="AfterMethod" finished-at="2021-07-27T19:46:04 KST" duration-ms="1454" status="PASS">
          <params>
            <param index="0">
              <value>
                <![CDATA[[TestResult name=TC_0728_Chips_날씨_다음주날씨_확인 status=SUCCESS method=생활정보_03_날씨_일기예보.TC_0728_Chips_날씨_다음주날씨_확인(java.lang.reflect.Method)[pri:0, instance:Chips_004_생활정보.생활정보_03_날씨_일기예보@49b2a47d] output={null}]]]>
              </value>
            </param>
          </params>
          <reporter-output>
          </reporter-output>
        </test-method> <!-- AfterMethod -->
        <test-method signature="TC_0729_Chips_날씨_이번주주말날씨_확인(java.lang.reflect.Method)[pri:0, instance:Chips_004_생활정보.생활정보_03_날씨_일기예보@49b2a47d]" started-at="2021-07-27T19:46:04 KST" name="TC_0729_Chips_날씨_이번주주말날씨_확인" description="칩스 리그레이션 TC : 실행_0729" finished-at="2021-07-27T19:46:29 KST" duration-ms="25136" status="PASS">
          <params>
            <param index="0">
              <value>
                <![CDATA[public void Chips_004_생활정보.생활정보_03_날씨_일기예보.TC_0729_Chips_날씨_이번주주말날씨_확인(java.lang.reflect.Method) throws java.lang.Exception]]>
              </value>
            </param>
          </params>
          <reporter-output>
          </reporter-output>
        </test-method> <!-- TC_0729_Chips_날씨_이번주주말날씨_확인 -->
        <test-method is-config="true" signature="BeforeMethod(java.lang.reflect.Method)[pri:0, instance:Chips_004_생활정보.생활정보_03_날씨_일기예보@49b2a47d]" started-at="2021-07-27T19:46:04 KST" name="BeforeMethod" finished-at="2021-07-27T19:46:04 KST" duration-ms="0" status="PASS">
          <params>
            <param index="0">
              <value>
                <![CDATA[public void Chips_004_생활정보.생활정보_03_날씨_일기예보.TC_0729_Chips_날씨_이번주주말날씨_확인(java.lang.reflect.Method) throws java.lang.Exception]]>
              </value>
            </param>
          </params>
          <reporter-output>
          </reporter-output>
        </test-method> <!-- BeforeMethod -->
        <test-method is-config="true" signature="AfterMethod(org.testng.ITestResult)[pri:0, instance:Chips_004_생활정보.생활정보_03_날씨_일기예보@49b2a47d]" started-at="2021-07-27T19:46:29 KST" name="AfterMethod" finished-at="2021-07-27T19:46:29 KST" duration-ms="14" status="PASS">
          <params>
            <param index="0">
              <value>
                <![CDATA[[TestResult name=TC_0729_Chips_날씨_이번주주말날씨_확인 status=SUCCESS method=생활정보_03_날씨_일기예보.TC_0729_Chips_날씨_이번주주말날씨_확인(java.lang.reflect.Method)[pri:0, instance:Chips_004_생활정보.생활정보_03_날씨_일기예보@49b2a47d] output={null}]]]>
              </value>
            </param>
          </params>
          <reporter-output>
          </reporter-output>
        </test-method> <!-- AfterMethod -->
        <test-method is-config="true" signature="BeforeMethod(java.lang.reflect.Method)[pri:0, instance:Chips_004_생활정보.생활정보_03_날씨_일기예보@49b2a47d]" started-at="2021-07-27T19:46:29 KST" name="BeforeMethod" finished-at="2021-07-27T19:46:29 KST" duration-ms="1" status="PASS">
          <params>
            <param index="0">
              <value>
                <![CDATA[public void Chips_004_생활정보.생활정보_03_날씨_일기예보.TC_0730_Chips_날씨_다음주주말날씨_확인(java.lang.reflect.Method) throws java.lang.Exception]]>
              </value>
            </param>
          </params>
          <reporter-output>
          </reporter-output>
        </test-method> <!-- BeforeMethod -->
        <test-method signature="TC_0730_Chips_날씨_다음주주말날씨_확인(java.lang.reflect.Method)[pri:0, instance:Chips_004_생활정보.생활정보_03_날씨_일기예보@49b2a47d]" started-at="2021-07-27T19:46:29 KST" name="TC_0730_Chips_날씨_다음주주말날씨_확인" description="칩스 리그레이션 TC : 실행_0730" finished-at="2021-07-27T19:46:55 KST" duration-ms="25131" status="PASS">
          <params>
            <param index="0">
              <value>
                <![CDATA[public void Chips_004_생활정보.생활정보_03_날씨_일기예보.TC_0730_Chips_날씨_다음주주말날씨_확인(java.lang.reflect.Method) throws java.lang.Exception]]>
              </value>
            </param>
          </params>
          <reporter-output>
          </reporter-output>
        </test-method> <!-- TC_0730_Chips_날씨_다음주주말날씨_확인 -->
        <test-method is-config="true" signature="AfterMethod(org.testng.ITestResult)[pri:0, instance:Chips_004_생활정보.생활정보_03_날씨_일기예보@49b2a47d]" started-at="2021-07-27T19:46:55 KST" name="AfterMethod" finished-at="2021-07-27T19:46:55 KST" duration-ms="11" status="PASS">
          <params>
            <param index="0">
              <value>
                <![CDATA[[TestResult name=TC_0730_Chips_날씨_다음주주말날씨_확인 status=SUCCESS method=생활정보_03_날씨_일기예보.TC_0730_Chips_날씨_다음주주말날씨_확인(java.lang.reflect.Method)[pri:0, instance:Chips_004_생활정보.생활정보_03_날씨_일기예보@49b2a47d] output={null}]]]>
              </value>
            </param>
          </params>
          <reporter-output>
          </reporter-output>
        </test-method> <!-- AfterMethod -->
        <test-method is-config="true" signature="BeforeMethod(java.lang.reflect.Method)[pri:0, instance:Chips_004_생활정보.생활정보_03_날씨_일기예보@49b2a47d]" started-at="2021-07-27T19:46:55 KST" name="BeforeMethod" finished-at="2021-07-27T19:46:55 KST" duration-ms="1" status="PASS">
          <params>
            <param index="0">
              <value>
                <![CDATA[public void Chips_004_생활정보.생활정보_03_날씨_일기예보.TC_0731_Chips_날씨_현재요일날씨_확인(java.lang.reflect.Method) throws java.lang.Exception]]>
              </value>
            </param>
          </params>
          <reporter-output>
          </reporter-output>
        </test-method> <!-- BeforeMethod -->
        <test-method signature="TC_0731_Chips_날씨_현재요일날씨_확인(java.lang.reflect.Method)[pri:0, instance:Chips_004_생활정보.생활정보_03_날씨_일기예보@49b2a47d]" started-at="2021-07-27T19:46:55 KST" name="TC_0731_Chips_날씨_현재요일날씨_확인" description="칩스 리그레이션 TC : 실행_0731" finished-at="2021-07-27T19:47:15 KST" duration-ms="20732" status="FAIL">
          <params>
            <param index="0">
              <value>
                <![CDATA[public void Chips_004_생활정보.생활정보_03_날씨_일기예보.TC_0731_Chips_날씨_현재요일날씨_확인(java.lang.reflect.Method) throws java.lang.Exception]]>
              </value>
            </param>
          </params>
          <exception class="org.openqa.selenium.TimeoutException">
            <message>
              <![CDATA[Expected condition failed: waiting for element to be clickable: By.id: location (tried for 10 second(s) with 500 milliseconds interval)]]>
            </message>
            <full-stacktrace>
              <![CDATA[org.openqa.selenium.TimeoutException: Expected condition failed: waiting for element to be clickable: By.id: location (tried for 10 second(s) with 500 milliseconds interval)
at org.openqa.selenium.support.ui.WebDriverWait.timeoutException(WebDriverWait.java:113)
at org.openqa.selenium.support.ui.FluentWait.until(FluentWait.java:283)
at unit.Utilities.WaitfindElement(Utilities.java:156)
at unit.Utilities.getText(Utilities.java:1381)
at Chips_004_생활정보.생활정보_03_날씨_일기예보.TC_0731_Chips_날씨_현재요일날씨_확인(생활정보_03_날씨_일기예보.java:653)
at java.base/jdk.internal.reflect.NativeMethodAccessorImpl.invoke0(Native Method)
at java.base/jdk.internal.reflect.NativeMethodAccessorImpl.invoke(NativeMethodAccessorImpl.java:64)
at java.base/jdk.internal.reflect.DelegatingMethodAccessorImpl.invoke(DelegatingMethodAccessorImpl.java:43)
at java.base/java.lang.reflect.Method.invoke(Method.java:564)
at org.testng.internal.MethodInvocationHelper.invokeMethod(MethodInvocationHelper.java:133)
at org.testng.internal.TestInvoker.invokeMethod(TestInvoker.java:598)
at org.testng.internal.TestInvoker.invokeTestMethod(TestInvoker.java:173)
at org.testng.internal.MethodRunner.runInSequence(MethodRunner.java:46)
at org.testng.internal.TestInvoker$MethodInvocationAgent.invoke(TestInvoker.java:824)
at org.testng.internal.TestInvoker.invokeTestMethods(TestInvoker.java:146)
at org.testng.internal.TestMethodWorker.invokeTestMethods(TestMethodWorker.java:146)
at org.testng.internal.TestMethodWorker.run(TestMethodWorker.java:128)
at java.base/java.util.ArrayList.forEach(ArrayList.java:1511)
at org.testng.TestRunner.privateRun(TestRunner.java:794)
at org.testng.TestRunner.run(TestRunner.java:596)
at org.testng.SuiteRunner.runTest(SuiteRunner.java:377)
at org.testng.SuiteRunner.access$000(SuiteRunner.java:28)
at org.testng.SuiteRunner$SuiteWorker.run(SuiteRunner.java:418)
at org.testng.internal.thread.ThreadUtil.lambda$execute$0(ThreadUtil.java:64)
at java.base/java.util.concurrent.FutureTask.run(FutureTask.java:264)
at java.base/java.util.concurrent.ThreadPoolExecutor.runWorker(ThreadPoolExecutor.java:1130)
at java.base/java.util.concurrent.ThreadPoolExecutor$Worker.run(ThreadPoolExecutor.java:630)
at java.base/java.lang.Thread.run(Thread.java:832)
Caused by: org.openqa.selenium.NoSuchElementException: Cannot locate an element using By.id: location
For documentation on this error, please visit: http://seleniumhq.org/exceptions/no_such_element.html
Build info: version: '3.14.0', revision: 'aacccce0', time: '2018-08-02T20:19:58.91Z'
System info: host: 'DESKTOP-KEI', ip: '172.27.24.217', os.name: 'Windows 10', os.arch: 'amd64', os.version: '10.0', java.version: '15.0.2'
Driver info: driver.version: unknown
at org.openqa.selenium.support.ui.ExpectedConditions.lambda$findElement$0(ExpectedConditions.java:896)
at java.base/java.util.Optional.orElseThrow(Optional.java:401)
at org.openqa.selenium.support.ui.ExpectedConditions.findElement(ExpectedConditions.java:895)
at org.openqa.selenium.support.ui.ExpectedConditions.access$000(ExpectedConditions.java:44)
at org.openqa.selenium.support.ui.ExpectedConditions$7.apply(ExpectedConditions.java:206)
at org.openqa.selenium.support.ui.ExpectedConditions$7.apply(ExpectedConditions.java:202)
at org.openqa.selenium.support.ui.ExpectedConditions$22.apply(ExpectedConditions.java:657)
at org.openqa.selenium.support.ui.ExpectedConditions$22.apply(ExpectedConditions.java:654)
at org.openqa.selenium.support.ui.FluentWait.until(FluentWait.java:260)
... 26 more
]]>
            </full-stacktrace>
          </exception> <!-- org.openqa.selenium.TimeoutException -->
          <reporter-output>
          </reporter-output>
        </test-method> <!-- TC_0731_Chips_날씨_현재요일날씨_확인 -->
        <test-method is-config="true" signature="AfterMethod(org.testng.ITestResult)[pri:0, instance:Chips_004_생활정보.생활정보_03_날씨_일기예보@49b2a47d]" started-at="2021-07-27T19:47:15 KST" name="AfterMethod" finished-at="2021-07-27T19:47:17 KST" duration-ms="1257" status="PASS">
          <params>
            <param index="0">
              <value>
                <![CDATA[[TestResult name=TC_0731_Chips_날씨_현재요일날씨_확인 status=FAILURE method=생활정보_03_날씨_일기예보.TC_0731_Chips_날씨_현재요일날씨_확인(java.lang.reflect.Method)[pri:0, instance:Chips_004_생활정보.생활정보_03_날씨_일기예보@49b2a47d] output={null}]]]>
              </value>
            </param>
          </params>
          <reporter-output>
          </reporter-output>
        </test-method> <!-- AfterMethod -->
        <test-method is-config="true" signature="BeforeMethod(java.lang.reflect.Method)[pri:0, instance:Chips_004_생활정보.생활정보_03_날씨_일기예보@49b2a47d]" started-at="2021-07-27T19:47:17 KST" name="BeforeMethod" finished-at="2021-07-27T19:47:17 KST" duration-ms="0" status="PASS">
          <params>
            <param index="0">
              <value>
                <![CDATA[public void Chips_004_생활정보.생활정보_03_날씨_일기예보.TC_0732_Chips_날씨_현재요일날씨_확인(java.lang.reflect.Method) throws java.lang.Exception]]>
              </value>
            </param>
          </params>
          <reporter-output>
          </reporter-output>
        </test-method> <!-- BeforeMethod -->
        <test-method signature="TC_0732_Chips_날씨_현재요일날씨_확인(java.lang.reflect.Method)[pri:0, instance:Chips_004_생활정보.생활정보_03_날씨_일기예보@49b2a47d]" started-at="2021-07-27T19:47:17 KST" name="TC_0732_Chips_날씨_현재요일날씨_확인" description="칩스 리그레이션 TC : 실행_0732" finished-at="2021-07-27T19:47:37 KST" duration-ms="20742" status="FAIL">
          <params>
            <param index="0">
              <value>
                <![CDATA[public void Chips_004_생활정보.생활정보_03_날씨_일기예보.TC_0732_Chips_날씨_현재요일날씨_확인(java.lang.reflect.Method) throws java.lang.Exception]]>
              </value>
            </param>
          </params>
          <exception class="org.openqa.selenium.TimeoutException">
            <message>
              <![CDATA[Expected condition failed: waiting for element to be clickable: By.id: location (tried for 10 second(s) with 500 milliseconds interval)]]>
            </message>
            <full-stacktrace>
              <![CDATA[org.openqa.selenium.TimeoutException: Expected condition failed: waiting for element to be clickable: By.id: location (tried for 10 second(s) with 500 milliseconds interval)
at org.openqa.selenium.support.ui.WebDriverWait.timeoutException(WebDriverWait.java:113)
at org.openqa.selenium.support.ui.FluentWait.until(FluentWait.java:283)
at unit.Utilities.WaitfindElement(Utilities.java:156)
at unit.Utilities.getText(Utilities.java:1381)
at Chips_004_생활정보.생활정보_03_날씨_일기예보.TC_0732_Chips_날씨_현재요일날씨_확인(생활정보_03_날씨_일기예보.java:725)
at java.base/jdk.internal.reflect.NativeMethodAccessorImpl.invoke0(Native Method)
at java.base/jdk.internal.reflect.NativeMethodAccessorImpl.invoke(NativeMethodAccessorImpl.java:64)
at java.base/jdk.internal.reflect.DelegatingMethodAccessorImpl.invoke(DelegatingMethodAccessorImpl.java:43)
at java.base/java.lang.reflect.Method.invoke(Method.java:564)
at org.testng.internal.MethodInvocationHelper.invokeMethod(MethodInvocationHelper.java:133)
at org.testng.internal.TestInvoker.invokeMethod(TestInvoker.java:598)
at org.testng.internal.TestInvoker.invokeTestMethod(TestInvoker.java:173)
at org.testng.internal.MethodRunner.runInSequence(MethodRunner.java:46)
at org.testng.internal.TestInvoker$MethodInvocationAgent.invoke(TestInvoker.java:824)
at org.testng.internal.TestInvoker.invokeTestMethods(TestInvoker.java:146)
at org.testng.internal.TestMethodWorker.invokeTestMethods(TestMethodWorker.java:146)
at org.testng.internal.TestMethodWorker.run(TestMethodWorker.java:128)
at java.base/java.util.ArrayList.forEach(ArrayList.java:1511)
at org.testng.TestRunner.privateRun(TestRunner.java:794)
at org.testng.TestRunner.run(TestRunner.java:596)
at org.testng.SuiteRunner.runTest(SuiteRunner.java:377)
at org.testng.SuiteRunner.access$000(SuiteRunner.java:28)
at org.testng.SuiteRunner$SuiteWorker.run(SuiteRunner.java:418)
at org.testng.internal.thread.ThreadUtil.lambda$execute$0(ThreadUtil.java:64)
at java.base/java.util.concurrent.FutureTask.run(FutureTask.java:264)
at java.base/java.util.concurrent.ThreadPoolExecutor.runWorker(ThreadPoolExecutor.java:1130)
at java.base/java.util.concurrent.ThreadPoolExecutor$Worker.run(ThreadPoolExecutor.java:630)
at java.base/java.lang.Thread.run(Thread.java:832)
Caused by: org.openqa.selenium.NoSuchElementException: Cannot locate an element using By.id: location
For documentation on this error, please visit: http://seleniumhq.org/exceptions/no_such_element.html
Build info: version: '3.14.0', revision: 'aacccce0', time: '2018-08-02T20:19:58.91Z'
System info: host: 'DESKTOP-KEI', ip: '172.27.24.217', os.name: 'Windows 10', os.arch: 'amd64', os.version: '10.0', java.version: '15.0.2'
Driver info: driver.version: unknown
at org.openqa.selenium.support.ui.ExpectedConditions.lambda$findElement$0(ExpectedConditions.java:896)
at java.base/java.util.Optional.orElseThrow(Optional.java:401)
at org.openqa.selenium.support.ui.ExpectedConditions.findElement(ExpectedConditions.java:895)
at org.openqa.selenium.support.ui.ExpectedConditions.access$000(ExpectedConditions.java:44)
at org.openqa.selenium.support.ui.ExpectedConditions$7.apply(ExpectedConditions.java:206)
at org.openqa.selenium.support.ui.ExpectedConditions$7.apply(ExpectedConditions.java:202)
at org.openqa.selenium.support.ui.ExpectedConditions$22.apply(ExpectedConditions.java:657)
at org.openqa.selenium.support.ui.ExpectedConditions$22.apply(ExpectedConditions.java:654)
at org.openqa.selenium.support.ui.FluentWait.until(FluentWait.java:260)
... 26 more
]]>
            </full-stacktrace>
          </exception> <!-- org.openqa.selenium.TimeoutException -->
          <reporter-output>
          </reporter-output>
        </test-method> <!-- TC_0732_Chips_날씨_현재요일날씨_확인 -->
        <test-method is-config="true" signature="AfterMethod(org.testng.ITestResult)[pri:0, instance:Chips_004_생활정보.생활정보_03_날씨_일기예보@49b2a47d]" started-at="2021-07-27T19:47:37 KST" name="AfterMethod" finished-at="2021-07-27T19:47:38 KST" duration-ms="1180" status="PASS">
          <params>
            <param index="0">
              <value>
                <![CDATA[[TestResult name=TC_0732_Chips_날씨_현재요일날씨_확인 status=FAILURE method=생활정보_03_날씨_일기예보.TC_0732_Chips_날씨_현재요일날씨_확인(java.lang.reflect.Method)[pri:0, instance:Chips_004_생활정보.생활정보_03_날씨_일기예보@49b2a47d] output={null}]]]>
              </value>
            </param>
          </params>
          <reporter-output>
          </reporter-output>
        </test-method> <!-- AfterMethod -->
        <test-method is-config="true" signature="BeforeMethod(java.lang.reflect.Method)[pri:0, instance:Chips_004_생활정보.생활정보_03_날씨_일기예보@49b2a47d]" started-at="2021-07-27T19:47:38 KST" name="BeforeMethod" finished-at="2021-07-27T19:47:38 KST" duration-ms="1" status="PASS">
          <params>
            <param index="0">
              <value>
                <![CDATA[public void Chips_004_생활정보.생활정보_03_날씨_일기예보.TC_0733_Chips_날씨_제주도날씨_확인(java.lang.reflect.Method) throws java.lang.Exception]]>
              </value>
            </param>
          </params>
          <reporter-output>
          </reporter-output>
        </test-method> <!-- BeforeMethod -->
        <test-method signature="TC_0733_Chips_날씨_제주도날씨_확인(java.lang.reflect.Method)[pri:0, instance:Chips_004_생활정보.생활정보_03_날씨_일기예보@49b2a47d]" started-at="2021-07-27T19:47:38 KST" name="TC_0733_Chips_날씨_제주도날씨_확인" description="칩스 리그레이션 TC : 실행_0733" finished-at="2021-07-27T19:47:49 KST" duration-ms="10701" status="FAIL">
          <params>
            <param index="0">
              <value>
                <![CDATA[public void Chips_004_생활정보.생활정보_03_날씨_일기예보.TC_0733_Chips_날씨_제주도날씨_확인(java.lang.reflect.Method) throws java.lang.Exception]]>
              </value>
            </param>
          </params>
          <exception class="junit.framework.ComparisonFailure">
            <message>
              <![CDATA[expected:<FLO> but was:<7월 27일 날씨>]]>
            </message>
            <full-stacktrace>
              <![CDATA[junit.framework.ComparisonFailure: expected:<FLO> but was:<7월 27일 날씨>
at junit.framework.Assert.assertEquals(Assert.java:81)
at junit.framework.Assert.assertEquals(Assert.java:87)
at Chips_004_생활정보.생활정보_03_날씨_일기예보.TC_0733_Chips_날씨_제주도날씨_확인(생활정보_03_날씨_일기예보.java:805)
at java.base/jdk.internal.reflect.NativeMethodAccessorImpl.invoke0(Native Method)
at java.base/jdk.internal.reflect.NativeMethodAccessorImpl.invoke(NativeMethodAccessorImpl.java:64)
at java.base/jdk.internal.reflect.DelegatingMethodAccessorImpl.invoke(DelegatingMethodAccessorImpl.java:43)
at java.base/java.lang.reflect.Method.invoke(Method.java:564)
at org.testng.internal.MethodInvocationHelper.invokeMethod(MethodInvocationHelper.java:133)
at org.testng.internal.TestInvoker.invokeMethod(TestInvoker.java:598)
at org.testng.internal.TestInvoker.invokeTestMethod(TestInvoker.java:173)
at org.testng.internal.MethodRunner.runInSequence(MethodRunner.java:46)
at org.testng.internal.TestInvoker$MethodInvocationAgent.invoke(TestInvoker.java:824)
at org.testng.internal.TestInvoker.invokeTestMethods(TestInvoker.java:146)
at org.testng.internal.TestMethodWorker.invokeTestMethods(TestMethodWorker.java:146)
at org.testng.internal.TestMethodWorker.run(TestMethodWorker.java:128)
at java.base/java.util.ArrayList.forEach(ArrayList.java:1511)
at org.testng.TestRunner.privateRun(TestRunner.java:794)
at org.testng.TestRunner.run(TestRunner.java:596)
at org.testng.SuiteRunner.runTest(SuiteRunner.java:377)
at org.testng.SuiteRunner.access$000(SuiteRunner.java:28)
at org.testng.SuiteRunner$SuiteWorker.run(SuiteRunner.java:418)
at org.testng.internal.thread.ThreadUtil.lambda$execute$0(ThreadUtil.java:64)
at java.base/java.util.concurrent.FutureTask.run(FutureTask.java:264)
at java.base/java.util.concurrent.ThreadPoolExecutor.runWorker(ThreadPoolExecutor.java:1130)
at java.base/java.util.concurrent.ThreadPoolExecutor$Worker.run(ThreadPoolExecutor.java:630)
at java.base/java.lang.Thread.run(Thread.java:832)
]]>
            </full-stacktrace>
          </exception> <!-- junit.framework.ComparisonFailure -->
          <reporter-output>
          </reporter-output>
        </test-method> <!-- TC_0733_Chips_날씨_제주도날씨_확인 -->
        <test-method is-config="true" signature="AfterMethod(org.testng.ITestResult)[pri:0, instance:Chips_004_생활정보.생활정보_03_날씨_일기예보@49b2a47d]" started-at="2021-07-27T19:47:49 KST" name="AfterMethod" finished-at="2021-07-27T19:47:51 KST" duration-ms="2143" status="PASS">
          <params>
            <param index="0">
              <value>
                <![CDATA[[TestResult name=TC_0733_Chips_날씨_제주도날씨_확인 status=FAILURE method=생활정보_03_날씨_일기예보.TC_0733_Chips_날씨_제주도날씨_확인(java.lang.reflect.Method)[pri:0, instance:Chips_004_생활정보.생활정보_03_날씨_일기예보@49b2a47d] output={null}]]]>
              </value>
            </param>
          </params>
          <reporter-output>
          </reporter-output>
        </test-method> <!-- AfterMethod -->
        <test-method signature="TC_0734_Chips_날씨_파주시야동동날씨_확인(java.lang.reflect.Method)[pri:0, instance:Chips_004_생활정보.생활정보_03_날씨_일기예보@49b2a47d]" started-at="2021-07-27T19:47:51 KST" name="TC_0734_Chips_날씨_파주시야동동날씨_확인" description="칩스 리그레이션 TC : 실행_0734" finished-at="2021-07-27T19:48:02 KST" duration-ms="10747" status="FAIL">
          <params>
            <param index="0">
              <value>
                <![CDATA[public void Chips_004_생활정보.생활정보_03_날씨_일기예보.TC_0734_Chips_날씨_파주시야동동날씨_확인(java.lang.reflect.Method) throws java.lang.Exception]]>
              </value>
            </param>
          </params>
          <exception class="junit.framework.ComparisonFailure">
            <message>
              <![CDATA[expected:<FLO> but was:<7월 27일 날씨>]]>
            </message>
            <full-stacktrace>
              <![CDATA[junit.framework.ComparisonFailure: expected:<FLO> but was:<7월 27일 날씨>
at junit.framework.Assert.assertEquals(Assert.java:81)
at junit.framework.Assert.assertEquals(Assert.java:87)
at Chips_004_생활정보.생활정보_03_날씨_일기예보.TC_0734_Chips_날씨_파주시야동동날씨_확인(생활정보_03_날씨_일기예보.java:868)
at java.base/jdk.internal.reflect.NativeMethodAccessorImpl.invoke0(Native Method)
at java.base/jdk.internal.reflect.NativeMethodAccessorImpl.invoke(NativeMethodAccessorImpl.java:64)
at java.base/jdk.internal.reflect.DelegatingMethodAccessorImpl.invoke(DelegatingMethodAccessorImpl.java:43)
at java.base/java.lang.reflect.Method.invoke(Method.java:564)
at org.testng.internal.MethodInvocationHelper.invokeMethod(MethodInvocationHelper.java:133)
at org.testng.internal.TestInvoker.invokeMethod(TestInvoker.java:598)
at org.testng.internal.TestInvoker.invokeTestMethod(TestInvoker.java:173)
at org.testng.internal.MethodRunner.runInSequence(MethodRunner.java:46)
at org.testng.internal.TestInvoker$MethodInvocationAgent.invoke(TestInvoker.java:824)
at org.testng.internal.TestInvoker.invokeTestMethods(TestInvoker.java:146)
at org.testng.internal.TestMethodWorker.invokeTestMethods(TestMethodWorker.java:146)
at org.testng.internal.TestMethodWorker.run(TestMethodWorker.java:128)
at java.base/java.util.ArrayList.forEach(ArrayList.java:1511)
at org.testng.TestRunner.privateRun(TestRunner.java:794)
at org.testng.TestRunner.run(TestRunner.java:596)
at org.testng.SuiteRunner.runTest(SuiteRunner.java:377)
at org.testng.SuiteRunner.access$000(SuiteRunner.java:28)
at org.testng.SuiteRunner$SuiteWorker.run(SuiteRunner.java:418)
at org.testng.internal.thread.ThreadUtil.lambda$execute$0(ThreadUtil.java:64)
at java.base/java.util.concurrent.FutureTask.run(FutureTask.java:264)
at java.base/java.util.concurrent.ThreadPoolExecutor.runWorker(ThreadPoolExecutor.java:1130)
at java.base/java.util.concurrent.ThreadPoolExecutor$Worker.run(ThreadPoolExecutor.java:630)
at java.base/java.lang.Thread.run(Thread.java:832)
]]>
            </full-stacktrace>
          </exception> <!-- junit.framework.ComparisonFailure -->
          <reporter-output>
          </reporter-output>
        </test-method> <!-- TC_0734_Chips_날씨_파주시야동동날씨_확인 -->
        <test-method is-config="true" signature="BeforeMethod(java.lang.reflect.Method)[pri:0, instance:Chips_004_생활정보.생활정보_03_날씨_일기예보@49b2a47d]" started-at="2021-07-27T19:47:51 KST" name="BeforeMethod" finished-at="2021-07-27T19:47:51 KST" duration-ms="0" status="PASS">
          <params>
            <param index="0">
              <value>
                <![CDATA[public void Chips_004_생활정보.생활정보_03_날씨_일기예보.TC_0734_Chips_날씨_파주시야동동날씨_확인(java.lang.reflect.Method) throws java.lang.Exception]]>
              </value>
            </param>
          </params>
          <reporter-output>
          </reporter-output>
        </test-method> <!-- BeforeMethod -->
        <test-method is-config="true" signature="AfterMethod(org.testng.ITestResult)[pri:0, instance:Chips_004_생활정보.생활정보_03_날씨_일기예보@49b2a47d]" started-at="2021-07-27T19:48:02 KST" name="AfterMethod" finished-at="2021-07-27T19:48:05 KST" duration-ms="2488" status="PASS">
          <params>
            <param index="0">
              <value>
                <![CDATA[[TestResult name=TC_0734_Chips_날씨_파주시야동동날씨_확인 status=FAILURE method=생활정보_03_날씨_일기예보.TC_0734_Chips_날씨_파주시야동동날씨_확인(java.lang.reflect.Method)[pri:0, instance:Chips_004_생활정보.생활정보_03_날씨_일기예보@49b2a47d] output={null}]]]>
              </value>
            </param>
          </params>
          <reporter-output>
          </reporter-output>
        </test-method> <!-- AfterMethod -->
        <test-method is-config="true" signature="tearDownClass(java.lang.String,java.lang.String,java.lang.String,java.lang.String,java.lang.String,java.lang.String,java.lang.String,java.lang.String,java.lang.String)[pri:0, instance:Chips_004_생활정보.생활정보_03_날씨_일기예보@49b2a47d]" started-at="2021-07-27T19:48:05 KST" name="tearDownClass" finished-at="2021-07-27T19:48:08 KST" duration-ms="3591" status="PASS">
          <params>
            <param index="0">
              <value>
                <![CDATA[RTG]]>
              </value>
            </param>
            <param index="1">
              <value>
                <![CDATA[Chips]]>
              </value>
            </param>
            <param index="2">
              <value>
                <![CDATA[out]]>
              </value>
            </param>
            <param index="3">
              <value>
                <![CDATA[ce06171633774e37027e]]>
              </value>
            </param>
            <param index="4">
              <value>
                <![CDATA[ALDF3NYA6C0D0C654DD2]]>
              </value>
            </param>
            <param index="5">
              <value>
                <![CDATA[ALDF5TR5SNGZ8175DA16]]>
              </value>
            </param>
            <param index="6">
              <value>
                <![CDATA[ALDFH3D1Q7W6071EFE41]]>
              </value>
            </param>
            <param index="7">
              <value>
                <![CDATA[ALDFHFMQC3RB935B4B02]]>
              </value>
            </param>
            <param index="8">
              <value>
                <![CDATA[ALDFHFMSG34WDF6CD40E]]>
              </value>
            </param>
          </params>
          <reporter-output>
          </reporter-output>
        </test-method> <!-- tearDownClass -->
      </class> <!-- Chips_004_생활정보.생활정보_03_날씨_일기예보 -->
    </test> <!-- Test_Project -->
  </suite> <!-- ExtentReport -->
</testng-results>
