<?xml version="1.0" encoding="UTF-8"?>
<testng-results ignored="0" total="70" passed="48" failed="4" skipped="18">
  <reporter-output>
  </reporter-output>
  <suite started-at="2021-12-02T23:10:25 KST" name="ExtentReport" finished-at="2021-12-02T23:31:27 KST" duration-ms="1261228">
    <groups>
    </groups>
    <test started-at="2021-12-02T23:10:25 KST" name="Test_Project" finished-at="2021-12-02T23:31:27 KST" duration-ms="1261228">
      <class name="Chips_003_미디어_라디오.미디어_10_라디오_재생컨트롤러">
        <test-method is-config="true" signature="setupClass(java.lang.String,java.lang.String,java.lang.String,java.lang.String,java.lang.String,java.lang.String,java.lang.String,java.lang.String,java.lang.String,java.lang.String,java.lang.String,java.lang.String,java.lang.String,java.lang.String,java.lang.String)[pri:0, instance:Chips_003_미디어_라디오.미디어_10_라디오_재생컨트롤러@7ac296f6]" started-at="2021-12-02T23:26:05 KST" name="setupClass" finished-at="2021-12-02T23:26:18 KST" duration-ms="13153" status="PASS">
          <params>
            <param index="0">
              <value>
                <![CDATA[Android]]>
              </value>
            </param>
            <param index="1">
              <value>
                <![CDATA[Chips]]>
              </value>
            </param>
            <param index="2">
              <value>
                <![CDATA[http://0.0.0.0:4723/wd/hub]]>
              </value>
            </param>
            <param index="3">
              <value>
                <![CDATA[STG]]>
              </value>
            </param>
            <param index="4">
              <value>
                <![CDATA[Chips]]>
              </value>
            </param>
            <param index="5">
              <value>
                <![CDATA[out]]>
              </value>
            </param>
            <param index="6">
              <value>
                <![CDATA[R33M4000CY]]>
              </value>
            </param>
            <param index="7">
              <value>
                <![CDATA[ALDF3NYA6C0D0C654DD2]]>
              </value>
            </param>
            <param index="8">
              <value>
                <![CDATA[ALDF5TR5SNGZ8175DA16]]>
              </value>
            </param>
            <param index="9">
              <value>
                <![CDATA[ALDFH3D1Q7W6071EFE41]]>
              </value>
            </param>
            <param index="10">
              <value>
                <![CDATA[ALDFH6OQ9HG79986A4FA]]>
              </value>
            </param>
            <param index="11">
              <value>
                <![CDATA[ALDFHFMQC3RB935B4B02]]>
              </value>
            </param>
            <param index="12">
              <value>
                <![CDATA[ALDFHFMSG34WDF6CD40E]]>
              </value>
            </param>
            <param index="13">
              <value>
                <![CDATA[ALDFHDFEBVOC7F098039]]>
              </value>
            </param>
            <param index="14">
              <value>
                <![CDATA[ALDG3Q4IA9EW3633F8EA]]>
              </value>
            </param>
          </params>
          <reporter-output>
          </reporter-output>
        </test-method> <!-- setupClass -->
        <test-method signature="TC_0000_앱실행과AccessToken얻기(java.lang.reflect.Method)[pri:0, instance:Chips_003_미디어_라디오.미디어_10_라디오_재생컨트롤러@7ac296f6]" started-at="2021-12-02T23:26:18 KST" name="TC_0000_앱실행과AccessToken얻기" description="칩스 리그레이션 TC : 실행_0000" finished-at="2021-12-02T23:27:12 KST" duration-ms="53850" status="PASS">
          <params>
            <param index="0">
              <value>
                <![CDATA[public void Chips_003_미디어_라디오.미디어_10_라디오_재생컨트롤러.TC_0000_앱실행과AccessToken얻기(java.lang.reflect.Method) throws java.lang.Exception]]>
              </value>
            </param>
          </params>
          <reporter-output>
          </reporter-output>
        </test-method> <!-- TC_0000_앱실행과AccessToken얻기 -->
        <test-method is-config="true" signature="BeforeMethod(java.lang.reflect.Method)[pri:0, instance:Chips_003_미디어_라디오.미디어_10_라디오_재생컨트롤러@7ac296f6]" started-at="2021-12-02T23:26:18 KST" name="BeforeMethod" finished-at="2021-12-02T23:26:18 KST" duration-ms="0" status="PASS">
          <params>
            <param index="0">
              <value>
                <![CDATA[public void Chips_003_미디어_라디오.미디어_10_라디오_재생컨트롤러.TC_0000_앱실행과AccessToken얻기(java.lang.reflect.Method) throws java.lang.Exception]]>
              </value>
            </param>
          </params>
          <reporter-output>
          </reporter-output>
        </test-method> <!-- BeforeMethod -->
        <test-method is-config="true" signature="AfterMethod(org.testng.ITestResult)[pri:0, instance:Chips_003_미디어_라디오.미디어_10_라디오_재생컨트롤러@7ac296f6]" started-at="2021-12-02T23:27:12 KST" name="AfterMethod" finished-at="2021-12-02T23:27:12 KST" duration-ms="0" status="PASS">
          <params>
            <param index="0">
              <value>
                <![CDATA[[TestResult name=TC_0000_앱실행과AccessToken얻기 status=SUCCESS method=미디어_10_라디오_재생컨트롤러.TC_0000_앱실행과AccessToken얻기(java.lang.reflect.Method)[pri:0, instance:Chips_003_미디어_라디오.미디어_10_라디오_재생컨트롤러@7ac296f6] output={null}]]]>
              </value>
            </param>
          </params>
          <reporter-output>
          </reporter-output>
        </test-method> <!-- AfterMethod -->
        <test-method signature="TC_0401_Chips_라디오_재생_확인(java.lang.reflect.Method)[pri:0, instance:Chips_003_미디어_라디오.미디어_10_라디오_재생컨트롤러@7ac296f6]" started-at="2021-12-02T23:27:12 KST" name="TC_0401_Chips_라디오_재생_확인" description="칩스 리그레이션 TC : 실행_0401" finished-at="2021-12-02T23:27:27 KST" duration-ms="15086" status="PASS">
          <params>
            <param index="0">
              <value>
                <![CDATA[public void Chips_003_미디어_라디오.미디어_10_라디오_재생컨트롤러.TC_0401_Chips_라디오_재생_확인(java.lang.reflect.Method) throws java.lang.Exception]]>
              </value>
            </param>
          </params>
          <reporter-output>
          </reporter-output>
        </test-method> <!-- TC_0401_Chips_라디오_재생_확인 -->
        <test-method is-config="true" signature="BeforeMethod(java.lang.reflect.Method)[pri:0, instance:Chips_003_미디어_라디오.미디어_10_라디오_재생컨트롤러@7ac296f6]" started-at="2021-12-02T23:27:12 KST" name="BeforeMethod" finished-at="2021-12-02T23:27:12 KST" duration-ms="0" status="PASS">
          <params>
            <param index="0">
              <value>
                <![CDATA[public void Chips_003_미디어_라디오.미디어_10_라디오_재생컨트롤러.TC_0401_Chips_라디오_재생_확인(java.lang.reflect.Method) throws java.lang.Exception]]>
              </value>
            </param>
          </params>
          <reporter-output>
          </reporter-output>
        </test-method> <!-- BeforeMethod -->
        <test-method is-config="true" signature="AfterMethod(org.testng.ITestResult)[pri:0, instance:Chips_003_미디어_라디오.미디어_10_라디오_재생컨트롤러@7ac296f6]" started-at="2021-12-02T23:27:27 KST" name="AfterMethod" finished-at="2021-12-02T23:27:27 KST" duration-ms="0" status="PASS">
          <params>
            <param index="0">
              <value>
                <![CDATA[[TestResult name=TC_0401_Chips_라디오_재생_확인 status=SUCCESS method=미디어_10_라디오_재생컨트롤러.TC_0401_Chips_라디오_재생_확인(java.lang.reflect.Method)[pri:0, instance:Chips_003_미디어_라디오.미디어_10_라디오_재생컨트롤러@7ac296f6] output={null}]]]>
              </value>
            </param>
          </params>
          <reporter-output>
          </reporter-output>
        </test-method> <!-- AfterMethod -->
        <test-method is-config="true" signature="BeforeMethod(java.lang.reflect.Method)[pri:0, instance:Chips_003_미디어_라디오.미디어_10_라디오_재생컨트롤러@7ac296f6]" started-at="2021-12-02T23:27:27 KST" name="BeforeMethod" finished-at="2021-12-02T23:27:27 KST" duration-ms="0" status="PASS">
          <params>
            <param index="0">
              <value>
                <![CDATA[public void Chips_003_미디어_라디오.미디어_10_라디오_재생컨트롤러.TC_0402_Chips_라디오_일시정지_확인(java.lang.reflect.Method) throws java.lang.Exception]]>
              </value>
            </param>
          </params>
          <reporter-output>
          </reporter-output>
        </test-method> <!-- BeforeMethod -->
        <test-method signature="TC_0402_Chips_라디오_일시정지_확인(java.lang.reflect.Method)[pri:0, instance:Chips_003_미디어_라디오.미디어_10_라디오_재생컨트롤러@7ac296f6]" started-at="2021-12-02T23:27:27 KST" name="TC_0402_Chips_라디오_일시정지_확인" description="칩스 리그레이션 TC : 실행_0402" finished-at="2021-12-02T23:27:41 KST" duration-ms="14671" status="PASS">
          <params>
            <param index="0">
              <value>
                <![CDATA[public void Chips_003_미디어_라디오.미디어_10_라디오_재생컨트롤러.TC_0402_Chips_라디오_일시정지_확인(java.lang.reflect.Method) throws java.lang.Exception]]>
              </value>
            </param>
          </params>
          <reporter-output>
          </reporter-output>
        </test-method> <!-- TC_0402_Chips_라디오_일시정지_확인 -->
        <test-method is-config="true" signature="AfterMethod(org.testng.ITestResult)[pri:0, instance:Chips_003_미디어_라디오.미디어_10_라디오_재생컨트롤러@7ac296f6]" started-at="2021-12-02T23:27:41 KST" name="AfterMethod" finished-at="2021-12-02T23:27:41 KST" duration-ms="0" status="PASS">
          <params>
            <param index="0">
              <value>
                <![CDATA[[TestResult name=TC_0402_Chips_라디오_일시정지_확인 status=SUCCESS method=미디어_10_라디오_재생컨트롤러.TC_0402_Chips_라디오_일시정지_확인(java.lang.reflect.Method)[pri:0, instance:Chips_003_미디어_라디오.미디어_10_라디오_재생컨트롤러@7ac296f6] output={null}]]]>
              </value>
            </param>
          </params>
          <reporter-output>
          </reporter-output>
        </test-method> <!-- AfterMethod -->
        <test-method is-config="true" signature="BeforeMethod(java.lang.reflect.Method)[pri:0, instance:Chips_003_미디어_라디오.미디어_10_라디오_재생컨트롤러@7ac296f6]" started-at="2021-12-02T23:27:41 KST" name="BeforeMethod" finished-at="2021-12-02T23:27:41 KST" duration-ms="1" status="PASS">
          <params>
            <param index="0">
              <value>
                <![CDATA[public void Chips_003_미디어_라디오.미디어_10_라디오_재생컨트롤러.TC_0403_Chips_라디오_일시정지취소_확인(java.lang.reflect.Method) throws java.lang.Exception]]>
              </value>
            </param>
          </params>
          <reporter-output>
          </reporter-output>
        </test-method> <!-- BeforeMethod -->
        <test-method signature="TC_0403_Chips_라디오_일시정지취소_확인(java.lang.reflect.Method)[pri:0, instance:Chips_003_미디어_라디오.미디어_10_라디오_재생컨트롤러@7ac296f6]" started-at="2021-12-02T23:27:41 KST" name="TC_0403_Chips_라디오_일시정지취소_확인" description="칩스 리그레이션 TC : 실행_0403" finished-at="2021-12-02T23:27:51 KST" duration-ms="9199" status="PASS">
          <params>
            <param index="0">
              <value>
                <![CDATA[public void Chips_003_미디어_라디오.미디어_10_라디오_재생컨트롤러.TC_0403_Chips_라디오_일시정지취소_확인(java.lang.reflect.Method) throws java.lang.Exception]]>
              </value>
            </param>
          </params>
          <reporter-output>
          </reporter-output>
        </test-method> <!-- TC_0403_Chips_라디오_일시정지취소_확인 -->
        <test-method is-config="true" signature="AfterMethod(org.testng.ITestResult)[pri:0, instance:Chips_003_미디어_라디오.미디어_10_라디오_재생컨트롤러@7ac296f6]" started-at="2021-12-02T23:27:51 KST" name="AfterMethod" finished-at="2021-12-02T23:27:51 KST" duration-ms="0" status="PASS">
          <params>
            <param index="0">
              <value>
                <![CDATA[[TestResult name=TC_0403_Chips_라디오_일시정지취소_확인 status=SUCCESS method=미디어_10_라디오_재생컨트롤러.TC_0403_Chips_라디오_일시정지취소_확인(java.lang.reflect.Method)[pri:0, instance:Chips_003_미디어_라디오.미디어_10_라디오_재생컨트롤러@7ac296f6] output={null}]]]>
              </value>
            </param>
          </params>
          <reporter-output>
          </reporter-output>
        </test-method> <!-- AfterMethod -->
        <test-method is-config="true" signature="BeforeMethod(java.lang.reflect.Method)[pri:0, instance:Chips_003_미디어_라디오.미디어_10_라디오_재생컨트롤러@7ac296f6]" started-at="2021-12-02T23:27:51 KST" name="BeforeMethod" finished-at="2021-12-02T23:27:51 KST" duration-ms="1" status="PASS">
          <params>
            <param index="0">
              <value>
                <![CDATA[public void Chips_003_미디어_라디오.미디어_10_라디오_재생컨트롤러.TC_0404_Chips_라디오_일시정지_확인(java.lang.reflect.Method) throws java.lang.Exception]]>
              </value>
            </param>
          </params>
          <reporter-output>
          </reporter-output>
        </test-method> <!-- BeforeMethod -->
        <test-method signature="TC_0404_Chips_라디오_일시정지_확인(java.lang.reflect.Method)[pri:0, instance:Chips_003_미디어_라디오.미디어_10_라디오_재생컨트롤러@7ac296f6]" started-at="2021-12-02T23:27:51 KST" name="TC_0404_Chips_라디오_일시정지_확인" description="칩스 리그레이션 TC : 실행_0404" finished-at="2021-12-02T23:28:05 KST" duration-ms="14205" status="PASS">
          <params>
            <param index="0">
              <value>
                <![CDATA[public void Chips_003_미디어_라디오.미디어_10_라디오_재생컨트롤러.TC_0404_Chips_라디오_일시정지_확인(java.lang.reflect.Method) throws java.lang.Exception]]>
              </value>
            </param>
          </params>
          <reporter-output>
          </reporter-output>
        </test-method> <!-- TC_0404_Chips_라디오_일시정지_확인 -->
        <test-method is-config="true" signature="AfterMethod(org.testng.ITestResult)[pri:0, instance:Chips_003_미디어_라디오.미디어_10_라디오_재생컨트롤러@7ac296f6]" started-at="2021-12-02T23:28:05 KST" name="AfterMethod" finished-at="2021-12-02T23:28:05 KST" duration-ms="0" status="PASS">
          <params>
            <param index="0">
              <value>
                <![CDATA[[TestResult name=TC_0404_Chips_라디오_일시정지_확인 status=SUCCESS method=미디어_10_라디오_재생컨트롤러.TC_0404_Chips_라디오_일시정지_확인(java.lang.reflect.Method)[pri:0, instance:Chips_003_미디어_라디오.미디어_10_라디오_재생컨트롤러@7ac296f6] output={null}]]]>
              </value>
            </param>
          </params>
          <reporter-output>
          </reporter-output>
        </test-method> <!-- AfterMethod -->
        <test-method is-config="true" signature="BeforeMethod(java.lang.reflect.Method)[pri:0, instance:Chips_003_미디어_라디오.미디어_10_라디오_재생컨트롤러@7ac296f6]" started-at="2021-12-02T23:28:05 KST" name="BeforeMethod" finished-at="2021-12-02T23:28:05 KST" duration-ms="0" status="PASS">
          <params>
            <param index="0">
              <value>
                <![CDATA[public void Chips_003_미디어_라디오.미디어_10_라디오_재생컨트롤러.TC_0405_Chips_라디오_재생_확인(java.lang.reflect.Method) throws java.lang.Exception]]>
              </value>
            </param>
          </params>
          <reporter-output>
          </reporter-output>
        </test-method> <!-- BeforeMethod -->
        <test-method signature="TC_0405_Chips_라디오_재생_확인(java.lang.reflect.Method)[pri:0, instance:Chips_003_미디어_라디오.미디어_10_라디오_재생컨트롤러@7ac296f6]" started-at="2021-12-02T23:28:05 KST" name="TC_0405_Chips_라디오_재생_확인" description="칩스 리그레이션 TC : 실행_0405" finished-at="2021-12-02T23:28:14 KST" duration-ms="9287" status="PASS">
          <params>
            <param index="0">
              <value>
                <![CDATA[public void Chips_003_미디어_라디오.미디어_10_라디오_재생컨트롤러.TC_0405_Chips_라디오_재생_확인(java.lang.reflect.Method) throws java.lang.Exception]]>
              </value>
            </param>
          </params>
          <reporter-output>
          </reporter-output>
        </test-method> <!-- TC_0405_Chips_라디오_재생_확인 -->
        <test-method is-config="true" signature="AfterMethod(org.testng.ITestResult)[pri:0, instance:Chips_003_미디어_라디오.미디어_10_라디오_재생컨트롤러@7ac296f6]" started-at="2021-12-02T23:28:14 KST" name="AfterMethod" finished-at="2021-12-02T23:28:14 KST" duration-ms="1" status="PASS">
          <params>
            <param index="0">
              <value>
                <![CDATA[[TestResult name=TC_0405_Chips_라디오_재생_확인 status=SUCCESS method=미디어_10_라디오_재생컨트롤러.TC_0405_Chips_라디오_재생_확인(java.lang.reflect.Method)[pri:0, instance:Chips_003_미디어_라디오.미디어_10_라디오_재생컨트롤러@7ac296f6] output={null}]]]>
              </value>
            </param>
          </params>
          <reporter-output>
          </reporter-output>
        </test-method> <!-- AfterMethod -->
        <test-method is-config="true" signature="BeforeMethod(java.lang.reflect.Method)[pri:0, instance:Chips_003_미디어_라디오.미디어_10_라디오_재생컨트롤러@7ac296f6]" started-at="2021-12-02T23:28:14 KST" name="BeforeMethod" finished-at="2021-12-02T23:28:14 KST" duration-ms="0" status="PASS">
          <params>
            <param index="0">
              <value>
                <![CDATA[public void Chips_003_미디어_라디오.미디어_10_라디오_재생컨트롤러.TC_0406_Chips_라디오_다음라디오채널_확인(java.lang.reflect.Method) throws java.lang.Exception]]>
              </value>
            </param>
          </params>
          <reporter-output>
          </reporter-output>
        </test-method> <!-- BeforeMethod -->
        <test-method signature="TC_0406_Chips_라디오_다음라디오채널_확인(java.lang.reflect.Method)[pri:0, instance:Chips_003_미디어_라디오.미디어_10_라디오_재생컨트롤러@7ac296f6]" started-at="2021-12-02T23:28:14 KST" name="TC_0406_Chips_라디오_다음라디오채널_확인" description="칩스 리그레이션 TC : 실행_0406" finished-at="2021-12-02T23:28:32 KST" duration-ms="17590" status="PASS">
          <params>
            <param index="0">
              <value>
                <![CDATA[public void Chips_003_미디어_라디오.미디어_10_라디오_재생컨트롤러.TC_0406_Chips_라디오_다음라디오채널_확인(java.lang.reflect.Method) throws java.lang.Exception]]>
              </value>
            </param>
          </params>
          <reporter-output>
          </reporter-output>
        </test-method> <!-- TC_0406_Chips_라디오_다음라디오채널_확인 -->
        <test-method is-config="true" signature="AfterMethod(org.testng.ITestResult)[pri:0, instance:Chips_003_미디어_라디오.미디어_10_라디오_재생컨트롤러@7ac296f6]" started-at="2021-12-02T23:28:32 KST" name="AfterMethod" finished-at="2021-12-02T23:28:32 KST" duration-ms="1" status="PASS">
          <params>
            <param index="0">
              <value>
                <![CDATA[[TestResult name=TC_0406_Chips_라디오_다음라디오채널_확인 status=SUCCESS method=미디어_10_라디오_재생컨트롤러.TC_0406_Chips_라디오_다음라디오채널_확인(java.lang.reflect.Method)[pri:0, instance:Chips_003_미디어_라디오.미디어_10_라디오_재생컨트롤러@7ac296f6] output={null}]]]>
              </value>
            </param>
          </params>
          <reporter-output>
          </reporter-output>
        </test-method> <!-- AfterMethod -->
        <test-method is-config="true" signature="BeforeMethod(java.lang.reflect.Method)[pri:0, instance:Chips_003_미디어_라디오.미디어_10_라디오_재생컨트롤러@7ac296f6]" started-at="2021-12-02T23:28:32 KST" name="BeforeMethod" finished-at="2021-12-02T23:28:32 KST" duration-ms="0" status="PASS">
          <params>
            <param index="0">
              <value>
                <![CDATA[public void Chips_003_미디어_라디오.미디어_10_라디오_재생컨트롤러.TC_0407_Chips_라디오_이전라디오채널_확인(java.lang.reflect.Method) throws java.lang.Exception]]>
              </value>
            </param>
          </params>
          <reporter-output>
          </reporter-output>
        </test-method> <!-- BeforeMethod -->
        <test-method signature="TC_0407_Chips_라디오_이전라디오채널_확인(java.lang.reflect.Method)[pri:0, instance:Chips_003_미디어_라디오.미디어_10_라디오_재생컨트롤러@7ac296f6]" started-at="2021-12-02T23:28:32 KST" name="TC_0407_Chips_라디오_이전라디오채널_확인" description="칩스 리그레이션 TC : 실행_0407" finished-at="2021-12-02T23:28:41 KST" duration-ms="9444" status="PASS">
          <params>
            <param index="0">
              <value>
                <![CDATA[public void Chips_003_미디어_라디오.미디어_10_라디오_재생컨트롤러.TC_0407_Chips_라디오_이전라디오채널_확인(java.lang.reflect.Method) throws java.lang.Exception]]>
              </value>
            </param>
          </params>
          <reporter-output>
          </reporter-output>
        </test-method> <!-- TC_0407_Chips_라디오_이전라디오채널_확인 -->
        <test-method is-config="true" signature="AfterMethod(org.testng.ITestResult)[pri:0, instance:Chips_003_미디어_라디오.미디어_10_라디오_재생컨트롤러@7ac296f6]" started-at="2021-12-02T23:28:41 KST" name="AfterMethod" finished-at="2021-12-02T23:28:41 KST" duration-ms="0" status="PASS">
          <params>
            <param index="0">
              <value>
                <![CDATA[[TestResult name=TC_0407_Chips_라디오_이전라디오채널_확인 status=SUCCESS method=미디어_10_라디오_재생컨트롤러.TC_0407_Chips_라디오_이전라디오채널_확인(java.lang.reflect.Method)[pri:0, instance:Chips_003_미디어_라디오.미디어_10_라디오_재생컨트롤러@7ac296f6] output={null}]]]>
              </value>
            </param>
          </params>
          <reporter-output>
          </reporter-output>
        </test-method> <!-- AfterMethod -->
        <test-method is-config="true" signature="BeforeMethod(java.lang.reflect.Method)[pri:0, instance:Chips_003_미디어_라디오.미디어_10_라디오_재생컨트롤러@7ac296f6]" started-at="2021-12-02T23:28:41 KST" name="BeforeMethod" finished-at="2021-12-02T23:28:41 KST" duration-ms="0" status="PASS">
          <params>
            <param index="0">
              <value>
                <![CDATA[public void Chips_003_미디어_라디오.미디어_10_라디오_재생컨트롤러.TC_0408_Chips_라디오_다음_확인(java.lang.reflect.Method) throws java.lang.Exception]]>
              </value>
            </param>
          </params>
          <reporter-output>
          </reporter-output>
        </test-method> <!-- BeforeMethod -->
        <test-method signature="TC_0408_Chips_라디오_다음_확인(java.lang.reflect.Method)[pri:0, instance:Chips_003_미디어_라디오.미디어_10_라디오_재생컨트롤러@7ac296f6]" started-at="2021-12-02T23:28:41 KST" name="TC_0408_Chips_라디오_다음_확인" description="칩스 리그레이션 TC : 실행_0408" finished-at="2021-12-02T23:28:51 KST" duration-ms="9457" status="PASS">
          <params>
            <param index="0">
              <value>
                <![CDATA[public void Chips_003_미디어_라디오.미디어_10_라디오_재생컨트롤러.TC_0408_Chips_라디오_다음_확인(java.lang.reflect.Method) throws java.lang.Exception]]>
              </value>
            </param>
          </params>
          <reporter-output>
          </reporter-output>
        </test-method> <!-- TC_0408_Chips_라디오_다음_확인 -->
        <test-method is-config="true" signature="AfterMethod(org.testng.ITestResult)[pri:0, instance:Chips_003_미디어_라디오.미디어_10_라디오_재생컨트롤러@7ac296f6]" started-at="2021-12-02T23:28:51 KST" name="AfterMethod" finished-at="2021-12-02T23:28:51 KST" duration-ms="0" status="PASS">
          <params>
            <param index="0">
              <value>
                <![CDATA[[TestResult name=TC_0408_Chips_라디오_다음_확인 status=SUCCESS method=미디어_10_라디오_재생컨트롤러.TC_0408_Chips_라디오_다음_확인(java.lang.reflect.Method)[pri:0, instance:Chips_003_미디어_라디오.미디어_10_라디오_재생컨트롤러@7ac296f6] output={null}]]]>
              </value>
            </param>
          </params>
          <reporter-output>
          </reporter-output>
        </test-method> <!-- AfterMethod -->
        <test-method is-config="true" signature="BeforeMethod(java.lang.reflect.Method)[pri:0, instance:Chips_003_미디어_라디오.미디어_10_라디오_재생컨트롤러@7ac296f6]" started-at="2021-12-02T23:28:51 KST" name="BeforeMethod" finished-at="2021-12-02T23:28:51 KST" duration-ms="1" status="PASS">
          <params>
            <param index="0">
              <value>
                <![CDATA[public void Chips_003_미디어_라디오.미디어_10_라디오_재생컨트롤러.TC_0409_Chips_라디오_이전_확인(java.lang.reflect.Method) throws java.lang.Exception]]>
              </value>
            </param>
          </params>
          <reporter-output>
          </reporter-output>
        </test-method> <!-- BeforeMethod -->
        <test-method signature="TC_0409_Chips_라디오_이전_확인(java.lang.reflect.Method)[pri:0, instance:Chips_003_미디어_라디오.미디어_10_라디오_재생컨트롤러@7ac296f6]" started-at="2021-12-02T23:28:51 KST" name="TC_0409_Chips_라디오_이전_확인" description="칩스 리그레이션 TC : 실행_0409" finished-at="2021-12-02T23:29:24 KST" duration-ms="33779" status="FAIL">
          <params>
            <param index="0">
              <value>
                <![CDATA[public void Chips_003_미디어_라디오.미디어_10_라디오_재생컨트롤러.TC_0409_Chips_라디오_이전_확인(java.lang.reflect.Method) throws java.lang.Exception]]>
              </value>
            </param>
          </params>
          <exception class="junit.framework.AssertionFailedError">
            <full-stacktrace>
              <![CDATA[junit.framework.AssertionFailedError
at junit.framework.Assert.fail(Assert.java:47)
at junit.framework.Assert.assertTrue(Assert.java:20)
at junit.framework.Assert.assertTrue(Assert.java:27)
at Chips_003_미디어_라디오.미디어_10_라디오_재생컨트롤러.TC_0409_Chips_라디오_이전_확인(미디어_10_라디오_재생컨트롤러.java:230)
at java.base/jdk.internal.reflect.NativeMethodAccessorImpl.invoke0(Native Method)
at java.base/jdk.internal.reflect.NativeMethodAccessorImpl.invoke(NativeMethodAccessorImpl.java:64)
at java.base/jdk.internal.reflect.DelegatingMethodAccessorImpl.invoke(DelegatingMethodAccessorImpl.java:43)
at java.base/java.lang.reflect.Method.invoke(Method.java:564)
at org.testng.internal.MethodInvocationHelper.invokeMethod(MethodInvocationHelper.java:133)
at org.testng.internal.TestInvoker.invokeMethod(TestInvoker.java:598)
at org.testng.internal.TestInvoker.invokeTestMethod(TestInvoker.java:173)
at org.testng.internal.MethodRunner.runInSequence(MethodRunner.java:46)
at org.testng.internal.TestInvoker$MethodInvocationAgent.invoke(TestInvoker.java:824)
at org.testng.internal.TestInvoker.invokeTestMethods(TestInvoker.java:146)
at org.testng.internal.TestMethodWorker.invokeTestMethods(TestMethodWorker.java:146)
at org.testng.internal.TestMethodWorker.run(TestMethodWorker.java:128)
at java.base/java.util.ArrayList.forEach(ArrayList.java:1511)
at org.testng.TestRunner.privateRun(TestRunner.java:794)
at org.testng.TestRunner.run(TestRunner.java:596)
at org.testng.SuiteRunner.runTest(SuiteRunner.java:377)
at org.testng.SuiteRunner.access$000(SuiteRunner.java:28)
at org.testng.SuiteRunner$SuiteWorker.run(SuiteRunner.java:418)
at org.testng.internal.thread.ThreadUtil.lambda$execute$0(ThreadUtil.java:64)
at java.base/java.util.concurrent.FutureTask.run(FutureTask.java:264)
at java.base/java.util.concurrent.ThreadPoolExecutor.runWorker(ThreadPoolExecutor.java:1130)
at java.base/java.util.concurrent.ThreadPoolExecutor$Worker.run(ThreadPoolExecutor.java:630)
at java.base/java.lang.Thread.run(Thread.java:832)
]]>
            </full-stacktrace>
          </exception> <!-- junit.framework.AssertionFailedError -->
          <reporter-output>
          </reporter-output>
        </test-method> <!-- TC_0409_Chips_라디오_이전_확인 -->
        <test-method is-config="true" signature="AfterMethod(org.testng.ITestResult)[pri:0, instance:Chips_003_미디어_라디오.미디어_10_라디오_재생컨트롤러@7ac296f6]" started-at="2021-12-02T23:29:24 KST" name="AfterMethod" finished-at="2021-12-02T23:29:26 KST" duration-ms="2039" status="PASS">
          <params>
            <param index="0">
              <value>
                <![CDATA[[TestResult name=TC_0409_Chips_라디오_이전_확인 status=FAILURE method=미디어_10_라디오_재생컨트롤러.TC_0409_Chips_라디오_이전_확인(java.lang.reflect.Method)[pri:0, instance:Chips_003_미디어_라디오.미디어_10_라디오_재생컨트롤러@7ac296f6] output={null}]]]>
              </value>
            </param>
          </params>
          <reporter-output>
          </reporter-output>
        </test-method> <!-- AfterMethod -->
        <test-method is-config="true" signature="BeforeMethod(java.lang.reflect.Method)[pri:0, instance:Chips_003_미디어_라디오.미디어_10_라디오_재생컨트롤러@7ac296f6]" started-at="2021-12-02T23:29:26 KST" name="BeforeMethod" finished-at="2021-12-02T23:29:26 KST" duration-ms="0" status="PASS">
          <params>
            <param index="0">
              <value>
                <![CDATA[public void Chips_003_미디어_라디오.미디어_10_라디오_재생컨트롤러.TC_0410_Chips_라디오_다음채널_확인(java.lang.reflect.Method) throws java.lang.Exception]]>
              </value>
            </param>
          </params>
          <reporter-output>
          </reporter-output>
        </test-method> <!-- BeforeMethod -->
        <test-method signature="TC_0410_Chips_라디오_다음채널_확인(java.lang.reflect.Method)[pri:0, instance:Chips_003_미디어_라디오.미디어_10_라디오_재생컨트롤러@7ac296f6]" started-at="2021-12-02T23:29:26 KST" name="TC_0410_Chips_라디오_다음채널_확인" description="칩스 리그레이션 TC : 실행_0410" finished-at="2021-12-02T23:30:00 KST" duration-ms="33881" status="FAIL">
          <params>
            <param index="0">
              <value>
                <![CDATA[public void Chips_003_미디어_라디오.미디어_10_라디오_재생컨트롤러.TC_0410_Chips_라디오_다음채널_확인(java.lang.reflect.Method) throws java.lang.Exception]]>
              </value>
            </param>
          </params>
          <exception class="junit.framework.AssertionFailedError">
            <full-stacktrace>
              <![CDATA[junit.framework.AssertionFailedError
at junit.framework.Assert.fail(Assert.java:47)
at junit.framework.Assert.assertTrue(Assert.java:20)
at junit.framework.Assert.assertTrue(Assert.java:27)
at Chips_003_미디어_라디오.미디어_10_라디오_재생컨트롤러.TC_0410_Chips_라디오_다음채널_확인(미디어_10_라디오_재생컨트롤러.java:246)
at java.base/jdk.internal.reflect.NativeMethodAccessorImpl.invoke0(Native Method)
at java.base/jdk.internal.reflect.NativeMethodAccessorImpl.invoke(NativeMethodAccessorImpl.java:64)
at java.base/jdk.internal.reflect.DelegatingMethodAccessorImpl.invoke(DelegatingMethodAccessorImpl.java:43)
at java.base/java.lang.reflect.Method.invoke(Method.java:564)
at org.testng.internal.MethodInvocationHelper.invokeMethod(MethodInvocationHelper.java:133)
at org.testng.internal.TestInvoker.invokeMethod(TestInvoker.java:598)
at org.testng.internal.TestInvoker.invokeTestMethod(TestInvoker.java:173)
at org.testng.internal.MethodRunner.runInSequence(MethodRunner.java:46)
at org.testng.internal.TestInvoker$MethodInvocationAgent.invoke(TestInvoker.java:824)
at org.testng.internal.TestInvoker.invokeTestMethods(TestInvoker.java:146)
at org.testng.internal.TestMethodWorker.invokeTestMethods(TestMethodWorker.java:146)
at org.testng.internal.TestMethodWorker.run(TestMethodWorker.java:128)
at java.base/java.util.ArrayList.forEach(ArrayList.java:1511)
at org.testng.TestRunner.privateRun(TestRunner.java:794)
at org.testng.TestRunner.run(TestRunner.java:596)
at org.testng.SuiteRunner.runTest(SuiteRunner.java:377)
at org.testng.SuiteRunner.access$000(SuiteRunner.java:28)
at org.testng.SuiteRunner$SuiteWorker.run(SuiteRunner.java:418)
at org.testng.internal.thread.ThreadUtil.lambda$execute$0(ThreadUtil.java:64)
at java.base/java.util.concurrent.FutureTask.run(FutureTask.java:264)
at java.base/java.util.concurrent.ThreadPoolExecutor.runWorker(ThreadPoolExecutor.java:1130)
at java.base/java.util.concurrent.ThreadPoolExecutor$Worker.run(ThreadPoolExecutor.java:630)
at java.base/java.lang.Thread.run(Thread.java:832)
]]>
            </full-stacktrace>
          </exception> <!-- junit.framework.AssertionFailedError -->
          <reporter-output>
          </reporter-output>
        </test-method> <!-- TC_0410_Chips_라디오_다음채널_확인 -->
        <test-method is-config="true" signature="AfterMethod(org.testng.ITestResult)[pri:0, instance:Chips_003_미디어_라디오.미디어_10_라디오_재생컨트롤러@7ac296f6]" started-at="2021-12-02T23:30:00 KST" name="AfterMethod" finished-at="2021-12-02T23:30:01 KST" duration-ms="430" status="PASS">
          <params>
            <param index="0">
              <value>
                <![CDATA[[TestResult name=TC_0410_Chips_라디오_다음채널_확인 status=FAILURE method=미디어_10_라디오_재생컨트롤러.TC_0410_Chips_라디오_다음채널_확인(java.lang.reflect.Method)[pri:0, instance:Chips_003_미디어_라디오.미디어_10_라디오_재생컨트롤러@7ac296f6] output={null}]]]>
              </value>
            </param>
          </params>
          <reporter-output>
          </reporter-output>
        </test-method> <!-- AfterMethod -->
        <test-method is-config="true" signature="BeforeMethod(java.lang.reflect.Method)[pri:0, instance:Chips_003_미디어_라디오.미디어_10_라디오_재생컨트롤러@7ac296f6]" started-at="2021-12-02T23:30:01 KST" name="BeforeMethod" finished-at="2021-12-02T23:30:01 KST" duration-ms="1" status="PASS">
          <params>
            <param index="0">
              <value>
                <![CDATA[public void Chips_003_미디어_라디오.미디어_10_라디오_재생컨트롤러.TC_0411_Chips_라디오_이전라디오방송_확인(java.lang.reflect.Method) throws java.lang.Exception]]>
              </value>
            </param>
          </params>
          <reporter-output>
          </reporter-output>
        </test-method> <!-- BeforeMethod -->
        <test-method signature="TC_0411_Chips_라디오_이전라디오방송_확인(java.lang.reflect.Method)[pri:0, instance:Chips_003_미디어_라디오.미디어_10_라디오_재생컨트롤러@7ac296f6]" started-at="2021-12-02T23:30:01 KST" name="TC_0411_Chips_라디오_이전라디오방송_확인" description="칩스 리그레이션 TC : 실행_0411" finished-at="2021-12-02T23:30:36 KST" duration-ms="34887" status="FAIL">
          <params>
            <param index="0">
              <value>
                <![CDATA[public void Chips_003_미디어_라디오.미디어_10_라디오_재생컨트롤러.TC_0411_Chips_라디오_이전라디오방송_확인(java.lang.reflect.Method) throws java.lang.Exception]]>
              </value>
            </param>
          </params>
          <exception class="junit.framework.AssertionFailedError">
            <full-stacktrace>
              <![CDATA[junit.framework.AssertionFailedError
at junit.framework.Assert.fail(Assert.java:47)
at junit.framework.Assert.assertTrue(Assert.java:20)
at junit.framework.Assert.assertTrue(Assert.java:27)
at Chips_003_미디어_라디오.미디어_10_라디오_재생컨트롤러.TC_0411_Chips_라디오_이전라디오방송_확인(미디어_10_라디오_재생컨트롤러.java:266)
at java.base/jdk.internal.reflect.NativeMethodAccessorImpl.invoke0(Native Method)
at java.base/jdk.internal.reflect.NativeMethodAccessorImpl.invoke(NativeMethodAccessorImpl.java:64)
at java.base/jdk.internal.reflect.DelegatingMethodAccessorImpl.invoke(DelegatingMethodAccessorImpl.java:43)
at java.base/java.lang.reflect.Method.invoke(Method.java:564)
at org.testng.internal.MethodInvocationHelper.invokeMethod(MethodInvocationHelper.java:133)
at org.testng.internal.TestInvoker.invokeMethod(TestInvoker.java:598)
at org.testng.internal.TestInvoker.invokeTestMethod(TestInvoker.java:173)
at org.testng.internal.MethodRunner.runInSequence(MethodRunner.java:46)
at org.testng.internal.TestInvoker$MethodInvocationAgent.invoke(TestInvoker.java:824)
at org.testng.internal.TestInvoker.invokeTestMethods(TestInvoker.java:146)
at org.testng.internal.TestMethodWorker.invokeTestMethods(TestMethodWorker.java:146)
at org.testng.internal.TestMethodWorker.run(TestMethodWorker.java:128)
at java.base/java.util.ArrayList.forEach(ArrayList.java:1511)
at org.testng.TestRunner.privateRun(TestRunner.java:794)
at org.testng.TestRunner.run(TestRunner.java:596)
at org.testng.SuiteRunner.runTest(SuiteRunner.java:377)
at org.testng.SuiteRunner.access$000(SuiteRunner.java:28)
at org.testng.SuiteRunner$SuiteWorker.run(SuiteRunner.java:418)
at org.testng.internal.thread.ThreadUtil.lambda$execute$0(ThreadUtil.java:64)
at java.base/java.util.concurrent.FutureTask.run(FutureTask.java:264)
at java.base/java.util.concurrent.ThreadPoolExecutor.runWorker(ThreadPoolExecutor.java:1130)
at java.base/java.util.concurrent.ThreadPoolExecutor$Worker.run(ThreadPoolExecutor.java:630)
at java.base/java.lang.Thread.run(Thread.java:832)
]]>
            </full-stacktrace>
          </exception> <!-- junit.framework.AssertionFailedError -->
          <reporter-output>
          </reporter-output>
        </test-method> <!-- TC_0411_Chips_라디오_이전라디오방송_확인 -->
        <test-method is-config="true" signature="AfterMethod(org.testng.ITestResult)[pri:0, instance:Chips_003_미디어_라디오.미디어_10_라디오_재생컨트롤러@7ac296f6]" started-at="2021-12-02T23:30:36 KST" name="AfterMethod" finished-at="2021-12-02T23:30:38 KST" duration-ms="2006" status="PASS">
          <params>
            <param index="0">
              <value>
                <![CDATA[[TestResult name=TC_0411_Chips_라디오_이전라디오방송_확인 status=FAILURE method=미디어_10_라디오_재생컨트롤러.TC_0411_Chips_라디오_이전라디오방송_확인(java.lang.reflect.Method)[pri:0, instance:Chips_003_미디어_라디오.미디어_10_라디오_재생컨트롤러@7ac296f6] output={null}]]]>
              </value>
            </param>
          </params>
          <reporter-output>
          </reporter-output>
        </test-method> <!-- AfterMethod -->
        <test-method is-config="true" signature="BeforeMethod(java.lang.reflect.Method)[pri:0, instance:Chips_003_미디어_라디오.미디어_10_라디오_재생컨트롤러@7ac296f6]" started-at="2021-12-02T23:30:38 KST" name="BeforeMethod" finished-at="2021-12-02T23:30:38 KST" duration-ms="1" status="PASS">
          <params>
            <param index="0">
              <value>
                <![CDATA[public void Chips_003_미디어_라디오.미디어_10_라디오_재생컨트롤러.TC_0412_Chips_라디오_다음라디오_확인(java.lang.reflect.Method) throws java.lang.Exception]]>
              </value>
            </param>
          </params>
          <reporter-output>
          </reporter-output>
        </test-method> <!-- BeforeMethod -->
        <test-method signature="TC_0412_Chips_라디오_다음라디오_확인(java.lang.reflect.Method)[pri:0, instance:Chips_003_미디어_라디오.미디어_10_라디오_재생컨트롤러@7ac296f6]" started-at="2021-12-02T23:30:38 KST" name="TC_0412_Chips_라디오_다음라디오_확인" description="칩스 리그레이션 TC : 실행_0410" finished-at="2021-12-02T23:30:53 KST" duration-ms="15103" status="PASS">
          <params>
            <param index="0">
              <value>
                <![CDATA[public void Chips_003_미디어_라디오.미디어_10_라디오_재생컨트롤러.TC_0412_Chips_라디오_다음라디오_확인(java.lang.reflect.Method) throws java.lang.Exception]]>
              </value>
            </param>
          </params>
          <reporter-output>
          </reporter-output>
        </test-method> <!-- TC_0412_Chips_라디오_다음라디오_확인 -->
        <test-method is-config="true" signature="AfterMethod(org.testng.ITestResult)[pri:0, instance:Chips_003_미디어_라디오.미디어_10_라디오_재생컨트롤러@7ac296f6]" started-at="2021-12-02T23:30:53 KST" name="AfterMethod" finished-at="2021-12-02T23:30:53 KST" duration-ms="1" status="PASS">
          <params>
            <param index="0">
              <value>
                <![CDATA[[TestResult name=TC_0412_Chips_라디오_다음라디오_확인 status=SUCCESS method=미디어_10_라디오_재생컨트롤러.TC_0412_Chips_라디오_다음라디오_확인(java.lang.reflect.Method)[pri:0, instance:Chips_003_미디어_라디오.미디어_10_라디오_재생컨트롤러@7ac296f6] output={null}]]]>
              </value>
            </param>
          </params>
          <reporter-output>
          </reporter-output>
        </test-method> <!-- AfterMethod -->
        <test-method is-config="true" signature="BeforeMethod(java.lang.reflect.Method)[pri:0, instance:Chips_003_미디어_라디오.미디어_10_라디오_재생컨트롤러@7ac296f6]" started-at="2021-12-02T23:30:53 KST" name="BeforeMethod" finished-at="2021-12-02T23:30:53 KST" duration-ms="0" status="PASS">
          <params>
            <param index="0">
              <value>
                <![CDATA[public void Chips_003_미디어_라디오.미디어_10_라디오_재생컨트롤러.TC_0413_Chips_라디오_종료예약_확인(java.lang.reflect.Method) throws java.lang.Exception]]>
              </value>
            </param>
          </params>
          <reporter-output>
          </reporter-output>
        </test-method> <!-- BeforeMethod -->
        <test-method signature="TC_0413_Chips_라디오_종료예약_확인(java.lang.reflect.Method)[pri:0, instance:Chips_003_미디어_라디오.미디어_10_라디오_재생컨트롤러@7ac296f6]" started-at="2021-12-02T23:30:53 KST" name="TC_0413_Chips_라디오_종료예약_확인" description="칩스 리그레이션 TC : 실행_0413" finished-at="2021-12-02T23:31:06 KST" duration-ms="13324" status="PASS">
          <params>
            <param index="0">
              <value>
                <![CDATA[public void Chips_003_미디어_라디오.미디어_10_라디오_재생컨트롤러.TC_0413_Chips_라디오_종료예약_확인(java.lang.reflect.Method) throws java.lang.Exception]]>
              </value>
            </param>
          </params>
          <reporter-output>
          </reporter-output>
        </test-method> <!-- TC_0413_Chips_라디오_종료예약_확인 -->
        <test-method is-config="true" signature="AfterMethod(org.testng.ITestResult)[pri:0, instance:Chips_003_미디어_라디오.미디어_10_라디오_재생컨트롤러@7ac296f6]" started-at="2021-12-02T23:31:06 KST" name="AfterMethod" finished-at="2021-12-02T23:31:06 KST" duration-ms="1" status="PASS">
          <params>
            <param index="0">
              <value>
                <![CDATA[[TestResult name=TC_0413_Chips_라디오_종료예약_확인 status=SUCCESS method=미디어_10_라디오_재생컨트롤러.TC_0413_Chips_라디오_종료예약_확인(java.lang.reflect.Method)[pri:0, instance:Chips_003_미디어_라디오.미디어_10_라디오_재생컨트롤러@7ac296f6] output={null}]]]>
              </value>
            </param>
          </params>
          <reporter-output>
          </reporter-output>
        </test-method> <!-- AfterMethod -->
        <test-method is-config="true" signature="BeforeMethod(java.lang.reflect.Method)[pri:0, instance:Chips_003_미디어_라디오.미디어_10_라디오_재생컨트롤러@7ac296f6]" started-at="2021-12-02T23:31:06 KST" name="BeforeMethod" finished-at="2021-12-02T23:31:06 KST" duration-ms="1" status="PASS">
          <params>
            <param index="0">
              <value>
                <![CDATA[public void Chips_003_미디어_라디오.미디어_10_라디오_재생컨트롤러.TC_0414_Chips_라디오_종료_확인(java.lang.reflect.Method) throws java.lang.Exception]]>
              </value>
            </param>
          </params>
          <reporter-output>
          </reporter-output>
        </test-method> <!-- BeforeMethod -->
        <test-method signature="TC_0414_Chips_라디오_종료_확인(java.lang.reflect.Method)[pri:0, instance:Chips_003_미디어_라디오.미디어_10_라디오_재생컨트롤러@7ac296f6]" started-at="2021-12-02T23:31:06 KST" name="TC_0414_Chips_라디오_종료_확인" description="칩스 리그레이션 TC : 실행_0413" finished-at="2021-12-02T23:31:22 KST" duration-ms="15989" status="PASS">
          <params>
            <param index="0">
              <value>
                <![CDATA[public void Chips_003_미디어_라디오.미디어_10_라디오_재생컨트롤러.TC_0414_Chips_라디오_종료_확인(java.lang.reflect.Method) throws java.lang.Exception]]>
              </value>
            </param>
          </params>
          <reporter-output>
          </reporter-output>
        </test-method> <!-- TC_0414_Chips_라디오_종료_확인 -->
        <test-method is-config="true" signature="tearDownClass(java.lang.String,java.lang.String,java.lang.String,java.lang.String,java.lang.String,java.lang.String,java.lang.String,java.lang.String,java.lang.String,java.lang.String,java.lang.String,java.lang.String)[pri:0, instance:Chips_003_미디어_라디오.미디어_10_라디오_재생컨트롤러@7ac296f6]" started-at="2021-12-02T23:31:22 KST" name="tearDownClass" finished-at="2021-12-02T23:31:27 KST" duration-ms="4558" status="PASS">
          <params>
            <param index="0">
              <value>
                <![CDATA[STG]]>
              </value>
            </param>
            <param index="1">
              <value>
                <![CDATA[Chips]]>
              </value>
            </param>
            <param index="2">
              <value>
                <![CDATA[out]]>
              </value>
            </param>
            <param index="3">
              <value>
                <![CDATA[R33M4000CY]]>
              </value>
            </param>
            <param index="4">
              <value>
                <![CDATA[ALDF3NYA6C0D0C654DD2]]>
              </value>
            </param>
            <param index="5">
              <value>
                <![CDATA[ALDF5TR5SNGZ8175DA16]]>
              </value>
            </param>
            <param index="6">
              <value>
                <![CDATA[ALDFH3D1Q7W6071EFE41]]>
              </value>
            </param>
            <param index="7">
              <value>
                <![CDATA[ALDFH6OQ9HG79986A4FA]]>
              </value>
            </param>
            <param index="8">
              <value>
                <![CDATA[ALDFHFMQC3RB935B4B02]]>
              </value>
            </param>
            <param index="9">
              <value>
                <![CDATA[ALDFHFMSG34WDF6CD40E]]>
              </value>
            </param>
            <param index="10">
              <value>
                <![CDATA[ALDFHDFEBVOC7F098039]]>
              </value>
            </param>
            <param index="11">
              <value>
                <![CDATA[ALDG3Q4IA9EW3633F8EA]]>
              </value>
            </param>
          </params>
          <reporter-output>
          </reporter-output>
        </test-method> <!-- tearDownClass -->
        <test-method is-config="true" signature="AfterMethod(org.testng.ITestResult)[pri:0, instance:Chips_003_미디어_라디오.미디어_10_라디오_재생컨트롤러@7ac296f6]" started-at="2021-12-02T23:31:22 KST" name="AfterMethod" finished-at="2021-12-02T23:31:22 KST" duration-ms="0" status="PASS">
          <params>
            <param index="0">
              <value>
                <![CDATA[[TestResult name=TC_0414_Chips_라디오_종료_확인 status=SUCCESS method=미디어_10_라디오_재생컨트롤러.TC_0414_Chips_라디오_종료_확인(java.lang.reflect.Method)[pri:0, instance:Chips_003_미디어_라디오.미디어_10_라디오_재생컨트롤러@7ac296f6] output={null}]]]>
              </value>
            </param>
          </params>
          <reporter-output>
          </reporter-output>
        </test-method> <!-- AfterMethod -->
      </class> <!-- Chips_003_미디어_라디오.미디어_10_라디오_재생컨트롤러 -->
      <class name="Chips_003_미디어_라디오.미디어_09_라디오_채널확인">
        <test-method is-config="true" signature="setupClass(java.lang.String,java.lang.String,java.lang.String,java.lang.String,java.lang.String,java.lang.String,java.lang.String,java.lang.String,java.lang.String,java.lang.String,java.lang.String,java.lang.String,java.lang.String,java.lang.String,java.lang.String)[pri:0, instance:Chips_003_미디어_라디오.미디어_09_라디오_채널확인@2eea88a1]" started-at="2021-12-02T23:21:20 KST" name="setupClass" finished-at="2021-12-02T23:21:33 KST" duration-ms="13324" status="PASS">
          <params>
            <param index="0">
              <value>
                <![CDATA[Android]]>
              </value>
            </param>
            <param index="1">
              <value>
                <![CDATA[Chips]]>
              </value>
            </param>
            <param index="2">
              <value>
                <![CDATA[http://0.0.0.0:4723/wd/hub]]>
              </value>
            </param>
            <param index="3">
              <value>
                <![CDATA[STG]]>
              </value>
            </param>
            <param index="4">
              <value>
                <![CDATA[Chips]]>
              </value>
            </param>
            <param index="5">
              <value>
                <![CDATA[out]]>
              </value>
            </param>
            <param index="6">
              <value>
                <![CDATA[R33M4000CY]]>
              </value>
            </param>
            <param index="7">
              <value>
                <![CDATA[ALDF3NYA6C0D0C654DD2]]>
              </value>
            </param>
            <param index="8">
              <value>
                <![CDATA[ALDF5TR5SNGZ8175DA16]]>
              </value>
            </param>
            <param index="9">
              <value>
                <![CDATA[ALDFH3D1Q7W6071EFE41]]>
              </value>
            </param>
            <param index="10">
              <value>
                <![CDATA[ALDFH6OQ9HG79986A4FA]]>
              </value>
            </param>
            <param index="11">
              <value>
                <![CDATA[ALDFHFMQC3RB935B4B02]]>
              </value>
            </param>
            <param index="12">
              <value>
                <![CDATA[ALDFHFMSG34WDF6CD40E]]>
              </value>
            </param>
            <param index="13">
              <value>
                <![CDATA[ALDFHDFEBVOC7F098039]]>
              </value>
            </param>
            <param index="14">
              <value>
                <![CDATA[ALDG3Q4IA9EW3633F8EA]]>
              </value>
            </param>
          </params>
          <reporter-output>
          </reporter-output>
        </test-method> <!-- setupClass -->
        <test-method is-config="true" signature="BeforeMethod(java.lang.reflect.Method)[pri:0, instance:Chips_003_미디어_라디오.미디어_09_라디오_채널확인@2eea88a1]" started-at="2021-12-02T23:21:33 KST" name="BeforeMethod" finished-at="2021-12-02T23:21:33 KST" duration-ms="1" status="PASS">
          <params>
            <param index="0">
              <value>
                <![CDATA[public void Chips_003_미디어_라디오.미디어_09_라디오_채널확인.TC_0000_앱실행과AccessToken얻기(java.lang.reflect.Method) throws java.lang.Exception]]>
              </value>
            </param>
          </params>
          <reporter-output>
          </reporter-output>
        </test-method> <!-- BeforeMethod -->
        <test-method signature="TC_0000_앱실행과AccessToken얻기(java.lang.reflect.Method)[pri:0, instance:Chips_003_미디어_라디오.미디어_09_라디오_채널확인@2eea88a1]" started-at="2021-12-02T23:21:33 KST" name="TC_0000_앱실행과AccessToken얻기" description="칩스 리그레이션 TC : 실행_0000" finished-at="2021-12-02T23:22:25 KST" duration-ms="52279" status="PASS">
          <params>
            <param index="0">
              <value>
                <![CDATA[public void Chips_003_미디어_라디오.미디어_09_라디오_채널확인.TC_0000_앱실행과AccessToken얻기(java.lang.reflect.Method) throws java.lang.Exception]]>
              </value>
            </param>
          </params>
          <reporter-output>
          </reporter-output>
        </test-method> <!-- TC_0000_앱실행과AccessToken얻기 -->
        <test-method is-config="true" signature="AfterMethod(org.testng.ITestResult)[pri:0, instance:Chips_003_미디어_라디오.미디어_09_라디오_채널확인@2eea88a1]" started-at="2021-12-02T23:22:25 KST" name="AfterMethod" finished-at="2021-12-02T23:22:25 KST" duration-ms="1" status="PASS">
          <params>
            <param index="0">
              <value>
                <![CDATA[[TestResult name=TC_0000_앱실행과AccessToken얻기 status=SUCCESS method=미디어_09_라디오_채널확인.TC_0000_앱실행과AccessToken얻기(java.lang.reflect.Method)[pri:0, instance:Chips_003_미디어_라디오.미디어_09_라디오_채널확인@2eea88a1] output={null}]]]>
              </value>
            </param>
          </params>
          <reporter-output>
          </reporter-output>
        </test-method> <!-- AfterMethod -->
        <test-method is-config="true" signature="BeforeMethod(java.lang.reflect.Method)[pri:0, instance:Chips_003_미디어_라디오.미디어_09_라디오_채널확인@2eea88a1]" started-at="2021-12-02T23:22:25 KST" name="BeforeMethod" finished-at="2021-12-02T23:22:25 KST" duration-ms="0" status="PASS">
          <params>
            <param index="0">
              <value>
                <![CDATA[public void Chips_003_미디어_라디오.미디어_09_라디오_채널확인.TC_0361_Chips_라디오_지원채널_SBS러브FM_확인(java.lang.reflect.Method) throws java.lang.Exception]]>
              </value>
            </param>
          </params>
          <reporter-output>
          </reporter-output>
        </test-method> <!-- BeforeMethod -->
        <test-method signature="TC_0361_Chips_라디오_지원채널_SBS러브FM_확인(java.lang.reflect.Method)[pri:0, instance:Chips_003_미디어_라디오.미디어_09_라디오_채널확인@2eea88a1]" started-at="2021-12-02T23:22:25 KST" name="TC_0361_Chips_라디오_지원채널_SBS러브FM_확인" description="칩스 리그레이션 TC : 실행_0361" finished-at="2021-12-02T23:22:46 KST" duration-ms="20848" status="PASS">
          <params>
            <param index="0">
              <value>
                <![CDATA[public void Chips_003_미디어_라디오.미디어_09_라디오_채널확인.TC_0361_Chips_라디오_지원채널_SBS러브FM_확인(java.lang.reflect.Method) throws java.lang.Exception]]>
              </value>
            </param>
          </params>
          <reporter-output>
          </reporter-output>
        </test-method> <!-- TC_0361_Chips_라디오_지원채널_SBS러브FM_확인 -->
        <test-method is-config="true" signature="AfterMethod(org.testng.ITestResult)[pri:0, instance:Chips_003_미디어_라디오.미디어_09_라디오_채널확인@2eea88a1]" started-at="2021-12-02T23:22:46 KST" name="AfterMethod" finished-at="2021-12-02T23:22:46 KST" duration-ms="0" status="PASS">
          <params>
            <param index="0">
              <value>
                <![CDATA[[TestResult name=TC_0361_Chips_라디오_지원채널_SBS러브FM_확인 status=SUCCESS method=미디어_09_라디오_채널확인.TC_0361_Chips_라디오_지원채널_SBS러브FM_확인(java.lang.reflect.Method)[pri:0, instance:Chips_003_미디어_라디오.미디어_09_라디오_채널확인@2eea88a1] output={null}]]]>
              </value>
            </param>
          </params>
          <reporter-output>
          </reporter-output>
        </test-method> <!-- AfterMethod -->
        <test-method is-config="true" signature="BeforeMethod(java.lang.reflect.Method)[pri:0, instance:Chips_003_미디어_라디오.미디어_09_라디오_채널확인@2eea88a1]" started-at="2021-12-02T23:22:46 KST" name="BeforeMethod" finished-at="2021-12-02T23:22:46 KST" duration-ms="0" status="PASS">
          <params>
            <param index="0">
              <value>
                <![CDATA[public void Chips_003_미디어_라디오.미디어_09_라디오_채널확인.TC_0362_Chips_라디오_지원채널_SBS파워FM_확인(java.lang.reflect.Method) throws java.lang.Exception]]>
              </value>
            </param>
          </params>
          <reporter-output>
          </reporter-output>
        </test-method> <!-- BeforeMethod -->
        <test-method signature="TC_0362_Chips_라디오_지원채널_SBS파워FM_확인(java.lang.reflect.Method)[pri:0, instance:Chips_003_미디어_라디오.미디어_09_라디오_채널확인@2eea88a1]" started-at="2021-12-02T23:22:46 KST" name="TC_0362_Chips_라디오_지원채널_SBS파워FM_확인" description="칩스 리그레이션 TC : 실행_0362" finished-at="2021-12-02T23:22:58 KST" duration-ms="11446" status="PASS">
          <params>
            <param index="0">
              <value>
                <![CDATA[public void Chips_003_미디어_라디오.미디어_09_라디오_채널확인.TC_0362_Chips_라디오_지원채널_SBS파워FM_확인(java.lang.reflect.Method) throws java.lang.Exception]]>
              </value>
            </param>
          </params>
          <reporter-output>
          </reporter-output>
        </test-method> <!-- TC_0362_Chips_라디오_지원채널_SBS파워FM_확인 -->
        <test-method is-config="true" signature="AfterMethod(org.testng.ITestResult)[pri:0, instance:Chips_003_미디어_라디오.미디어_09_라디오_채널확인@2eea88a1]" started-at="2021-12-02T23:22:58 KST" name="AfterMethod" finished-at="2021-12-02T23:22:58 KST" duration-ms="0" status="PASS">
          <params>
            <param index="0">
              <value>
                <![CDATA[[TestResult name=TC_0362_Chips_라디오_지원채널_SBS파워FM_확인 status=SUCCESS method=미디어_09_라디오_채널확인.TC_0362_Chips_라디오_지원채널_SBS파워FM_확인(java.lang.reflect.Method)[pri:0, instance:Chips_003_미디어_라디오.미디어_09_라디오_채널확인@2eea88a1] output={null}]]]>
              </value>
            </param>
          </params>
          <reporter-output>
          </reporter-output>
        </test-method> <!-- AfterMethod -->
        <test-method signature="TC_0363_Chips_라디오_지원채널_교통방송FM_확인(java.lang.reflect.Method)[pri:0, instance:Chips_003_미디어_라디오.미디어_09_라디오_채널확인@2eea88a1]" started-at="2021-12-02T23:22:58 KST" name="TC_0363_Chips_라디오_지원채널_교통방송FM_확인" description="칩스 리그레이션 TC : 실행_0363" finished-at="2021-12-02T23:23:09 KST" duration-ms="11530" status="PASS">
          <params>
            <param index="0">
              <value>
                <![CDATA[public void Chips_003_미디어_라디오.미디어_09_라디오_채널확인.TC_0363_Chips_라디오_지원채널_교통방송FM_확인(java.lang.reflect.Method) throws java.lang.Exception]]>
              </value>
            </param>
          </params>
          <reporter-output>
          </reporter-output>
        </test-method> <!-- TC_0363_Chips_라디오_지원채널_교통방송FM_확인 -->
        <test-method is-config="true" signature="BeforeMethod(java.lang.reflect.Method)[pri:0, instance:Chips_003_미디어_라디오.미디어_09_라디오_채널확인@2eea88a1]" started-at="2021-12-02T23:22:58 KST" name="BeforeMethod" finished-at="2021-12-02T23:22:58 KST" duration-ms="0" status="PASS">
          <params>
            <param index="0">
              <value>
                <![CDATA[public void Chips_003_미디어_라디오.미디어_09_라디오_채널확인.TC_0363_Chips_라디오_지원채널_교통방송FM_확인(java.lang.reflect.Method) throws java.lang.Exception]]>
              </value>
            </param>
          </params>
          <reporter-output>
          </reporter-output>
        </test-method> <!-- BeforeMethod -->
        <test-method is-config="true" signature="BeforeMethod(java.lang.reflect.Method)[pri:0, instance:Chips_003_미디어_라디오.미디어_09_라디오_채널확인@2eea88a1]" started-at="2021-12-02T23:23:09 KST" name="BeforeMethod" finished-at="2021-12-02T23:23:09 KST" duration-ms="1" status="PASS">
          <params>
            <param index="0">
              <value>
                <![CDATA[public void Chips_003_미디어_라디오.미디어_09_라디오_채널확인.TC_0364_Chips_라디오_지원채널_TBSeFM_확인(java.lang.reflect.Method) throws java.lang.Exception]]>
              </value>
            </param>
          </params>
          <reporter-output>
          </reporter-output>
        </test-method> <!-- BeforeMethod -->
        <test-method is-config="true" signature="AfterMethod(org.testng.ITestResult)[pri:0, instance:Chips_003_미디어_라디오.미디어_09_라디오_채널확인@2eea88a1]" started-at="2021-12-02T23:23:09 KST" name="AfterMethod" finished-at="2021-12-02T23:23:09 KST" duration-ms="0" status="PASS">
          <params>
            <param index="0">
              <value>
                <![CDATA[[TestResult name=TC_0363_Chips_라디오_지원채널_교통방송FM_확인 status=SUCCESS method=미디어_09_라디오_채널확인.TC_0363_Chips_라디오_지원채널_교통방송FM_확인(java.lang.reflect.Method)[pri:0, instance:Chips_003_미디어_라디오.미디어_09_라디오_채널확인@2eea88a1] output={null}]]]>
              </value>
            </param>
          </params>
          <reporter-output>
          </reporter-output>
        </test-method> <!-- AfterMethod -->
        <test-method signature="TC_0364_Chips_라디오_지원채널_TBSeFM_확인(java.lang.reflect.Method)[pri:0, instance:Chips_003_미디어_라디오.미디어_09_라디오_채널확인@2eea88a1]" started-at="2021-12-02T23:23:09 KST" name="TC_0364_Chips_라디오_지원채널_TBSeFM_확인" description="칩스 리그레이션 TC : 실행_0364" finished-at="2021-12-02T23:23:21 KST" duration-ms="11448" status="PASS">
          <params>
            <param index="0">
              <value>
                <![CDATA[public void Chips_003_미디어_라디오.미디어_09_라디오_채널확인.TC_0364_Chips_라디오_지원채널_TBSeFM_확인(java.lang.reflect.Method) throws java.lang.Exception]]>
              </value>
            </param>
          </params>
          <reporter-output>
          </reporter-output>
        </test-method> <!-- TC_0364_Chips_라디오_지원채널_TBSeFM_확인 -->
        <test-method is-config="true" signature="AfterMethod(org.testng.ITestResult)[pri:0, instance:Chips_003_미디어_라디오.미디어_09_라디오_채널확인@2eea88a1]" started-at="2021-12-02T23:23:21 KST" name="AfterMethod" finished-at="2021-12-02T23:23:21 KST" duration-ms="0" status="PASS">
          <params>
            <param index="0">
              <value>
                <![CDATA[[TestResult name=TC_0364_Chips_라디오_지원채널_TBSeFM_확인 status=SUCCESS method=미디어_09_라디오_채널확인.TC_0364_Chips_라디오_지원채널_TBSeFM_확인(java.lang.reflect.Method)[pri:0, instance:Chips_003_미디어_라디오.미디어_09_라디오_채널확인@2eea88a1] output={null}]]]>
              </value>
            </param>
          </params>
          <reporter-output>
          </reporter-output>
        </test-method> <!-- AfterMethod -->
        <test-method signature="TC_0366_Chips_라디오_지원채널_TBN강원교통방송_확인(java.lang.reflect.Method)[pri:0, instance:Chips_003_미디어_라디오.미디어_09_라디오_채널확인@2eea88a1]" started-at="2021-12-02T23:23:21 KST" name="TC_0366_Chips_라디오_지원채널_TBN강원교통방송_확인" description="칩스 리그레이션 TC : 실행_0366" finished-at="2021-12-02T23:23:32 KST" duration-ms="11522" status="PASS">
          <params>
            <param index="0">
              <value>
                <![CDATA[public void Chips_003_미디어_라디오.미디어_09_라디오_채널확인.TC_0366_Chips_라디오_지원채널_TBN강원교통방송_확인(java.lang.reflect.Method) throws java.lang.Exception]]>
              </value>
            </param>
          </params>
          <reporter-output>
          </reporter-output>
        </test-method> <!-- TC_0366_Chips_라디오_지원채널_TBN강원교통방송_확인 -->
        <test-method is-config="true" signature="BeforeMethod(java.lang.reflect.Method)[pri:0, instance:Chips_003_미디어_라디오.미디어_09_라디오_채널확인@2eea88a1]" started-at="2021-12-02T23:23:21 KST" name="BeforeMethod" finished-at="2021-12-02T23:23:21 KST" duration-ms="0" status="PASS">
          <params>
            <param index="0">
              <value>
                <![CDATA[public void Chips_003_미디어_라디오.미디어_09_라디오_채널확인.TC_0366_Chips_라디오_지원채널_TBN강원교통방송_확인(java.lang.reflect.Method) throws java.lang.Exception]]>
              </value>
            </param>
          </params>
          <reporter-output>
          </reporter-output>
        </test-method> <!-- BeforeMethod -->
        <test-method is-config="true" signature="BeforeMethod(java.lang.reflect.Method)[pri:0, instance:Chips_003_미디어_라디오.미디어_09_라디오_채널확인@2eea88a1]" started-at="2021-12-02T23:23:32 KST" name="BeforeMethod" finished-at="2021-12-02T23:23:32 KST" duration-ms="1" status="PASS">
          <params>
            <param index="0">
              <value>
                <![CDATA[public void Chips_003_미디어_라디오.미디어_09_라디오_채널확인.TC_0367_Chips_라디오_지원채널_TBN경남교통방송_확인(java.lang.reflect.Method) throws java.lang.Exception]]>
              </value>
            </param>
          </params>
          <reporter-output>
          </reporter-output>
        </test-method> <!-- BeforeMethod -->
        <test-method is-config="true" signature="AfterMethod(org.testng.ITestResult)[pri:0, instance:Chips_003_미디어_라디오.미디어_09_라디오_채널확인@2eea88a1]" started-at="2021-12-02T23:23:32 KST" name="AfterMethod" finished-at="2021-12-02T23:23:32 KST" duration-ms="0" status="PASS">
          <params>
            <param index="0">
              <value>
                <![CDATA[[TestResult name=TC_0366_Chips_라디오_지원채널_TBN강원교통방송_확인 status=SUCCESS method=미디어_09_라디오_채널확인.TC_0366_Chips_라디오_지원채널_TBN강원교통방송_확인(java.lang.reflect.Method)[pri:0, instance:Chips_003_미디어_라디오.미디어_09_라디오_채널확인@2eea88a1] output={null}]]]>
              </value>
            </param>
          </params>
          <reporter-output>
          </reporter-output>
        </test-method> <!-- AfterMethod -->
        <test-method signature="TC_0367_Chips_라디오_지원채널_TBN경남교통방송_확인(java.lang.reflect.Method)[pri:0, instance:Chips_003_미디어_라디오.미디어_09_라디오_채널확인@2eea88a1]" started-at="2021-12-02T23:23:32 KST" name="TC_0367_Chips_라디오_지원채널_TBN경남교통방송_확인" description="칩스 리그레이션 TC : 실행_0367" finished-at="2021-12-02T23:23:48 KST" duration-ms="15633" status="PASS">
          <params>
            <param index="0">
              <value>
                <![CDATA[public void Chips_003_미디어_라디오.미디어_09_라디오_채널확인.TC_0367_Chips_라디오_지원채널_TBN경남교통방송_확인(java.lang.reflect.Method) throws java.lang.Exception]]>
              </value>
            </param>
          </params>
          <reporter-output>
          </reporter-output>
        </test-method> <!-- TC_0367_Chips_라디오_지원채널_TBN경남교통방송_확인 -->
        <test-method is-config="true" signature="AfterMethod(org.testng.ITestResult)[pri:0, instance:Chips_003_미디어_라디오.미디어_09_라디오_채널확인@2eea88a1]" started-at="2021-12-02T23:23:48 KST" name="AfterMethod" finished-at="2021-12-02T23:23:48 KST" duration-ms="0" status="PASS">
          <params>
            <param index="0">
              <value>
                <![CDATA[[TestResult name=TC_0367_Chips_라디오_지원채널_TBN경남교통방송_확인 status=SUCCESS method=미디어_09_라디오_채널확인.TC_0367_Chips_라디오_지원채널_TBN경남교통방송_확인(java.lang.reflect.Method)[pri:0, instance:Chips_003_미디어_라디오.미디어_09_라디오_채널확인@2eea88a1] output={null}]]]>
              </value>
            </param>
          </params>
          <reporter-output>
          </reporter-output>
        </test-method> <!-- AfterMethod -->
        <test-method is-config="true" signature="BeforeMethod(java.lang.reflect.Method)[pri:0, instance:Chips_003_미디어_라디오.미디어_09_라디오_채널확인@2eea88a1]" started-at="2021-12-02T23:23:48 KST" name="BeforeMethod" finished-at="2021-12-02T23:23:48 KST" duration-ms="1" status="PASS">
          <params>
            <param index="0">
              <value>
                <![CDATA[public void Chips_003_미디어_라디오.미디어_09_라디오_채널확인.TC_0368_Chips_라디오_지원채널_TBN경북교통방송_확인(java.lang.reflect.Method) throws java.lang.Exception]]>
              </value>
            </param>
          </params>
          <reporter-output>
          </reporter-output>
        </test-method> <!-- BeforeMethod -->
        <test-method signature="TC_0368_Chips_라디오_지원채널_TBN경북교통방송_확인(java.lang.reflect.Method)[pri:0, instance:Chips_003_미디어_라디오.미디어_09_라디오_채널확인@2eea88a1]" started-at="2021-12-02T23:23:48 KST" name="TC_0368_Chips_라디오_지원채널_TBN경북교통방송_확인" description="칩스 리그레이션 TC : 실행_0368" finished-at="2021-12-02T23:23:59 KST" duration-ms="11388" status="PASS">
          <params>
            <param index="0">
              <value>
                <![CDATA[public void Chips_003_미디어_라디오.미디어_09_라디오_채널확인.TC_0368_Chips_라디오_지원채널_TBN경북교통방송_확인(java.lang.reflect.Method) throws java.lang.Exception]]>
              </value>
            </param>
          </params>
          <reporter-output>
          </reporter-output>
        </test-method> <!-- TC_0368_Chips_라디오_지원채널_TBN경북교통방송_확인 -->
        <test-method is-config="true" signature="AfterMethod(org.testng.ITestResult)[pri:0, instance:Chips_003_미디어_라디오.미디어_09_라디오_채널확인@2eea88a1]" started-at="2021-12-02T23:23:59 KST" name="AfterMethod" finished-at="2021-12-02T23:23:59 KST" duration-ms="0" status="PASS">
          <params>
            <param index="0">
              <value>
                <![CDATA[[TestResult name=TC_0368_Chips_라디오_지원채널_TBN경북교통방송_확인 status=SUCCESS method=미디어_09_라디오_채널확인.TC_0368_Chips_라디오_지원채널_TBN경북교통방송_확인(java.lang.reflect.Method)[pri:0, instance:Chips_003_미디어_라디오.미디어_09_라디오_채널확인@2eea88a1] output={null}]]]>
              </value>
            </param>
          </params>
          <reporter-output>
          </reporter-output>
        </test-method> <!-- AfterMethod -->
        <test-method is-config="true" signature="BeforeMethod(java.lang.reflect.Method)[pri:0, instance:Chips_003_미디어_라디오.미디어_09_라디오_채널확인@2eea88a1]" started-at="2021-12-02T23:23:59 KST" name="BeforeMethod" finished-at="2021-12-02T23:23:59 KST" duration-ms="1" status="PASS">
          <params>
            <param index="0">
              <value>
                <![CDATA[public void Chips_003_미디어_라디오.미디어_09_라디오_채널확인.TC_0369_Chips_라디오_지원채널_TBN경인교통방송_확인(java.lang.reflect.Method) throws java.lang.Exception]]>
              </value>
            </param>
          </params>
          <reporter-output>
          </reporter-output>
        </test-method> <!-- BeforeMethod -->
        <test-method signature="TC_0369_Chips_라디오_지원채널_TBN경인교통방송_확인(java.lang.reflect.Method)[pri:0, instance:Chips_003_미디어_라디오.미디어_09_라디오_채널확인@2eea88a1]" started-at="2021-12-02T23:23:59 KST" name="TC_0369_Chips_라디오_지원채널_TBN경인교통방송_확인" description="칩스 리그레이션 TC : 실행_0369" finished-at="2021-12-02T23:24:11 KST" duration-ms="11450" status="PASS">
          <params>
            <param index="0">
              <value>
                <![CDATA[public void Chips_003_미디어_라디오.미디어_09_라디오_채널확인.TC_0369_Chips_라디오_지원채널_TBN경인교통방송_확인(java.lang.reflect.Method) throws java.lang.Exception]]>
              </value>
            </param>
          </params>
          <reporter-output>
          </reporter-output>
        </test-method> <!-- TC_0369_Chips_라디오_지원채널_TBN경인교통방송_확인 -->
        <test-method is-config="true" signature="AfterMethod(org.testng.ITestResult)[pri:0, instance:Chips_003_미디어_라디오.미디어_09_라디오_채널확인@2eea88a1]" started-at="2021-12-02T23:24:11 KST" name="AfterMethod" finished-at="2021-12-02T23:24:11 KST" duration-ms="1" status="PASS">
          <params>
            <param index="0">
              <value>
                <![CDATA[[TestResult name=TC_0369_Chips_라디오_지원채널_TBN경인교통방송_확인 status=SUCCESS method=미디어_09_라디오_채널확인.TC_0369_Chips_라디오_지원채널_TBN경인교통방송_확인(java.lang.reflect.Method)[pri:0, instance:Chips_003_미디어_라디오.미디어_09_라디오_채널확인@2eea88a1] output={null}]]]>
              </value>
            </param>
          </params>
          <reporter-output>
          </reporter-output>
        </test-method> <!-- AfterMethod -->
        <test-method is-config="true" signature="BeforeMethod(java.lang.reflect.Method)[pri:0, instance:Chips_003_미디어_라디오.미디어_09_라디오_채널확인@2eea88a1]" started-at="2021-12-02T23:24:11 KST" name="BeforeMethod" finished-at="2021-12-02T23:24:11 KST" duration-ms="1" status="PASS">
          <params>
            <param index="0">
              <value>
                <![CDATA[public void Chips_003_미디어_라디오.미디어_09_라디오_채널확인.TC_0370_Chips_라디오_지원채널_TBN광주교통방송_확인(java.lang.reflect.Method) throws java.lang.Exception]]>
              </value>
            </param>
          </params>
          <reporter-output>
          </reporter-output>
        </test-method> <!-- BeforeMethod -->
        <test-method signature="TC_0370_Chips_라디오_지원채널_TBN광주교통방송_확인(java.lang.reflect.Method)[pri:0, instance:Chips_003_미디어_라디오.미디어_09_라디오_채널확인@2eea88a1]" started-at="2021-12-02T23:24:11 KST" name="TC_0370_Chips_라디오_지원채널_TBN광주교통방송_확인" description="칩스 리그레이션 TC : 실행_0370" finished-at="2021-12-02T23:24:22 KST" duration-ms="11468" status="PASS">
          <params>
            <param index="0">
              <value>
                <![CDATA[public void Chips_003_미디어_라디오.미디어_09_라디오_채널확인.TC_0370_Chips_라디오_지원채널_TBN광주교통방송_확인(java.lang.reflect.Method) throws java.lang.Exception]]>
              </value>
            </param>
          </params>
          <reporter-output>
          </reporter-output>
        </test-method> <!-- TC_0370_Chips_라디오_지원채널_TBN광주교통방송_확인 -->
        <test-method is-config="true" signature="AfterMethod(org.testng.ITestResult)[pri:0, instance:Chips_003_미디어_라디오.미디어_09_라디오_채널확인@2eea88a1]" started-at="2021-12-02T23:24:22 KST" name="AfterMethod" finished-at="2021-12-02T23:24:22 KST" duration-ms="0" status="PASS">
          <params>
            <param index="0">
              <value>
                <![CDATA[[TestResult name=TC_0370_Chips_라디오_지원채널_TBN광주교통방송_확인 status=SUCCESS method=미디어_09_라디오_채널확인.TC_0370_Chips_라디오_지원채널_TBN광주교통방송_확인(java.lang.reflect.Method)[pri:0, instance:Chips_003_미디어_라디오.미디어_09_라디오_채널확인@2eea88a1] output={null}]]]>
              </value>
            </param>
          </params>
          <reporter-output>
          </reporter-output>
        </test-method> <!-- AfterMethod -->
        <test-method is-config="true" signature="BeforeMethod(java.lang.reflect.Method)[pri:0, instance:Chips_003_미디어_라디오.미디어_09_라디오_채널확인@2eea88a1]" started-at="2021-12-02T23:24:22 KST" name="BeforeMethod" finished-at="2021-12-02T23:24:22 KST" duration-ms="0" status="PASS">
          <params>
            <param index="0">
              <value>
                <![CDATA[public void Chips_003_미디어_라디오.미디어_09_라디오_채널확인.TC_0371_Chips_라디오_지원채널_TBN대구교통방송_확인(java.lang.reflect.Method) throws java.lang.Exception]]>
              </value>
            </param>
          </params>
          <reporter-output>
          </reporter-output>
        </test-method> <!-- BeforeMethod -->
        <test-method signature="TC_0371_Chips_라디오_지원채널_TBN대구교통방송_확인(java.lang.reflect.Method)[pri:0, instance:Chips_003_미디어_라디오.미디어_09_라디오_채널확인@2eea88a1]" started-at="2021-12-02T23:24:22 KST" name="TC_0371_Chips_라디오_지원채널_TBN대구교통방송_확인" description="칩스 리그레이션 TC : 실행_0371" finished-at="2021-12-02T23:24:42 KST" duration-ms="19676" status="PASS">
          <params>
            <param index="0">
              <value>
                <![CDATA[public void Chips_003_미디어_라디오.미디어_09_라디오_채널확인.TC_0371_Chips_라디오_지원채널_TBN대구교통방송_확인(java.lang.reflect.Method) throws java.lang.Exception]]>
              </value>
            </param>
          </params>
          <reporter-output>
          </reporter-output>
        </test-method> <!-- TC_0371_Chips_라디오_지원채널_TBN대구교통방송_확인 -->
        <test-method is-config="true" signature="AfterMethod(org.testng.ITestResult)[pri:0, instance:Chips_003_미디어_라디오.미디어_09_라디오_채널확인@2eea88a1]" started-at="2021-12-02T23:24:42 KST" name="AfterMethod" finished-at="2021-12-02T23:24:42 KST" duration-ms="0" status="PASS">
          <params>
            <param index="0">
              <value>
                <![CDATA[[TestResult name=TC_0371_Chips_라디오_지원채널_TBN대구교통방송_확인 status=SUCCESS method=미디어_09_라디오_채널확인.TC_0371_Chips_라디오_지원채널_TBN대구교통방송_확인(java.lang.reflect.Method)[pri:0, instance:Chips_003_미디어_라디오.미디어_09_라디오_채널확인@2eea88a1] output={null}]]]>
              </value>
            </param>
          </params>
          <reporter-output>
          </reporter-output>
        </test-method> <!-- AfterMethod -->
        <test-method signature="TC_0372_Chips_라디오_지원채널_TBN대전교통방송_확인(java.lang.reflect.Method)[pri:0, instance:Chips_003_미디어_라디오.미디어_09_라디오_채널확인@2eea88a1]" started-at="2021-12-02T23:24:42 KST" name="TC_0372_Chips_라디오_지원채널_TBN대전교통방송_확인" description="칩스 리그레이션 TC : 실행_0372" finished-at="2021-12-02T23:25:01 KST" duration-ms="19732" status="PASS">
          <params>
            <param index="0">
              <value>
                <![CDATA[public void Chips_003_미디어_라디오.미디어_09_라디오_채널확인.TC_0372_Chips_라디오_지원채널_TBN대전교통방송_확인(java.lang.reflect.Method) throws java.lang.Exception]]>
              </value>
            </param>
          </params>
          <reporter-output>
          </reporter-output>
        </test-method> <!-- TC_0372_Chips_라디오_지원채널_TBN대전교통방송_확인 -->
        <test-method is-config="true" signature="BeforeMethod(java.lang.reflect.Method)[pri:0, instance:Chips_003_미디어_라디오.미디어_09_라디오_채널확인@2eea88a1]" started-at="2021-12-02T23:24:42 KST" name="BeforeMethod" finished-at="2021-12-02T23:24:42 KST" duration-ms="0" status="PASS">
          <params>
            <param index="0">
              <value>
                <![CDATA[public void Chips_003_미디어_라디오.미디어_09_라디오_채널확인.TC_0372_Chips_라디오_지원채널_TBN대전교통방송_확인(java.lang.reflect.Method) throws java.lang.Exception]]>
              </value>
            </param>
          </params>
          <reporter-output>
          </reporter-output>
        </test-method> <!-- BeforeMethod -->
        <test-method is-config="true" signature="BeforeMethod(java.lang.reflect.Method)[pri:0, instance:Chips_003_미디어_라디오.미디어_09_라디오_채널확인@2eea88a1]" started-at="2021-12-02T23:25:01 KST" name="BeforeMethod" finished-at="2021-12-02T23:25:01 KST" duration-ms="1" status="PASS">
          <params>
            <param index="0">
              <value>
                <![CDATA[public void Chips_003_미디어_라디오.미디어_09_라디오_채널확인.TC_0373_Chips_라디오_지원채널_TBN부산교통방송_확인(java.lang.reflect.Method) throws java.lang.Exception]]>
              </value>
            </param>
          </params>
          <reporter-output>
          </reporter-output>
        </test-method> <!-- BeforeMethod -->
        <test-method is-config="true" signature="AfterMethod(org.testng.ITestResult)[pri:0, instance:Chips_003_미디어_라디오.미디어_09_라디오_채널확인@2eea88a1]" started-at="2021-12-02T23:25:01 KST" name="AfterMethod" finished-at="2021-12-02T23:25:01 KST" duration-ms="0" status="PASS">
          <params>
            <param index="0">
              <value>
                <![CDATA[[TestResult name=TC_0372_Chips_라디오_지원채널_TBN대전교통방송_확인 status=SUCCESS method=미디어_09_라디오_채널확인.TC_0372_Chips_라디오_지원채널_TBN대전교통방송_확인(java.lang.reflect.Method)[pri:0, instance:Chips_003_미디어_라디오.미디어_09_라디오_채널확인@2eea88a1] output={null}]]]>
              </value>
            </param>
          </params>
          <reporter-output>
          </reporter-output>
        </test-method> <!-- AfterMethod -->
        <test-method signature="TC_0373_Chips_라디오_지원채널_TBN부산교통방송_확인(java.lang.reflect.Method)[pri:0, instance:Chips_003_미디어_라디오.미디어_09_라디오_채널확인@2eea88a1]" started-at="2021-12-02T23:25:01 KST" name="TC_0373_Chips_라디오_지원채널_TBN부산교통방송_확인" description="칩스 리그레이션 TC : 실행_0373" finished-at="2021-12-02T23:25:13 KST" duration-ms="11480" status="PASS">
          <params>
            <param index="0">
              <value>
                <![CDATA[public void Chips_003_미디어_라디오.미디어_09_라디오_채널확인.TC_0373_Chips_라디오_지원채널_TBN부산교통방송_확인(java.lang.reflect.Method) throws java.lang.Exception]]>
              </value>
            </param>
          </params>
          <reporter-output>
          </reporter-output>
        </test-method> <!-- TC_0373_Chips_라디오_지원채널_TBN부산교통방송_확인 -->
        <test-method is-config="true" signature="AfterMethod(org.testng.ITestResult)[pri:0, instance:Chips_003_미디어_라디오.미디어_09_라디오_채널확인@2eea88a1]" started-at="2021-12-02T23:25:13 KST" name="AfterMethod" finished-at="2021-12-02T23:25:13 KST" duration-ms="0" status="PASS">
          <params>
            <param index="0">
              <value>
                <![CDATA[[TestResult name=TC_0373_Chips_라디오_지원채널_TBN부산교통방송_확인 status=SUCCESS method=미디어_09_라디오_채널확인.TC_0373_Chips_라디오_지원채널_TBN부산교통방송_확인(java.lang.reflect.Method)[pri:0, instance:Chips_003_미디어_라디오.미디어_09_라디오_채널확인@2eea88a1] output={null}]]]>
              </value>
            </param>
          </params>
          <reporter-output>
          </reporter-output>
        </test-method> <!-- AfterMethod -->
        <test-method is-config="true" signature="BeforeMethod(java.lang.reflect.Method)[pri:0, instance:Chips_003_미디어_라디오.미디어_09_라디오_채널확인@2eea88a1]" started-at="2021-12-02T23:25:13 KST" name="BeforeMethod" finished-at="2021-12-02T23:25:13 KST" duration-ms="1" status="PASS">
          <params>
            <param index="0">
              <value>
                <![CDATA[public void Chips_003_미디어_라디오.미디어_09_라디오_채널확인.TC_0374_Chips_라디오_지원채널_TBN울산교통방송_확인(java.lang.reflect.Method) throws java.lang.Exception]]>
              </value>
            </param>
          </params>
          <reporter-output>
          </reporter-output>
        </test-method> <!-- BeforeMethod -->
        <test-method signature="TC_0374_Chips_라디오_지원채널_TBN울산교통방송_확인(java.lang.reflect.Method)[pri:0, instance:Chips_003_미디어_라디오.미디어_09_라디오_채널확인@2eea88a1]" started-at="2021-12-02T23:25:13 KST" name="TC_0374_Chips_라디오_지원채널_TBN울산교통방송_확인" description="칩스 리그레이션 TC : 실행_0374" finished-at="2021-12-02T23:25:25 KST" duration-ms="11645" status="PASS">
          <params>
            <param index="0">
              <value>
                <![CDATA[public void Chips_003_미디어_라디오.미디어_09_라디오_채널확인.TC_0374_Chips_라디오_지원채널_TBN울산교통방송_확인(java.lang.reflect.Method) throws java.lang.Exception]]>
              </value>
            </param>
          </params>
          <reporter-output>
          </reporter-output>
        </test-method> <!-- TC_0374_Chips_라디오_지원채널_TBN울산교통방송_확인 -->
        <test-method is-config="true" signature="AfterMethod(org.testng.ITestResult)[pri:0, instance:Chips_003_미디어_라디오.미디어_09_라디오_채널확인@2eea88a1]" started-at="2021-12-02T23:25:25 KST" name="AfterMethod" finished-at="2021-12-02T23:25:25 KST" duration-ms="0" status="PASS">
          <params>
            <param index="0">
              <value>
                <![CDATA[[TestResult name=TC_0374_Chips_라디오_지원채널_TBN울산교통방송_확인 status=SUCCESS method=미디어_09_라디오_채널확인.TC_0374_Chips_라디오_지원채널_TBN울산교통방송_확인(java.lang.reflect.Method)[pri:0, instance:Chips_003_미디어_라디오.미디어_09_라디오_채널확인@2eea88a1] output={null}]]]>
              </value>
            </param>
          </params>
          <reporter-output>
          </reporter-output>
        </test-method> <!-- AfterMethod -->
        <test-method is-config="true" signature="BeforeMethod(java.lang.reflect.Method)[pri:0, instance:Chips_003_미디어_라디오.미디어_09_라디오_채널확인@2eea88a1]" started-at="2021-12-02T23:25:25 KST" name="BeforeMethod" finished-at="2021-12-02T23:25:25 KST" duration-ms="0" status="PASS">
          <params>
            <param index="0">
              <value>
                <![CDATA[public void Chips_003_미디어_라디오.미디어_09_라디오_채널확인.TC_0375_Chips_라디오_지원채널_TBN전북교통방송_확인(java.lang.reflect.Method) throws java.lang.Exception]]>
              </value>
            </param>
          </params>
          <reporter-output>
          </reporter-output>
        </test-method> <!-- BeforeMethod -->
[...]
        </test-method> <!-- AfterMethod -->
        <test-method signature="TC_0353_Chips_라디오_일시정지상태_채널재생_확인(java.lang.reflect.Method)[pri:0, instance:Chips_003_미디어_라디오.미디어_08_라디오@74287ea3]" started-at="2021-12-02T23:18:03 KST" name="TC_0353_Chips_라디오_일시정지상태_채널재생_확인" description="칩스 리그레이션 TC : 실행_0353" finished-at="2021-12-02T23:18:54 KST" duration-ms="51092" status="PASS">
          <params>
            <param index="0">
              <value>
                <![CDATA[public void Chips_003_미디어_라디오.미디어_08_라디오.TC_0353_Chips_라디오_일시정지상태_채널재생_확인(java.lang.reflect.Method) throws java.lang.Exception]]>
              </value>
            </param>
          </params>
          <reporter-output>
          </reporter-output>
        </test-method> <!-- TC_0353_Chips_라디오_일시정지상태_채널재생_확인 -->
        <test-method is-config="true" signature="BeforeMethod(java.lang.reflect.Method)[pri:0, instance:Chips_003_미디어_라디오.미디어_08_라디오@74287ea3]" started-at="2021-12-02T23:18:03 KST" name="BeforeMethod" finished-at="2021-12-02T23:18:03 KST" duration-ms="0" status="PASS">
          <params>
            <param index="0">
              <value>
                <![CDATA[public void Chips_003_미디어_라디오.미디어_08_라디오.TC_0353_Chips_라디오_일시정지상태_채널재생_확인(java.lang.reflect.Method) throws java.lang.Exception]]>
              </value>
            </param>
          </params>
          <reporter-output>
          </reporter-output>
        </test-method> <!-- BeforeMethod -->
        <test-method is-config="true" signature="AfterMethod(org.testng.ITestResult)[pri:0, instance:Chips_003_미디어_라디오.미디어_08_라디오@74287ea3]" started-at="2021-12-02T23:18:54 KST" name="AfterMethod" finished-at="2021-12-02T23:18:54 KST" duration-ms="1" status="PASS">
          <params>
            <param index="0">
              <value>
                <![CDATA[[TestResult name=TC_0353_Chips_라디오_일시정지상태_채널재생_확인 status=SUCCESS method=미디어_08_라디오.TC_0353_Chips_라디오_일시정지상태_채널재생_확인(java.lang.reflect.Method)[pri:0, instance:Chips_003_미디어_라디오.미디어_08_라디오@74287ea3] output={null}]]]>
              </value>
            </param>
          </params>
          <reporter-output>
          </reporter-output>
        </test-method> <!-- AfterMethod -->
        <test-method signature="TC_0354_Chips_라디오_일시정지상태_채널재생_확인(java.lang.reflect.Method)[pri:0, instance:Chips_003_미디어_라디오.미디어_08_라디오@74287ea3]" started-at="2021-12-02T23:18:54 KST" name="TC_0354_Chips_라디오_일시정지상태_채널재생_확인" description="칩스 리그레이션 TC : 실행_0354" finished-at="2021-12-02T23:19:39 KST" duration-ms="44715" status="PASS">
          <params>
            <param index="0">
              <value>
                <![CDATA[public void Chips_003_미디어_라디오.미디어_08_라디오.TC_0354_Chips_라디오_일시정지상태_채널재생_확인(java.lang.reflect.Method) throws java.lang.Exception]]>
              </value>
            </param>
          </params>
          <reporter-output>
          </reporter-output>
        </test-method> <!-- TC_0354_Chips_라디오_일시정지상태_채널재생_확인 -->
        <test-method is-config="true" signature="BeforeMethod(java.lang.reflect.Method)[pri:0, instance:Chips_003_미디어_라디오.미디어_08_라디오@74287ea3]" started-at="2021-12-02T23:18:54 KST" name="BeforeMethod" finished-at="2021-12-02T23:18:54 KST" duration-ms="0" status="PASS">
          <params>
            <param index="0">
              <value>
                <![CDATA[public void Chips_003_미디어_라디오.미디어_08_라디오.TC_0354_Chips_라디오_일시정지상태_채널재생_확인(java.lang.reflect.Method) throws java.lang.Exception]]>
              </value>
            </param>
          </params>
          <reporter-output>
          </reporter-output>
        </test-method> <!-- BeforeMethod -->
        <test-method is-config="true" signature="BeforeMethod(java.lang.reflect.Method)[pri:0, instance:Chips_003_미디어_라디오.미디어_08_라디오@74287ea3]" started-at="2021-12-02T23:19:39 KST" name="BeforeMethod" finished-at="2021-12-02T23:19:39 KST" duration-ms="1" status="PASS">
          <params>
            <param index="0">
              <value>
                <![CDATA[public void Chips_003_미디어_라디오.미디어_08_라디오.TC_0355_Chips_라디오_대기상태_채널목록_확인(java.lang.reflect.Method) throws java.lang.Exception]]>
              </value>
            </param>
          </params>
          <reporter-output>
          </reporter-output>
        </test-method> <!-- BeforeMethod -->
        <test-method is-config="true" signature="AfterMethod(org.testng.ITestResult)[pri:0, instance:Chips_003_미디어_라디오.미디어_08_라디오@74287ea3]" started-at="2021-12-02T23:19:39 KST" name="AfterMethod" finished-at="2021-12-02T23:19:39 KST" duration-ms="0" status="PASS">
          <params>
            <param index="0">
              <value>
                <![CDATA[[TestResult name=TC_0354_Chips_라디오_일시정지상태_채널재생_확인 status=SUCCESS method=미디어_08_라디오.TC_0354_Chips_라디오_일시정지상태_채널재생_확인(java.lang.reflect.Method)[pri:0, instance:Chips_003_미디어_라디오.미디어_08_라디오@74287ea3] output={null}]]]>
              </value>
            </param>
          </params>
          <reporter-output>
          </reporter-output>
        </test-method> <!-- AfterMethod -->
        <test-method signature="TC_0355_Chips_라디오_대기상태_채널목록_확인(java.lang.reflect.Method)[pri:0, instance:Chips_003_미디어_라디오.미디어_08_라디오@74287ea3]" started-at="2021-12-02T23:19:39 KST" name="TC_0355_Chips_라디오_대기상태_채널목록_확인" description="칩스 리그레이션 TC : 실행_0355" finished-at="2021-12-02T23:20:16 KST" duration-ms="36820" status="PASS">
          <params>
            <param index="0">
              <value>
                <![CDATA[public void Chips_003_미디어_라디오.미디어_08_라디오.TC_0355_Chips_라디오_대기상태_채널목록_확인(java.lang.reflect.Method) throws java.lang.Exception]]>
              </value>
            </param>
          </params>
          <reporter-output>
          </reporter-output>
        </test-method> <!-- TC_0355_Chips_라디오_대기상태_채널목록_확인 -->
        <test-method is-config="true" signature="AfterMethod(org.testng.ITestResult)[pri:0, instance:Chips_003_미디어_라디오.미디어_08_라디오@74287ea3]" started-at="2021-12-02T23:20:16 KST" name="AfterMethod" finished-at="2021-12-02T23:20:16 KST" duration-ms="0" status="PASS">
          <params>
            <param index="0">
              <value>
                <![CDATA[[TestResult name=TC_0355_Chips_라디오_대기상태_채널목록_확인 status=SUCCESS method=미디어_08_라디오.TC_0355_Chips_라디오_대기상태_채널목록_확인(java.lang.reflect.Method)[pri:0, instance:Chips_003_미디어_라디오.미디어_08_라디오@74287ea3] output={null}]]]>
              </value>
            </param>
          </params>
          <reporter-output>
          </reporter-output>
        </test-method> <!-- AfterMethod -->
        <test-method signature="TC_0356_Chips_라디오_대기상태_채널목록_확인(java.lang.reflect.Method)[pri:0, instance:Chips_003_미디어_라디오.미디어_08_라디오@74287ea3]" started-at="2021-12-02T23:20:16 KST" name="TC_0356_Chips_라디오_대기상태_채널목록_확인" description="칩스 리그레이션 TC : 실행_0356" finished-at="2021-12-02T23:20:41 KST" duration-ms="25134" status="PASS">
          <params>
            <param index="0">
              <value>
                <![CDATA[public void Chips_003_미디어_라디오.미디어_08_라디오.TC_0356_Chips_라디오_대기상태_채널목록_확인(java.lang.reflect.Method) throws java.lang.Exception]]>
              </value>
            </param>
          </params>
          <reporter-output>
          </reporter-output>
        </test-method> <!-- TC_0356_Chips_라디오_대기상태_채널목록_확인 -->
        <test-method is-config="true" signature="BeforeMethod(java.lang.reflect.Method)[pri:0, instance:Chips_003_미디어_라디오.미디어_08_라디오@74287ea3]" started-at="2021-12-02T23:20:16 KST" name="BeforeMethod" finished-at="2021-12-02T23:20:16 KST" duration-ms="0" status="PASS">
          <params>
            <param index="0">
              <value>
                <![CDATA[public void Chips_003_미디어_라디오.미디어_08_라디오.TC_0356_Chips_라디오_대기상태_채널목록_확인(java.lang.reflect.Method) throws java.lang.Exception]]>
              </value>
            </param>
          </params>
          <reporter-output>
          </reporter-output>
        </test-method> <!-- BeforeMethod -->
        <test-method is-config="true" signature="AfterMethod(org.testng.ITestResult)[pri:0, instance:Chips_003_미디어_라디오.미디어_08_라디오@74287ea3]" started-at="2021-12-02T23:20:41 KST" name="AfterMethod" finished-at="2021-12-02T23:20:41 KST" duration-ms="1" status="PASS">
          <params>
            <param index="0">
              <value>
                <![CDATA[[TestResult name=TC_0356_Chips_라디오_대기상태_채널목록_확인 status=SUCCESS method=미디어_08_라디오.TC_0356_Chips_라디오_대기상태_채널목록_확인(java.lang.reflect.Method)[pri:0, instance:Chips_003_미디어_라디오.미디어_08_라디오@74287ea3] output={null}]]]>
              </value>
            </param>
          </params>
          <reporter-output>
          </reporter-output>
        </test-method> <!-- AfterMethod -->
        <test-method signature="TC_0357_Chips_라디오_실행중_즐겨찾기_확인(java.lang.reflect.Method)[pri:0, instance:Chips_003_미디어_라디오.미디어_08_라디오@74287ea3]" started-at="2021-12-02T23:20:41 KST" name="TC_0357_Chips_라디오_실행중_즐겨찾기_확인" description="칩스 리그레이션 TC : 실행_0357" finished-at="2021-12-02T23:20:56 KST" duration-ms="14868" status="PASS">
          <params>
            <param index="0">
              <value>
                <![CDATA[public void Chips_003_미디어_라디오.미디어_08_라디오.TC_0357_Chips_라디오_실행중_즐겨찾기_확인(java.lang.reflect.Method) throws java.lang.Exception]]>
              </value>
            </param>
          </params>
          <reporter-output>
          </reporter-output>
        </test-method> <!-- TC_0357_Chips_라디오_실행중_즐겨찾기_확인 -->
        <test-method is-config="true" signature="BeforeMethod(java.lang.reflect.Method)[pri:0, instance:Chips_003_미디어_라디오.미디어_08_라디오@74287ea3]" started-at="2021-12-02T23:20:41 KST" name="BeforeMethod" finished-at="2021-12-02T23:20:41 KST" duration-ms="0" status="PASS">
          <params>
            <param index="0">
              <value>
                <![CDATA[public void Chips_003_미디어_라디오.미디어_08_라디오.TC_0357_Chips_라디오_실행중_즐겨찾기_확인(java.lang.reflect.Method) throws java.lang.Exception]]>
              </value>
            </param>
          </params>
          <reporter-output>
          </reporter-output>
        </test-method> <!-- BeforeMethod -->
        <test-method is-config="true" signature="AfterMethod(org.testng.ITestResult)[pri:0, instance:Chips_003_미디어_라디오.미디어_08_라디오@74287ea3]" started-at="2021-12-02T23:20:56 KST" name="AfterMethod" finished-at="2021-12-02T23:20:56 KST" duration-ms="3" status="PASS">
          <params>
            <param index="0">
              <value>
                <![CDATA[[TestResult name=TC_0357_Chips_라디오_실행중_즐겨찾기_확인 status=SUCCESS method=미디어_08_라디오.TC_0357_Chips_라디오_실행중_즐겨찾기_확인(java.lang.reflect.Method)[pri:0, instance:Chips_003_미디어_라디오.미디어_08_라디오@74287ea3] output={null}]]]>
              </value>
            </param>
          </params>
          <reporter-output>
          </reporter-output>
        </test-method> <!-- AfterMethod -->
        <test-method is-config="true" signature="BeforeMethod(java.lang.reflect.Method)[pri:0, instance:Chips_003_미디어_라디오.미디어_08_라디오@74287ea3]" started-at="2021-12-02T23:20:56 KST" name="BeforeMethod" finished-at="2021-12-02T23:20:56 KST" duration-ms="1" status="PASS">
          <params>
            <param index="0">
              <value>
                <![CDATA[public void Chips_003_미디어_라디오.미디어_08_라디오.TC_0358_Chips_라디오_즐겨찾기완료_즐겨찾기실행_확인(java.lang.reflect.Method) throws java.lang.Exception]]>
              </value>
            </param>
          </params>
          <reporter-output>
          </reporter-output>
        </test-method> <!-- BeforeMethod -->
        <test-method signature="TC_0358_Chips_라디오_즐겨찾기완료_즐겨찾기실행_확인(java.lang.reflect.Method)[pri:0, instance:Chips_003_미디어_라디오.미디어_08_라디오@74287ea3]" started-at="2021-12-02T23:20:56 KST" name="TC_0358_Chips_라디오_즐겨찾기완료_즐겨찾기실행_확인" description="칩스 리그레이션 TC : 실행_0358" finished-at="2021-12-02T23:21:01 KST" duration-ms="5148" status="PASS">
          <params>
            <param index="0">
              <value>
                <![CDATA[public void Chips_003_미디어_라디오.미디어_08_라디오.TC_0358_Chips_라디오_즐겨찾기완료_즐겨찾기실행_확인(java.lang.reflect.Method) throws java.lang.Exception]]>
              </value>
            </param>
          </params>
          <reporter-output>
          </reporter-output>
        </test-method> <!-- TC_0358_Chips_라디오_즐겨찾기완료_즐겨찾기실행_확인 -->
        <test-method is-config="true" signature="AfterMethod(org.testng.ITestResult)[pri:0, instance:Chips_003_미디어_라디오.미디어_08_라디오@74287ea3]" started-at="2021-12-02T23:21:01 KST" name="AfterMethod" finished-at="2021-12-02T23:21:01 KST" duration-ms="1" status="PASS">
          <params>
            <param index="0">
              <value>
                <![CDATA[[TestResult name=TC_0358_Chips_라디오_즐겨찾기완료_즐겨찾기실행_확인 status=SUCCESS method=미디어_08_라디오.TC_0358_Chips_라디오_즐겨찾기완료_즐겨찾기실행_확인(java.lang.reflect.Method)[pri:0, instance:Chips_003_미디어_라디오.미디어_08_라디오@74287ea3] output={null}]]]>
              </value>
            </param>
          </params>
          <reporter-output>
          </reporter-output>
        </test-method> <!-- AfterMethod -->
        <test-method is-config="true" signature="BeforeMethod(java.lang.reflect.Method)[pri:0, instance:Chips_003_미디어_라디오.미디어_08_라디오@74287ea3]" started-at="2021-12-02T23:21:01 KST" name="BeforeMethod" finished-at="2021-12-02T23:21:01 KST" duration-ms="0" status="PASS">
          <params>
            <param index="0">
              <value>
                <![CDATA[public void Chips_003_미디어_라디오.미디어_08_라디오.TC_0359_Chips_라디오_실행중_즐겨찾기해제_확인(java.lang.reflect.Method) throws java.lang.Exception]]>
              </value>
            </param>
          </params>
          <reporter-output>
          </reporter-output>
        </test-method> <!-- BeforeMethod -->
        <test-method signature="TC_0359_Chips_라디오_실행중_즐겨찾기해제_확인(java.lang.reflect.Method)[pri:0, instance:Chips_003_미디어_라디오.미디어_08_라디오@74287ea3]" started-at="2021-12-02T23:21:01 KST" name="TC_0359_Chips_라디오_실행중_즐겨찾기해제_확인" description="칩스 리그레이션 TC : 실행_0359" finished-at="2021-12-02T23:21:06 KST" duration-ms="5143" status="PASS">
          <params>
            <param index="0">
              <value>
                <![CDATA[public void Chips_003_미디어_라디오.미디어_08_라디오.TC_0359_Chips_라디오_실행중_즐겨찾기해제_확인(java.lang.reflect.Method) throws java.lang.Exception]]>
              </value>
            </param>
          </params>
          <reporter-output>
          </reporter-output>
        </test-method> <!-- TC_0359_Chips_라디오_실행중_즐겨찾기해제_확인 -->
        <test-method is-config="true" signature="BeforeMethod(java.lang.reflect.Method)[pri:0, instance:Chips_003_미디어_라디오.미디어_08_라디오@74287ea3]" started-at="2021-12-02T23:21:06 KST" name="BeforeMethod" finished-at="2021-12-02T23:21:06 KST" duration-ms="1" status="PASS">
          <params>
            <param index="0">
              <value>
                <![CDATA[public void Chips_003_미디어_라디오.미디어_08_라디오.TC_0360_Chips_라디오_즐겨찾기해제완료_즐겨찾기해제_확인(java.lang.reflect.Method) throws java.lang.Exception]]>
              </value>
            </param>
          </params>
          <reporter-output>
          </reporter-output>
        </test-method> <!-- BeforeMethod -->
        <test-method is-config="true" signature="AfterMethod(org.testng.ITestResult)[pri:0, instance:Chips_003_미디어_라디오.미디어_08_라디오@74287ea3]" started-at="2021-12-02T23:21:06 KST" name="AfterMethod" finished-at="2021-12-02T23:21:06 KST" duration-ms="0" status="PASS">
          <params>
            <param index="0">
              <value>
                <![CDATA[[TestResult name=TC_0359_Chips_라디오_실행중_즐겨찾기해제_확인 status=SUCCESS method=미디어_08_라디오.TC_0359_Chips_라디오_실행중_즐겨찾기해제_확인(java.lang.reflect.Method)[pri:0, instance:Chips_003_미디어_라디오.미디어_08_라디오@74287ea3] output={null}]]]>
              </value>
            </param>
          </params>
          <reporter-output>
          </reporter-output>
        </test-method> <!-- AfterMethod -->
        <test-method signature="TC_0360_Chips_라디오_즐겨찾기해제완료_즐겨찾기해제_확인(java.lang.reflect.Method)[pri:0, instance:Chips_003_미디어_라디오.미디어_08_라디오@74287ea3]" started-at="2021-12-02T23:21:06 KST" name="TC_0360_Chips_라디오_즐겨찾기해제완료_즐겨찾기해제_확인" description="칩스 리그레이션 TC : 실행_0360" finished-at="2021-12-02T23:21:15 KST" duration-ms="9210" status="PASS">
          <params>
            <param index="0">
              <value>
                <![CDATA[public void Chips_003_미디어_라디오.미디어_08_라디오.TC_0360_Chips_라디오_즐겨찾기해제완료_즐겨찾기해제_확인(java.lang.reflect.Method) throws java.lang.Exception]]>
              </value>
            </param>
          </params>
          <reporter-output>
          </reporter-output>
        </test-method> <!-- TC_0360_Chips_라디오_즐겨찾기해제완료_즐겨찾기해제_확인 -->
        <test-method is-config="true" signature="AfterMethod(org.testng.ITestResult)[pri:0, instance:Chips_003_미디어_라디오.미디어_08_라디오@74287ea3]" started-at="2021-12-02T23:21:15 KST" name="AfterMethod" finished-at="2021-12-02T23:21:15 KST" duration-ms="1" status="PASS">
          <params>
            <param index="0">
              <value>
                <![CDATA[[TestResult name=TC_0360_Chips_라디오_즐겨찾기해제완료_즐겨찾기해제_확인 status=SUCCESS method=미디어_08_라디오.TC_0360_Chips_라디오_즐겨찾기해제완료_즐겨찾기해제_확인(java.lang.reflect.Method)[pri:0, instance:Chips_003_미디어_라디오.미디어_08_라디오@74287ea3] output={null}]]]>
              </value>
            </param>
          </params>
          <reporter-output>
          </reporter-output>
        </test-method> <!-- AfterMethod -->
        <test-method is-config="true" signature="tearDownClass(java.lang.String,java.lang.String,java.lang.String,java.lang.String,java.lang.String,java.lang.String,java.lang.String,java.lang.String,java.lang.String,java.lang.String,java.lang.String,java.lang.String)[pri:0, instance:Chips_003_미디어_라디오.미디어_08_라디오@74287ea3]" started-at="2021-12-02T23:21:15 KST" name="tearDownClass" finished-at="2021-12-02T23:21:20 KST" duration-ms="4388" status="PASS">
          <params>
            <param index="0">
              <value>
                <![CDATA[STG]]>
              </value>
            </param>
            <param index="1">
              <value>
                <![CDATA[Chips]]>
              </value>
            </param>
            <param index="2">
              <value>
                <![CDATA[out]]>
              </value>
            </param>
            <param index="3">
              <value>
                <![CDATA[R33M4000CY]]>
              </value>
            </param>
            <param index="4">
              <value>
                <![CDATA[ALDF3NYA6C0D0C654DD2]]>
              </value>
            </param>
            <param index="5">
              <value>
                <![CDATA[ALDF5TR5SNGZ8175DA16]]>
              </value>
            </param>
            <param index="6">
              <value>
                <![CDATA[ALDFH3D1Q7W6071EFE41]]>
              </value>
            </param>
            <param index="7">
              <value>
                <![CDATA[ALDFH6OQ9HG79986A4FA]]>
              </value>
            </param>
            <param index="8">
              <value>
                <![CDATA[ALDFHFMQC3RB935B4B02]]>
              </value>
            </param>
            <param index="9">
              <value>
                <![CDATA[ALDFHFMSG34WDF6CD40E]]>
              </value>
            </param>
            <param index="10">
              <value>
                <![CDATA[ALDFHDFEBVOC7F098039]]>
              </value>
            </param>
            <param index="11">
              <value>
                <![CDATA[ALDG3Q4IA9EW3633F8EA]]>
              </value>
            </param>
          </params>
          <reporter-output>
          </reporter-output>
        </test-method> <!-- tearDownClass -->
      </class> <!-- Chips_003_미디어_라디오.미디어_08_라디오 -->
    </test> <!-- Test_Project -->
  </suite> <!-- ExtentReport -->
</testng-results>
